 Intel(R) Xeon(R) Silver 4110 CPU @ 2.10GHz
 Intel(R) Xeon(R) Silver 4110 CPU @ 2.10GHz
 Intel(R) Xeon(R) Silver 4110 CPU @ 2.10GHz
 Intel(R) Xeon(R) Silver 4110 CPU @ 2.10GHz
 Intel(R) Xeon(R) Silver 4110 CPU @ 2.10GHz
 Intel(R) Xeon(R) Silver 4110 CPU @ 2.10GHz
 Intel(R) Xeon(R) Silver 4110 CPU @ 2.10GHz
 Intel(R) Xeon(R) Silver 4110 CPU @ 2.10GHz
CentOS   7.6.1810  
15
100G
localhost.localdomain
0.09 0.04 0.05
cpu(usr+sys)    .8
memary usage %       20.0%
swaps    0
swappiness   1
1%
await svctm %util
20.12 0.86 0.00
1.26 0.48 0.01
1.38 0.48 0.01
0.54 0.42 0.00
4.71 4.55 0.00
1.89 0.80 0.00
  
4.0.13
6379
/app/redis/base/4.0.13
dir                                       /app/redis/data/6379                
8589934592
noeviction
databases                                 16
save                                      " "
bind                                      0.0.0.0
requirepass                               "redis_123"
daemonize                                 yes
loglevel                                  notice
role:slave
slaveof ipmaster_host:10.80.88.79
slaveof port master_port:6379
