 Intel(R) Xeon(R) Silver 4110 CPU @ 2.10GHz
 Intel(R) Xeon(R) Silver 4110 CPU @ 2.10GHz
 Intel(R) Xeon(R) Silver 4110 CPU @ 2.10GHz
 Intel(R) Xeon(R) Silver 4110 CPU @ 2.10GHz
 Intel(R) Xeon(R) Silver 4110 CPU @ 2.10GHz
 Intel(R) Xeon(R) Silver 4110 CPU @ 2.10GHz
 Intel(R) Xeon(R) Silver 4110 CPU @ 2.10GHz
 Intel(R) Xeon(R) Silver 4110 CPU @ 2.10GHz
CentOS   7.6.1810  
15
500G
localhost.localdomain
0.02 0.04 0.05
cpu(usr+sys)    0
memary usage %       30.0%
swaps    0
swappiness   1
1%
await svctm %util
36.25 36.25 0.00
0.92 0.41 0.01
37.88 0.92 0.00
1.01 0.41 0.01
0.99 0.85 0.00
1.15 1.11 0.00
0.93 0.51 0.00
  
4.0.13
6379
/data/redis/base/4.0.13
dir "/data/redis/data/6379"
8589934592
noeviction
databases 16
bind 0.0.0.0
requirepass "redis_123"
daemonize yes
loglevel notice
role:master
slaveof ipslaveof port 