 Intel(R) Xeon(R) CPU E5-2609 v3 @ 1.90GHz
 Intel(R) Xeon(R) CPU E5-2609 v3 @ 1.90GHz
 Intel(R) Xeon(R) CPU E5-2609 v3 @ 1.90GHz
 Intel(R) Xeon(R) CPU E5-2609 v3 @ 1.90GHz
 Intel(R) Xeon(R) CPU E5-2609 v3 @ 1.90GHz
 Intel(R) Xeon(R) CPU E5-2609 v3 @ 1.90GHz
 Intel(R) Xeon(R) CPU E5-2609 v3 @ 1.90GHz
 Intel(R) Xeon(R) CPU E5-2609 v3 @ 1.90GHz
CentOS   7.6.1810  
15
100G
localhost.localdomain
0.16 0.05 0.06
cpu(usr+sys)    .8
memary usage %       20.0%
swaps    0
swappiness   1
1%
await svctm %util
2.77 0.72 0.00
28.02 1.62 0.00
3.72 0.62 0.00
0.59 0.41 0.00
1.59 1.45 0.00
5.41 2.97 0.00
  
5.0.9
6379
/app/redis/base/5.0.9
dir                                       /app/redis/data/6379                
8589934592
noeviction
databases                                 16
save                                      " "
bind                                      0.0.0.0
requirepass                               "AY*s23y7"
daemonize                                 yes
loglevel                                  notice
role:master
slaveof ipslaveof port 