 Intel(R) Xeon(R) CPU E5-2609 v3 @ 1.90GHz
 Intel(R) Xeon(R) CPU E5-2609 v3 @ 1.90GHz
 Intel(R) Xeon(R) CPU E5-2609 v3 @ 1.90GHz
 Intel(R) Xeon(R) CPU E5-2609 v3 @ 1.90GHz
Red Hat Enterprise  Server  6.4 (Santiago)
7
99G
localhost.localdomain
0.24 0.09 0.02
cpu(usr+sys)    memary usage %       scale=1;100 - /8052736*100%
swaps    0
swappiness   5
3%
await svctm %util
1.64 0.86 0.02
84.66 2.07 0.15
4.29 0.51 0.02
0.84 0.76 0.00
4.31 0.65 0.00
53.67 0.41 0.00
  
4.0.13
6380
/app/redis
dir /app/redis/redis6380
0
noeviction
databases    16
save 900 1
save 300 10
save 60 10000
bind         0.0.0.0
requirepass AxYr731ZRW4g
daemonize    yes
loglevel        notice
role:master
slaveof ipslaveof port 