 Intel(R) Xeon(R) CPU E5-2609 v3 @ 1.90GHz
 Intel(R) Xeon(R) CPU E5-2609 v3 @ 1.90GHz
 Intel(R) Xeon(R) CPU E5-2609 v3 @ 1.90GHz
 Intel(R) Xeon(R) CPU E5-2609 v3 @ 1.90GHz
Red Hat Enterprise  Server  6.4 (Santiago)
7
99G
localhost.localdomain
0.43 0.13 0.04
cpu(usr+sys)    memary usage %       %
swaps    0
swappiness   5
2%
await svctm %util
1.47 0.87 0.02
89.44 2.11 0.15
4.57 0.52 0.02
1.69 1.61 0.00
3.98 0.59 0.00
70.44 0.49 0.00
  
4.0.13
6379
/app/redis
dir "/app/redis/redis6379"
0
noeviction
databases 16
save 900 1
save 300 10
save 60 10000
bind 0.0.0.0
requirepass AxYr731ZRW4g
daemonize yes
loglevel notice
role:master
slaveof 