======host meta information
=====uptime===============================
 14:53:39 up 483 days, 23:08,  1 user,  load average: 0.16, 0.12, 0.08
======ip=================================
1: lo: <LOOPBACK,UP,LOWER_UP> mtu 65536 qdisc noqueue state UNKNOWN qlen 1000
    link/loopback 00:00:00:00:00:00 brd 00:00:00:00:00:00
    inet 127.0.0.1/8 scope host lo
       valid_lft forever preferred_lft forever
    inet6 ::1/128 scope host 
       valid_lft forever preferred_lft forever
2: ens192: <BROADCAST,MULTICAST,UP,LOWER_UP> mtu 1500 qdisc mq state UP qlen 1000
    link/ether 00:50:56:be:7f:86 brd ff:ff:ff:ff:ff:ff
    inet 10.100.8.186/24 brd 10.100.8.255 scope global noprefixroute ens192
       valid_lft forever preferred_lft forever
    inet6 fe80::250:56ff:febe:7f86/64 scope link 
       valid_lft forever preferred_lft forever
======hostname============================
localhost.default
======os version============================
\S
Kernel \r on an \m

======kernel version=========================
Linux localhost.default 3.10.0-957.10.1.el7.x86_64 #1 SMP Thu Feb 7 07:12:53 UTC 2019 x86_64 x86_64 x86_64 GNU/Linux
======mysql version=========================
======mysql client==========================
mysql  Ver 14.14 Distrib 5.7.24, for linux-glibc2.12 (x86_64) using  EditLine wrapper
======mysql instance========================
tcp6       0      0 :::3306                 :::*                    LISTEN      21871/mysqld        
unix  2      [ ACC ]     STREAM     LISTENING     171147   21871/mysqld         /data/mysql/data/mysql.sock
======memory&swap========================
              total        used        free      shared  buff/cache   available
Mem:          16037        1986        9778         389        4273       13273
Swap:          8063           0        8063
======physical cpu==========================
2
======cores per physical cpu====================
cpu cores	: 2
======processor============================
4
======cpu version===========================
 Intel(R) Xeon(R) CPU E5-2630 v3 @ 2.40GHz
======disk info=============================
Filesystem            Type      Size  Used Avail Use% Mounted on
/dev/mapper/rhel-root xfs        50G  7.6G   43G  16% /
devtmpfs              devtmpfs  7.9G     0  7.9G   0% /dev
tmpfs                 tmpfs     7.9G   84K  7.9G   1% /dev/shm
tmpfs                 tmpfs     7.9G  386M  7.5G   5% /run
tmpfs                 tmpfs     7.9G     0  7.9G   0% /sys/fs/cgroup
/dev/sdb              xfs       100G  3.9G   97G   4% /data
/dev/sda1             xfs      1014M  242M  773M  24% /boot
/dev/mapper/rhel-home xfs        21G   53M   21G   1% /home
/dev/mapper/rhel-tmp  xfs       3.0G   33M  3.0G   2% /tmp
tmpfs                 tmpfs     1.6G   12K  1.6G   1% /run/user/42
tmpfs                 tmpfs     1.6G     0  1.6G   0% /run/user/0
======numa mount========================
0
======io stat===============================
Linux 3.10.0-957.10.1.el7.x86_64 (localhost.default) 	07/15/2021 	_x86_64_	(4 CPU)

avg-cpu:  %user   %nice %system %iowait  %steal   %idle
           0.64    0.00    0.04    0.00    0.00   99.31

Device:         rrqm/s   wrqm/s     r/s     w/s    rMB/s    wMB/s avgrq-sz avgqu-sz   await r_await w_await  svctm  %util
sda               0.00     0.01    0.00    0.05     0.00     0.00    16.71     0.00    0.61    2.89    0.59   0.17   0.00
sdb               0.00     0.00    0.00    0.01     0.00     0.00    29.58     0.00    4.26    0.96    4.27   0.14   0.00
dm-0              0.00     0.00    0.00    0.06     0.00     0.00    15.15     0.00    0.60    3.38    0.58   0.15   0.00
dm-1              0.00     0.00    0.00    0.00     0.00     0.00    47.40     0.00    0.45    0.45    0.00   0.37   0.00
dm-2              0.00     0.00    0.00    0.00     0.00     0.00    62.00     0.00    2.61    0.50    3.85   0.40   0.00
dm-3              0.00     0.00    0.00    0.00     0.00     0.00    11.54     0.00    0.33    0.55    0.32   0.14   0.00

avg-cpu:  %user   %nice %system %iowait  %steal   %idle
           1.08    0.00    0.03    0.00    0.00   98.90

Device:         rrqm/s   wrqm/s     r/s     w/s    rMB/s    wMB/s avgrq-sz avgqu-sz   await r_await w_await  svctm  %util
sda               0.00     0.00    0.00    1.50     0.00     0.14   193.07     0.00    0.60    0.00    0.60   0.20   0.03
sdb               0.00     0.00    0.00    0.00     0.00     0.00     0.00     0.00    0.00    0.00    0.00   0.00   0.00
dm-0              0.00     0.00    0.00    1.50     0.00     0.14   193.07     0.00    0.60    0.00    0.60   0.20   0.03
dm-1              0.00     0.00    0.00    0.00     0.00     0.00     0.00     0.00    0.00    0.00    0.00   0.00   0.00
dm-2              0.00     0.00    0.00    0.00     0.00     0.00     0.00     0.00    0.00    0.00    0.00   0.00   0.00
dm-3              0.00     0.00    0.00    0.00     0.00     0.00     0.00     0.00    0.00    0.00    0.00   0.00   0.00

avg-cpu:  %user   %nice %system %iowait  %steal   %idle
           1.30    0.00    0.10    0.00    0.00   98.60

Device:         rrqm/s   wrqm/s     r/s     w/s    rMB/s    wMB/s avgrq-sz avgqu-sz   await r_await w_await  svctm  %util
sda               0.00     0.20    0.00    1.60     0.00     0.02    19.44     0.00    0.81    0.00    0.81   0.12   0.02
sdb               0.00     0.00    0.00    0.00     0.00     0.00     0.00     0.00    0.00    0.00    0.00   0.00   0.00
dm-0              0.00     0.00    0.00    1.50     0.00     0.01    20.27     0.00    0.93    0.00    0.93   0.07   0.01
dm-1              0.00     0.00    0.00    0.00     0.00     0.00     0.00     0.00    0.00    0.00    0.00   0.00   0.00
dm-2              0.00     0.00    0.00    0.00     0.00     0.00     0.00     0.00    0.00    0.00    0.00   0.00   0.00
dm-3              0.00     0.00    0.00    0.10     0.00     0.00     4.00     0.00    0.00    0.00    0.00   0.00   0.00

avg-cpu:  %user   %nice %system %iowait  %steal   %idle
           1.18    0.00    0.05    0.00    0.00   98.77

Device:         rrqm/s   wrqm/s     r/s     w/s    rMB/s    wMB/s avgrq-sz avgqu-sz   await r_await w_await  svctm  %util
sda               0.00     0.00    0.00    0.10     0.00     0.00    16.00     0.00    0.00    0.00    0.00   0.00   0.00
sdb               0.00     0.00    0.00    0.00     0.00     0.00     0.00     0.00    0.00    0.00    0.00   0.00   0.00
dm-0              0.00     0.00    0.00    0.00     0.00     0.00     0.00     0.00    0.00    0.00    0.00   0.00   0.00
dm-1              0.00     0.00    0.00    0.00     0.00     0.00     0.00     0.00    0.00    0.00    0.00   0.00   0.00
dm-2              0.00     0.00    0.00    0.00     0.00     0.00     0.00     0.00    0.00    0.00    0.00   0.00   0.00
dm-3              0.00     0.00    0.00    0.10     0.00     0.00    16.00     0.00    0.00    0.00    0.00   0.00   0.00

avg-cpu:  %user   %nice %system %iowait  %steal   %idle
           1.20    0.00    0.00    0.00    0.00   98.80

Device:         rrqm/s   wrqm/s     r/s     w/s    rMB/s    wMB/s avgrq-sz avgqu-sz   await r_await w_await  svctm  %util
sda               0.00     0.00    0.00    0.00     0.00     0.00     0.00     0.00    0.00    0.00    0.00   0.00   0.00
sdb               0.00     0.00    0.00    0.00     0.00     0.00     0.00     0.00    0.00    0.00    0.00   0.00   0.00
dm-0              0.00     0.00    0.00    0.00     0.00     0.00     0.00     0.00    0.00    0.00    0.00   0.00   0.00
dm-1              0.00     0.00    0.00    0.00     0.00     0.00     0.00     0.00    0.00    0.00    0.00   0.00   0.00
dm-2              0.00     0.00    0.00    0.00     0.00     0.00     0.00     0.00    0.00    0.00    0.00   0.00   0.00
dm-3              0.00     0.00    0.00    0.00     0.00     0.00     0.00     0.00    0.00    0.00    0.00   0.00   0.00

avg-cpu:  %user   %nice %system %iowait  %steal   %idle
           1.08    0.00    0.05    0.00    0.00   98.87

Device:         rrqm/s   wrqm/s     r/s     w/s    rMB/s    wMB/s avgrq-sz avgqu-sz   await r_await w_await  svctm  %util
sda               0.00     0.10    0.00    2.30     0.00     0.03    26.04     0.00    0.74    0.00    0.74   0.09   0.02
sdb               0.00     0.00    0.00    0.00     0.00     0.00     0.00     0.00    0.00    0.00    0.00   0.00   0.00
dm-0              0.00     0.00    0.00    1.70     0.00     0.03    32.00     0.00    1.00    0.00    1.00   0.06   0.01
dm-1              0.00     0.00    0.00    0.00     0.00     0.00     0.00     0.00    0.00    0.00    0.00   0.00   0.00
dm-2              0.00     0.00    0.00    0.00     0.00     0.00     0.00     0.00    0.00    0.00    0.00   0.00   0.00
dm-3              0.00     0.00    0.00    0.50     0.00     0.00    10.40     0.00    0.00    0.00    0.00   0.00   0.00

avg-cpu:  %user   %nice %system %iowait  %steal   %idle
           1.18    0.00    0.05    0.00    0.00   98.77

Device:         rrqm/s   wrqm/s     r/s     w/s    rMB/s    wMB/s avgrq-sz avgqu-sz   await r_await w_await  svctm  %util
sda               0.00     0.00    0.00    0.00     0.00     0.00     0.00     0.00    0.00    0.00    0.00   0.00   0.00
sdb               0.00     0.00    0.00    0.00     0.00     0.00     0.00     0.00    0.00    0.00    0.00   0.00   0.00
dm-0              0.00     0.00    0.00    0.00     0.00     0.00     0.00     0.00    0.00    0.00    0.00   0.00   0.00
dm-1              0.00     0.00    0.00    0.00     0.00     0.00     0.00     0.00    0.00    0.00    0.00   0.00   0.00
dm-2              0.00     0.00    0.00    0.00     0.00     0.00     0.00     0.00    0.00    0.00    0.00   0.00   0.00
dm-3              0.00     0.00    0.00    0.00     0.00     0.00     0.00     0.00    0.00    0.00    0.00   0.00   0.00

avg-cpu:  %user   %nice %system %iowait  %steal   %idle
           1.20    0.00    0.05    0.00    0.00   98.75

Device:         rrqm/s   wrqm/s     r/s     w/s    rMB/s    wMB/s avgrq-sz avgqu-sz   await r_await w_await  svctm  %util
sda               0.00     0.00    0.00    0.20     0.00     0.00     8.00     0.00    0.00    0.00    0.00   0.00   0.00
sdb               0.00     0.00    0.00    0.00     0.00     0.00     0.00     0.00    0.00    0.00    0.00   0.00   0.00
dm-0              0.00     0.00    0.00    0.00     0.00     0.00     0.00     0.00    0.00    0.00    0.00   0.00   0.00
dm-1              0.00     0.00    0.00    0.00     0.00     0.00     0.00     0.00    0.00    0.00    0.00   0.00   0.00
dm-2              0.00     0.00    0.00    0.00     0.00     0.00     0.00     0.00    0.00    0.00    0.00   0.00   0.00
dm-3              0.00     0.00    0.00    0.20     0.00     0.00     8.00     0.00    0.00    0.00    0.00   0.00   0.00

avg-cpu:  %user   %nice %system %iowait  %steal   %idle
           1.25    0.00    0.10    0.00    0.00   98.65

Device:         rrqm/s   wrqm/s     r/s     w/s    rMB/s    wMB/s avgrq-sz avgqu-sz   await r_await w_await  svctm  %util
sda               0.00     0.00    0.00    0.30     0.00     0.00     2.00     0.00    0.33    0.00    0.33   0.33   0.01
sdb               0.00     0.00    0.00    0.00     0.00     0.00     0.00     0.00    0.00    0.00    0.00   0.00   0.00
dm-0              0.00     0.00    0.00    0.20     0.00     0.00     1.50     0.00    0.50    0.00    0.50   0.50   0.01
dm-1              0.00     0.00    0.00    0.00     0.00     0.00     0.00     0.00    0.00    0.00    0.00   0.00   0.00
dm-2              0.00     0.00    0.00    0.00     0.00     0.00     0.00     0.00    0.00    0.00    0.00   0.00   0.00
dm-3              0.00     0.00    0.00    0.10     0.00     0.00     3.00     0.00    0.00    0.00    0.00   0.00   0.00

avg-cpu:  %user   %nice %system %iowait  %steal   %idle
           1.28    0.00    0.18    0.00    0.00   98.55

Device:         rrqm/s   wrqm/s     r/s     w/s    rMB/s    wMB/s avgrq-sz avgqu-sz   await r_await w_await  svctm  %util
sda               0.00     0.00    0.00    0.30     0.00     0.00     8.00     0.00    0.00    0.00    0.00   0.00   0.00
sdb               0.00     0.00    0.00    0.00     0.00     0.00     0.00     0.00    0.00    0.00    0.00   0.00   0.00
dm-0              0.00     0.00    0.00    0.30     0.00     0.00     8.00     0.00    0.00    0.00    0.00   0.00   0.00
dm-1              0.00     0.00    0.00    0.00     0.00     0.00     0.00     0.00    0.00    0.00    0.00   0.00   0.00
dm-2              0.00     0.00    0.00    0.00     0.00     0.00     0.00     0.00    0.00    0.00    0.00   0.00   0.00
dm-3              0.00     0.00    0.00    0.00     0.00     0.00     0.00     0.00    0.00    0.00    0.00   0.00   0.00

======vmstat======
procs -----------memory---------- ---swap-- -----io---- -system-- ------cpu-----
 r  b   swpd   free   buff  cache   si   so    bi    bo   in   cs us sy id wa st
 0  0      0 10012524   2224 4373428    0    0     0     0    0    0  1  0 99  0  0
 0  0      0 10012700   2224 4373380    0    0     0     0  147  165  1  0 99  0  0
 0  0      0 10012700   2224 4373380    0    0     0     0  115  128  1  0 99  0  0
 0  0      0 10012700   2224 4373380    0    0     0     0  115  133  1  0 99  0  0
 0  0      0 10012700   2224 4373380    0    0     0     0  125  139  1  0 99  0  0
 0  0      0 10012700   2224 4373380    0    0     0     0  125  142  1  0 99  0  0
 0  0      0 10012700   2224 4373380    0    0     0     0  121  136  1  0 99  0  0
 0  0      0 10012700   2224 4373380    0    0     0     0  369  469  1  0 99  0  0
 0  0      0 10012668   2224 4373380    0    0     0     0  147  155  1  0 99  0  0
 0  0      0 10012668   2224 4373380    0    0     0     0  122  141  1  0 99  0  0
====dstat===
You did not select any stats, using -cdngy by default.
[7l----total-cpu-usage---- -dsk/total- -net/total- ---paging-- ---system--
usr sys idl wai hiq siq| read  writ| recv  send|  in   out | int   csw 
  1   0  99   0   0   0|  14B  566B|   0     0 |   0     0 |  89   102 
  1   0  99   0   0   0|   0  8192B|   0     0 |   0     0 | 126   139 
  1   0  99   0   0   0|   0     0 |   0     0 |   0     0 | 153   161 
  1   0  99   0   0   0|   0  1536B|  98B   98B|   0     0 | 119   147 
  1   0  99   0   0   0|   0     0 |  98B   98B|   0     0 | 123   137 
  1   0  99   0   0   0|   0     0 |  98B   98B|   0     0 | 124   137 
  1   0  99   0   0   0|   0     0 |  60B    0 |   0     0 | 123   133 
  1   0  99   0   0   0|   0     0 |   0     0 |   0     0 | 124   139 
  1   0  99   0   0   0|   0     0 |   0     0 |   0     0 | 118   131 
  1   0  99   0   0   0|   0     0 |   0     0 |   0     0 | 119   132 
  1   0  99   0   0   0|   0    64k|   0     0 |   0     0 | 137   168 
======system log============================
Jul 11 03:27:01 localhost rsyslogd: [origin software="rsyslogd" swVersion="7.4.7" x-pid="8674" x-info="http://www.rsyslog.com"] rsyslogd was HUPed
Jul 11 03:27:02 localhost rhsmd: In order for Subscription Manager to provide your system with updates, your system must be registered with the Customer Portal. Please enter your Red Hat login to ensure your system is up-to-date.
Jul 11 03:30:01 localhost systemd: Started Session 81231 of user root.
Jul 11 03:40:01 localhost systemd: Started Session 81232 of user root.
Jul 11 03:50:01 localhost systemd: Started Session 81233 of user root.
Jul 11 04:00:01 localhost systemd: Started Session 81234 of user root.
Jul 11 04:01:01 localhost systemd: Started Session 81235 of user root.
Jul 11 04:10:01 localhost systemd: Started Session 81236 of user root.
Jul 11 04:20:01 localhost systemd: Started Session 81237 of user root.
Jul 11 04:30:01 localhost systemd: Started Session 81238 of user root.
Jul 11 04:40:01 localhost systemd: Started Session 81239 of user root.
Jul 11 04:50:01 localhost systemd: Started Session 81240 of user root.
Jul 11 05:00:01 localhost systemd: Started Session 81241 of user root.
Jul 11 05:01:01 localhost systemd: Started Session 81242 of user root.
Jul 11 05:10:01 localhost systemd: Started Session 81243 of user root.
Jul 11 05:20:01 localhost systemd: Started Session 81244 of user root.
Jul 11 05:30:01 localhost systemd: Started Session 81245 of user root.
Jul 11 05:40:01 localhost systemd: Started Session 81246 of user root.
Jul 11 05:50:01 localhost systemd: Started Session 81247 of user root.
Jul 11 06:00:01 localhost systemd: Started Session 81248 of user root.
Jul 11 06:01:01 localhost systemd: Started Session 81249 of user root.
Jul 11 06:10:01 localhost systemd: Started Session 81250 of user root.
Jul 11 06:20:01 localhost systemd: Started Session 81251 of user root.
Jul 11 06:30:01 localhost systemd: Started Session 81252 of user root.
Jul 11 06:40:01 localhost systemd: Started Session 81253 of user root.
Jul 11 06:50:01 localhost systemd: Started Session 81254 of user root.
Jul 11 07:00:01 localhost systemd: Started Session 81255 of user root.
Jul 11 07:01:01 localhost systemd: Started Session 81256 of user root.
Jul 11 07:10:01 localhost systemd: Started Session 81257 of user root.
Jul 11 07:20:01 localhost systemd: Started Session 81258 of user root.
Jul 11 07:30:01 localhost systemd: Started Session 81259 of user root.
Jul 11 07:40:01 localhost systemd: Started Session 81260 of user root.
Jul 11 07:50:01 localhost systemd: Started Session 81261 of user root.
Jul 11 08:00:01 localhost systemd: Started Session 81262 of user root.
Jul 11 08:01:01 localhost systemd: Started Session 81263 of user root.
Jul 11 08:10:01 localhost systemd: Started Session 81264 of user root.
Jul 11 08:20:01 localhost systemd: Started Session 81265 of user root.
Jul 11 08:30:01 localhost systemd: Started Session 81266 of user root.
Jul 11 08:40:01 localhost systemd: Started Session 81267 of user root.
Jul 11 08:50:01 localhost systemd: Started Session 81268 of user root.
Jul 11 09:00:01 localhost systemd: Started Session 81269 of user root.
Jul 11 09:01:01 localhost systemd: Started Session 81270 of user root.
Jul 11 09:10:01 localhost systemd: Started Session 81271 of user root.
Jul 11 09:20:01 localhost systemd: Started Session 81272 of user root.
Jul 11 09:30:01 localhost systemd: Started Session 81273 of user root.
Jul 11 09:40:01 localhost systemd: Started Session 81274 of user root.
Jul 11 09:50:01 localhost systemd: Started Session 81275 of user root.
Jul 11 10:00:01 localhost systemd: Started Session 81276 of user root.
Jul 11 10:01:01 localhost systemd: Started Session 81277 of user root.
Jul 11 10:10:01 localhost systemd: Started Session 81278 of user root.
Jul 11 10:20:01 localhost systemd: Started Session 81279 of user root.
Jul 11 10:30:01 localhost systemd: Started Session 81280 of user root.
Jul 11 10:40:01 localhost systemd: Started Session 81281 of user root.
Jul 11 10:50:01 localhost systemd: Started Session 81282 of user root.
Jul 11 11:00:01 localhost systemd: Started Session 81283 of user root.
Jul 11 11:01:01 localhost systemd: Started Session 81284 of user root.
Jul 11 11:10:01 localhost systemd: Started Session 81285 of user root.
Jul 11 11:20:01 localhost systemd: Started Session 81286 of user root.
Jul 11 11:30:01 localhost systemd: Started Session 81287 of user root.
Jul 11 11:40:01 localhost systemd: Started Session 81288 of user root.
Jul 11 11:50:01 localhost systemd: Started Session 81289 of user root.
Jul 11 12:00:01 localhost systemd: Started Session 81290 of user root.
Jul 11 12:01:01 localhost systemd: Started Session 81291 of user root.
Jul 11 12:10:01 localhost systemd: Started Session 81292 of user root.
Jul 11 12:20:01 localhost systemd: Started Session 81293 of user root.
Jul 11 12:30:01 localhost systemd: Started Session 81294 of user root.
Jul 11 12:40:01 localhost systemd: Started Session 81295 of user root.
Jul 11 12:50:01 localhost systemd: Started Session 81296 of user root.
Jul 11 13:00:01 localhost systemd: Started Session 81297 of user root.
Jul 11 13:01:01 localhost systemd: Started Session 81298 of user root.
Jul 11 13:10:01 localhost systemd: Started Session 81299 of user root.
Jul 11 13:20:01 localhost systemd: Started Session 81300 of user root.
Jul 11 13:30:01 localhost systemd: Started Session 81301 of user root.
Jul 11 13:40:02 localhost systemd: Started Session 81302 of user root.
Jul 11 13:50:01 localhost systemd: Started Session 81303 of user root.
Jul 11 14:00:01 localhost systemd: Started Session 81304 of user root.
Jul 11 14:01:01 localhost systemd: Started Session 81305 of user root.
Jul 11 14:10:01 localhost systemd: Started Session 81306 of user root.
Jul 11 14:20:01 localhost systemd: Started Session 81307 of user root.
Jul 11 14:30:01 localhost systemd: Started Session 81308 of user root.
Jul 11 14:40:01 localhost systemd: Started Session 81309 of user root.
Jul 11 14:50:01 localhost systemd: Started Session 81310 of user root.
Jul 11 15:00:01 localhost systemd: Started Session 81311 of user root.
Jul 11 15:01:01 localhost systemd: Started Session 81312 of user root.
Jul 11 15:10:01 localhost systemd: Started Session 81313 of user root.
Jul 11 15:20:01 localhost systemd: Started Session 81314 of user root.
Jul 11 15:30:01 localhost systemd: Started Session 81315 of user root.
Jul 11 15:40:01 localhost systemd: Started Session 81316 of user root.
Jul 11 15:50:01 localhost systemd: Started Session 81317 of user root.
Jul 11 16:00:01 localhost systemd: Started Session 81318 of user root.
Jul 11 16:01:01 localhost systemd: Started Session 81319 of user root.
Jul 11 16:10:01 localhost systemd: Started Session 81320 of user root.
Jul 11 16:20:01 localhost systemd: Started Session 81321 of user root.
Jul 11 16:30:01 localhost systemd: Started Session 81322 of user root.
Jul 11 16:40:01 localhost systemd: Started Session 81323 of user root.
Jul 11 16:50:01 localhost systemd: Started Session 81324 of user root.
Jul 11 17:00:01 localhost systemd: Started Session 81325 of user root.
Jul 11 17:01:01 localhost systemd: Started Session 81326 of user root.
Jul 11 17:10:01 localhost systemd: Started Session 81327 of user root.
Jul 11 17:20:01 localhost systemd: Started Session 81328 of user root.
Jul 11 17:30:01 localhost systemd: Started Session 81329 of user root.
Jul 11 17:40:02 localhost systemd: Started Session 81330 of user root.
Jul 11 17:50:01 localhost systemd: Started Session 81331 of user root.
Jul 11 18:00:01 localhost systemd: Started Session 81332 of user root.
Jul 11 18:01:01 localhost systemd: Started Session 81333 of user root.
Jul 11 18:10:01 localhost systemd: Started Session 81334 of user root.
Jul 11 18:20:01 localhost systemd: Started Session 81335 of user root.
Jul 11 18:30:01 localhost systemd: Started Session 81336 of user root.
Jul 11 18:40:01 localhost systemd: Started Session 81337 of user root.
Jul 11 18:50:01 localhost systemd: Started Session 81338 of user root.
Jul 11 19:00:01 localhost systemd: Started Session 81339 of user root.
Jul 11 19:01:01 localhost systemd: Started Session 81340 of user root.
Jul 11 19:10:01 localhost systemd: Started Session 81341 of user root.
Jul 11 19:20:01 localhost systemd: Started Session 81342 of user root.
Jul 11 19:30:01 localhost systemd: Started Session 81343 of user root.
Jul 11 19:40:01 localhost systemd: Started Session 81344 of user root.
Jul 11 19:50:01 localhost systemd: Started Session 81345 of user root.
Jul 11 20:00:01 localhost systemd: Started Session 81346 of user root.
Jul 11 20:01:01 localhost auditd[8294]: Audit daemon rotating log files
Jul 11 20:01:01 localhost systemd: Started Session 81347 of user root.
Jul 11 20:10:01 localhost systemd: Started Session 81348 of user root.
Jul 11 20:20:01 localhost systemd: Started Session 81349 of user root.
Jul 11 20:30:01 localhost systemd: Started Session 81350 of user root.
Jul 11 20:40:01 localhost systemd: Started Session 81351 of user root.
Jul 11 20:50:01 localhost systemd: Started Session 81352 of user root.
Jul 11 21:00:01 localhost systemd: Started Session 81353 of user root.
Jul 11 21:01:01 localhost systemd: Started Session 81354 of user root.
Jul 11 21:10:01 localhost systemd: Started Session 81355 of user root.
Jul 11 21:20:01 localhost systemd: Started Session 81356 of user root.
Jul 11 21:30:01 localhost systemd: Starting Cleanup of Temporary Directories...
Jul 11 21:30:01 localhost systemd: Started Session 81357 of user root.
Jul 11 21:30:01 localhost systemd: Started Cleanup of Temporary Directories.
Jul 11 21:40:01 localhost systemd: Started Session 81358 of user root.
Jul 11 21:50:01 localhost systemd: Started Session 81359 of user root.
Jul 11 22:00:01 localhost systemd: Started Session 81360 of user root.
Jul 11 22:01:01 localhost systemd: Started Session 81361 of user root.
Jul 11 22:10:01 localhost systemd: Started Session 81362 of user root.
Jul 11 22:20:01 localhost systemd: Started Session 81363 of user root.
Jul 11 22:30:01 localhost systemd: Started Session 81364 of user root.
Jul 11 22:40:01 localhost systemd: Started Session 81365 of user root.
Jul 11 22:50:01 localhost systemd: Started Session 81366 of user root.
Jul 11 23:00:01 localhost systemd: Started Session 81367 of user root.
Jul 11 23:01:01 localhost systemd: Started Session 81368 of user root.
Jul 11 23:10:01 localhost systemd: Started Session 81369 of user root.
Jul 11 23:20:01 localhost systemd: Started Session 81370 of user root.
Jul 11 23:30:01 localhost systemd: Started Session 81371 of user root.
Jul 11 23:40:01 localhost systemd: Started Session 81372 of user root.
Jul 11 23:50:01 localhost systemd: Started Session 81373 of user root.
Jul 11 23:53:01 localhost systemd: Started Session 81374 of user root.
Jul 12 00:00:01 localhost systemd: Started Session 81375 of user root.
Jul 12 00:00:01 localhost systemd: Starting update of the root trust anchor for DNSSEC validation in unbound...
Jul 12 00:00:01 localhost systemd: Started update of the root trust anchor for DNSSEC validation in unbound.
Jul 12 00:01:01 localhost systemd: Started Session 81376 of user root.
Jul 12 00:10:01 localhost systemd: Started Session 81377 of user root.
Jul 12 00:20:01 localhost systemd: Started Session 81378 of user root.
Jul 12 00:30:01 localhost systemd: Started Session 81379 of user root.
Jul 12 00:40:01 localhost systemd: Started Session 81380 of user root.
Jul 12 00:50:01 localhost systemd: Started Session 81381 of user root.
Jul 12 01:00:01 localhost systemd: Started Session 81382 of user root.
Jul 12 01:01:01 localhost systemd: Started Session 81383 of user root.
Jul 12 01:10:01 localhost systemd: Started Session 81384 of user root.
Jul 12 01:20:01 localhost systemd: Started Session 81385 of user root.
Jul 12 01:30:01 localhost systemd: Started Session 81386 of user root.
Jul 12 01:40:01 localhost systemd: Started Session 81387 of user root.
Jul 12 01:50:01 localhost systemd: Started Session 81388 of user root.
Jul 12 02:00:01 localhost systemd: Started Session 81389 of user root.
Jul 12 02:01:01 localhost systemd: Started Session 81390 of user root.
Jul 12 02:10:01 localhost systemd: Started Session 81391 of user root.
Jul 12 02:20:01 localhost systemd: Started Session 81392 of user root.
Jul 12 02:30:01 localhost systemd: Started Session 81393 of user root.
Jul 12 02:40:01 localhost systemd: Started Session 81394 of user root.
Jul 12 02:50:01 localhost systemd: Started Session 81395 of user root.
Jul 12 03:00:01 localhost systemd: Started Session 81396 of user root.
Jul 12 03:01:01 localhost systemd: Started Session 81397 of user root.
Jul 12 03:10:01 localhost systemd: Started Session 81398 of user root.
Jul 12 03:20:01 localhost systemd: Started Session 81399 of user root.
Jul 12 03:30:01 localhost systemd: Started Session 81400 of user root.
Jul 12 03:37:02 localhost rhsmd: In order for Subscription Manager to provide your system with updates, your system must be registered with the Customer Portal. Please enter your Red Hat login to ensure your system is up-to-date.
Jul 12 03:40:01 localhost systemd: Started Session 81401 of user root.
Jul 12 03:50:01 localhost systemd: Started Session 81402 of user root.
Jul 12 04:00:01 localhost systemd: Started Session 81403 of user root.
Jul 12 04:01:01 localhost systemd: Started Session 81404 of user root.
Jul 12 04:10:01 localhost systemd: Started Session 81405 of user root.
Jul 12 04:20:01 localhost systemd: Started Session 81406 of user root.
Jul 12 04:30:01 localhost systemd: Started Session 81407 of user root.
Jul 12 04:40:01 localhost systemd: Started Session 81408 of user root.
Jul 12 04:50:01 localhost systemd: Started Session 81409 of user root.
Jul 12 05:00:01 localhost systemd: Started Session 81410 of user root.
Jul 12 05:01:02 localhost systemd: Started Session 81411 of user root.
Jul 12 05:10:01 localhost systemd: Started Session 81412 of user root.
Jul 12 05:20:01 localhost systemd: Started Session 81413 of user root.
Jul 12 05:30:01 localhost systemd: Started Session 81414 of user root.
Jul 12 05:40:01 localhost systemd: Started Session 81415 of user root.
Jul 12 05:50:01 localhost systemd: Started Session 81416 of user root.
Jul 12 06:00:01 localhost systemd: Started Session 81417 of user root.
Jul 12 06:01:01 localhost systemd: Started Session 81418 of user root.
Jul 12 06:10:01 localhost systemd: Started Session 81419 of user root.
Jul 12 06:20:01 localhost systemd: Started Session 81420 of user root.
Jul 12 06:30:01 localhost systemd: Started Session 81421 of user root.
Jul 12 06:40:01 localhost systemd: Started Session 81422 of user root.
Jul 12 06:50:01 localhost systemd: Started Session 81423 of user root.
Jul 12 07:00:01 localhost systemd: Started Session 81424 of user root.
Jul 12 07:01:01 localhost systemd: Started Session 81425 of user root.
Jul 12 07:10:01 localhost systemd: Started Session 81426 of user root.
Jul 12 07:20:01 localhost systemd: Started Session 81427 of user root.
Jul 12 07:30:01 localhost systemd: Started Session 81428 of user root.
Jul 12 07:40:01 localhost systemd: Started Session 81429 of user root.
Jul 12 07:50:01 localhost systemd: Started Session 81430 of user root.
Jul 12 08:00:01 localhost systemd: Started Session 81431 of user root.
Jul 12 08:01:01 localhost systemd: Started Session 81432 of user root.
Jul 12 08:10:01 localhost systemd: Started Session 81433 of user root.
Jul 12 08:20:01 localhost systemd: Started Session 81434 of user root.
Jul 12 08:30:01 localhost systemd: Started Session 81435 of user root.
Jul 12 08:40:01 localhost systemd: Started Session 81436 of user root.
Jul 12 08:50:01 localhost systemd: Started Session 81437 of user root.
Jul 12 09:00:01 localhost systemd: Started Session 81438 of user root.
Jul 12 09:01:01 localhost systemd: Started Session 81439 of user root.
Jul 12 09:10:01 localhost systemd: Started Session 81440 of user root.
Jul 12 09:20:01 localhost systemd: Started Session 81441 of user root.
Jul 12 09:30:01 localhost systemd: Started Session 81442 of user root.
Jul 12 09:40:01 localhost systemd: Started Session 81443 of user root.
Jul 12 09:50:01 localhost systemd: Started Session 81444 of user root.
Jul 12 10:00:01 localhost systemd: Started Session 81445 of user root.
Jul 12 10:01:01 localhost systemd: Started Session 81446 of user root.
Jul 12 10:10:01 localhost systemd: Started Session 81447 of user root.
Jul 12 10:20:01 localhost systemd: Started Session 81448 of user root.
Jul 12 10:30:01 localhost systemd: Started Session 81449 of user root.
Jul 12 10:40:01 localhost systemd: Started Session 81450 of user root.
Jul 12 10:50:01 localhost systemd: Started Session 81451 of user root.
Jul 12 11:00:01 localhost systemd: Started Session 81452 of user root.
Jul 12 11:01:01 localhost systemd: Started Session 81453 of user root.
Jul 12 11:10:01 localhost systemd: Started Session 81454 of user root.
Jul 12 11:20:01 localhost systemd: Started Session 81455 of user root.
Jul 12 11:30:01 localhost systemd: Started Session 81456 of user root.
Jul 12 11:40:01 localhost systemd: Started Session 81457 of user root.
Jul 12 11:50:01 localhost systemd: Started Session 81458 of user root.
Jul 12 12:00:01 localhost systemd: Started Session 81459 of user root.
Jul 12 12:01:01 localhost systemd: Started Session 81460 of user root.
Jul 12 12:10:01 localhost systemd: Started Session 81461 of user root.
Jul 12 12:20:01 localhost systemd: Started Session 81462 of user root.
Jul 12 12:30:01 localhost systemd: Started Session 81463 of user root.
Jul 12 12:40:01 localhost systemd: Started Session 81464 of user root.
Jul 12 12:50:01 localhost systemd: Started Session 81465 of user root.
Jul 12 13:00:01 localhost systemd: Started Session 81466 of user root.
Jul 12 13:01:01 localhost systemd: Started Session 81467 of user root.
Jul 12 13:10:01 localhost systemd: Started Session 81468 of user root.
Jul 12 13:20:01 localhost systemd: Started Session 81469 of user root.
Jul 12 13:30:01 localhost systemd: Started Session 81470 of user root.
Jul 12 13:40:01 localhost systemd: Started Session 81471 of user root.
Jul 12 13:50:01 localhost systemd: Started Session 81472 of user root.
Jul 12 14:00:01 localhost systemd: Started Session 81473 of user root.
Jul 12 14:01:01 localhost systemd: Started Session 81474 of user root.
Jul 12 14:10:01 localhost systemd: Started Session 81475 of user root.
Jul 12 14:20:01 localhost systemd: Started Session 81476 of user root.
Jul 12 14:30:01 localhost systemd: Started Session 81477 of user root.
Jul 12 14:40:01 localhost systemd: Started Session 81478 of user root.
Jul 12 14:50:01 localhost systemd: Started Session 81479 of user root.
Jul 12 15:00:01 localhost systemd: Started Session 81480 of user root.
Jul 12 15:01:01 localhost systemd: Started Session 81481 of user root.
Jul 12 15:10:01 localhost systemd: Started Session 81482 of user root.
Jul 12 15:20:01 localhost systemd: Started Session 81483 of user root.
Jul 12 15:30:01 localhost systemd: Started Session 81484 of user root.
Jul 12 15:40:01 localhost systemd: Started Session 81485 of user root.
Jul 12 15:50:01 localhost systemd: Started Session 81486 of user root.
Jul 12 16:00:01 localhost systemd: Started Session 81487 of user root.
Jul 12 16:01:01 localhost systemd: Started Session 81488 of user root.
Jul 12 16:10:01 localhost systemd: Started Session 81489 of user root.
Jul 12 16:20:01 localhost systemd: Started Session 81490 of user root.
Jul 12 16:30:01 localhost systemd: Started Session 81491 of user root.
Jul 12 16:40:01 localhost systemd: Started Session 81492 of user root.
Jul 12 16:50:01 localhost systemd: Started Session 81493 of user root.
Jul 12 17:00:01 localhost systemd: Started Session 81494 of user root.
Jul 12 17:01:01 localhost systemd: Started Session 81495 of user root.
Jul 12 17:10:01 localhost systemd: Started Session 81496 of user root.
Jul 12 17:20:01 localhost systemd: Started Session 81497 of user root.
Jul 12 17:30:01 localhost systemd: Started Session 81498 of user root.
Jul 12 17:40:01 localhost systemd: Started Session 81499 of user root.
Jul 12 17:50:01 localhost systemd: Started Session 81500 of user root.
Jul 12 18:00:01 localhost systemd: Started Session 81501 of user root.
Jul 12 18:01:01 localhost systemd: Started Session 81502 of user root.
Jul 12 18:10:01 localhost systemd: Started Session 81503 of user root.
Jul 12 18:20:01 localhost systemd: Started Session 81504 of user root.
Jul 12 18:30:01 localhost systemd: Started Session 81505 of user root.
Jul 12 18:40:01 localhost systemd: Started Session 81506 of user root.
Jul 12 18:50:01 localhost systemd: Started Session 81507 of user root.
Jul 12 19:00:01 localhost systemd: Started Session 81508 of user root.
Jul 12 19:01:01 localhost systemd: Started Session 81509 of user root.
Jul 12 19:10:01 localhost systemd: Started Session 81510 of user root.
Jul 12 19:20:01 localhost systemd: Started Session 81511 of user root.
Jul 12 19:30:01 localhost systemd: Started Session 81512 of user root.
Jul 12 19:40:01 localhost systemd: Started Session 81513 of user root.
Jul 12 19:50:01 localhost systemd: Started Session 81514 of user root.
Jul 12 20:00:01 localhost systemd: Started Session 81515 of user root.
Jul 12 20:01:01 localhost systemd: Started Session 81516 of user root.
Jul 12 20:10:01 localhost systemd: Started Session 81517 of user root.
Jul 12 20:20:01 localhost systemd: Started Session 81518 of user root.
Jul 12 20:30:01 localhost systemd: Started Session 81519 of user root.
Jul 12 20:40:01 localhost systemd: Started Session 81520 of user root.
Jul 12 20:50:01 localhost systemd: Started Session 81521 of user root.
Jul 12 21:00:01 localhost systemd: Started Session 81522 of user root.
Jul 12 21:01:01 localhost systemd: Started Session 81523 of user root.
Jul 12 21:10:01 localhost systemd: Started Session 81524 of user root.
Jul 12 21:20:01 localhost systemd: Started Session 81525 of user root.
Jul 12 21:30:01 localhost systemd: Started Session 81526 of user root.
Jul 12 21:30:30 localhost systemd: Starting Cleanup of Temporary Directories...
Jul 12 21:30:30 localhost systemd: Started Cleanup of Temporary Directories.
Jul 12 21:40:01 localhost systemd: Started Session 81527 of user root.
Jul 12 21:50:01 localhost systemd: Started Session 81528 of user root.
Jul 12 22:00:01 localhost systemd: Started Session 81529 of user root.
Jul 12 22:01:01 localhost systemd: Started Session 81530 of user root.
Jul 12 22:10:01 localhost systemd: Started Session 81531 of user root.
Jul 12 22:20:01 localhost systemd: Started Session 81532 of user root.
Jul 12 22:30:01 localhost systemd: Started Session 81533 of user root.
Jul 12 22:40:01 localhost systemd: Started Session 81534 of user root.
Jul 12 22:50:01 localhost systemd: Started Session 81535 of user root.
Jul 12 23:00:01 localhost systemd: Started Session 81536 of user root.
Jul 12 23:01:01 localhost systemd: Started Session 81537 of user root.
Jul 12 23:10:01 localhost systemd: Started Session 81538 of user root.
Jul 12 23:20:01 localhost systemd: Started Session 81539 of user root.
Jul 12 23:30:01 localhost systemd: Started Session 81540 of user root.
Jul 12 23:40:01 localhost systemd: Started Session 81541 of user root.
Jul 12 23:50:01 localhost systemd: Started Session 81542 of user root.
Jul 12 23:53:01 localhost systemd: Started Session 81543 of user root.
Jul 13 00:00:01 localhost systemd: Starting update of the root trust anchor for DNSSEC validation in unbound...
Jul 13 00:00:01 localhost systemd: Started Session 81544 of user root.
Jul 13 00:00:01 localhost systemd: Started update of the root trust anchor for DNSSEC validation in unbound.
Jul 13 00:01:01 localhost systemd: Started Session 81545 of user root.
Jul 13 00:10:01 localhost systemd: Started Session 81546 of user root.
Jul 13 00:20:01 localhost systemd: Started Session 81547 of user root.
Jul 13 00:30:01 localhost systemd: Started Session 81548 of user root.
Jul 13 00:40:01 localhost systemd: Started Session 81549 of user root.
Jul 13 00:50:01 localhost systemd: Started Session 81550 of user root.
Jul 13 01:00:01 localhost systemd: Started Session 81551 of user root.
Jul 13 01:01:01 localhost systemd: Started Session 81552 of user root.
Jul 13 01:10:01 localhost systemd: Started Session 81553 of user root.
Jul 13 01:20:01 localhost systemd: Started Session 81554 of user root.
Jul 13 01:30:01 localhost systemd: Started Session 81555 of user root.
Jul 13 01:40:01 localhost systemd: Started Session 81556 of user root.
Jul 13 01:50:01 localhost systemd: Started Session 81557 of user root.
Jul 13 02:00:01 localhost systemd: Started Session 81558 of user root.
Jul 13 02:01:01 localhost systemd: Started Session 81559 of user root.
Jul 13 02:10:01 localhost systemd: Started Session 81560 of user root.
Jul 13 02:20:01 localhost systemd: Started Session 81561 of user root.
Jul 13 02:30:01 localhost systemd: Started Session 81562 of user root.
Jul 13 02:40:01 localhost systemd: Started Session 81563 of user root.
Jul 13 02:50:01 localhost systemd: Started Session 81564 of user root.
Jul 13 03:00:01 localhost systemd: Started Session 81565 of user root.
Jul 13 03:01:01 localhost systemd: Started Session 81566 of user root.
Jul 13 03:10:01 localhost systemd: Started Session 81567 of user root.
Jul 13 03:19:02 localhost rhsmd: In order for Subscription Manager to provide your system with updates, your system must be registered with the Customer Portal. Please enter your Red Hat login to ensure your system is up-to-date.
Jul 13 03:20:01 localhost systemd: Started Session 81568 of user root.
Jul 13 03:30:01 localhost systemd: Started Session 81569 of user root.
Jul 13 03:40:01 localhost systemd: Started Session 81570 of user root.
Jul 13 03:50:01 localhost systemd: Started Session 81571 of user root.
Jul 13 04:00:01 localhost systemd: Started Session 81572 of user root.
Jul 13 04:01:01 localhost systemd: Started Session 81573 of user root.
Jul 13 04:10:01 localhost systemd: Started Session 81574 of user root.
Jul 13 04:20:01 localhost systemd: Started Session 81575 of user root.
Jul 13 04:30:02 localhost systemd: Started Session 81576 of user root.
Jul 13 04:40:01 localhost systemd: Started Session 81577 of user root.
Jul 13 04:50:01 localhost systemd: Started Session 81578 of user root.
Jul 13 05:00:01 localhost systemd: Started Session 81579 of user root.
Jul 13 05:01:01 localhost systemd: Started Session 81580 of user root.
Jul 13 05:10:01 localhost systemd: Started Session 81581 of user root.
Jul 13 05:20:01 localhost systemd: Started Session 81582 of user root.
Jul 13 05:30:01 localhost systemd: Started Session 81583 of user root.
Jul 13 05:40:01 localhost systemd: Started Session 81584 of user root.
Jul 13 05:50:01 localhost systemd: Started Session 81585 of user root.
Jul 13 06:00:01 localhost systemd: Started Session 81586 of user root.
Jul 13 06:01:01 localhost systemd: Started Session 81587 of user root.
Jul 13 06:10:01 localhost systemd: Started Session 81588 of user root.
Jul 13 06:20:01 localhost systemd: Started Session 81589 of user root.
Jul 13 06:30:01 localhost systemd: Started Session 81590 of user root.
Jul 13 06:40:01 localhost systemd: Started Session 81591 of user root.
Jul 13 06:50:01 localhost systemd: Started Session 81592 of user root.
Jul 13 07:00:01 localhost systemd: Started Session 81593 of user root.
Jul 13 07:01:01 localhost systemd: Started Session 81594 of user root.
Jul 13 07:10:01 localhost systemd: Started Session 81595 of user root.
Jul 13 07:20:01 localhost systemd: Started Session 81596 of user root.
Jul 13 07:30:01 localhost systemd: Started Session 81597 of user root.
Jul 13 07:40:01 localhost systemd: Started Session 81598 of user root.
Jul 13 07:50:01 localhost systemd: Started Session 81599 of user root.
Jul 13 08:00:01 localhost systemd: Started Session 81600 of user root.
Jul 13 08:01:01 localhost systemd: Started Session 81601 of user root.
Jul 13 08:10:01 localhost systemd: Started Session 81602 of user root.
Jul 13 08:20:01 localhost systemd: Started Session 81603 of user root.
Jul 13 08:30:01 localhost systemd: Started Session 81604 of user root.
Jul 13 08:40:01 localhost systemd: Started Session 81605 of user root.
Jul 13 08:50:01 localhost systemd: Started Session 81606 of user root.
Jul 13 09:00:01 localhost systemd: Started Session 81607 of user root.
Jul 13 09:01:01 localhost systemd: Started Session 81608 of user root.
Jul 13 09:10:01 localhost systemd: Started Session 81609 of user root.
Jul 13 09:20:01 localhost systemd: Started Session 81610 of user root.
Jul 13 09:30:01 localhost systemd: Started Session 81611 of user root.
Jul 13 09:40:01 localhost systemd: Started Session 81612 of user root.
Jul 13 09:50:01 localhost systemd: Started Session 81613 of user root.
Jul 13 10:00:01 localhost systemd: Started Session 81614 of user root.
Jul 13 10:01:01 localhost systemd: Started Session 81615 of user root.
Jul 13 10:10:01 localhost systemd: Started Session 81616 of user root.
Jul 13 10:20:01 localhost systemd: Started Session 81617 of user root.
Jul 13 10:30:01 localhost systemd: Started Session 81618 of user root.
Jul 13 10:40:01 localhost systemd: Started Session 81619 of user root.
Jul 13 10:50:01 localhost systemd: Started Session 81620 of user root.
Jul 13 11:00:01 localhost systemd: Started Session 81621 of user root.
Jul 13 11:01:01 localhost systemd: Started Session 81622 of user root.
Jul 13 11:10:01 localhost systemd: Started Session 81623 of user root.
Jul 13 11:20:01 localhost systemd: Started Session 81624 of user root.
Jul 13 11:30:01 localhost systemd: Started Session 81625 of user root.
Jul 13 11:40:01 localhost systemd: Started Session 81626 of user root.
Jul 13 11:50:01 localhost systemd: Started Session 81627 of user root.
Jul 13 12:00:01 localhost systemd: Started Session 81628 of user root.
Jul 13 12:01:01 localhost systemd: Started Session 81629 of user root.
Jul 13 12:10:01 localhost systemd: Started Session 81630 of user root.
Jul 13 12:20:01 localhost systemd: Started Session 81631 of user root.
Jul 13 12:30:01 localhost systemd: Started Session 81632 of user root.
Jul 13 12:40:01 localhost systemd: Started Session 81633 of user root.
Jul 13 12:50:01 localhost systemd: Started Session 81634 of user root.
Jul 13 13:00:01 localhost systemd: Started Session 81635 of user root.
Jul 13 13:01:01 localhost systemd: Started Session 81636 of user root.
Jul 13 13:10:01 localhost systemd: Started Session 81637 of user root.
Jul 13 13:20:01 localhost systemd: Started Session 81638 of user root.
Jul 13 13:30:01 localhost systemd: Started Session 81639 of user root.
Jul 13 13:40:01 localhost systemd: Started Session 81640 of user root.
Jul 13 13:50:01 localhost systemd: Started Session 81641 of user root.
Jul 13 14:00:01 localhost systemd: Started Session 81642 of user root.
Jul 13 14:01:01 localhost systemd: Started Session 81643 of user root.
Jul 13 14:10:01 localhost systemd: Started Session 81644 of user root.
Jul 13 14:20:01 localhost systemd: Started Session 81645 of user root.
Jul 13 14:30:01 localhost systemd: Started Session 81646 of user root.
Jul 13 14:40:01 localhost systemd: Started Session 81647 of user root.
Jul 13 14:50:01 localhost systemd: Started Session 81648 of user root.
Jul 13 15:00:01 localhost systemd: Started Session 81649 of user root.
Jul 13 15:01:01 localhost systemd: Started Session 81650 of user root.
Jul 13 15:10:01 localhost systemd: Started Session 81651 of user root.
Jul 13 15:20:01 localhost systemd: Started Session 81652 of user root.
Jul 13 15:30:01 localhost systemd: Started Session 81653 of user root.
Jul 13 15:40:01 localhost systemd: Started Session 81654 of user root.
Jul 13 15:50:01 localhost systemd: Started Session 81655 of user root.
Jul 13 16:00:01 localhost systemd: Started Session 81656 of user root.
Jul 13 16:01:01 localhost systemd: Started Session 81657 of user root.
Jul 13 16:10:01 localhost systemd: Started Session 81658 of user root.
Jul 13 16:20:01 localhost systemd: Started Session 81659 of user root.
Jul 13 16:30:01 localhost systemd: Started Session 81660 of user root.
Jul 13 16:40:01 localhost systemd: Started Session 81661 of user root.
Jul 13 16:50:01 localhost systemd: Started Session 81662 of user root.
Jul 13 17:00:01 localhost systemd: Started Session 81663 of user root.
Jul 13 17:01:01 localhost systemd: Started Session 81664 of user root.
Jul 13 17:10:01 localhost systemd: Started Session 81665 of user root.
Jul 13 17:20:01 localhost systemd: Started Session 81666 of user root.
Jul 13 17:30:01 localhost systemd: Started Session 81667 of user root.
Jul 13 17:40:01 localhost systemd: Started Session 81668 of user root.
Jul 13 17:50:01 localhost systemd: Started Session 81669 of user root.
Jul 13 18:00:01 localhost systemd: Started Session 81670 of user root.
Jul 13 18:01:01 localhost systemd: Started Session 81671 of user root.
Jul 13 18:10:01 localhost systemd: Started Session 81672 of user root.
Jul 13 18:20:01 localhost systemd: Started Session 81673 of user root.
Jul 13 18:30:01 localhost systemd: Started Session 81674 of user root.
Jul 13 18:40:01 localhost systemd: Started Session 81675 of user root.
Jul 13 18:50:01 localhost systemd: Started Session 81676 of user root.
Jul 13 19:00:01 localhost systemd: Started Session 81677 of user root.
Jul 13 19:01:01 localhost systemd: Started Session 81678 of user root.
Jul 13 19:10:01 localhost systemd: Started Session 81679 of user root.
Jul 13 19:20:01 localhost systemd: Started Session 81680 of user root.
Jul 13 19:30:01 localhost systemd: Started Session 81681 of user root.
Jul 13 19:40:01 localhost systemd: Started Session 81682 of user root.
Jul 13 19:50:01 localhost systemd: Started Session 81683 of user root.
Jul 13 20:00:01 localhost systemd: Started Session 81684 of user root.
Jul 13 20:01:01 localhost systemd: Started Session 81685 of user root.
Jul 13 20:10:01 localhost systemd: Started Session 81686 of user root.
Jul 13 20:20:01 localhost systemd: Started Session 81687 of user root.
Jul 13 20:30:01 localhost systemd: Started Session 81688 of user root.
Jul 13 20:40:01 localhost systemd: Started Session 81689 of user root.
Jul 13 20:50:02 localhost systemd: Started Session 81690 of user root.
Jul 13 21:00:01 localhost systemd: Started Session 81691 of user root.
Jul 13 21:01:01 localhost systemd: Started Session 81692 of user root.
Jul 13 21:10:01 localhost systemd: Started Session 81693 of user root.
Jul 13 21:20:01 localhost systemd: Started Session 81694 of user root.
Jul 13 21:30:01 localhost systemd: Started Session 81695 of user root.
Jul 13 21:31:30 localhost systemd: Starting Cleanup of Temporary Directories...
Jul 13 21:31:30 localhost systemd: Started Cleanup of Temporary Directories.
Jul 13 21:40:01 localhost systemd: Started Session 81696 of user root.
Jul 13 21:50:01 localhost systemd: Started Session 81697 of user root.
Jul 13 22:00:01 localhost systemd: Started Session 81698 of user root.
Jul 13 22:01:01 localhost systemd: Started Session 81699 of user root.
Jul 13 22:10:01 localhost systemd: Started Session 81700 of user root.
Jul 13 22:20:01 localhost systemd: Started Session 81701 of user root.
Jul 13 22:30:01 localhost systemd: Started Session 81702 of user root.
Jul 13 22:40:01 localhost systemd: Started Session 81703 of user root.
Jul 13 22:50:01 localhost systemd: Started Session 81704 of user root.
Jul 13 23:00:01 localhost systemd: Started Session 81705 of user root.
Jul 13 23:01:01 localhost systemd: Started Session 81706 of user root.
Jul 13 23:10:01 localhost systemd: Started Session 81707 of user root.
Jul 13 23:20:01 localhost systemd: Started Session 81708 of user root.
Jul 13 23:30:01 localhost systemd: Started Session 81709 of user root.
Jul 13 23:40:01 localhost systemd: Started Session 81710 of user root.
Jul 13 23:50:01 localhost systemd: Started Session 81711 of user root.
Jul 13 23:53:01 localhost systemd: Started Session 81712 of user root.
Jul 14 00:00:01 localhost systemd: Starting update of the root trust anchor for DNSSEC validation in unbound...
Jul 14 00:00:01 localhost systemd: Started Session 81713 of user root.
Jul 14 00:00:02 localhost systemd: Started update of the root trust anchor for DNSSEC validation in unbound.
Jul 14 00:01:01 localhost systemd: Started Session 81714 of user root.
Jul 14 00:10:01 localhost systemd: Started Session 81715 of user root.
Jul 14 00:20:01 localhost systemd: Started Session 81716 of user root.
Jul 14 00:30:01 localhost systemd: Started Session 81717 of user root.
Jul 14 00:40:01 localhost systemd: Started Session 81718 of user root.
Jul 14 00:50:01 localhost systemd: Started Session 81719 of user root.
Jul 14 01:00:01 localhost systemd: Started Session 81720 of user root.
Jul 14 01:01:01 localhost systemd: Started Session 81721 of user root.
Jul 14 01:10:01 localhost systemd: Started Session 81722 of user root.
Jul 14 01:20:01 localhost systemd: Started Session 81723 of user root.
Jul 14 01:30:01 localhost systemd: Started Session 81724 of user root.
Jul 14 01:40:01 localhost systemd: Started Session 81725 of user root.
Jul 14 01:50:01 localhost systemd: Started Session 81726 of user root.
Jul 14 02:00:01 localhost systemd: Started Session 81727 of user root.
Jul 14 02:01:01 localhost systemd: Started Session 81728 of user root.
Jul 14 02:10:01 localhost systemd: Started Session 81729 of user root.
Jul 14 02:20:01 localhost systemd: Started Session 81730 of user root.
Jul 14 02:30:01 localhost systemd: Started Session 81731 of user root.
Jul 14 02:40:01 localhost systemd: Started Session 81732 of user root.
Jul 14 02:50:01 localhost systemd: Started Session 81733 of user root.
Jul 14 03:00:01 localhost systemd: Started Session 81734 of user root.
Jul 14 03:01:01 localhost systemd: Started Session 81735 of user root.
Jul 14 03:10:01 localhost systemd: Started Session 81736 of user root.
Jul 14 03:20:01 localhost systemd: Started Session 81737 of user root.
Jul 14 03:22:02 localhost rhsmd: In order for Subscription Manager to provide your system with updates, your system must be registered with the Customer Portal. Please enter your Red Hat login to ensure your system is up-to-date.
Jul 14 03:30:01 localhost systemd: Started Session 81738 of user root.
Jul 14 03:40:01 localhost systemd: Started Session 81739 of user root.
Jul 14 03:50:01 localhost systemd: Started Session 81740 of user root.
Jul 14 04:00:01 localhost systemd: Started Session 81741 of user root.
Jul 14 04:01:01 localhost systemd: Started Session 81742 of user root.
Jul 14 04:10:01 localhost systemd: Started Session 81743 of user root.
Jul 14 04:20:01 localhost systemd: Started Session 81744 of user root.
Jul 14 04:30:01 localhost systemd: Started Session 81745 of user root.
Jul 14 04:40:01 localhost systemd: Started Session 81746 of user root.
Jul 14 04:50:01 localhost systemd: Started Session 81747 of user root.
Jul 14 05:00:01 localhost systemd: Started Session 81748 of user root.
Jul 14 05:01:01 localhost systemd: Started Session 81749 of user root.
Jul 14 05:10:01 localhost systemd: Started Session 81750 of user root.
Jul 14 05:20:01 localhost systemd: Started Session 81751 of user root.
Jul 14 05:30:01 localhost systemd: Started Session 81752 of user root.
Jul 14 05:40:01 localhost systemd: Started Session 81753 of user root.
Jul 14 05:50:01 localhost systemd: Started Session 81754 of user root.
Jul 14 06:00:01 localhost systemd: Started Session 81755 of user root.
Jul 14 06:01:01 localhost systemd: Started Session 81756 of user root.
Jul 14 06:10:01 localhost systemd: Started Session 81757 of user root.
Jul 14 06:20:01 localhost systemd: Started Session 81758 of user root.
Jul 14 06:30:01 localhost systemd: Started Session 81759 of user root.
Jul 14 06:40:01 localhost systemd: Started Session 81760 of user root.
Jul 14 06:50:01 localhost systemd: Started Session 81761 of user root.
Jul 14 07:00:01 localhost systemd: Started Session 81762 of user root.
Jul 14 07:01:01 localhost systemd: Started Session 81763 of user root.
Jul 14 07:10:01 localhost systemd: Started Session 81764 of user root.
Jul 14 07:20:01 localhost systemd: Started Session 81765 of user root.
Jul 14 07:30:01 localhost systemd: Started Session 81766 of user root.
Jul 14 07:40:01 localhost systemd: Started Session 81767 of user root.
Jul 14 07:50:01 localhost systemd: Started Session 81768 of user root.
Jul 14 08:00:01 localhost systemd: Started Session 81769 of user root.
Jul 14 08:01:01 localhost systemd: Started Session 81770 of user root.
Jul 14 08:10:01 localhost systemd: Started Session 81771 of user root.
Jul 14 08:20:01 localhost systemd: Started Session 81772 of user root.
Jul 14 08:30:01 localhost systemd: Started Session 81773 of user root.
Jul 14 08:40:01 localhost systemd: Started Session 81774 of user root.
Jul 14 08:50:01 localhost systemd: Started Session 81775 of user root.
Jul 14 09:00:01 localhost systemd: Started Session 81776 of user root.
Jul 14 09:01:01 localhost systemd: Started Session 81777 of user root.
Jul 14 09:10:01 localhost systemd: Started Session 81778 of user root.
Jul 14 09:20:01 localhost systemd: Started Session 81779 of user root.
Jul 14 09:30:01 localhost systemd: Started Session 81780 of user root.
Jul 14 09:40:01 localhost systemd: Started Session 81781 of user root.
Jul 14 09:50:01 localhost systemd: Started Session 81782 of user root.
Jul 14 10:00:01 localhost systemd: Started Session 81783 of user root.
Jul 14 10:01:01 localhost systemd: Started Session 81784 of user root.
Jul 14 10:10:01 localhost systemd: Started Session 81785 of user root.
Jul 14 10:20:01 localhost systemd: Started Session 81786 of user root.
Jul 14 10:30:01 localhost systemd: Started Session 81787 of user root.
Jul 14 10:40:01 localhost systemd: Started Session 81788 of user root.
Jul 14 10:50:01 localhost systemd: Started Session 81789 of user root.
Jul 14 11:00:01 localhost systemd: Started Session 81790 of user root.
Jul 14 11:01:01 localhost systemd: Started Session 81791 of user root.
Jul 14 11:10:01 localhost systemd: Started Session 81792 of user root.
Jul 14 11:20:01 localhost systemd: Started Session 81793 of user root.
Jul 14 11:30:01 localhost systemd: Started Session 81794 of user root.
Jul 14 11:40:01 localhost systemd: Started Session 81795 of user root.
Jul 14 11:50:01 localhost systemd: Started Session 81796 of user root.
Jul 14 12:00:01 localhost systemd: Started Session 81797 of user root.
Jul 14 12:01:01 localhost systemd: Started Session 81798 of user root.
Jul 14 12:10:01 localhost systemd: Started Session 81799 of user root.
Jul 14 12:20:01 localhost systemd: Started Session 81800 of user root.
Jul 14 12:30:01 localhost systemd: Started Session 81801 of user root.
Jul 14 12:40:01 localhost systemd: Started Session 81802 of user root.
Jul 14 12:50:01 localhost systemd: Started Session 81803 of user root.
Jul 14 13:00:01 localhost systemd: Started Session 81804 of user root.
Jul 14 13:01:01 localhost systemd: Started Session 81805 of user root.
Jul 14 13:10:01 localhost systemd: Started Session 81806 of user root.
Jul 14 13:20:01 localhost systemd: Started Session 81807 of user root.
Jul 14 13:30:01 localhost systemd: Started Session 81808 of user root.
Jul 14 13:40:01 localhost systemd: Started Session 81809 of user root.
Jul 14 13:50:01 localhost systemd: Started Session 81810 of user root.
Jul 14 14:00:01 localhost systemd: Started Session 81811 of user root.
Jul 14 14:01:01 localhost systemd: Started Session 81812 of user root.
Jul 14 14:10:01 localhost systemd: Started Session 81813 of user root.
Jul 14 14:20:01 localhost systemd: Started Session 81814 of user root.
Jul 14 14:30:01 localhost systemd: Started Session 81815 of user root.
Jul 14 14:40:01 localhost systemd: Started Session 81816 of user root.
Jul 14 14:50:01 localhost systemd: Started Session 81817 of user root.
Jul 14 15:00:01 localhost systemd: Started Session 81818 of user root.
Jul 14 15:01:01 localhost systemd: Started Session 81819 of user root.
Jul 14 15:10:01 localhost systemd: Started Session 81820 of user root.
Jul 14 15:20:01 localhost systemd: Started Session 81821 of user root.
Jul 14 15:30:01 localhost systemd: Started Session 81822 of user root.
Jul 14 15:40:01 localhost systemd: Started Session 81823 of user root.
Jul 14 15:50:01 localhost systemd: Started Session 81824 of user root.
Jul 14 16:00:01 localhost systemd: Started Session 81825 of user root.
Jul 14 16:01:01 localhost systemd: Started Session 81826 of user root.
Jul 14 16:10:01 localhost systemd: Started Session 81827 of user root.
Jul 14 16:20:01 localhost systemd: Started Session 81828 of user root.
Jul 14 16:30:01 localhost systemd: Started Session 81829 of user root.
Jul 14 16:40:02 localhost systemd: Started Session 81830 of user root.
Jul 14 16:50:01 localhost systemd: Started Session 81831 of user root.
Jul 14 17:00:01 localhost systemd: Started Session 81832 of user root.
Jul 14 17:01:01 localhost systemd: Started Session 81833 of user root.
Jul 14 17:10:01 localhost systemd: Started Session 81834 of user root.
Jul 14 17:20:01 localhost systemd: Started Session 81835 of user root.
Jul 14 17:30:01 localhost systemd: Started Session 81836 of user root.
Jul 14 17:40:01 localhost systemd: Started Session 81837 of user root.
Jul 14 17:50:01 localhost systemd: Started Session 81838 of user root.
Jul 14 18:00:01 localhost systemd: Started Session 81839 of user root.
Jul 14 18:01:01 localhost systemd: Started Session 81840 of user root.
Jul 14 18:10:01 localhost systemd: Started Session 81841 of user root.
Jul 14 18:20:01 localhost systemd: Started Session 81842 of user root.
Jul 14 18:30:01 localhost systemd: Started Session 81843 of user root.
Jul 14 18:40:01 localhost systemd: Started Session 81844 of user root.
Jul 14 18:50:01 localhost systemd: Started Session 81845 of user root.
Jul 14 19:00:01 localhost systemd: Started Session 81846 of user root.
Jul 14 19:01:01 localhost systemd: Started Session 81847 of user root.
Jul 14 19:10:01 localhost systemd: Started Session 81848 of user root.
Jul 14 19:20:01 localhost systemd: Started Session 81849 of user root.
Jul 14 19:30:01 localhost systemd: Started Session 81850 of user root.
Jul 14 19:40:01 localhost systemd: Started Session 81851 of user root.
Jul 14 19:50:01 localhost systemd: Started Session 81852 of user root.
Jul 14 20:00:01 localhost systemd: Started Session 81853 of user root.
Jul 14 20:01:01 localhost systemd: Started Session 81854 of user root.
Jul 14 20:10:01 localhost systemd: Started Session 81855 of user root.
Jul 14 20:20:01 localhost systemd: Started Session 81856 of user root.
Jul 14 20:30:01 localhost systemd: Started Session 81857 of user root.
Jul 14 20:40:01 localhost systemd: Started Session 81858 of user root.
Jul 14 20:50:01 localhost systemd: Started Session 81859 of user root.
Jul 14 21:00:01 localhost systemd: Started Session 81860 of user root.
Jul 14 21:01:01 localhost systemd: Started Session 81861 of user root.
Jul 14 21:10:01 localhost systemd: Started Session 81862 of user root.
Jul 14 21:20:01 localhost systemd: Started Session 81863 of user root.
Jul 14 21:30:01 localhost systemd: Started Session 81864 of user root.
Jul 14 21:32:30 localhost systemd: Starting Cleanup of Temporary Directories...
Jul 14 21:32:30 localhost systemd: Started Cleanup of Temporary Directories.
Jul 14 21:40:01 localhost systemd: Started Session 81865 of user root.
Jul 14 21:50:01 localhost systemd: Started Session 81866 of user root.
Jul 14 22:00:01 localhost systemd: Started Session 81867 of user root.
Jul 14 22:01:01 localhost systemd: Started Session 81868 of user root.
Jul 14 22:10:01 localhost systemd: Started Session 81869 of user root.
Jul 14 22:20:01 localhost systemd: Started Session 81870 of user root.
Jul 14 22:30:01 localhost systemd: Started Session 81871 of user root.
Jul 14 22:40:01 localhost systemd: Started Session 81872 of user root.
Jul 14 22:50:01 localhost systemd: Started Session 81873 of user root.
Jul 14 23:00:01 localhost systemd: Started Session 81874 of user root.
Jul 14 23:01:01 localhost systemd: Started Session 81875 of user root.
Jul 14 23:10:01 localhost systemd: Started Session 81876 of user root.
Jul 14 23:20:01 localhost systemd: Started Session 81877 of user root.
Jul 14 23:30:01 localhost systemd: Started Session 81878 of user root.
Jul 14 23:40:01 localhost systemd: Started Session 81879 of user root.
Jul 14 23:50:01 localhost systemd: Started Session 81880 of user root.
Jul 14 23:53:01 localhost systemd: Started Session 81881 of user root.
Jul 15 00:00:01 localhost systemd: Started Session 81882 of user root.
Jul 15 00:00:01 localhost systemd: Starting update of the root trust anchor for DNSSEC validation in unbound...
Jul 15 00:00:04 localhost systemd: Started update of the root trust anchor for DNSSEC validation in unbound.
Jul 15 00:01:01 localhost systemd: Started Session 81883 of user root.
Jul 15 00:10:01 localhost systemd: Started Session 81884 of user root.
Jul 15 00:20:02 localhost systemd: Started Session 81885 of user root.
Jul 15 00:30:01 localhost systemd: Started Session 81886 of user root.
Jul 15 00:40:01 localhost systemd: Started Session 81887 of user root.
Jul 15 00:50:01 localhost systemd: Started Session 81888 of user root.
Jul 15 01:00:01 localhost systemd: Started Session 81889 of user root.
Jul 15 01:01:01 localhost systemd: Started Session 81890 of user root.
Jul 15 01:10:01 localhost systemd: Started Session 81891 of user root.
Jul 15 01:20:01 localhost systemd: Started Session 81892 of user root.
Jul 15 01:30:01 localhost systemd: Started Session 81893 of user root.
Jul 15 01:40:01 localhost systemd: Started Session 81894 of user root.
Jul 15 01:50:01 localhost systemd: Started Session 81895 of user root.
Jul 15 02:00:01 localhost systemd: Started Session 81896 of user root.
Jul 15 02:01:01 localhost systemd: Started Session 81897 of user root.
Jul 15 02:10:01 localhost systemd: Started Session 81898 of user root.
Jul 15 02:20:01 localhost systemd: Started Session 81899 of user root.
Jul 15 02:30:01 localhost systemd: Started Session 81900 of user root.
Jul 15 02:40:01 localhost systemd: Started Session 81901 of user root.
Jul 15 02:50:01 localhost systemd: Started Session 81902 of user root.
Jul 15 03:00:01 localhost systemd: Started Session 81903 of user root.
Jul 15 03:01:01 localhost systemd: Started Session 81904 of user root.
Jul 15 03:09:02 localhost rhsmd: In order for Subscription Manager to provide your system with updates, your system must be registered with the Customer Portal. Please enter your Red Hat login to ensure your system is up-to-date.
Jul 15 03:10:01 localhost systemd: Started Session 81905 of user root.
Jul 15 03:20:01 localhost systemd: Started Session 81906 of user root.
Jul 15 03:30:01 localhost systemd: Started Session 81907 of user root.
Jul 15 03:40:01 localhost systemd: Started Session 81908 of user root.
Jul 15 03:50:01 localhost systemd: Started Session 81909 of user root.
Jul 15 04:00:01 localhost systemd: Started Session 81910 of user root.
Jul 15 04:01:01 localhost systemd: Started Session 81911 of user root.
Jul 15 04:10:01 localhost systemd: Started Session 81912 of user root.
Jul 15 04:20:01 localhost systemd: Started Session 81913 of user root.
Jul 15 04:30:01 localhost systemd: Started Session 81914 of user root.
Jul 15 04:40:01 localhost systemd: Started Session 81915 of user root.
Jul 15 04:50:01 localhost systemd: Started Session 81916 of user root.
Jul 15 05:00:01 localhost systemd: Started Session 81917 of user root.
Jul 15 05:01:01 localhost systemd: Started Session 81918 of user root.
Jul 15 05:10:01 localhost systemd: Started Session 81919 of user root.
Jul 15 05:20:01 localhost systemd: Started Session 81920 of user root.
Jul 15 05:30:01 localhost systemd: Started Session 81921 of user root.
Jul 15 05:40:01 localhost systemd: Started Session 81922 of user root.
Jul 15 05:50:01 localhost systemd: Started Session 81923 of user root.
Jul 15 06:00:01 localhost systemd: Started Session 81924 of user root.
Jul 15 06:01:01 localhost systemd: Started Session 81925 of user root.
Jul 15 06:10:01 localhost systemd: Started Session 81926 of user root.
Jul 15 06:20:01 localhost systemd: Started Session 81927 of user root.
Jul 15 06:30:01 localhost systemd: Started Session 81928 of user root.
Jul 15 06:40:01 localhost systemd: Started Session 81929 of user root.
Jul 15 06:50:01 localhost systemd: Started Session 81930 of user root.
Jul 15 07:00:01 localhost systemd: Started Session 81931 of user root.
Jul 15 07:01:01 localhost systemd: Started Session 81932 of user root.
Jul 15 07:10:01 localhost systemd: Started Session 81933 of user root.
Jul 15 07:20:01 localhost systemd: Started Session 81934 of user root.
Jul 15 07:30:01 localhost systemd: Started Session 81935 of user root.
Jul 15 07:40:01 localhost systemd: Started Session 81936 of user root.
Jul 15 07:50:01 localhost systemd: Started Session 81937 of user root.
Jul 15 08:00:01 localhost systemd: Started Session 81938 of user root.
Jul 15 08:01:01 localhost systemd: Started Session 81939 of user root.
Jul 15 08:10:01 localhost systemd: Started Session 81940 of user root.
Jul 15 08:20:01 localhost systemd: Started Session 81941 of user root.
Jul 15 08:30:01 localhost systemd: Started Session 81942 of user root.
Jul 15 08:40:01 localhost systemd: Started Session 81943 of user root.
Jul 15 08:50:01 localhost systemd: Started Session 81944 of user root.
Jul 15 09:00:01 localhost systemd: Started Session 81945 of user root.
Jul 15 09:01:01 localhost systemd: Started Session 81946 of user root.
Jul 15 09:10:01 localhost systemd: Started Session 81947 of user root.
Jul 15 09:20:01 localhost systemd: Started Session 81948 of user root.
Jul 15 09:30:01 localhost systemd: Started Session 81949 of user root.
Jul 15 09:40:01 localhost systemd: Started Session 81950 of user root.
Jul 15 09:50:01 localhost systemd: Started Session 81951 of user root.
Jul 15 10:00:01 localhost systemd: Started Session 81952 of user root.
Jul 15 10:01:01 localhost systemd: Started Session 81953 of user root.
Jul 15 10:10:01 localhost systemd: Started Session 81954 of user root.
Jul 15 10:20:01 localhost systemd: Started Session 81955 of user root.
Jul 15 10:30:01 localhost systemd: Started Session 81956 of user root.
Jul 15 10:40:01 localhost systemd: Started Session 81957 of user root.
Jul 15 10:50:01 localhost systemd: Started Session 81958 of user root.
Jul 15 11:00:01 localhost systemd: Started Session 81959 of user root.
Jul 15 11:01:01 localhost systemd: Started Session 81960 of user root.
Jul 15 11:10:01 localhost systemd: Started Session 81961 of user root.
Jul 15 11:20:01 localhost systemd: Started Session 81962 of user root.
Jul 15 11:30:01 localhost systemd: Started Session 81963 of user root.
Jul 15 11:40:01 localhost systemd: Started Session 81964 of user root.
Jul 15 11:50:01 localhost systemd: Started Session 81965 of user root.
Jul 15 12:00:01 localhost systemd: Started Session 81966 of user root.
Jul 15 12:01:01 localhost systemd: Started Session 81967 of user root.
Jul 15 12:10:01 localhost systemd: Started Session 81968 of user root.
Jul 15 12:20:01 localhost systemd: Started Session 81969 of user root.
Jul 15 12:30:01 localhost systemd: Started Session 81970 of user root.
Jul 15 12:40:01 localhost systemd: Started Session 81971 of user root.
Jul 15 12:50:01 localhost systemd: Started Session 81972 of user root.
Jul 15 13:00:01 localhost systemd: Started Session 81973 of user root.
Jul 15 13:01:01 localhost systemd: Started Session 81974 of user root.
Jul 15 13:10:01 localhost systemd: Started Session 81975 of user root.
Jul 15 13:20:01 localhost systemd: Started Session 81976 of user root.
Jul 15 13:30:01 localhost systemd: Started Session 81977 of user root.
Jul 15 13:40:01 localhost systemd: Started Session 81978 of user root.
Jul 15 13:50:01 localhost systemd: Started Session 81979 of user root.
Jul 15 14:00:01 localhost systemd: Started Session 81980 of user root.
Jul 15 14:01:01 localhost systemd: Started Session 81981 of user root.
Jul 15 14:10:01 localhost systemd: Started Session 81982 of user root.
Jul 15 14:14:56 localhost systemd-logind: New session 81983 of user root.
Jul 15 14:14:56 localhost systemd: Started Session 81983 of user root.
Jul 15 14:14:56 localhost dbus[8327]: [system] Activating service name='org.freedesktop.problems' (using servicehelper)
Jul 15 14:14:56 localhost dbus[8327]: [system] Successfully activated service 'org.freedesktop.problems'
Jul 15 14:14:58 localhost systemd-logind: Removed session 81983.
Jul 15 14:20:01 localhost systemd: Started Session 81984 of user root.
Jul 15 14:30:01 localhost systemd: Started Session 81985 of user root.
Jul 15 14:40:01 localhost systemd: Started Session 81986 of user root.
Jul 15 14:50:01 localhost systemd: Started Session 81987 of user root.
Jul 15 14:51:33 localhost systemd: Started Session 81988 of user root.
Jul 15 14:51:33 localhost systemd-logind: New session 81988 of user root.
Jul 15 14:51:33 localhost dbus[8327]: [system] Activating service name='org.freedesktop.problems' (using servicehelper)
Jul 15 14:51:33 localhost dbus[8327]: [system] Successfully activated service 'org.freedesktop.problems'
Jul 15 14:52:24 localhost yum[38542]: Updated: sysstat-10.1.5-19.el7.x86_64
Jul 15 14:52:24 localhost yum[38542]: Installed: dstat-0.7.2-12.el7.noarch
Jul 15 14:52:24 localhost systemd: Reloading.
Jul 15 14:52:25 localhost systemd: [/usr/lib/systemd/system/bolt.service:11] Unknown lvalue 'MemoryDenyWriteExecute' in section 'Service'
Jul 15 14:52:25 localhost systemd: [/usr/lib/systemd/system/bolt.service:13] Unknown lvalue 'ProtectControlGroups' in section 'Service'
Jul 15 14:52:25 localhost systemd: [/usr/lib/systemd/system/bolt.service:15] Unknown lvalue 'ProtectKernelModules' in section 'Service'
Jul 15 14:52:25 localhost systemd: [/usr/lib/systemd/system/bolt.service:18] Unknown lvalue 'RestrictRealtime' in section 'Service'
Jul 15 14:52:25 localhost systemd: [/usr/lib/systemd/system/bolt.service:19] Unknown lvalue 'ReadWritePaths' in section 'Service'
Jul 15 14:55:10 localhost systemd-logind: New session 81989 of user root.
Jul 15 14:55:10 localhost systemd: Started Session 81989 of user root.
