******************** MySQL--127.0.0.1--3306 ***********************
--------------
mysql  Ver 14.14 Distrib 5.7.24, for linux-glibc2.12 (x86_64) using  EditLine wrapper

Connection id:		175
Current database:	
Current user:		system@127.0.0.1
SSL:			Not in use
Current pager:		stdout
Using outfile:		''
Using delimiter:	;
Server version:		5.7.24-log MySQL Community Server (GPL)
Protocol version:	10
Connection:		127.0.0.1 via TCP/IP
Server characterset:	utf8mb4
Db     characterset:	utf8mb4
Client characterset:	utf8
Conn.  characterset:	utf8
TCP port:		3306
Uptime:			175 days 5 hours 56 min 45 sec

Threads: 1  Questions: 163  Slow queries: 3  Opens: 589  Flush tables: 1  Open tables: 583  Queries per second avg: 0.000
--------------

                             basedir :	/usr/local/mysql/
                             datadir :	/data/mysql/data/
                                     :	          
               ####Business info#### :	          
                       Database size :	lottery_db 0.005 GB sys 0.000 GB
                       Tables counts :	lottery_db 9 sys 101
                      Engines counts :	NULL 100 InnoDB 10
                 Top 10 of big table :	ld_prize_employee 29120 ld_prize_record 459 ld_prize_award 52 sys_role_user 15 sys_config 6 sys_role 6 ld_prize_activity 6 sys_user 5 sys_permission 3 sys_permission_role 2
        Top 10 of auto increment num :	ld_prize_employee 56646 ld_prize_record 799 ld_prize_award 85 sys_role_user 58 ld_prize_activity 42 sys_role 11 sys_user 10 sys_permission 8 sys_permission_role 3
                                     :	          
              ####Runtime status#### :	          
                   Threads connected :	     1.00 
                                 QPS :	     0.00 
                                 TPS :	     0.00 
                               Reads :	    80.00 
                              Writes :	     0.00 
                   Read/Writes Ratio :	    NULL% 
   MyISAM Key buffer read hits(>99%) :	   95.45% 
        MyISAM Key buffer write hits :	    NULL% 
                    Query cache hits :	    NULL% 
       InnoDB buffer read hits(>95%) :	   93.71% 
             Thread cache hits(>90%) :	   98.85% 
             Slow queries per second :	     0.00 
         Select full join per second :	     0.00 
      Select full join in all select :	    3.75% 
         MyiSAM lock contention(<1%) :	    0.00% 
           Temp tables to disk ratio :	    5.33% 
No innodb tables
No primary key tables
password equals user
Global status:
Aborted_clients	0
Aborted_connects	123
Binlog_cache_disk_use	0
Binlog_cache_use	0
Binlog_stmt_cache_disk_use	0
Binlog_stmt_cache_use	0
Bytes_received	34014
Bytes_sent	118152
Com_admin_commands	0
Com_assign_to_keycache	0
Com_alter_db	0
Com_alter_db_upgrade	0
Com_alter_event	0
Com_alter_function	0
Com_alter_instance	0
Com_alter_procedure	0
Com_alter_server	0
Com_alter_table	0
Com_alter_tablespace	0
Com_alter_user	0
Com_analyze	0
Com_begin	0
Com_binlog	0
Com_call_procedure	0
Com_change_db	0
Com_change_master	0
Com_change_repl_filter	0
Com_check	0
Com_checksum	0
Com_commit	0
Com_create_db	0
Com_create_event	0
Com_create_function	0
Com_create_index	0
Com_create_procedure	0
Com_create_server	0
Com_create_table	0
Com_create_trigger	0
Com_create_udf	0
Com_create_user	0
Com_create_view	0
Com_dealloc_sql	0
Com_delete	0
Com_delete_multi	0
Com_do	0
Com_drop_db	0
Com_drop_event	0
Com_drop_function	0
Com_drop_index	0
Com_drop_procedure	0
Com_drop_server	0
Com_drop_table	0
Com_drop_trigger	0
Com_drop_user	0
Com_drop_view	0
Com_empty_query	0
Com_execute_sql	0
Com_explain_other	0
Com_flush	0
Com_get_diagnostics	0
Com_grant	0
Com_ha_close	0
Com_ha_open	0
Com_ha_read	0
Com_help	0
Com_insert	0
Com_insert_select	0
Com_install_plugin	0
Com_kill	0
Com_load	0
Com_lock_tables	0
Com_optimize	0
Com_preload_keys	0
Com_prepare_sql	0
Com_purge	0
Com_purge_before_date	0
Com_release_savepoint	0
Com_rename_table	0
Com_rename_user	0
Com_repair	0
Com_replace	0
Com_replace_select	0
Com_reset	0
Com_resignal	0
Com_revoke	0
Com_revoke_all	0
Com_rollback	0
Com_rollback_to_savepoint	0
Com_savepoint	0
Com_select	93
Com_set_option	0
Com_signal	0
Com_show_binlog_events	0
Com_show_binlogs	0
Com_show_charsets	0
Com_show_collations	0
Com_show_create_db	0
Com_show_create_event	0
Com_show_create_func	0
Com_show_create_proc	0
Com_show_create_table	0
Com_show_create_trigger	0
Com_show_databases	2
Com_show_engine_logs	0
Com_show_engine_mutex	0
Com_show_engine_status	0
Com_show_events	0
Com_show_errors	0
Com_show_fields	0
Com_show_function_code	0
Com_show_function_status	0
Com_show_grants	2
Com_show_keys	0
Com_show_master_status	0
Com_show_open_tables	0
Com_show_plugins	0
Com_show_privileges	0
Com_show_procedure_code	0
Com_show_procedure_status	0
Com_show_processlist	0
Com_show_profile	0
Com_show_profiles	0
Com_show_relaylog_events	0
Com_show_slave_hosts	0
Com_show_slave_status	2
Com_show_status	11
Com_show_storage_engines	0
Com_show_table_status	0
Com_show_tables	0
Com_show_triggers	0
Com_show_variables	10
Com_show_warnings	0
Com_show_create_user	0
Com_shutdown	0
Com_slave_start	0
Com_slave_stop	0
Com_group_replication_start	0
Com_group_replication_stop	0
Com_stmt_execute	0
Com_stmt_close	0
Com_stmt_fetch	0
Com_stmt_prepare	0
Com_stmt_reset	0
Com_stmt_send_long_data	0
Com_truncate	0
Com_uninstall_plugin	0
Com_unlock_tables	0
Com_update	0
Com_update_multi	0
Com_xa_commit	0
Com_xa_end	0
Com_xa_prepare	0
Com_xa_recover	0
Com_xa_rollback	0
Com_xa_start	0
Com_stmt_reprepare	0
Connection_errors_accept	0
Connection_errors_internal	0
Connection_errors_max_connections	0
Connection_errors_peer_address	0
Connection_errors_select	0
Connection_errors_tcpwrap	0
Connections	180
Created_tmp_disk_tables	119
Created_tmp_files	6
Created_tmp_tables	2216
Delayed_errors	0
Delayed_insert_threads	0
Delayed_writes	0
Flush_commands	1
Handler_commit	11
Handler_delete	0
Handler_discover	0
Handler_external_lock	405
Handler_mrr_init	0
Handler_prepare	0
Handler_read_first	35
Handler_read_key	1094
Handler_read_last	0
Handler_read_next	7
Handler_read_prev	0
Handler_read_rnd	75
Handler_read_rnd_next	24187
Handler_rollback	0
Handler_savepoint	0
Handler_savepoint_rollback	0
Handler_update	972
Handler_write	8144
Innodb_buffer_pool_dump_status	Dumping of buffer pool not started
Innodb_buffer_pool_load_status	Buffer pool(s) load completed at 210121  8:01:58
Innodb_buffer_pool_resize_status	
Innodb_buffer_pool_pages_data	489
Innodb_buffer_pool_bytes_data	8011776
Innodb_buffer_pool_pages_dirty	41
Innodb_buffer_pool_bytes_dirty	671744
Innodb_buffer_pool_pages_flushed	120
Innodb_buffer_pool_pages_free	261623
Innodb_buffer_pool_pages_misc	0
Innodb_buffer_pool_pages_total	262112
Innodb_buffer_pool_read_ahead_rnd	0
Innodb_buffer_pool_read_ahead	0
Innodb_buffer_pool_read_ahead_evicted	0
Innodb_buffer_pool_read_requests	6705
Innodb_buffer_pool_reads	409
Innodb_buffer_pool_wait_free	0
Innodb_buffer_pool_write_requests	4592
Innodb_data_fsyncs	15
Innodb_data_pending_fsyncs	0
Innodb_data_pending_reads	0
Innodb_data_pending_writes	0
Innodb_data_read	8262144
Innodb_data_reads	572
Innodb_data_writes	143
Innodb_data_written	2035712
Innodb_dblwr_pages_written	4
Innodb_dblwr_writes	3
Innodb_log_waits	0
Innodb_log_write_requests	0
Innodb_log_writes	4
Innodb_os_log_fsyncs	8
Innodb_os_log_pending_fsyncs	0
Innodb_os_log_pending_writes	0
Innodb_os_log_written	2048
Innodb_page_size	16384
Innodb_pages_created	81
Innodb_pages_read	408
Innodb_pages_written	120
Innodb_row_lock_current_waits	0
Innodb_row_lock_time	0
Innodb_row_lock_time_avg	0
Innodb_row_lock_time_max	0
Innodb_row_lock_waits	0
Innodb_rows_deleted	0
Innodb_rows_inserted	9717
Innodb_rows_read	9549
Innodb_rows_updated	0
Innodb_num_open_files	35
Innodb_truncated_status_writes	0
Innodb_available_undo_logs	128
Key_blocks_not_flushed	0
Key_blocks_unused	6691
Key_blocks_used	7
Key_read_requests	154
Key_reads	7
Key_write_requests	0
Key_writes	0
Locked_connects	0
Max_execution_time_exceeded	0
Max_execution_time_set	0
Max_execution_time_set_failed	0
Max_used_connections	2
Max_used_connections_time	2021-02-02 15:19:33
Not_flushed_delayed_rows	0
Ongoing_anonymous_transaction_count	0
Open_files	29
Open_streams	0
Open_table_definitions	228
Open_tables	603
Opened_files	396
Opened_table_definitions	228
Opened_tables	609
Performance_schema_accounts_lost	0
Performance_schema_cond_classes_lost	0
Performance_schema_cond_instances_lost	0
Performance_schema_digest_lost	0
Performance_schema_file_classes_lost	0
Performance_schema_file_handles_lost	0
Performance_schema_file_instances_lost	0
Performance_schema_hosts_lost	0
Performance_schema_index_stat_lost	0
Performance_schema_locker_lost	0
Performance_schema_memory_classes_lost	0
Performance_schema_metadata_lock_lost	0
Performance_schema_mutex_classes_lost	0
Performance_schema_mutex_instances_lost	0
Performance_schema_nested_statement_lost	0
Performance_schema_prepared_statements_lost	0
Performance_schema_program_lost	0
Performance_schema_rwlock_classes_lost	0
Performance_schema_rwlock_instances_lost	0
Performance_schema_session_connect_attrs_lost	0
Performance_schema_socket_classes_lost	0
Performance_schema_socket_instances_lost	0
Performance_schema_stage_classes_lost	0
Performance_schema_statement_classes_lost	0
Performance_schema_table_handles_lost	0
Performance_schema_table_instances_lost	0
Performance_schema_table_lock_stat_lost	0
Performance_schema_thread_classes_lost	0
Performance_schema_thread_instances_lost	0
Performance_schema_users_lost	0
Prepared_stmt_count	0
Qcache_free_blocks	0
Qcache_free_memory	0
Qcache_hits	0
Qcache_inserts	0
Qcache_lowmem_prunes	0
Qcache_not_cached	0
Qcache_queries_in_cache	0
Qcache_total_blocks	0
Queries	175
Questions	168
Select_full_join	3
Select_full_range_join	0
Select_range	0
Select_range_check	0
Select_scan	55
Slave_open_temp_tables	0
Slow_launch_threads	0
Slow_queries	3
Sort_merge_passes	0
Sort_range	0
Sort_rows	75
Sort_scan	15
Ssl_accept_renegotiates	0
Ssl_accepts	0
Ssl_callback_cache_hits	0
Ssl_cipher	
Ssl_cipher_list	
Ssl_client_connects	0
Ssl_connect_renegotiates	0
Ssl_ctx_verify_depth	0
Ssl_ctx_verify_mode	0
Ssl_default_timeout	0
Ssl_finished_accepts	0
Ssl_finished_connects	0
Ssl_server_not_after	
Ssl_server_not_before	
Ssl_session_cache_hits	0
Ssl_session_cache_misses	0
Ssl_session_cache_mode	NONE
Ssl_session_cache_overflows	0
Ssl_session_cache_size	0
Ssl_session_cache_timeouts	0
Ssl_sessions_reused	0
Ssl_used_session_cache_entries	0
Ssl_verify_depth	0
Ssl_verify_mode	0
Ssl_version	
Table_locks_immediate	187
Table_locks_waited	0
Table_open_cache_hits	1990
Table_open_cache_misses	609
Table_open_cache_overflows	0
Tc_log_max_pages_used	0
Tc_log_page_size	0
Tc_log_page_waits	0
Threads_cached	1
Threads_connected	1
Threads_created	2
Threads_running	1
Uptime	15141405
Uptime_since_flush_status	15141405
Replication status:
Global variables:
auto_increment_increment	1
auto_increment_offset	1
autocommit	ON
automatic_sp_privileges	ON
avoid_temporal_upgrade	OFF
back_log	250
basedir	/usr/local/mysql/
big_tables	OFF
bind_address	*
binlog_cache_size	32768
binlog_checksum	CRC32
binlog_direct_non_transactional_updates	OFF
binlog_error_action	ABORT_SERVER
binlog_format	ROW
binlog_group_commit_sync_delay	0
binlog_group_commit_sync_no_delay_count	0
binlog_gtid_simple_recovery	ON
binlog_max_flush_queue_time	0
binlog_order_commits	ON
binlog_row_image	FULL
binlog_rows_query_log_events	ON
binlog_stmt_cache_size	32768
binlog_transaction_dependency_history_size	25000
binlog_transaction_dependency_tracking	COMMIT_ORDER
block_encryption_mode	aes-128-ecb
bulk_insert_buffer_size	8388608
character_set_client	utf8mb4
character_set_connection	utf8mb4
character_set_database	utf8mb4
character_set_filesystem	binary
character_set_results	utf8mb4
character_set_server	utf8mb4
character_set_system	utf8
character_sets_dir	/usr/local/mysql/share/charsets/
check_proxy_users	OFF
collation_connection	utf8mb4_general_ci
collation_database	utf8mb4_general_ci
collation_server	utf8mb4_general_ci
completion_type	NO_CHAIN
concurrent_insert	AUTO
connect_timeout	10
core_file	OFF
datadir	/data/mysql/data/
date_format	%Y-%m-%d
datetime_format	%Y-%m-%d %H:%i:%s
default_authentication_plugin	mysql_native_password
default_password_lifetime	0
default_storage_engine	InnoDB
default_tmp_storage_engine	InnoDB
default_week_format	0
delay_key_write	ON
delayed_insert_limit	100
delayed_insert_timeout	300
delayed_queue_size	1000
disabled_storage_engines	
disconnect_on_expired_password	ON
div_precision_increment	4
end_markers_in_json	OFF
enforce_gtid_consistency	ON
eq_range_index_dive_limit	200
event_scheduler	OFF
expire_logs_days	14
explicit_defaults_for_timestamp	ON
flush	OFF
flush_time	0
foreign_key_checks	ON
ft_boolean_syntax	+ -><()~*:""&|
ft_max_word_len	84
ft_min_word_len	4
ft_query_expansion_limit	20
ft_stopword_file	(built-in)
general_log	OFF
general_log_file	/data/mysql/data/lotterydb.log
group_concat_max_len	1024
gtid_executed	60f615a7-7aca-11e9-b73b-005056be501f:1-525
gtid_executed_compression_period	1000
gtid_mode	ON
gtid_owned	
gtid_purged	
have_compress	YES
have_crypt	YES
have_dynamic_loading	YES
have_geometry	YES
have_openssl	DISABLED
have_profiling	YES
have_query_cache	YES
have_rtree_keys	YES
have_ssl	DISABLED
have_statement_timeout	YES
have_symlink	YES
host_cache_size	653
hostname	lotterydb
ignore_builtin_innodb	OFF
ignore_db_dirs	
init_connect	
init_file	
init_slave	
innodb_adaptive_flushing	ON
innodb_adaptive_flushing_lwm	10
innodb_adaptive_hash_index	ON
innodb_adaptive_hash_index_parts	8
innodb_adaptive_max_sleep_delay	150000
innodb_api_bk_commit_interval	5
innodb_api_disable_rowlock	OFF
innodb_api_enable_binlog	OFF
innodb_api_enable_mdl	OFF
innodb_api_trx_level	0
innodb_autoextend_increment	64
innodb_autoinc_lock_mode	1
innodb_buffer_pool_chunk_size	134217728
innodb_buffer_pool_dump_at_shutdown	ON
innodb_buffer_pool_dump_now	OFF
innodb_buffer_pool_dump_pct	25
innodb_buffer_pool_filename	ib_buffer_pool
innodb_buffer_pool_instances	8
innodb_buffer_pool_load_abort	OFF
innodb_buffer_pool_load_at_startup	ON
innodb_buffer_pool_load_now	OFF
innodb_buffer_pool_size	4294967296
innodb_change_buffer_max_size	25
innodb_change_buffering	all
innodb_checksum_algorithm	crc32
innodb_checksums	ON
innodb_cmp_per_index_enabled	OFF
innodb_commit_concurrency	0
innodb_compression_failure_threshold_pct	5
innodb_compression_level	6
innodb_compression_pad_pct_max	50
innodb_concurrency_tickets	5000
innodb_data_file_path	ibdata1:1G:autoextend
innodb_data_home_dir	
innodb_deadlock_detect	ON
innodb_default_row_format	dynamic
innodb_disable_sort_file_cache	OFF
innodb_doublewrite	ON
innodb_fast_shutdown	1
innodb_file_format	Barracuda
innodb_file_format_check	ON
innodb_file_format_max	Barracuda
innodb_file_per_table	ON
innodb_fill_factor	100
innodb_flush_log_at_timeout	1
innodb_flush_log_at_trx_commit	1
innodb_flush_method	O_DIRECT
innodb_flush_neighbors	1
innodb_flush_sync	ON
innodb_flushing_avg_loops	30
innodb_force_load_corrupted	OFF
innodb_force_recovery	0
innodb_ft_aux_table	
innodb_ft_cache_size	8000000
innodb_ft_enable_diag_print	OFF
innodb_ft_enable_stopword	ON
innodb_ft_max_token_size	84
innodb_ft_min_token_size	3
innodb_ft_num_word_optimize	2000
innodb_ft_result_cache_limit	2000000000
innodb_ft_server_stopword_table	
innodb_ft_sort_pll_degree	2
innodb_ft_total_cache_size	640000000
innodb_ft_user_stopword_table	
innodb_io_capacity	800
innodb_io_capacity_max	2000
innodb_large_prefix	ON
innodb_lock_wait_timeout	5
innodb_locks_unsafe_for_binlog	OFF
innodb_log_buffer_size	67108864
innodb_log_checksums	ON
innodb_log_compressed_pages	ON
innodb_log_file_size	1073741824
innodb_log_files_in_group	2
innodb_log_group_home_dir	./
innodb_log_write_ahead_size	8192
innodb_lru_scan_depth	1024
innodb_max_dirty_pages_pct	75.000000
innodb_max_dirty_pages_pct_lwm	0.000000
innodb_max_purge_lag	0
innodb_max_purge_lag_delay	0
innodb_max_undo_log_size	1073741824
innodb_monitor_disable	
innodb_monitor_enable	
innodb_monitor_reset	
innodb_monitor_reset_all	
innodb_numa_interleave	OFF
innodb_old_blocks_pct	37
innodb_old_blocks_time	1000
innodb_online_alter_log_max_size	134217728
innodb_open_files	2000
innodb_optimize_fulltext_only	OFF
innodb_page_cleaners	4
innodb_page_size	16384
innodb_print_all_deadlocks	ON
innodb_purge_batch_size	300
innodb_purge_rseg_truncate_frequency	128
innodb_purge_threads	4
innodb_random_read_ahead	OFF
innodb_read_ahead_threshold	56
innodb_read_io_threads	4
innodb_read_only	OFF
innodb_replication_delay	0
innodb_rollback_on_timeout	OFF
innodb_rollback_segments	128
innodb_sort_buffer_size	67108864
innodb_spin_wait_delay	6
innodb_stats_auto_recalc	ON
innodb_stats_include_delete_marked	OFF
innodb_stats_method	nulls_equal
innodb_stats_on_metadata	OFF
innodb_stats_persistent	ON
innodb_stats_persistent_sample_pages	20
innodb_stats_sample_pages	8
innodb_stats_transient_sample_pages	8
innodb_status_output	OFF
innodb_status_output_locks	OFF
innodb_strict_mode	ON
innodb_support_xa	ON
innodb_sync_array_size	1
innodb_sync_spin_loops	30
innodb_table_locks	ON
innodb_temp_data_file_path	ibtmp1:12M:autoextend
innodb_thread_concurrency	0
innodb_thread_sleep_delay	10000
innodb_tmpdir	
innodb_undo_directory	./
innodb_undo_log_truncate	OFF
innodb_undo_logs	128
innodb_undo_tablespaces	3
innodb_use_native_aio	ON
innodb_version	5.7.24
innodb_write_io_threads	4
interactive_timeout	28800
internal_tmp_disk_storage_engine	InnoDB
join_buffer_size	67108864
keep_files_on_create	OFF
key_buffer_size	8388608
key_cache_age_threshold	300
key_cache_block_size	1024
key_cache_division_limit	100
keyring_operations	ON
large_files_support	ON
large_page_size	0
large_pages	OFF
lc_messages	en_US
lc_messages_dir	/usr/local/mysql/share/
lc_time_names	en_US
license	GPL
local_infile	ON
lock_wait_timeout	31536000
locked_in_memory	OFF
log_bin	ON
log_bin_basename	/data/mysql/data/mysql-bin
log_bin_index	/data/mysql/data/mysql-bin.index
log_bin_trust_function_creators	OFF
log_bin_use_v1_row_events	OFF
log_builtin_as_identified_by_password	OFF
log_error	./mysql-error.log
log_error_verbosity	3
log_output	FILE
log_queries_not_using_indexes	ON
log_slave_updates	ON
log_slow_admin_statements	ON
log_slow_slave_statements	ON
log_statements_unsafe_for_binlog	ON
log_syslog	OFF
log_syslog_facility	daemon
log_syslog_include_pid	ON
log_syslog_tag	
log_throttle_queries_not_using_indexes	10
log_timestamps	UTC
log_warnings	2
long_query_time	2.000000
low_priority_updates	OFF
lower_case_file_system	OFF
lower_case_table_names	1
master_info_repository	TABLE
master_verify_checksum	OFF
max_allowed_packet	33554432
max_binlog_cache_size	18446744073709547520
max_binlog_size	1073741824
max_binlog_stmt_cache_size	18446744073709547520
max_connect_errors	100000
max_connections	1000
max_delayed_threads	20
max_digest_length	1024
max_error_count	64
max_execution_time	0
max_heap_table_size	16777216
max_insert_delayed_threads	20
max_join_size	18446744073709551615
max_length_for_sort_data	1024
max_points_in_geometry	65536
max_prepared_stmt_count	16382
max_relay_log_size	0
max_seeks_for_key	18446744073709551615
max_sort_length	1024
max_sp_recursion_depth	0
max_tmp_tables	32
max_user_connections	0
max_write_lock_count	18446744073709551615
metadata_locks_cache_size	1024
metadata_locks_hash_instances	8
min_examined_row_limit	1000
multi_range_count	256
myisam_data_pointer_size	6
myisam_max_sort_file_size	9223372036853727232
myisam_mmap_size	18446744073709551615
myisam_recover_options	OFF
myisam_repair_threads	1
myisam_sort_buffer_size	8388608
myisam_stats_method	nulls_unequal
myisam_use_mmap	OFF
mysql_native_password_proxy_users	OFF
net_buffer_length	16384
net_read_timeout	30
net_retry_count	10
net_write_timeout	60
new	OFF
ngram_token_size	2
offline_mode	OFF
old	OFF
old_alter_table	OFF
old_passwords	0
open_files_limit	65535
optimizer_prune_level	1
optimizer_search_depth	62
optimizer_switch	index_merge=on,index_merge_union=on,index_merge_sort_union=on,index_merge_intersection=on,engine_condition_pushdown=on,index_condition_pushdown=on,mrr=on,mrr_cost_based=on,block_nested_loop=on,batched_key_access=off,materialization=on,semijoin=on,loosescan=on,firstmatch=on,duplicateweedout=on,subquery_materialization_cost_based=on,use_index_extensions=on,condition_fanout_filter=on,derived_merge=on
optimizer_trace	enabled=off,one_line=off
optimizer_trace_features	greedy_search=on,range_optimizer=on,dynamic_range=on,repeated_subselect=on
optimizer_trace_limit	1
optimizer_trace_max_mem_size	16384
optimizer_trace_offset	-1
parser_max_mem_size	18446744073709551615
performance_schema	ON
performance_schema_accounts_size	-1
performance_schema_digests_size	10000
performance_schema_events_stages_history_long_size	10000
performance_schema_events_stages_history_size	10
performance_schema_events_statements_history_long_size	10000
performance_schema_events_statements_history_size	10
performance_schema_events_transactions_history_long_size	10000
performance_schema_events_transactions_history_size	10
performance_schema_events_waits_history_long_size	10000
performance_schema_events_waits_history_size	10
performance_schema_hosts_size	-1
performance_schema_max_cond_classes	80
performance_schema_max_cond_instances	-1
performance_schema_max_digest_length	1024
performance_schema_max_file_classes	80
performance_schema_max_file_handles	32768
performance_schema_max_file_instances	-1
performance_schema_max_index_stat	-1
performance_schema_max_memory_classes	320
performance_schema_max_metadata_locks	-1
performance_schema_max_mutex_classes	210
performance_schema_max_mutex_instances	-1
performance_schema_max_prepared_statements_instances	-1
performance_schema_max_program_instances	-1
performance_schema_max_rwlock_classes	40
performance_schema_max_rwlock_instances	-1
performance_schema_max_socket_classes	10
performance_schema_max_socket_instances	-1
performance_schema_max_sql_text_length	1024
performance_schema_max_stage_classes	150
performance_schema_max_statement_classes	193
performance_schema_max_statement_stack	10
performance_schema_max_table_handles	-1
performance_schema_max_table_instances	-1
performance_schema_max_table_lock_stat	-1
performance_schema_max_thread_classes	50
performance_schema_max_thread_instances	-1
performance_schema_session_connect_attrs_size	512
performance_schema_setup_actors_size	-1
performance_schema_setup_objects_size	-1
performance_schema_users_size	-1
pid_file	/data/mysql/data/mysql.pid
plugin_dir	/usr/local/mysql/lib/plugin/
port	3306
preload_buffer_size	32768
profiling	OFF
profiling_history_size	15
protocol_version	10
query_alloc_block_size	8192
query_cache_limit	1048576
query_cache_min_res_unit	4096
query_cache_size	0
query_cache_type	OFF
query_cache_wlock_invalidate	OFF
query_prealloc_size	8192
range_alloc_block_size	4096
range_optimizer_max_mem_size	8388608
rbr_exec_mode	STRICT
read_buffer_size	16777216
read_only	OFF
read_rnd_buffer_size	33554432
relay_log	mysql-relay.log
relay_log_basename	/data/mysql/data/mysql-relay
relay_log_index	/data/mysql/data/mysql-relay.index
relay_log_info_file	relay-log.info
relay_log_info_repository	TABLE
relay_log_purge	ON
relay_log_recovery	ON
relay_log_space_limit	0
report_host	
report_password	
report_port	3306
report_user	
require_secure_transport	OFF
rpl_stop_slave_timeout	31536000
secure_auth	ON
secure_file_priv	NULL
server_id	81823306
server_id_bits	32
server_uuid	60f615a7-7aca-11e9-b73b-005056be501f
session_track_gtids	OFF
session_track_schema	ON
session_track_state_change	OFF
session_track_system_variables	time_zone,autocommit,character_set_client,character_set_results,character_set_connection
session_track_transaction_info	OFF
sha256_password_proxy_users	OFF
show_compatibility_56	OFF
show_create_table_verbosity	OFF
show_old_temporals	OFF
skip_external_locking	ON
skip_name_resolve	ON
skip_networking	OFF
skip_show_database	OFF
slave_allow_batching	OFF
slave_checkpoint_group	512
slave_checkpoint_period	300
slave_compressed_protocol	OFF
slave_exec_mode	STRICT
slave_load_tmpdir	/data/mysql/mysql_tmp
slave_max_allowed_packet	1073741824
slave_net_timeout	60
slave_parallel_type	DATABASE
slave_parallel_workers	0
slave_pending_jobs_size_max	16777216
slave_preserve_commit_order	OFF
slave_rows_search_algorithms	TABLE_SCAN,INDEX_SCAN
slave_skip_errors	1007,1008,1050,1051,1054,1060,1061,1068,1091,1146
slave_sql_verify_checksum	ON
slave_transaction_retries	10
slave_type_conversions	
slow_launch_time	2
slow_query_log	ON
slow_query_log_file	mysql-slow.log
socket	/data/mysql/data/mysql.sock
sort_buffer_size	33554432
sql_auto_is_null	OFF
sql_big_selects	ON
sql_buffer_result	OFF
sql_log_off	OFF
sql_mode	ONLY_FULL_GROUP_BY,STRICT_TRANS_TABLES,NO_ZERO_IN_DATE,NO_ZERO_DATE,ERROR_FOR_DIVISION_BY_ZERO,NO_AUTO_CREATE_USER,NO_ENGINE_SUBSTITUTION
sql_notes	ON
sql_quote_show_create	ON
sql_safe_updates	OFF
sql_select_limit	18446744073709551615
sql_slave_skip_counter	0
sql_warnings	OFF
ssl_ca	
ssl_capath	
ssl_cert	
ssl_cipher	
ssl_crl	
ssl_crlpath	
ssl_key	
stored_program_cache	256
super_read_only	OFF
sync_binlog	1
sync_frm	ON
sync_master_info	10000
sync_relay_log	10000
sync_relay_log_info	10000
system_time_zone	CST
table_definition_cache	1400
table_open_cache	2000
table_open_cache_instances	16
thread_cache_size	18
thread_handling	one-thread-per-connection
thread_stack	262144
time_format	%H:%i:%s
time_zone	SYSTEM
tls_version	TLSv1,TLSv1.1
tmp_table_size	67108864
tmpdir	/data/mysql/mysql_tmp
transaction_alloc_block_size	8192
transaction_isolation	REPEATABLE-READ
transaction_prealloc_size	4096
transaction_read_only	OFF
transaction_write_set_extraction	OFF
tx_isolation	REPEATABLE-READ
tx_read_only	OFF
unique_checks	ON
updatable_views_with_limit	YES
version	5.7.24-log
version_comment	MySQL Community Server (GPL)
version_compile_machine	x86_64
version_compile_os	linux-glibc2.12
wait_timeout	28800
ERROR LOG:
2020-11-26T16:16:18.710063Z 198979 [Note] Bad handshake
2020-11-26T16:16:49.665481Z 198980 [Note] Got an error reading communication packets
2020-12-26T16:14:23.002147Z 198981 [Note] Got an error reading communication packets
2020-12-26T16:14:24.309945Z 198982 [Note] Got an error reading communication packets
2020-12-26T16:14:25.024664Z 198983 [Note] Got an error reading communication packets
2020-12-26T16:14:29.572248Z 198984 [Note] Got an error reading communication packets
2020-12-26T16:16:10.170114Z 198985 [Note] Got packets out of order
2020-12-26T16:16:10.251555Z 198986 [Note] Got packets out of order
2020-12-26T16:16:10.268124Z 198987 [Note] Got packets out of order
2020-12-26T16:16:12.053265Z 198988 [Note] Bad handshake
2020-12-26T16:17:03.550398Z 198989 [Note] Got an error reading communication packets
2021-01-19T14:13:07.038148Z 198990 [Note] Got an error reading communication packets
2021-01-19T14:13:07.839809Z 198991 [Note] Got an error reading communication packets
2021-01-19T14:13:08.171881Z 198992 [Note] Got an error reading communication packets
2021-01-19T14:13:11.650831Z 198993 [Note] Got an error reading communication packets
2021-01-19T14:13:13.288041Z 198994 [Note] Got an error reading communication packets
2021-01-19T14:13:17.221538Z 198995 [Note] Got an error reading communication packets
2021-01-19T14:13:28.573845Z 198996 [Note] Got an error reading communication packets
2021-01-19T14:14:42.159557Z 198997 [Note] Got packets out of order
2021-01-19T14:14:42.165392Z 198998 [Note] Got packets out of order
2021-01-19T14:14:42.167641Z 198999 [Note] Got packets out of order
2021-01-19T14:14:42.860707Z 199000 [Note] Bad handshake
2021-01-19T14:15:05.937086Z 199001 [Note] Got an error reading communication packets
2021-01-21T00:01:57.012631Z 0 [Note] --secure-file-priv is set to NULL. Operations related to importing and exporting data are disabled
2021-01-21T00:01:57.012802Z 0 [Note] /usr/local/mysql/bin/mysqld (mysqld 5.7.24-log) starting as process 9395 ...
2021-01-21T00:01:57.097685Z 0 [Warning] InnoDB: Using innodb_file_format is deprecated and the parameter may be removed in future releases. See http://dev.mysql.com/doc/refman/5.7/en/innodb-file-format.html
2021-01-21T00:01:57.097723Z 0 [Warning] InnoDB: Using innodb_file_format_max is deprecated and the parameter may be removed in future releases. See http://dev.mysql.com/doc/refman/5.7/en/innodb-file-format.html
2021-01-21T00:01:57.097801Z 0 [Note] InnoDB: PUNCH HOLE support available
2021-01-21T00:01:57.097820Z 0 [Note] InnoDB: Mutexes and rw_locks use GCC atomic builtins
2021-01-21T00:01:57.097833Z 0 [Note] InnoDB: Uses event mutexes
2021-01-21T00:01:57.097840Z 0 [Note] InnoDB: GCC builtin __sync_synchronize() is used for memory barrier
2021-01-21T00:01:57.097846Z 0 [Note] InnoDB: Compressed tables use zlib 1.2.11
2021-01-21T00:01:57.097852Z 0 [Note] InnoDB: Using Linux native AIO
2021-01-21T00:01:57.099919Z 0 [Note] InnoDB: Number of pools: 1
2021-01-21T00:01:57.100055Z 0 [Note] InnoDB: Using CPU crc32 instructions
2021-01-21T00:01:57.104067Z 0 [Note] InnoDB: Initializing buffer pool, total size = 4G, instances = 8, chunk size = 128M
2021-01-21T00:01:57.489424Z 0 [Note] InnoDB: Completed initialization of buffer pool
2021-01-21T00:01:57.544532Z 0 [Note] InnoDB: If the mysqld execution user is authorized, page cleaner thread priority can be changed. See the man page of setpriority().
2021-01-21T00:01:57.584179Z 0 [Note] InnoDB: Opened 3 undo tablespaces
2021-01-21T00:01:57.584207Z 0 [Note] InnoDB: 3 undo tablespaces made active
2021-01-21T00:01:57.584514Z 0 [Note] InnoDB: Highest supported file format is Barracuda.
2021-01-21T00:01:57.648731Z 0 [Note] InnoDB: Log scan progressed past the checkpoint lsn 17897125
2021-01-21T00:01:57.648778Z 0 [Note] InnoDB: Doing recovery: scanned up to log sequence number 17897134
2021-01-21T00:01:57.648787Z 0 [Note] InnoDB: Database was not shutdown normally!
2021-01-21T00:01:57.648794Z 0 [Note] InnoDB: Starting crash recovery.
2021-01-21T00:01:58.107699Z 0 [Note] InnoDB: Last MySQL binlog file position 0 10641984, file name mysql-bin.000002
2021-01-21T00:01:58.361050Z 0 [Note] InnoDB: Removed temporary tablespace data file: "ibtmp1"
2021-01-21T00:01:58.361083Z 0 [Note] InnoDB: Creating shared tablespace for temporary tables
2021-01-21T00:01:58.361146Z 0 [Note] InnoDB: Setting file './ibtmp1' size to 12 MB. Physically writing the file full; Please wait ...
2021-01-21T00:01:58.433015Z 0 [Note] InnoDB: File './ibtmp1' size is now 12 MB.
2021-01-21T00:01:58.434023Z 0 [Note] InnoDB: 96 redo rollback segment(s) found. 96 redo rollback segment(s) are active.
2021-01-21T00:01:58.434043Z 0 [Note] InnoDB: 32 non-redo rollback segment(s) are active.
2021-01-21T00:01:58.434576Z 0 [Note] InnoDB: Waiting for purge to start
2021-01-21T00:01:58.484992Z 0 [Note] InnoDB: 5.7.24 started; log sequence number 17897134
2021-01-21T00:01:58.485365Z 0 [Note] InnoDB: Loading buffer pool(s) from /data/mysql/data/ib_buffer_pool
2021-01-21T00:01:58.486490Z 0 [Note] Plugin 'FEDERATED' is disabled.
2021-01-21T00:01:58.507661Z 0 [Note] Recovering after a crash using mysql-bin
2021-01-21T00:01:58.511860Z 0 [Note] InnoDB: Buffer pool(s) load completed at 210121  8:01:58
2021-01-21T00:01:58.594825Z 0 [Note] Starting crash recovery...
2021-01-21T00:01:58.594907Z 0 [Note] Crash recovery finished.
2021-01-21T00:01:58.649930Z 0 [Warning] Failed to set up SSL because of the following SSL library error: SSL context is not usable without certificate and private key
2021-01-21T00:01:58.649973Z 0 [Note] Server hostname (bind-address): '*'; port: 3306
2021-01-21T00:01:58.650045Z 0 [Note] IPv6 is available.
2021-01-21T00:01:58.650069Z 0 [Note]   - '::' resolves to '::';
2021-01-21T00:01:58.650096Z 0 [Note] Server socket created on IP: '::'.
2021-01-21T00:01:58.673205Z 0 [Warning] 'user' entry 'system@localhost' ignored in --skip-name-resolve mode.
2021-01-21T00:01:58.673260Z 0 [Warning] 'user' entry 'mysql.session@localhost' ignored in --skip-name-resolve mode.
2021-01-21T00:01:58.673276Z 0 [Warning] 'user' entry 'mysql.sys@localhost' ignored in --skip-name-resolve mode.
2021-01-21T00:01:58.673590Z 0 [Warning] 'db' entry 'performance_schema mysql.session@localhost' ignored in --skip-name-resolve mode.
2021-01-21T00:01:58.673622Z 0 [Warning] 'db' entry 'sys mysql.sys@localhost' ignored in --skip-name-resolve mode.
2021-01-21T00:01:58.673890Z 0 [Warning] 'proxies_priv' entry '@ root@localhost' ignored in --skip-name-resolve mode.
2021-01-21T00:01:58.683449Z 0 [Warning] 'tables_priv' entry 'user mysql.session@localhost' ignored in --skip-name-resolve mode.
2021-01-21T00:01:58.683474Z 0 [Warning] 'tables_priv' entry 'sys_config mysql.sys@localhost' ignored in --skip-name-resolve mode.
2021-01-21T00:01:58.688771Z 0 [Note] Failed to start slave threads for channel ''
2021-01-21T00:01:58.721438Z 0 [Note] Event Scheduler: Loaded 0 events
2021-01-21T00:01:58.722102Z 0 [Note] /usr/local/mysql/bin/mysqld: ready for connections.
Version: '5.7.24-log'  socket: '/data/mysql/data/mysql.sock'  port: 3306  MySQL Community Server (GPL)
2021-02-02T07:19:33.731912Z 2 [Note] Access denied for user 'root'@'localhost' (using password: NO)
2021-02-02T07:19:33.731935Z 3 [Note] Access denied for user 'system'@'localhost' (using password: YES)
2021-02-02T07:19:33.738741Z 4 [Note] Access denied for user 'system'@'localhost' (using password: YES)
2021-02-02T07:19:33.747776Z 5 [Note] Access denied for user 'system'@'localhost' (using password: YES)
2021-02-02T07:19:33.755009Z 6 [Note] Access denied for user 'system'@'localhost' (using password: YES)
2021-02-02T07:19:33.761896Z 7 [Note] Access denied for user 'system'@'localhost' (using password: YES)
2021-02-02T07:19:33.768954Z 8 [Note] Access denied for user 'system'@'localhost' (using password: YES)
2021-02-02T07:19:33.775959Z 9 [Note] Access denied for user 'system'@'localhost' (using password: YES)
2021-02-02T07:19:33.783205Z 10 [Note] Access denied for user 'system'@'localhost' (using password: YES)
2021-02-02T07:19:33.791490Z 11 [Note] Access denied for user 'system'@'localhost' (using password: YES)
2021-02-02T07:19:33.798521Z 12 [Note] Access denied for user 'system'@'localhost' (using password: YES)
2021-02-02T07:19:33.850924Z 13 [Note] Access denied for user 'system'@'localhost' (using password: YES)
2021-02-02T07:19:33.857887Z 14 [Note] Access denied for user 'system'@'localhost' (using password: YES)
2021-02-02T07:19:33.862844Z 15 [Note] Access denied for user 'system'@'localhost' (using password: YES)
2021-02-02T07:19:33.868661Z 16 [Note] Access denied for user 'system'@'localhost' (using password: YES)
2021-02-02T07:20:25.964205Z 18 [Note] Access denied for user 'system'@'localhost' (using password: YES)
2021-02-02T07:21:25.584131Z 20 [Note] Access denied for user 'system'@'127.0.0.1' (using password: YES)
2021-02-02T07:22:15.399543Z 22 [Note] Access denied for user 'root'@'localhost' (using password: YES)
2021-02-02T07:22:15.402561Z 23 [Note] Access denied for user 'root'@'localhost' (using password: NO)
2021-02-02T07:22:15.406350Z 24 [Note] Access denied for user 'root'@'localhost' (using password: YES)
2021-02-02T07:22:15.414280Z 25 [Note] Access denied for user 'root'@'localhost' (using password: YES)
2021-02-02T07:22:15.424534Z 26 [Note] Access denied for user 'root'@'localhost' (using password: YES)
2021-02-02T07:22:15.431457Z 27 [Note] Access denied for user 'root'@'localhost' (using password: YES)
2021-02-02T07:22:15.438340Z 28 [Note] Access denied for user 'root'@'localhost' (using password: YES)
2021-02-02T07:22:15.445169Z 29 [Note] Access denied for user 'root'@'localhost' (using password: YES)
2021-02-02T07:22:15.451981Z 30 [Note] Access denied for user 'root'@'localhost' (using password: YES)
2021-02-02T07:22:15.460130Z 31 [Note] Access denied for user 'root'@'localhost' (using password: YES)
2021-02-02T07:22:15.465766Z 32 [Note] Access denied for user 'root'@'localhost' (using password: YES)
2021-02-02T07:22:15.523901Z 33 [Note] Access denied for user 'root'@'localhost' (using password: YES)
2021-02-02T07:22:15.530911Z 34 [Note] Access denied for user 'root'@'localhost' (using password: YES)
2021-02-02T07:22:15.535753Z 35 [Note] Access denied for user 'root'@'localhost' (using password: YES)
2021-02-02T07:22:15.542708Z 36 [Note] Access denied for user 'root'@'localhost' (using password: YES)
2021-02-02T07:23:24.266262Z 37 [Note] Access denied for user 'root'@'127.0.0.1' (using password: YES)
2021-02-02T07:23:24.268316Z 38 [Note] Access denied for user 'root'@'localhost' (using password: NO)
2021-02-02T07:23:24.275442Z 39 [Note] Access denied for user 'root'@'127.0.0.1' (using password: YES)
2021-02-02T07:23:24.283099Z 40 [Note] Access denied for user 'root'@'127.0.0.1' (using password: YES)
2021-02-02T07:23:24.290412Z 41 [Note] Access denied for user 'root'@'127.0.0.1' (using password: YES)
2021-02-02T07:23:24.297862Z 42 [Note] Access denied for user 'root'@'127.0.0.1' (using password: YES)
2021-02-02T07:23:24.304617Z 43 [Note] Access denied for user 'root'@'127.0.0.1' (using password: YES)
2021-02-02T07:23:24.311525Z 44 [Note] Access denied for user 'root'@'127.0.0.1' (using password: YES)
2021-02-02T07:23:24.318244Z 45 [Note] Access denied for user 'root'@'127.0.0.1' (using password: YES)
2021-02-02T07:23:24.324375Z 46 [Note] Access denied for user 'root'@'127.0.0.1' (using password: YES)
2021-02-02T07:23:24.330353Z 47 [Note] Access denied for user 'root'@'127.0.0.1' (using password: YES)
2021-02-02T07:23:24.384297Z 48 [Note] Access denied for user 'root'@'127.0.0.1' (using password: YES)
2021-02-02T07:23:24.391351Z 49 [Note] Access denied for user 'root'@'127.0.0.1' (using password: YES)
2021-02-02T07:23:24.396384Z 50 [Note] Access denied for user 'root'@'127.0.0.1' (using password: YES)
2021-02-02T07:23:24.402790Z 51 [Note] Access denied for user 'root'@'127.0.0.1' (using password: YES)
2021-02-02T07:23:34.629997Z 52 [Note] Access denied for user 'root'@'127.0.0.1' (using password: YES)
2021-02-02T07:24:11.428190Z 55 [Note] Access denied for user 'root'@'localhost' (using password: NO)
2021-02-19T14:13:50.021852Z 70 [Note] Got an error reading communication packets
2021-02-19T14:13:51.340472Z 71 [Note] Got an error reading communication packets
2021-02-19T14:13:56.850284Z 72 [Note] Got an error reading communication packets
2021-02-19T14:15:38.602674Z 73 [Note] Got packets out of order
2021-02-19T14:15:38.659983Z 74 [Note] Got packets out of order
2021-02-19T14:15:38.732546Z 75 [Note] Got packets out of order
2021-02-19T14:15:52.410278Z 76 [Note] Got an error reading communication packets
2021-02-19T14:16:21.425329Z 77 [Note] Bad handshake
2021-02-19T14:16:36.832816Z 78 [Note] Got an error reading communication packets
2021-03-15T14:10:05.057482Z 79 [Note] Got an error reading communication packets
2021-03-15T14:10:07.999192Z 80 [Note] Got an error reading communication packets
2021-03-15T14:10:08.399181Z 81 [Note] Got an error reading communication packets
2021-03-15T14:10:08.766374Z 82 [Note] Got an error reading communication packets
2021-03-15T14:10:09.495433Z 83 [Note] Got an error reading communication packets
2021-03-15T14:10:09.904513Z 84 [Note] Got an error reading communication packets
2021-03-15T14:10:10.290487Z 85 [Note] Got an error reading communication packets
2021-03-15T14:10:12.160025Z 86 [Note] Got an error reading communication packets
2021-03-15T14:10:26.756682Z 87 [Note] Got an error reading communication packets
2021-03-15T14:11:52.454471Z 88 [Note] Got packets out of order
2021-03-15T14:11:52.501710Z 89 [Note] Got packets out of order
2021-03-15T14:11:52.524168Z 90 [Note] Got packets out of order
2021-03-15T14:11:56.341171Z 91 [Note] Bad handshake
2021-03-15T14:12:50.662043Z 92 [Note] Got an error reading communication packets
2021-04-08T07:46:05.977207Z 94 [Note] Access denied for user 'system'@'127.0.0.1' (using password: YES)
2021-04-08T07:46:05.977232Z 95 [Note] Access denied for user 'root'@'localhost' (using password: NO)
2021-04-08T07:46:05.984553Z 96 [Note] Access denied for user 'system'@'127.0.0.1' (using password: YES)
2021-04-08T07:46:05.992458Z 97 [Note] Access denied for user 'system'@'127.0.0.1' (using password: YES)
2021-04-08T07:46:06.000200Z 98 [Note] Access denied for user 'system'@'127.0.0.1' (using password: YES)
2021-04-08T07:46:06.007195Z 99 [Note] Access denied for user 'system'@'127.0.0.1' (using password: YES)
2021-04-08T07:46:06.013909Z 100 [Note] Access denied for user 'system'@'127.0.0.1' (using password: YES)
2021-04-08T07:46:06.020641Z 101 [Note] Access denied for user 'system'@'127.0.0.1' (using password: YES)
2021-04-08T07:46:06.027772Z 102 [Note] Access denied for user 'system'@'127.0.0.1' (using password: YES)
2021-04-08T07:46:06.034008Z 103 [Note] Access denied for user 'system'@'127.0.0.1' (using password: YES)
2021-04-08T07:46:06.039913Z 104 [Note] Access denied for user 'system'@'127.0.0.1' (using password: YES)
2021-04-08T07:46:06.094980Z 105 [Note] Access denied for user 'system'@'127.0.0.1' (using password: YES)
2021-04-08T07:46:06.102113Z 106 [Note] Access denied for user 'system'@'127.0.0.1' (using password: YES)
2021-04-08T07:46:06.107624Z 107 [Note] Access denied for user 'system'@'127.0.0.1' (using password: YES)
2021-04-08T07:46:06.112738Z 108 [Note] Access denied for user 'system'@'127.0.0.1' (using password: YES)
2021-04-08T07:46:06.117743Z 109 [Note] Access denied for user 'system'@'127.0.0.1' (using password: YES)
2021-04-08T07:46:06.122874Z 110 [Note] Access denied for user 'system'@'127.0.0.1' (using password: YES)
2021-04-08T07:46:06.127859Z 111 [Note] Access denied for user 'system'@'127.0.0.1' (using password: YES)
2021-04-08T07:46:06.133900Z 112 [Note] Access denied for user 'system'@'127.0.0.1' (using password: YES)
2021-04-08T07:46:57.367085Z 115 [Note] Access denied for user 'root'@'localhost' (using password: NO)
2021-04-15T14:11:51.035746Z 134 [Note] Got an error reading communication packets
2021-04-15T14:11:58.727557Z 135 [Note] Got an error reading communication packets
2021-04-15T14:11:59.052449Z 136 [Note] Got an error reading communication packets
2021-04-15T14:13:38.128955Z 137 [Note] Got packets out of order
2021-04-15T14:13:38.219107Z 138 [Note] Got packets out of order
2021-04-15T14:13:48.152099Z 139 [Note] Got an error reading communication packets
2021-04-15T14:14:20.336845Z 140 [Note] Bad handshake
2021-04-15T14:14:45.606992Z 141 [Note] Got an error reading communication packets
2021-05-15T14:10:24.015744Z 142 [Note] Got an error reading communication packets
2021-05-15T14:10:24.307982Z 143 [Note] Got an error reading communication packets
2021-05-15T14:10:25.692490Z 144 [Note] Got an error reading communication packets
2021-05-15T14:12:01.897411Z 145 [Note] Got packets out of order
2021-05-15T14:12:02.035469Z 146 [Note] Got packets out of order
2021-05-15T14:12:02.052442Z 147 [Note] Got packets out of order
2021-05-15T14:12:13.050686Z 148 [Note] Got an error reading communication packets
2021-05-15T14:12:15.155250Z 149 [Note] Bad handshake
2021-05-15T14:12:57.421438Z 150 [Note] Got an error reading communication packets
2021-06-15T14:10:26.004390Z 151 [Note] Got an error reading communication packets
2021-06-15T14:10:27.007101Z 152 [Note] Got an error reading communication packets
2021-06-15T14:10:28.055042Z 153 [Note] Got an error reading communication packets
2021-06-15T14:10:28.445289Z 154 [Note] Got an error reading communication packets
2021-06-15T14:10:29.786756Z 155 [Note] Got an error reading communication packets
2021-06-15T14:10:33.487889Z 156 [Note] Got an error reading communication packets
2021-06-15T14:10:45.591072Z 157 [Note] Got an error reading communication packets
2021-06-15T14:12:04.459216Z 158 [Note] Got packets out of order
2021-06-15T14:12:04.611167Z 159 [Note] Got packets out of order
2021-06-15T14:12:04.734394Z 160 [Note] Got packets out of order
2021-06-15T14:12:18.666320Z 161 [Note] Got an error reading communication packets
2021-06-15T14:12:37.791591Z 162 [Note] Bad handshake
2021-06-15T14:12:59.161064Z 163 [Note] Got an error reading communication packets
2021-07-15T05:58:42.323079Z 165 [Note] Access denied for user 'root'@'localhost' (using password: NO)
