******************** MySQL--localhost--3306 ***********************
--------------
mysql  Ver 14.14 Distrib 5.6.32, for Linux (x86_64) using  EditLine wrapper

Connection id:		31936
Current database:	
Current user:		root@localhost
SSL:			Not in use
Current pager:		stdout
Using outfile:		''
Using delimiter:	;
Server version:		5.6.32 MySQL Community Server (GPL)
Protocol version:	10
Connection:		Localhost via UNIX socket
Server characterset:	latin1
Db     characterset:	latin1
Client characterset:	utf8
Conn.  characterset:	utf8
UNIX socket:		/var/lib/mysql/mysql.sock
Uptime:			996 days 4 hours 16 min 36 sec

Threads: 3  Questions: 105601001  Slow queries: 49  Opens: 1274  Flush tables: 1  Open tables: 194  Queries per second avg: 1.226
--------------

                             basedir :	      /usr
                             datadir :	/var/lib/mysql/
                                     :	          
               ####Business info#### :	          
                       Database size :	supplier_prd 1.161 GB
                       Tables counts :	supplier_prd 122
                      Engines counts :	InnoDB 122
                 Top 10 of big table :	sup_spare_bid_detail 1017175 sup_spare_part_info 558717 ava_image 481568 sup_spare_bid_detail_backup 249950 sup_spare_bid_list 248481 sup_spare_procedure 205869 ava_procedure 193943 sup_user_log 184779 ava_vehicle_model 135461 ava_vehicle_info_history 110722
        Top 10 of auto increment num :	sup_spare_procedure 209475 sup_sp_procedure 15563 sup_geo_district 3318 sup_geo_city 849 sup_geo_province 87
                                     :	          
              ####Runtime status#### :	          
                   Threads connected :	     3.00 
                                 QPS :	     1.19 
                                 TPS :	     0.05 
                               Reads :	75802589.00 
                              Writes :	14280703.00 
                   Read/Writes Ratio :	  530.80% 
   MyISAM Key buffer read hits(>99%) :	  100.00% 
        MyISAM Key buffer write hits :	  100.00% 
                    Query cache hits :	    NULL% 
       InnoDB buffer read hits(>95%) :	   99.09% 
             Thread cache hits(>90%) :	   97.54% 
             Slow queries per second :	     0.00 
         Select full join per second :	     0.95 
      Select full join in all select :	    1.79% 
         MyiSAM lock contention(<1%) :	    0.00% 
           Temp tables to disk ratio :	   31.15% 
Replication status:
Global variables:
auto_increment_increment	1
auto_increment_offset	1
autocommit	ON
automatic_sp_privileges	ON
avoid_temporal_upgrade	OFF
back_log	80
basedir	/usr
big_tables	OFF
bind_address	*
binlog_cache_size	32768
binlog_checksum	CRC32
binlog_direct_non_transactional_updates	OFF
binlog_error_action	IGNORE_ERROR
binlog_format	STATEMENT
binlog_gtid_simple_recovery	OFF
binlog_max_flush_queue_time	0
binlog_order_commits	ON
binlog_row_image	FULL
binlog_rows_query_log_events	OFF
binlog_stmt_cache_size	32768
binlogging_impossible_mode	IGNORE_ERROR
block_encryption_mode	aes-128-ecb
bulk_insert_buffer_size	8388608
character_set_client	latin1
character_set_connection	latin1
character_set_database	latin1
character_set_filesystem	binary
character_set_results	latin1
character_set_server	latin1
character_set_system	utf8
character_sets_dir	/usr/share/mysql/charsets/
collation_connection	latin1_swedish_ci
collation_database	latin1_swedish_ci
collation_server	latin1_swedish_ci
completion_type	NO_CHAIN
concurrent_insert	AUTO
connect_timeout	10
core_file	OFF
datadir	/var/lib/mysql/
date_format	%Y-%m-%d
datetime_format	%Y-%m-%d %H:%i:%s
default_storage_engine	InnoDB
default_tmp_storage_engine	InnoDB
default_week_format	0
delay_key_write	ON
delayed_insert_limit	100
delayed_insert_timeout	300
delayed_queue_size	1000
disconnect_on_expired_password	ON
div_precision_increment	4
end_markers_in_json	OFF
enforce_gtid_consistency	OFF
eq_range_index_dive_limit	10
event_scheduler	OFF
expire_logs_days	0
explicit_defaults_for_timestamp	OFF
flush	OFF
flush_time	0
foreign_key_checks	ON
ft_boolean_syntax	+ -><()~*:""&|
ft_max_word_len	84
ft_min_word_len	4
ft_query_expansion_limit	20
ft_stopword_file	(built-in)
general_log	OFF
general_log_file	/var/lib/mysql/localhost.log
group_concat_max_len	1024
gtid_executed	
gtid_mode	OFF
gtid_owned	
gtid_purged	
have_compress	YES
have_crypt	YES
have_dynamic_loading	YES
have_geometry	YES
have_openssl	DISABLED
have_profiling	YES
have_query_cache	YES
have_rtree_keys	YES
have_ssl	DISABLED
have_symlink	YES
host_cache_size	279
hostname	localhost.localdomain
ignore_builtin_innodb	OFF
ignore_db_dirs	
init_connect	
init_file	
init_slave	
innodb_adaptive_flushing	ON
innodb_adaptive_flushing_lwm	10
innodb_adaptive_hash_index	ON
innodb_adaptive_max_sleep_delay	150000
innodb_additional_mem_pool_size	8388608
innodb_api_bk_commit_interval	5
innodb_api_disable_rowlock	OFF
innodb_api_enable_binlog	OFF
innodb_api_enable_mdl	OFF
innodb_api_trx_level	0
innodb_autoextend_increment	64
innodb_autoinc_lock_mode	1
innodb_buffer_pool_dump_at_shutdown	OFF
innodb_buffer_pool_dump_now	OFF
innodb_buffer_pool_filename	ib_buffer_pool
innodb_buffer_pool_instances	8
innodb_buffer_pool_load_abort	OFF
innodb_buffer_pool_load_at_startup	OFF
innodb_buffer_pool_load_now	OFF
innodb_buffer_pool_size	134217728
innodb_change_buffer_max_size	25
innodb_change_buffering	all
innodb_checksum_algorithm	innodb
innodb_checksums	ON
innodb_cmp_per_index_enabled	OFF
innodb_commit_concurrency	0
innodb_compression_failure_threshold_pct	5
innodb_compression_level	6
innodb_compression_pad_pct_max	50
innodb_concurrency_tickets	5000
innodb_data_file_path	ibdata1:12M:autoextend
innodb_data_home_dir	
innodb_disable_sort_file_cache	OFF
innodb_doublewrite	ON
innodb_fast_shutdown	1
innodb_file_format	Antelope
innodb_file_format_check	ON
innodb_file_format_max	Antelope
innodb_file_per_table	ON
innodb_flush_log_at_timeout	1
innodb_flush_log_at_trx_commit	1
innodb_flush_method	
innodb_flush_neighbors	1
innodb_flushing_avg_loops	30
innodb_force_load_corrupted	OFF
innodb_force_recovery	0
innodb_ft_aux_table	
innodb_ft_cache_size	8000000
innodb_ft_enable_diag_print	OFF
innodb_ft_enable_stopword	ON
innodb_ft_max_token_size	84
innodb_ft_min_token_size	3
innodb_ft_num_word_optimize	2000
innodb_ft_result_cache_limit	2000000000
innodb_ft_server_stopword_table	
innodb_ft_sort_pll_degree	2
innodb_ft_total_cache_size	640000000
innodb_ft_user_stopword_table	
innodb_io_capacity	200
innodb_io_capacity_max	2000
innodb_large_prefix	OFF
innodb_lock_wait_timeout	50
innodb_locks_unsafe_for_binlog	OFF
innodb_log_buffer_size	8388608
innodb_log_compressed_pages	ON
innodb_log_file_size	50331648
innodb_log_files_in_group	2
innodb_log_group_home_dir	./
innodb_lru_scan_depth	1024
innodb_max_dirty_pages_pct	75
innodb_max_dirty_pages_pct_lwm	0
innodb_max_purge_lag	0
innodb_max_purge_lag_delay	0
innodb_mirrored_log_groups	1
innodb_monitor_disable	
innodb_monitor_enable	
innodb_monitor_reset	
innodb_monitor_reset_all	
innodb_old_blocks_pct	37
innodb_old_blocks_time	1000
innodb_online_alter_log_max_size	134217728
innodb_open_files	2000
innodb_optimize_fulltext_only	OFF
innodb_page_size	16384
innodb_print_all_deadlocks	OFF
innodb_purge_batch_size	300
innodb_purge_threads	1
innodb_random_read_ahead	OFF
innodb_read_ahead_threshold	56
innodb_read_io_threads	4
innodb_read_only	OFF
innodb_replication_delay	0
innodb_rollback_on_timeout	OFF
innodb_rollback_segments	128
innodb_sort_buffer_size	1048576
innodb_spin_wait_delay	6
innodb_stats_auto_recalc	ON
innodb_stats_method	nulls_equal
innodb_stats_on_metadata	OFF
innodb_stats_persistent	ON
innodb_stats_persistent_sample_pages	20
innodb_stats_sample_pages	8
innodb_stats_transient_sample_pages	8
innodb_status_output	OFF
innodb_status_output_locks	OFF
innodb_strict_mode	OFF
innodb_support_xa	ON
innodb_sync_array_size	1
innodb_sync_spin_loops	30
innodb_table_locks	ON
innodb_thread_concurrency	0
innodb_thread_sleep_delay	10000
innodb_tmpdir	
innodb_undo_directory	.
innodb_undo_logs	128
innodb_undo_tablespaces	0
innodb_use_native_aio	ON
innodb_use_sys_malloc	ON
innodb_version	5.6.32
innodb_write_io_threads	4
interactive_timeout	28800
join_buffer_size	262144
keep_files_on_create	OFF
key_buffer_size	8388608
key_cache_age_threshold	300
key_cache_block_size	1024
key_cache_division_limit	100
large_files_support	ON
large_page_size	0
large_pages	OFF
lc_messages	en_US
lc_messages_dir	/usr/share/mysql/
lc_time_names	en_US
license	GPL
local_infile	ON
lock_wait_timeout	31536000
locked_in_memory	OFF
log_bin	OFF
log_bin_basename	
log_bin_index	
log_bin_trust_function_creators	OFF
log_bin_use_v1_row_events	OFF
log_error	/var/lib/mysql/localhost.localdomain.err
log_output	FILE
log_queries_not_using_indexes	OFF
log_slave_updates	OFF
log_slow_admin_statements	OFF
log_slow_slave_statements	OFF
log_throttle_queries_not_using_indexes	0
log_warnings	1
long_query_time	10.000000
low_priority_updates	OFF
lower_case_file_system	OFF
lower_case_table_names	0
master_info_repository	FILE
master_verify_checksum	OFF
max_allowed_packet	4194304
max_binlog_cache_size	18446744073709547520
max_binlog_size	1073741824
max_binlog_stmt_cache_size	18446744073709547520
max_connect_errors	100
max_connections	151
max_delayed_threads	20
max_digest_length	1024
max_error_count	64
max_heap_table_size	16777216
max_insert_delayed_threads	20
max_join_size	18446744073709551615
max_length_for_sort_data	1024
max_prepared_stmt_count	16382
max_relay_log_size	0
max_seeks_for_key	18446744073709551615
max_sort_length	1024
max_sp_recursion_depth	0
max_tmp_tables	32
max_user_connections	0
max_write_lock_count	18446744073709551615
metadata_locks_cache_size	1024
metadata_locks_hash_instances	8
min_examined_row_limit	0
multi_range_count	256
myisam_data_pointer_size	6
myisam_max_sort_file_size	9223372036853727232
myisam_mmap_size	18446744073709551615
myisam_recover_options	OFF
myisam_repair_threads	1
myisam_sort_buffer_size	8388608
myisam_stats_method	nulls_unequal
myisam_use_mmap	OFF
net_buffer_length	16384
net_read_timeout	30
net_retry_count	10
net_write_timeout	60
new	OFF
old	OFF
old_alter_table	OFF
old_passwords	0
open_files_limit	65535
optimizer_prune_level	1
optimizer_search_depth	62
optimizer_switch	index_merge=on,index_merge_union=on,index_merge_sort_union=on,index_merge_intersection=on,engine_condition_pushdown=on,index_condition_pushdown=on,mrr=on,mrr_cost_based=on,block_nested_loop=on,batched_key_access=off,materialization=on,semijoin=on,loosescan=on,firstmatch=on,subquery_materialization_cost_based=on,use_index_extensions=on
optimizer_trace	enabled=off,one_line=off
optimizer_trace_features	greedy_search=on,range_optimizer=on,dynamic_range=on,repeated_subselect=on
optimizer_trace_limit	1
optimizer_trace_max_mem_size	16384
optimizer_trace_offset	-1
performance_schema	ON
performance_schema_accounts_size	100
performance_schema_digests_size	10000
performance_schema_events_stages_history_long_size	10000
performance_schema_events_stages_history_size	10
performance_schema_events_statements_history_long_size	10000
performance_schema_events_statements_history_size	10
performance_schema_events_waits_history_long_size	10000
performance_schema_events_waits_history_size	10
performance_schema_hosts_size	100
performance_schema_max_cond_classes	80
performance_schema_max_cond_instances	3504
performance_schema_max_digest_length	1024
performance_schema_max_file_classes	50
performance_schema_max_file_handles	32768
performance_schema_max_file_instances	7693
performance_schema_max_mutex_classes	200
performance_schema_max_mutex_instances	15906
performance_schema_max_rwlock_classes	40
performance_schema_max_rwlock_instances	9102
performance_schema_max_socket_classes	10
performance_schema_max_socket_instances	322
performance_schema_max_stage_classes	150
performance_schema_max_statement_classes	168
performance_schema_max_table_handles	4000
performance_schema_max_table_instances	12500
performance_schema_max_thread_classes	50
performance_schema_max_thread_instances	402
performance_schema_session_connect_attrs_size	512
performance_schema_setup_actors_size	100
performance_schema_setup_objects_size	100
performance_schema_users_size	100
pid_file	/var/lib/mysql/localhost.localdomain.pid
plugin_dir	/usr/lib64/mysql/plugin/
port	3306
preload_buffer_size	32768
profiling	OFF
profiling_history_size	15
protocol_version	10
query_alloc_block_size	8192
query_cache_limit	1048576
query_cache_min_res_unit	4096
query_cache_size	1048576
query_cache_type	OFF
query_cache_wlock_invalidate	OFF
query_prealloc_size	8192
range_alloc_block_size	4096
read_buffer_size	131072
read_only	OFF
read_rnd_buffer_size	262144
relay_log	
relay_log_basename	
relay_log_index	
relay_log_info_file	relay-log.info
relay_log_info_repository	FILE
relay_log_purge	ON
relay_log_recovery	OFF
relay_log_space_limit	0
report_host	
report_password	
report_port	3306
report_user	
rpl_stop_slave_timeout	31536000
secure_auth	ON
secure_file_priv	
server_id	0
server_id_bits	32
server_uuid	fb175b24-d69b-11e8-94f4-005056be1795
show_old_temporals	OFF
simplified_binlog_gtid_recovery	OFF
skip_external_locking	ON
skip_name_resolve	OFF
skip_networking	OFF
skip_show_database	OFF
slave_allow_batching	OFF
slave_checkpoint_group	512
slave_checkpoint_period	300
slave_compressed_protocol	OFF
slave_exec_mode	STRICT
slave_load_tmpdir	/tmp
slave_max_allowed_packet	1073741824
slave_net_timeout	3600
slave_parallel_workers	0
slave_pending_jobs_size_max	16777216
slave_rows_search_algorithms	TABLE_SCAN,INDEX_SCAN
slave_skip_errors	OFF
slave_sql_verify_checksum	ON
slave_transaction_retries	10
slave_type_conversions	
slow_launch_time	2
slow_query_log	OFF
slow_query_log_file	/var/lib/mysql/localhost-slow.log
socket	/var/lib/mysql/mysql.sock
sort_buffer_size	262144
sql_auto_is_null	OFF
sql_big_selects	ON
sql_buffer_result	OFF
sql_log_bin	ON
sql_log_off	OFF
sql_mode	STRICT_TRANS_TABLES,NO_ENGINE_SUBSTITUTION
sql_notes	ON
sql_quote_show_create	ON
sql_safe_updates	OFF
sql_select_limit	18446744073709551615
sql_slave_skip_counter	0
sql_warnings	OFF
ssl_ca	
ssl_capath	
ssl_cert	
ssl_cipher	
ssl_crl	
ssl_crlpath	
ssl_key	
storage_engine	InnoDB
stored_program_cache	256
sync_binlog	0
sync_frm	ON
sync_master_info	10000
sync_relay_log	10000
sync_relay_log_info	10000
system_time_zone	CST
table_definition_cache	1400
table_open_cache	2000
table_open_cache_instances	1
thread_cache_size	9
thread_concurrency	10
thread_handling	one-thread-per-connection
thread_stack	262144
time_format	%H:%i:%s
time_zone	SYSTEM
timed_mutexes	OFF
tmp_table_size	16777216
tmpdir	/tmp
transaction_alloc_block_size	8192
transaction_prealloc_size	4096
tx_isolation	REPEATABLE-READ
tx_read_only	OFF
unique_checks	ON
updatable_views_with_limit	YES
version	5.6.32
version_comment	MySQL Community Server (GPL)
version_compile_machine	x86_64
version_compile_os	Linux
wait_timeout	28800
ERROR LOG:

2018-10-23 16:26:24 31613 [Note] Giving 0 client threads a chance to die gracefully
2018-10-23 16:26:24 31613 [Note] Shutting down slave threads
2018-10-23 16:26:24 31613 [Note] Forcefully disconnecting 0 remaining clients
2018-10-23 16:26:24 31613 [Note] Binlog end
2018-10-23 16:26:24 31613 [Note] Shutting down plugin 'partition'
2018-10-23 16:26:24 31613 [Note] Shutting down plugin 'ARCHIVE'
2018-10-23 16:26:24 31613 [Note] Shutting down plugin 'BLACKHOLE'
2018-10-23 16:26:24 31613 [Note] Shutting down plugin 'PERFORMANCE_SCHEMA'
2018-10-23 16:26:24 31613 [Note] Shutting down plugin 'INNODB_SYS_DATAFILES'
2018-10-23 16:26:24 31613 [Note] Shutting down plugin 'INNODB_SYS_TABLESPACES'
2018-10-23 16:26:24 31613 [Note] Shutting down plugin 'INNODB_SYS_FOREIGN_COLS'
2018-10-23 16:26:24 31613 [Note] Shutting down plugin 'INNODB_SYS_FOREIGN'
2018-10-23 16:26:24 31613 [Note] Shutting down plugin 'INNODB_SYS_FIELDS'
2018-10-23 16:26:24 31613 [Note] Shutting down plugin 'INNODB_SYS_COLUMNS'
2018-10-23 16:26:24 31613 [Note] Shutting down plugin 'INNODB_SYS_INDEXES'
2018-10-23 16:26:24 31613 [Note] Shutting down plugin 'INNODB_SYS_TABLESTATS'
2018-10-23 16:26:24 31613 [Note] Shutting down plugin 'INNODB_SYS_TABLES'
2018-10-23 16:26:24 31613 [Note] Shutting down plugin 'INNODB_FT_INDEX_TABLE'
2018-10-23 16:26:24 31613 [Note] Shutting down plugin 'INNODB_FT_INDEX_CACHE'
2018-10-23 16:26:24 31613 [Note] Shutting down plugin 'INNODB_FT_CONFIG'
2018-10-23 16:26:24 31613 [Note] Shutting down plugin 'INNODB_FT_BEING_DELETED'
2018-10-23 16:26:24 31613 [Note] Shutting down plugin 'INNODB_FT_DELETED'
2018-10-23 16:26:24 31613 [Note] Shutting down plugin 'INNODB_FT_DEFAULT_STOPWORD'
2018-10-23 16:26:24 31613 [Note] Shutting down plugin 'INNODB_METRICS'
2018-10-23 16:26:24 31613 [Note] Shutting down plugin 'INNODB_BUFFER_POOL_STATS'
2018-10-23 16:26:24 31613 [Note] Shutting down plugin 'INNODB_BUFFER_PAGE_LRU'
2018-10-23 16:26:24 31613 [Note] Shutting down plugin 'INNODB_BUFFER_PAGE'
2018-10-23 16:26:24 31613 [Note] Shutting down plugin 'INNODB_CMP_PER_INDEX_RESET'
2018-10-23 16:26:24 31613 [Note] Shutting down plugin 'INNODB_CMP_PER_INDEX'
2018-10-23 16:26:24 31613 [Note] Shutting down plugin 'INNODB_CMPMEM_RESET'
2018-10-23 16:26:24 31613 [Note] Shutting down plugin 'INNODB_CMPMEM'
2018-10-23 16:26:24 31613 [Note] Shutting down plugin 'INNODB_CMP_RESET'
2018-10-23 16:26:24 31613 [Note] Shutting down plugin 'INNODB_CMP'
2018-10-23 16:26:24 31613 [Note] Shutting down plugin 'INNODB_LOCK_WAITS'
2018-10-23 16:26:24 31613 [Note] Shutting down plugin 'INNODB_LOCKS'
2018-10-23 16:26:24 31613 [Note] Shutting down plugin 'INNODB_TRX'
2018-10-23 16:26:24 31613 [Note] Shutting down plugin 'InnoDB'
2018-10-23 16:26:24 31613 [Note] InnoDB: FTS optimize thread exiting.
2018-10-23 16:26:24 31613 [Note] InnoDB: Starting shutdown...
2018-10-23 16:26:26 31613 [Note] InnoDB: Shutdown completed; log sequence number 1626007
2018-10-23 16:26:26 31613 [Note] Shutting down plugin 'CSV'
2018-10-23 16:26:26 31613 [Note] Shutting down plugin 'MEMORY'
2018-10-23 16:26:26 31613 [Note] Shutting down plugin 'MyISAM'
2018-10-23 16:26:26 31613 [Note] Shutting down plugin 'MRG_MYISAM'
2018-10-23 16:26:26 31613 [Note] Shutting down plugin 'sha256_password'
2018-10-23 16:26:26 31613 [Note] Shutting down plugin 'mysql_old_password'
2018-10-23 16:26:26 31613 [Note] Shutting down plugin 'mysql_native_password'
2018-10-23 16:26:26 31613 [Note] Shutting down plugin 'binlog'
2018-10-23 16:26:26 31613 [Note] /usr/sbin/mysqld: Shutdown complete

181023 16:26:26 mysqld_safe mysqld from pid file /var/lib/mysql/localhost.localdomain.pid ended
181023 16:26:26 mysqld_safe Starting mysqld daemon with databases from /var/lib/mysql
2018-10-23 16:26:27 0 [Warning] TIMESTAMP with implicit DEFAULT value is deprecated. Please use --explicit_defaults_for_timestamp server option (see documentation for more details).
2018-10-23 16:26:27 0 [Note] /usr/sbin/mysqld (mysqld 5.6.32) starting as process 31788 ...
2018-10-23 16:26:27 31788 [Note] Plugin 'FEDERATED' is disabled.
2018-10-23 16:26:27 31788 [Note] InnoDB: Using atomics to ref count buffer pool pages
2018-10-23 16:26:27 31788 [Note] InnoDB: The InnoDB memory heap is disabled
2018-10-23 16:26:27 31788 [Note] InnoDB: Mutexes and rw_locks use GCC atomic builtins
2018-10-23 16:26:27 31788 [Note] InnoDB: Memory barrier is not used
2018-10-23 16:26:27 31788 [Note] InnoDB: Compressed tables use zlib 1.2.3
2018-10-23 16:26:27 31788 [Note] InnoDB: Using Linux native AIO
2018-10-23 16:26:27 31788 [Note] InnoDB: Using CPU crc32 instructions
2018-10-23 16:26:27 31788 [Note] InnoDB: Initializing buffer pool, size = 128.0M
2018-10-23 16:26:27 31788 [Note] InnoDB: Completed initialization of buffer pool
2018-10-23 16:26:27 31788 [Note] InnoDB: Highest supported file format is Barracuda.
2018-10-23 16:26:27 31788 [Note] InnoDB: 128 rollback segment(s) are active.
2018-10-23 16:26:27 31788 [Note] InnoDB: Waiting for purge to start
2018-10-23 16:26:27 31788 [Note] InnoDB: 5.6.32 started; log sequence number 1626007
2018-10-23 16:26:27 31788 [Note] Server hostname (bind-address): '*'; port: 3306
2018-10-23 16:26:27 31788 [Note] IPv6 is available.
2018-10-23 16:26:27 31788 [Note]   - '::' resolves to '::';
2018-10-23 16:26:27 31788 [Note] Server socket created on IP: '::'.
2018-10-23 16:26:27 31788 [Note] /usr/sbin/mysqld: ready for connections.
Version: '5.6.32'  socket: '/var/lib/mysql/mysql.sock'  port: 3306  MySQL Community Server (GPL)
2018-10-23 16:27:23 31788 [Note] /usr/sbin/mysqld: Normal shutdown

2018-10-23 16:27:23 31788 [Note] Giving 0 client threads a chance to die gracefully
2018-10-23 16:27:23 31788 [Note] Shutting down slave threads
2018-10-23 16:27:23 31788 [Note] Forcefully disconnecting 0 remaining clients
2018-10-23 16:27:23 31788 [Note] Binlog end
2018-10-23 16:27:23 31788 [Note] Shutting down plugin 'partition'
2018-10-23 16:27:23 31788 [Note] Shutting down plugin 'ARCHIVE'
2018-10-23 16:27:23 31788 [Note] Shutting down plugin 'BLACKHOLE'
2018-10-23 16:27:23 31788 [Note] Shutting down plugin 'PERFORMANCE_SCHEMA'
2018-10-23 16:27:23 31788 [Note] Shutting down plugin 'INNODB_SYS_DATAFILES'
2018-10-23 16:27:23 31788 [Note] Shutting down plugin 'INNODB_SYS_TABLESPACES'
2018-10-23 16:27:23 31788 [Note] Shutting down plugin 'INNODB_SYS_FOREIGN_COLS'
2018-10-23 16:27:23 31788 [Note] Shutting down plugin 'INNODB_SYS_FOREIGN'
2018-10-23 16:27:23 31788 [Note] Shutting down plugin 'INNODB_SYS_FIELDS'
2018-10-23 16:27:23 31788 [Note] Shutting down plugin 'INNODB_SYS_COLUMNS'
2018-10-23 16:27:23 31788 [Note] Shutting down plugin 'INNODB_SYS_INDEXES'
2018-10-23 16:27:23 31788 [Note] Shutting down plugin 'INNODB_SYS_TABLESTATS'
2018-10-23 16:27:23 31788 [Note] Shutting down plugin 'INNODB_SYS_TABLES'
2018-10-23 16:27:23 31788 [Note] Shutting down plugin 'INNODB_FT_INDEX_TABLE'
2018-10-23 16:27:23 31788 [Note] Shutting down plugin 'INNODB_FT_INDEX_CACHE'
2018-10-23 16:27:23 31788 [Note] Shutting down plugin 'INNODB_FT_CONFIG'
2018-10-23 16:27:23 31788 [Note] Shutting down plugin 'INNODB_FT_BEING_DELETED'
2018-10-23 16:27:23 31788 [Note] Shutting down plugin 'INNODB_FT_DELETED'
2018-10-23 16:27:23 31788 [Note] Shutting down plugin 'INNODB_FT_DEFAULT_STOPWORD'
2018-10-23 16:27:23 31788 [Note] Shutting down plugin 'INNODB_METRICS'
2018-10-23 16:27:23 31788 [Note] Shutting down plugin 'INNODB_BUFFER_POOL_STATS'
2018-10-23 16:27:23 31788 [Note] Shutting down plugin 'INNODB_BUFFER_PAGE_LRU'
2018-10-23 16:27:23 31788 [Note] Shutting down plugin 'INNODB_BUFFER_PAGE'
2018-10-23 16:27:23 31788 [Note] Shutting down plugin 'INNODB_CMP_PER_INDEX_RESET'
2018-10-23 16:27:23 31788 [Note] Shutting down plugin 'INNODB_CMP_PER_INDEX'
2018-10-23 16:27:23 31788 [Note] Shutting down plugin 'INNODB_CMPMEM_RESET'
2018-10-23 16:27:23 31788 [Note] Shutting down plugin 'INNODB_CMPMEM'
2018-10-23 16:27:23 31788 [Note] Shutting down plugin 'INNODB_CMP_RESET'
2018-10-23 16:27:23 31788 [Note] Shutting down plugin 'INNODB_CMP'
2018-10-23 16:27:23 31788 [Note] Shutting down plugin 'INNODB_LOCK_WAITS'
2018-10-23 16:27:23 31788 [Note] Shutting down plugin 'INNODB_LOCKS'
2018-10-23 16:27:23 31788 [Note] Shutting down plugin 'INNODB_TRX'
2018-10-23 16:27:23 31788 [Note] Shutting down plugin 'InnoDB'
2018-10-23 16:27:23 31788 [Note] InnoDB: FTS optimize thread exiting.
2018-10-23 16:27:23 31788 [Note] InnoDB: Starting shutdown...
2018-10-23 16:27:25 31788 [Note] InnoDB: Shutdown completed; log sequence number 1626017
2018-10-23 16:27:25 31788 [Note] Shutting down plugin 'CSV'
2018-10-23 16:27:25 31788 [Note] Shutting down plugin 'MEMORY'
2018-10-23 16:27:25 31788 [Note] Shutting down plugin 'MyISAM'
2018-10-23 16:27:25 31788 [Note] Shutting down plugin 'MRG_MYISAM'
2018-10-23 16:27:25 31788 [Note] Shutting down plugin 'sha256_password'
2018-10-23 16:27:25 31788 [Note] Shutting down plugin 'mysql_old_password'
2018-10-23 16:27:25 31788 [Note] Shutting down plugin 'mysql_native_password'
2018-10-23 16:27:25 31788 [Note] Shutting down plugin 'binlog'
2018-10-23 16:27:25 31788 [Note] /usr/sbin/mysqld: Shutdown complete

181023 16:27:25 mysqld_safe mysqld from pid file /var/lib/mysql/localhost.localdomain.pid ended
181023 16:29:34 mysqld_safe Starting mysqld daemon with databases from /var/lib/mysql
2018-10-23 16:29:34 0 [Warning] TIMESTAMP with implicit DEFAULT value is deprecated. Please use --explicit_defaults_for_timestamp server option (see documentation for more details).
2018-10-23 16:29:34 0 [Note] /usr/sbin/mysqld (mysqld 5.6.32) starting as process 31969 ...
2018-10-23 16:29:34 31969 [Note] Plugin 'FEDERATED' is disabled.
2018-10-23 16:29:34 31969 [Note] InnoDB: Using atomics to ref count buffer pool pages
2018-10-23 16:29:34 31969 [Note] InnoDB: The InnoDB memory heap is disabled
2018-10-23 16:29:34 31969 [Note] InnoDB: Mutexes and rw_locks use GCC atomic builtins
2018-10-23 16:29:34 31969 [Note] InnoDB: Memory barrier is not used
2018-10-23 16:29:34 31969 [Note] InnoDB: Compressed tables use zlib 1.2.3
2018-10-23 16:29:34 31969 [Note] InnoDB: Using Linux native AIO
2018-10-23 16:29:34 31969 [Note] InnoDB: Using CPU crc32 instructions
2018-10-23 16:29:34 31969 [Note] InnoDB: Initializing buffer pool, size = 128.0M
2018-10-23 16:29:34 31969 [Note] InnoDB: Completed initialization of buffer pool
2018-10-23 16:29:34 31969 [Note] InnoDB: Highest supported file format is Barracuda.
2018-10-23 16:29:34 31969 [Note] InnoDB: 128 rollback segment(s) are active.
2018-10-23 16:29:34 31969 [Note] InnoDB: Waiting for purge to start
2018-10-23 16:29:35 31969 [Note] InnoDB: 5.6.32 started; log sequence number 1626017
2018-10-23 16:29:35 31969 [Note] Server hostname (bind-address): '*'; port: 3306
2018-10-23 16:29:35 31969 [Note] IPv6 is available.
2018-10-23 16:29:35 31969 [Note]   - '::' resolves to '::';
2018-10-23 16:29:35 31969 [Note] Server socket created on IP: '::'.
2018-10-23 16:29:35 31969 [Note] Event Scheduler: Loaded 0 events
2018-10-23 16:29:35 31969 [Note] /usr/sbin/mysqld: ready for connections.
Version: '5.6.32'  socket: '/var/lib/mysql/mysql.sock'  port: 3306  MySQL Community Server (GPL)
2018-10-24 10:31:03 31969 [Warning] IP address '10.100.7.168' could not be resolved: Temporary failure in name resolution
2018-10-24 22:11:09 31969 [Warning] IP address '10.100.145.178' could not be resolved: Name or service not known
2018-10-26 22:11:05 31969 [Warning] IP address '10.100.145.179' could not be resolved: Name or service not known
2018-11-13 16:24:18 31969 [Warning] IP address '10.100.7.169' could not be resolved: Name or service not known
2018-11-14 00:00:10 31969 [Warning] IP address '10.100.7.170' could not be resolved: Temporary failure in name resolution
2018-11-14 00:00:20 31969 [Warning] IP address '10.100.7.170' could not be resolved: Temporary failure in name resolution
2018-11-14 15:17:34 31969 [Warning] IP address '10.100.132.55' could not be resolved: Temporary failure in name resolution
2018-11-14 15:34:42 31969 [Warning] IP address '10.100.132.55' could not be resolved: Temporary failure in name resolution
2018-11-14 17:35:54 31969 [Warning] IP address '10.100.132.147' could not be resolved: Temporary failure in name resolution
2018-11-14 17:36:23 31969 [Warning] IP address '10.100.132.147' could not be resolved: Temporary failure in name resolution
2018-11-14 17:36:59 31969 [Warning] IP address '10.100.132.147' could not be resolved: Temporary failure in name resolution
2018-11-14 17:56:32 31969 [Warning] IP address '10.100.132.147' could not be resolved: Temporary failure in name resolution
2018-11-14 17:58:32 31969 [Warning] IP address '10.100.7.170' could not be resolved: Temporary failure in name resolution
2018-11-14 17:58:39 31969 [Warning] IP address '10.100.7.170' could not be resolved: Temporary failure in name resolution
2018-11-14 18:02:23 31969 [Warning] IP address '10.100.7.170' could not be resolved: Temporary failure in name resolution
2018-11-14 18:02:23 31969 [Warning] IP address '10.100.7.170' could not be resolved: Temporary failure in name resolution
2018-11-15 10:39:02 31969 [Warning] IP address '10.100.132.147' could not be resolved: Name or service not known
2018-11-15 13:57:12 31969 [Warning] IP address '10.100.7.170' could not be resolved: Temporary failure in name resolution
2018-11-15 13:57:49 31969 [Warning] IP address '10.100.7.170' could not be resolved: Temporary failure in name resolution
2018-11-15 13:58:00 31969 [Warning] IP address '10.100.7.170' could not be resolved: Temporary failure in name resolution
2018-11-16 00:00:10 31969 [Warning] IP address '10.100.7.170' could not be resolved: Temporary failure in name resolution
2018-11-16 14:02:11 31969 [Warning] IP address '10.100.7.170' could not be resolved: Temporary failure in name resolution
2018-11-16 14:02:21 31969 [Warning] IP address '10.100.7.170' could not be resolved: Temporary failure in name resolution
2018-11-16 14:49:02 31969 [Warning] IP address '10.100.7.170' could not be resolved: Temporary failure in name resolution
2018-11-16 14:53:52 31969 [Warning] IP address '10.100.7.170' could not be resolved: Temporary failure in name resolution
2018-11-16 16:35:20 31969 [Warning] IP address '10.100.7.170' could not be resolved: Temporary failure in name resolution
2018-11-19 23:20:24 31969 [Warning] IP address '10.100.7.170' could not be resolved: Temporary failure in name resolution
2018-11-19 23:20:28 31969 [Warning] IP address '10.100.7.170' could not be resolved: Temporary failure in name resolution
2018-11-19 23:36:06 31969 [Warning] IP address '10.100.7.170' could not be resolved: Temporary failure in name resolution
2018-11-19 23:36:16 31969 [Warning] IP address '10.100.7.170' could not be resolved: Temporary failure in name resolution
2018-11-19 23:36:16 31969 [Warning] IP address '10.100.7.170' could not be resolved: Temporary failure in name resolution
2018-11-19 23:49:10 31969 [Warning] IP address '10.100.7.170' could not be resolved: Temporary failure in name resolution
2018-11-19 23:49:21 31969 [Warning] IP address '10.100.7.170' could not be resolved: Temporary failure in name resolution
2018-11-20 10:41:35 31969 [Warning] IP address '10.100.7.170' could not be resolved: Temporary failure in name resolution
2018-11-20 10:41:45 31969 [Warning] IP address '10.100.7.170' could not be resolved: Temporary failure in name resolution
2018-11-20 14:03:29 31969 [Warning] IP address '10.100.7.170' could not be resolved: Temporary failure in name resolution
2018-11-20 14:10:11 31969 [Warning] IP address '10.100.7.170' could not be resolved: Temporary failure in name resolution
2018-11-21 11:59:58 31969 [Warning] IP address '10.100.7.170' could not be resolved: Temporary failure in name resolution
2018-11-21 12:00:00 31969 [Warning] IP address '10.100.7.170' could not be resolved: Temporary failure in name resolution
2018-11-21 12:22:37 31969 [Warning] IP address '10.100.7.170' could not be resolved: Temporary failure in name resolution
2018-11-21 12:22:47 31969 [Warning] IP address '10.100.7.170' could not be resolved: Temporary failure in name resolution
2018-11-22 10:11:55 31969 [Warning] IP address '10.100.7.170' could not be resolved: Name or service not known
2019-01-17 00:09:38 31969 [Warning] IP address '10.100.53.56' could not be resolved: Name or service not known
2019-02-14 00:12:17 31969 [Warning] IP address '10.100.53.55' could not be resolved: Name or service not known
2019-05-08 11:55:20 31969 [Warning] IP address '10.80.80.25' could not be resolved: Name or service not known
2019-07-22 12:07:14 31969 [Warning] IP address '10.80.80.152' could not be resolved: Name or service not known
2019-09-25 14:59:27 31969 [Warning] IP address '10.100.8.174' could not be resolved: Name or service not known
2021-06-15 18:00:21 31969 [Warning] IP address '10.80.80.214' could not be resolved: Name or service not known
