======host meta information
=====uptime===============================
 14:17:16 up 412 days, 11 min,  1 user,  load average: 0.25, 0.36, 0.26
======ip=================================
1: lo: <LOOPBACK,UP,LOWER_UP> mtu 65536 qdisc noqueue state UNKNOWN group default qlen 1000
    link/loopback 00:00:00:00:00:00 brd 00:00:00:00:00:00
    inet 127.0.0.1/8 scope host lo
       valid_lft forever preferred_lft forever
    inet6 ::1/128 scope host 
       valid_lft forever preferred_lft forever
2: ens160: <BROADCAST,MULTICAST,UP,LOWER_UP> mtu 1500 qdisc mq state UP group default qlen 1000
    link/ether 00:50:56:be:72:6d brd ff:ff:ff:ff:ff:ff
    inet 10.100.8.188/24 brd 10.100.8.255 scope global noprefixroute ens160
       valid_lft forever preferred_lft forever
    inet6 fe80::839:2526:3a78:9448/64 scope link noprefixroute 
       valid_lft forever preferred_lft forever
======hostname============================
localhost.localdomain
======os version============================
\S
Kernel \r on an \m

======kernel version=========================
Linux localhost.localdomain 3.10.0-957.el7.x86_64 #1 SMP Thu Nov 8 23:39:32 UTC 2018 x86_64 x86_64 x86_64 GNU/Linux
======mysql version=========================
======mysql client==========================
mysql  Ver 14.14 Distrib 5.6.16, for linux-glibc2.5 (x86_64) using  EditLine wrapper
======mysql instance========================
tcp        0      0 10.100.8.188:42002      0.0.0.0:*               LISTEN      64710/mysqld_export 
tcp6       0      0 :::3306                 :::*                    LISTEN      66063/mysqld        
unix  2      [ ACC ]     STREAM     LISTENING     7220601  66063/mysqld         /app/mysql/mysql.sock
======memory&swap========================
              total        used        free      shared  buff/cache   available
Mem:          32155       19241         575        1640       12338       10831
Swap:          8191         250        7941
======physical cpu==========================
2
======cores per physical cpu====================
cpu cores	: 4
======processor============================
8
======cpu version===========================
 Intel(R) Xeon(R) CPU E5-2609 v3 @ 1.90GHz
======disk info=============================
Filesystem              Type      Size  Used Avail Use% Mounted on
/dev/mapper/centos-root xfs        50G  3.5G   47G   7% /
devtmpfs                devtmpfs   16G     0   16G   0% /dev
tmpfs                   tmpfs      16G     0   16G   0% /dev/shm
tmpfs                   tmpfs      16G  1.7G   15G  11% /run
tmpfs                   tmpfs      16G     0   16G   0% /sys/fs/cgroup
/dev/sdb                xfs       600G  526G   75G  88% /app
/dev/sda1               xfs      1014M  133M  882M  14% /boot
/dev/mapper/centos-home xfs        20G   33M   20G   1% /home
/dev/mapper/centos-tmp  xfs       5.0G   33M  5.0G   1% /tmp
tmpfs                   tmpfs     3.2G     0  3.2G   0% /run/user/0
======numa mount========================
1
======io stat===============================
Linux 3.10.0-957.el7.x86_64 (localhost.localdomain) 	07/15/2021 	_x86_64_	(8 CPU)

avg-cpu:  %user   %nice %system %iowait  %steal   %idle
           1.28    0.00    0.38    0.28    0.00   98.06

Device:         rrqm/s   wrqm/s     r/s     w/s    rMB/s    wMB/s avgrq-sz avgqu-sz   await r_await w_await  svctm  %util
sdb               0.07     4.99    0.62  251.95     0.05     3.38    27.81     0.02    0.10    6.90    0.08   0.25   6.42
sda               0.00     0.01    0.00    0.10     0.00     0.00    14.76     0.00    1.03   20.67    0.31   0.25   0.00
dm-0              0.00     0.00    0.00    0.11     0.00     0.00    13.62     0.00    0.95   21.14    0.27   0.22   0.00
dm-1              0.00     0.00    0.00    0.00     0.00     0.00     8.06     0.00   58.51    9.61   59.49   1.10   0.00
dm-2              0.00     0.00    0.00    0.00     0.00     0.00    10.83     0.00    1.91   11.72    0.52   1.31   0.00
dm-3              0.00     0.00    0.00    0.00     0.00     0.00    25.80     0.00    2.81    2.19    2.85   0.37   0.00

======host meta information
=====uptime===============================
 14:17:30 up 412 days, 12 min,  1 user,  load average: 0.21, 0.35, 0.26
======ip=================================
1: lo: <LOOPBACK,UP,LOWER_UP> mtu 65536 qdisc noqueue state UNKNOWN group default qlen 1000
    link/loopback 00:00:00:00:00:00 brd 00:00:00:00:00:00
    inet 127.0.0.1/8 scope host lo
       valid_lft forever preferred_lft forever
    inet6 ::1/128 scope host 
       valid_lft forever preferred_lft forever
2: ens160: <BROADCAST,MULTICAST,UP,LOWER_UP> mtu 1500 qdisc mq state UP group default qlen 1000
    link/ether 00:50:56:be:72:6d brd ff:ff:ff:ff:ff:ff
    inet 10.100.8.188/24 brd 10.100.8.255 scope global noprefixroute ens160
       valid_lft forever preferred_lft forever
    inet6 fe80::839:2526:3a78:9448/64 scope link noprefixroute 
       valid_lft forever preferred_lft forever
======hostname============================
localhost.localdomain
======os version============================
\S
Kernel \r on an \m

======kernel version=========================
Linux localhost.localdomain 3.10.0-957.el7.x86_64 #1 SMP Thu Nov 8 23:39:32 UTC 2018 x86_64 x86_64 x86_64 GNU/Linux
======mysql version=========================
======mysql client==========================
mysql  Ver 14.14 Distrib 5.6.16, for linux-glibc2.5 (x86_64) using  EditLine wrapper
======mysql instance========================
tcp        0      0 10.100.8.188:42002      0.0.0.0:*               LISTEN      64710/mysqld_export 
tcp6       0      0 :::3306                 :::*                    LISTEN      66063/mysqld        
unix  2      [ ACC ]     STREAM     LISTENING     7220601  66063/mysqld         /app/mysql/mysql.sock
======memory&swap========================
              total        used        free      shared  buff/cache   available
Mem:          32155       19241         574        1640       12339       10831
Swap:          8191         250        7941
======physical cpu==========================
2
======cores per physical cpu====================
cpu cores	: 4
======processor============================
8
======cpu version===========================
 Intel(R) Xeon(R) CPU E5-2609 v3 @ 1.90GHz
======disk info=============================
Filesystem              Type      Size  Used Avail Use% Mounted on
/dev/mapper/centos-root xfs        50G  3.5G   47G   7% /
devtmpfs                devtmpfs   16G     0   16G   0% /dev
tmpfs                   tmpfs      16G     0   16G   0% /dev/shm
tmpfs                   tmpfs      16G  1.7G   15G  11% /run
tmpfs                   tmpfs      16G     0   16G   0% /sys/fs/cgroup
/dev/sdb                xfs       600G  526G   75G  88% /app
/dev/sda1               xfs      1014M  133M  882M  14% /boot
/dev/mapper/centos-home xfs        20G   33M   20G   1% /home
/dev/mapper/centos-tmp  xfs       5.0G   33M  5.0G   1% /tmp
tmpfs                   tmpfs     3.2G     0  3.2G   0% /run/user/0
======numa mount========================
1
======io stat===============================
Linux 3.10.0-957.el7.x86_64 (localhost.localdomain) 	07/15/2021 	_x86_64_	(8 CPU)

avg-cpu:  %user   %nice %system %iowait  %steal   %idle
           1.28    0.00    0.38    0.28    0.00   98.06

Device:         rrqm/s   wrqm/s     r/s     w/s    rMB/s    wMB/s avgrq-sz avgqu-sz   await r_await w_await  svctm  %util
sdb               0.07     4.99    0.62  251.95     0.05     3.38    27.81     0.02    0.10    6.90    0.08   0.25   6.42
sda               0.00     0.01    0.00    0.10     0.00     0.00    14.76     0.00    1.03   20.67    0.31   0.25   0.00
dm-0              0.00     0.00    0.00    0.11     0.00     0.00    13.62     0.00    0.95   21.14    0.27   0.22   0.00
dm-1              0.00     0.00    0.00    0.00     0.00     0.00     8.06     0.00   58.51    9.61   59.49   1.10   0.00
dm-2              0.00     0.00    0.00    0.00     0.00     0.00    10.83     0.00    1.91   11.72    0.52   1.31   0.00
dm-3              0.00     0.00    0.00    0.00     0.00     0.00    25.79     0.00    2.81    2.19    2.84   0.37   0.00

avg-cpu:  %user   %nice %system %iowait  %steal   %idle
           1.26    0.00    0.31    0.08    0.00   98.35

Device:         rrqm/s   wrqm/s     r/s     w/s    rMB/s    wMB/s avgrq-sz avgqu-sz   await r_await w_await  svctm  %util
sdb               0.00     0.40    0.00  152.20     0.00     2.26    30.36     0.25    1.62    0.00    1.62   0.98  14.99
sda               0.00     3.00    0.00   23.80     0.00     0.27    22.89     0.01    0.57    0.00    0.57   0.04   0.10
dm-0              0.00     0.00    0.00   26.60     0.00     0.27    20.42     0.02    0.68    0.00    0.68   0.04   0.10
dm-1              0.00     0.00    0.00    0.00     0.00     0.00     0.00     0.00    0.00    0.00    0.00   0.00   0.00
dm-2              0.00     0.00    0.00    0.00     0.00     0.00     0.00     0.00    0.00    0.00    0.00   0.00   0.00
dm-3              0.00     0.00    0.00    0.20     0.00     0.00     8.00     0.00    0.00    0.00    0.00   0.00   0.00

avg-cpu:  %user   %nice %system %iowait  %steal   %idle
           1.44    0.00    0.31    0.09    0.00   98.16

Device:         rrqm/s   wrqm/s     r/s     w/s    rMB/s    wMB/s avgrq-sz avgqu-sz   await r_await w_await  svctm  %util
sdb               0.00     6.50    1.10  218.20     0.02     3.46    32.51     0.10    0.45    8.64    0.41   0.19   4.26
sda               0.00     0.00    0.00    1.80     0.00     0.14   161.33     0.00    0.61    0.00    0.61   0.11   0.02
dm-0              0.00     0.00    0.00    1.60     0.00     0.14   180.50     0.00    0.69    0.00    0.69   0.12   0.02
dm-1              0.00     0.00    0.00    0.00     0.00     0.00     0.00     0.00    0.00    0.00    0.00   0.00   0.00
dm-2              0.00     0.00    0.00    0.00     0.00     0.00     0.00     0.00    0.00    0.00    0.00   0.00   0.00
dm-3              0.00     0.00    0.00    0.20     0.00     0.00     8.00     0.00    0.00    0.00    0.00   0.00   0.00

avg-cpu:  %user   %nice %system %iowait  %steal   %idle
           1.34    0.00    0.29    0.13    0.00   98.25

Device:         rrqm/s   wrqm/s     r/s     w/s    rMB/s    wMB/s avgrq-sz avgqu-sz   await r_await w_await  svctm  %util
sdb               0.00     1.10    0.00  166.00     0.00     2.31    28.47     0.07    0.40    0.00    0.40   0.22   3.61
sda               0.00     0.20    0.00    1.60     0.00     0.03    33.38     0.00    0.44    0.00    0.44   0.06   0.01
dm-0              0.00     0.00    0.00    1.20     0.00     0.02    37.50     0.00    0.75    0.00    0.75   0.08   0.01
dm-1              0.00     0.00    0.00    0.00     0.00     0.00     0.00     0.00    0.00    0.00    0.00   0.00   0.00
dm-2              0.00     0.00    0.00    0.00     0.00     0.00     0.00     0.00    0.00    0.00    0.00   0.00   0.00
dm-3              0.00     0.00    0.00    0.50     0.00     0.00    10.40     0.00    0.00    0.00    0.00   0.00   0.00

avg-cpu:  %user   %nice %system %iowait  %steal   %idle
           1.44    0.00    0.49    0.15    0.00   97.92

Device:         rrqm/s   wrqm/s     r/s     w/s    rMB/s    wMB/s avgrq-sz avgqu-sz   await r_await w_await  svctm  %util
sdb               0.00     2.90    0.10  246.50     0.00     3.83    31.83     0.13    0.52    5.00    0.52   0.20   4.92
sda               0.00     0.00    0.00    0.30     0.00     0.00     8.00     0.00    0.33    0.00    0.33   0.33   0.01
dm-0              0.00     0.00    0.00    0.20     0.00     0.00     8.00     0.00    0.50    0.00    0.50   0.50   0.01
dm-1              0.00     0.00    0.00    0.00     0.00     0.00     0.00     0.00    0.00    0.00    0.00   0.00   0.00
dm-2              0.00     0.00    0.00    0.00     0.00     0.00     0.00     0.00    0.00    0.00    0.00   0.00   0.00
dm-3              0.00     0.00    0.00    0.10     0.00     0.00     8.00     0.00    0.00    0.00    0.00   0.00   0.00

avg-cpu:  %user   %nice %system %iowait  %steal   %idle
           1.38    0.00    0.29    0.16    0.00   98.17

Device:         rrqm/s   wrqm/s     r/s     w/s    rMB/s    wMB/s avgrq-sz avgqu-sz   await r_await w_await  svctm  %util
sdb               0.00     1.70    0.10  177.10     0.00     2.56    29.60     0.06    0.35   17.00    0.34   0.19   3.45
sda               0.00     0.00    0.00    0.10     0.00     0.00     8.00     0.00    0.00    0.00    0.00   0.00   0.00
dm-0              0.00     0.00    0.00    0.00     0.00     0.00     0.00     0.00    0.00    0.00    0.00   0.00   0.00
dm-1              0.00     0.00    0.00    0.00     0.00     0.00     0.00     0.00    0.00    0.00    0.00   0.00   0.00
dm-2              0.00     0.00    0.00    0.00     0.00     0.00     0.00     0.00    0.00    0.00    0.00   0.00   0.00
dm-3              0.00     0.00    0.00    0.10     0.00     0.00     8.00     0.00    0.00    0.00    0.00   0.00   0.00

avg-cpu:  %user   %nice %system %iowait  %steal   %idle
           1.84    0.00    0.41    0.56    0.00   97.18

Device:         rrqm/s   wrqm/s     r/s     w/s    rMB/s    wMB/s avgrq-sz avgqu-sz   await r_await w_await  svctm  %util
sdb               0.00     2.30    0.00  176.30     0.00     2.34    27.23     0.09    0.53    0.00    0.53   0.36   6.31
sda               0.00     1.10    0.00    4.40     0.00     0.06    29.07     0.00    0.30    0.00    0.30   0.07   0.03
dm-0              0.00     0.00    0.00    4.70     0.00     0.06    26.40     0.00    0.40    0.00    0.40   0.04   0.02
dm-1              0.00     0.00    0.00    0.00     0.00     0.00     0.00     0.00    0.00    0.00    0.00   0.00   0.00
dm-2              0.00     0.00    0.00    0.00     0.00     0.00     0.00     0.00    0.00    0.00    0.00   0.00   0.00
dm-3              0.00     0.00    0.00    0.60     0.00     0.00     5.83     0.00    0.00    0.00    0.00   0.00   0.00

avg-cpu:  %user   %nice %system %iowait  %steal   %idle
           1.39    0.00    0.35    0.24    0.00   98.02

Device:         rrqm/s   wrqm/s     r/s     w/s    rMB/s    wMB/s avgrq-sz avgqu-sz   await r_await w_await  svctm  %util
sdb               0.00     1.70    0.00  237.86     0.00     4.00    34.44     0.09    0.40    0.00    0.40   0.19   4.53
sda               0.00     0.00    0.10    0.30     0.00     0.00    10.00     0.00    2.50   10.00    0.00   2.50   0.10
dm-0              0.00     0.00    0.10    0.20     0.00     0.00    10.67     0.00    3.33   10.00    0.00   3.33   0.10
dm-1              0.00     0.00    0.00    0.00     0.00     0.00     0.00     0.00    0.00    0.00    0.00   0.00   0.00
dm-2              0.00     0.00    0.00    0.00     0.00     0.00     0.00     0.00    0.00    0.00    0.00   0.00   0.00
dm-3              0.00     0.00    0.00    0.10     0.00     0.00     8.00     0.00    0.00    0.00    0.00   0.00   0.00

avg-cpu:  %user   %nice %system %iowait  %steal   %idle
           1.33    0.00    0.33    0.13    0.00   98.22

Device:         rrqm/s   wrqm/s     r/s     w/s    rMB/s    wMB/s avgrq-sz avgqu-sz   await r_await w_await  svctm  %util
sdb               0.00     0.20    0.10  166.80     0.00     2.52    30.95     0.06    0.38    9.00    0.38   0.20   3.37
sda               0.00     0.00    0.00    0.10     0.00     0.00     8.00     0.00    0.00    0.00    0.00   0.00   0.00
dm-0              0.00     0.00    0.00    0.00     0.00     0.00     0.00     0.00    0.00    0.00    0.00   0.00   0.00
dm-1              0.00     0.00    0.00    0.00     0.00     0.00     0.00     0.00    0.00    0.00    0.00   0.00   0.00
dm-2              0.00     0.00    0.00    0.00     0.00     0.00     0.00     0.00    0.00    0.00    0.00   0.00   0.00
dm-3              0.00     0.00    0.00    0.10     0.00     0.00     8.00     0.00    0.00    0.00    0.00   0.00   0.00

avg-cpu:  %user   %nice %system %iowait  %steal   %idle
           1.27    0.00    0.30    0.16    0.00   98.27

Device:         rrqm/s   wrqm/s     r/s     w/s    rMB/s    wMB/s avgrq-sz avgqu-sz   await r_await w_await  svctm  %util
sdb               0.00     0.30    0.30  161.50     0.00     2.21    28.07     0.06    0.36   18.00    0.33   0.24   3.81
sda               0.00     0.10    0.00    0.80     0.00     0.00     8.25     0.00    0.00    0.00    0.00   0.00   0.00
dm-0              0.00     0.00    0.00    0.50     0.00     0.00    10.40     0.00    0.00    0.00    0.00   0.00   0.00
dm-1              0.00     0.00    0.00    0.00     0.00     0.00     0.00     0.00    0.00    0.00    0.00   0.00   0.00
dm-2              0.00     0.00    0.00    0.00     0.00     0.00     0.00     0.00    0.00    0.00    0.00   0.00   0.00
dm-3              0.00     0.00    0.00    0.20     0.00     0.00     5.50     0.00    0.00    0.00    0.00   0.00   0.00

======vmstat======
procs -----------memory---------- ---swap-- -----io---- -system-- ------cpu-----
 r  b   swpd   free   buff  cache   si   so    bi    bo   in   cs us sy id wa st
 0  0 256520 584276      0 12639612    0    0     6   434    0    0  1  0 98  0  0
 0  0 256520 582316      0 12639836    0    0     0  3136 2980 3863  2  1 96  1  0
 0  0 256520 582316      0 12639880    0    0     0  8606 1555 1953  1  0 98  0  0
 0  0 256520 582284      0 12639884    0    0     0  3742 1163 1567  1  0 99  0  0
 1  0 256520 582348      0 12639936    0    0     0  2683 1323 1981  1  1 99  0  0
 0  0 256520 582252      0 12639952    0    0     0  3256 1873 2592  4  0 96  0  0
 0  0 256520 582316      0 12639968    0    0     0   852 1037 1544  1  0 99  0  0
 0  0 256520 582316      0 12639984    0    0     0   316  796 1152  1  0 99  0  0
 1  0 256520 582252      0 12640008    0    0     0   419  917 1361  1  0 99  0  0
 0  0 256520 582160      0 12640100    0    0     0   545 1230 1861  1  0 99  0  0
====dstat===
You did not select any stats, using -cdngy by default.
[7l----total-cpu-usage---- -dsk/total- -net/total- ---paging-- ---system--
usr sys idl wai hiq siq| read  writ| recv  send|  in   out | int   csw 
  1   0  98   0   0   0|  47k 3466k|   0     0 |   0     8B|1345  2222 
  4   0  96   0   0   0|   0   476k|  29k   72k|   0     0 |1712  2404 
  1   0  99   0   0   0|   0   420k|  19k   24k|   0     0 | 913  1406 
  1   0  99   0   0   0|   0   247k|5583B   23k|   0     0 | 697  1008 
  1   0  98   0   0   0|   0    11M|  27k   24k|   0     0 |1691  2146 
  1   0  99   0   0   0|   0  4480k|8787B   23k|   0     0 |1123  1537 
  3   0  96   0   0   0|   0   286k|  13k   71k|   0     0 |1397  1879 
  1   0  98   0   0   0|   0  2273k|  33k   25k|   0     0 |1381  2143 
  1   0  99   0   0   0|   0  3908k|4721B   23k|   0     0 |1004  1387 
  1   0  99   0   0   0|   0   576k|  43k   26k|   0     0 |1264  2080 
  1   0  98   0   0   0|  32k 9254k|  48k   25k|   0     0 |1624  2275 
======system log============================
Jul 15 08:51:01 localhost systemd: Removed slice User Slice of mysql.
Jul 15 08:52:01 localhost systemd: Created slice User Slice of mysql.
Jul 15 08:52:01 localhost systemd: Started Session 375319 of user mysql.
Jul 15 08:52:01 localhost systemd: Removed slice User Slice of mysql.
Jul 15 08:53:01 localhost systemd: Created slice User Slice of mysql.
Jul 15 08:53:01 localhost systemd: Started Session 375320 of user mysql.
Jul 15 08:53:01 localhost systemd: Removed slice User Slice of mysql.
Jul 15 08:54:01 localhost systemd: Created slice User Slice of mysql.
Jul 15 08:54:01 localhost systemd: Started Session 375321 of user mysql.
Jul 15 08:54:01 localhost systemd: Removed slice User Slice of mysql.
Jul 15 08:55:01 localhost systemd: Created slice User Slice of mysql.
Jul 15 08:55:01 localhost systemd: Started Session 375322 of user mysql.
Jul 15 08:55:01 localhost systemd: Removed slice User Slice of mysql.
Jul 15 08:56:01 localhost systemd: Created slice User Slice of mysql.
Jul 15 08:56:01 localhost systemd: Started Session 375323 of user mysql.
Jul 15 08:56:01 localhost systemd: Removed slice User Slice of mysql.
Jul 15 08:57:01 localhost systemd: Created slice User Slice of mysql.
Jul 15 08:57:01 localhost systemd: Started Session 375324 of user mysql.
Jul 15 08:57:01 localhost systemd: Removed slice User Slice of mysql.
Jul 15 08:58:01 localhost systemd: Created slice User Slice of mysql.
Jul 15 08:58:01 localhost systemd: Started Session 375325 of user mysql.
Jul 15 08:58:01 localhost systemd: Removed slice User Slice of mysql.
Jul 15 08:59:01 localhost systemd: Created slice User Slice of mysql.
Jul 15 08:59:01 localhost systemd: Started Session 375326 of user mysql.
Jul 15 08:59:01 localhost systemd: Removed slice User Slice of mysql.
Jul 15 09:00:01 localhost systemd: Created slice User Slice of mysql.
Jul 15 09:00:01 localhost systemd: Started Session 375327 of user mysql.
Jul 15 09:00:01 localhost systemd: Removed slice User Slice of mysql.
Jul 15 09:01:01 localhost systemd: Created slice User Slice of mysql.
Jul 15 09:01:01 localhost systemd: Started Session 375328 of user mysql.
Jul 15 09:01:01 localhost systemd: Started Session 375329 of user root.
Jul 15 09:01:01 localhost systemd: Removed slice User Slice of mysql.
Jul 15 09:02:01 localhost systemd: Created slice User Slice of mysql.
Jul 15 09:02:01 localhost systemd: Started Session 375330 of user mysql.
Jul 15 09:02:02 localhost systemd: Removed slice User Slice of mysql.
Jul 15 09:03:01 localhost systemd: Created slice User Slice of mysql.
Jul 15 09:03:01 localhost systemd: Started Session 375331 of user mysql.
Jul 15 09:03:01 localhost systemd: Removed slice User Slice of mysql.
Jul 15 09:04:01 localhost systemd: Created slice User Slice of mysql.
Jul 15 09:04:01 localhost systemd: Started Session 375332 of user mysql.
Jul 15 09:04:01 localhost systemd: Removed slice User Slice of mysql.
Jul 15 09:05:01 localhost systemd: Created slice User Slice of mysql.
Jul 15 09:05:01 localhost systemd: Started Session 375333 of user mysql.
Jul 15 09:05:01 localhost systemd: Removed slice User Slice of mysql.
Jul 15 09:06:01 localhost systemd: Created slice User Slice of mysql.
Jul 15 09:06:01 localhost systemd: Started Session 375334 of user mysql.
Jul 15 09:06:01 localhost systemd: Removed slice User Slice of mysql.
Jul 15 09:07:01 localhost systemd: Created slice User Slice of mysql.
Jul 15 09:07:01 localhost systemd: Started Session 375335 of user mysql.
Jul 15 09:07:01 localhost systemd: Removed slice User Slice of mysql.
Jul 15 09:08:01 localhost systemd: Created slice User Slice of mysql.
Jul 15 09:08:01 localhost systemd: Started Session 375336 of user mysql.
Jul 15 09:08:01 localhost systemd: Removed slice User Slice of mysql.
Jul 15 09:09:01 localhost systemd: Created slice User Slice of mysql.
Jul 15 09:09:01 localhost systemd: Started Session 375337 of user mysql.
Jul 15 09:09:01 localhost systemd: Removed slice User Slice of mysql.
Jul 15 09:10:01 localhost systemd: Created slice User Slice of mysql.
Jul 15 09:10:01 localhost systemd: Started Session 375338 of user mysql.
Jul 15 09:10:01 localhost systemd: Removed slice User Slice of mysql.
Jul 15 09:11:01 localhost systemd: Created slice User Slice of mysql.
Jul 15 09:11:01 localhost systemd: Started Session 375339 of user mysql.
Jul 15 09:11:01 localhost systemd: Removed slice User Slice of mysql.
Jul 15 09:12:01 localhost systemd: Created slice User Slice of mysql.
Jul 15 09:12:01 localhost systemd: Started Session 375340 of user mysql.
Jul 15 09:12:01 localhost systemd: Removed slice User Slice of mysql.
Jul 15 09:13:01 localhost systemd: Created slice User Slice of mysql.
Jul 15 09:13:01 localhost systemd: Started Session 375341 of user mysql.
Jul 15 09:13:01 localhost systemd: Removed slice User Slice of mysql.
Jul 15 09:14:01 localhost systemd: Created slice User Slice of mysql.
Jul 15 09:14:01 localhost systemd: Started Session 375342 of user mysql.
Jul 15 09:14:01 localhost systemd: Removed slice User Slice of mysql.
Jul 15 09:15:01 localhost systemd: Created slice User Slice of mysql.
Jul 15 09:15:01 localhost systemd: Started Session 375343 of user mysql.
Jul 15 09:15:01 localhost systemd: Removed slice User Slice of mysql.
Jul 15 09:16:01 localhost systemd: Created slice User Slice of mysql.
Jul 15 09:16:01 localhost systemd: Started Session 375344 of user mysql.
Jul 15 09:16:01 localhost systemd: Removed slice User Slice of mysql.
Jul 15 09:17:01 localhost systemd: Created slice User Slice of mysql.
Jul 15 09:17:01 localhost systemd: Started Session 375345 of user mysql.
Jul 15 09:17:02 localhost systemd: Removed slice User Slice of mysql.
Jul 15 09:18:01 localhost systemd: Created slice User Slice of mysql.
Jul 15 09:18:01 localhost systemd: Started Session 375346 of user mysql.
Jul 15 09:18:01 localhost systemd: Removed slice User Slice of mysql.
Jul 15 09:19:01 localhost systemd: Created slice User Slice of mysql.
Jul 15 09:19:01 localhost systemd: Started Session 375347 of user mysql.
Jul 15 09:19:01 localhost systemd: Removed slice User Slice of mysql.
Jul 15 09:20:01 localhost systemd: Created slice User Slice of mysql.
Jul 15 09:20:01 localhost systemd: Started Session 375348 of user mysql.
Jul 15 09:20:01 localhost systemd: Removed slice User Slice of mysql.
Jul 15 09:21:01 localhost systemd: Created slice User Slice of mysql.
Jul 15 09:21:01 localhost systemd: Started Session 375349 of user mysql.
Jul 15 09:21:01 localhost systemd: Removed slice User Slice of mysql.
Jul 15 09:22:01 localhost systemd: Created slice User Slice of mysql.
Jul 15 09:22:01 localhost systemd: Started Session 375350 of user mysql.
Jul 15 09:22:01 localhost systemd: Removed slice User Slice of mysql.
Jul 15 09:23:01 localhost systemd: Created slice User Slice of mysql.
Jul 15 09:23:01 localhost systemd: Started Session 375351 of user mysql.
Jul 15 09:23:01 localhost systemd: Removed slice User Slice of mysql.
Jul 15 09:24:01 localhost systemd: Created slice User Slice of mysql.
Jul 15 09:24:01 localhost systemd: Started Session 375352 of user mysql.
Jul 15 09:24:01 localhost systemd: Removed slice User Slice of mysql.
Jul 15 09:25:01 localhost systemd: Created slice User Slice of mysql.
Jul 15 09:25:01 localhost systemd: Started Session 375353 of user mysql.
Jul 15 09:25:01 localhost systemd: Removed slice User Slice of mysql.
Jul 15 09:26:01 localhost systemd: Created slice User Slice of mysql.
Jul 15 09:26:01 localhost systemd: Started Session 375354 of user mysql.
Jul 15 09:26:01 localhost systemd: Removed slice User Slice of mysql.
Jul 15 09:27:01 localhost systemd: Created slice User Slice of mysql.
Jul 15 09:27:01 localhost systemd: Started Session 375355 of user mysql.
Jul 15 09:27:01 localhost systemd: Removed slice User Slice of mysql.
Jul 15 09:28:01 localhost systemd: Created slice User Slice of mysql.
Jul 15 09:28:01 localhost systemd: Started Session 375356 of user mysql.
Jul 15 09:28:01 localhost systemd: Removed slice User Slice of mysql.
Jul 15 09:29:01 localhost systemd: Created slice User Slice of mysql.
Jul 15 09:29:01 localhost systemd: Started Session 375357 of user mysql.
Jul 15 09:29:01 localhost systemd: Removed slice User Slice of mysql.
Jul 15 09:30:01 localhost systemd: Created slice User Slice of mysql.
Jul 15 09:30:01 localhost systemd: Started Session 375358 of user mysql.
Jul 15 09:30:01 localhost systemd: Removed slice User Slice of mysql.
Jul 15 09:31:01 localhost systemd: Created slice User Slice of mysql.
Jul 15 09:31:01 localhost systemd: Started Session 375359 of user mysql.
Jul 15 09:31:01 localhost systemd: Removed slice User Slice of mysql.
Jul 15 09:32:01 localhost systemd: Created slice User Slice of mysql.
Jul 15 09:32:01 localhost systemd: Started Session 375360 of user mysql.
Jul 15 09:32:02 localhost systemd: Removed slice User Slice of mysql.
Jul 15 09:33:01 localhost systemd: Created slice User Slice of mysql.
Jul 15 09:33:01 localhost systemd: Started Session 375361 of user mysql.
Jul 15 09:33:01 localhost systemd: Removed slice User Slice of mysql.
Jul 15 09:34:01 localhost systemd: Created slice User Slice of mysql.
Jul 15 09:34:01 localhost systemd: Started Session 375362 of user mysql.
Jul 15 09:34:01 localhost systemd: Removed slice User Slice of mysql.
Jul 15 09:35:01 localhost systemd: Created slice User Slice of mysql.
Jul 15 09:35:01 localhost systemd: Started Session 375363 of user mysql.
Jul 15 09:35:01 localhost systemd: Removed slice User Slice of mysql.
Jul 15 09:36:01 localhost systemd: Created slice User Slice of mysql.
Jul 15 09:36:01 localhost systemd: Started Session 375364 of user mysql.
Jul 15 09:36:01 localhost systemd: Removed slice User Slice of mysql.
Jul 15 09:37:01 localhost systemd: Created slice User Slice of mysql.
Jul 15 09:37:01 localhost systemd: Started Session 375365 of user mysql.
Jul 15 09:37:01 localhost systemd: Removed slice User Slice of mysql.
Jul 15 09:38:01 localhost systemd: Created slice User Slice of mysql.
Jul 15 09:38:01 localhost systemd: Started Session 375366 of user mysql.
Jul 15 09:38:01 localhost systemd: Removed slice User Slice of mysql.
Jul 15 09:39:01 localhost systemd: Created slice User Slice of mysql.
Jul 15 09:39:01 localhost systemd: Started Session 375367 of user mysql.
Jul 15 09:39:01 localhost systemd: Removed slice User Slice of mysql.
Jul 15 09:40:01 localhost systemd: Created slice User Slice of mysql.
Jul 15 09:40:01 localhost systemd: Started Session 375368 of user mysql.
Jul 15 09:40:01 localhost systemd: Removed slice User Slice of mysql.
Jul 15 09:41:01 localhost systemd: Created slice User Slice of mysql.
Jul 15 09:41:01 localhost systemd: Started Session 375369 of user mysql.
Jul 15 09:41:01 localhost systemd: Removed slice User Slice of mysql.
Jul 15 09:42:01 localhost systemd: Created slice User Slice of mysql.
Jul 15 09:42:01 localhost systemd: Started Session 375370 of user mysql.
Jul 15 09:42:01 localhost systemd: Removed slice User Slice of mysql.
Jul 15 09:43:01 localhost systemd: Created slice User Slice of mysql.
Jul 15 09:43:01 localhost systemd: Started Session 375371 of user mysql.
Jul 15 09:43:01 localhost systemd: Removed slice User Slice of mysql.
Jul 15 09:44:01 localhost systemd: Created slice User Slice of mysql.
Jul 15 09:44:01 localhost systemd: Started Session 375372 of user mysql.
Jul 15 09:44:01 localhost systemd: Removed slice User Slice of mysql.
Jul 15 09:45:01 localhost systemd: Created slice User Slice of mysql.
Jul 15 09:45:01 localhost systemd: Started Session 375373 of user mysql.
Jul 15 09:45:01 localhost systemd: Removed slice User Slice of mysql.
Jul 15 09:46:01 localhost systemd: Created slice User Slice of mysql.
Jul 15 09:46:01 localhost systemd: Started Session 375374 of user mysql.
Jul 15 09:46:01 localhost systemd: Removed slice User Slice of mysql.
Jul 15 09:47:02 localhost systemd: Created slice User Slice of mysql.
Jul 15 09:47:02 localhost systemd: Started Session 375375 of user mysql.
Jul 15 09:47:02 localhost systemd: Removed slice User Slice of mysql.
Jul 15 09:48:01 localhost systemd: Created slice User Slice of mysql.
Jul 15 09:48:01 localhost systemd: Started Session 375376 of user mysql.
Jul 15 09:48:01 localhost systemd: Removed slice User Slice of mysql.
Jul 15 09:49:01 localhost systemd: Created slice User Slice of mysql.
Jul 15 09:49:01 localhost systemd: Started Session 375377 of user mysql.
Jul 15 09:49:01 localhost systemd: Removed slice User Slice of mysql.
Jul 15 09:50:01 localhost systemd: Created slice User Slice of mysql.
Jul 15 09:50:01 localhost systemd: Started Session 375378 of user mysql.
Jul 15 09:50:01 localhost systemd: Removed slice User Slice of mysql.
Jul 15 09:51:01 localhost systemd: Created slice User Slice of mysql.
Jul 15 09:51:01 localhost systemd: Started Session 375379 of user mysql.
Jul 15 09:51:01 localhost systemd: Removed slice User Slice of mysql.
Jul 15 09:52:01 localhost systemd: Created slice User Slice of mysql.
Jul 15 09:52:01 localhost systemd: Started Session 375380 of user mysql.
Jul 15 09:52:01 localhost systemd: Removed slice User Slice of mysql.
Jul 15 09:53:01 localhost systemd: Created slice User Slice of mysql.
Jul 15 09:53:01 localhost systemd: Started Session 375381 of user mysql.
Jul 15 09:53:01 localhost systemd: Removed slice User Slice of mysql.
Jul 15 09:54:01 localhost systemd: Created slice User Slice of mysql.
Jul 15 09:54:01 localhost systemd: Started Session 375382 of user mysql.
Jul 15 09:54:01 localhost systemd: Removed slice User Slice of mysql.
Jul 15 09:55:01 localhost systemd: Created slice User Slice of mysql.
Jul 15 09:55:01 localhost systemd: Started Session 375383 of user mysql.
Jul 15 09:55:01 localhost systemd: Removed slice User Slice of mysql.
Jul 15 09:56:01 localhost systemd: Created slice User Slice of mysql.
Jul 15 09:56:01 localhost systemd: Started Session 375384 of user mysql.
Jul 15 09:56:01 localhost systemd: Removed slice User Slice of mysql.
Jul 15 09:57:01 localhost systemd: Created slice User Slice of mysql.
Jul 15 09:57:01 localhost systemd: Started Session 375385 of user mysql.
Jul 15 09:57:01 localhost systemd: Removed slice User Slice of mysql.
Jul 15 09:58:01 localhost systemd: Created slice User Slice of mysql.
Jul 15 09:58:01 localhost systemd: Started Session 375386 of user mysql.
Jul 15 09:58:01 localhost systemd: Removed slice User Slice of mysql.
Jul 15 09:59:01 localhost systemd: Created slice User Slice of mysql.
Jul 15 09:59:01 localhost systemd: Started Session 375387 of user mysql.
Jul 15 09:59:01 localhost systemd: Removed slice User Slice of mysql.
Jul 15 10:00:01 localhost systemd: Created slice User Slice of mysql.
Jul 15 10:00:01 localhost systemd: Started Session 375388 of user mysql.
Jul 15 10:00:01 localhost systemd: Removed slice User Slice of mysql.
Jul 15 10:01:01 localhost systemd: Started Session 375389 of user root.
Jul 15 10:01:01 localhost systemd: Created slice User Slice of mysql.
Jul 15 10:01:01 localhost systemd: Started Session 375390 of user mysql.
Jul 15 10:01:02 localhost systemd: Removed slice User Slice of mysql.
Jul 15 10:02:01 localhost systemd: Created slice User Slice of mysql.
Jul 15 10:02:01 localhost systemd: Started Session 375391 of user mysql.
Jul 15 10:02:01 localhost systemd: Removed slice User Slice of mysql.
Jul 15 10:03:01 localhost systemd: Created slice User Slice of mysql.
Jul 15 10:03:01 localhost systemd: Started Session 375392 of user mysql.
Jul 15 10:03:01 localhost systemd: Removed slice User Slice of mysql.
Jul 15 10:04:01 localhost systemd: Created slice User Slice of mysql.
Jul 15 10:04:01 localhost systemd: Started Session 375393 of user mysql.
Jul 15 10:04:01 localhost systemd: Removed slice User Slice of mysql.
Jul 15 10:05:01 localhost systemd: Created slice User Slice of mysql.
Jul 15 10:05:01 localhost systemd: Started Session 375394 of user mysql.
Jul 15 10:05:01 localhost systemd: Removed slice User Slice of mysql.
Jul 15 10:06:01 localhost systemd: Created slice User Slice of mysql.
Jul 15 10:06:01 localhost systemd: Started Session 375395 of user mysql.
Jul 15 10:06:01 localhost systemd: Removed slice User Slice of mysql.
Jul 15 10:07:01 localhost systemd: Created slice User Slice of mysql.
Jul 15 10:07:01 localhost systemd: Started Session 375396 of user mysql.
Jul 15 10:07:01 localhost systemd: Removed slice User Slice of mysql.
Jul 15 10:08:01 localhost systemd: Created slice User Slice of mysql.
Jul 15 10:08:01 localhost systemd: Started Session 375397 of user mysql.
Jul 15 10:08:01 localhost systemd: Removed slice User Slice of mysql.
Jul 15 10:09:01 localhost systemd: Created slice User Slice of mysql.
Jul 15 10:09:01 localhost systemd: Started Session 375398 of user mysql.
Jul 15 10:09:01 localhost systemd: Removed slice User Slice of mysql.
Jul 15 10:10:01 localhost systemd: Created slice User Slice of mysql.
Jul 15 10:10:01 localhost systemd: Started Session 375399 of user mysql.
Jul 15 10:10:01 localhost systemd: Removed slice User Slice of mysql.
Jul 15 10:11:01 localhost systemd: Created slice User Slice of mysql.
Jul 15 10:11:01 localhost systemd: Started Session 375400 of user mysql.
Jul 15 10:11:01 localhost systemd: Removed slice User Slice of mysql.
Jul 15 10:12:01 localhost systemd: Created slice User Slice of mysql.
Jul 15 10:12:01 localhost systemd: Started Session 375401 of user mysql.
Jul 15 10:12:01 localhost systemd: Removed slice User Slice of mysql.
Jul 15 10:13:01 localhost systemd: Created slice User Slice of mysql.
Jul 15 10:13:01 localhost systemd: Started Session 375402 of user mysql.
Jul 15 10:13:01 localhost systemd: Removed slice User Slice of mysql.
Jul 15 10:14:01 localhost systemd: Created slice User Slice of mysql.
Jul 15 10:14:01 localhost systemd: Started Session 375403 of user mysql.
Jul 15 10:14:01 localhost systemd: Removed slice User Slice of mysql.
Jul 15 10:15:01 localhost systemd: Created slice User Slice of mysql.
Jul 15 10:15:01 localhost systemd: Started Session 375404 of user mysql.
Jul 15 10:15:01 localhost systemd: Removed slice User Slice of mysql.
Jul 15 10:16:01 localhost systemd: Created slice User Slice of mysql.
Jul 15 10:16:01 localhost systemd: Started Session 375405 of user mysql.
Jul 15 10:16:02 localhost systemd: Removed slice User Slice of mysql.
Jul 15 10:17:01 localhost systemd: Created slice User Slice of mysql.
Jul 15 10:17:01 localhost systemd: Started Session 375406 of user mysql.
Jul 15 10:17:01 localhost systemd: Removed slice User Slice of mysql.
Jul 15 10:18:01 localhost systemd: Created slice User Slice of mysql.
Jul 15 10:18:01 localhost systemd: Started Session 375407 of user mysql.
Jul 15 10:18:01 localhost systemd: Removed slice User Slice of mysql.
Jul 15 10:19:01 localhost systemd: Created slice User Slice of mysql.
Jul 15 10:19:01 localhost systemd: Started Session 375408 of user mysql.
Jul 15 10:19:01 localhost systemd: Removed slice User Slice of mysql.
Jul 15 10:20:01 localhost systemd: Created slice User Slice of mysql.
Jul 15 10:20:01 localhost systemd: Started Session 375409 of user mysql.
Jul 15 10:20:01 localhost systemd: Removed slice User Slice of mysql.
Jul 15 10:21:01 localhost systemd: Created slice User Slice of mysql.
Jul 15 10:21:01 localhost systemd: Started Session 375410 of user mysql.
Jul 15 10:21:01 localhost systemd: Removed slice User Slice of mysql.
Jul 15 10:22:01 localhost systemd: Created slice User Slice of mysql.
Jul 15 10:22:01 localhost systemd: Started Session 375411 of user mysql.
Jul 15 10:22:01 localhost systemd: Removed slice User Slice of mysql.
Jul 15 10:23:01 localhost systemd: Created slice User Slice of mysql.
Jul 15 10:23:01 localhost systemd: Started Session 375412 of user mysql.
Jul 15 10:23:01 localhost systemd: Removed slice User Slice of mysql.
Jul 15 10:24:01 localhost systemd: Created slice User Slice of mysql.
Jul 15 10:24:01 localhost systemd: Started Session 375413 of user mysql.
Jul 15 10:24:01 localhost systemd: Removed slice User Slice of mysql.
Jul 15 10:25:01 localhost systemd: Created slice User Slice of mysql.
Jul 15 10:25:01 localhost systemd: Started Session 375414 of user mysql.
Jul 15 10:25:01 localhost systemd: Removed slice User Slice of mysql.
Jul 15 10:26:01 localhost systemd: Created slice User Slice of mysql.
Jul 15 10:26:01 localhost systemd: Started Session 375415 of user mysql.
Jul 15 10:26:01 localhost systemd: Removed slice User Slice of mysql.
Jul 15 10:27:01 localhost systemd: Created slice User Slice of mysql.
Jul 15 10:27:01 localhost systemd: Started Session 375416 of user mysql.
Jul 15 10:27:01 localhost systemd: Removed slice User Slice of mysql.
Jul 15 10:28:01 localhost systemd: Created slice User Slice of mysql.
Jul 15 10:28:01 localhost systemd: Started Session 375417 of user mysql.
Jul 15 10:28:01 localhost systemd: Removed slice User Slice of mysql.
Jul 15 10:29:01 localhost systemd: Created slice User Slice of mysql.
Jul 15 10:29:01 localhost systemd: Started Session 375418 of user mysql.
Jul 15 10:29:01 localhost systemd: Removed slice User Slice of mysql.
Jul 15 10:30:01 localhost systemd: Created slice User Slice of mysql.
Jul 15 10:30:01 localhost systemd: Started Session 375419 of user mysql.
Jul 15 10:30:01 localhost systemd: Removed slice User Slice of mysql.
Jul 15 10:31:02 localhost systemd: Created slice User Slice of mysql.
Jul 15 10:31:02 localhost systemd: Started Session 375420 of user mysql.
Jul 15 10:31:02 localhost systemd: Removed slice User Slice of mysql.
Jul 15 10:32:01 localhost systemd: Created slice User Slice of mysql.
Jul 15 10:32:01 localhost systemd: Started Session 375421 of user mysql.
Jul 15 10:32:01 localhost systemd: Removed slice User Slice of mysql.
Jul 15 10:33:01 localhost systemd: Created slice User Slice of mysql.
Jul 15 10:33:01 localhost systemd: Started Session 375422 of user mysql.
Jul 15 10:33:01 localhost systemd: Removed slice User Slice of mysql.
Jul 15 10:34:01 localhost systemd: Created slice User Slice of mysql.
Jul 15 10:34:01 localhost systemd: Started Session 375423 of user mysql.
Jul 15 10:34:01 localhost systemd: Removed slice User Slice of mysql.
Jul 15 10:35:01 localhost systemd: Created slice User Slice of mysql.
Jul 15 10:35:01 localhost systemd: Started Session 375424 of user mysql.
Jul 15 10:35:01 localhost systemd: Removed slice User Slice of mysql.
Jul 15 10:36:01 localhost systemd: Created slice User Slice of mysql.
Jul 15 10:36:01 localhost systemd: Started Session 375425 of user mysql.
Jul 15 10:36:01 localhost systemd: Removed slice User Slice of mysql.
Jul 15 10:37:01 localhost systemd: Created slice User Slice of mysql.
Jul 15 10:37:01 localhost systemd: Started Session 375426 of user mysql.
Jul 15 10:37:01 localhost systemd: Removed slice User Slice of mysql.
Jul 15 10:38:01 localhost systemd: Created slice User Slice of mysql.
Jul 15 10:38:01 localhost systemd: Started Session 375427 of user mysql.
Jul 15 10:38:01 localhost systemd: Removed slice User Slice of mysql.
Jul 15 10:39:01 localhost systemd: Created slice User Slice of mysql.
Jul 15 10:39:01 localhost systemd: Started Session 375428 of user mysql.
Jul 15 10:39:01 localhost systemd: Removed slice User Slice of mysql.
Jul 15 10:40:01 localhost systemd: Created slice User Slice of mysql.
Jul 15 10:40:01 localhost systemd: Started Session 375429 of user mysql.
Jul 15 10:40:01 localhost systemd: Removed slice User Slice of mysql.
Jul 15 10:41:01 localhost systemd: Created slice User Slice of mysql.
Jul 15 10:41:01 localhost systemd: Started Session 375430 of user mysql.
Jul 15 10:41:01 localhost systemd: Removed slice User Slice of mysql.
Jul 15 10:42:01 localhost systemd: Created slice User Slice of mysql.
Jul 15 10:42:01 localhost systemd: Started Session 375431 of user mysql.
Jul 15 10:42:01 localhost systemd: Removed slice User Slice of mysql.
Jul 15 10:43:01 localhost systemd: Created slice User Slice of mysql.
Jul 15 10:43:01 localhost systemd: Started Session 375432 of user mysql.
Jul 15 10:43:01 localhost systemd: Removed slice User Slice of mysql.
Jul 15 10:44:01 localhost systemd: Created slice User Slice of mysql.
Jul 15 10:44:01 localhost systemd: Started Session 375433 of user mysql.
Jul 15 10:44:01 localhost systemd: Removed slice User Slice of mysql.
Jul 15 10:45:01 localhost systemd: Created slice User Slice of mysql.
Jul 15 10:45:01 localhost systemd: Started Session 375434 of user mysql.
Jul 15 10:45:01 localhost systemd: Removed slice User Slice of mysql.
Jul 15 10:46:02 localhost systemd: Created slice User Slice of mysql.
Jul 15 10:46:02 localhost systemd: Started Session 375435 of user mysql.
Jul 15 10:46:02 localhost systemd: Removed slice User Slice of mysql.
Jul 15 10:47:01 localhost systemd: Created slice User Slice of mysql.
Jul 15 10:47:01 localhost systemd: Started Session 375436 of user mysql.
Jul 15 10:47:01 localhost systemd: Removed slice User Slice of mysql.
Jul 15 10:48:01 localhost systemd: Created slice User Slice of mysql.
Jul 15 10:48:01 localhost systemd: Started Session 375437 of user mysql.
Jul 15 10:48:01 localhost systemd: Removed slice User Slice of mysql.
Jul 15 10:49:01 localhost systemd: Created slice User Slice of mysql.
Jul 15 10:49:01 localhost systemd: Started Session 375438 of user mysql.
Jul 15 10:49:01 localhost systemd: Removed slice User Slice of mysql.
Jul 15 10:50:01 localhost systemd: Created slice User Slice of mysql.
Jul 15 10:50:01 localhost systemd: Started Session 375439 of user mysql.
Jul 15 10:50:01 localhost systemd: Removed slice User Slice of mysql.
Jul 15 10:51:01 localhost systemd: Created slice User Slice of mysql.
Jul 15 10:51:01 localhost systemd: Started Session 375440 of user mysql.
Jul 15 10:51:01 localhost systemd: Removed slice User Slice of mysql.
Jul 15 10:52:01 localhost systemd: Created slice User Slice of mysql.
Jul 15 10:52:01 localhost systemd: Started Session 375441 of user mysql.
Jul 15 10:52:01 localhost systemd: Removed slice User Slice of mysql.
Jul 15 10:53:01 localhost systemd: Created slice User Slice of mysql.
Jul 15 10:53:01 localhost systemd: Started Session 375442 of user mysql.
Jul 15 10:53:01 localhost systemd: Removed slice User Slice of mysql.
Jul 15 10:54:01 localhost systemd: Created slice User Slice of mysql.
Jul 15 10:54:01 localhost systemd: Started Session 375443 of user mysql.
Jul 15 10:54:01 localhost systemd: Removed slice User Slice of mysql.
Jul 15 10:55:01 localhost systemd: Created slice User Slice of mysql.
Jul 15 10:55:01 localhost systemd: Started Session 375444 of user mysql.
Jul 15 10:55:01 localhost systemd: Removed slice User Slice of mysql.
Jul 15 10:56:01 localhost systemd: Created slice User Slice of mysql.
Jul 15 10:56:01 localhost systemd: Started Session 375445 of user mysql.
Jul 15 10:56:01 localhost systemd: Removed slice User Slice of mysql.
Jul 15 10:57:01 localhost systemd: Created slice User Slice of mysql.
Jul 15 10:57:01 localhost systemd: Started Session 375446 of user mysql.
Jul 15 10:57:01 localhost systemd: Removed slice User Slice of mysql.
Jul 15 10:58:01 localhost systemd: Created slice User Slice of mysql.
Jul 15 10:58:01 localhost systemd: Started Session 375447 of user mysql.
Jul 15 10:58:01 localhost systemd: Removed slice User Slice of mysql.
Jul 15 10:59:01 localhost systemd: Created slice User Slice of mysql.
Jul 15 10:59:01 localhost systemd: Started Session 375448 of user mysql.
Jul 15 10:59:01 localhost systemd: Removed slice User Slice of mysql.
Jul 15 11:00:01 localhost systemd: Created slice User Slice of mysql.
Jul 15 11:00:01 localhost systemd: Started Session 375449 of user mysql.
Jul 15 11:00:01 localhost systemd: Removed slice User Slice of mysql.
Jul 15 11:01:01 localhost systemd: Started Session 375450 of user root.
Jul 15 11:01:02 localhost systemd: Created slice User Slice of mysql.
Jul 15 11:01:02 localhost systemd: Started Session 375451 of user mysql.
Jul 15 11:01:02 localhost systemd: Removed slice User Slice of mysql.
Jul 15 11:02:01 localhost systemd: Created slice User Slice of mysql.
Jul 15 11:02:01 localhost systemd: Started Session 375452 of user mysql.
Jul 15 11:02:01 localhost systemd: Removed slice User Slice of mysql.
Jul 15 11:03:01 localhost systemd: Created slice User Slice of mysql.
Jul 15 11:03:01 localhost systemd: Started Session 375453 of user mysql.
Jul 15 11:03:01 localhost systemd: Removed slice User Slice of mysql.
Jul 15 11:04:01 localhost systemd: Created slice User Slice of mysql.
Jul 15 11:04:01 localhost systemd: Started Session 375454 of user mysql.
Jul 15 11:04:01 localhost systemd: Removed slice User Slice of mysql.
Jul 15 11:05:01 localhost systemd: Created slice User Slice of mysql.
Jul 15 11:05:01 localhost systemd: Started Session 375455 of user mysql.
Jul 15 11:05:01 localhost systemd: Removed slice User Slice of mysql.
Jul 15 11:06:01 localhost systemd: Created slice User Slice of mysql.
Jul 15 11:06:01 localhost systemd: Started Session 375456 of user mysql.
Jul 15 11:06:01 localhost systemd: Removed slice User Slice of mysql.
Jul 15 11:07:01 localhost systemd: Created slice User Slice of mysql.
Jul 15 11:07:01 localhost systemd: Started Session 375457 of user mysql.
Jul 15 11:07:01 localhost systemd: Removed slice User Slice of mysql.
Jul 15 11:08:01 localhost systemd: Created slice User Slice of mysql.
Jul 15 11:08:01 localhost systemd: Started Session 375458 of user mysql.
Jul 15 11:08:01 localhost systemd: Removed slice User Slice of mysql.
Jul 15 11:09:01 localhost systemd: Created slice User Slice of mysql.
Jul 15 11:09:01 localhost systemd: Started Session 375459 of user mysql.
Jul 15 11:09:01 localhost systemd: Removed slice User Slice of mysql.
Jul 15 11:10:01 localhost systemd: Created slice User Slice of mysql.
Jul 15 11:10:01 localhost systemd: Started Session 375460 of user mysql.
Jul 15 11:10:01 localhost systemd: Removed slice User Slice of mysql.
Jul 15 11:11:01 localhost systemd: Created slice User Slice of mysql.
Jul 15 11:11:01 localhost systemd: Started Session 375461 of user mysql.
Jul 15 11:11:01 localhost systemd: Removed slice User Slice of mysql.
Jul 15 11:12:01 localhost systemd: Created slice User Slice of mysql.
Jul 15 11:12:01 localhost systemd: Started Session 375462 of user mysql.
Jul 15 11:12:01 localhost systemd: Removed slice User Slice of mysql.
Jul 15 11:13:01 localhost systemd: Created slice User Slice of mysql.
Jul 15 11:13:01 localhost systemd: Started Session 375463 of user mysql.
Jul 15 11:13:01 localhost systemd: Removed slice User Slice of mysql.
Jul 15 11:14:01 localhost systemd: Created slice User Slice of mysql.
Jul 15 11:14:01 localhost systemd: Started Session 375464 of user mysql.
Jul 15 11:14:01 localhost systemd: Removed slice User Slice of mysql.
Jul 15 11:15:01 localhost systemd: Created slice User Slice of mysql.
Jul 15 11:15:01 localhost systemd: Started Session 375465 of user mysql.
Jul 15 11:15:01 localhost systemd: Removed slice User Slice of mysql.
Jul 15 11:16:02 localhost systemd: Created slice User Slice of mysql.
Jul 15 11:16:02 localhost systemd: Started Session 375466 of user mysql.
Jul 15 11:16:02 localhost systemd: Removed slice User Slice of mysql.
Jul 15 11:17:01 localhost systemd: Created slice User Slice of mysql.
Jul 15 11:17:01 localhost systemd: Started Session 375467 of user mysql.
Jul 15 11:17:01 localhost systemd: Removed slice User Slice of mysql.
Jul 15 11:18:01 localhost systemd: Created slice User Slice of mysql.
Jul 15 11:18:01 localhost systemd: Started Session 375468 of user mysql.
Jul 15 11:18:01 localhost systemd: Removed slice User Slice of mysql.
Jul 15 11:19:01 localhost systemd: Created slice User Slice of mysql.
Jul 15 11:19:01 localhost systemd: Started Session 375469 of user mysql.
Jul 15 11:19:01 localhost systemd: Removed slice User Slice of mysql.
Jul 15 11:20:01 localhost systemd: Created slice User Slice of mysql.
Jul 15 11:20:01 localhost systemd: Started Session 375470 of user mysql.
Jul 15 11:20:01 localhost systemd: Removed slice User Slice of mysql.
Jul 15 11:21:01 localhost systemd: Created slice User Slice of mysql.
Jul 15 11:21:01 localhost systemd: Started Session 375471 of user mysql.
Jul 15 11:21:01 localhost systemd: Removed slice User Slice of mysql.
Jul 15 11:22:01 localhost systemd: Created slice User Slice of mysql.
Jul 15 11:22:01 localhost systemd: Started Session 375472 of user mysql.
Jul 15 11:22:01 localhost systemd: Removed slice User Slice of mysql.
Jul 15 11:23:01 localhost systemd: Created slice User Slice of mysql.
Jul 15 11:23:01 localhost systemd: Started Session 375473 of user mysql.
Jul 15 11:23:01 localhost systemd: Removed slice User Slice of mysql.
Jul 15 11:24:01 localhost systemd: Created slice User Slice of mysql.
Jul 15 11:24:01 localhost systemd: Started Session 375474 of user mysql.
Jul 15 11:24:01 localhost systemd: Removed slice User Slice of mysql.
Jul 15 11:25:01 localhost systemd: Created slice User Slice of mysql.
Jul 15 11:25:01 localhost systemd: Started Session 375475 of user mysql.
Jul 15 11:25:01 localhost systemd: Removed slice User Slice of mysql.
Jul 15 11:26:01 localhost systemd: Created slice User Slice of mysql.
Jul 15 11:26:01 localhost systemd: Started Session 375476 of user mysql.
Jul 15 11:26:01 localhost systemd: Removed slice User Slice of mysql.
Jul 15 11:27:01 localhost systemd: Created slice User Slice of mysql.
Jul 15 11:27:01 localhost systemd: Started Session 375477 of user mysql.
Jul 15 11:27:01 localhost systemd: Removed slice User Slice of mysql.
Jul 15 11:28:01 localhost systemd: Created slice User Slice of mysql.
Jul 15 11:28:01 localhost systemd: Started Session 375478 of user mysql.
Jul 15 11:28:01 localhost systemd: Removed slice User Slice of mysql.
Jul 15 11:29:01 localhost systemd: Created slice User Slice of mysql.
Jul 15 11:29:01 localhost systemd: Started Session 375479 of user mysql.
Jul 15 11:29:01 localhost systemd: Removed slice User Slice of mysql.
Jul 15 11:30:01 localhost systemd: Created slice User Slice of mysql.
Jul 15 11:30:01 localhost systemd: Started Session 375480 of user mysql.
Jul 15 11:30:01 localhost systemd: Removed slice User Slice of mysql.
Jul 15 11:31:01 localhost systemd: Created slice User Slice of mysql.
Jul 15 11:31:01 localhost systemd: Started Session 375481 of user mysql.
Jul 15 11:31:02 localhost systemd: Removed slice User Slice of mysql.
Jul 15 11:32:01 localhost systemd: Created slice User Slice of mysql.
Jul 15 11:32:01 localhost systemd: Started Session 375482 of user mysql.
Jul 15 11:32:01 localhost systemd: Removed slice User Slice of mysql.
Jul 15 11:33:01 localhost systemd: Created slice User Slice of mysql.
Jul 15 11:33:01 localhost systemd: Started Session 375483 of user mysql.
Jul 15 11:33:01 localhost systemd: Removed slice User Slice of mysql.
Jul 15 11:34:01 localhost systemd: Created slice User Slice of mysql.
Jul 15 11:34:01 localhost systemd: Started Session 375484 of user mysql.
Jul 15 11:34:01 localhost systemd: Removed slice User Slice of mysql.
Jul 15 11:35:01 localhost systemd: Created slice User Slice of mysql.
Jul 15 11:35:01 localhost systemd: Started Session 375485 of user mysql.
Jul 15 11:35:01 localhost systemd: Removed slice User Slice of mysql.
Jul 15 11:36:01 localhost systemd: Created slice User Slice of mysql.
Jul 15 11:36:01 localhost systemd: Started Session 375486 of user mysql.
Jul 15 11:36:01 localhost systemd: Removed slice User Slice of mysql.
Jul 15 11:37:01 localhost systemd: Created slice User Slice of mysql.
Jul 15 11:37:01 localhost systemd: Started Session 375487 of user mysql.
Jul 15 11:37:01 localhost systemd: Removed slice User Slice of mysql.
Jul 15 11:38:01 localhost systemd: Created slice User Slice of mysql.
Jul 15 11:38:01 localhost systemd: Started Session 375488 of user mysql.
Jul 15 11:38:01 localhost systemd: Removed slice User Slice of mysql.
Jul 15 11:39:01 localhost systemd: Created slice User Slice of mysql.
Jul 15 11:39:01 localhost systemd: Started Session 375489 of user mysql.
Jul 15 11:39:01 localhost systemd: Removed slice User Slice of mysql.
Jul 15 11:40:01 localhost systemd: Created slice User Slice of mysql.
Jul 15 11:40:01 localhost systemd: Started Session 375490 of user mysql.
Jul 15 11:40:01 localhost systemd: Removed slice User Slice of mysql.
Jul 15 11:41:01 localhost systemd: Created slice User Slice of mysql.
Jul 15 11:41:01 localhost systemd: Started Session 375491 of user mysql.
Jul 15 11:41:01 localhost systemd: Removed slice User Slice of mysql.
Jul 15 11:42:01 localhost systemd: Created slice User Slice of mysql.
Jul 15 11:42:01 localhost systemd: Started Session 375492 of user mysql.
Jul 15 11:42:01 localhost systemd: Removed slice User Slice of mysql.
Jul 15 11:43:01 localhost systemd: Created slice User Slice of mysql.
Jul 15 11:43:01 localhost systemd: Started Session 375493 of user mysql.
Jul 15 11:43:01 localhost systemd: Removed slice User Slice of mysql.
Jul 15 11:44:01 localhost systemd: Created slice User Slice of mysql.
Jul 15 11:44:01 localhost systemd: Started Session 375494 of user mysql.
Jul 15 11:44:01 localhost systemd: Removed slice User Slice of mysql.
Jul 15 11:45:01 localhost systemd: Created slice User Slice of mysql.
Jul 15 11:45:01 localhost systemd: Started Session 375495 of user mysql.
Jul 15 11:45:01 localhost systemd: Removed slice User Slice of mysql.
Jul 15 11:46:01 localhost systemd: Created slice User Slice of mysql.
Jul 15 11:46:01 localhost systemd: Started Session 375496 of user mysql.
Jul 15 11:46:02 localhost systemd: Removed slice User Slice of mysql.
Jul 15 11:47:01 localhost systemd: Created slice User Slice of mysql.
Jul 15 11:47:01 localhost systemd: Started Session 375497 of user mysql.
Jul 15 11:47:01 localhost systemd: Removed slice User Slice of mysql.
Jul 15 11:48:01 localhost systemd: Created slice User Slice of mysql.
Jul 15 11:48:01 localhost systemd: Started Session 375498 of user mysql.
Jul 15 11:48:01 localhost systemd: Removed slice User Slice of mysql.
Jul 15 11:49:01 localhost systemd: Created slice User Slice of mysql.
Jul 15 11:49:01 localhost systemd: Started Session 375499 of user mysql.
Jul 15 11:49:01 localhost systemd: Removed slice User Slice of mysql.
Jul 15 11:50:01 localhost systemd: Created slice User Slice of mysql.
Jul 15 11:50:01 localhost systemd: Started Session 375500 of user mysql.
Jul 15 11:50:01 localhost systemd: Removed slice User Slice of mysql.
Jul 15 11:51:01 localhost systemd: Created slice User Slice of mysql.
Jul 15 11:51:01 localhost systemd: Started Session 375501 of user mysql.
Jul 15 11:51:01 localhost systemd: Removed slice User Slice of mysql.
Jul 15 11:52:01 localhost systemd: Created slice User Slice of mysql.
Jul 15 11:52:01 localhost systemd: Started Session 375502 of user mysql.
Jul 15 11:52:01 localhost systemd: Removed slice User Slice of mysql.
Jul 15 11:53:01 localhost systemd: Created slice User Slice of mysql.
Jul 15 11:53:01 localhost systemd: Started Session 375503 of user mysql.
Jul 15 11:53:01 localhost systemd: Removed slice User Slice of mysql.
Jul 15 11:54:01 localhost systemd: Created slice User Slice of mysql.
Jul 15 11:54:01 localhost systemd: Started Session 375504 of user mysql.
Jul 15 11:54:01 localhost systemd: Removed slice User Slice of mysql.
Jul 15 11:55:01 localhost systemd: Created slice User Slice of mysql.
Jul 15 11:55:01 localhost systemd: Started Session 375505 of user mysql.
Jul 15 11:55:01 localhost systemd: Removed slice User Slice of mysql.
Jul 15 11:56:01 localhost systemd: Created slice User Slice of mysql.
Jul 15 11:56:01 localhost systemd: Started Session 375506 of user mysql.
Jul 15 11:56:01 localhost systemd: Removed slice User Slice of mysql.
Jul 15 11:57:01 localhost systemd: Created slice User Slice of mysql.
Jul 15 11:57:01 localhost systemd: Started Session 375507 of user mysql.
Jul 15 11:57:01 localhost systemd: Removed slice User Slice of mysql.
Jul 15 11:58:01 localhost systemd: Created slice User Slice of mysql.
Jul 15 11:58:01 localhost systemd: Started Session 375508 of user mysql.
Jul 15 11:58:01 localhost systemd: Removed slice User Slice of mysql.
Jul 15 11:59:01 localhost systemd: Created slice User Slice of mysql.
Jul 15 11:59:01 localhost systemd: Started Session 375509 of user mysql.
Jul 15 11:59:01 localhost systemd: Removed slice User Slice of mysql.
Jul 15 12:00:01 localhost systemd: Created slice User Slice of mysql.
Jul 15 12:00:01 localhost systemd: Started Session 375510 of user mysql.
Jul 15 12:00:01 localhost systemd: Removed slice User Slice of mysql.
Jul 15 12:01:01 localhost systemd: Started Session 375511 of user root.
Jul 15 12:01:01 localhost systemd: Created slice User Slice of mysql.
Jul 15 12:01:01 localhost systemd: Started Session 375512 of user mysql.
Jul 15 12:01:01 localhost systemd: Removed slice User Slice of mysql.
Jul 15 12:02:01 localhost systemd: Created slice User Slice of mysql.
Jul 15 12:02:02 localhost systemd: Started Session 375513 of user mysql.
Jul 15 12:02:02 localhost systemd: Removed slice User Slice of mysql.
Jul 15 12:03:01 localhost systemd: Created slice User Slice of mysql.
Jul 15 12:03:01 localhost systemd: Started Session 375514 of user mysql.
Jul 15 12:03:01 localhost systemd: Removed slice User Slice of mysql.
Jul 15 12:04:01 localhost systemd: Created slice User Slice of mysql.
Jul 15 12:04:01 localhost systemd: Started Session 375515 of user mysql.
Jul 15 12:04:01 localhost systemd: Removed slice User Slice of mysql.
Jul 15 12:05:01 localhost systemd: Created slice User Slice of mysql.
Jul 15 12:05:01 localhost systemd: Started Session 375516 of user mysql.
Jul 15 12:05:01 localhost systemd: Removed slice User Slice of mysql.
Jul 15 12:06:01 localhost systemd: Created slice User Slice of mysql.
Jul 15 12:06:01 localhost systemd: Started Session 375517 of user mysql.
Jul 15 12:06:01 localhost systemd: Removed slice User Slice of mysql.
Jul 15 12:07:01 localhost systemd: Created slice User Slice of mysql.
Jul 15 12:07:01 localhost systemd: Started Session 375518 of user mysql.
Jul 15 12:07:01 localhost systemd: Removed slice User Slice of mysql.
Jul 15 12:08:01 localhost systemd: Created slice User Slice of mysql.
Jul 15 12:08:01 localhost systemd: Started Session 375519 of user mysql.
Jul 15 12:08:01 localhost systemd: Removed slice User Slice of mysql.
Jul 15 12:09:01 localhost systemd: Created slice User Slice of mysql.
Jul 15 12:09:01 localhost systemd: Started Session 375520 of user mysql.
Jul 15 12:09:01 localhost systemd: Removed slice User Slice of mysql.
Jul 15 12:10:01 localhost systemd: Created slice User Slice of mysql.
Jul 15 12:10:01 localhost systemd: Started Session 375521 of user mysql.
Jul 15 12:10:01 localhost systemd: Removed slice User Slice of mysql.
Jul 15 12:11:01 localhost systemd: Created slice User Slice of mysql.
Jul 15 12:11:01 localhost systemd: Started Session 375522 of user mysql.
Jul 15 12:11:01 localhost systemd: Removed slice User Slice of mysql.
Jul 15 12:12:01 localhost systemd: Created slice User Slice of mysql.
Jul 15 12:12:01 localhost systemd: Started Session 375523 of user mysql.
Jul 15 12:12:01 localhost systemd: Removed slice User Slice of mysql.
Jul 15 12:13:01 localhost systemd: Created slice User Slice of mysql.
Jul 15 12:13:01 localhost systemd: Started Session 375524 of user mysql.
Jul 15 12:13:01 localhost systemd: Removed slice User Slice of mysql.
Jul 15 12:14:01 localhost systemd: Created slice User Slice of mysql.
Jul 15 12:14:01 localhost systemd: Started Session 375525 of user mysql.
Jul 15 12:14:01 localhost systemd: Removed slice User Slice of mysql.
Jul 15 12:15:01 localhost systemd: Created slice User Slice of mysql.
Jul 15 12:15:01 localhost systemd: Started Session 375526 of user mysql.
Jul 15 12:15:01 localhost systemd: Removed slice User Slice of mysql.
Jul 15 12:16:01 localhost systemd: Created slice User Slice of mysql.
Jul 15 12:16:01 localhost systemd: Started Session 375527 of user mysql.
Jul 15 12:16:01 localhost systemd: Removed slice User Slice of mysql.
Jul 15 12:17:02 localhost systemd: Created slice User Slice of mysql.
Jul 15 12:17:02 localhost systemd: Started Session 375528 of user mysql.
Jul 15 12:17:02 localhost systemd: Removed slice User Slice of mysql.
Jul 15 12:18:01 localhost systemd: Created slice User Slice of mysql.
Jul 15 12:18:01 localhost systemd: Started Session 375529 of user mysql.
Jul 15 12:18:01 localhost systemd: Removed slice User Slice of mysql.
Jul 15 12:19:01 localhost systemd: Created slice User Slice of mysql.
Jul 15 12:19:01 localhost systemd: Started Session 375530 of user mysql.
Jul 15 12:19:01 localhost systemd: Removed slice User Slice of mysql.
Jul 15 12:20:01 localhost systemd: Created slice User Slice of mysql.
Jul 15 12:20:01 localhost systemd: Started Session 375531 of user mysql.
Jul 15 12:20:01 localhost systemd: Removed slice User Slice of mysql.
Jul 15 12:21:01 localhost systemd: Created slice User Slice of mysql.
Jul 15 12:21:01 localhost systemd: Started Session 375532 of user mysql.
Jul 15 12:21:01 localhost systemd: Removed slice User Slice of mysql.
Jul 15 12:22:01 localhost systemd: Created slice User Slice of mysql.
Jul 15 12:22:01 localhost systemd: Started Session 375533 of user mysql.
Jul 15 12:22:01 localhost systemd: Removed slice User Slice of mysql.
Jul 15 12:23:01 localhost systemd: Created slice User Slice of mysql.
Jul 15 12:23:01 localhost systemd: Started Session 375534 of user mysql.
Jul 15 12:23:01 localhost systemd: Removed slice User Slice of mysql.
Jul 15 12:24:01 localhost systemd: Created slice User Slice of mysql.
Jul 15 12:24:01 localhost systemd: Started Session 375535 of user mysql.
Jul 15 12:24:01 localhost systemd: Removed slice User Slice of mysql.
Jul 15 12:25:01 localhost systemd: Created slice User Slice of mysql.
Jul 15 12:25:01 localhost systemd: Started Session 375536 of user mysql.
Jul 15 12:25:01 localhost systemd: Removed slice User Slice of mysql.
Jul 15 12:26:01 localhost systemd: Created slice User Slice of mysql.
Jul 15 12:26:01 localhost systemd: Started Session 375537 of user mysql.
Jul 15 12:26:01 localhost systemd: Removed slice User Slice of mysql.
Jul 15 12:27:01 localhost systemd: Created slice User Slice of mysql.
Jul 15 12:27:01 localhost systemd: Started Session 375538 of user mysql.
Jul 15 12:27:01 localhost systemd: Removed slice User Slice of mysql.
Jul 15 12:28:01 localhost systemd: Created slice User Slice of mysql.
Jul 15 12:28:01 localhost systemd: Started Session 375539 of user mysql.
Jul 15 12:28:01 localhost systemd: Removed slice User Slice of mysql.
Jul 15 12:29:01 localhost systemd: Created slice User Slice of mysql.
Jul 15 12:29:01 localhost systemd: Started Session 375540 of user mysql.
Jul 15 12:29:01 localhost systemd: Removed slice User Slice of mysql.
Jul 15 12:30:01 localhost systemd: Created slice User Slice of mysql.
Jul 15 12:30:01 localhost systemd: Started Session 375541 of user mysql.
Jul 15 12:30:01 localhost systemd: Removed slice User Slice of mysql.
Jul 15 12:31:01 localhost systemd: Created slice User Slice of mysql.
Jul 15 12:31:01 localhost systemd: Started Session 375542 of user mysql.
Jul 15 12:31:01 localhost systemd: Removed slice User Slice of mysql.
Jul 15 12:32:01 localhost systemd: Created slice User Slice of mysql.
Jul 15 12:32:01 localhost systemd: Started Session 375543 of user mysql.
Jul 15 12:32:02 localhost systemd: Removed slice User Slice of mysql.
Jul 15 12:33:01 localhost systemd: Created slice User Slice of mysql.
Jul 15 12:33:01 localhost systemd: Started Session 375544 of user mysql.
Jul 15 12:33:01 localhost systemd: Removed slice User Slice of mysql.
Jul 15 12:34:01 localhost systemd: Created slice User Slice of mysql.
Jul 15 12:34:01 localhost systemd: Started Session 375545 of user mysql.
Jul 15 12:34:01 localhost systemd: Removed slice User Slice of mysql.
Jul 15 12:35:01 localhost systemd: Created slice User Slice of mysql.
Jul 15 12:35:01 localhost systemd: Started Session 375546 of user mysql.
Jul 15 12:35:01 localhost systemd: Removed slice User Slice of mysql.
Jul 15 12:36:01 localhost systemd: Created slice User Slice of mysql.
Jul 15 12:36:01 localhost systemd: Started Session 375547 of user mysql.
Jul 15 12:36:01 localhost systemd: Removed slice User Slice of mysql.
Jul 15 12:37:01 localhost systemd: Created slice User Slice of mysql.
Jul 15 12:37:01 localhost systemd: Started Session 375548 of user mysql.
Jul 15 12:37:01 localhost systemd: Removed slice User Slice of mysql.
Jul 15 12:38:01 localhost systemd: Created slice User Slice of mysql.
Jul 15 12:38:01 localhost systemd: Started Session 375549 of user mysql.
Jul 15 12:38:01 localhost systemd: Removed slice User Slice of mysql.
Jul 15 12:39:01 localhost systemd: Created slice User Slice of mysql.
Jul 15 12:39:01 localhost systemd: Started Session 375550 of user mysql.
Jul 15 12:39:01 localhost systemd: Removed slice User Slice of mysql.
Jul 15 12:40:01 localhost systemd: Created slice User Slice of mysql.
Jul 15 12:40:01 localhost systemd: Started Session 375551 of user mysql.
Jul 15 12:40:01 localhost systemd: Removed slice User Slice of mysql.
Jul 15 12:41:01 localhost systemd: Created slice User Slice of mysql.
Jul 15 12:41:01 localhost systemd: Started Session 375552 of user mysql.
Jul 15 12:41:01 localhost systemd: Removed slice User Slice of mysql.
Jul 15 12:42:01 localhost systemd: Created slice User Slice of mysql.
Jul 15 12:42:01 localhost systemd: Started Session 375553 of user mysql.
Jul 15 12:42:01 localhost systemd: Removed slice User Slice of mysql.
Jul 15 12:43:01 localhost systemd: Created slice User Slice of mysql.
Jul 15 12:43:01 localhost systemd: Started Session 375554 of user mysql.
Jul 15 12:43:01 localhost systemd: Removed slice User Slice of mysql.
Jul 15 12:44:01 localhost systemd: Created slice User Slice of mysql.
Jul 15 12:44:01 localhost systemd: Started Session 375555 of user mysql.
Jul 15 12:44:01 localhost systemd: Removed slice User Slice of mysql.
Jul 15 12:45:01 localhost systemd: Created slice User Slice of mysql.
Jul 15 12:45:01 localhost systemd: Started Session 375556 of user mysql.
Jul 15 12:45:01 localhost systemd: Removed slice User Slice of mysql.
Jul 15 12:46:01 localhost systemd: Created slice User Slice of mysql.
Jul 15 12:46:01 localhost systemd: Started Session 375557 of user mysql.
Jul 15 12:46:02 localhost systemd: Removed slice User Slice of mysql.
Jul 15 12:47:01 localhost systemd: Created slice User Slice of mysql.
Jul 15 12:47:01 localhost systemd: Started Session 375558 of user mysql.
Jul 15 12:47:01 localhost systemd: Removed slice User Slice of mysql.
Jul 15 12:48:01 localhost systemd: Created slice User Slice of mysql.
Jul 15 12:48:01 localhost systemd: Started Session 375559 of user mysql.
Jul 15 12:48:01 localhost systemd: Removed slice User Slice of mysql.
Jul 15 12:49:01 localhost systemd: Created slice User Slice of mysql.
Jul 15 12:49:01 localhost systemd: Started Session 375560 of user mysql.
Jul 15 12:49:01 localhost systemd: Removed slice User Slice of mysql.
Jul 15 12:50:01 localhost systemd: Created slice User Slice of mysql.
Jul 15 12:50:01 localhost systemd: Started Session 375561 of user mysql.
Jul 15 12:50:01 localhost systemd: Removed slice User Slice of mysql.
Jul 15 12:51:01 localhost systemd: Created slice User Slice of mysql.
Jul 15 12:51:01 localhost systemd: Started Session 375562 of user mysql.
Jul 15 12:51:01 localhost systemd: Removed slice User Slice of mysql.
Jul 15 12:52:01 localhost systemd: Created slice User Slice of mysql.
Jul 15 12:52:01 localhost systemd: Started Session 375563 of user mysql.
Jul 15 12:52:01 localhost systemd: Removed slice User Slice of mysql.
Jul 15 12:53:01 localhost systemd: Created slice User Slice of mysql.
Jul 15 12:53:01 localhost systemd: Started Session 375564 of user mysql.
Jul 15 12:53:01 localhost systemd: Removed slice User Slice of mysql.
Jul 15 12:54:01 localhost systemd: Created slice User Slice of mysql.
Jul 15 12:54:01 localhost systemd: Started Session 375565 of user mysql.
Jul 15 12:54:01 localhost systemd: Removed slice User Slice of mysql.
Jul 15 12:55:01 localhost systemd: Created slice User Slice of mysql.
Jul 15 12:55:01 localhost systemd: Started Session 375566 of user mysql.
Jul 15 12:55:01 localhost systemd: Removed slice User Slice of mysql.
Jul 15 12:56:01 localhost systemd: Created slice User Slice of mysql.
Jul 15 12:56:01 localhost systemd: Started Session 375567 of user mysql.
Jul 15 12:56:01 localhost systemd: Removed slice User Slice of mysql.
Jul 15 12:57:01 localhost systemd: Created slice User Slice of mysql.
Jul 15 12:57:01 localhost systemd: Started Session 375568 of user mysql.
Jul 15 12:57:01 localhost systemd: Removed slice User Slice of mysql.
Jul 15 12:58:01 localhost systemd: Created slice User Slice of mysql.
Jul 15 12:58:01 localhost systemd: Started Session 375569 of user mysql.
Jul 15 12:58:01 localhost systemd: Removed slice User Slice of mysql.
Jul 15 12:59:01 localhost systemd: Created slice User Slice of mysql.
Jul 15 12:59:01 localhost systemd: Started Session 375570 of user mysql.
Jul 15 12:59:01 localhost systemd: Removed slice User Slice of mysql.
Jul 15 13:00:01 localhost systemd: Created slice User Slice of mysql.
Jul 15 13:00:01 localhost systemd: Started Session 375571 of user mysql.
Jul 15 13:00:01 localhost systemd: Removed slice User Slice of mysql.
Jul 15 13:01:01 localhost systemd: Created slice User Slice of mysql.
Jul 15 13:01:01 localhost systemd: Started Session 375572 of user mysql.
Jul 15 13:01:01 localhost systemd: Started Session 375573 of user root.
Jul 15 13:01:02 localhost systemd: Removed slice User Slice of mysql.
Jul 15 13:02:01 localhost systemd: Created slice User Slice of mysql.
Jul 15 13:02:01 localhost systemd: Started Session 375574 of user mysql.
Jul 15 13:02:01 localhost systemd: Removed slice User Slice of mysql.
Jul 15 13:03:01 localhost systemd: Created slice User Slice of mysql.
Jul 15 13:03:01 localhost systemd: Started Session 375575 of user mysql.
Jul 15 13:03:01 localhost systemd: Removed slice User Slice of mysql.
Jul 15 13:04:01 localhost systemd: Created slice User Slice of mysql.
Jul 15 13:04:01 localhost systemd: Started Session 375576 of user mysql.
Jul 15 13:04:01 localhost systemd: Removed slice User Slice of mysql.
Jul 15 13:05:01 localhost systemd: Created slice User Slice of mysql.
Jul 15 13:05:01 localhost systemd: Started Session 375577 of user mysql.
Jul 15 13:05:01 localhost systemd: Removed slice User Slice of mysql.
Jul 15 13:06:01 localhost systemd: Created slice User Slice of mysql.
Jul 15 13:06:01 localhost systemd: Started Session 375578 of user mysql.
Jul 15 13:06:01 localhost systemd: Removed slice User Slice of mysql.
Jul 15 13:07:01 localhost systemd: Created slice User Slice of mysql.
Jul 15 13:07:01 localhost systemd: Started Session 375579 of user mysql.
Jul 15 13:07:01 localhost systemd: Removed slice User Slice of mysql.
Jul 15 13:08:01 localhost systemd: Created slice User Slice of mysql.
Jul 15 13:08:01 localhost systemd: Started Session 375580 of user mysql.
Jul 15 13:08:01 localhost systemd: Removed slice User Slice of mysql.
Jul 15 13:09:01 localhost systemd: Created slice User Slice of mysql.
Jul 15 13:09:01 localhost systemd: Started Session 375581 of user mysql.
Jul 15 13:09:01 localhost systemd: Removed slice User Slice of mysql.
Jul 15 13:10:01 localhost systemd: Created slice User Slice of mysql.
Jul 15 13:10:01 localhost systemd: Started Session 375582 of user mysql.
Jul 15 13:10:01 localhost systemd: Removed slice User Slice of mysql.
Jul 15 13:11:01 localhost systemd: Created slice User Slice of mysql.
Jul 15 13:11:01 localhost systemd: Started Session 375583 of user mysql.
Jul 15 13:11:01 localhost systemd: Removed slice User Slice of mysql.
Jul 15 13:12:01 localhost systemd: Created slice User Slice of mysql.
Jul 15 13:12:01 localhost systemd: Started Session 375584 of user mysql.
Jul 15 13:12:01 localhost systemd: Removed slice User Slice of mysql.
Jul 15 13:13:01 localhost systemd: Created slice User Slice of mysql.
Jul 15 13:13:01 localhost systemd: Started Session 375585 of user mysql.
Jul 15 13:13:01 localhost systemd: Removed slice User Slice of mysql.
Jul 15 13:14:01 localhost systemd: Created slice User Slice of mysql.
Jul 15 13:14:01 localhost systemd: Started Session 375586 of user mysql.
Jul 15 13:14:01 localhost systemd: Removed slice User Slice of mysql.
Jul 15 13:15:01 localhost systemd: Created slice User Slice of mysql.
Jul 15 13:15:01 localhost systemd: Started Session 375587 of user mysql.
Jul 15 13:15:02 localhost systemd: Removed slice User Slice of mysql.
Jul 15 13:16:01 localhost systemd: Created slice User Slice of mysql.
Jul 15 13:16:01 localhost systemd: Started Session 375588 of user mysql.
Jul 15 13:16:01 localhost systemd: Removed slice User Slice of mysql.
Jul 15 13:17:01 localhost systemd: Created slice User Slice of mysql.
Jul 15 13:17:01 localhost systemd: Started Session 375589 of user mysql.
Jul 15 13:17:01 localhost systemd: Removed slice User Slice of mysql.
Jul 15 13:18:01 localhost systemd: Created slice User Slice of mysql.
Jul 15 13:18:01 localhost systemd: Started Session 375590 of user mysql.
Jul 15 13:18:01 localhost systemd: Removed slice User Slice of mysql.
Jul 15 13:19:01 localhost systemd: Created slice User Slice of mysql.
Jul 15 13:19:01 localhost systemd: Started Session 375591 of user mysql.
Jul 15 13:19:01 localhost systemd: Removed slice User Slice of mysql.
Jul 15 13:20:01 localhost systemd: Created slice User Slice of mysql.
Jul 15 13:20:01 localhost systemd: Started Session 375592 of user mysql.
Jul 15 13:20:01 localhost systemd: Removed slice User Slice of mysql.
Jul 15 13:21:01 localhost systemd: Created slice User Slice of mysql.
Jul 15 13:21:01 localhost systemd: Started Session 375593 of user mysql.
Jul 15 13:21:01 localhost systemd: Removed slice User Slice of mysql.
Jul 15 13:22:01 localhost systemd: Created slice User Slice of mysql.
Jul 15 13:22:01 localhost systemd: Started Session 375594 of user mysql.
Jul 15 13:22:01 localhost systemd: Removed slice User Slice of mysql.
Jul 15 13:23:01 localhost systemd: Created slice User Slice of mysql.
Jul 15 13:23:01 localhost systemd: Started Session 375595 of user mysql.
Jul 15 13:23:01 localhost systemd: Removed slice User Slice of mysql.
Jul 15 13:24:01 localhost systemd: Created slice User Slice of mysql.
Jul 15 13:24:01 localhost systemd: Started Session 375596 of user mysql.
Jul 15 13:24:01 localhost systemd: Removed slice User Slice of mysql.
Jul 15 13:25:01 localhost systemd: Created slice User Slice of mysql.
Jul 15 13:25:01 localhost systemd: Started Session 375597 of user mysql.
Jul 15 13:25:01 localhost systemd: Removed slice User Slice of mysql.
Jul 15 13:26:01 localhost systemd: Created slice User Slice of mysql.
Jul 15 13:26:01 localhost systemd: Started Session 375598 of user mysql.
Jul 15 13:26:01 localhost systemd: Removed slice User Slice of mysql.
Jul 15 13:27:01 localhost systemd: Created slice User Slice of mysql.
Jul 15 13:27:01 localhost systemd: Started Session 375599 of user mysql.
Jul 15 13:27:01 localhost systemd: Removed slice User Slice of mysql.
Jul 15 13:28:01 localhost systemd: Created slice User Slice of mysql.
Jul 15 13:28:01 localhost systemd: Started Session 375600 of user mysql.
Jul 15 13:28:01 localhost systemd: Removed slice User Slice of mysql.
Jul 15 13:29:01 localhost systemd: Created slice User Slice of mysql.
Jul 15 13:29:01 localhost systemd: Started Session 375601 of user mysql.
Jul 15 13:29:01 localhost systemd: Removed slice User Slice of mysql.
Jul 15 13:30:01 localhost systemd: Created slice User Slice of mysql.
Jul 15 13:30:01 localhost systemd: Started Session 375602 of user mysql.
Jul 15 13:30:02 localhost systemd: Removed slice User Slice of mysql.
Jul 15 13:31:01 localhost systemd: Created slice User Slice of mysql.
Jul 15 13:31:01 localhost systemd: Started Session 375603 of user mysql.
Jul 15 13:31:01 localhost systemd: Removed slice User Slice of mysql.
Jul 15 13:32:01 localhost systemd: Created slice User Slice of mysql.
Jul 15 13:32:01 localhost systemd: Started Session 375604 of user mysql.
Jul 15 13:32:01 localhost systemd: Removed slice User Slice of mysql.
Jul 15 13:33:01 localhost systemd: Created slice User Slice of mysql.
Jul 15 13:33:01 localhost systemd: Started Session 375605 of user mysql.
Jul 15 13:33:01 localhost systemd: Removed slice User Slice of mysql.
Jul 15 13:34:01 localhost systemd: Created slice User Slice of mysql.
Jul 15 13:34:01 localhost systemd: Started Session 375606 of user mysql.
Jul 15 13:34:01 localhost systemd: Removed slice User Slice of mysql.
Jul 15 13:35:01 localhost systemd: Created slice User Slice of mysql.
Jul 15 13:35:01 localhost systemd: Started Session 375607 of user mysql.
Jul 15 13:35:01 localhost systemd: Removed slice User Slice of mysql.
Jul 15 13:36:01 localhost systemd: Created slice User Slice of mysql.
Jul 15 13:36:01 localhost systemd: Started Session 375608 of user mysql.
Jul 15 13:36:01 localhost systemd: Removed slice User Slice of mysql.
Jul 15 13:37:01 localhost systemd: Created slice User Slice of mysql.
Jul 15 13:37:01 localhost systemd: Started Session 375609 of user mysql.
Jul 15 13:37:01 localhost systemd: Removed slice User Slice of mysql.
Jul 15 13:38:01 localhost systemd: Created slice User Slice of mysql.
Jul 15 13:38:01 localhost systemd: Started Session 375610 of user mysql.
Jul 15 13:38:01 localhost systemd: Removed slice User Slice of mysql.
Jul 15 13:39:01 localhost systemd: Created slice User Slice of mysql.
Jul 15 13:39:01 localhost systemd: Started Session 375611 of user mysql.
Jul 15 13:39:01 localhost systemd: Removed slice User Slice of mysql.
Jul 15 13:40:01 localhost systemd: Created slice User Slice of mysql.
Jul 15 13:40:01 localhost systemd: Started Session 375612 of user mysql.
Jul 15 13:40:01 localhost systemd: Removed slice User Slice of mysql.
Jul 15 13:41:01 localhost systemd: Created slice User Slice of mysql.
Jul 15 13:41:01 localhost systemd: Started Session 375613 of user mysql.
Jul 15 13:41:01 localhost systemd: Removed slice User Slice of mysql.
Jul 15 13:42:01 localhost systemd: Created slice User Slice of mysql.
Jul 15 13:42:01 localhost systemd: Started Session 375614 of user mysql.
Jul 15 13:42:01 localhost systemd: Removed slice User Slice of mysql.
Jul 15 13:43:01 localhost systemd: Created slice User Slice of mysql.
Jul 15 13:43:01 localhost systemd: Started Session 375615 of user mysql.
Jul 15 13:43:01 localhost systemd: Removed slice User Slice of mysql.
Jul 15 13:44:01 localhost systemd: Created slice User Slice of mysql.
Jul 15 13:44:01 localhost systemd: Started Session 375616 of user mysql.
Jul 15 13:44:01 localhost systemd: Removed slice User Slice of mysql.
Jul 15 13:45:01 localhost systemd: Created slice User Slice of mysql.
Jul 15 13:45:01 localhost systemd: Started Session 375617 of user mysql.
Jul 15 13:45:01 localhost systemd: Removed slice User Slice of mysql.
Jul 15 13:46:02 localhost systemd: Created slice User Slice of mysql.
Jul 15 13:46:02 localhost systemd: Started Session 375618 of user mysql.
Jul 15 13:46:02 localhost systemd: Removed slice User Slice of mysql.
Jul 15 13:47:01 localhost systemd: Created slice User Slice of mysql.
Jul 15 13:47:01 localhost systemd: Started Session 375619 of user mysql.
Jul 15 13:47:01 localhost systemd: Removed slice User Slice of mysql.
Jul 15 13:48:01 localhost systemd: Created slice User Slice of mysql.
Jul 15 13:48:01 localhost systemd: Started Session 375620 of user mysql.
Jul 15 13:48:01 localhost systemd: Removed slice User Slice of mysql.
Jul 15 13:49:01 localhost systemd: Created slice User Slice of mysql.
Jul 15 13:49:01 localhost systemd: Started Session 375621 of user mysql.
Jul 15 13:49:01 localhost systemd: Removed slice User Slice of mysql.
Jul 15 13:50:01 localhost systemd: Created slice User Slice of mysql.
Jul 15 13:50:01 localhost systemd: Started Session 375622 of user mysql.
Jul 15 13:50:01 localhost systemd: Removed slice User Slice of mysql.
Jul 15 13:51:01 localhost systemd: Created slice User Slice of mysql.
Jul 15 13:51:01 localhost systemd: Started Session 375623 of user mysql.
Jul 15 13:51:01 localhost systemd: Removed slice User Slice of mysql.
Jul 15 13:52:01 localhost systemd: Created slice User Slice of mysql.
Jul 15 13:52:01 localhost systemd: Started Session 375624 of user mysql.
Jul 15 13:52:01 localhost systemd: Removed slice User Slice of mysql.
Jul 15 13:53:01 localhost systemd: Created slice User Slice of mysql.
Jul 15 13:53:01 localhost systemd: Started Session 375625 of user mysql.
Jul 15 13:53:01 localhost systemd: Removed slice User Slice of mysql.
Jul 15 13:54:01 localhost systemd: Created slice User Slice of mysql.
Jul 15 13:54:01 localhost systemd: Started Session 375626 of user mysql.
Jul 15 13:54:01 localhost systemd: Removed slice User Slice of mysql.
Jul 15 13:55:01 localhost systemd: Created slice User Slice of mysql.
Jul 15 13:55:01 localhost systemd: Started Session 375627 of user mysql.
Jul 15 13:55:01 localhost systemd: Removed slice User Slice of mysql.
Jul 15 13:56:01 localhost systemd: Created slice User Slice of mysql.
Jul 15 13:56:01 localhost systemd: Started Session 375628 of user mysql.
Jul 15 13:56:01 localhost systemd: Removed slice User Slice of mysql.
Jul 15 13:57:01 localhost systemd: Created slice User Slice of mysql.
Jul 15 13:57:01 localhost systemd: Started Session 375629 of user mysql.
Jul 15 13:57:01 localhost systemd: Removed slice User Slice of mysql.
Jul 15 13:58:01 localhost systemd: Created slice User Slice of mysql.
Jul 15 13:58:01 localhost systemd: Started Session 375630 of user mysql.
Jul 15 13:58:01 localhost systemd: Removed slice User Slice of mysql.
Jul 15 13:59:01 localhost systemd: Created slice User Slice of mysql.
Jul 15 13:59:01 localhost systemd: Started Session 375631 of user mysql.
Jul 15 13:59:01 localhost systemd: Removed slice User Slice of mysql.
Jul 15 14:00:01 localhost systemd: Created slice User Slice of mysql.
Jul 15 14:00:01 localhost systemd: Started Session 375632 of user mysql.
Jul 15 14:00:01 localhost systemd: Removed slice User Slice of mysql.
Jul 15 14:01:02 localhost systemd: Created slice User Slice of mysql.
Jul 15 14:01:02 localhost systemd: Started Session 375633 of user mysql.
Jul 15 14:01:02 localhost systemd: Started Session 375634 of user root.
Jul 15 14:01:02 localhost systemd: Removed slice User Slice of mysql.
Jul 15 14:02:01 localhost systemd: Created slice User Slice of mysql.
Jul 15 14:02:01 localhost systemd: Started Session 375635 of user mysql.
Jul 15 14:02:01 localhost systemd: Removed slice User Slice of mysql.
Jul 15 14:03:01 localhost systemd: Created slice User Slice of mysql.
Jul 15 14:03:01 localhost systemd: Started Session 375636 of user mysql.
Jul 15 14:03:01 localhost systemd: Removed slice User Slice of mysql.
Jul 15 14:04:01 localhost systemd: Created slice User Slice of mysql.
Jul 15 14:04:01 localhost systemd: Started Session 375637 of user mysql.
Jul 15 14:04:01 localhost systemd: Removed slice User Slice of mysql.
Jul 15 14:05:01 localhost systemd: Created slice User Slice of mysql.
Jul 15 14:05:01 localhost systemd: Started Session 375638 of user mysql.
Jul 15 14:05:01 localhost systemd: Removed slice User Slice of mysql.
Jul 15 14:06:01 localhost systemd: Created slice User Slice of mysql.
Jul 15 14:06:01 localhost systemd: Started Session 375639 of user mysql.
Jul 15 14:06:01 localhost systemd: Removed slice User Slice of mysql.
Jul 15 14:07:01 localhost systemd: Created slice User Slice of mysql.
Jul 15 14:07:01 localhost systemd: Started Session 375640 of user mysql.
Jul 15 14:07:01 localhost systemd: Removed slice User Slice of mysql.
Jul 15 14:08:01 localhost systemd: Created slice User Slice of mysql.
Jul 15 14:08:01 localhost systemd: Started Session 375641 of user mysql.
Jul 15 14:08:01 localhost systemd: Removed slice User Slice of mysql.
Jul 15 14:09:01 localhost systemd: Created slice User Slice of mysql.
Jul 15 14:09:01 localhost systemd: Started Session 375642 of user mysql.
Jul 15 14:09:01 localhost systemd: Removed slice User Slice of mysql.
Jul 15 14:10:01 localhost systemd: Created slice User Slice of mysql.
Jul 15 14:10:01 localhost systemd: Started Session 375643 of user mysql.
Jul 15 14:10:01 localhost systemd: Removed slice User Slice of mysql.
Jul 15 14:11:01 localhost systemd: Created slice User Slice of mysql.
Jul 15 14:11:01 localhost systemd: Started Session 375644 of user mysql.
Jul 15 14:11:01 localhost systemd: Removed slice User Slice of mysql.
Jul 15 14:12:01 localhost systemd: Created slice User Slice of mysql.
Jul 15 14:12:01 localhost systemd: Started Session 375645 of user mysql.
Jul 15 14:12:01 localhost systemd: Removed slice User Slice of mysql.
Jul 15 14:13:01 localhost systemd: Created slice User Slice of mysql.
Jul 15 14:13:01 localhost systemd: Started Session 375646 of user mysql.
Jul 15 14:13:01 localhost systemd: Removed slice User Slice of mysql.
Jul 15 14:14:01 localhost systemd: Created slice User Slice of mysql.
Jul 15 14:14:01 localhost systemd: Started Session 375647 of user mysql.
Jul 15 14:14:01 localhost systemd: Removed slice User Slice of mysql.
Jul 15 14:14:08 localhost systemd: Started Session 375648 of user root.
Jul 15 14:14:08 localhost systemd-logind: New session 375648 of user root.
Jul 15 14:14:11 localhost systemd-logind: Removed session 375648.
Jul 15 14:15:01 localhost systemd: Created slice User Slice of mysql.
Jul 15 14:15:01 localhost systemd: Started Session 375649 of user mysql.
Jul 15 14:15:02 localhost systemd: Removed slice User Slice of mysql.
Jul 15 14:16:01 localhost systemd: Created slice User Slice of mysql.
Jul 15 14:16:01 localhost systemd: Started Session 375650 of user mysql.
Jul 15 14:16:01 localhost systemd: Removed slice User Slice of mysql.
Jul 15 14:16:13 localhost systemd-logind: New session 375651 of user root.
Jul 15 14:16:13 localhost systemd: Started Session 375651 of user root.
Jul 15 14:16:58 localhost yum[94957]: Installed: lm_sensors-libs-3.4.0-8.20160601gitf9185e5.el7.x86_64
Jul 15 14:16:58 localhost systemd: Reloading.
Jul 15 14:16:59 localhost yum[94957]: Installed: sysstat-10.1.5-19.el7.x86_64
Jul 15 14:16:59 localhost yum[94957]: Installed: dstat-0.7.2-12.el7.noarch
Jul 15 14:17:01 localhost systemd: Created slice User Slice of mysql.
Jul 15 14:17:01 localhost systemd: Started Session 375652 of user mysql.
Jul 15 14:17:01 localhost systemd: Removed slice User Slice of mysql.
Jul 15 14:18:01 localhost systemd: Created slice User Slice of mysql.
Jul 15 14:18:01 localhost systemd: Started Session 375653 of user mysql.
Jul 15 14:18:01 localhost systemd: Removed slice User Slice of mysql.
Jul 15 14:19:01 localhost systemd: Created slice User Slice of mysql.
Jul 15 14:19:01 localhost systemd: Started Session 375654 of user mysql.
Jul 15 14:19:01 localhost systemd: Removed slice User Slice of mysql.
