******************** MySQL--localhost--3306 ***********************
--------------
mysql  Ver 14.14 Distrib 5.6.16, for linux-glibc2.5 (x86_64) using  EditLine wrapper

Connection id:		1437764
Current database:	
Current user:		system@localhost
SSL:			Not in use
Current pager:		stdout
Using outfile:		''
Using delimiter:	;
Server version:		5.6.16-log MySQL Community Server (GPL)
Protocol version:	10
Connection:		Localhost via UNIX socket
Server characterset:	utf8mb4
Db     characterset:	utf8mb4
Client characterset:	utf8
Conn.  characterset:	utf8
UNIX socket:		/app/mysql/mysql.sock
Uptime:			334 days 18 hours 43 min 53 sec

Threads: 6  Questions: 2212009392  Slow queries: 31275  Opens: 185553854  Flush tables: 1  Open tables: 768  Queries per second avg: 76.473
--------------

                             basedir :	/usr/local/mysql
                             datadir :	/app/mysql/
                                     :	          
               ####Business info#### :	          
                       Database size :	db_monitor 0.023 GB ncpi 308.934 GB
                       Tables counts :	db_monitor 1 ncpi 328
                      Engines counts :	InnoDB 329
                 Top 10 of big table :	insure_trans_index 120821420 ncpi_transinfo_recoder 104183533 policy_cusid 81452267 ncpi_order_customerinfo 63220563 ncpi_ants_merge_detail 39830031 ncpi_file_ants_policy 37749444 ncpi_tax_info 36050493 report_insureddata_info 32971349 report_appdata_info 30219723 npci_customerinfo_202008_tbl 28466361
        Top 10 of auto increment num :	ncpi_transinfo_recoder 103960454 policy_cusid 82723262 ncpi_order_customerinfo 62658140 report_insureddata_info 44249111 report_appdata_info 41457630 ncpi_ants_merge_detail 37784812 ncpi_policy_dynamic_list 28898222 npci_customerinfo_202008_tbl 28885643 npci_customerinfo_202009_tbl 22978048 npci_customerinfo_202010_tbl 22419615
                                     :	          
              ####Runtime status#### :	          
                   Threads connected :	     4.00 
                                 QPS :	     5.94 
                                 TPS :	    34.65 
                               Reads :	102151106.00 
                              Writes :	1002751142.00 
                   Read/Writes Ratio :	   10.19% 
   MyISAM Key buffer read hits(>99%) :	   97.14% 
        MyISAM Key buffer write hits :	    2.04% 
                    Query cache hits :	    NULL% 
       InnoDB buffer read hits(>95%) :	  100.00% 
             Thread cache hits(>90%) :	  100.00% 
             Slow queries per second :	     0.00 
         Select full join per second :	     1.00 
      Select full join in all select :	    0.47% 
         MyiSAM lock contention(<1%) :	    0.00% 
           Temp tables to disk ratio :	   10.99% 
No innodb tables
No primary key tables
TABLE_SCHEMA	TABLE_NAME	TABLE_TYPE	TABLE_ROWS
ncpi	etl_log	BASE TABLE	14208
ncpi	message_templet_20200107	BASE TABLE	831
ncpi	ncpi_endor_kind_item	BASE TABLE	579
ncpi	ncpi_organization	BASE TABLE	9729
ncpi	npci_card_agency_0421	BASE TABLE	275709
ncpi	npci_card_agency_bak	BASE TABLE	315266
ncpi	npci_clause_20190424	BASE TABLE	7515
ncpi	npci_clause_context_20190424	BASE TABLE	6721
ncpi	npci_kind_20190424	BASE TABLE	578
ncpi	npci_limit_20190424	BASE TABLE	1146
ncpi	npci_policyinfo_202008_tbl_temp	BASE TABLE	2077434
ncpi	npci_risk_20190424	BASE TABLE	43
ncpi	npci_riskration_main_20190424	BASE TABLE	10411
ncpi	pub_risk_kind_limit_rlt_20190424	BASE TABLE	4176
ncpi	t_company_20200509	BASE TABLE	13260
password equals user
Global status:
Aborted_clients	1339
Aborted_connects	213
Binlog_cache_disk_use	425819
Binlog_cache_use	1002374694
Binlog_stmt_cache_disk_use	0
Binlog_stmt_cache_use	9993
Bytes_received	1585900272022
Bytes_sent	921803528101
Com_admin_commands	35085347
Com_assign_to_keycache	0
Com_alter_db	0
Com_alter_db_upgrade	0
Com_alter_event	0
Com_alter_function	0
Com_alter_procedure	0
Com_alter_server	0
Com_alter_table	3581
Com_alter_tablespace	0
Com_alter_user	1
Com_analyze	0
Com_begin	1002374695
Com_binlog	0
Com_call_procedure	0
Com_change_db	316
Com_change_master	0
Com_check	0
Com_checksum	0
Com_commit	1002374694
Com_create_db	1
Com_create_event	1
Com_create_function	1
Com_create_index	34
Com_create_procedure	1
Com_create_server	0
Com_create_table	3526
Com_create_trigger	0
Com_create_udf	0
Com_create_user	5
Com_create_view	0
Com_dealloc_sql	0
Com_delete	153912
Com_delete_multi	0
Com_do	0
Com_drop_db	0
Com_drop_event	0
Com_drop_function	0
Com_drop_index	0
Com_drop_procedure	1
Com_drop_server	0
Com_drop_table	2804
Com_drop_trigger	0
Com_drop_user	1
Com_drop_view	0
Com_empty_query	0
Com_execute_sql	0
Com_flush	7
Com_get_diagnostics	0
Com_grant	26
Com_ha_close	0
Com_ha_open	0
Com_ha_read	0
Com_help	0
Com_insert	637135870
Com_insert_select	0
Com_install_plugin	0
Com_kill	0
Com_load	0
Com_lock_tables	0
Com_optimize	0
Com_preload_keys	0
Com_prepare_sql	0
Com_purge	0
Com_purge_before_date	0
Com_release_savepoint	0
Com_rename_table	0
Com_rename_user	0
Com_repair	0
Com_replace	0
Com_replace_select	0
Com_reset	0
Com_resignal	0
Com_revoke	0
Com_revoke_all	0
Com_rollback	0
Com_rollback_to_savepoint	0
Com_savepoint	0
Com_select	102151121
Com_set_option	2779311
Com_signal	0
Com_show_binlog_events	0
Com_show_binlogs	481325
Com_show_charsets	0
Com_show_collations	0
Com_show_create_db	0
Com_show_create_event	0
Com_show_create_func	0
Com_show_create_proc	0
Com_show_create_table	315
Com_show_create_trigger	0
Com_show_databases	5
Com_show_engine_logs	0
Com_show_engine_mutex	0
Com_show_engine_status	0
Com_show_events	0
Com_show_errors	0
Com_show_fields	315
Com_show_function_code	0
Com_show_function_status	0
Com_show_grants	0
Com_show_keys	0
Com_show_master_status	0
Com_show_open_tables	0
Com_show_plugins	0
Com_show_privileges	0
Com_show_procedure_code	0
Com_show_procedure_status	0
Com_show_processlist	0
Com_show_profile	0
Com_show_profiles	0
Com_show_relaylog_events	0
Com_show_slave_hosts	0
Com_show_slave_status	5816793
Com_show_status	28835401
Com_show_storage_engines	0
Com_show_table_status	0
Com_show_tables	4
Com_show_triggers	0
Com_show_variables	1443992
Com_show_warnings	0
Com_slave_start	0
Com_slave_stop	0
Com_stmt_close	0
Com_stmt_execute	0
Com_stmt_fetch	0
Com_stmt_prepare	0
Com_stmt_reprepare	0
Com_stmt_reset	0
Com_stmt_send_long_data	0
Com_truncate	2
Com_uninstall_plugin	0
Com_unlock_tables	0
Com_update	365461498
Com_update_multi	0
Com_xa_commit	0
Com_xa_end	0
Com_xa_prepare	0
Com_xa_recover	0
Com_xa_rollback	0
Com_xa_start	0
Compression	OFF
Connection_errors_accept	0
Connection_errors_internal	0
Connection_errors_max_connections	0
Connection_errors_peer_address	1
Connection_errors_select	0
Connection_errors_tcpwrap	0
Connections	1437769
Created_tmp_disk_tables	15876491
Created_tmp_files	1649
Created_tmp_tables	144481433
Delayed_errors	0
Delayed_insert_threads	0
Delayed_writes	0
Flush_commands	1
Handler_commit	5013243355
Handler_delete	67205899
Handler_discover	0
Handler_external_lock	4048022976
Handler_mrr_init	0
Handler_prepare	4010251954
Handler_read_first	51
Handler_read_key	1499685042
Handler_read_last	0
Handler_read_next	40899
Handler_read_prev	0
Handler_read_rnd	473676995
Handler_read_rnd_next	27449150704
Handler_rollback	0
Handler_savepoint	0
Handler_savepoint_rollback	0
Handler_update	1413809492
Handler_write	23494061383
Innodb_buffer_pool_dump_status	not started
Innodb_buffer_pool_load_status	Buffer pool(s) load completed at 200814 19:47:57
Innodb_buffer_pool_pages_data	1035533
Innodb_buffer_pool_bytes_data	16966172672
Innodb_buffer_pool_pages_dirty	513
Innodb_buffer_pool_bytes_dirty	8404992
Innodb_buffer_pool_pages_flushed	2542773335
Innodb_buffer_pool_pages_free	8185
Innodb_buffer_pool_pages_misc	4854
Innodb_buffer_pool_pages_total	1048572
Innodb_buffer_pool_read_ahead_rnd	0
Innodb_buffer_pool_read_ahead	6482293
Innodb_buffer_pool_read_ahead_evicted	9567
Innodb_buffer_pool_read_requests	181071270148
Innodb_buffer_pool_reads	7103194
Innodb_buffer_pool_wait_free	0
Innodb_buffer_pool_write_requests	19716071909
Innodb_data_fsyncs	1938026633
Innodb_data_pending_fsyncs	0
Innodb_data_pending_reads	0
Innodb_data_pending_writes	0
Innodb_data_read	281110827008
Innodb_data_reads	17168287
Innodb_data_writes	3873147206
Innodb_data_written	85403083257344
Innodb_dblwr_pages_written	2542773335
Innodb_dblwr_writes	271603807
Innodb_have_atomic_builtins	ON
Innodb_log_waits	6
Innodb_log_write_requests	3242928876
Innodb_log_writes	1044183405
Innodb_os_log_fsyncs	1047962489
Innodb_os_log_pending_fsyncs	0
Innodb_os_log_pending_writes	0
Innodb_os_log_written	2079666353664
Innodb_page_size	16384
Innodb_pages_created	31313807
Innodb_pages_read	17157515
Innodb_pages_written	2542773335
Innodb_row_lock_current_waits	0
Innodb_row_lock_time	0
Innodb_row_lock_time_avg	0
Innodb_row_lock_time_max	0
Innodb_row_lock_waits	0
Innodb_rows_deleted	67205897
Innodb_rows_inserted	989188550
Innodb_rows_read	1488359963
Innodb_rows_updated	1409462419
Innodb_num_open_files	332
Innodb_truncated_status_writes	0
Innodb_available_undo_logs	128
Key_blocks_not_flushed	0
Key_blocks_unused	6676
Key_blocks_used	22
Key_read_requests	595
Key_reads	17
Key_write_requests	98
Key_writes	96
Last_query_cost	0.000000
Last_query_partial_plans	0
Max_used_connections	7
Not_flushed_delayed_rows	0
Open_files	52
Open_streams	0
Open_table_definitions	418
Open_tables	768
Opened_files	85310274
Opened_table_definitions	6978
Opened_tables	185554184
Performance_schema_accounts_lost	0
Performance_schema_cond_classes_lost	0
Performance_schema_cond_instances_lost	0
Performance_schema_digest_lost	0
Performance_schema_file_classes_lost	0
Performance_schema_file_handles_lost	0
Performance_schema_file_instances_lost	0
Performance_schema_hosts_lost	0
Performance_schema_locker_lost	0
Performance_schema_mutex_classes_lost	0
Performance_schema_mutex_instances_lost	0
Performance_schema_rwlock_classes_lost	0
Performance_schema_rwlock_instances_lost	0
Performance_schema_session_connect_attrs_lost	0
Performance_schema_socket_classes_lost	0
Performance_schema_socket_instances_lost	0
Performance_schema_stage_classes_lost	0
Performance_schema_statement_classes_lost	0
Performance_schema_table_handles_lost	0
Performance_schema_table_instances_lost	0
Performance_schema_thread_classes_lost	0
Performance_schema_thread_instances_lost	0
Performance_schema_users_lost	0
Prepared_stmt_count	0
Qcache_free_blocks	0
Qcache_free_memory	0
Qcache_hits	0
Qcache_inserts	0
Qcache_lowmem_prunes	0
Qcache_not_cached	0
Qcache_queries_in_cache	0
Qcache_total_blocks	0
Queries	2212009586
Questions	171788261
Rpl_semi_sync_master_clients	0
Rpl_semi_sync_master_net_avg_wait_time	0
Rpl_semi_sync_master_net_wait_time	0
Rpl_semi_sync_master_net_waits	0
Rpl_semi_sync_master_no_times	1
Rpl_semi_sync_master_no_tx	1002384685
Rpl_semi_sync_master_status	OFF
Rpl_semi_sync_master_timefunc_failures	0
Rpl_semi_sync_master_tx_avg_wait_time	0
Rpl_semi_sync_master_tx_wait_time	0
Rpl_semi_sync_master_tx_waits	0
Rpl_semi_sync_master_wait_pos_backtraverse	0
Rpl_semi_sync_master_wait_sessions	0
Rpl_semi_sync_master_yes_tx	0
Rpl_semi_sync_slave_status	ON
Select_full_join	481328
Select_full_range_join	0
Select_range	1
Select_range_check	0
Select_scan	96815528
Slave_heartbeat_period	1800.000
Slave_last_heartbeat	2020-08-18 12:33:49
Slave_open_temp_tables	0
Slave_received_heartbeats	2
Slave_retried_transactions	0
Slave_running	ON
Slow_launch_threads	0
Slow_queries	31275
Sort_merge_passes	0
Sort_range	0
Sort_rows	73
Sort_scan	15
Ssl_accept_renegotiates	0
Ssl_accepts	0
Ssl_callback_cache_hits	0
Ssl_cipher	
Ssl_cipher_list	
Ssl_client_connects	0
Ssl_connect_renegotiates	0
Ssl_ctx_verify_depth	0
Ssl_ctx_verify_mode	0
Ssl_default_timeout	0
Ssl_finished_accepts	0
Ssl_finished_connects	0
Ssl_server_not_after	
Ssl_server_not_before	
Ssl_session_cache_hits	0
Ssl_session_cache_misses	0
Ssl_session_cache_mode	NONE
Ssl_session_cache_overflows	0
Ssl_session_cache_size	0
Ssl_session_cache_timeouts	0
Ssl_sessions_reused	0
Ssl_used_session_cache_entries	0
Ssl_verify_depth	0
Ssl_verify_mode	0
Ssl_version	
Table_locks_immediate	2024010099
Table_locks_waited	0
Table_open_cache_hits	2357078651
Table_open_cache_misses	4409
Table_open_cache_overflows	0
Tc_log_max_pages_used	0
Tc_log_page_size	0
Tc_log_page_waits	0
Threads_cached	3
Threads_connected	4
Threads_created	7
Threads_running	1
Uptime	28925033
Uptime_since_flush_status	28925033
Replication status:
*************************** 1. row ***************************
               Slave_IO_State: Waiting for master to send event
                  Master_Host: 10.80.88.35
                  Master_User: repl
                  Master_Port: 3306
                Connect_Retry: 60
              Master_Log_File: mysql-bin.005978
          Read_Master_Log_Pos: 220280338
               Relay_Log_File: mysql-relay.011806
                Relay_Log_Pos: 220280388
        Relay_Master_Log_File: mysql-bin.005978
             Slave_IO_Running: Yes
            Slave_SQL_Running: Yes
              Replicate_Do_DB: 
          Replicate_Ignore_DB: 
           Replicate_Do_Table: 
       Replicate_Ignore_Table: 
      Replicate_Wild_Do_Table: 
  Replicate_Wild_Ignore_Table: 
                   Last_Errno: 0
                   Last_Error: 
                 Skip_Counter: 0
          Exec_Master_Log_Pos: 220280338
              Relay_Log_Space: 220280715
              Until_Condition: None
               Until_Log_File: 
                Until_Log_Pos: 0
           Master_SSL_Allowed: No
           Master_SSL_CA_File: 
           Master_SSL_CA_Path: 
              Master_SSL_Cert: 
            Master_SSL_Cipher: 
               Master_SSL_Key: 
        Seconds_Behind_Master: 0
Master_SSL_Verify_Server_Cert: No
                Last_IO_Errno: 0
                Last_IO_Error: 
               Last_SQL_Errno: 0
               Last_SQL_Error: 
  Replicate_Ignore_Server_Ids: 
             Master_Server_Id: 10808835
                  Master_UUID: 34ecbbd1-b9bd-11e9-a4ad-005056aa141a
             Master_Info_File: mysql.slave_master_info
                    SQL_Delay: 0
          SQL_Remaining_Delay: NULL
      Slave_SQL_Running_State: Slave has read all relay log; waiting for the slave I/O thread to update it
           Master_Retry_Count: 86400
                  Master_Bind: 
      Last_IO_Error_Timestamp: 
     Last_SQL_Error_Timestamp: 
               Master_SSL_Crl: 
           Master_SSL_Crlpath: 
           Retrieved_Gtid_Set: 34ecbbd1-b9bd-11e9-a4ad-005056aa141a:160279-1002154273,
a9ebb70b-44d2-11e9-a3a3-7cd30ad3a7f8:200548446-200939137
            Executed_Gtid_Set: 0db44b37-0aac-11e9-a872-506b4bbda24a:1-383041117,
34ecbbd1-b9bd-11e9-a4ad-005056aa141a:1-1002154273,
a9ebb70b-44d2-11e9-a3a3-7cd30ad3a7f8:1-200939137,
b10ff3c5-d41c-11e7-bf56-5cb901891884:1-71624960,
cdb4f786-d41c-11e7-bf56-70106faecec4:1-26917916,
efad71a9-0aab-11e9-a871-7cd30ae45996:1-28701008
                Auto_Position: 1
Global variables:
auto_increment_increment	1
auto_increment_offset	1
autocommit	ON
automatic_sp_privileges	ON
back_log	850
basedir	/usr/local/mysql
big_tables	OFF
bind_address	*
binlog_cache_size	32768
binlog_checksum	CRC32
binlog_direct_non_transactional_updates	OFF
binlog_format	ROW
binlog_max_flush_queue_time	0
binlog_order_commits	ON
binlog_row_image	FULL
binlog_rows_query_log_events	ON
binlog_stmt_cache_size	32768
bulk_insert_buffer_size	8388608
character_set_client	utf8mb4
character_set_connection	utf8mb4
character_set_database	utf8mb4
character_set_filesystem	binary
character_set_results	utf8mb4
character_set_server	utf8mb4
character_set_system	utf8
character_sets_dir	/usr/local/mysql/share/charsets/
collation_connection	utf8mb4_general_ci
collation_database	utf8mb4_general_ci
collation_server	utf8mb4_general_ci
completion_type	NO_CHAIN
concurrent_insert	AUTO
connect_timeout	10
core_file	OFF
datadir	/app/mysql/
date_format	%Y-%m-%d
datetime_format	%Y-%m-%d %H:%i:%s
default_storage_engine	InnoDB
default_tmp_storage_engine	InnoDB
default_week_format	0
delay_key_write	ON
delayed_insert_limit	100
delayed_insert_timeout	300
delayed_queue_size	1000
disconnect_on_expired_password	ON
div_precision_increment	4
end_markers_in_json	OFF
enforce_gtid_consistency	ON
eq_range_index_dive_limit	10
event_scheduler	OFF
expire_logs_days	2
explicit_defaults_for_timestamp	ON
flush	OFF
flush_time	0
foreign_key_checks	ON
ft_boolean_syntax	+ -><()~*:""&|
ft_max_word_len	84
ft_min_word_len	4
ft_query_expansion_limit	20
ft_stopword_file	(built-in)
general_log	OFF
general_log_file	/app/mysql/localhost.log
group_concat_max_len	1024
gtid_executed	0db44b37-0aac-11e9-a872-506b4bbda24a:1-383041117,\n34ecbbd1-b9bd-11e9-a4ad-005056aa141a:1-1002154273,\na9ebb70b-44d2-11e9-a3a3-7cd30ad3a7f8:1-200939137,\nb10ff3c5-d41c-11e7-bf56-5cb901891884:1-71624960,\ncdb4f786-d41c-11e7-bf56-70106faecec4:1-26917916,\nefad71a9-0aab-11e9-a871-7cd30ae45996:1-28701008
gtid_mode	ON
gtid_owned	
gtid_purged	0db44b37-0aac-11e9-a872-506b4bbda24a:1-383041117,\n34ecbbd1-b9bd-11e9-a4ad-005056aa141a:1-997987951,\na9ebb70b-44d2-11e9-a3a3-7cd30ad3a7f8:1-200939137,\nb10ff3c5-d41c-11e7-bf56-5cb901891884:1-71624960,\ncdb4f786-d41c-11e7-bf56-70106faecec4:1-26917916,\nefad71a9-0aab-11e9-a871-7cd30ae45996:1-28701008
have_compress	YES
have_crypt	YES
have_dynamic_loading	YES
have_geometry	YES
have_openssl	DISABLED
have_profiling	YES
have_query_cache	YES
have_rtree_keys	YES
have_ssl	DISABLED
have_symlink	YES
host_cache_size	803
hostname	localhost.localdomain
ignore_builtin_innodb	OFF
ignore_db_dirs	
init_connect	
init_file	
init_slave	
innodb_adaptive_flushing	ON
innodb_adaptive_flushing_lwm	10
innodb_adaptive_hash_index	ON
innodb_adaptive_max_sleep_delay	150000
innodb_additional_mem_pool_size	8388608
innodb_api_bk_commit_interval	5
innodb_api_disable_rowlock	OFF
innodb_api_enable_binlog	OFF
innodb_api_enable_mdl	OFF
innodb_api_trx_level	0
innodb_autoextend_increment	64
innodb_autoinc_lock_mode	1
innodb_buffer_pool_dump_at_shutdown	ON
innodb_buffer_pool_dump_now	OFF
innodb_buffer_pool_filename	ib_buffer_pool
innodb_buffer_pool_instances	8
innodb_buffer_pool_load_abort	OFF
innodb_buffer_pool_load_at_startup	ON
innodb_buffer_pool_load_now	OFF
innodb_buffer_pool_size	17179869184
innodb_change_buffer_max_size	25
innodb_change_buffering	all
innodb_checksum_algorithm	innodb
innodb_checksums	ON
innodb_cmp_per_index_enabled	OFF
innodb_commit_concurrency	0
innodb_compression_failure_threshold_pct	5
innodb_compression_level	6
innodb_compression_pad_pct_max	50
innodb_concurrency_tickets	5000
innodb_data_file_path	ibdata1:200M:autoextend
innodb_data_home_dir	
innodb_disable_sort_file_cache	OFF
innodb_doublewrite	ON
innodb_fast_shutdown	1
innodb_file_format	Barracuda
innodb_file_format_check	ON
innodb_file_format_max	Barracuda
innodb_file_per_table	ON
innodb_flush_log_at_timeout	1
innodb_flush_log_at_trx_commit	1
innodb_flush_method	O_DIRECT
innodb_flush_neighbors	1
innodb_flushing_avg_loops	30
innodb_force_load_corrupted	OFF
innodb_force_recovery	0
innodb_ft_aux_table	
innodb_ft_cache_size	8000000
innodb_ft_enable_diag_print	OFF
innodb_ft_enable_stopword	ON
innodb_ft_max_token_size	84
innodb_ft_min_token_size	3
innodb_ft_num_word_optimize	2000
innodb_ft_result_cache_limit	2000000000
innodb_ft_server_stopword_table	
innodb_ft_sort_pll_degree	2
innodb_ft_total_cache_size	640000000
innodb_ft_user_stopword_table	
innodb_io_capacity	800
innodb_io_capacity_max	2000
innodb_large_prefix	OFF
innodb_lock_wait_timeout	5
innodb_locks_unsafe_for_binlog	OFF
innodb_log_buffer_size	16777216
innodb_log_compressed_pages	ON
innodb_log_file_size	1572864000
innodb_log_files_in_group	2
innodb_log_group_home_dir	./
innodb_lru_scan_depth	1024
innodb_max_dirty_pages_pct	75
innodb_max_dirty_pages_pct_lwm	0
innodb_max_purge_lag	0
innodb_max_purge_lag_delay	0
innodb_mirrored_log_groups	1
innodb_monitor_disable	
innodb_monitor_enable	
innodb_monitor_reset	
innodb_monitor_reset_all	
innodb_old_blocks_pct	37
innodb_old_blocks_time	1000
innodb_online_alter_log_max_size	134217728
innodb_open_files	2000
innodb_optimize_fulltext_only	OFF
innodb_page_size	16384
innodb_print_all_deadlocks	ON
innodb_purge_batch_size	300
innodb_purge_threads	1
innodb_random_read_ahead	OFF
innodb_read_ahead_threshold	56
innodb_read_io_threads	4
innodb_read_only	OFF
innodb_replication_delay	0
innodb_rollback_on_timeout	OFF
innodb_rollback_segments	128
innodb_sort_buffer_size	67108864
innodb_spin_wait_delay	6
innodb_stats_auto_recalc	ON
innodb_stats_method	nulls_equal
innodb_stats_on_metadata	OFF
innodb_stats_persistent	ON
innodb_stats_persistent_sample_pages	20
innodb_stats_sample_pages	8
innodb_stats_transient_sample_pages	8
innodb_status_output	OFF
innodb_status_output_locks	OFF
innodb_strict_mode	ON
innodb_support_xa	ON
innodb_sync_array_size	1
innodb_sync_spin_loops	30
innodb_table_locks	ON
innodb_thread_concurrency	0
innodb_thread_sleep_delay	10000
innodb_undo_directory	.
innodb_undo_logs	128
innodb_undo_tablespaces	0
innodb_use_native_aio	ON
innodb_use_sys_malloc	ON
innodb_version	5.6.16
innodb_write_io_threads	4
interactive_timeout	28800
join_buffer_size	67108864
keep_files_on_create	OFF
key_buffer_size	8388608
key_cache_age_threshold	300
key_cache_block_size	1024
key_cache_division_limit	100
large_files_support	ON
large_page_size	0
large_pages	OFF
lc_messages	en_US
lc_messages_dir	/usr/local/mysql/share/
lc_time_names	en_US
license	GPL
local_infile	ON
lock_wait_timeout	31536000
locked_in_memory	OFF
log_bin	ON
log_bin_basename	/app/mysql/mysql-bin
log_bin_index	/app/mysql/mysql-bin.index
log_bin_trust_function_creators	ON
log_bin_use_v1_row_events	OFF
log_error	/app/mysql/mysql-error.log
log_output	FILE
log_queries_not_using_indexes	ON
log_slave_updates	ON
log_slow_admin_statements	ON
log_slow_slave_statements	ON
log_throttle_queries_not_using_indexes	10
log_warnings	1
long_query_time	2.000000
low_priority_updates	OFF
lower_case_file_system	OFF
lower_case_table_names	1
master_info_repository	TABLE
master_verify_checksum	OFF
max_allowed_packet	33554432
max_binlog_cache_size	18446744073709547520
max_binlog_size	1073741824
max_binlog_stmt_cache_size	18446744073709547520
max_connect_errors	100000
max_connections	4000
max_delayed_threads	20
max_error_count	64
max_heap_table_size	16777216
max_insert_delayed_threads	20
max_join_size	18446744073709551615
max_length_for_sort_data	1024
max_prepared_stmt_count	16382
max_relay_log_size	0
max_seeks_for_key	18446744073709551615
max_sort_length	1024
max_sp_recursion_depth	0
max_tmp_tables	32
max_user_connections	0
max_write_lock_count	18446744073709551615
metadata_locks_cache_size	1024
metadata_locks_hash_instances	8
min_examined_row_limit	1000
multi_range_count	256
myisam_data_pointer_size	6
myisam_max_sort_file_size	9223372036853727232
myisam_mmap_size	18446744073709551615
myisam_recover_options	OFF
myisam_repair_threads	1
myisam_sort_buffer_size	8388608
myisam_stats_method	nulls_unequal
myisam_use_mmap	OFF
net_buffer_length	16384
net_read_timeout	30
net_retry_count	10
net_write_timeout	60
new	OFF
old	OFF
old_alter_table	OFF
old_passwords	0
open_files_limit	65535
optimizer_prune_level	1
optimizer_search_depth	62
optimizer_switch	index_merge=on,index_merge_union=on,index_merge_sort_union=on,index_merge_intersection=on,engine_condition_pushdown=on,index_condition_pushdown=on,mrr=on,mrr_cost_based=on,block_nested_loop=on,batched_key_access=off,materialization=on,semijoin=on,loosescan=on,firstmatch=on,subquery_materialization_cost_based=on,use_index_extensions=on
optimizer_trace	enabled=off,one_line=off
optimizer_trace_features	greedy_search=on,range_optimizer=on,dynamic_range=on,repeated_subselect=on
optimizer_trace_limit	1
optimizer_trace_max_mem_size	16384
optimizer_trace_offset	-1
performance_schema	ON
performance_schema_accounts_size	100
performance_schema_digests_size	10000
performance_schema_events_stages_history_long_size	10000
performance_schema_events_stages_history_size	10
performance_schema_events_statements_history_long_size	10000
performance_schema_events_statements_history_size	10
performance_schema_events_waits_history_long_size	10000
performance_schema_events_waits_history_size	10
performance_schema_hosts_size	100
performance_schema_max_cond_classes	80
performance_schema_max_cond_instances	18900
performance_schema_max_file_classes	50
performance_schema_max_file_handles	32768
performance_schema_max_file_instances	100824
performance_schema_max_mutex_classes	200
performance_schema_max_mutex_instances	39000
performance_schema_max_rwlock_classes	40
performance_schema_max_rwlock_instances	16800
performance_schema_max_socket_classes	10
performance_schema_max_socket_instances	8020
performance_schema_max_stage_classes	150
performance_schema_max_statement_classes	168
performance_schema_max_table_handles	4000
performance_schema_max_table_instances	12500
performance_schema_max_thread_classes	50
performance_schema_max_thread_instances	8100
performance_schema_session_connect_attrs_size	512
performance_schema_setup_actors_size	100
performance_schema_setup_objects_size	100
performance_schema_users_size	100
pid_file	/app/mysql//mysql.pid
plugin_dir	/usr/local/mysql/lib/plugin/
port	3306
preload_buffer_size	32768
profiling	OFF
profiling_history_size	15
protocol_version	10
query_alloc_block_size	8192
query_cache_limit	1048576
query_cache_min_res_unit	4096
query_cache_size	0
query_cache_type	OFF
query_cache_wlock_invalidate	OFF
query_prealloc_size	8192
range_alloc_block_size	4096
read_buffer_size	16777216
read_only	OFF
read_rnd_buffer_size	33554432
relay_log	mysql-relay.log
relay_log_basename	/app/mysql/mysql-relay
relay_log_index	/app/mysql/mysql-relay.index
relay_log_info_file	relay-log.info
relay_log_info_repository	TABLE
relay_log_purge	ON
relay_log_recovery	ON
relay_log_space_limit	0
report_host	
report_password	
report_port	3306
report_user	
rpl_semi_sync_master_enabled	ON
rpl_semi_sync_master_timeout	5000
rpl_semi_sync_master_trace_level	32
rpl_semi_sync_master_wait_no_slave	ON
rpl_semi_sync_slave_enabled	ON
rpl_semi_sync_slave_trace_level	32
rpl_stop_slave_timeout	31536000
secure_auth	ON
secure_file_priv	
server_id	10010117
server_id_bits	32
server_uuid	8df48b33-a3d9-11ea-94a0-005056be726d
skip_external_locking	ON
skip_name_resolve	ON
skip_networking	OFF
skip_show_database	OFF
slave_allow_batching	OFF
slave_checkpoint_group	512
slave_checkpoint_period	300
slave_compressed_protocol	OFF
slave_exec_mode	STRICT
slave_load_tmpdir	/app/mysql_tmp
slave_max_allowed_packet	1073741824
slave_net_timeout	3600
slave_parallel_workers	0
slave_pending_jobs_size_max	16777216
slave_rows_search_algorithms	TABLE_SCAN,INDEX_SCAN
slave_skip_errors	OFF
slave_sql_verify_checksum	ON
slave_transaction_retries	10
slave_type_conversions	
slow_launch_time	2
slow_query_log	ON
slow_query_log_file	mysql-slow.log
socket	/app/mysql/mysql.sock
sort_buffer_size	33554432
sql_auto_is_null	OFF
sql_big_selects	ON
sql_buffer_result	OFF
sql_log_bin	ON
sql_log_off	OFF
sql_mode	STRICT_TRANS_TABLES,NO_ENGINE_SUBSTITUTION
sql_notes	ON
sql_quote_show_create	ON
sql_safe_updates	OFF
sql_select_limit	18446744073709551615
sql_slave_skip_counter	0
sql_warnings	OFF
ssl_ca	
ssl_capath	
ssl_cert	
ssl_cipher	
ssl_crl	
ssl_crlpath	
ssl_key	
storage_engine	InnoDB
stored_program_cache	256
sync_binlog	1
sync_frm	ON
sync_master_info	10000
sync_relay_log	10000
sync_relay_log_info	10000
system_time_zone	CST
table_definition_cache	1400
table_open_cache	2000
table_open_cache_instances	1
thread_cache_size	48
thread_concurrency	10
thread_handling	one-thread-per-connection
thread_stack	262144
time_format	%H:%i:%s
time_zone	SYSTEM
timed_mutexes	OFF
tmp_table_size	67108864
tmpdir	/app/mysql_tmp
transaction_alloc_block_size	8192
transaction_prealloc_size	4096
tx_isolation	READ-COMMITTED
tx_read_only	OFF
unique_checks	ON
updatable_views_with_limit	YES
version	5.6.16-log
version_comment	MySQL Community Server (GPL)
version_compile_machine	x86_64
version_compile_os	linux-glibc2.5
wait_timeout	28800
ERROR LOG:
2020-06-02 15:50:14 17309 [Note] Shutting down plugin 'INNODB_CMP_PER_INDEX'
2020-06-02 15:50:14 17309 [Note] Shutting down plugin 'INNODB_CMPMEM_RESET'
2020-06-02 15:50:14 17309 [Note] Shutting down plugin 'INNODB_CMPMEM'
2020-06-02 15:50:14 17309 [Note] Shutting down plugin 'INNODB_CMP_RESET'
2020-06-02 15:50:14 17309 [Note] Shutting down plugin 'INNODB_CMP'
2020-06-02 15:50:14 17309 [Note] Shutting down plugin 'INNODB_LOCK_WAITS'
2020-06-02 15:50:14 17309 [Note] Shutting down plugin 'INNODB_LOCKS'
2020-06-02 15:50:14 17309 [Note] Shutting down plugin 'INNODB_TRX'
2020-06-02 15:50:14 17309 [Note] Shutting down plugin 'InnoDB'
2020-06-02 15:50:14 17309 [Note] InnoDB: FTS optimize thread exiting.
2020-06-02 15:50:14 17309 [Note] InnoDB: Starting shutdown...
2020-06-02 15:50:14 7efd8329f700 InnoDB: Dumping buffer pool(s) to .//ib_buffer_pool
2020-06-02 15:50:14 7efd8329f700 InnoDB: Buffer pool(s) dump completed at 200602 15:50:14
2020-06-02 15:50:16 17309 [Note] InnoDB: Shutdown completed; log sequence number 713980977554
2020-06-02 15:50:16 17309 [Note] Shutting down plugin 'CSV'
2020-06-02 15:50:16 17309 [Note] Shutting down plugin 'MEMORY'
2020-06-02 15:50:16 17309 [Note] Shutting down plugin 'MyISAM'
2020-06-02 15:50:16 17309 [Note] Shutting down plugin 'MRG_MYISAM'
2020-06-02 15:50:16 17309 [Note] Shutting down plugin 'sha256_password'
2020-06-02 15:50:16 17309 [Note] Shutting down plugin 'mysql_old_password'
2020-06-02 15:50:16 17309 [Note] Shutting down plugin 'mysql_native_password'
2020-06-02 15:50:16 17309 [Note] Shutting down plugin 'binlog'
2020-06-02 15:50:16 17309 [Note] /usr/local/mysql/bin/mysqld: Shutdown complete

200602 15:50:16 mysqld_safe mysqld from pid file /app/mysql//mysql.pid ended
200602 15:50:32 mysqld_safe Starting mysqld daemon with databases from /app/mysql/
2020-06-02 15:50:32 18718 [Note] Plugin 'FEDERATED' is disabled.
2020-06-02 15:50:32 18718 [Note] InnoDB: Using atomics to ref count buffer pool pages
2020-06-02 15:50:32 18718 [Note] InnoDB: The InnoDB memory heap is disabled
2020-06-02 15:50:32 18718 [Note] InnoDB: Mutexes and rw_locks use GCC atomic builtins
2020-06-02 15:50:32 18718 [Note] InnoDB: Compressed tables use zlib 1.2.3
2020-06-02 15:50:32 18718 [Note] InnoDB: Using Linux native AIO
2020-06-02 15:50:32 18718 [Note] InnoDB: Using CPU crc32 instructions
2020-06-02 15:50:32 18718 [Note] InnoDB: Initializing buffer pool, size = 16.0G
2020-06-02 15:50:34 18718 [Note] InnoDB: Completed initialization of buffer pool
2020-06-02 15:50:34 18718 [Note] InnoDB: Highest supported file format is Barracuda.
2020-06-02 15:50:34 18718 [Note] InnoDB: 128 rollback segment(s) are active.
2020-06-02 15:50:34 18718 [Note] InnoDB: Waiting for purge to start
2020-06-02 15:50:34 18718 [Note] InnoDB: 5.6.16 started; log sequence number 713980977554
2020-06-02 15:50:34 7fe6e19ab700 InnoDB: Loading buffer pool(s) from .//ib_buffer_pool
2020-06-02 15:50:34 18718 [Note] Semi-sync replication initialized for transactions.
2020-06-02 15:50:34 18718 [Note] Semi-sync replication enabled on the master.
2020-06-02 15:50:35 18718 [Note] Server hostname (bind-address): '*'; port: 3306
2020-06-02 15:50:35 18718 [Note] IPv6 is available.
2020-06-02 15:50:35 18718 [Note]   - '::' resolves to '::';
2020-06-02 15:50:35 18718 [Note] Server socket created on IP: '::'.
2020-06-02 15:50:35 18718 [Warning] 'proxies_priv' entry '@ root@rds151163155.cloud.st4' ignored in --skip-name-resolve mode.
2020-06-02 15:50:36 18718 [Warning] Recovery from master pos 259533291 and file mysql-bin.000196.
2020-06-02 15:50:36 18718 [Note] Slave I/O thread: Start semi-sync replication to master 'repl@10.80.88.35:3306' in log 'mysql-bin.000196' at position 259533291
2020-06-02 15:50:36 18718 [Warning] Storing MySQL user name or password information in the master info repository is not secure and is therefore not recommended. Please consider using the USER and PASSWORD connection options for START SLAVE; see the 'START SLAVE Syntax' in the MySQL Manual for more information.
2020-06-02 15:50:36 18718 [Note] Slave SQL thread initialized, starting replication in log 'mysql-bin.000196' at position 259533291, relay log './mysql-relay.000012' position: 4
2020-06-02 15:50:36 18718 [Note] Slave I/O thread: connected to master 'repl@10.80.88.35:3306',replication started in log 'mysql-bin.000196' at position 259533291
2020-06-02 15:50:36 18718 [Note] Event Scheduler: Loaded 0 events
2020-06-02 15:50:36 18718 [Note] /usr/local/mysql/bin/mysqld: ready for connections.
Version: '5.6.16-log'  socket: '/app/mysql/mysql.sock'  port: 3306  MySQL Community Server (GPL)
2020-06-02 15:50:45 18718 [Warning] Timeout waiting for reply of binlog (file: mysql-bin.000006, pos: 1177), semi-sync up to file , position 0.
2020-06-02 15:50:45 18718 [Note] Semi-sync replication switched OFF.
2020-06-02 15:54:03 7fe6e19ab700 InnoDB: Buffer pool(s) load completed at 200602 15:54:03
2020-06-03 09:41:30 18718 [ERROR] Slave SQL: Error 'This function has none of DETERMINISTIC, NO SQL, or READS SQL DATA in its declaration and binary logging is enabled (you *might* want to use the less safe log_bin_trust_function_creators variable)' on query. Default database: 'ncpi'. Query: 'CREATE DEFINER=`ncpi`@`%` FUNCTION `func_nextvaljd`(`param1` varchar(4),`param2` varchar(10), `param3` varchar(20)) RETURNS varchar(100) CHARSET utf8
BEGIN
declare value integer;
set value = func_currval(param1,param2,param3)+1;
update policy_sequence
set CURRENT_VAL = CURRENT_VAL + 1000
where POLICY_YEAR = param1 and RISKCODE= param2 and COMPANY_CODE = param3;
RETURN CONCAT(value,"-",func_currval(param1,param2,param3));
END', Error_code: 1418
2020-06-03 09:41:30 18718 [Warning] Slave: This function has none of DETERMINISTIC, NO SQL, or READS SQL DATA in its declaration and binary logging is enabled (you *might* want to use the less safe log_bin_trust_function_creators variable) Error_code: 1418
2020-06-03 09:41:30 18718 [Warning] Slave: Failed to CREATE FUNCTION func_nextvaljd Error_code: 1307
2020-06-03 09:41:30 18718 [ERROR] Error running query, slave SQL thread aborted. Fix the problem, and restart the slave SQL thread with "SLAVE START". We stopped at log 'mysql-bin.000196' position 473835274
2020-06-03 10:03:16 18718 [ERROR] Error reading packet from server: Lost connection to MySQL server during query ( server_errno=2013)
2020-06-03 10:03:16 18718 [Note] Slave I/O thread killed while reading event
2020-06-03 10:03:16 18718 [Note] Slave I/O thread exiting, read up to log 'mysql-bin.000196', position 780580864
2020-06-03 10:03:20 18718 [Note] Slave I/O thread: Start semi-sync replication to master 'repl@10.80.88.35:3306' in log 'mysql-bin.000196' at position 780580864
2020-06-03 10:03:20 18718 [Warning] Storing MySQL user name or password information in the master info repository is not secure and is therefore not recommended. Please consider using the USER and PASSWORD connection options for START SLAVE; see the 'START SLAVE Syntax' in the MySQL Manual for more information.
2020-06-03 10:03:20 18718 [Note] Slave SQL thread initialized, starting replication in log 'mysql-bin.000196' at position 473835274, relay log './mysql-relay.000013' position: 214302391
2020-06-03 10:03:20 18718 [Note] Slave I/O thread: connected to master 'repl@10.80.88.35:3306',replication started in log 'mysql-bin.000196' at position 780580864
2020-06-03 10:12:13 18718 [Warning] 'proxies_priv' entry '@ root@rds151163155.cloud.st4' ignored in --skip-name-resolve mode.
2020-06-03 10:12:27 18718 [Warning] 'proxies_priv' entry '@ root@rds151163155.cloud.st4' ignored in --skip-name-resolve mode.
2020-06-03 10:12:40 18718 [Warning] 'proxies_priv' entry '@ root@rds151163155.cloud.st4' ignored in --skip-name-resolve mode.
2020-06-23 17:24:25 18718 [Warning] 'proxies_priv' entry '@ root@rds151163155.cloud.st4' ignored in --skip-name-resolve mode.
2020-07-28 09:21:27 18718 [Note] Slave: received end packet from server, apparent master shutdown: 
2020-07-28 09:21:27 18718 [Note] Slave I/O thread: Failed reading log event, reconnecting to retry, log 'mysql-bin.000356' at position 278617548
2020-07-28 09:21:27 18718 [Warning] Storing MySQL user name or password information in the master info repository is not secure and is therefore not recommended. Please consider using the USER and PASSWORD connection options for START SLAVE; see the 'START SLAVE Syntax' in the MySQL Manual for more information.
2020-07-28 09:21:27 18718 [ERROR] Slave I/O: error reconnecting to master 'repl@10.80.88.35:3306' - retry-time: 60  retries: 1, Error_code: 2003
2020-07-28 09:22:27 18718 [ERROR] Slave I/O: error reconnecting to master 'repl@10.80.88.35:3306' - retry-time: 60  retries: 2, Error_code: 2003
2020-07-28 09:23:27 18718 [ERROR] Slave I/O: error reconnecting to master 'repl@10.80.88.35:3306' - retry-time: 60  retries: 3, Error_code: 2003
2020-07-28 09:24:27 18718 [ERROR] Slave I/O: error reconnecting to master 'repl@10.80.88.35:3306' - retry-time: 60  retries: 4, Error_code: 2003
2020-07-28 09:27:35 18718 [ERROR] Slave I/O: error reconnecting to master 'repl@10.80.88.35:3306' - retry-time: 60  retries: 5, Error_code: 2003
2020-07-28 09:30:42 18718 [ERROR] Slave I/O: error reconnecting to master 'repl@10.80.88.35:3306' - retry-time: 60  retries: 6, Error_code: 2003
2020-07-28 09:31:57 18718 [ERROR] Slave I/O: error reconnecting to master 'repl@10.80.88.35:3306' - retry-time: 60  retries: 7, Error_code: 2003
2020-07-28 09:32:57 18718 [ERROR] Slave I/O: error reconnecting to master 'repl@10.80.88.35:3306' - retry-time: 60  retries: 8, Error_code: 2003
2020-07-28 09:33:57 18718 [Note] Slave: connected to master 'repl@10.80.88.35:3306',replication resumed in log 'mysql-bin.000356' at position 278617548
2020-08-14 19:36:30 18718 [Note] /usr/local/mysql/bin/mysqld: Normal shutdown

2020-08-14 19:36:30 18718 [Note] Giving 5 client threads a chance to die gracefully
2020-08-14 19:36:30 18718 [Note] Event Scheduler: Purging the queue. 0 events
2020-08-14 19:36:30 18718 [Note] Shutting down slave threads
2020-08-14 19:36:30 18718 [Note] Error reading relay log event: slave SQL thread was killed
2020-08-14 19:36:30 18718 [Note] Slave I/O thread killed while reading event
2020-08-14 19:36:30 18718 [Note] Slave I/O thread exiting, read up to log 'mysql-bin.000406', position 374111622
2020-08-14 19:36:32 18718 [Note] Forcefully disconnecting 0 remaining clients
2020-08-14 19:36:32 18718 [Note] Binlog end
2020-08-14 19:36:32 18718 [Note] Shutting down plugin 'rpl_semi_sync_slave'
2020-08-14 19:36:32 18718 [Note] Shutting down plugin 'rpl_semi_sync_master'
2020-08-14 19:36:32 18718 [Note] unregister_replicator OK
2020-08-14 19:36:32 18718 [Note] Shutting down plugin 'partition'
2020-08-14 19:36:32 18718 [Note] Shutting down plugin 'ARCHIVE'
2020-08-14 19:36:32 18718 [Note] Shutting down plugin 'BLACKHOLE'
2020-08-14 19:36:32 18718 [Note] Shutting down plugin 'PERFORMANCE_SCHEMA'
2020-08-14 19:36:32 18718 [Note] Shutting down plugin 'INNODB_SYS_DATAFILES'
2020-08-14 19:36:32 18718 [Note] Shutting down plugin 'INNODB_SYS_TABLESPACES'
2020-08-14 19:36:32 18718 [Note] Shutting down plugin 'INNODB_SYS_FOREIGN_COLS'
2020-08-14 19:36:32 18718 [Note] Shutting down plugin 'INNODB_SYS_FOREIGN'
2020-08-14 19:36:32 18718 [Note] Shutting down plugin 'INNODB_SYS_FIELDS'
2020-08-14 19:36:32 18718 [Note] Shutting down plugin 'INNODB_SYS_COLUMNS'
2020-08-14 19:36:32 18718 [Note] Shutting down plugin 'INNODB_SYS_INDEXES'
2020-08-14 19:36:32 18718 [Note] Shutting down plugin 'INNODB_SYS_TABLESTATS'
2020-08-14 19:36:32 18718 [Note] Shutting down plugin 'INNODB_SYS_TABLES'
2020-08-14 19:36:32 18718 [Note] Shutting down plugin 'INNODB_FT_INDEX_TABLE'
2020-08-14 19:36:32 18718 [Note] Shutting down plugin 'INNODB_FT_INDEX_CACHE'
2020-08-14 19:36:32 18718 [Note] Shutting down plugin 'INNODB_FT_CONFIG'
2020-08-14 19:36:32 18718 [Note] Shutting down plugin 'INNODB_FT_BEING_DELETED'
2020-08-14 19:36:32 18718 [Note] Shutting down plugin 'INNODB_FT_DELETED'
2020-08-14 19:36:32 18718 [Note] Shutting down plugin 'INNODB_FT_DEFAULT_STOPWORD'
2020-08-14 19:36:32 18718 [Note] Shutting down plugin 'INNODB_METRICS'
2020-08-14 19:36:32 18718 [Note] Shutting down plugin 'INNODB_BUFFER_POOL_STATS'
2020-08-14 19:36:32 18718 [Note] Shutting down plugin 'INNODB_BUFFER_PAGE_LRU'
2020-08-14 19:36:32 18718 [Note] Shutting down plugin 'INNODB_BUFFER_PAGE'
2020-08-14 19:36:32 18718 [Note] Shutting down plugin 'INNODB_CMP_PER_INDEX_RESET'
2020-08-14 19:36:32 18718 [Note] Shutting down plugin 'INNODB_CMP_PER_INDEX'
2020-08-14 19:36:32 18718 [Note] Shutting down plugin 'INNODB_CMPMEM_RESET'
2020-08-14 19:36:32 18718 [Note] Shutting down plugin 'INNODB_CMPMEM'
2020-08-14 19:36:32 18718 [Note] Shutting down plugin 'INNODB_CMP_RESET'
2020-08-14 19:36:32 18718 [Note] Shutting down plugin 'INNODB_CMP'
2020-08-14 19:36:32 18718 [Note] Shutting down plugin 'INNODB_LOCK_WAITS'
2020-08-14 19:36:32 18718 [Note] Shutting down plugin 'INNODB_LOCKS'
2020-08-14 19:36:32 18718 [Note] Shutting down plugin 'INNODB_TRX'
2020-08-14 19:36:32 18718 [Note] Shutting down plugin 'InnoDB'
2020-08-14 19:36:32 18718 [Note] InnoDB: FTS optimize thread exiting.
2020-08-14 19:36:32 18718 [Note] InnoDB: Starting shutdown...
2020-08-14 19:36:32 7fe6e19ab700 InnoDB: Dumping buffer pool(s) to .//ib_buffer_pool
2020-08-14 19:36:33 7fe6e19ab700 InnoDB: Buffer pool(s) dump completed at 200814 19:36:33
2020-08-14 19:36:36 18718 [Note] InnoDB: Shutdown completed; log sequence number 1034944206656
2020-08-14 19:36:36 18718 [Note] Shutting down plugin 'CSV'
2020-08-14 19:36:36 18718 [Note] Shutting down plugin 'MEMORY'
2020-08-14 19:36:36 18718 [Note] Shutting down plugin 'MyISAM'
2020-08-14 19:36:36 18718 [Note] Shutting down plugin 'MRG_MYISAM'
2020-08-14 19:36:36 18718 [Note] Shutting down plugin 'sha256_password'
2020-08-14 19:36:36 18718 [Note] Shutting down plugin 'mysql_old_password'
2020-08-14 19:36:36 18718 [Note] Shutting down plugin 'mysql_native_password'
2020-08-14 19:36:36 18718 [Note] Shutting down plugin 'binlog'
2020-08-14 19:36:36 18718 [Note] /usr/local/mysql/bin/mysqld: Shutdown complete

200814 19:36:36 mysqld_safe mysqld from pid file /app/mysql//mysql.pid ended
200814 19:36:37 mysqld_safe Starting mysqld daemon with databases from /app/mysql/
2020-08-14 19:36:38 66063 [Note] Plugin 'FEDERATED' is disabled.
2020-08-14 19:36:38 66063 [Note] InnoDB: Using atomics to ref count buffer pool pages
2020-08-14 19:36:38 66063 [Note] InnoDB: The InnoDB memory heap is disabled
2020-08-14 19:36:38 66063 [Note] InnoDB: Mutexes and rw_locks use GCC atomic builtins
2020-08-14 19:36:38 66063 [Note] InnoDB: Compressed tables use zlib 1.2.3
2020-08-14 19:36:38 66063 [Note] InnoDB: Using Linux native AIO
2020-08-14 19:36:38 66063 [Note] InnoDB: Using CPU crc32 instructions
2020-08-14 19:36:38 66063 [Note] InnoDB: Initializing buffer pool, size = 16.0G
2020-08-14 19:36:39 66063 [Note] InnoDB: Completed initialization of buffer pool
2020-08-14 19:36:39 66063 [Note] InnoDB: Highest supported file format is Barracuda.
2020-08-14 19:36:40 66063 [Note] InnoDB: 128 rollback segment(s) are active.
2020-08-14 19:36:40 66063 [Note] InnoDB: Waiting for purge to start
2020-08-14 19:36:40 66063 [Note] InnoDB: 5.6.16 started; log sequence number 1034944206656
2020-08-14 19:36:40 7f3ef9127700 InnoDB: Loading buffer pool(s) from .//ib_buffer_pool
2020-08-14 19:36:40 66063 [Note] Semi-sync replication initialized for transactions.
2020-08-14 19:36:40 66063 [Note] Semi-sync replication enabled on the master.
2020-08-14 19:36:42 66063 [Note] Server hostname (bind-address): '*'; port: 3306
2020-08-14 19:36:42 66063 [Note] IPv6 is available.
2020-08-14 19:36:42 66063 [Note]   - '::' resolves to '::';
2020-08-14 19:36:42 66063 [Note] Server socket created on IP: '::'.
2020-08-14 19:36:42 66063 [Warning] 'proxies_priv' entry '@ root@rds151163155.cloud.st4' ignored in --skip-name-resolve mode.
2020-08-14 19:36:44 66063 [Warning] Recovery from master pos 374111622 and file mysql-bin.000406.
2020-08-14 19:36:44 66063 [Note] Slave I/O thread: Start semi-sync replication to master 'repl@10.80.88.35:3306' in log 'mysql-bin.000406' at position 374111622
2020-08-14 19:36:44 66063 [Warning] Storing MySQL user name or password information in the master info repository is not secure and is therefore not recommended. Please consider using the USER and PASSWORD connection options for START SLAVE; see the 'START SLAVE Syntax' in the MySQL Manual for more information.
2020-08-14 19:36:44 66063 [Note] Slave SQL thread initialized, starting replication in log 'mysql-bin.000406' at position 374111622, relay log './mysql-relay.000642' position: 4
2020-08-14 19:36:44 66063 [Note] Slave I/O thread: connected to master 'repl@10.80.88.35:3306',replication started in log 'mysql-bin.000406' at position 374111622
2020-08-14 19:36:44 66063 [Note] Event Scheduler: Loaded 0 events
2020-08-14 19:36:44 66063 [Note] /usr/local/mysql/bin/mysqld: ready for connections.
Version: '5.6.16-log'  socket: '/app/mysql/mysql.sock'  port: 3306  MySQL Community Server (GPL)
2020-08-14 19:36:54 66063 [Warning] Timeout waiting for reply of binlog (file: mysql-bin.000216, pos: 15477), semi-sync up to file , position 0.
2020-08-14 19:36:54 66063 [Note] Semi-sync replication switched OFF.
2020-08-14 19:47:57 7f3ef9127700 InnoDB: Buffer pool(s) load completed at 200814 19:47:57
2020-08-14 22:34:50 66063 [Note] Slave: received end packet from server, apparent master shutdown: 
2020-08-14 22:34:50 66063 [Note] Slave I/O thread: Failed reading log event, reconnecting to retry, log 'mysql-bin.000408' at position 391
2020-08-14 22:34:50 66063 [Warning] Storing MySQL user name or password information in the master info repository is not secure and is therefore not recommended. Please consider using the USER and PASSWORD connection options for START SLAVE; see the 'START SLAVE Syntax' in the MySQL Manual for more information.
2020-08-14 22:34:50 66063 [ERROR] Slave I/O: error reconnecting to master 'repl@10.80.88.35:3306' - retry-time: 60  retries: 1, Error_code: 2003
2020-08-14 22:35:50 66063 [Note] Slave: connected to master 'repl@10.80.88.35:3306',replication resumed in log 'mysql-bin.000408' at position 391
2020-08-26 10:50:24 66063 [Warning] 'proxies_priv' entry '@ root@rds151163155.cloud.st4' ignored in --skip-name-resolve mode.
2021-06-03 09:27:55 66063 [Warning] 'proxies_priv' entry '@ root@rds151163155.cloud.st4' ignored in --skip-name-resolve mode.
2021-06-30 13:39:22 66063 [Warning] 'proxies_priv' entry '@ root@rds151163155.cloud.st4' ignored in --skip-name-resolve mode.
2021-06-30 13:40:10 66063 [Warning] 'proxies_priv' entry '@ root@rds151163155.cloud.st4' ignored in --skip-name-resolve mode.
2021-06-30 14:11:59 66063 [Warning] 'proxies_priv' entry '@ root@rds151163155.cloud.st4' ignored in --skip-name-resolve mode.
2021-06-30 14:12:13 66063 [Warning] 'proxies_priv' entry '@ root@rds151163155.cloud.st4' ignored in --skip-name-resolve mode.
2021-06-30 14:12:22 66063 [Warning] 'proxies_priv' entry '@ root@rds151163155.cloud.st4' ignored in --skip-name-resolve mode.
