======host meta information
=====uptime===============================
 20:42:50 up 999 days, 21:29,  1 user,  load average: 0.00, 0.00, 0.00
======ip=================================
======hostname============================
localhost.localdomain
======os version============================
Red Hat Enterprise Linux Server release 6.4 (Santiago)
Kernel \r on an \m

======kernel version=========================
Linux localhost.localdomain 2.6.32-358.el6.x86_64 #1 SMP Tue Jan 29 11:47:41 EST 2013 x86_64 x86_64 x86_64 GNU/Linux
======mysql version=========================
MySQL-server-5.6.32-1.linux_glibc2.5.x86_64
======mysql client==========================
mysql  Ver 14.14 Distrib 5.6.32, for Linux (x86_64) using  EditLine wrapper
======mysql instance========================
tcp        0      0 :::3306                     :::*                        LISTEN      31969/mysqld        
unix  2      [ ACC ]     STREAM     LISTENING     1240513 31969/mysqld        /var/lib/mysql/mysql.sock
======memory&swap========================
             total       used       free     shared    buffers     cached
Mem:          7994       6183       1810          0        356       4229
-/+ buffers/cache:       1597       6396
Swap:         8191          4       8187
======physical cpu==========================
2
======cores per physical cpu====================
cpu cores	: 2
======processor============================
4
======cpu version===========================
 Intel(R) Xeon(R) CPU E5-2609 v4 @ 1.70GHz
======disk info=============================
æ–‡ä»¶ç³»ç»Ÿ    ç±»å‹      å®¹é‡  å·²ç”¨  å¯ç”¨ å·²ç”¨%% æŒ‚è½½ç‚¹
/dev/mapper/VolGroup-lv_root
              ext4     50G  6.8G   40G  15% /
tmpfs        tmpfs    4.0G   68K  4.0G   1% /dev/shm
/dev/sda1     ext4    485M   38M  422M   9% /boot
/dev/mapper/VolGroup-lv_home
              ext4     20G  322M   19G   2% /home
/dev/mapper/VolGroup-lv_tmp
              ext4    9.9G  152M  9.2G   2% /tmp
/dev/sdb      ext4     99G  394M   94G   1% /app
======numa mount========================
policy: default
preferred node: current
physcpubind: 0 1 2 3 
cpubind: 0 
nodebind: 0 
membind: 0 
available: 1 nodes (0)
node 0 cpus: 0 1 2 3
node 0 size: 8191 MB
node 0 free: 1810 MB
node distances:
node   0 
  0:  10 
60
======io stat===============================
Linux 2.6.32-358.el6.x86_64 (localhost.localdomain) 	2021å¹´07æœˆ15æ—¥ 	_x86_64_	(4 CPU)

avg-cpu:  %user   %nice %system %iowait  %steal   %idle
           0.31    0.00    0.06    0.00    0.00   99.62

Device:         rrqm/s   wrqm/s     r/s     w/s    rMB/s    wMB/s avgrq-sz avgqu-sz   await  svctm  %util
sda               0.00     0.93    0.00    0.50     0.00     0.01    22.95     0.00    0.61   0.24   0.01
sdb               0.00     0.00    0.00    0.00     0.00     0.00    14.00     0.00    0.67   0.43   0.00
sdc               0.00     0.00    0.00    0.00     0.00     0.00     8.03     0.00    0.04   0.04   0.00
dm-0              0.00     0.00    0.00    1.32     0.00     0.01     8.01     0.00    1.97   0.09   0.01
dm-1              0.00     0.00    0.00    0.00     0.00     0.00     8.00     0.00    3.15   0.15   0.00
dm-2              0.00     0.00    0.00    0.06     0.00     0.00     8.00     0.00   20.03   0.05   0.00
dm-3              0.00     0.00    0.00    0.05     0.00     0.00     8.00     0.01  152.39   0.02   0.00

avg-cpu:  %user   %nice %system %iowait  %steal   %idle
           0.03    0.00    0.05    0.00    0.00   99.92

Device:         rrqm/s   wrqm/s     r/s     w/s    rMB/s    wMB/s avgrq-sz avgqu-sz   await  svctm  %util
sda               0.00     2.30    0.00    1.10     0.00     0.01    24.73     0.00    0.18   0.18   0.02
sdb               0.00     0.00    0.00    0.00     0.00     0.00     0.00     0.00    0.00   0.00   0.00
sdc               0.00     0.00    0.00    0.00     0.00     0.00     0.00     0.00    0.00   0.00   0.00
dm-0              0.00     0.00    0.00    2.70     0.00     0.01     8.00     0.00    0.04   0.04   0.01
dm-1              0.00     0.00    0.00    0.00     0.00     0.00     0.00     0.00    0.00   0.00   0.00
dm-2              0.00     0.00    0.00    0.70     0.00     0.00     8.00     0.00    0.14   0.14   0.01
dm-3              0.00     0.00    0.00    0.00     0.00     0.00     0.00     0.00    0.00   0.00   0.00

avg-cpu:  %user   %nice %system %iowait  %steal   %idle
           0.08    0.00    0.20    0.00    0.00   99.72

Device:         rrqm/s   wrqm/s     r/s     w/s    rMB/s    wMB/s avgrq-sz avgqu-sz   await  svctm  %util
sda               0.00     0.10    0.00    0.60     0.00     0.00     9.33     0.00    0.00   0.00   0.00
sdb               0.00     0.00    0.00    0.00     0.00     0.00     0.00     0.00    0.00   0.00   0.00
sdc               0.00     0.00    0.00    0.00     0.00     0.00     0.00     0.00    0.00   0.00   0.00
dm-0              0.00     0.00    0.00    0.40     0.00     0.00     8.00     0.00    0.00   0.00   0.00
dm-1              0.00     0.00    0.00    0.00     0.00     0.00     0.00     0.00    0.00   0.00   0.00
dm-2              0.00     0.00    0.00    0.30     0.00     0.00     8.00     0.00    0.00   0.00   0.00
dm-3              0.00     0.00    0.00    0.00     0.00     0.00     0.00     0.00    0.00   0.00   0.00

avg-cpu:  %user   %nice %system %iowait  %steal   %idle
           0.03    0.00    0.05    0.00    0.00   99.92

Device:         rrqm/s   wrqm/s     r/s     w/s    rMB/s    wMB/s avgrq-sz avgqu-sz   await  svctm  %util
sda               0.00     0.20    0.00    0.40     0.00     0.00    12.00     0.00    0.00   0.00   0.00
sdb               0.00     0.00    0.00    0.00     0.00     0.00     0.00     0.00    0.00   0.00   0.00
sdc               0.00     0.00    0.00    0.00     0.00     0.00     0.00     0.00    0.00   0.00   0.00
dm-0              0.00     0.00    0.00    0.30     0.00     0.00     8.00     0.00    0.00   0.00   0.00
dm-1              0.00     0.00    0.00    0.00     0.00     0.00     0.00     0.00    0.00   0.00   0.00
dm-2              0.00     0.00    0.00    0.30     0.00     0.00     8.00     0.00    0.00   0.00   0.00
dm-3              0.00     0.00    0.00    0.00     0.00     0.00     0.00     0.00    0.00   0.00   0.00

avg-cpu:  %user   %nice %system %iowait  %steal   %idle
           0.15    0.00    0.13    0.00    0.00   99.72

Device:         rrqm/s   wrqm/s     r/s     w/s    rMB/s    wMB/s avgrq-sz avgqu-sz   await  svctm  %util
sda               0.00    34.60    0.00    5.10     0.00     0.16    62.27     0.00    0.86   0.20   0.10
sdb               0.00     0.00    0.00    0.00     0.00     0.00     0.00     0.00    0.00   0.00   0.00
sdc               0.00     0.00    0.00    0.00     0.00     0.00     0.00     0.00    0.00   0.00   0.00
dm-0              0.00     0.00    0.00   38.40     0.00     0.15     8.00     0.13    3.36   0.02   0.06
dm-1              0.00     0.00    0.00    0.00     0.00     0.00     0.00     0.00    0.00   0.00   0.00
dm-2              0.00     0.00    0.00    1.30     0.00     0.01     8.00     0.00    0.54   0.31   0.04
dm-3              0.00     0.00    0.00    0.00     0.00     0.00     0.00     0.00    0.00   0.00   0.00

avg-cpu:  %user   %nice %system %iowait  %steal   %idle
           0.08    0.00    0.08    0.00    0.00   99.85

Device:         rrqm/s   wrqm/s     r/s     w/s    rMB/s    wMB/s avgrq-sz avgqu-sz   await  svctm  %util
sda               0.00     0.10    0.00    0.60     0.00     0.00     9.33     0.00    0.17   0.17   0.01
sdb               0.00     0.00    0.00    0.00     0.00     0.00     0.00     0.00    0.00   0.00   0.00
sdc               0.00     0.00    0.00    0.00     0.00     0.00     0.00     0.00    0.00   0.00   0.00
dm-0              0.00     0.00    0.00    0.30     0.00     0.00     8.00     0.00    0.00   0.00   0.00
dm-1              0.00     0.00    0.00    0.00     0.00     0.00     0.00     0.00    0.00   0.00   0.00
dm-2              0.00     0.00    0.00    0.40     0.00     0.00     8.00     0.00    0.25   0.25   0.01
dm-3              0.00     0.00    0.00    0.00     0.00     0.00     0.00     0.00    0.00   0.00   0.00

avg-cpu:  %user   %nice %system %iowait  %steal   %idle
           0.03    0.00    0.05    0.00    0.00   99.92

Device:         rrqm/s   wrqm/s     r/s     w/s    rMB/s    wMB/s avgrq-sz avgqu-sz   await  svctm  %util
sda               0.00     0.20    0.00    0.60     0.00     0.00    10.67     0.00    0.00   0.00   0.00
sdb               0.00     0.00    0.00    0.00     0.00     0.00     0.00     0.00    0.00   0.00   0.00
sdc               0.00     0.00    0.00    0.00     0.00     0.00     0.00     0.00    0.00   0.00   0.00
dm-0              0.00     0.00    0.00    0.40     0.00     0.00     8.00     0.00    0.00   0.00   0.00
dm-1              0.00     0.00    0.00    0.00     0.00     0.00     0.00     0.00    0.00   0.00   0.00
dm-2              0.00     0.00    0.00    0.40     0.00     0.00     8.00     0.00    0.00   0.00   0.00
dm-3              0.00     0.00    0.00    0.00     0.00     0.00     0.00     0.00    0.00   0.00   0.00

avg-cpu:  %user   %nice %system %iowait  %steal   %idle
           0.03    0.00    0.05    0.00    0.00   99.92

Device:         rrqm/s   wrqm/s     r/s     w/s    rMB/s    wMB/s avgrq-sz avgqu-sz   await  svctm  %util
sda               0.00     0.30    0.00    0.40     0.00     0.00    14.00     0.00    1.00   1.00   0.04
sdb               0.00     0.00    0.00    0.00     0.00     0.00     0.00     0.00    0.00   0.00   0.00
sdc               0.00     0.00    0.00    0.00     0.00     0.00     0.00     0.00    0.00   0.00   0.00
dm-0              0.00     0.00    0.00    0.00     0.00     0.00     0.00     0.00    0.00   0.00   0.00
dm-1              0.00     0.00    0.00    0.00     0.00     0.00     0.00     0.00    0.00   0.00   0.00
dm-2              0.00     0.00    0.00    0.70     0.00     0.00     8.00     0.00    1.00   0.57   0.04
dm-3              0.00     0.00    0.00    0.00     0.00     0.00     0.00     0.00    0.00   0.00   0.00

avg-cpu:  %user   %nice %system %iowait  %steal   %idle
           0.10    0.00    0.20    0.03    0.00   99.67

Device:         rrqm/s   wrqm/s     r/s     w/s    rMB/s    wMB/s avgrq-sz avgqu-sz   await  svctm  %util
sda               0.00     1.70    0.00    1.50     0.00     0.01    17.07     0.00    1.47   0.60   0.09
sdb               0.00     0.00    0.00    0.00     0.00     0.00     0.00     0.00    0.00   0.00   0.00
sdc               0.00     0.00    0.00    0.00     0.00     0.00     0.00     0.00    0.00   0.00   0.00
dm-0              0.00     0.00    0.00    2.50     0.00     0.01     8.00     0.00    0.80   0.20   0.05
dm-1              0.00     0.00    0.00    0.00     0.00     0.00     0.00     0.00    0.00   0.00   0.00
dm-2              0.00     0.00    0.00    0.70     0.00     0.00     8.00     0.00    1.43   0.57   0.04
dm-3              0.00     0.00    0.00    0.00     0.00     0.00     0.00     0.00    0.00   0.00   0.00

avg-cpu:  %user   %nice %system %iowait  %steal   %idle
           0.05    0.00    0.05    0.00    0.00   99.90

Device:         rrqm/s   wrqm/s     r/s     w/s    rMB/s    wMB/s avgrq-sz avgqu-sz   await  svctm  %util
sda               0.00     0.20    0.00    0.50     0.00     0.00    11.20     0.00    0.20   0.20   0.01
sdb               0.00     0.00    0.00    0.00     0.00     0.00     0.00     0.00    0.00   0.00   0.00
sdc               0.00     0.00    0.00    0.00     0.00     0.00     0.00     0.00    0.00   0.00   0.00
dm-0              0.00     0.00    0.00    0.30     0.00     0.00     8.00     0.00    0.67   0.33   0.01
dm-1              0.00     0.00    0.00    0.00     0.00     0.00     0.00     0.00    0.00   0.00   0.00
dm-2              0.00     0.00    0.00    0.40     0.00     0.00     8.00     0.00    0.00   0.00   0.00
dm-3              0.00     0.00    0.00    0.00     0.00     0.00     0.00     0.00    0.00   0.00   0.00

======vmstat======
procs -----------memory---------- ---swap-- -----io---- --system-- -----cpu-----
 r  b   swpd   free   buff  cache   si   so    bi    bo   in   cs us sy id wa st
 0  0   4532 1855032 364776 4331524    0    0     0     1    0    0  0  0 100  0  0	
 0  0   4532 1855032 364776 4331528    0    0     0     0  130  150  0  0 100  0  0	
 0  0   4532 1855032 364776 4331528    0    0     0     0   94  165  0  0 100  0  0	
 0  0   4532 1855016 364776 4331528    0    0     0    16  120  173  0  0 100  0  0	
 0  0   4532 1855016 364776 4331528    0    0     0     0   97  165  0  0 100  0  0	
 0  0   4532 1854016 364776 4331528    0    0     0     8  462  700  1  1 98  0  0	
 0  0   4532 1854016 364776 4331528    0    0     0    24  111  190  0  0 100  0  0	
 0  0   4532 1854016 364776 4331528    0    0     0    12  123  182  0  0 100  0  0	
 0  0   4532 1854016 364776 4331528    0    0     0     0  107  161  0  0 100  0  0	
 0  0   4532 1854024 364776 4331528    0    0     0     0   86  148  0  0 100  0  0	
====dstat===
[7l----total-cpu-usage---- -dsk/total- -net/total- ---paging-- ---system--
usr sys idl wai hiq siq| read  writ| recv  send|  in   out | int   csw 
  0   0 100   0   0   0|  12B 5832B|   0     0 |   0     0 | 109   137 
  0   0 100   0   0   0|   0     0 |   0     0 |   0     0 | 120   192 
  0   1  99   0   0   0|   0     0 |  60B    0 |   0     0 | 407   566 
  0   0 100   0   0   0|   0    80k|3774B 3740B|   0     0 | 211   256 
  0   0 100   0   0   0|   0     0 | 156B  462B|   0     0 | 137   168 
  0   0 100   0   0   0|   0     0 |   0     0 |   0     0 |  94   156 
  0   0 100   0   0   0|   0     0 |   0     0 |   0     0 | 111   175 
  0   0 100   0   0   0|   0     0 |  60B    0 |   0     0 | 105   171 
  0   0 100   0   0   0|   0     0 | 132B  312B|   0     0 | 121   196 
  0   0 100   0   0   0|   0    16k|   0     0 |   0     0 | 115   174 
  0   0 100   0   0   0|   0     0 |   0     0 |   0     0 |  97   159 
======system log============================
Jul 11 03:16:01 localhost rsyslogd: [origin software="rsyslogd" swVersion="5.8.10" x-pid="1971" x-info="http://www.rsyslog.com"] rsyslogd was HUPed
Jul 11 03:16:01 localhost rhsmd: In order for Subscription Manager to provide your system with updates, your system must be registered with the Customer Portal. Please enter your Red Hat login to ensure your system is up-to-date.
Jul 12 03:20:02 localhost rhsmd: In order for Subscription Manager to provide your system with updates, your system must be registered with the Customer Portal. Please enter your Red Hat login to ensure your system is up-to-date.
Jul 13 03:30:03 localhost rhsmd: In order for Subscription Manager to provide your system with updates, your system must be registered with the Customer Portal. Please enter your Red Hat login to ensure your system is up-to-date.
Jul 14 03:12:01 localhost rhsmd: In order for Subscription Manager to provide your system with updates, your system must be registered with the Customer Portal. Please enter your Red Hat login to ensure your system is up-to-date.
Jul 15 03:11:02 localhost rhsmd: In order for Subscription Manager to provide your system with updates, your system must be registered with the Customer Portal. Please enter your Red Hat login to ensure your system is up-to-date.
Jul 15 09:10:39 localhost snmpd[2275]: Connection from UDP: [10.80.80.222]:47483->[10.100.8.174]
Jul 15 09:10:39 localhost snmpd[2275]: truncating integer value > 32 bits
Jul 15 09:10:42 localhost snmpd[2275]: Connection from UDP: [10.80.80.222]:47483->[10.100.8.174]
Jul 15 09:10:42 localhost snmpd[2275]: truncating integer value > 32 bits
Jul 15 09:10:45 localhost snmpd[2275]: Connection from UDP: [10.80.80.222]:47483->[10.100.8.174]
Jul 15 09:10:45 localhost snmpd[2275]: truncating integer value > 32 bits
