======host meta information
=====uptime===============================
 12:37:08 up 317 days, 20:21,  1 user,  load average: 0.04, 0.19, 0.19
======ip=================================
======hostname============================
pfdbm
======os version============================
\S
Kernel \r on an \m

======kernel version=========================
Linux pfdbm 3.10.0-957.5.1.el7.x86_64 #1 SMP Wed Dec 19 10:46:58 EST 2018 x86_64 x86_64 x86_64 GNU/Linux
======mysql version=========================
======mysql client==========================
======mysql instance========================
tcp        0      0 10.100.8.178:42002      0.0.0.0:*               LISTEN      8786/mysqld_exporte 
tcp6       0      0 :::3306                 :::*                    LISTEN      15696/mysqld        
unix  2      [ ACC ]     STREAM     LISTENING     109465   15696/mysqld         /app/mysql/data/mysql.sock
======memory&swap========================
              total        used        free      shared  buff/cache   available
Mem:          16037        2590        2569         801       10877       12256
Swap:          8063           0        8063
======physical cpu==========================
2
======cores per physical cpu====================
cpu cores	: 4
======processor============================
8
======cpu version===========================
 Intel(R) Xeon(R) CPU E5-2609 v4 @ 1.70GHz
======disk info=============================
Filesystem            Type      Size  Used Avail Use% Mounted on
/dev/mapper/rhel-root xfs        50G   12G   39G  23% /
devtmpfs              devtmpfs  7.9G     0  7.9G   0% /dev
tmpfs                 tmpfs     7.9G   84K  7.9G   1% /dev/shm
tmpfs                 tmpfs     7.9G  802M  7.1G  10% /run
tmpfs                 tmpfs     7.9G     0  7.9G   0% /sys/fs/cgroup
/dev/sda1             xfs      1014M  202M  813M  20% /boot
/dev/sdb              xfs       100G   12G   89G  12% /app
/dev/mapper/rhel-tmp  xfs       3.0G   33M  3.0G   2% /tmp
/dev/mapper/rhel-home xfs        21G   57M   21G   1% /home
tmpfs                 tmpfs     1.6G   12K  1.6G   1% /run/user/42
tmpfs                 tmpfs     1.6G     0  1.6G   0% /run/user/0
======numa mount========================
0
======io stat===============================
Linux 3.10.0-957.5.1.el7.x86_64 (pfdbm) 	07/15/2021 	_x86_64_	(8 CPU)

avg-cpu:  %user   %nice %system %iowait  %steal   %idle
           1.39    0.00    0.23    0.02    0.00   98.37

Device:         rrqm/s   wrqm/s     r/s     w/s    rMB/s    wMB/s avgrq-sz avgqu-sz   await r_await w_await  svctm  %util
fd0               0.00     0.00    0.00    0.00     0.00     0.00     8.00     0.00   31.05   31.05    0.00  31.05   0.00
sda               0.00     0.10    0.00    0.87     0.00     0.01    17.13     0.00    0.54    3.08    0.53   0.22   0.02
sdb               0.00     0.00    0.00    5.35     0.00     0.03     9.94     0.00    0.64    7.24    0.64   0.55   0.29
dm-0              0.00     0.00    0.00    0.81     0.00     0.01    16.29     0.00    0.62    3.60    0.61   0.22   0.02
dm-1              0.00     0.00    0.00    0.00     0.00     0.00     9.42     0.00    1.50    1.50    0.00   1.50   0.00
dm-2              0.00     0.00    0.00    0.00     0.00     0.00     6.69     0.00    0.60    1.16    0.26   0.60   0.00
dm-3              0.00     0.00    0.00    0.15     0.00     0.00    11.01     0.00    0.21    1.58    0.21   0.12   0.00

avg-cpu:  %user   %nice %system %iowait  %steal   %idle
           1.24    0.00    0.14    0.01    0.00   98.61

Device:         rrqm/s   wrqm/s     r/s     w/s    rMB/s    wMB/s avgrq-sz avgqu-sz   await r_await w_await  svctm  %util
fd0               0.00     0.00    0.00    0.00     0.00     0.00     0.00     0.00    0.00    0.00    0.00   0.00   0.00
sda               0.00     0.10    0.00    4.20     0.00     0.16    76.43     0.01    1.19    0.00    1.19   0.12   0.05
sdb               0.00     0.00    0.00    6.00     0.00     0.02     5.83     0.01    1.28    0.00    1.28   1.28   0.77
dm-0              0.00     0.00    0.00    4.20     0.00     0.16    76.24     0.01    1.21    0.00    1.21   0.12   0.05
dm-1              0.00     0.00    0.00    0.00     0.00     0.00     0.00     0.00    0.00    0.00    0.00   0.00   0.00
dm-2              0.00     0.00    0.00    0.00     0.00     0.00     0.00     0.00    0.00    0.00    0.00   0.00   0.00
dm-3              0.00     0.00    0.00    0.10     0.00     0.00     8.00     0.00    0.00    0.00    0.00   0.00   0.00

avg-cpu:  %user   %nice %system %iowait  %steal   %idle
           1.20    0.00    0.13    0.01    0.00   98.66

Device:         rrqm/s   wrqm/s     r/s     w/s    rMB/s    wMB/s avgrq-sz avgqu-sz   await r_await w_await  svctm  %util
fd0               0.00     0.00    0.00    0.00     0.00     0.00     0.00     0.00    0.00    0.00    0.00   0.00   0.00
sda               0.00     0.00    0.00    0.30     0.00     0.00     7.33     0.00    0.00    0.00    0.00   0.00   0.00
sdb               0.00     0.00    0.00    6.70     0.00     0.02     7.04     0.00    0.25    0.00    0.25   0.25   0.17
dm-0              0.00     0.00    0.00    0.00     0.00     0.00     0.00     0.00    0.00    0.00    0.00   0.00   0.00
dm-1              0.00     0.00    0.00    0.00     0.00     0.00     0.00     0.00    0.00    0.00    0.00   0.00   0.00
dm-2              0.00     0.00    0.00    0.00     0.00     0.00     0.00     0.00    0.00    0.00    0.00   0.00   0.00
dm-3              0.00     0.00    0.00    0.30     0.00     0.00     7.33     0.00    0.00    0.00    0.00   0.00   0.00

avg-cpu:  %user   %nice %system %iowait  %steal   %idle
           1.53    0.00    0.23    0.00    0.00   98.25

Device:         rrqm/s   wrqm/s     r/s     w/s    rMB/s    wMB/s avgrq-sz avgqu-sz   await r_await w_await  svctm  %util
fd0               0.00     0.00    0.00    0.00     0.00     0.00     0.00     0.00    0.00    0.00    0.00   0.00   0.00
sda               0.00     0.00    0.00    0.10     0.00     0.00     8.00     0.00    0.00    0.00    0.00   0.00   0.00
sdb               0.00     0.00    0.00    6.20     0.00     0.02     5.94     0.00    0.34    0.00    0.34   0.32   0.20
dm-0              0.00     0.00    0.00    0.00     0.00     0.00     0.00     0.00    0.00    0.00    0.00   0.00   0.00
dm-1              0.00     0.00    0.00    0.00     0.00     0.00     0.00     0.00    0.00    0.00    0.00   0.00   0.00
dm-2              0.00     0.00    0.00    0.00     0.00     0.00     0.00     0.00    0.00    0.00    0.00   0.00   0.00
dm-3              0.00     0.00    0.00    0.10     0.00     0.00     8.00     0.00    0.00    0.00    0.00   0.00   0.00

avg-cpu:  %user   %nice %system %iowait  %steal   %idle
           1.26    0.00    0.11    0.01    0.00   98.61

Device:         rrqm/s   wrqm/s     r/s     w/s    rMB/s    wMB/s avgrq-sz avgqu-sz   await r_await w_await  svctm  %util
fd0               0.00     0.00    0.00    0.00     0.00     0.00     0.00     0.00    0.00    0.00    0.00   0.00   0.00
sda               0.00     0.00    0.00    2.10     0.00     0.03    30.86     0.00    0.95    0.00    0.95   0.05   0.01
sdb               0.00     0.00    0.00    6.00     0.00     0.02     5.43     0.00    0.28    0.00    0.28   0.28   0.17
dm-0              0.00     0.00    0.00    2.00     0.00     0.03    32.00     0.00    1.00    0.00    1.00   0.05   0.01
dm-1              0.00     0.00    0.00    0.00     0.00     0.00     0.00     0.00    0.00    0.00    0.00   0.00   0.00
dm-2              0.00     0.00    0.00    0.00     0.00     0.00     0.00     0.00    0.00    0.00    0.00   0.00   0.00
dm-3              0.00     0.00    0.00    0.10     0.00     0.00     8.00     0.00    0.00    0.00    0.00   0.00   0.00

avg-cpu:  %user   %nice %system %iowait  %steal   %idle
           1.20    0.00    0.16    0.01    0.00   98.62

Device:         rrqm/s   wrqm/s     r/s     w/s    rMB/s    wMB/s avgrq-sz avgqu-sz   await r_await w_await  svctm  %util
fd0               0.00     0.00    0.00    0.00     0.00     0.00     0.00     0.00    0.00    0.00    0.00   0.00   0.00
sda               0.00     0.00    0.00    0.60     0.00     0.00    10.00     0.00    0.00    0.00    0.00   0.00   0.00
sdb               0.00     0.00    0.00    6.30     0.00     0.02     7.21     0.01    1.87    0.00    1.87   1.87   1.18
dm-0              0.00     0.00    0.00    0.00     0.00     0.00     0.00     0.00    0.00    0.00    0.00   0.00   0.00
dm-1              0.00     0.00    0.00    0.00     0.00     0.00     0.00     0.00    0.00    0.00    0.00   0.00   0.00
dm-2              0.00     0.00    0.00    0.00     0.00     0.00     0.00     0.00    0.00    0.00    0.00   0.00   0.00
dm-3              0.00     0.00    0.00    0.60     0.00     0.00    10.00     0.00    0.00    0.00    0.00   0.00   0.00

avg-cpu:  %user   %nice %system %iowait  %steal   %idle
           1.40    0.00    0.43    0.04    0.00   98.13

Device:         rrqm/s   wrqm/s     r/s     w/s    rMB/s    wMB/s avgrq-sz avgqu-sz   await r_await w_await  svctm  %util
fd0               0.00     0.00    0.00    0.00     0.00     0.00     0.00     0.00    0.00    0.00    0.00   0.00   0.00
sda               0.00     0.00    0.00    0.90     0.00     0.00     8.00     0.00    0.78    0.00    0.78   0.11   0.01
sdb               0.00     0.00    0.00    6.20     0.00     0.02     6.44     0.01    1.03    0.00    1.03   1.03   0.64
dm-0              0.00     0.00    0.00    0.70     0.00     0.00     8.00     0.00    1.00    0.00    1.00   0.14   0.01
dm-1              0.00     0.00    0.00    0.00     0.00     0.00     0.00     0.00    0.00    0.00    0.00   0.00   0.00
dm-2              0.00     0.00    0.00    0.00     0.00     0.00     0.00     0.00    0.00    0.00    0.00   0.00   0.00
dm-3              0.00     0.00    0.00    0.20     0.00     0.00     8.00     0.00    0.00    0.00    0.00   0.00   0.00

avg-cpu:  %user   %nice %system %iowait  %steal   %idle
           1.15    0.00    0.15    0.01    0.00   98.69

Device:         rrqm/s   wrqm/s     r/s     w/s    rMB/s    wMB/s avgrq-sz avgqu-sz   await r_await w_await  svctm  %util
fd0               0.00     0.00    0.00    0.00     0.00     0.00     0.00     0.00    0.00    0.00    0.00   0.00   0.00
sda               0.00     0.00    0.00    0.20     0.00     0.00    11.50     0.00    0.00    0.00    0.00   0.00   0.00
sdb               0.00     0.00    0.00    6.00     0.00     0.02     5.70     0.00    0.42    0.00    0.42   0.42   0.25
dm-0              0.00     0.00    0.00    0.10     0.00     0.00    15.00     0.00    0.00    0.00    0.00   0.00   0.00
dm-1              0.00     0.00    0.00    0.00     0.00     0.00     0.00     0.00    0.00    0.00    0.00   0.00   0.00
dm-2              0.00     0.00    0.00    0.00     0.00     0.00     0.00     0.00    0.00    0.00    0.00   0.00   0.00
dm-3              0.00     0.00    0.00    0.10     0.00     0.00     8.00     0.00    0.00    0.00    0.00   0.00   0.00

avg-cpu:  %user   %nice %system %iowait  %steal   %idle
           1.15    0.00    0.14    0.01    0.00   98.70

Device:         rrqm/s   wrqm/s     r/s     w/s    rMB/s    wMB/s avgrq-sz avgqu-sz   await r_await w_await  svctm  %util
fd0               0.00     0.00    0.00    0.00     0.00     0.00     0.00     0.00    0.00    0.00    0.00   0.00   0.00
sda               0.00     0.00    0.00    0.20     0.00     0.00     5.50     0.00    0.00    0.00    0.00   0.00   0.00
sdb               0.00     0.00    0.00    6.20     0.00     0.02     6.55     0.02    3.63    0.00    3.63   3.63   2.25
dm-0              0.00     0.00    0.00    0.00     0.00     0.00     0.00     0.00    0.00    0.00    0.00   0.00   0.00
dm-1              0.00     0.00    0.00    0.00     0.00     0.00     0.00     0.00    0.00    0.00    0.00   0.00   0.00
dm-2              0.00     0.00    0.00    0.00     0.00     0.00     0.00     0.00    0.00    0.00    0.00   0.00   0.00
dm-3              0.00     0.00    0.00    0.20     0.00     0.00     5.50     0.00    0.00    0.00    0.00   0.00   0.00

avg-cpu:  %user   %nice %system %iowait  %steal   %idle
           1.51    0.00    0.19    0.01    0.00   98.29

Device:         rrqm/s   wrqm/s     r/s     w/s    rMB/s    wMB/s avgrq-sz avgqu-sz   await r_await w_await  svctm  %util
fd0               0.00     0.00    0.00    0.00     0.00     0.00     0.00     0.00    0.00    0.00    0.00   0.00   0.00
sda               0.00     0.00    0.00    0.10     0.00     0.00     8.00     0.00    0.00    0.00    0.00   0.00   0.00
sdb               0.00     0.00    0.00    6.30     0.00     0.02     6.49     0.00    0.35    0.00    0.35   0.35   0.22
dm-0              0.00     0.00    0.00    0.00     0.00     0.00     0.00     0.00    0.00    0.00    0.00   0.00   0.00
dm-1              0.00     0.00    0.00    0.00     0.00     0.00     0.00     0.00    0.00    0.00    0.00   0.00   0.00
dm-2              0.00     0.00    0.00    0.00     0.00     0.00     0.00     0.00    0.00    0.00    0.00   0.00   0.00
dm-3              0.00     0.00    0.00    0.10     0.00     0.00     8.00     0.00    0.00    0.00    0.00   0.00   0.00

======vmstat======
procs -----------memory---------- ---swap-- -----io---- -system-- ------cpu-----
 r  b   swpd   free   buff  cache   si   so    bi    bo   in   cs us sy id wa st
 0  0      0 2631448   2248 11136936    0    0     0     4    0    0  1  0 98  0  0
 0  0      0 2631236   2248 11136940    0    0     0    19  661  991  1  0 99  0  0
 0  0      0 2631252   2248 11136940    0    0     0    16  653  969  1  0 99  0  0
 0  0      0 2631096   2248 11136944    0    0     0    19 1042 1566  2  0 98  0  0
 0  0      0 2631128   2248 11136944    0    0     0    16  675 1006  1  0 99  0  0
 0  0      0 2631096   2248 11136948    0    0     0    23  637  926  1  0 99  0  0
 0  0      0 2631128   2248 11136948    0    0     0    16  624  920  1  0 99  0  0
 0  0      0 2631080   2248 11136948    0    0     0    15  623  959  1  0 99  0  0
 0  0      0 2631080   2248 11136948    0    0     0    24  939 1383  2  0 98  0  0
 0  0      0 2631096   2248 11136948    0    0     0    15  689 1029  1  0 99  0  0
====dstat===
======system log============================
Jul 15 08:37:01 pfdbm systemd: Started Session 872594 of user root.
Jul 15 08:37:01 pfdbm systemd: Created slice User Slice of mysql.
Jul 15 08:37:01 pfdbm systemd: Started Session 872593 of user mysql.
Jul 15 08:37:01 pfdbm systemd: Removed slice User Slice of mysql.
Jul 15 08:38:01 pfdbm systemd: Started Session 872595 of user root.
Jul 15 08:38:01 pfdbm systemd: Created slice User Slice of mysql.
Jul 15 08:38:01 pfdbm systemd: Started Session 872596 of user mysql.
Jul 15 08:38:01 pfdbm systemd: Removed slice User Slice of mysql.
Jul 15 08:39:01 pfdbm systemd: Started Session 872597 of user root.
Jul 15 08:39:01 pfdbm systemd: Created slice User Slice of mysql.
Jul 15 08:39:01 pfdbm systemd: Started Session 872598 of user mysql.
Jul 15 08:39:01 pfdbm systemd: Removed slice User Slice of mysql.
Jul 15 08:40:01 pfdbm systemd: Started Session 872601 of user root.
Jul 15 08:40:01 pfdbm systemd: Started Session 872599 of user root.
Jul 15 08:40:01 pfdbm systemd: Created slice User Slice of mysql.
Jul 15 08:40:01 pfdbm systemd: Started Session 872600 of user mysql.
Jul 15 08:40:01 pfdbm systemd: Removed slice User Slice of mysql.
Jul 15 08:41:01 pfdbm systemd: Created slice User Slice of mysql.
Jul 15 08:41:01 pfdbm systemd: Started Session 872602 of user mysql.
Jul 15 08:41:01 pfdbm systemd: Started Session 872603 of user root.
Jul 15 08:41:01 pfdbm systemd: Removed slice User Slice of mysql.
Jul 15 08:42:01 pfdbm systemd: Started Session 872604 of user root.
Jul 15 08:42:01 pfdbm systemd: Created slice User Slice of mysql.
Jul 15 08:42:01 pfdbm systemd: Started Session 872605 of user mysql.
Jul 15 08:42:01 pfdbm systemd: Removed slice User Slice of mysql.
Jul 15 08:43:01 pfdbm systemd: Started Session 872606 of user root.
Jul 15 08:43:01 pfdbm systemd: Created slice User Slice of mysql.
Jul 15 08:43:01 pfdbm systemd: Started Session 872607 of user mysql.
Jul 15 08:43:01 pfdbm systemd: Removed slice User Slice of mysql.
Jul 15 08:44:01 pfdbm systemd: Started Session 872608 of user root.
Jul 15 08:44:01 pfdbm systemd: Created slice User Slice of mysql.
Jul 15 08:44:01 pfdbm systemd: Started Session 872609 of user mysql.
Jul 15 08:44:01 pfdbm systemd: Removed slice User Slice of mysql.
Jul 15 08:45:01 pfdbm systemd: Started Session 872610 of user root.
Jul 15 08:45:01 pfdbm systemd: Created slice User Slice of mysql.
Jul 15 08:45:01 pfdbm systemd: Started Session 872611 of user mysql.
Jul 15 08:45:02 pfdbm systemd: Removed slice User Slice of mysql.
Jul 15 08:46:01 pfdbm systemd: Started Session 872612 of user root.
Jul 15 08:46:01 pfdbm systemd: Created slice User Slice of mysql.
Jul 15 08:46:01 pfdbm systemd: Started Session 872613 of user mysql.
Jul 15 08:46:01 pfdbm systemd: Removed slice User Slice of mysql.
Jul 15 08:47:01 pfdbm systemd: Started Session 872614 of user root.
Jul 15 08:47:01 pfdbm systemd: Created slice User Slice of mysql.
Jul 15 08:47:01 pfdbm systemd: Started Session 872615 of user mysql.
Jul 15 08:47:01 pfdbm systemd: Removed slice User Slice of mysql.
Jul 15 08:48:01 pfdbm systemd: Created slice User Slice of mysql.
Jul 15 08:48:01 pfdbm systemd: Started Session 872617 of user mysql.
Jul 15 08:48:01 pfdbm systemd: Started Session 872616 of user root.
Jul 15 08:48:01 pfdbm systemd: Removed slice User Slice of mysql.
Jul 15 08:49:01 pfdbm systemd: Started Session 872618 of user root.
Jul 15 08:49:01 pfdbm systemd: Created slice User Slice of mysql.
Jul 15 08:49:01 pfdbm systemd: Started Session 872619 of user mysql.
Jul 15 08:49:01 pfdbm systemd: Removed slice User Slice of mysql.
Jul 15 08:50:01 pfdbm systemd: Started Session 872620 of user root.
Jul 15 08:50:01 pfdbm systemd: Created slice User Slice of mysql.
Jul 15 08:50:01 pfdbm systemd: Started Session 872621 of user mysql.
Jul 15 08:50:01 pfdbm systemd: Started Session 872622 of user root.
Jul 15 08:50:01 pfdbm systemd: Removed slice User Slice of mysql.
Jul 15 08:51:01 pfdbm systemd: Created slice User Slice of mysql.
Jul 15 08:51:01 pfdbm systemd: Started Session 872623 of user mysql.
Jul 15 08:51:01 pfdbm systemd: Started Session 872624 of user root.
Jul 15 08:51:01 pfdbm systemd: Removed slice User Slice of mysql.
Jul 15 08:52:01 pfdbm systemd: Started Session 872625 of user root.
Jul 15 08:52:01 pfdbm systemd: Created slice User Slice of mysql.
Jul 15 08:52:01 pfdbm systemd: Started Session 872626 of user mysql.
Jul 15 08:52:01 pfdbm systemd: Removed slice User Slice of mysql.
Jul 15 08:53:01 pfdbm systemd: Started Session 872627 of user root.
Jul 15 08:53:01 pfdbm systemd: Created slice User Slice of mysql.
Jul 15 08:53:01 pfdbm systemd: Started Session 872628 of user mysql.
Jul 15 08:53:01 pfdbm systemd: Removed slice User Slice of mysql.
Jul 15 08:54:01 pfdbm systemd: Started Session 872629 of user root.
Jul 15 08:54:01 pfdbm systemd: Created slice User Slice of mysql.
Jul 15 08:54:01 pfdbm systemd: Started Session 872630 of user mysql.
Jul 15 08:54:01 pfdbm systemd: Removed slice User Slice of mysql.
Jul 15 08:55:01 pfdbm systemd: Started Session 872631 of user root.
Jul 15 08:55:01 pfdbm systemd: Created slice User Slice of mysql.
Jul 15 08:55:01 pfdbm systemd: Started Session 872632 of user mysql.
Jul 15 08:55:01 pfdbm systemd: Removed slice User Slice of mysql.
Jul 15 08:56:01 pfdbm systemd: Created slice User Slice of mysql.
Jul 15 08:56:01 pfdbm systemd: Started Session 872634 of user mysql.
Jul 15 08:56:01 pfdbm systemd: Started Session 872633 of user root.
Jul 15 08:56:01 pfdbm systemd: Removed slice User Slice of mysql.
Jul 15 08:57:01 pfdbm systemd: Started Session 872635 of user root.
Jul 15 08:57:01 pfdbm systemd: Created slice User Slice of mysql.
Jul 15 08:57:01 pfdbm systemd: Started Session 872636 of user mysql.
Jul 15 08:57:01 pfdbm systemd: Removed slice User Slice of mysql.
Jul 15 08:58:01 pfdbm systemd: Started Session 872637 of user root.
Jul 15 08:58:01 pfdbm systemd: Created slice User Slice of mysql.
Jul 15 08:58:01 pfdbm systemd: Started Session 872638 of user mysql.
Jul 15 08:58:01 pfdbm systemd: Removed slice User Slice of mysql.
Jul 15 08:59:01 pfdbm systemd: Started Session 872639 of user root.
Jul 15 08:59:01 pfdbm systemd: Created slice User Slice of mysql.
Jul 15 08:59:01 pfdbm systemd: Started Session 872640 of user mysql.
Jul 15 08:59:01 pfdbm systemd: Removed slice User Slice of mysql.
Jul 15 09:00:01 pfdbm systemd: Started Session 872641 of user root.
Jul 15 09:00:02 pfdbm systemd: Started Session 872642 of user root.
Jul 15 09:00:02 pfdbm systemd: Created slice User Slice of mysql.
Jul 15 09:00:02 pfdbm systemd: Started Session 872643 of user mysql.
Jul 15 09:00:02 pfdbm systemd: Removed slice User Slice of mysql.
Jul 15 09:01:01 pfdbm systemd: Created slice User Slice of mysql.
Jul 15 09:01:01 pfdbm systemd: Started Session 872645 of user mysql.
Jul 15 09:01:01 pfdbm systemd: Started Session 872644 of user root.
Jul 15 09:01:01 pfdbm systemd: Started Session 872646 of user root.
Jul 15 09:01:01 pfdbm systemd: Removed slice User Slice of mysql.
Jul 15 09:02:01 pfdbm systemd: Started Session 872647 of user root.
Jul 15 09:02:01 pfdbm systemd: Created slice User Slice of mysql.
Jul 15 09:02:01 pfdbm systemd: Started Session 872648 of user mysql.
Jul 15 09:02:01 pfdbm systemd: Removed slice User Slice of mysql.
Jul 15 09:03:01 pfdbm systemd: Started Session 872649 of user root.
Jul 15 09:03:01 pfdbm systemd: Created slice User Slice of mysql.
Jul 15 09:03:01 pfdbm systemd: Started Session 872650 of user mysql.
Jul 15 09:03:01 pfdbm systemd: Removed slice User Slice of mysql.
Jul 15 09:04:01 pfdbm systemd: Created slice User Slice of mysql.
Jul 15 09:04:01 pfdbm systemd: Started Session 872651 of user mysql.
Jul 15 09:04:01 pfdbm systemd: Started Session 872652 of user root.
Jul 15 09:04:01 pfdbm systemd: Removed slice User Slice of mysql.
Jul 15 09:05:01 pfdbm systemd: Started Session 872653 of user root.
Jul 15 09:05:01 pfdbm systemd: Created slice User Slice of mysql.
Jul 15 09:05:01 pfdbm systemd: Started Session 872654 of user mysql.
Jul 15 09:05:01 pfdbm systemd: Removed slice User Slice of mysql.
Jul 15 09:06:01 pfdbm systemd: Started Session 872655 of user root.
Jul 15 09:06:01 pfdbm systemd: Created slice User Slice of mysql.
Jul 15 09:06:01 pfdbm systemd: Started Session 872656 of user mysql.
Jul 15 09:06:01 pfdbm systemd: Removed slice User Slice of mysql.
Jul 15 09:07:01 pfdbm systemd: Created slice User Slice of mysql.
Jul 15 09:07:01 pfdbm systemd: Started Session 872657 of user mysql.
Jul 15 09:07:01 pfdbm systemd: Started Session 872658 of user root.
Jul 15 09:07:02 pfdbm systemd: Removed slice User Slice of mysql.
Jul 15 09:08:01 pfdbm systemd: Started Session 872659 of user root.
Jul 15 09:08:01 pfdbm systemd: Created slice User Slice of mysql.
Jul 15 09:08:01 pfdbm systemd: Started Session 872660 of user mysql.
Jul 15 09:08:01 pfdbm systemd: Removed slice User Slice of mysql.
Jul 15 09:09:01 pfdbm systemd: Started Session 872661 of user root.
Jul 15 09:09:01 pfdbm systemd: Created slice User Slice of mysql.
Jul 15 09:09:01 pfdbm systemd: Started Session 872662 of user mysql.
Jul 15 09:09:01 pfdbm systemd: Removed slice User Slice of mysql.
Jul 15 09:10:01 pfdbm systemd: Started Session 872663 of user root.
Jul 15 09:10:01 pfdbm systemd: Started Session 872664 of user root.
Jul 15 09:10:01 pfdbm systemd: Created slice User Slice of mysql.
Jul 15 09:10:01 pfdbm systemd: Started Session 872665 of user mysql.
Jul 15 09:10:01 pfdbm systemd: Removed slice User Slice of mysql.
Jul 15 09:11:01 pfdbm systemd: Created slice User Slice of mysql.
Jul 15 09:11:01 pfdbm systemd: Started Session 872667 of user mysql.
Jul 15 09:11:01 pfdbm systemd: Started Session 872666 of user root.
Jul 15 09:11:01 pfdbm systemd: Removed slice User Slice of mysql.
Jul 15 09:12:01 pfdbm systemd: Started Session 872668 of user root.
Jul 15 09:12:01 pfdbm systemd: Created slice User Slice of mysql.
Jul 15 09:12:01 pfdbm systemd: Started Session 872669 of user mysql.
Jul 15 09:12:01 pfdbm systemd: Removed slice User Slice of mysql.
Jul 15 09:13:01 pfdbm systemd: Started Session 872671 of user root.
Jul 15 09:13:01 pfdbm systemd: Created slice User Slice of mysql.
Jul 15 09:13:01 pfdbm systemd: Started Session 872670 of user mysql.
Jul 15 09:13:01 pfdbm systemd: Removed slice User Slice of mysql.
Jul 15 09:14:01 pfdbm systemd: Started Session 872672 of user root.
Jul 15 09:14:01 pfdbm systemd: Created slice User Slice of mysql.
Jul 15 09:14:01 pfdbm systemd: Started Session 872673 of user mysql.
Jul 15 09:14:01 pfdbm systemd: Removed slice User Slice of mysql.
Jul 15 09:15:01 pfdbm systemd: Started Session 872674 of user root.
Jul 15 09:15:01 pfdbm systemd: Created slice User Slice of mysql.
Jul 15 09:15:01 pfdbm systemd: Started Session 872675 of user mysql.
Jul 15 09:15:01 pfdbm systemd: Removed slice User Slice of mysql.
Jul 15 09:16:01 pfdbm systemd: Started Session 872676 of user root.
Jul 15 09:16:01 pfdbm systemd: Created slice User Slice of mysql.
Jul 15 09:16:01 pfdbm systemd: Started Session 872677 of user mysql.
Jul 15 09:16:01 pfdbm systemd: Removed slice User Slice of mysql.
Jul 15 09:17:01 pfdbm systemd: Created slice User Slice of mysql.
Jul 15 09:17:01 pfdbm systemd: Started Session 872678 of user mysql.
Jul 15 09:17:01 pfdbm systemd: Started Session 872679 of user root.
Jul 15 09:17:01 pfdbm systemd: Removed slice User Slice of mysql.
Jul 15 09:18:01 pfdbm systemd: Created slice User Slice of mysql.
Jul 15 09:18:01 pfdbm systemd: Started Session 872680 of user mysql.
Jul 15 09:18:01 pfdbm systemd: Started Session 872681 of user root.
Jul 15 09:18:01 pfdbm systemd: Removed slice User Slice of mysql.
Jul 15 09:19:01 pfdbm systemd: Started Session 872682 of user root.
Jul 15 09:19:01 pfdbm systemd: Created slice User Slice of mysql.
Jul 15 09:19:01 pfdbm systemd: Started Session 872683 of user mysql.
Jul 15 09:19:01 pfdbm systemd: Removed slice User Slice of mysql.
Jul 15 09:20:01 pfdbm systemd: Created slice User Slice of mysql.
Jul 15 09:20:01 pfdbm systemd: Started Session 872685 of user mysql.
Jul 15 09:20:01 pfdbm systemd: Started Session 872684 of user root.
Jul 15 09:20:01 pfdbm systemd: Started Session 872686 of user root.
Jul 15 09:20:01 pfdbm systemd: Removed slice User Slice of mysql.
Jul 15 09:21:01 pfdbm systemd: Created slice User Slice of mysql.
Jul 15 09:21:01 pfdbm systemd: Started Session 872687 of user mysql.
Jul 15 09:21:01 pfdbm systemd: Started Session 872688 of user root.
Jul 15 09:21:01 pfdbm systemd: Removed slice User Slice of mysql.
Jul 15 09:22:01 pfdbm systemd: Created slice User Slice of mysql.
Jul 15 09:22:01 pfdbm systemd: Started Session 872689 of user mysql.
Jul 15 09:22:01 pfdbm systemd: Started Session 872690 of user root.
Jul 15 09:22:02 pfdbm systemd: Removed slice User Slice of mysql.
Jul 15 09:23:01 pfdbm systemd: Started Session 872691 of user root.
Jul 15 09:23:01 pfdbm systemd: Created slice User Slice of mysql.
Jul 15 09:23:01 pfdbm systemd: Started Session 872692 of user mysql.
Jul 15 09:23:01 pfdbm systemd: Removed slice User Slice of mysql.
Jul 15 09:24:01 pfdbm systemd: Created slice User Slice of mysql.
Jul 15 09:24:01 pfdbm systemd: Started Session 872694 of user mysql.
Jul 15 09:24:01 pfdbm systemd: Started Session 872693 of user root.
Jul 15 09:24:01 pfdbm systemd: Removed slice User Slice of mysql.
Jul 15 09:25:01 pfdbm systemd: Created slice User Slice of mysql.
Jul 15 09:25:01 pfdbm systemd: Started Session 872696 of user mysql.
Jul 15 09:25:01 pfdbm systemd: Started Session 872695 of user root.
Jul 15 09:25:01 pfdbm systemd: Removed slice User Slice of mysql.
Jul 15 09:26:01 pfdbm systemd: Created slice User Slice of mysql.
Jul 15 09:26:01 pfdbm systemd: Started Session 872698 of user mysql.
Jul 15 09:26:01 pfdbm systemd: Started Session 872697 of user root.
Jul 15 09:26:01 pfdbm systemd: Removed slice User Slice of mysql.
Jul 15 09:27:01 pfdbm systemd: Created slice User Slice of mysql.
Jul 15 09:27:01 pfdbm systemd: Started Session 872699 of user mysql.
Jul 15 09:27:01 pfdbm systemd: Started Session 872700 of user root.
Jul 15 09:27:01 pfdbm systemd: Removed slice User Slice of mysql.
Jul 15 09:28:01 pfdbm systemd: Started Session 872701 of user root.
Jul 15 09:28:01 pfdbm systemd: Created slice User Slice of mysql.
Jul 15 09:28:01 pfdbm systemd: Started Session 872702 of user mysql.
Jul 15 09:28:01 pfdbm systemd: Removed slice User Slice of mysql.
Jul 15 09:29:01 pfdbm systemd: Started Session 872703 of user root.
Jul 15 09:29:01 pfdbm systemd: Created slice User Slice of mysql.
Jul 15 09:29:01 pfdbm systemd: Started Session 872704 of user mysql.
Jul 15 09:29:01 pfdbm systemd: Removed slice User Slice of mysql.
Jul 15 09:30:01 pfdbm systemd: Started Session 872705 of user root.
Jul 15 09:30:01 pfdbm systemd: Started Session 872706 of user root.
Jul 15 09:30:01 pfdbm systemd: Created slice User Slice of mysql.
Jul 15 09:30:01 pfdbm systemd: Started Session 872707 of user mysql.
Jul 15 09:30:01 pfdbm systemd: Removed slice User Slice of mysql.
Jul 15 09:31:01 pfdbm systemd: Created slice User Slice of mysql.
Jul 15 09:31:01 pfdbm systemd: Started Session 872708 of user mysql.
Jul 15 09:31:01 pfdbm systemd: Started Session 872709 of user root.
Jul 15 09:31:01 pfdbm systemd: Removed slice User Slice of mysql.
Jul 15 09:32:01 pfdbm systemd: Started Session 872710 of user root.
Jul 15 09:32:01 pfdbm systemd: Created slice User Slice of mysql.
Jul 15 09:32:01 pfdbm systemd: Started Session 872711 of user mysql.
Jul 15 09:32:01 pfdbm systemd: Removed slice User Slice of mysql.
Jul 15 09:33:01 pfdbm systemd: Started Session 872712 of user root.
Jul 15 09:33:01 pfdbm systemd: Created slice User Slice of mysql.
Jul 15 09:33:01 pfdbm systemd: Started Session 872713 of user mysql.
Jul 15 09:33:01 pfdbm systemd: Removed slice User Slice of mysql.
Jul 15 09:34:01 pfdbm systemd: Created slice User Slice of mysql.
Jul 15 09:34:01 pfdbm systemd: Started Session 872714 of user mysql.
Jul 15 09:34:01 pfdbm systemd: Started Session 872715 of user root.
Jul 15 09:34:01 pfdbm systemd: Removed slice User Slice of mysql.
Jul 15 09:35:01 pfdbm systemd: Created slice User Slice of mysql.
Jul 15 09:35:01 pfdbm systemd: Started Session 872716 of user mysql.
Jul 15 09:35:01 pfdbm systemd: Started Session 872717 of user root.
Jul 15 09:35:01 pfdbm systemd: Removed slice User Slice of mysql.
Jul 15 09:36:01 pfdbm systemd: Started Session 872718 of user root.
Jul 15 09:36:01 pfdbm systemd: Created slice User Slice of mysql.
Jul 15 09:36:01 pfdbm systemd: Started Session 872719 of user mysql.
Jul 15 09:36:01 pfdbm systemd: Removed slice User Slice of mysql.
Jul 15 09:37:01 pfdbm systemd: Created slice User Slice of mysql.
Jul 15 09:37:01 pfdbm systemd: Started Session 872720 of user mysql.
Jul 15 09:37:01 pfdbm systemd: Started Session 872721 of user root.
Jul 15 09:37:02 pfdbm systemd: Removed slice User Slice of mysql.
Jul 15 09:38:01 pfdbm systemd: Started Session 872722 of user root.
Jul 15 09:38:01 pfdbm systemd: Created slice User Slice of mysql.
Jul 15 09:38:01 pfdbm systemd: Started Session 872723 of user mysql.
Jul 15 09:38:01 pfdbm systemd: Removed slice User Slice of mysql.
Jul 15 09:39:01 pfdbm systemd: Started Session 872724 of user root.
Jul 15 09:39:01 pfdbm systemd: Created slice User Slice of mysql.
Jul 15 09:39:01 pfdbm systemd: Started Session 872725 of user mysql.
Jul 15 09:39:01 pfdbm systemd: Removed slice User Slice of mysql.
Jul 15 09:40:01 pfdbm systemd: Started Session 872726 of user root.
Jul 15 09:40:01 pfdbm systemd: Created slice User Slice of mysql.
Jul 15 09:40:01 pfdbm systemd: Started Session 872727 of user mysql.
Jul 15 09:40:01 pfdbm systemd: Started Session 872728 of user root.
Jul 15 09:40:01 pfdbm systemd: Removed slice User Slice of mysql.
Jul 15 09:41:01 pfdbm systemd: Created slice User Slice of mysql.
Jul 15 09:41:01 pfdbm systemd: Started Session 872729 of user mysql.
Jul 15 09:41:01 pfdbm systemd: Started Session 872730 of user root.
Jul 15 09:41:01 pfdbm systemd: Removed slice User Slice of mysql.
Jul 15 09:42:01 pfdbm systemd: Created slice User Slice of mysql.
Jul 15 09:42:01 pfdbm systemd: Started Session 872731 of user mysql.
Jul 15 09:42:01 pfdbm systemd: Started Session 872732 of user root.
Jul 15 09:42:01 pfdbm systemd: Removed slice User Slice of mysql.
Jul 15 09:43:01 pfdbm systemd: Started Session 872733 of user root.
Jul 15 09:43:01 pfdbm systemd: Created slice User Slice of mysql.
Jul 15 09:43:01 pfdbm systemd: Started Session 872734 of user mysql.
Jul 15 09:43:01 pfdbm systemd: Removed slice User Slice of mysql.
Jul 15 09:44:01 pfdbm systemd: Started Session 872735 of user root.
Jul 15 09:44:01 pfdbm systemd: Created slice User Slice of mysql.
Jul 15 09:44:01 pfdbm systemd: Started Session 872736 of user mysql.
Jul 15 09:44:01 pfdbm systemd: Removed slice User Slice of mysql.
Jul 15 09:45:01 pfdbm systemd: Created slice User Slice of mysql.
Jul 15 09:45:01 pfdbm systemd: Started Session 872738 of user mysql.
Jul 15 09:45:01 pfdbm systemd: Started Session 872737 of user root.
Jul 15 09:45:01 pfdbm systemd: Removed slice User Slice of mysql.
Jul 15 09:46:01 pfdbm systemd: Created slice User Slice of mysql.
Jul 15 09:46:01 pfdbm systemd: Started Session 872739 of user mysql.
Jul 15 09:46:01 pfdbm systemd: Started Session 872740 of user root.
Jul 15 09:46:01 pfdbm systemd: Removed slice User Slice of mysql.
Jul 15 09:47:01 pfdbm systemd: Started Session 872741 of user root.
Jul 15 09:47:01 pfdbm systemd: Created slice User Slice of mysql.
Jul 15 09:47:01 pfdbm systemd: Started Session 872742 of user mysql.
Jul 15 09:47:01 pfdbm systemd: Removed slice User Slice of mysql.
Jul 15 09:48:01 pfdbm systemd: Created slice User Slice of mysql.
Jul 15 09:48:01 pfdbm systemd: Started Session 872744 of user mysql.
Jul 15 09:48:01 pfdbm systemd: Started Session 872743 of user root.
Jul 15 09:48:01 pfdbm systemd: Removed slice User Slice of mysql.
Jul 15 09:49:01 pfdbm systemd: Started Session 872745 of user root.
Jul 15 09:49:01 pfdbm systemd: Created slice User Slice of mysql.
Jul 15 09:49:01 pfdbm systemd: Started Session 872746 of user mysql.
Jul 15 09:49:01 pfdbm systemd: Removed slice User Slice of mysql.
Jul 15 09:50:01 pfdbm systemd: Started Session 872747 of user root.
Jul 15 09:50:01 pfdbm systemd: Started Session 872748 of user root.
Jul 15 09:50:01 pfdbm systemd: Created slice User Slice of mysql.
Jul 15 09:50:01 pfdbm systemd: Started Session 872749 of user mysql.
Jul 15 09:50:01 pfdbm systemd: Removed slice User Slice of mysql.
Jul 15 09:51:01 pfdbm systemd: Started Session 872750 of user root.
Jul 15 09:51:01 pfdbm systemd: Created slice User Slice of mysql.
Jul 15 09:51:01 pfdbm systemd: Started Session 872751 of user mysql.
Jul 15 09:51:01 pfdbm systemd: Removed slice User Slice of mysql.
Jul 15 09:52:01 pfdbm systemd: Created slice User Slice of mysql.
Jul 15 09:52:01 pfdbm systemd: Started Session 872752 of user mysql.
Jul 15 09:52:01 pfdbm systemd: Started Session 872753 of user root.
Jul 15 09:52:02 pfdbm systemd: Removed slice User Slice of mysql.
Jul 15 09:53:01 pfdbm systemd: Started Session 872754 of user root.
Jul 15 09:53:01 pfdbm systemd: Created slice User Slice of mysql.
Jul 15 09:53:01 pfdbm systemd: Started Session 872755 of user mysql.
Jul 15 09:53:01 pfdbm systemd: Removed slice User Slice of mysql.
Jul 15 09:54:01 pfdbm systemd: Started Session 872756 of user root.
Jul 15 09:54:01 pfdbm systemd: Created slice User Slice of mysql.
Jul 15 09:54:01 pfdbm systemd: Started Session 872757 of user mysql.
Jul 15 09:54:01 pfdbm systemd: Removed slice User Slice of mysql.
Jul 15 09:55:01 pfdbm systemd: Created slice User Slice of mysql.
Jul 15 09:55:01 pfdbm systemd: Started Session 872758 of user mysql.
Jul 15 09:55:01 pfdbm systemd: Started Session 872759 of user root.
Jul 15 09:55:01 pfdbm systemd: Removed slice User Slice of mysql.
Jul 15 09:56:01 pfdbm systemd: Created slice User Slice of mysql.
Jul 15 09:56:01 pfdbm systemd: Started Session 872761 of user mysql.
Jul 15 09:56:01 pfdbm systemd: Started Session 872760 of user root.
Jul 15 09:56:01 pfdbm systemd: Removed slice User Slice of mysql.
Jul 15 09:57:01 pfdbm systemd: Started Session 872762 of user root.
Jul 15 09:57:01 pfdbm systemd: Created slice User Slice of mysql.
Jul 15 09:57:01 pfdbm systemd: Started Session 872763 of user mysql.
Jul 15 09:57:01 pfdbm systemd: Removed slice User Slice of mysql.
Jul 15 09:58:01 pfdbm systemd: Created slice User Slice of mysql.
Jul 15 09:58:01 pfdbm systemd: Started Session 872765 of user mysql.
Jul 15 09:58:01 pfdbm systemd: Started Session 872764 of user root.
Jul 15 09:58:01 pfdbm systemd: Removed slice User Slice of mysql.
Jul 15 09:59:01 pfdbm systemd: Created slice User Slice of mysql.
Jul 15 09:59:01 pfdbm systemd: Started Session 872766 of user mysql.
Jul 15 09:59:01 pfdbm systemd: Started Session 872767 of user root.
Jul 15 09:59:01 pfdbm systemd: Removed slice User Slice of mysql.
Jul 15 10:00:01 pfdbm systemd: Started Session 872768 of user root.
Jul 15 10:00:01 pfdbm systemd: Started Session 872769 of user root.
Jul 15 10:00:01 pfdbm systemd: Created slice User Slice of mysql.
Jul 15 10:00:01 pfdbm systemd: Started Session 872770 of user mysql.
Jul 15 10:00:01 pfdbm systemd: Removed slice User Slice of mysql.
Jul 15 10:01:01 pfdbm systemd: Started Session 872771 of user root.
Jul 15 10:01:01 pfdbm systemd: Started Session 872772 of user root.
Jul 15 10:01:01 pfdbm systemd: Created slice User Slice of mysql.
Jul 15 10:01:01 pfdbm systemd: Started Session 872773 of user mysql.
Jul 15 10:01:01 pfdbm systemd: Removed slice User Slice of mysql.
Jul 15 10:02:01 pfdbm systemd: Created slice User Slice of mysql.
Jul 15 10:02:01 pfdbm systemd: Started Session 872775 of user mysql.
Jul 15 10:02:01 pfdbm systemd: Started Session 872774 of user root.
Jul 15 10:02:01 pfdbm systemd: Removed slice User Slice of mysql.
Jul 15 10:03:01 pfdbm systemd: Created slice User Slice of mysql.
Jul 15 10:03:01 pfdbm systemd: Started Session 872777 of user mysql.
Jul 15 10:03:01 pfdbm systemd: Started Session 872776 of user root.
Jul 15 10:03:01 pfdbm systemd: Removed slice User Slice of mysql.
Jul 15 10:04:01 pfdbm systemd: Started Session 872778 of user root.
Jul 15 10:04:01 pfdbm systemd: Created slice User Slice of mysql.
Jul 15 10:04:01 pfdbm systemd: Started Session 872779 of user mysql.
Jul 15 10:04:01 pfdbm systemd: Removed slice User Slice of mysql.
Jul 15 10:05:01 pfdbm systemd: Created slice User Slice of mysql.
Jul 15 10:05:01 pfdbm systemd: Started Session 872780 of user mysql.
Jul 15 10:05:01 pfdbm systemd: Started Session 872781 of user root.
Jul 15 10:05:01 pfdbm systemd: Removed slice User Slice of mysql.
Jul 15 10:06:01 pfdbm systemd: Started Session 872783 of user root.
Jul 15 10:06:01 pfdbm systemd: Created slice User Slice of mysql.
Jul 15 10:06:01 pfdbm systemd: Started Session 872782 of user mysql.
Jul 15 10:06:01 pfdbm systemd: Removed slice User Slice of mysql.
Jul 15 10:07:01 pfdbm systemd: Created slice User Slice of mysql.
Jul 15 10:07:01 pfdbm systemd: Started Session 872784 of user mysql.
Jul 15 10:07:01 pfdbm systemd: Started Session 872785 of user root.
Jul 15 10:07:02 pfdbm systemd: Removed slice User Slice of mysql.
Jul 15 10:08:01 pfdbm systemd: Started Session 872786 of user root.
Jul 15 10:08:01 pfdbm systemd: Created slice User Slice of mysql.
Jul 15 10:08:01 pfdbm systemd: Started Session 872787 of user mysql.
Jul 15 10:08:01 pfdbm systemd: Removed slice User Slice of mysql.
Jul 15 10:09:01 pfdbm systemd: Started Session 872788 of user root.
Jul 15 10:09:01 pfdbm systemd: Created slice User Slice of mysql.
Jul 15 10:09:01 pfdbm systemd: Started Session 872789 of user mysql.
Jul 15 10:09:01 pfdbm systemd: Removed slice User Slice of mysql.
Jul 15 10:10:01 pfdbm systemd: Created slice User Slice of mysql.
Jul 15 10:10:01 pfdbm systemd: Started Session 872791 of user mysql.
Jul 15 10:10:01 pfdbm systemd: Started Session 872790 of user root.
Jul 15 10:10:01 pfdbm systemd: Started Session 872792 of user root.
Jul 15 10:10:01 pfdbm systemd: Removed slice User Slice of mysql.
Jul 15 10:11:01 pfdbm systemd: Started Session 872793 of user root.
Jul 15 10:11:01 pfdbm systemd: Created slice User Slice of mysql.
Jul 15 10:11:01 pfdbm systemd: Started Session 872794 of user mysql.
Jul 15 10:11:01 pfdbm systemd: Removed slice User Slice of mysql.
Jul 15 10:12:01 pfdbm systemd: Started Session 872795 of user root.
Jul 15 10:12:01 pfdbm systemd: Created slice User Slice of mysql.
Jul 15 10:12:01 pfdbm systemd: Started Session 872796 of user mysql.
Jul 15 10:12:01 pfdbm systemd: Removed slice User Slice of mysql.
Jul 15 10:13:01 pfdbm systemd: Started Session 872797 of user root.
Jul 15 10:13:01 pfdbm systemd: Created slice User Slice of mysql.
Jul 15 10:13:01 pfdbm systemd: Started Session 872798 of user mysql.
Jul 15 10:13:01 pfdbm systemd: Removed slice User Slice of mysql.
Jul 15 10:14:01 pfdbm systemd: Started Session 872799 of user root.
Jul 15 10:14:01 pfdbm systemd: Created slice User Slice of mysql.
Jul 15 10:14:01 pfdbm systemd: Started Session 872800 of user mysql.
Jul 15 10:14:01 pfdbm systemd: Removed slice User Slice of mysql.
Jul 15 10:15:01 pfdbm systemd: Started Session 872801 of user root.
Jul 15 10:15:01 pfdbm systemd: Created slice User Slice of mysql.
Jul 15 10:15:01 pfdbm systemd: Started Session 872802 of user mysql.
Jul 15 10:15:01 pfdbm systemd: Removed slice User Slice of mysql.
Jul 15 10:16:01 pfdbm systemd: Started Session 872803 of user root.
Jul 15 10:16:01 pfdbm systemd: Created slice User Slice of mysql.
Jul 15 10:16:01 pfdbm systemd: Started Session 872804 of user mysql.
Jul 15 10:16:01 pfdbm systemd: Removed slice User Slice of mysql.
Jul 15 10:17:01 pfdbm systemd: Created slice User Slice of mysql.
Jul 15 10:17:01 pfdbm systemd: Started Session 872805 of user mysql.
Jul 15 10:17:01 pfdbm systemd: Started Session 872806 of user root.
Jul 15 10:17:01 pfdbm systemd: Removed slice User Slice of mysql.
Jul 15 10:18:01 pfdbm systemd: Started Session 872807 of user root.
Jul 15 10:18:01 pfdbm systemd: Created slice User Slice of mysql.
Jul 15 10:18:01 pfdbm systemd: Started Session 872808 of user mysql.
Jul 15 10:18:01 pfdbm systemd: Removed slice User Slice of mysql.
Jul 15 10:19:01 pfdbm systemd: Created slice User Slice of mysql.
Jul 15 10:19:01 pfdbm systemd: Started Session 872809 of user mysql.
Jul 15 10:19:01 pfdbm systemd: Started Session 872810 of user root.
Jul 15 10:19:01 pfdbm systemd: Removed slice User Slice of mysql.
Jul 15 10:20:01 pfdbm systemd: Started Session 872812 of user root.
Jul 15 10:20:01 pfdbm systemd: Started Session 872811 of user root.
Jul 15 10:20:01 pfdbm systemd: Created slice User Slice of mysql.
Jul 15 10:20:01 pfdbm systemd: Started Session 872813 of user mysql.
Jul 15 10:20:01 pfdbm systemd: Removed slice User Slice of mysql.
Jul 15 10:21:01 pfdbm systemd: Started Session 872815 of user root.
Jul 15 10:21:01 pfdbm systemd: Created slice User Slice of mysql.
Jul 15 10:21:01 pfdbm systemd: Started Session 872814 of user mysql.
Jul 15 10:21:01 pfdbm systemd: Removed slice User Slice of mysql.
Jul 15 10:22:01 pfdbm systemd: Started Session 872816 of user root.
Jul 15 10:22:01 pfdbm systemd: Created slice User Slice of mysql.
Jul 15 10:22:01 pfdbm systemd: Started Session 872817 of user mysql.
Jul 15 10:22:01 pfdbm systemd: Removed slice User Slice of mysql.
Jul 15 10:23:01 pfdbm systemd: Created slice User Slice of mysql.
Jul 15 10:23:01 pfdbm systemd: Started Session 872818 of user mysql.
Jul 15 10:23:01 pfdbm systemd: Started Session 872819 of user root.
Jul 15 10:23:01 pfdbm systemd: Removed slice User Slice of mysql.
Jul 15 10:24:01 pfdbm systemd: Created slice User Slice of mysql.
Jul 15 10:24:01 pfdbm systemd: Started Session 872820 of user mysql.
Jul 15 10:24:01 pfdbm systemd: Started Session 872821 of user root.
Jul 15 10:24:01 pfdbm systemd: Removed slice User Slice of mysql.
Jul 15 10:25:01 pfdbm systemd: Created slice User Slice of mysql.
Jul 15 10:25:01 pfdbm systemd: Started Session 872822 of user mysql.
Jul 15 10:25:01 pfdbm systemd: Started Session 872823 of user root.
Jul 15 10:25:01 pfdbm systemd: Removed slice User Slice of mysql.
Jul 15 10:26:01 pfdbm systemd: Started Session 872824 of user root.
Jul 15 10:26:01 pfdbm systemd: Created slice User Slice of mysql.
Jul 15 10:26:01 pfdbm systemd: Started Session 872825 of user mysql.
Jul 15 10:26:01 pfdbm systemd: Removed slice User Slice of mysql.
Jul 15 10:27:01 pfdbm systemd: Started Session 872827 of user root.
Jul 15 10:27:01 pfdbm systemd: Created slice User Slice of mysql.
Jul 15 10:27:01 pfdbm systemd: Started Session 872826 of user mysql.
Jul 15 10:27:01 pfdbm systemd: Removed slice User Slice of mysql.
Jul 15 10:28:01 pfdbm systemd: Created slice User Slice of mysql.
Jul 15 10:28:01 pfdbm systemd: Started Session 872828 of user mysql.
Jul 15 10:28:01 pfdbm systemd: Started Session 872829 of user root.
Jul 15 10:28:01 pfdbm systemd: Removed slice User Slice of mysql.
Jul 15 10:29:01 pfdbm systemd: Started Session 872830 of user root.
Jul 15 10:29:01 pfdbm systemd: Created slice User Slice of mysql.
Jul 15 10:29:01 pfdbm systemd: Started Session 872831 of user mysql.
Jul 15 10:29:02 pfdbm systemd: Removed slice User Slice of mysql.
Jul 15 10:30:01 pfdbm systemd: Started Session 872832 of user root.
Jul 15 10:30:01 pfdbm systemd: Started Session 872833 of user root.
Jul 15 10:30:01 pfdbm systemd: Created slice User Slice of mysql.
Jul 15 10:30:01 pfdbm systemd: Started Session 872834 of user mysql.
Jul 15 10:30:01 pfdbm systemd: Removed slice User Slice of mysql.
Jul 15 10:31:01 pfdbm systemd: Created slice User Slice of mysql.
Jul 15 10:31:01 pfdbm systemd: Started Session 872835 of user mysql.
Jul 15 10:31:01 pfdbm systemd: Started Session 872836 of user root.
Jul 15 10:31:01 pfdbm systemd: Removed slice User Slice of mysql.
Jul 15 10:32:01 pfdbm systemd: Started Session 872837 of user root.
Jul 15 10:32:01 pfdbm systemd: Created slice User Slice of mysql.
Jul 15 10:32:01 pfdbm systemd: Started Session 872838 of user mysql.
Jul 15 10:32:01 pfdbm systemd: Removed slice User Slice of mysql.
Jul 15 10:33:01 pfdbm systemd: Started Session 872839 of user root.
Jul 15 10:33:01 pfdbm systemd: Created slice User Slice of mysql.
Jul 15 10:33:01 pfdbm systemd: Started Session 872840 of user mysql.
Jul 15 10:33:01 pfdbm systemd: Removed slice User Slice of mysql.
Jul 15 10:34:01 pfdbm systemd: Created slice User Slice of mysql.
Jul 15 10:34:01 pfdbm systemd: Started Session 872842 of user mysql.
Jul 15 10:34:01 pfdbm systemd: Started Session 872841 of user root.
Jul 15 10:34:01 pfdbm systemd: Removed slice User Slice of mysql.
Jul 15 10:35:01 pfdbm systemd: Created slice User Slice of mysql.
Jul 15 10:35:01 pfdbm systemd: Started Session 872843 of user mysql.
Jul 15 10:35:01 pfdbm systemd: Started Session 872844 of user root.
Jul 15 10:35:01 pfdbm systemd: Removed slice User Slice of mysql.
Jul 15 10:36:01 pfdbm systemd: Created slice User Slice of mysql.
Jul 15 10:36:01 pfdbm systemd: Started Session 872845 of user mysql.
Jul 15 10:36:01 pfdbm systemd: Started Session 872846 of user root.
Jul 15 10:36:01 pfdbm systemd: Removed slice User Slice of mysql.
Jul 15 10:37:01 pfdbm systemd: Started Session 872848 of user root.
Jul 15 10:37:01 pfdbm systemd: Created slice User Slice of mysql.
Jul 15 10:37:01 pfdbm systemd: Started Session 872847 of user mysql.
Jul 15 10:37:01 pfdbm systemd: Removed slice User Slice of mysql.
Jul 15 10:38:01 pfdbm systemd: Started Session 872849 of user root.
Jul 15 10:38:01 pfdbm systemd: Created slice User Slice of mysql.
Jul 15 10:38:01 pfdbm systemd: Started Session 872850 of user mysql.
Jul 15 10:38:01 pfdbm systemd: Removed slice User Slice of mysql.
Jul 15 10:39:01 pfdbm systemd: Created slice User Slice of mysql.
Jul 15 10:39:01 pfdbm systemd: Started Session 872851 of user mysql.
Jul 15 10:39:01 pfdbm systemd: Started Session 872852 of user root.
Jul 15 10:39:01 pfdbm systemd: Removed slice User Slice of mysql.
Jul 15 10:40:01 pfdbm systemd: Started Session 872853 of user root.
Jul 15 10:40:01 pfdbm systemd: Created slice User Slice of mysql.
Jul 15 10:40:01 pfdbm systemd: Started Session 872854 of user mysql.
Jul 15 10:40:01 pfdbm systemd: Started Session 872855 of user root.
Jul 15 10:40:01 pfdbm systemd: Removed slice User Slice of mysql.
Jul 15 10:41:01 pfdbm systemd: Created slice User Slice of mysql.
Jul 15 10:41:01 pfdbm systemd: Started Session 872857 of user mysql.
Jul 15 10:41:01 pfdbm systemd: Started Session 872856 of user root.
Jul 15 10:41:01 pfdbm systemd: Removed slice User Slice of mysql.
Jul 15 10:42:01 pfdbm systemd: Started Session 872858 of user root.
Jul 15 10:42:01 pfdbm systemd: Created slice User Slice of mysql.
Jul 15 10:42:01 pfdbm systemd: Started Session 872859 of user mysql.
Jul 15 10:42:01 pfdbm systemd: Removed slice User Slice of mysql.
Jul 15 10:43:01 pfdbm systemd: Started Session 872860 of user root.
Jul 15 10:43:01 pfdbm systemd: Created slice User Slice of mysql.
Jul 15 10:43:01 pfdbm systemd: Started Session 872861 of user mysql.
Jul 15 10:43:01 pfdbm systemd: Removed slice User Slice of mysql.
Jul 15 10:44:01 pfdbm systemd: Created slice User Slice of mysql.
Jul 15 10:44:01 pfdbm systemd: Started Session 872863 of user mysql.
Jul 15 10:44:01 pfdbm systemd: Started Session 872862 of user root.
Jul 15 10:44:02 pfdbm systemd: Removed slice User Slice of mysql.
Jul 15 10:45:01 pfdbm systemd: Started Session 872864 of user root.
Jul 15 10:45:01 pfdbm systemd: Created slice User Slice of mysql.
Jul 15 10:45:01 pfdbm systemd: Started Session 872865 of user mysql.
Jul 15 10:45:01 pfdbm systemd: Removed slice User Slice of mysql.
Jul 15 10:46:01 pfdbm systemd: Created slice User Slice of mysql.
Jul 15 10:46:01 pfdbm systemd: Started Session 872866 of user mysql.
Jul 15 10:46:01 pfdbm systemd: Started Session 872867 of user root.
Jul 15 10:46:01 pfdbm systemd: Removed slice User Slice of mysql.
Jul 15 10:47:01 pfdbm systemd: Created slice User Slice of mysql.
Jul 15 10:47:01 pfdbm systemd: Started Session 872868 of user mysql.
Jul 15 10:47:01 pfdbm systemd: Started Session 872869 of user root.
Jul 15 10:47:01 pfdbm systemd: Removed slice User Slice of mysql.
Jul 15 10:48:01 pfdbm systemd: Started Session 872870 of user root.
Jul 15 10:48:01 pfdbm systemd: Created slice User Slice of mysql.
Jul 15 10:48:01 pfdbm systemd: Started Session 872871 of user mysql.
Jul 15 10:48:01 pfdbm systemd: Removed slice User Slice of mysql.
Jul 15 10:49:01 pfdbm systemd: Started Session 872872 of user root.
Jul 15 10:49:01 pfdbm systemd: Created slice User Slice of mysql.
Jul 15 10:49:01 pfdbm systemd: Started Session 872873 of user mysql.
Jul 15 10:49:01 pfdbm systemd: Removed slice User Slice of mysql.
Jul 15 10:50:01 pfdbm systemd: Created slice User Slice of mysql.
Jul 15 10:50:01 pfdbm systemd: Started Session 872875 of user mysql.
Jul 15 10:50:01 pfdbm systemd: Started Session 872874 of user root.
Jul 15 10:50:01 pfdbm systemd: Started Session 872876 of user root.
Jul 15 10:50:01 pfdbm systemd: Removed slice User Slice of mysql.
Jul 15 10:51:01 pfdbm systemd: Started Session 872877 of user root.
Jul 15 10:51:01 pfdbm systemd: Created slice User Slice of mysql.
Jul 15 10:51:01 pfdbm systemd: Started Session 872878 of user mysql.
Jul 15 10:51:01 pfdbm systemd: Removed slice User Slice of mysql.
Jul 15 10:52:01 pfdbm systemd: Created slice User Slice of mysql.
Jul 15 10:52:01 pfdbm systemd: Started Session 872879 of user mysql.
Jul 15 10:52:01 pfdbm systemd: Started Session 872880 of user root.
Jul 15 10:52:01 pfdbm systemd: Removed slice User Slice of mysql.
Jul 15 10:53:01 pfdbm systemd: Started Session 872881 of user root.
Jul 15 10:53:01 pfdbm systemd: Created slice User Slice of mysql.
Jul 15 10:53:01 pfdbm systemd: Started Session 872882 of user mysql.
Jul 15 10:53:01 pfdbm systemd: Removed slice User Slice of mysql.
Jul 15 10:54:01 pfdbm systemd: Created slice User Slice of mysql.
Jul 15 10:54:01 pfdbm systemd: Started Session 872884 of user mysql.
Jul 15 10:54:01 pfdbm systemd: Started Session 872883 of user root.
Jul 15 10:54:01 pfdbm systemd: Removed slice User Slice of mysql.
Jul 15 10:55:01 pfdbm systemd: Created slice User Slice of mysql.
Jul 15 10:55:01 pfdbm systemd: Started Session 872885 of user mysql.
Jul 15 10:55:01 pfdbm systemd: Started Session 872886 of user root.
Jul 15 10:55:01 pfdbm systemd: Removed slice User Slice of mysql.
Jul 15 10:56:01 pfdbm systemd: Started Session 872887 of user root.
Jul 15 10:56:01 pfdbm systemd: Created slice User Slice of mysql.
Jul 15 10:56:01 pfdbm systemd: Started Session 872888 of user mysql.
Jul 15 10:56:01 pfdbm systemd: Removed slice User Slice of mysql.
Jul 15 10:57:01 pfdbm systemd: Created slice User Slice of mysql.
Jul 15 10:57:01 pfdbm systemd: Started Session 872889 of user mysql.
Jul 15 10:57:01 pfdbm systemd: Started Session 872890 of user root.
Jul 15 10:57:01 pfdbm systemd: Removed slice User Slice of mysql.
Jul 15 10:58:01 pfdbm systemd: Started Session 872891 of user root.
Jul 15 10:58:01 pfdbm systemd: Created slice User Slice of mysql.
Jul 15 10:58:01 pfdbm systemd: Started Session 872892 of user mysql.
Jul 15 10:58:01 pfdbm systemd: Removed slice User Slice of mysql.
Jul 15 10:59:01 pfdbm systemd: Started Session 872893 of user root.
Jul 15 10:59:01 pfdbm systemd: Created slice User Slice of mysql.
Jul 15 10:59:01 pfdbm systemd: Started Session 872894 of user mysql.
Jul 15 10:59:02 pfdbm systemd: Removed slice User Slice of mysql.
Jul 15 11:00:01 pfdbm systemd: Started Session 872895 of user root.
Jul 15 11:00:01 pfdbm systemd: Started Session 872896 of user root.
Jul 15 11:00:01 pfdbm systemd: Created slice User Slice of mysql.
Jul 15 11:00:01 pfdbm systemd: Started Session 872897 of user mysql.
Jul 15 11:00:01 pfdbm systemd: Removed slice User Slice of mysql.
Jul 15 11:01:01 pfdbm systemd: Started Session 872898 of user root.
Jul 15 11:01:01 pfdbm systemd: Started Session 872900 of user root.
Jul 15 11:01:01 pfdbm systemd: Created slice User Slice of mysql.
Jul 15 11:01:01 pfdbm systemd: Started Session 872899 of user mysql.
Jul 15 11:01:01 pfdbm systemd: Removed slice User Slice of mysql.
Jul 15 11:02:01 pfdbm systemd: Started Session 872901 of user root.
Jul 15 11:02:01 pfdbm systemd: Created slice User Slice of mysql.
Jul 15 11:02:01 pfdbm systemd: Started Session 872902 of user mysql.
Jul 15 11:02:01 pfdbm systemd: Removed slice User Slice of mysql.
Jul 15 11:03:01 pfdbm systemd: Started Session 872903 of user root.
Jul 15 11:03:01 pfdbm systemd: Created slice User Slice of mysql.
Jul 15 11:03:01 pfdbm systemd: Started Session 872904 of user mysql.
Jul 15 11:03:01 pfdbm systemd: Removed slice User Slice of mysql.
Jul 15 11:04:01 pfdbm systemd: Started Session 872905 of user root.
Jul 15 11:04:01 pfdbm systemd: Created slice User Slice of mysql.
Jul 15 11:04:01 pfdbm systemd: Started Session 872906 of user mysql.
Jul 15 11:04:01 pfdbm systemd: Removed slice User Slice of mysql.
Jul 15 11:05:01 pfdbm systemd: Started Session 872907 of user root.
Jul 15 11:05:01 pfdbm systemd: Created slice User Slice of mysql.
Jul 15 11:05:01 pfdbm systemd: Started Session 872908 of user mysql.
Jul 15 11:05:01 pfdbm systemd: Removed slice User Slice of mysql.
Jul 15 11:06:01 pfdbm systemd: Created slice User Slice of mysql.
Jul 15 11:06:01 pfdbm systemd: Started Session 872909 of user mysql.
Jul 15 11:06:01 pfdbm systemd: Started Session 872910 of user root.
Jul 15 11:06:01 pfdbm systemd: Removed slice User Slice of mysql.
Jul 15 11:07:01 pfdbm systemd: Started Session 872911 of user root.
Jul 15 11:07:01 pfdbm systemd: Created slice User Slice of mysql.
Jul 15 11:07:01 pfdbm systemd: Started Session 872912 of user mysql.
Jul 15 11:07:01 pfdbm systemd: Removed slice User Slice of mysql.
Jul 15 11:08:01 pfdbm systemd: Started Session 872913 of user root.
Jul 15 11:08:01 pfdbm systemd: Created slice User Slice of mysql.
Jul 15 11:08:01 pfdbm systemd: Started Session 872914 of user mysql.
Jul 15 11:08:01 pfdbm systemd: Removed slice User Slice of mysql.
Jul 15 11:09:01 pfdbm systemd: Started Session 872915 of user root.
Jul 15 11:09:01 pfdbm systemd: Created slice User Slice of mysql.
Jul 15 11:09:01 pfdbm systemd: Started Session 872916 of user mysql.
Jul 15 11:09:01 pfdbm systemd: Removed slice User Slice of mysql.
Jul 15 11:10:01 pfdbm systemd: Started Session 872918 of user root.
Jul 15 11:10:01 pfdbm systemd: Created slice User Slice of mysql.
Jul 15 11:10:01 pfdbm systemd: Started Session 872919 of user mysql.
Jul 15 11:10:01 pfdbm systemd: Started Session 872917 of user root.
Jul 15 11:10:01 pfdbm systemd: Removed slice User Slice of mysql.
Jul 15 11:11:01 pfdbm systemd: Started Session 872920 of user root.
Jul 15 11:11:01 pfdbm systemd: Created slice User Slice of mysql.
Jul 15 11:11:01 pfdbm systemd: Started Session 872921 of user mysql.
Jul 15 11:11:01 pfdbm systemd: Removed slice User Slice of mysql.
Jul 15 11:12:01 pfdbm systemd: Created slice User Slice of mysql.
Jul 15 11:12:01 pfdbm systemd: Started Session 872922 of user mysql.
Jul 15 11:12:01 pfdbm systemd: Started Session 872923 of user root.
Jul 15 11:12:01 pfdbm systemd: Removed slice User Slice of mysql.
Jul 15 11:13:01 pfdbm systemd: Started Session 872924 of user root.
Jul 15 11:13:01 pfdbm systemd: Created slice User Slice of mysql.
Jul 15 11:13:01 pfdbm systemd: Started Session 872925 of user mysql.
Jul 15 11:13:01 pfdbm systemd: Removed slice User Slice of mysql.
Jul 15 11:14:01 pfdbm systemd: Started Session 872926 of user root.
Jul 15 11:14:01 pfdbm systemd: Created slice User Slice of mysql.
Jul 15 11:14:01 pfdbm systemd: Started Session 872927 of user mysql.
Jul 15 11:14:02 pfdbm systemd: Removed slice User Slice of mysql.
Jul 15 11:15:01 pfdbm systemd: Started Session 872928 of user root.
Jul 15 11:15:01 pfdbm systemd: Created slice User Slice of mysql.
Jul 15 11:15:01 pfdbm systemd: Started Session 872929 of user mysql.
Jul 15 11:15:01 pfdbm systemd: Removed slice User Slice of mysql.
Jul 15 11:16:01 pfdbm systemd: Created slice User Slice of mysql.
Jul 15 11:16:01 pfdbm systemd: Started Session 872930 of user mysql.
Jul 15 11:16:01 pfdbm systemd: Started Session 872931 of user root.
Jul 15 11:16:01 pfdbm systemd: Removed slice User Slice of mysql.
Jul 15 11:17:01 pfdbm systemd: Started Session 872932 of user root.
Jul 15 11:17:01 pfdbm systemd: Created slice User Slice of mysql.
Jul 15 11:17:01 pfdbm systemd: Started Session 872933 of user mysql.
Jul 15 11:17:01 pfdbm systemd: Removed slice User Slice of mysql.
Jul 15 11:18:01 pfdbm systemd: Created slice User Slice of mysql.
Jul 15 11:18:01 pfdbm systemd: Started Session 872935 of user mysql.
Jul 15 11:18:01 pfdbm systemd: Started Session 872934 of user root.
Jul 15 11:18:01 pfdbm systemd: Removed slice User Slice of mysql.
Jul 15 11:19:01 pfdbm systemd: Created slice User Slice of mysql.
Jul 15 11:19:01 pfdbm systemd: Started Session 872937 of user mysql.
Jul 15 11:19:01 pfdbm systemd: Started Session 872936 of user root.
Jul 15 11:19:01 pfdbm systemd: Removed slice User Slice of mysql.
Jul 15 11:20:01 pfdbm systemd: Started Session 872939 of user root.
Jul 15 11:20:01 pfdbm systemd: Started Session 872938 of user root.
Jul 15 11:20:01 pfdbm systemd: Created slice User Slice of mysql.
Jul 15 11:20:01 pfdbm systemd: Started Session 872940 of user mysql.
Jul 15 11:20:01 pfdbm systemd: Removed slice User Slice of mysql.
Jul 15 11:21:01 pfdbm systemd: Started Session 872941 of user root.
Jul 15 11:21:01 pfdbm systemd: Created slice User Slice of mysql.
Jul 15 11:21:01 pfdbm systemd: Started Session 872942 of user mysql.
Jul 15 11:21:01 pfdbm systemd: Removed slice User Slice of mysql.
Jul 15 11:22:01 pfdbm systemd: Started Session 872943 of user root.
Jul 15 11:22:01 pfdbm systemd: Created slice User Slice of mysql.
Jul 15 11:22:01 pfdbm systemd: Started Session 872944 of user mysql.
Jul 15 11:22:01 pfdbm systemd: Removed slice User Slice of mysql.
Jul 15 11:23:01 pfdbm systemd: Started Session 872945 of user root.
Jul 15 11:23:01 pfdbm systemd: Created slice User Slice of mysql.
Jul 15 11:23:01 pfdbm systemd: Started Session 872946 of user mysql.
Jul 15 11:23:01 pfdbm systemd: Removed slice User Slice of mysql.
Jul 15 11:24:01 pfdbm systemd: Started Session 872947 of user root.
Jul 15 11:24:01 pfdbm systemd: Created slice User Slice of mysql.
Jul 15 11:24:01 pfdbm systemd: Started Session 872948 of user mysql.
Jul 15 11:24:01 pfdbm systemd: Removed slice User Slice of mysql.
Jul 15 11:25:01 pfdbm systemd: Started Session 872949 of user root.
Jul 15 11:25:01 pfdbm systemd: Created slice User Slice of mysql.
Jul 15 11:25:01 pfdbm systemd: Started Session 872950 of user mysql.
Jul 15 11:25:01 pfdbm systemd: Removed slice User Slice of mysql.
Jul 15 11:26:01 pfdbm systemd: Created slice User Slice of mysql.
Jul 15 11:26:01 pfdbm systemd: Started Session 872952 of user mysql.
Jul 15 11:26:01 pfdbm systemd: Started Session 872951 of user root.
Jul 15 11:26:01 pfdbm systemd: Removed slice User Slice of mysql.
Jul 15 11:27:01 pfdbm systemd: Created slice User Slice of mysql.
Jul 15 11:27:01 pfdbm systemd: Started Session 872953 of user mysql.
Jul 15 11:27:01 pfdbm systemd: Started Session 872954 of user root.
Jul 15 11:27:01 pfdbm systemd: Removed slice User Slice of mysql.
Jul 15 11:28:01 pfdbm systemd: Started Session 872955 of user root.
Jul 15 11:28:01 pfdbm systemd: Created slice User Slice of mysql.
Jul 15 11:28:01 pfdbm systemd: Started Session 872956 of user mysql.
Jul 15 11:28:01 pfdbm systemd: Removed slice User Slice of mysql.
Jul 15 11:29:01 pfdbm systemd: Created slice User Slice of mysql.
Jul 15 11:29:01 pfdbm systemd: Started Session 872957 of user mysql.
Jul 15 11:29:01 pfdbm systemd: Started Session 872958 of user root.
Jul 15 11:29:02 pfdbm systemd: Removed slice User Slice of mysql.
Jul 15 11:30:01 pfdbm systemd: Started Session 872960 of user root.
Jul 15 11:30:01 pfdbm systemd: Started Session 872959 of user root.
Jul 15 11:30:01 pfdbm systemd: Created slice User Slice of mysql.
Jul 15 11:30:01 pfdbm systemd: Started Session 872961 of user mysql.
Jul 15 11:30:01 pfdbm systemd: Removed slice User Slice of mysql.
Jul 15 11:31:01 pfdbm systemd: Started Session 872962 of user root.
Jul 15 11:31:01 pfdbm systemd: Created slice User Slice of mysql.
Jul 15 11:31:01 pfdbm systemd: Started Session 872963 of user mysql.
Jul 15 11:31:01 pfdbm systemd: Removed slice User Slice of mysql.
Jul 15 11:32:01 pfdbm systemd: Started Session 872964 of user root.
Jul 15 11:32:01 pfdbm systemd: Created slice User Slice of mysql.
Jul 15 11:32:01 pfdbm systemd: Started Session 872965 of user mysql.
Jul 15 11:32:01 pfdbm systemd: Removed slice User Slice of mysql.
Jul 15 11:33:01 pfdbm systemd: Created slice User Slice of mysql.
Jul 15 11:33:01 pfdbm systemd: Started Session 872966 of user mysql.
Jul 15 11:33:01 pfdbm systemd: Started Session 872967 of user root.
Jul 15 11:33:01 pfdbm systemd: Removed slice User Slice of mysql.
Jul 15 11:34:01 pfdbm systemd: Started Session 872968 of user root.
Jul 15 11:34:01 pfdbm systemd: Created slice User Slice of mysql.
Jul 15 11:34:01 pfdbm systemd: Started Session 872969 of user mysql.
Jul 15 11:34:01 pfdbm systemd: Removed slice User Slice of mysql.
Jul 15 11:35:01 pfdbm systemd: Created slice User Slice of mysql.
Jul 15 11:35:01 pfdbm systemd: Started Session 872971 of user mysql.
Jul 15 11:35:01 pfdbm systemd: Started Session 872970 of user root.
Jul 15 11:35:01 pfdbm systemd: Removed slice User Slice of mysql.
Jul 15 11:36:01 pfdbm systemd: Started Session 872972 of user root.
Jul 15 11:36:01 pfdbm systemd: Created slice User Slice of mysql.
Jul 15 11:36:01 pfdbm systemd: Started Session 872973 of user mysql.
Jul 15 11:36:01 pfdbm systemd: Removed slice User Slice of mysql.
Jul 15 11:37:02 pfdbm systemd: Created slice User Slice of mysql.
Jul 15 11:37:02 pfdbm systemd: Started Session 872974 of user mysql.
Jul 15 11:37:02 pfdbm systemd: Started Session 872975 of user root.
Jul 15 11:37:02 pfdbm systemd: Removed slice User Slice of mysql.
Jul 15 11:38:01 pfdbm systemd: Started Session 872977 of user root.
Jul 15 11:38:01 pfdbm systemd: Created slice User Slice of mysql.
Jul 15 11:38:01 pfdbm systemd: Started Session 872976 of user mysql.
Jul 15 11:38:01 pfdbm systemd: Removed slice User Slice of mysql.
Jul 15 11:39:01 pfdbm systemd: Started Session 872978 of user root.
Jul 15 11:39:01 pfdbm systemd: Created slice User Slice of mysql.
Jul 15 11:39:01 pfdbm systemd: Started Session 872979 of user mysql.
Jul 15 11:39:01 pfdbm systemd: Removed slice User Slice of mysql.
Jul 15 11:40:01 pfdbm systemd: Created slice User Slice of mysql.
Jul 15 11:40:01 pfdbm systemd: Started Session 872980 of user mysql.
Jul 15 11:40:01 pfdbm systemd: Started Session 872981 of user root.
Jul 15 11:40:01 pfdbm systemd: Started Session 872982 of user root.
Jul 15 11:40:01 pfdbm systemd: Removed slice User Slice of mysql.
Jul 15 11:41:01 pfdbm systemd: Started Session 872984 of user root.
Jul 15 11:41:01 pfdbm systemd: Created slice User Slice of mysql.
Jul 15 11:41:01 pfdbm systemd: Started Session 872983 of user mysql.
Jul 15 11:41:01 pfdbm systemd: Removed slice User Slice of mysql.
Jul 15 11:42:01 pfdbm systemd: Started Session 872986 of user root.
Jul 15 11:42:01 pfdbm systemd: Created slice User Slice of mysql.
Jul 15 11:42:01 pfdbm systemd: Started Session 872985 of user mysql.
Jul 15 11:42:01 pfdbm systemd: Removed slice User Slice of mysql.
Jul 15 11:43:01 pfdbm systemd: Started Session 872987 of user root.
Jul 15 11:43:01 pfdbm systemd: Created slice User Slice of mysql.
Jul 15 11:43:01 pfdbm systemd: Started Session 872988 of user mysql.
Jul 15 11:43:01 pfdbm systemd: Removed slice User Slice of mysql.
Jul 15 11:44:01 pfdbm systemd: Started Session 872989 of user root.
Jul 15 11:44:01 pfdbm systemd: Created slice User Slice of mysql.
Jul 15 11:44:01 pfdbm systemd: Started Session 872990 of user mysql.
Jul 15 11:44:02 pfdbm systemd: Removed slice User Slice of mysql.
Jul 15 11:45:01 pfdbm systemd: Created slice User Slice of mysql.
Jul 15 11:45:01 pfdbm systemd: Started Session 872991 of user mysql.
Jul 15 11:45:01 pfdbm systemd: Started Session 872992 of user root.
Jul 15 11:45:01 pfdbm systemd: Removed slice User Slice of mysql.
Jul 15 11:46:01 pfdbm systemd: Created slice User Slice of mysql.
Jul 15 11:46:01 pfdbm systemd: Started Session 872993 of user mysql.
Jul 15 11:46:01 pfdbm systemd: Started Session 872994 of user root.
Jul 15 11:46:01 pfdbm systemd: Removed slice User Slice of mysql.
Jul 15 11:47:01 pfdbm systemd: Started Session 872995 of user root.
Jul 15 11:47:01 pfdbm systemd: Created slice User Slice of mysql.
Jul 15 11:47:01 pfdbm systemd: Started Session 872996 of user mysql.
Jul 15 11:47:01 pfdbm systemd: Removed slice User Slice of mysql.
Jul 15 11:48:01 pfdbm systemd: Started Session 872997 of user root.
Jul 15 11:48:01 pfdbm systemd: Created slice User Slice of mysql.
Jul 15 11:48:01 pfdbm systemd: Started Session 872998 of user mysql.
Jul 15 11:48:01 pfdbm systemd: Removed slice User Slice of mysql.
Jul 15 11:49:01 pfdbm systemd: Started Session 872999 of user root.
Jul 15 11:49:01 pfdbm systemd: Created slice User Slice of mysql.
Jul 15 11:49:01 pfdbm systemd: Started Session 873000 of user mysql.
Jul 15 11:49:01 pfdbm systemd: Removed slice User Slice of mysql.
Jul 15 11:50:01 pfdbm systemd: Started Session 873001 of user root.
Jul 15 11:50:01 pfdbm systemd: Started Session 873002 of user root.
Jul 15 11:50:01 pfdbm systemd: Created slice User Slice of mysql.
Jul 15 11:50:01 pfdbm systemd: Started Session 873003 of user mysql.
Jul 15 11:50:01 pfdbm systemd: Removed slice User Slice of mysql.
Jul 15 11:51:01 pfdbm systemd: Created slice User Slice of mysql.
Jul 15 11:51:01 pfdbm systemd: Started Session 873004 of user mysql.
Jul 15 11:51:01 pfdbm systemd: Started Session 873005 of user root.
Jul 15 11:51:01 pfdbm systemd: Removed slice User Slice of mysql.
Jul 15 11:52:01 pfdbm systemd: Created slice User Slice of mysql.
Jul 15 11:52:01 pfdbm systemd: Started Session 873007 of user mysql.
Jul 15 11:52:01 pfdbm systemd: Started Session 873006 of user root.
Jul 15 11:52:01 pfdbm systemd: Removed slice User Slice of mysql.
Jul 15 11:53:01 pfdbm systemd: Started Session 873008 of user root.
Jul 15 11:53:01 pfdbm systemd: Created slice User Slice of mysql.
Jul 15 11:53:01 pfdbm systemd: Started Session 873009 of user mysql.
Jul 15 11:53:01 pfdbm systemd: Removed slice User Slice of mysql.
Jul 15 11:54:01 pfdbm systemd: Created slice User Slice of mysql.
Jul 15 11:54:01 pfdbm systemd: Started Session 873011 of user mysql.
Jul 15 11:54:01 pfdbm systemd: Started Session 873010 of user root.
Jul 15 11:54:01 pfdbm systemd: Removed slice User Slice of mysql.
Jul 15 11:55:01 pfdbm systemd: Started Session 873012 of user root.
Jul 15 11:55:01 pfdbm systemd: Created slice User Slice of mysql.
Jul 15 11:55:01 pfdbm systemd: Started Session 873013 of user mysql.
Jul 15 11:55:01 pfdbm systemd: Removed slice User Slice of mysql.
Jul 15 11:56:01 pfdbm systemd: Started Session 873014 of user root.
Jul 15 11:56:01 pfdbm systemd: Created slice User Slice of mysql.
Jul 15 11:56:01 pfdbm systemd: Started Session 873015 of user mysql.
Jul 15 11:56:01 pfdbm systemd: Removed slice User Slice of mysql.
Jul 15 11:57:01 pfdbm systemd: Created slice User Slice of mysql.
Jul 15 11:57:01 pfdbm systemd: Started Session 873016 of user mysql.
Jul 15 11:57:01 pfdbm systemd: Started Session 873017 of user root.
Jul 15 11:57:01 pfdbm systemd: Removed slice User Slice of mysql.
Jul 15 11:58:01 pfdbm systemd: Created slice User Slice of mysql.
Jul 15 11:58:01 pfdbm systemd: Started Session 873018 of user mysql.
Jul 15 11:58:01 pfdbm systemd: Started Session 873019 of user root.
Jul 15 11:58:01 pfdbm systemd: Removed slice User Slice of mysql.
Jul 15 11:59:01 pfdbm systemd: Started Session 873020 of user root.
Jul 15 11:59:01 pfdbm systemd: Created slice User Slice of mysql.
Jul 15 11:59:01 pfdbm systemd: Started Session 873021 of user mysql.
Jul 15 11:59:02 pfdbm systemd: Removed slice User Slice of mysql.
Jul 15 12:00:01 pfdbm systemd: Started Session 873022 of user root.
Jul 15 12:00:01 pfdbm systemd: Started Session 873023 of user root.
Jul 15 12:00:01 pfdbm systemd: Created slice User Slice of mysql.
Jul 15 12:00:01 pfdbm systemd: Started Session 873024 of user mysql.
Jul 15 12:00:01 pfdbm systemd: Removed slice User Slice of mysql.
Jul 15 12:01:01 pfdbm systemd: Started Session 873025 of user root.
Jul 15 12:01:01 pfdbm systemd: Created slice User Slice of mysql.
Jul 15 12:01:01 pfdbm systemd: Started Session 873026 of user mysql.
Jul 15 12:01:01 pfdbm systemd: Started Session 873027 of user root.
Jul 15 12:01:01 pfdbm systemd: Removed slice User Slice of mysql.
Jul 15 12:02:01 pfdbm systemd: Created slice User Slice of mysql.
Jul 15 12:02:01 pfdbm systemd: Started Session 873029 of user mysql.
Jul 15 12:02:01 pfdbm systemd: Started Session 873028 of user root.
Jul 15 12:02:01 pfdbm systemd: Removed slice User Slice of mysql.
Jul 15 12:03:01 pfdbm systemd: Started Session 873030 of user root.
Jul 15 12:03:01 pfdbm systemd: Created slice User Slice of mysql.
Jul 15 12:03:01 pfdbm systemd: Started Session 873031 of user mysql.
Jul 15 12:03:01 pfdbm systemd: Removed slice User Slice of mysql.
Jul 15 12:04:01 pfdbm systemd: Started Session 873032 of user root.
Jul 15 12:04:01 pfdbm systemd: Created slice User Slice of mysql.
Jul 15 12:04:01 pfdbm systemd: Started Session 873033 of user mysql.
Jul 15 12:04:01 pfdbm systemd: Removed slice User Slice of mysql.
Jul 15 12:05:01 pfdbm systemd: Started Session 873034 of user root.
Jul 15 12:05:01 pfdbm systemd: Created slice User Slice of mysql.
Jul 15 12:05:01 pfdbm systemd: Started Session 873035 of user mysql.
Jul 15 12:05:01 pfdbm systemd: Removed slice User Slice of mysql.
Jul 15 12:06:01 pfdbm systemd: Started Session 873036 of user root.
Jul 15 12:06:01 pfdbm systemd: Created slice User Slice of mysql.
Jul 15 12:06:01 pfdbm systemd: Started Session 873037 of user mysql.
Jul 15 12:06:02 pfdbm systemd: Removed slice User Slice of mysql.
Jul 15 12:07:01 pfdbm systemd: Started Session 873038 of user root.
Jul 15 12:07:01 pfdbm systemd: Created slice User Slice of mysql.
Jul 15 12:07:01 pfdbm systemd: Started Session 873039 of user mysql.
Jul 15 12:07:01 pfdbm systemd: Removed slice User Slice of mysql.
Jul 15 12:08:01 pfdbm systemd: Started Session 873040 of user root.
Jul 15 12:08:01 pfdbm systemd: Created slice User Slice of mysql.
Jul 15 12:08:01 pfdbm systemd: Started Session 873041 of user mysql.
Jul 15 12:08:01 pfdbm systemd: Removed slice User Slice of mysql.
Jul 15 12:09:01 pfdbm systemd: Created slice User Slice of mysql.
Jul 15 12:09:01 pfdbm systemd: Started Session 873042 of user mysql.
Jul 15 12:09:01 pfdbm systemd: Started Session 873043 of user root.
Jul 15 12:09:01 pfdbm systemd: Removed slice User Slice of mysql.
Jul 15 12:10:01 pfdbm systemd: Created slice User Slice of mysql.
Jul 15 12:10:01 pfdbm systemd: Started Session 873046 of user mysql.
Jul 15 12:10:01 pfdbm systemd: Started Session 873044 of user root.
Jul 15 12:10:01 pfdbm systemd: Started Session 873045 of user root.
Jul 15 12:10:01 pfdbm systemd: Removed slice User Slice of mysql.
Jul 15 12:11:01 pfdbm systemd: Started Session 873047 of user root.
Jul 15 12:11:01 pfdbm systemd: Created slice User Slice of mysql.
Jul 15 12:11:01 pfdbm systemd: Started Session 873048 of user mysql.
Jul 15 12:11:01 pfdbm systemd: Removed slice User Slice of mysql.
Jul 15 12:12:01 pfdbm systemd: Started Session 873049 of user root.
Jul 15 12:12:01 pfdbm systemd: Created slice User Slice of mysql.
Jul 15 12:12:01 pfdbm systemd: Started Session 873050 of user mysql.
Jul 15 12:12:01 pfdbm systemd: Removed slice User Slice of mysql.
Jul 15 12:13:01 pfdbm systemd: Started Session 873051 of user root.
Jul 15 12:13:01 pfdbm systemd: Created slice User Slice of mysql.
Jul 15 12:13:01 pfdbm systemd: Started Session 873052 of user mysql.
Jul 15 12:13:01 pfdbm systemd: Removed slice User Slice of mysql.
Jul 15 12:14:02 pfdbm systemd: Started Session 873053 of user root.
Jul 15 12:14:02 pfdbm systemd: Created slice User Slice of mysql.
Jul 15 12:14:02 pfdbm systemd: Started Session 873054 of user mysql.
Jul 15 12:14:02 pfdbm systemd: Removed slice User Slice of mysql.
Jul 15 12:15:01 pfdbm systemd: Started Session 873056 of user root.
Jul 15 12:15:01 pfdbm systemd: Created slice User Slice of mysql.
Jul 15 12:15:01 pfdbm systemd: Started Session 873055 of user mysql.
Jul 15 12:15:01 pfdbm systemd: Removed slice User Slice of mysql.
Jul 15 12:16:01 pfdbm systemd: Started Session 873057 of user root.
Jul 15 12:16:01 pfdbm systemd: Created slice User Slice of mysql.
Jul 15 12:16:01 pfdbm systemd: Started Session 873058 of user mysql.
Jul 15 12:16:01 pfdbm systemd: Removed slice User Slice of mysql.
Jul 15 12:17:01 pfdbm systemd: Started Session 873059 of user root.
Jul 15 12:17:01 pfdbm systemd: Created slice User Slice of mysql.
Jul 15 12:17:01 pfdbm systemd: Started Session 873060 of user mysql.
Jul 15 12:17:01 pfdbm systemd: Removed slice User Slice of mysql.
Jul 15 12:18:01 pfdbm systemd: Started Session 873061 of user root.
Jul 15 12:18:01 pfdbm systemd: Created slice User Slice of mysql.
Jul 15 12:18:01 pfdbm systemd: Started Session 873062 of user mysql.
Jul 15 12:18:01 pfdbm systemd: Removed slice User Slice of mysql.
Jul 15 12:19:01 pfdbm systemd: Started Session 873063 of user root.
Jul 15 12:19:01 pfdbm systemd: Created slice User Slice of mysql.
Jul 15 12:19:01 pfdbm systemd: Started Session 873064 of user mysql.
Jul 15 12:19:01 pfdbm systemd: Removed slice User Slice of mysql.
Jul 15 12:20:01 pfdbm systemd: Started Session 873065 of user root.
Jul 15 12:20:01 pfdbm systemd: Started Session 873066 of user root.
Jul 15 12:20:01 pfdbm systemd: Created slice User Slice of mysql.
Jul 15 12:20:01 pfdbm systemd: Started Session 873067 of user mysql.
Jul 15 12:20:01 pfdbm systemd: Removed slice User Slice of mysql.
Jul 15 12:21:01 pfdbm systemd: Started Session 873068 of user root.
Jul 15 12:21:01 pfdbm systemd: Created slice User Slice of mysql.
Jul 15 12:21:01 pfdbm systemd: Started Session 873069 of user mysql.
Jul 15 12:21:02 pfdbm systemd: Removed slice User Slice of mysql.
Jul 15 12:22:01 pfdbm systemd: Started Session 873070 of user root.
Jul 15 12:22:01 pfdbm systemd: Created slice User Slice of mysql.
Jul 15 12:22:01 pfdbm systemd: Started Session 873071 of user mysql.
Jul 15 12:22:01 pfdbm systemd: Removed slice User Slice of mysql.
Jul 15 12:23:01 pfdbm systemd: Started Session 873072 of user root.
Jul 15 12:23:01 pfdbm systemd: Created slice User Slice of mysql.
Jul 15 12:23:01 pfdbm systemd: Started Session 873073 of user mysql.
Jul 15 12:23:01 pfdbm systemd: Removed slice User Slice of mysql.
Jul 15 12:24:01 pfdbm systemd: Created slice User Slice of mysql.
Jul 15 12:24:01 pfdbm systemd: Started Session 873074 of user mysql.
Jul 15 12:24:01 pfdbm systemd: Started Session 873075 of user root.
Jul 15 12:24:01 pfdbm systemd: Removed slice User Slice of mysql.
Jul 15 12:25:01 pfdbm systemd: Started Session 873076 of user root.
Jul 15 12:25:01 pfdbm systemd: Created slice User Slice of mysql.
Jul 15 12:25:01 pfdbm systemd: Started Session 873077 of user mysql.
Jul 15 12:25:01 pfdbm systemd: Removed slice User Slice of mysql.
Jul 15 12:26:01 pfdbm systemd: Started Session 873078 of user root.
Jul 15 12:26:01 pfdbm systemd: Created slice User Slice of mysql.
Jul 15 12:26:01 pfdbm systemd: Started Session 873079 of user mysql.
Jul 15 12:26:01 pfdbm systemd: Removed slice User Slice of mysql.
Jul 15 12:27:01 pfdbm systemd: Started Session 873080 of user root.
Jul 15 12:27:01 pfdbm systemd: Created slice User Slice of mysql.
Jul 15 12:27:01 pfdbm systemd: Started Session 873081 of user mysql.
Jul 15 12:27:01 pfdbm systemd: Removed slice User Slice of mysql.
Jul 15 12:28:01 pfdbm systemd: Started Session 873082 of user root.
Jul 15 12:28:01 pfdbm systemd: Created slice User Slice of mysql.
Jul 15 12:28:01 pfdbm systemd: Started Session 873083 of user mysql.
Jul 15 12:28:01 pfdbm systemd: Removed slice User Slice of mysql.
Jul 15 12:29:01 pfdbm systemd: Created slice User Slice of mysql.
Jul 15 12:29:01 pfdbm systemd: Started Session 873085 of user mysql.
Jul 15 12:29:01 pfdbm systemd: Started Session 873084 of user root.
Jul 15 12:29:01 pfdbm systemd: Removed slice User Slice of mysql.
Jul 15 12:30:01 pfdbm systemd: Started Session 873086 of user root.
Jul 15 12:30:01 pfdbm systemd: Started Session 873087 of user root.
Jul 15 12:30:01 pfdbm systemd: Created slice User Slice of mysql.
Jul 15 12:30:01 pfdbm systemd: Started Session 873088 of user mysql.
Jul 15 12:30:01 pfdbm systemd: Removed slice User Slice of mysql.
Jul 15 12:31:01 pfdbm systemd: Started Session 873089 of user root.
Jul 15 12:31:01 pfdbm systemd: Created slice User Slice of mysql.
Jul 15 12:31:01 pfdbm systemd: Started Session 873090 of user mysql.
Jul 15 12:31:01 pfdbm systemd: Removed slice User Slice of mysql.
Jul 15 12:32:01 pfdbm systemd: Started Session 873091 of user root.
Jul 15 12:32:01 pfdbm systemd: Created slice User Slice of mysql.
Jul 15 12:32:01 pfdbm systemd: Started Session 873092 of user mysql.
Jul 15 12:32:01 pfdbm systemd: Removed slice User Slice of mysql.
Jul 15 12:32:32 pfdbm systemd-logind: New session 873093 of user root.
Jul 15 12:32:32 pfdbm systemd: Started Session 873093 of user root.
Jul 15 12:32:32 pfdbm dbus[8432]: [system] Activating service name='org.freedesktop.problems' (using servicehelper)
Jul 15 12:32:32 pfdbm dbus[8432]: [system] Successfully activated service 'org.freedesktop.problems'
Jul 15 12:33:01 pfdbm systemd: Started Session 873094 of user root.
Jul 15 12:33:01 pfdbm systemd: Created slice User Slice of mysql.
Jul 15 12:33:01 pfdbm systemd: Started Session 873095 of user mysql.
Jul 15 12:33:01 pfdbm systemd: Removed slice User Slice of mysql.
Jul 15 12:34:01 pfdbm systemd: Started Session 873096 of user root.
Jul 15 12:34:01 pfdbm systemd: Created slice User Slice of mysql.
Jul 15 12:34:01 pfdbm systemd: Started Session 873097 of user mysql.
Jul 15 12:34:01 pfdbm systemd: Removed slice User Slice of mysql.
Jul 15 12:35:01 pfdbm systemd: Started Session 873098 of user root.
Jul 15 12:35:01 pfdbm systemd: Created slice User Slice of mysql.
Jul 15 12:35:01 pfdbm systemd: Started Session 873099 of user mysql.
Jul 15 12:35:01 pfdbm systemd: Removed slice User Slice of mysql.
Jul 15 12:36:01 pfdbm systemd: Created slice User Slice of mysql.
Jul 15 12:36:01 pfdbm systemd: Started Session 873101 of user mysql.
Jul 15 12:36:01 pfdbm systemd: Started Session 873100 of user root.
Jul 15 12:36:02 pfdbm systemd: Removed slice User Slice of mysql.
Jul 15 12:37:01 pfdbm systemd: Created slice User Slice of mysql.
Jul 15 12:37:01 pfdbm systemd: Started Session 873102 of user mysql.
Jul 15 12:37:01 pfdbm systemd: Started Session 873103 of user root.
Jul 15 12:37:01 pfdbm systemd: Removed slice User Slice of mysql.
Jul 15 12:38:01 pfdbm systemd: Created slice User Slice of mysql.
Jul 15 12:38:01 pfdbm systemd: Started Session 873104 of user mysql.
Jul 15 12:38:01 pfdbm systemd: Started Session 873105 of user root.
Jul 15 12:38:01 pfdbm systemd: Removed slice User Slice of mysql.
