======host meta information
=====uptime===============================
 12:22:52 up 1147 days,  3:25,  1 user,  load average: 0.09, 0.21, 0.24
======ip=================================
======hostname============================
localhost.default
======os version============================
Red Hat Enterprise Linux Server release 6.4 (Santiago)
Kernel \r on an \m

======kernel version=========================
Linux localhost.default 2.6.32-358.el6.x86_64 #1 SMP Tue Jan 29 11:47:41 EST 2013 x86_64 x86_64 x86_64 GNU/Linux
======mysql version=========================
======mysql client==========================
======mysql instance========================
tcp        0      0 10.100.8.156:42002          0.0.0.0:*                   LISTEN      31187/mysqld_export 
tcp        0      0 :::3306                     :::*                        LISTEN      37744/mysqld        
unix  2      [ ACC ]     STREAM     LISTENING     303604189 37744/mysqld        /usr/local/mysql/data/mysql.sock
======memory&swap========================
             total       used       free     shared    buffers     cached
Mem:         16073      15907        166          0        154      10501
-/+ buffers/cache:       5250      10822
Swap:         8191        724       7467
======physical cpu==========================
2
======cores per physical cpu====================
cpu cores	: 2
======processor============================
4
======cpu version===========================
 Intel(R) Xeon(R) CPU E5-2670 0 @ 2.60GHz
======disk info=============================
æ–‡ä»¶ç³»ç»Ÿ    ç±»åž‹      å®¹é‡  å·²ç”¨  å¯ç”¨ å·²ç”¨%% æŒ‚è½½ç‚¹
/dev/mapper/VolGroup-lv_root
              ext4     50G  4.5G   43G  10% /
tmpfs        tmpfs    7.9G  228K  7.9G   1% /dev/shm
/dev/sda1     ext4    485M   38M  422M   9% /boot
/dev/mapper/VolGroup-lv_home
              ext4     20G  9.4G  9.4G  50% /home
/dev/mapper/VolGroup-lv_tmp
              ext4    9.9G  152M  9.2G   2% /tmp
/dev/sdb      ext4     99G  394M   94G   1% /app
/dev/mapper/vg_data-lv_data
              ext4    3.0T  1.8T  1.1T  64% /data
======numa mount========================
policy: default
preferred node: current
physcpubind: 0 1 2 3 
cpubind: 0 
nodebind: 0 
membind: 0 
available: 1 nodes (0)
node 0 cpus: 0 1 2 3
node 0 size: 16383 MB
node 0 free: 165 MB
node distances:
node   0 
  0:  10 
60
======io stat===============================
Linux 2.6.32-358.el6.x86_64 (localhost.default) 	2021å¹´07æœˆ15æ—¥ 	_x86_64_	(4 CPU)

avg-cpu:  %user   %nice %system %iowait  %steal   %idle
           1.98    0.00    0.45    0.96    0.00   96.62

Device:         rrqm/s   wrqm/s     r/s     w/s    rMB/s    wMB/s avgrq-sz avgqu-sz   await  svctm  %util
sda               0.15     1.14    0.14    0.32     0.00     0.01    44.29     0.00    1.75   1.07   0.05
sdb               0.00     0.00    0.00    0.00     0.00     0.00    19.71     0.00    0.83   0.76   0.00
sdc               0.00     0.00    0.00    0.00     0.00     0.00     8.85     0.00    0.05   0.05   0.00
sde               0.01    84.45    8.91   25.85     0.21     0.43    37.50     0.04    1.03   0.64   2.21
sdd               0.00   197.38    1.89   53.08     0.13     0.98    41.29     0.04    0.65   0.43   2.37
dm-0              0.00     0.00    0.16    0.34     0.00     0.00    11.17     0.00    3.06   0.48   0.02
dm-1              0.00     0.00    0.11    0.05     0.00     0.00     8.00     0.00    6.56   1.33   0.02
dm-2              0.00     0.00    0.02    1.04     0.00     0.00    12.35     0.00    3.85   0.04   0.00
dm-3              0.00     0.00    0.00    0.02     0.00     0.00     8.44     0.01  288.89   0.07   0.00
dm-4              0.00     0.00   12.29  399.09     0.43     1.56     9.88     0.03    0.06   0.02   0.70
sdf               0.00    34.25    1.44    3.22     0.09     0.15   102.66     0.01    2.36   1.46   0.68
sdg               0.00     0.81    0.04    0.06     0.00     0.00   135.66     0.00    2.86   1.72   0.02

avg-cpu:  %user   %nice %system %iowait  %steal   %idle
           2.26    0.00    0.58    0.90    0.00   96.26

Device:         rrqm/s   wrqm/s     r/s     w/s    rMB/s    wMB/s avgrq-sz avgqu-sz   await  svctm  %util
sda               1.30     1.50    0.30    1.90     0.01     0.01    18.18     0.00    1.27   0.68   0.15
sdb               0.00     0.00    0.00    0.00     0.00     0.00     0.00     0.00    0.00   0.00   0.00
sdc               0.00     0.00    0.00    0.00     0.00     0.00     0.00     0.00    0.00   0.00   0.00
sde               0.00    33.90   12.00   26.90     0.08     0.24    16.64     0.02    0.56   0.52   2.04
sdd               0.00    74.90    1.20   50.70     0.04     0.49    20.92     0.03    0.55   0.40   2.06
dm-0              0.00     0.00    0.00    3.40     0.00     0.01     8.00     0.00    0.29   0.06   0.02
dm-1              0.00     0.00    1.60    0.00     0.01     0.00     8.00     0.01    6.44   0.81   0.13
dm-2              0.00     0.00    0.00    0.00     0.00     0.00     0.00     0.00    0.00   0.00   0.00
dm-3              0.00     0.00    0.00    0.00     0.00     0.00     0.00     0.00    0.00   0.00   0.00
dm-4              0.00     0.00   14.30  187.80     0.14     0.73     8.82     0.10    0.47   0.24   4.83
sdf               0.00     0.70    1.00    0.70     0.02     0.01    27.29     0.01    4.41   4.12   0.70
sdg               0.00     0.00    0.10    0.00     0.00     0.00    32.00     0.00    7.00   7.00   0.07

avg-cpu:  %user   %nice %system %iowait  %steal   %idle
           2.41    0.00    0.58    0.85    0.00   96.16

Device:         rrqm/s   wrqm/s     r/s     w/s    rMB/s    wMB/s avgrq-sz avgqu-sz   await  svctm  %util
sda               0.70     0.20    0.10    0.30     0.00     0.00    26.00     0.00    1.75   1.75   0.07
sdb               0.00     0.00    0.00    0.00     0.00     0.00     0.00     0.00    0.00   0.00   0.00
sdc               0.00     0.00    0.00    0.00     0.00     0.00     0.00     0.00    0.00   0.00   0.00
sde               0.00    35.40   13.20   27.20     0.06     0.24    15.50     0.02    0.54   0.52   2.09
sdd               0.00    81.90    1.20   54.80     0.02     0.53    20.24     0.02    0.44   0.36   1.99
dm-0              0.00     0.00    0.00    0.50     0.00     0.00     8.00     0.00    0.20   0.20   0.01
dm-1              0.00     0.00    0.80    0.00     0.00     0.00     8.00     0.00    6.00   0.75   0.06
dm-2              0.00     0.00    0.00    0.00     0.00     0.00     0.00     0.00    0.00   0.00   0.00
dm-3              0.00     0.00    0.00    0.00     0.00     0.00     0.00     0.00    0.00   0.00   0.00
dm-4              0.00     0.00   15.70  200.30     0.10     0.78     8.39     0.10    0.48   0.23   5.05
sdf               0.00     0.70    1.30    0.30     0.02     0.00    33.00     0.01    6.75   6.31   1.01
sdg               0.00     0.00    0.00    0.00     0.00     0.00     0.00     0.00    0.00   0.00   0.00

avg-cpu:  %user   %nice %system %iowait  %steal   %idle
           2.34    0.00    0.58    0.80    0.00   96.28

Device:         rrqm/s   wrqm/s     r/s     w/s    rMB/s    wMB/s avgrq-sz avgqu-sz   await  svctm  %util
sda               0.60     0.20    0.10    0.40     0.00     0.00    20.80     0.00    1.80   1.80   0.09
sdb               0.00     0.00    0.00    0.00     0.00     0.00     0.00     0.00    0.00   0.00   0.00
sdc               0.00     0.00    0.00    0.00     0.00     0.00     0.00     0.00    0.00   0.00   0.00
sde               0.00    34.30   12.00   28.30     0.09     0.24    16.77     0.03    0.63   0.53   2.12
sdd               0.00   183.50    1.00   62.70     0.03     0.96    31.77     0.03    0.43   0.37   2.35
dm-0              0.00     0.00    0.00    0.60     0.00     0.00     8.00     0.00    0.33   0.17   0.01
dm-1              0.00     0.00    0.70    0.00     0.00     0.00     8.00     0.01    7.14   1.14   0.08
dm-2              0.00     0.00    0.00    0.00     0.00     0.00     0.00     0.00    0.00   0.00   0.00
dm-3              0.00     0.00    0.00    0.00     0.00     0.00     0.00     0.00    0.00   0.00   0.00
dm-4              0.00     0.00   13.60  537.20     0.13     2.10     8.29     1.27    2.31   0.09   5.08
sdf               0.00   220.40    0.60    7.20     0.02     0.89   238.77     0.02    2.24   1.13   0.88
sdg               0.00     0.60    0.00    0.20     0.00     0.00    32.00     0.00    0.50   0.50   0.01

avg-cpu:  %user   %nice %system %iowait  %steal   %idle
           2.67    0.00    0.81    1.46    0.00   95.07

Device:         rrqm/s   wrqm/s     r/s     w/s    rMB/s    wMB/s avgrq-sz avgqu-sz   await  svctm  %util
sda               0.00    34.60    0.00    3.30     0.00     0.15    91.88     0.00    1.36   0.30   0.10
sdb               0.00     0.00    0.00    0.00     0.00     0.00     0.00     0.00    0.00   0.00   0.00
sdc               0.00     0.00    0.00    0.00     0.00     0.00     0.00     0.00    0.00   0.00   0.00
sde               0.00    69.50   15.30   38.50     0.11     0.42    20.36     0.03    0.63   0.53   2.86
sdd               0.00   247.80    1.90   79.70     0.07     1.28    33.75     0.05    0.57   0.51   4.18
dm-0              0.00     0.00    0.00   37.60     0.00     0.15     8.00     0.11    3.01   0.02   0.06
dm-1              0.00     0.00    0.00    0.30     0.00     0.00     8.00     0.00    4.00   1.33   0.04
dm-2              0.00     0.00    0.00    0.00     0.00     0.00     0.00     0.00    0.00   0.00   0.00
dm-3              0.00     0.00    0.00    0.00     0.00     0.00     0.00     0.00    0.00   0.00   0.00
dm-4              0.00     0.00   20.90  631.00     0.31     2.46     8.71     1.05    1.61   0.14   9.34
sdf               0.00   184.00    3.70   10.60     0.13     0.73   122.85     0.04    3.07   1.87   2.67
sdg               0.00     0.60    0.00    0.20     0.00     0.00    32.00     0.00    0.00   0.00   0.00

avg-cpu:  %user   %nice %system %iowait  %steal   %idle
           2.69    0.00    0.73    1.33    0.00   95.25

Device:         rrqm/s   wrqm/s     r/s     w/s    rMB/s    wMB/s avgrq-sz avgqu-sz   await  svctm  %util
sda               0.00     0.10    0.00    1.00     0.00     0.00     8.80     0.00    0.40   0.20   0.02
sdb               0.00     0.00    0.00    0.00     0.00     0.00     0.00     0.00    0.00   0.00   0.00
sdc               0.00     0.00    0.00    0.00     0.00     0.00     0.00     0.00    0.00   0.00   0.00
sde               0.00    59.10   18.70   39.60     0.12     0.39    17.92     0.04    0.65   0.59   3.44
sdd               0.00   272.80    2.10   88.10     0.06     1.41    33.43     0.05    0.58   0.43   3.87
dm-0              0.00     0.00    0.00    1.10     0.00     0.00     8.00     0.00    0.36   0.18   0.02
dm-1              0.00     0.00    0.00    0.00     0.00     0.00     0.00     0.00    0.00   0.00   0.00
dm-2              0.00     0.00    0.00    0.00     0.00     0.00     0.00     0.00    0.00   0.00   0.00
dm-3              0.00     0.00    0.00    0.00     0.00     0.00     0.00     0.00    0.00   0.00   0.00
dm-4              0.00     0.00   23.00  568.80     0.25     2.22     8.55     0.54    0.92   0.15   8.70
sdf               0.00   100.90    2.20    7.20     0.06     0.45   112.26     0.02    2.52   1.79   1.68
sdg               0.00     0.90    0.00    0.30     0.00     0.00    32.00     0.00    0.33   0.33   0.01

avg-cpu:  %user   %nice %system %iowait  %steal   %idle
           3.99    0.00    0.85    1.23    0.00   93.92

Device:         rrqm/s   wrqm/s     r/s     w/s    rMB/s    wMB/s avgrq-sz avgqu-sz   await  svctm  %util
sda               0.00     0.10    0.00    0.30     0.00     0.00    10.67     0.00    0.33   0.33   0.01
sdb               0.00     0.00    0.00    0.00     0.00     0.00     0.00     0.00    0.00   0.00   0.00
sdc               0.00     0.00    0.00    0.00     0.00     0.00     0.00     0.00    0.00   0.00   0.00
sde               0.00    58.60   18.30   39.80     0.16     0.38    19.25     0.05    0.88   0.61   3.56
sdd               0.00   294.30    1.30   90.30     0.03     1.50    34.36     0.04    0.42   0.33   3.05
dm-0              0.00     0.00    0.00    0.40     0.00     0.00     8.00     0.00    0.25   0.25   0.01
dm-1              0.00     0.00    0.00    0.00     0.00     0.00     0.00     0.00    0.00   0.00   0.00
dm-2              0.00     0.00    0.00    0.00     0.00     0.00     0.00     0.00    0.00   0.00   0.00
dm-3              0.00     0.00    0.00    0.00     0.00     0.00     0.00     0.00    0.00   0.00   0.00
dm-4              0.00     0.00   22.50  869.80     0.26     3.40     8.39     2.39    2.68   0.09   8.22
sdf               0.00   374.80    2.90   10.00     0.06     1.50   248.62     0.05    3.72   1.65   2.13
sdg               0.00     1.70    0.00    0.30     0.00     0.01    53.33     0.00    0.00   0.00   0.00

avg-cpu:  %user   %nice %system %iowait  %steal   %idle
           2.81    0.00    0.80    0.98    0.00   95.40

Device:         rrqm/s   wrqm/s     r/s     w/s    rMB/s    wMB/s avgrq-sz avgqu-sz   await  svctm  %util
sda               1.30     0.30    0.30    0.50     0.01     0.00    24.00     0.00    4.38   3.12   0.25
sdb               0.00     0.00    0.00    0.00     0.00     0.00     0.00     0.00    0.00   0.00   0.00
sdc               0.00     0.00    0.00    0.00     0.00     0.00     0.00     0.00    0.00   0.00   0.00
sde               0.00    61.00   18.40   41.70     0.13     0.40    18.18     0.04    0.69   0.51   3.08
sdd               0.00   118.30    1.10   80.70     0.02     0.78    19.86     0.03    0.38   0.37   3.02
dm-0              0.00     0.00    0.00    0.80     0.00     0.00     8.00     0.00    1.12   0.75   0.06
dm-1              0.00     0.00    1.60    0.00     0.01     0.00     8.00     0.01    9.31   1.19   0.19
dm-2              0.00     0.00    0.00    0.00     0.00     0.00     0.00     0.00    0.00   0.00   0.00
dm-3              0.00     0.00    0.00    0.00     0.00     0.00     0.00     0.00    0.00   0.00   0.00
dm-4              0.00     0.00   20.60  302.60     0.18     1.18     8.66     0.15    0.45   0.20   6.59
sdf               0.00     0.00    1.10    0.90     0.04     0.00    40.40     0.01    5.80   3.00   0.60
sdg               0.00     0.00    0.00    0.00     0.00     0.00     0.00     0.00    0.00   0.00   0.00

avg-cpu:  %user   %nice %system %iowait  %steal   %idle
           2.46    0.00    0.65    0.60    0.00   96.28

Device:         rrqm/s   wrqm/s     r/s     w/s    rMB/s    wMB/s avgrq-sz avgqu-sz   await  svctm  %util
sda               0.00     0.60    0.40    0.40     0.01     0.00    24.00     0.00    3.38   1.25   0.10
sdb               0.00     0.00    0.00    0.00     0.00     0.00     0.00     0.00    0.00   0.00   0.00
sdc               0.00     0.00    0.00    0.00     0.00     0.00     0.00     0.00    0.00   0.00   0.00
sde               0.00    58.10   12.40   33.50     0.06     0.36    18.86     0.02    0.40   0.38   1.73
sdd               0.00    99.80    0.00   66.90     0.00     0.65    19.93     0.02    0.28   0.28   1.84
dm-0              0.00     0.00    0.40    1.00     0.01     0.00    13.71     0.00    1.93   0.71   0.10
dm-1              0.00     0.00    0.00    0.00     0.00     0.00     0.00     0.00    0.00   0.00   0.00
dm-2              0.00     0.00    0.00    0.00     0.00     0.00     0.00     0.00    0.00   0.00   0.00
dm-3              0.00     0.00    0.00    0.00     0.00     0.00     0.00     0.00    0.00   0.00   0.00
dm-4              0.00     0.00   12.60  258.50     0.07     1.01     8.14     0.11    0.42   0.14   3.75
sdf               0.00     0.00    0.20    0.20     0.00     0.00    20.00     0.00    4.00   4.00   0.16
sdg               0.00     0.00    0.00    0.00     0.00     0.00     0.00     0.00    0.00   0.00   0.00

avg-cpu:  %user   %nice %system %iowait  %steal   %idle
           2.66    0.00    0.78    1.03    0.00   95.53

Device:         rrqm/s   wrqm/s     r/s     w/s    rMB/s    wMB/s avgrq-sz avgqu-sz   await  svctm  %util
sda               0.00     0.20    0.00    1.50     0.00     0.01     9.07     0.00    0.87   0.47   0.07
sdb               0.00     0.00    0.00    0.00     0.00     0.00     0.00     0.00    0.00   0.00   0.00
sdc               0.00     0.00    0.00    0.00     0.00     0.00     0.00     0.00    0.00   0.00   0.00
sde               0.00    68.50   13.10   37.20     0.11     0.41    21.12     0.04    0.77   0.54   2.71
sdd               0.00   416.70    0.80   92.80     0.02     1.99    43.90     0.04    0.47   0.36   3.35
dm-0              0.00     0.00    0.00    1.50     0.00     0.01     8.00     0.00    0.33   0.20   0.03
dm-1              0.00     0.00    0.00    0.20     0.00     0.00     8.00     0.00    4.00   2.00   0.04
dm-2              0.00     0.00    0.00    0.00     0.00     0.00     0.00     0.00    0.00   0.00   0.00
dm-3              0.00     0.00    0.00    0.00     0.00     0.00     0.00     0.00    0.00   0.00   0.00
dm-4              0.00     0.00   15.30 1135.50     0.19     4.44     8.24     2.77    2.41   0.06   7.46
sdf               0.00   499.30    1.40   19.40     0.07     2.03   206.42     0.04    1.94   0.77   1.60
sdg               0.00     1.20    0.00    0.40     0.00     0.01    32.00     0.00    0.00   0.00   0.00

======vmstat======
procs -----------memory---------- ---swap-- -----io---- --system-- -----cpu-----
 r  b   swpd   free   buff  cache   si   so    bi    bo   in   cs us sy id wa st
 0  0 741628 169392 158608 10752776    0    0   110   402    0    0  2  0 97  1  0	
 0  0 741628 169276 158608 10753512    0    0   120  1120 1307 1848  2  1 96  1  0	
 1  0 741628 168656 158608 10754736    0    0   544  7796 1500 2244  3  1 94  3  0	
 0  0 741628 168076 158608 10755240    0    0   176   820 1080 1597  2  1 97  1  0	
 0  1 741628 167216 158616 10756036    0    0   232  1340 1337 2043  2  1 95  2  0	
 0  0 741620 165976 158616 10757216   52    0   624  1244 1964 2759  8  2 86  4  0	
 0  0 741620 165356 158616 10757576    0    0   108  1100 1127 1732  2  1 97  1  0	
 0  0 741616 165016 158616 10758168   32    0    96  1508 1233 1852  2  1 97  1  0	
 0  0 741612 164644 158616 10758572   28    0   156  2048 1438 2003  2  1 96  2  0	
 0  0 741612 164272 158616 10758888    0    0    12   516  746 1104  1  1 98  0  0	
====dstat===
[7l----total-cpu-usage---- -dsk/total- -net/total- ---paging-- ---system--
usr sys idl wai hiq siq| read  writ| recv  send|  in   out | int   csw 
  2   0  97   1   0   0| 440k 1602k|   0     0 | 452B  188B| 232  1306 
  7   1  92   1   0   0|  96k 1520k| 307k   87k|   0     0 |1803  2594 
  3   1  96   1   0   0|  84k 1616k| 164k   25k|  32k    0 |1591  2250 
  2   1  96   2   0   0| 480k 1128k| 202k   28k|   0     0 |1199  1780 
  2   1  92   4   0   0|1004k 1420k| 232k   29k|  52k    0 |1410  1962 
  2   1  97   1   0   0| 128k  620k| 117k   25k|   0     0 | 804  1191 
  6   1  92   1   0   0|  76k 1036k| 147k   82k|   0     0 |1445  2101 
  3   2  95   1   0   0| 380k 6140k| 961k   44k|   0    16k|1963  1830 
  2   1  97   0   0   0|  48k  964k| 140k   26k|   0     0 |1050  1541 
  1   1  98   0   0   0|  40k  560k|  53k   24k|   0     0 | 809  1214 
  2   0  98   0   0   0|  24k  384k|  90k   24k|   0     0 | 710  1090 
======system log============================
Jul 11 03:09:02 localhost rsyslogd: [origin software="rsyslogd" swVersion="5.8.10" x-pid="1972" x-info="http://www.rsyslog.com"] rsyslogd was HUPed
Jul 11 03:09:06 localhost rhsmd: In order for Subscription Manager to provide your system with updates, your system must be registered with the Customer Portal. Please enter your Red Hat login to ensure your system is up-to-date.
Jul 12 03:09:07 localhost rhsmd: In order for Subscription Manager to provide your system with updates, your system must be registered with the Customer Portal. Please enter your Red Hat login to ensure your system is up-to-date.
Jul 13 03:50:11 localhost rhsmd: In order for Subscription Manager to provide your system with updates, your system must be registered with the Customer Portal. Please enter your Red Hat login to ensure your system is up-to-date.
Jul 14 03:43:06 localhost rhsmd: In order for Subscription Manager to provide your system with updates, your system must be registered with the Customer Portal. Please enter your Red Hat login to ensure your system is up-to-date.
Jul 15 01:16:51 localhost snmpd[2268]: Connection from UDP: [10.80.80.222]:16847->[10.100.8.156]
Jul 15 01:16:51 localhost snmpd[2268]: truncating integer value > 32 bits
Jul 15 01:16:54 localhost snmpd[2268]: Connection from UDP: [10.80.80.222]:16847->[10.100.8.156]
Jul 15 01:16:54 localhost snmpd[2268]: truncating integer value > 32 bits
Jul 15 01:16:57 localhost snmpd[2268]: Connection from UDP: [10.80.80.222]:16847->[10.100.8.156]
Jul 15 01:16:57 localhost snmpd[2268]: truncating integer value > 32 bits
Jul 15 03:43:05 localhost rhsmd: In order for Subscription Manager to provide your system with updates, your system must be registered with the Customer Portal. Please enter your Red Hat login to ensure your system is up-to-date.
