******************** MySQL--localhost--3306 ***********************
--------------
mysql  Ver 14.14 Distrib 5.7.24, for linux-glibc2.12 (x86_64) using  EditLine wrapper

Connection id:		45645
Current database:	
Current user:		root@localhost
SSL:			Not in use
Current pager:		stdout
Using outfile:		''
Using delimiter:	;
Server version:		5.7.24-log MySQL Community Server (GPL)
Protocol version:	10
Connection:		Localhost via UNIX socket
Server characterset:	utf8mb4
Db     characterset:	utf8mb4
Client characterset:	utf8mb4
Conn.  characterset:	utf8mb4
UNIX socket:		/app/mysql/data/mysql.sock
Uptime:			316 days 20 hours 51 min 20 sec

Threads: 3  Questions: 106985406  Slow queries: 4  Opens: 5285  Flush tables: 1  Open tables: 744  Queries per second avg: 3.907
--------------

                             basedir :	/usr/local/mysql/
                             datadir :	/app/mysql/data/
                                     :	          
               ####Business info#### :	          
                       Database size :	bjpt_basis 0.051 GB db_monitor 0.093 GB sys 0.000 GB
                       Tables counts :	bjpt_basis 30 db_monitor 1 sys 101
                      Engines counts :	NULL 102 InnoDB 30
                 Top 10 of big table :	accesslog 1229439 pub_user 84913 xxl_job_log 14202 pub_company 13899 sys_task_phase 4561 sys_code 1963 sys_task_progress 1653 xxl_job_log_report 326 sys_menu_roles 135 sys_user_role 123
        Top 10 of auto increment num :	accesslog 1235276 xxl_job_log 158441 sys_task_phase 4546 sys_code 2989 sys_task_progress 1739 xxl_job_log_report 327 xxl_job_registry 293 sys_menu_roles 136 sys_user_role 126 sys_menu 40
                                     :	          
              ####Runtime status#### :	          
                   Threads connected :	     1.00 
                                 QPS :	     0.00 
                                 TPS :	     1.95 
                               Reads :	 45541.00 
                              Writes :	53543162.00 
                   Read/Writes Ratio :	    0.09% 
   MyISAM Key buffer read hits(>99%) :	   97.83% 
        MyISAM Key buffer write hits :	    0.00% 
                    Query cache hits :	    NULL% 
       InnoDB buffer read hits(>95%) :	  100.00% 
             Thread cache hits(>90%) :	   99.99% 
             Slow queries per second :	     0.00 
         Select full join per second :	     0.00 
      Select full join in all select :	    0.01% 
         MyiSAM lock contention(<1%) :	    0.00% 
           Temp tables to disk ratio :	    5.28% 
No innodb tables
No primary key tables
TABLE_SCHEMA	TABLE_NAME	TABLE_TYPE	TABLE_ROWS
bjpt_basis	sys_company	VIEW	NULL
bjpt_basis	sys_user	VIEW	NULL
password equals user
Global status:
Aborted_clients	0
Aborted_connects	149
Binlog_cache_disk_use	350
Binlog_cache_use	53296489
Binlog_stmt_cache_disk_use	0
Binlog_stmt_cache_use	9121
Bytes_received	36381200401
Bytes_sent	1497776832
Com_admin_commands	0
Com_assign_to_keycache	0
Com_alter_db	0
Com_alter_db_upgrade	0
Com_alter_event	0
Com_alter_function	0
Com_alter_instance	0
Com_alter_procedure	0
Com_alter_server	0
Com_alter_table	1
Com_alter_tablespace	0
Com_alter_user	0
Com_analyze	0
Com_begin	53296489
Com_binlog	0
Com_call_procedure	0
Com_change_db	30
Com_change_master	0
Com_change_repl_filter	0
Com_check	0
Com_checksum	0
Com_commit	53296489
Com_create_db	2
Com_create_event	1
Com_create_function	0
Com_create_index	0
Com_create_procedure	0
Com_create_server	0
Com_create_table	4531
Com_create_trigger	0
Com_create_udf	0
Com_create_user	8
Com_create_view	0
Com_dealloc_sql	0
Com_delete	4923
Com_delete_multi	0
Com_do	0
Com_drop_db	0
Com_drop_event	0
Com_drop_function	0
Com_drop_index	0
Com_drop_procedure	0
Com_drop_server	0
Com_drop_table	4527
Com_drop_trigger	0
Com_drop_user	0
Com_drop_view	0
Com_empty_query	0
Com_execute_sql	0
Com_explain_other	0
Com_flush	0
Com_get_diagnostics	0
Com_grant	47
Com_ha_close	0
Com_ha_open	0
Com_ha_read	0
Com_help	0
Com_insert	1405899
Com_insert_select	0
Com_install_plugin	0
Com_kill	0
Com_load	0
Com_lock_tables	0
Com_optimize	0
Com_preload_keys	0
Com_prepare_sql	0
Com_purge	0
Com_purge_before_date	0
Com_release_savepoint	0
Com_rename_table	0
Com_rename_user	0
Com_repair	0
Com_replace	0
Com_replace_select	0
Com_reset	0
Com_resignal	0
Com_revoke	0
Com_revoke_all	0
Com_rollback	0
Com_rollback_to_savepoint	0
Com_savepoint	0
Com_select	45554
Com_set_option	63
Com_signal	0
Com_show_binlog_events	0
Com_show_binlogs	0
Com_show_charsets	0
Com_show_collations	0
Com_show_create_db	0
Com_show_create_event	0
Com_show_create_func	0
Com_show_create_proc	0
Com_show_create_table	30
Com_show_create_trigger	0
Com_show_databases	3
Com_show_engine_logs	0
Com_show_engine_mutex	0
Com_show_engine_status	0
Com_show_events	0
Com_show_errors	0
Com_show_fields	1
Com_show_function_code	0
Com_show_function_status	0
Com_show_grants	0
Com_show_keys	0
Com_show_master_status	0
Com_show_open_tables	0
Com_show_plugins	0
Com_show_privileges	0
Com_show_procedure_code	0
Com_show_procedure_status	0
Com_show_processlist	0
Com_show_profile	0
Com_show_profiles	0
Com_show_relaylog_events	0
Com_show_slave_hosts	0
Com_show_slave_status	45434
Com_show_status	14
Com_show_storage_engines	0
Com_show_table_status	0
Com_show_tables	2
Com_show_triggers	0
Com_show_variables	17
Com_show_warnings	0
Com_show_create_user	0
Com_shutdown	0
Com_slave_start	0
Com_slave_stop	0
Com_group_replication_start	0
Com_group_replication_stop	0
Com_stmt_execute	0
Com_stmt_close	0
Com_stmt_fetch	0
Com_stmt_prepare	0
Com_stmt_reset	0
Com_stmt_send_long_data	0
Com_truncate	4
Com_uninstall_plugin	0
Com_unlock_tables	0
Com_update	52132340
Com_update_multi	0
Com_xa_commit	0
Com_xa_end	0
Com_xa_prepare	0
Com_xa_recover	0
Com_xa_rollback	0
Com_xa_start	0
Com_stmt_reprepare	0
Connection_errors_accept	0
Connection_errors_internal	0
Connection_errors_max_connections	0
Connection_errors_peer_address	0
Connection_errors_select	0
Connection_errors_tcpwrap	0
Connections	45650
Created_tmp_disk_tables	159
Created_tmp_files	7
Created_tmp_tables	3003
Delayed_errors	0
Delayed_insert_threads	0
Delayed_writes	0
Flush_commands	1
Handler_commit	267008632
Handler_delete	228256
Handler_discover	0
Handler_external_lock	213745473
Handler_mrr_init	0
Handler_prepare	213679302
Handler_read_first	84
Handler_read_key	105691535
Handler_read_last	0
Handler_read_next	18
Handler_read_prev	0
Handler_read_rnd	52360721
Handler_read_rnd_next	38211
Handler_rollback	1
Handler_savepoint	0
Handler_savepoint_rollback	0
Handler_update	105462983
Handler_write	1595266
Innodb_buffer_pool_dump_status	Dumping of buffer pool not started
Innodb_buffer_pool_load_status	Buffer pool(s) load completed at 200901 17:36:45
Innodb_buffer_pool_resize_status	Completed resizing buffer pool at 200902 16:13:51.
Innodb_buffer_pool_pages_data	30045
Innodb_buffer_pool_bytes_data	492257280
Innodb_buffer_pool_pages_dirty	447
Innodb_buffer_pool_bytes_dirty	7323648
Innodb_buffer_pool_pages_flushed	31095790
Innodb_buffer_pool_pages_free	625159
Innodb_buffer_pool_pages_misc	76
Innodb_buffer_pool_pages_total	655280
Innodb_buffer_pool_read_ahead_rnd	0
Innodb_buffer_pool_read_ahead	0
Innodb_buffer_pool_read_ahead_evicted	0
Innodb_buffer_pool_read_requests	1051178132
Innodb_buffer_pool_reads	2551
Innodb_buffer_pool_wait_free	0
Innodb_buffer_pool_write_requests	617244971
Innodb_data_fsyncs	99474616
Innodb_data_pending_fsyncs	0
Innodb_data_pending_reads	0
Innodb_data_pending_writes	0
Innodb_data_read	41865728
Innodb_data_reads	2600
Innodb_data_writes	120405969
Innodb_data_written	1133124883968
Innodb_dblwr_pages_written	31095662
Innodb_dblwr_writes	7454055
Innodb_log_waits	0
Innodb_log_write_requests	75020855
Innodb_log_writes	79204560
Innodb_os_log_fsyncs	81833319
Innodb_os_log_pending_fsyncs	0
Innodb_os_log_pending_writes	0
Innodb_os_log_written	112835775488
Innodb_page_size	16384
Innodb_pages_created	27511
Innodb_pages_read	2550
Innodb_pages_written	31095791
Innodb_row_lock_current_waits	0
Innodb_row_lock_time	0
Innodb_row_lock_time_avg	0
Innodb_row_lock_time_max	0
Innodb_row_lock_waits	0
Innodb_rows_deleted	228381
Innodb_rows_inserted	1596292
Innodb_rows_read	105703965
Innodb_rows_updated	105461537
Innodb_num_open_files	45
Innodb_truncated_status_writes	0
Innodb_available_undo_logs	128
Key_blocks_not_flushed	0
Key_blocks_unused	6684
Key_blocks_used	14
Key_read_requests	552
Key_reads	12
Key_write_requests	125
Key_writes	125
Locked_connects	0
Max_execution_time_exceeded	0
Max_execution_time_set	0
Max_execution_time_set_failed	0
Max_used_connections	4
Max_used_connections_time	2020-09-30 00:14:06
Not_flushed_delayed_rows	0
Ongoing_anonymous_transaction_count	0
Open_files	38
Open_streams	0
Open_table_definitions	251
Open_tables	775
Opened_files	33192
Opened_table_definitions	9313
Opened_tables	5316
Performance_schema_accounts_lost	0
Performance_schema_cond_classes_lost	0
Performance_schema_cond_instances_lost	0
Performance_schema_digest_lost	0
Performance_schema_file_classes_lost	0
Performance_schema_file_handles_lost	0
Performance_schema_file_instances_lost	1
Performance_schema_hosts_lost	0
Performance_schema_index_stat_lost	0
Performance_schema_locker_lost	0
Performance_schema_memory_classes_lost	0
Performance_schema_metadata_lock_lost	0
Performance_schema_mutex_classes_lost	0
Performance_schema_mutex_instances_lost	0
Performance_schema_nested_statement_lost	0
Performance_schema_prepared_statements_lost	0
Performance_schema_program_lost	0
Performance_schema_rwlock_classes_lost	0
Performance_schema_rwlock_instances_lost	0
Performance_schema_session_connect_attrs_lost	0
Performance_schema_socket_classes_lost	0
Performance_schema_socket_instances_lost	0
Performance_schema_stage_classes_lost	0
Performance_schema_statement_classes_lost	0
Performance_schema_table_handles_lost	0
Performance_schema_table_instances_lost	0
Performance_schema_table_lock_stat_lost	0
Performance_schema_thread_classes_lost	0
Performance_schema_thread_instances_lost	0
Performance_schema_users_lost	0
Prepared_stmt_count	0
Qcache_free_blocks	0
Qcache_free_memory	0
Qcache_hits	0
Qcache_inserts	0
Qcache_lowmem_prunes	0
Qcache_not_cached	0
Qcache_queries_in_cache	0
Qcache_total_blocks	0
Queries	106985418
Questions	136637
Rpl_semi_sync_master_clients	0
Rpl_semi_sync_master_net_avg_wait_time	0
Rpl_semi_sync_master_net_wait_time	0
Rpl_semi_sync_master_net_waits	0
Rpl_semi_sync_master_no_times	1
Rpl_semi_sync_master_no_tx	53305610
Rpl_semi_sync_master_status	OFF
Rpl_semi_sync_master_timefunc_failures	0
Rpl_semi_sync_master_tx_avg_wait_time	0
Rpl_semi_sync_master_tx_wait_time	0
Rpl_semi_sync_master_tx_waits	0
Rpl_semi_sync_master_wait_pos_backtraverse	0
Rpl_semi_sync_master_wait_sessions	0
Rpl_semi_sync_master_yes_tx	0
Rpl_semi_sync_slave_status	ON
Select_full_join	4
Select_full_range_join	0
Select_range	0
Select_range_check	0
Select_scan	79
Slave_open_temp_tables	0
Slow_launch_threads	0
Slow_queries	4
Sort_merge_passes	0
Sort_range	0
Sort_rows	108
Sort_scan	20
Ssl_accept_renegotiates	0
Ssl_accepts	0
Ssl_callback_cache_hits	0
Ssl_cipher	
Ssl_cipher_list	
Ssl_client_connects	0
Ssl_connect_renegotiates	0
Ssl_ctx_verify_depth	0
Ssl_ctx_verify_mode	0
Ssl_default_timeout	0
Ssl_finished_accepts	0
Ssl_finished_connects	0
Ssl_server_not_after	
Ssl_server_not_before	
Ssl_session_cache_hits	0
Ssl_session_cache_misses	0
Ssl_session_cache_mode	NONE
Ssl_session_cache_overflows	0
Ssl_session_cache_size	0
Ssl_session_cache_timeouts	0
Ssl_sessions_reused	0
Ssl_used_session_cache_entries	0
Ssl_verify_depth	0
Ssl_verify_mode	0
Ssl_version	
Table_locks_immediate	362
Table_locks_waited	0
Table_open_cache_hits	106870997
Table_open_cache_misses	5316
Table_open_cache_overflows	0
Tc_log_max_pages_used	0
Tc_log_page_size	0
Tc_log_page_waits	0
Threads_cached	3
Threads_connected	1
Threads_created	4
Threads_running	1
Uptime	27377480
Uptime_since_flush_status	27377480
Replication status:
*************************** 1. row ***************************
               Slave_IO_State: Waiting for master to send event
                  Master_Host: 10.80.88.64
                  Master_User: repl
                  Master_Port: 3306
                Connect_Retry: 60
              Master_Log_File: mysql-bin.000165
          Read_Master_Log_Pos: 83362792
               Relay_Log_File: mysql-relay.000441
                Relay_Log_Pos: 83363005
        Relay_Master_Log_File: mysql-bin.000165
             Slave_IO_Running: Yes
            Slave_SQL_Running: Yes
              Replicate_Do_DB: 
          Replicate_Ignore_DB: 
           Replicate_Do_Table: 
       Replicate_Ignore_Table: 
      Replicate_Wild_Do_Table: 
  Replicate_Wild_Ignore_Table: 
                   Last_Errno: 0
                   Last_Error: 
                 Skip_Counter: 0
          Exec_Master_Log_Pos: 83362792
              Relay_Log_Space: 83363295
              Until_Condition: None
               Until_Log_File: 
                Until_Log_Pos: 0
           Master_SSL_Allowed: No
           Master_SSL_CA_File: 
           Master_SSL_CA_Path: 
              Master_SSL_Cert: 
            Master_SSL_Cipher: 
               Master_SSL_Key: 
        Seconds_Behind_Master: 0
Master_SSL_Verify_Server_Cert: No
                Last_IO_Errno: 0
                Last_IO_Error: 
               Last_SQL_Errno: 0
               Last_SQL_Error: 
  Replicate_Ignore_Server_Ids: 
             Master_Server_Id: 88643306
                  Master_UUID: 4a6f6379-e770-11ea-8c3b-005056aae9bb
             Master_Info_File: mysql.slave_master_info
                    SQL_Delay: 0
          SQL_Remaining_Delay: NULL
      Slave_SQL_Running_State: Slave has read all relay log; waiting for more updates
           Master_Retry_Count: 86400
                  Master_Bind: 
      Last_IO_Error_Timestamp: 
     Last_SQL_Error_Timestamp: 
               Master_SSL_Crl: 
           Master_SSL_Crlpath: 
           Retrieved_Gtid_Set: 4a6f6379-e770-11ea-8c3b-005056aae9bb:379958-53685567
            Executed_Gtid_Set: 4a6f6379-e770-11ea-8c3b-005056aae9bb:1-53685567
                Auto_Position: 1
         Replicate_Rewrite_DB: 
                 Channel_Name: 
           Master_TLS_Version: 
Global variables:
auto_increment_increment	1
auto_increment_offset	1
autocommit	ON
automatic_sp_privileges	ON
avoid_temporal_upgrade	OFF
back_log	250
basedir	/usr/local/mysql/
big_tables	OFF
bind_address	*
binlog_cache_size	32768
binlog_checksum	CRC32
binlog_direct_non_transactional_updates	OFF
binlog_error_action	ABORT_SERVER
binlog_format	ROW
binlog_group_commit_sync_delay	0
binlog_group_commit_sync_no_delay_count	0
binlog_gtid_simple_recovery	ON
binlog_max_flush_queue_time	0
binlog_order_commits	ON
binlog_row_image	FULL
binlog_rows_query_log_events	ON
binlog_stmt_cache_size	32768
binlog_transaction_dependency_history_size	25000
binlog_transaction_dependency_tracking	COMMIT_ORDER
block_encryption_mode	aes-128-ecb
bulk_insert_buffer_size	8388608
character_set_client	utf8mb4
character_set_connection	utf8mb4
character_set_database	utf8mb4
character_set_filesystem	binary
character_set_results	utf8mb4
character_set_server	utf8mb4
character_set_system	utf8
character_sets_dir	/usr/local/mysql/share/charsets/
check_proxy_users	OFF
collation_connection	utf8mb4_general_ci
collation_database	utf8mb4_general_ci
collation_server	utf8mb4_general_ci
completion_type	NO_CHAIN
concurrent_insert	AUTO
connect_timeout	10
core_file	OFF
datadir	/app/mysql/data/
date_format	%Y-%m-%d
datetime_format	%Y-%m-%d %H:%i:%s
default_authentication_plugin	mysql_native_password
default_password_lifetime	0
default_storage_engine	InnoDB
default_tmp_storage_engine	InnoDB
default_week_format	0
delay_key_write	ON
delayed_insert_limit	100
delayed_insert_timeout	300
delayed_queue_size	1000
disabled_storage_engines	
disconnect_on_expired_password	ON
div_precision_increment	4
end_markers_in_json	OFF
enforce_gtid_consistency	ON
eq_range_index_dive_limit	200
event_scheduler	OFF
expire_logs_days	14
explicit_defaults_for_timestamp	ON
flush	OFF
flush_time	0
foreign_key_checks	ON
ft_boolean_syntax	+ -><()~*:""&|
ft_max_word_len	84
ft_min_word_len	4
ft_query_expansion_limit	20
ft_stopword_file	(built-in)
general_log	OFF
general_log_file	/app/mysql/data/localhost.log
group_concat_max_len	1024
gtid_executed	4a6f6379-e770-11ea-8c3b-005056aae9bb:1-53685567
gtid_executed_compression_period	1000
gtid_mode	ON
gtid_owned	
gtid_purged	4a6f6379-e770-11ea-8c3b-005056aae9bb:1-50400149
have_compress	YES
have_crypt	YES
have_dynamic_loading	YES
have_geometry	YES
have_openssl	DISABLED
have_profiling	YES
have_query_cache	YES
have_rtree_keys	YES
have_ssl	DISABLED
have_statement_timeout	YES
have_symlink	YES
host_cache_size	653
hostname	localhost.localdomain
ignore_builtin_innodb	OFF
ignore_db_dirs	
init_connect	
init_file	
init_slave	
innodb_adaptive_flushing	ON
innodb_adaptive_flushing_lwm	10
innodb_adaptive_hash_index	ON
innodb_adaptive_hash_index_parts	8
innodb_adaptive_max_sleep_delay	150000
innodb_api_bk_commit_interval	5
innodb_api_disable_rowlock	OFF
innodb_api_enable_binlog	OFF
innodb_api_enable_mdl	OFF
innodb_api_trx_level	0
innodb_autoextend_increment	64
innodb_autoinc_lock_mode	1
innodb_buffer_pool_chunk_size	134217728
innodb_buffer_pool_dump_at_shutdown	ON
innodb_buffer_pool_dump_now	OFF
innodb_buffer_pool_dump_pct	25
innodb_buffer_pool_filename	ib_buffer_pool
innodb_buffer_pool_instances	8
innodb_buffer_pool_load_abort	OFF
innodb_buffer_pool_load_at_startup	ON
innodb_buffer_pool_load_now	OFF
innodb_buffer_pool_size	10737418240
innodb_change_buffer_max_size	25
innodb_change_buffering	all
innodb_checksum_algorithm	innodb
innodb_checksums	ON
innodb_cmp_per_index_enabled	OFF
innodb_commit_concurrency	0
innodb_compression_failure_threshold_pct	5
innodb_compression_level	6
innodb_compression_pad_pct_max	50
innodb_concurrency_tickets	5000
innodb_data_file_path	ibdata1:200M:autoextend
innodb_data_home_dir	
innodb_deadlock_detect	ON
innodb_default_row_format	dynamic
innodb_disable_sort_file_cache	OFF
innodb_doublewrite	ON
innodb_fast_shutdown	1
innodb_file_format	Barracuda
innodb_file_format_check	ON
innodb_file_format_max	Barracuda
innodb_file_per_table	ON
innodb_fill_factor	100
innodb_flush_log_at_timeout	1
innodb_flush_log_at_trx_commit	1
innodb_flush_method	O_DIRECT
innodb_flush_neighbors	1
innodb_flush_sync	ON
innodb_flushing_avg_loops	30
innodb_force_load_corrupted	OFF
innodb_force_recovery	0
innodb_ft_aux_table	
innodb_ft_cache_size	8000000
innodb_ft_enable_diag_print	OFF
innodb_ft_enable_stopword	ON
innodb_ft_max_token_size	84
innodb_ft_min_token_size	3
innodb_ft_num_word_optimize	2000
innodb_ft_result_cache_limit	2000000000
innodb_ft_server_stopword_table	
innodb_ft_sort_pll_degree	2
innodb_ft_total_cache_size	640000000
innodb_ft_user_stopword_table	
innodb_io_capacity	800
innodb_io_capacity_max	2000
innodb_large_prefix	ON
innodb_lock_wait_timeout	5
innodb_locks_unsafe_for_binlog	OFF
innodb_log_buffer_size	16777216
innodb_log_checksums	ON
innodb_log_compressed_pages	ON
innodb_log_file_size	1572864000
innodb_log_files_in_group	2
innodb_log_group_home_dir	./
innodb_log_write_ahead_size	8192
innodb_lru_scan_depth	1024
innodb_max_dirty_pages_pct	75.000000
innodb_max_dirty_pages_pct_lwm	0.000000
innodb_max_purge_lag	0
innodb_max_purge_lag_delay	0
innodb_max_undo_log_size	1073741824
innodb_monitor_disable	
innodb_monitor_enable	
innodb_monitor_reset	
innodb_monitor_reset_all	
innodb_numa_interleave	OFF
innodb_old_blocks_pct	37
innodb_old_blocks_time	1000
innodb_online_alter_log_max_size	134217728
innodb_open_files	2000
innodb_optimize_fulltext_only	OFF
innodb_page_cleaners	4
innodb_page_size	16384
innodb_print_all_deadlocks	ON
innodb_purge_batch_size	300
innodb_purge_rseg_truncate_frequency	128
innodb_purge_threads	4
innodb_random_read_ahead	OFF
innodb_read_ahead_threshold	56
innodb_read_io_threads	4
innodb_read_only	OFF
innodb_replication_delay	0
innodb_rollback_on_timeout	OFF
innodb_rollback_segments	128
innodb_sort_buffer_size	67108864
innodb_spin_wait_delay	6
innodb_stats_auto_recalc	ON
innodb_stats_include_delete_marked	OFF
innodb_stats_method	nulls_equal
innodb_stats_on_metadata	OFF
innodb_stats_persistent	ON
innodb_stats_persistent_sample_pages	20
innodb_stats_sample_pages	8
innodb_stats_transient_sample_pages	8
innodb_status_output	OFF
innodb_status_output_locks	OFF
innodb_strict_mode	ON
innodb_support_xa	ON
innodb_sync_array_size	1
innodb_sync_spin_loops	30
innodb_table_locks	ON
innodb_temp_data_file_path	ibtmp1:12M:autoextend
innodb_thread_concurrency	0
innodb_thread_sleep_delay	10000
innodb_tmpdir	
innodb_undo_directory	./
innodb_undo_log_truncate	OFF
innodb_undo_logs	128
innodb_undo_tablespaces	0
innodb_use_native_aio	ON
innodb_version	5.7.24
innodb_write_io_threads	4
interactive_timeout	28800
internal_tmp_disk_storage_engine	InnoDB
join_buffer_size	8388608
keep_files_on_create	OFF
key_buffer_size	8388608
key_cache_age_threshold	300
key_cache_block_size	1024
key_cache_division_limit	100
keyring_operations	ON
large_files_support	ON
large_page_size	0
large_pages	OFF
lc_messages	en_US
lc_messages_dir	/usr/local/mysql/share/
lc_time_names	en_US
license	GPL
local_infile	ON
lock_wait_timeout	31536000
locked_in_memory	OFF
log_bin	ON
log_bin_basename	/app/mysql/data/mysql-bin
log_bin_index	/app/mysql/data/mysql-bin.index
log_bin_trust_function_creators	ON
log_bin_use_v1_row_events	OFF
log_builtin_as_identified_by_password	OFF
log_error	./mysql-error.log
log_error_verbosity	3
log_output	FILE
log_queries_not_using_indexes	ON
log_slave_updates	ON
log_slow_admin_statements	ON
log_slow_slave_statements	ON
log_statements_unsafe_for_binlog	ON
log_syslog	OFF
log_syslog_facility	daemon
log_syslog_include_pid	ON
log_syslog_tag	
log_throttle_queries_not_using_indexes	10
log_timestamps	UTC
log_warnings	2
long_query_time	2.000000
low_priority_updates	OFF
lower_case_file_system	OFF
lower_case_table_names	1
master_info_repository	TABLE
master_verify_checksum	OFF
max_allowed_packet	33554432
max_binlog_cache_size	18446744073709547520
max_binlog_size	268435456
max_binlog_stmt_cache_size	18446744073709547520
max_connect_errors	100000
max_connections	1000
max_delayed_threads	20
max_digest_length	1024
max_error_count	64
max_execution_time	0
max_heap_table_size	16777216
max_insert_delayed_threads	20
max_join_size	18446744073709551615
max_length_for_sort_data	1024
max_points_in_geometry	65536
max_prepared_stmt_count	16382
max_relay_log_size	0
max_seeks_for_key	18446744073709551615
max_sort_length	1024
max_sp_recursion_depth	0
max_tmp_tables	32
max_user_connections	0
max_write_lock_count	18446744073709551615
metadata_locks_cache_size	1024
metadata_locks_hash_instances	8
min_examined_row_limit	1000
multi_range_count	256
myisam_data_pointer_size	6
myisam_max_sort_file_size	9223372036853727232
myisam_mmap_size	18446744073709551615
myisam_recover_options	OFF
myisam_repair_threads	1
myisam_sort_buffer_size	8388608
myisam_stats_method	nulls_unequal
myisam_use_mmap	OFF
mysql_native_password_proxy_users	OFF
net_buffer_length	16384
net_read_timeout	30
net_retry_count	10
net_write_timeout	60
new	OFF
ngram_token_size	2
offline_mode	OFF
old	OFF
old_alter_table	OFF
old_passwords	0
open_files_limit	65535
optimizer_prune_level	1
optimizer_search_depth	62
optimizer_switch	index_merge=on,index_merge_union=on,index_merge_sort_union=on,index_merge_intersection=on,engine_condition_pushdown=on,index_condition_pushdown=on,mrr=on,mrr_cost_based=on,block_nested_loop=on,batched_key_access=off,materialization=on,semijoin=on,loosescan=on,firstmatch=on,duplicateweedout=on,subquery_materialization_cost_based=on,use_index_extensions=on,condition_fanout_filter=on,derived_merge=on
optimizer_trace	enabled=off,one_line=off
optimizer_trace_features	greedy_search=on,range_optimizer=on,dynamic_range=on,repeated_subselect=on
optimizer_trace_limit	1
optimizer_trace_max_mem_size	16384
optimizer_trace_offset	-1
parser_max_mem_size	18446744073709551615
performance_schema	ON
performance_schema_accounts_size	-1
performance_schema_digests_size	10000
performance_schema_events_stages_history_long_size	10000
performance_schema_events_stages_history_size	10
performance_schema_events_statements_history_long_size	10000
performance_schema_events_statements_history_size	10
performance_schema_events_transactions_history_long_size	10000
performance_schema_events_transactions_history_size	10
performance_schema_events_waits_history_long_size	10000
performance_schema_events_waits_history_size	10
performance_schema_hosts_size	-1
performance_schema_max_cond_classes	80
performance_schema_max_cond_instances	-1
performance_schema_max_digest_length	1024
performance_schema_max_file_classes	80
performance_schema_max_file_handles	32768
performance_schema_max_file_instances	-1
performance_schema_max_index_stat	-1
performance_schema_max_memory_classes	320
performance_schema_max_metadata_locks	-1
performance_schema_max_mutex_classes	210
performance_schema_max_mutex_instances	-1
performance_schema_max_prepared_statements_instances	-1
performance_schema_max_program_instances	-1
performance_schema_max_rwlock_classes	40
performance_schema_max_rwlock_instances	-1
performance_schema_max_socket_classes	10
performance_schema_max_socket_instances	-1
performance_schema_max_sql_text_length	1024
performance_schema_max_stage_classes	150
performance_schema_max_statement_classes	193
performance_schema_max_statement_stack	10
performance_schema_max_table_handles	-1
performance_schema_max_table_instances	-1
performance_schema_max_table_lock_stat	-1
performance_schema_max_thread_classes	50
performance_schema_max_thread_instances	-1
performance_schema_session_connect_attrs_size	512
performance_schema_setup_actors_size	-1
performance_schema_setup_objects_size	-1
performance_schema_users_size	-1
pid_file	/app/mysql/data/mysql.pid
plugin_dir	/usr/local/mysql/lib/plugin/
port	3306
preload_buffer_size	32768
profiling	OFF
profiling_history_size	15
protocol_version	10
query_alloc_block_size	8192
query_cache_limit	1048576
query_cache_min_res_unit	4096
query_cache_size	0
query_cache_type	OFF
query_cache_wlock_invalidate	OFF
query_prealloc_size	8192
range_alloc_block_size	4096
range_optimizer_max_mem_size	8388608
rbr_exec_mode	STRICT
read_buffer_size	8388608
read_only	ON
read_rnd_buffer_size	8388608
relay_log	mysql-relay.log
relay_log_basename	/app/mysql/data/mysql-relay
relay_log_index	/app/mysql/data/mysql-relay.index
relay_log_info_file	relay-log.info
relay_log_info_repository	TABLE
relay_log_purge	ON
relay_log_recovery	ON
relay_log_space_limit	0
report_host	
report_password	
report_port	3306
report_user	
require_secure_transport	OFF
rpl_semi_sync_master_enabled	ON
rpl_semi_sync_master_timeout	5000
rpl_semi_sync_master_trace_level	32
rpl_semi_sync_master_wait_for_slave_count	1
rpl_semi_sync_master_wait_no_slave	ON
rpl_semi_sync_master_wait_point	AFTER_SYNC
rpl_semi_sync_slave_enabled	ON
rpl_semi_sync_slave_trace_level	32
rpl_stop_slave_timeout	31536000
secure_auth	ON
secure_file_priv	
server_id	82003306
server_id_bits	32
server_uuid	b9520307-e901-11ea-ba52-005056bef95d
session_track_gtids	OFF
session_track_schema	ON
session_track_state_change	OFF
session_track_system_variables	time_zone,autocommit,character_set_client,character_set_results,character_set_connection
session_track_transaction_info	OFF
sha256_password_proxy_users	OFF
show_compatibility_56	OFF
show_create_table_verbosity	OFF
show_old_temporals	OFF
skip_external_locking	ON
skip_name_resolve	ON
skip_networking	OFF
skip_show_database	OFF
slave_allow_batching	OFF
slave_checkpoint_group	512
slave_checkpoint_period	300
slave_compressed_protocol	OFF
slave_exec_mode	STRICT
slave_load_tmpdir	/app/mysql/mysql_tmp
slave_max_allowed_packet	1073741824
slave_net_timeout	60
slave_parallel_type	DATABASE
slave_parallel_workers	0
slave_pending_jobs_size_max	16777216
slave_preserve_commit_order	OFF
slave_rows_search_algorithms	TABLE_SCAN,INDEX_SCAN
slave_skip_errors	OFF
slave_sql_verify_checksum	ON
slave_transaction_retries	10
slave_type_conversions	
slow_launch_time	2
slow_query_log	ON
slow_query_log_file	mysql-slow.log
socket	/app/mysql/data/mysql.sock
sort_buffer_size	2097152
sql_auto_is_null	OFF
sql_big_selects	ON
sql_buffer_result	OFF
sql_log_off	OFF
sql_mode	ONLY_FULL_GROUP_BY,STRICT_TRANS_TABLES,NO_ZERO_IN_DATE,NO_ZERO_DATE,ERROR_FOR_DIVISION_BY_ZERO,NO_AUTO_CREATE_USER,NO_ENGINE_SUBSTITUTION
sql_notes	ON
sql_quote_show_create	ON
sql_safe_updates	OFF
sql_select_limit	18446744073709551615
sql_slave_skip_counter	0
sql_warnings	OFF
ssl_ca	
ssl_capath	
ssl_cert	
ssl_cipher	
ssl_crl	
ssl_crlpath	
ssl_key	
stored_program_cache	256
super_read_only	OFF
sync_binlog	1
sync_frm	ON
sync_master_info	10000
sync_relay_log	10000
sync_relay_log_info	10000
system_time_zone	CST
table_definition_cache	1400
table_open_cache	2000
table_open_cache_instances	16
thread_cache_size	18
thread_handling	one-thread-per-connection
thread_stack	262144
time_format	%H:%i:%s
time_zone	SYSTEM
tls_version	TLSv1,TLSv1.1
tmp_table_size	67108864
tmpdir	/app/mysql/mysql_tmp
transaction_alloc_block_size	8192
transaction_isolation	REPEATABLE-READ
transaction_prealloc_size	4096
transaction_read_only	OFF
transaction_write_set_extraction	OFF
tx_isolation	REPEATABLE-READ
tx_read_only	OFF
unique_checks	ON
updatable_views_with_limit	YES
version	5.7.24-log
version_comment	MySQL Community Server (GPL)
version_compile_machine	x86_64
version_compile_os	linux-glibc2.12
wait_timeout	28800
ERROR LOG:
2020-09-02T08:13:51.400410Z 0 [Note] InnoDB: buffer pool 0 : start to withdraw the last 16382 blocks.
2020-09-02T08:13:51.408810Z 0 [Note] InnoDB: buffer pool 0 : withdrawing blocks. (16382/16382)
2020-09-02T08:13:51.408875Z 0 [Note] InnoDB: buffer pool 0 : withdrew 16382 blocks from free list. Tried to relocate 0 pages (16382/16382).
2020-09-02T08:13:51.408932Z 0 [Note] InnoDB: buffer pool 0 : withdrawn target 16382 blocks.
2020-09-02T08:13:51.408948Z 0 [Note] InnoDB: buffer pool 1 : start to withdraw the last 16382 blocks.
2020-09-02T08:13:51.417360Z 0 [Note] InnoDB: buffer pool 1 : withdrawing blocks. (16382/16382)
2020-09-02T08:13:51.417412Z 0 [Note] InnoDB: buffer pool 1 : withdrew 16382 blocks from free list. Tried to relocate 0 pages (16382/16382).
2020-09-02T08:13:51.417468Z 0 [Note] InnoDB: buffer pool 1 : withdrawn target 16382 blocks.
2020-09-02T08:13:51.417484Z 0 [Note] InnoDB: buffer pool 2 : start to withdraw the last 16382 blocks.
2020-09-02T08:13:51.425398Z 0 [Note] InnoDB: buffer pool 2 : withdrawing blocks. (16382/16382)
2020-09-02T08:13:51.425452Z 0 [Note] InnoDB: buffer pool 2 : withdrew 16382 blocks from free list. Tried to relocate 0 pages (16382/16382).
2020-09-02T08:13:51.425508Z 0 [Note] InnoDB: buffer pool 2 : withdrawn target 16382 blocks.
2020-09-02T08:13:51.425524Z 0 [Note] InnoDB: buffer pool 3 : start to withdraw the last 16382 blocks.
2020-09-02T08:13:51.433820Z 0 [Note] InnoDB: buffer pool 3 : withdrawing blocks. (16382/16382)
2020-09-02T08:13:51.433881Z 0 [Note] InnoDB: buffer pool 3 : withdrew 16382 blocks from free list. Tried to relocate 0 pages (16382/16382).
2020-09-02T08:13:51.433937Z 0 [Note] InnoDB: buffer pool 3 : withdrawn target 16382 blocks.
2020-09-02T08:13:51.433953Z 0 [Note] InnoDB: buffer pool 4 : start to withdraw the last 16382 blocks.
2020-09-02T08:13:51.441782Z 0 [Note] InnoDB: buffer pool 4 : withdrawing blocks. (16382/16382)
2020-09-02T08:13:51.441833Z 0 [Note] InnoDB: buffer pool 4 : withdrew 16382 blocks from free list. Tried to relocate 0 pages (16382/16382).
2020-09-02T08:13:51.441891Z 0 [Note] InnoDB: buffer pool 4 : withdrawn target 16382 blocks.
2020-09-02T08:13:51.441906Z 0 [Note] InnoDB: buffer pool 5 : start to withdraw the last 16382 blocks.
2020-09-02T08:13:51.451068Z 0 [Note] InnoDB: buffer pool 5 : withdrawing blocks. (16382/16382)
2020-09-02T08:13:51.451119Z 0 [Note] InnoDB: buffer pool 5 : withdrew 16382 blocks from free list. Tried to relocate 0 pages (16382/16382).
2020-09-02T08:13:51.451175Z 0 [Note] InnoDB: buffer pool 5 : withdrawn target 16382 blocks.
2020-09-02T08:13:51.451191Z 0 [Note] InnoDB: buffer pool 6 : start to withdraw the last 16382 blocks.
2020-09-02T08:13:51.459791Z 0 [Note] InnoDB: buffer pool 6 : withdrawing blocks. (16382/16382)
2020-09-02T08:13:51.459860Z 0 [Note] InnoDB: buffer pool 6 : withdrew 16382 blocks from free list. Tried to relocate 0 pages (16382/16382).
2020-09-02T08:13:51.459917Z 0 [Note] InnoDB: buffer pool 6 : withdrawn target 16382 blocks.
2020-09-02T08:13:51.459933Z 0 [Note] InnoDB: buffer pool 7 : start to withdraw the last 16382 blocks.
2020-09-02T08:13:51.468504Z 0 [Note] InnoDB: buffer pool 7 : withdrawing blocks. (16382/16382)
2020-09-02T08:13:51.468557Z 0 [Note] InnoDB: buffer pool 7 : withdrew 16382 blocks from free list. Tried to relocate 0 pages (16382/16382).
2020-09-02T08:13:51.468612Z 0 [Note] InnoDB: buffer pool 7 : withdrawn target 16382 blocks.
2020-09-02T08:13:51.468679Z 0 [Note] InnoDB: Latching whole of buffer pool.
2020-09-02T08:13:51.468738Z 0 [Note] InnoDB: buffer pool 0 : resizing with chunks 12 to 10.
2020-09-02T08:13:51.476338Z 0 [Note] InnoDB: buffer pool 0 : 2 chunks (16382 blocks) were freed.
2020-09-02T08:13:51.476409Z 0 [Note] InnoDB: buffer pool 1 : resizing with chunks 12 to 10.
2020-09-02T08:13:51.482727Z 0 [Note] InnoDB: buffer pool 1 : 2 chunks (16382 blocks) were freed.
2020-09-02T08:13:51.482779Z 0 [Note] InnoDB: buffer pool 2 : resizing with chunks 12 to 10.
2020-09-02T08:13:51.489269Z 0 [Note] InnoDB: buffer pool 2 : 2 chunks (16382 blocks) were freed.
2020-09-02T08:13:51.489306Z 0 [Note] InnoDB: buffer pool 3 : resizing with chunks 12 to 10.
2020-09-02T08:13:51.495654Z 0 [Note] InnoDB: buffer pool 3 : 2 chunks (16382 blocks) were freed.
2020-09-02T08:13:51.495708Z 0 [Note] InnoDB: buffer pool 4 : resizing with chunks 12 to 10.
2020-09-02T08:13:51.502128Z 0 [Note] InnoDB: buffer pool 4 : 2 chunks (16382 blocks) were freed.
2020-09-02T08:13:51.502166Z 0 [Note] InnoDB: buffer pool 5 : resizing with chunks 12 to 10.
2020-09-02T08:13:51.509866Z 0 [Note] InnoDB: buffer pool 5 : 2 chunks (16382 blocks) were freed.
2020-09-02T08:13:51.509907Z 0 [Note] InnoDB: buffer pool 6 : resizing with chunks 12 to 10.
2020-09-02T08:13:51.516487Z 0 [Note] InnoDB: buffer pool 6 : 2 chunks (16382 blocks) were freed.
2020-09-02T08:13:51.516542Z 0 [Note] InnoDB: buffer pool 7 : resizing with chunks 12 to 10.
2020-09-02T08:13:51.522922Z 0 [Note] InnoDB: buffer pool 7 : 2 chunks (16382 blocks) were freed.
2020-09-02T08:13:51.523059Z 0 [Note] InnoDB: Completed to resize buffer pool from 12884901888 to 10737418240.
2020-09-02T08:13:51.523084Z 0 [Note] InnoDB: Re-enabled adaptive hash index.
2020-09-02T08:13:51.523114Z 0 [Note] InnoDB: Completed resizing buffer pool at 200902 16:13:51.
2020-09-29T16:12:25.015983Z 3955 [Note] Got an error reading communication packets
2020-09-29T16:12:28.640385Z 3956 [Note] Got an error reading communication packets
2020-09-29T16:12:29.660340Z 3957 [Note] Got an error reading communication packets
2020-09-29T16:14:06.648778Z 3959 [Note] Got packets out of order
2020-09-29T16:14:06.648844Z 3960 [Note] Got packets out of order
2020-09-29T16:14:06.648844Z 3958 [Note] Got packets out of order
2020-09-29T16:14:06.755941Z 3961 [Note] Got packets out of order
2020-09-29T16:14:24.631397Z 3962 [Note] Got an error reading communication packets
2020-09-29T16:14:29.628424Z 3963 [Note] Bad handshake
2020-09-29T16:14:57.563148Z 3964 [Note] Got an error reading communication packets
2020-10-26T07:46:21.706596Z 7802 [Note] Got an error reading communication packets
2020-10-26T07:46:22.151195Z 7803 [Note] Got packets out of order
2020-10-26T07:46:22.151341Z 7804 [Note] Got packets out of order
2020-10-26T07:46:22.189791Z 7806 [Note] Got packets out of order
2020-10-26T07:46:22.189860Z 7805 [Note] Got packets out of order
2020-10-26T07:46:25.601395Z 7807 [Note] Got an error reading communication packets
2020-10-26T07:46:25.670975Z 7808 [Note] Bad handshake
2020-10-26T16:13:53.096974Z 7860 [Note] Got an error reading communication packets
2020-10-26T16:13:53.462013Z 7861 [Note] Got an error reading communication packets
2020-10-26T16:13:54.557962Z 7862 [Note] Got an error reading communication packets
2020-10-26T16:13:56.061066Z 7863 [Note] Got an error reading communication packets
2020-10-26T16:13:57.798039Z 7864 [Note] Got an error reading communication packets
2020-10-26T16:13:59.795878Z 7865 [Note] Got an error reading communication packets
2020-10-26T16:14:00.082287Z 7866 [Note] Got an error reading communication packets
2020-10-26T16:14:00.818421Z 7867 [Note] Got an error reading communication packets
2020-10-26T16:14:01.982138Z 7868 [Note] Got an error reading communication packets
2020-10-26T16:14:03.467371Z 7869 [Note] Got an error reading communication packets
2020-10-26T16:14:03.524504Z 7870 [Note] Got an error reading communication packets
2020-10-26T16:14:03.894891Z 7871 [Note] Got an error reading communication packets
2020-10-26T16:14:04.632652Z 7872 [Note] Got an error reading communication packets
2020-10-26T16:14:05.401933Z 7873 [Note] Got an error reading communication packets
2020-10-26T16:14:06.046498Z 7874 [Note] Got an error reading communication packets
2020-10-26T16:15:31.870563Z 7877 [Note] Got packets out of order
2020-10-26T16:15:31.870598Z 7876 [Note] Got packets out of order
2020-10-26T16:15:31.870627Z 7875 [Note] Got packets out of order
2020-10-26T16:15:31.888683Z 7878 [Note] Got packets out of order
2020-10-26T16:15:41.653600Z 7879 [Note] Got an error reading communication packets
2020-10-26T16:15:43.592216Z 7880 [Note] Bad handshake
2020-10-26T16:16:03.583016Z 7881 [Note] Got an error reading communication packets
2020-11-26T16:14:12.050501Z 12347 [Note] Got an error reading communication packets
2020-11-26T16:14:13.436437Z 12348 [Note] Got an error reading communication packets
2020-11-26T16:14:14.090938Z 12349 [Note] Got an error reading communication packets
2020-11-26T16:14:14.468501Z 12350 [Note] Got an error reading communication packets
2020-11-26T16:14:15.177627Z 12351 [Note] Got an error reading communication packets
2020-11-26T16:14:15.881734Z 12352 [Note] Got an error reading communication packets
2020-11-26T16:14:16.624796Z 12353 [Note] Got an error reading communication packets
2020-11-26T16:15:43.266320Z 12354 [Note] Got packets out of order
2020-11-26T16:15:43.271483Z 12356 [Note] Got packets out of order
2020-11-26T16:15:43.271519Z 12355 [Note] Got packets out of order
2020-11-26T16:15:43.282954Z 12357 [Note] Got packets out of order
2020-11-26T16:16:07.607303Z 12358 [Note] Got an error reading communication packets
2020-11-26T16:16:07.783217Z 12359 [Note] Bad handshake
2020-11-26T16:16:27.692326Z 12360 [Note] Got an error reading communication packets
2020-12-26T16:14:21.027251Z 16627 [Note] Got an error reading communication packets
2020-12-26T16:14:22.274908Z 16628 [Note] Got an error reading communication packets
2020-12-26T16:14:25.122924Z 16629 [Note] Got an error reading communication packets
2020-12-26T16:14:26.013355Z 16630 [Note] Got an error reading communication packets
2020-12-26T16:14:27.115152Z 16631 [Note] Got an error reading communication packets
2020-12-26T16:14:29.386231Z 16632 [Note] Got an error reading communication packets
2020-12-26T16:14:33.191592Z 16633 [Note] Got an error reading communication packets
2020-12-26T16:16:01.268845Z 16634 [Note] Got packets out of order
2020-12-26T16:16:01.423995Z 16635 [Note] Got packets out of order
2020-12-26T16:16:01.424404Z 16636 [Note] Got packets out of order
2020-12-26T16:16:02.304329Z 16637 [Note] Got packets out of order
2020-12-26T16:16:19.214270Z 16638 [Note] Got an error reading communication packets
2020-12-26T16:16:44.180620Z 16639 [Note] Bad handshake
2020-12-26T16:16:52.087472Z 16640 [Note] Got an error reading communication packets
2021-01-19T14:13:30.062468Z 20082 [Note] Got an error reading communication packets
2021-01-19T14:13:30.516350Z 20083 [Note] Got an error reading communication packets
2021-01-19T14:13:30.903694Z 20084 [Note] Got an error reading communication packets
2021-01-19T14:13:31.911095Z 20085 [Note] Got an error reading communication packets
2021-01-19T14:13:33.995326Z 20086 [Note] Got an error reading communication packets
2021-01-19T14:13:34.385116Z 20087 [Note] Got an error reading communication packets
2021-01-19T14:13:34.678691Z 20088 [Note] Got an error reading communication packets
2021-01-19T14:13:36.041467Z 20089 [Note] Got an error reading communication packets
2021-01-19T14:15:10.146675Z 20090 [Note] Got packets out of order
2021-01-19T14:15:10.171650Z 20091 [Note] Got packets out of order
2021-01-19T14:15:10.171664Z 20092 [Note] Got packets out of order
2021-01-19T14:15:26.668591Z 20093 [Note] Got an error reading communication packets
2021-01-19T14:15:46.947710Z 20094 [Note] Bad handshake
2021-01-19T14:16:03.115189Z 20095 [Note] Got an error reading communication packets
2021-02-02T06:46:52.783770Z 22067 [Note] Access denied for user 'root'@'localhost' (using password: NO)
2021-02-02T06:47:46.978201Z 22083 [Note] Access denied for user 'root'@'localhost' (using password: NO)
2021-02-19T14:13:55.011441Z 24590 [Note] Got an error reading communication packets
2021-02-19T14:13:55.565491Z 24591 [Note] Got an error reading communication packets
2021-02-19T14:13:56.469619Z 24592 [Note] Got an error reading communication packets
2021-02-19T14:13:58.227516Z 24593 [Note] Got an error reading communication packets
2021-02-19T14:13:58.559140Z 24594 [Note] Got an error reading communication packets
2021-02-19T14:13:59.239867Z 24595 [Note] Got an error reading communication packets
2021-02-19T14:13:59.985812Z 24596 [Note] Got an error reading communication packets
2021-02-19T14:14:01.159400Z 24597 [Note] Got an error reading communication packets
2021-02-19T14:14:02.623126Z 24598 [Note] Got an error reading communication packets
2021-02-19T14:14:03.623320Z 24599 [Note] Got an error reading communication packets
2021-02-19T14:15:40.778281Z 24600 [Note] Got packets out of order
2021-02-19T14:15:40.942276Z 24601 [Note] Got packets out of order
2021-02-19T14:15:40.942303Z 24602 [Note] Got packets out of order
2021-02-19T14:15:41.106534Z 24603 [Note] Got packets out of order
2021-02-19T14:16:00.871443Z 24604 [Note] Got an error reading communication packets
2021-02-19T14:16:32.922068Z 24605 [Note] Bad handshake
2021-02-19T14:16:37.314657Z 24606 [Note] Got an error reading communication packets
2021-03-15T14:10:08.008615Z 28063 [Note] Got an error reading communication packets
2021-03-15T14:10:08.067977Z 28064 [Note] Got an error reading communication packets
2021-03-15T14:10:08.819648Z 28065 [Note] Got an error reading communication packets
2021-03-15T14:10:10.632433Z 28066 [Note] Got an error reading communication packets
2021-03-15T14:10:29.330180Z 28067 [Note] Got an error reading communication packets
2021-03-15T14:11:54.099742Z 28068 [Note] Got packets out of order
2021-03-15T14:11:54.149269Z 28069 [Note] Got packets out of order
2021-03-15T14:11:54.149334Z 28070 [Note] Got packets out of order
2021-03-15T14:12:10.130731Z 28071 [Note] Got an error reading communication packets
2021-03-15T14:12:31.516080Z 28072 [Note] Bad handshake
2021-03-15T14:12:41.756524Z 28073 [Note] Got an error reading communication packets
2021-04-08T07:12:22.555067Z 31490 [Note] Access denied for user 'root'@'localhost' (using password: NO)
2021-04-15T14:11:56.036601Z 32561 [Note] Got an error reading communication packets
2021-04-15T14:11:58.425355Z 32562 [Note] Got an error reading communication packets
2021-04-15T14:11:58.731209Z 32563 [Note] Got an error reading communication packets
2021-04-15T14:12:03.281906Z 32564 [Note] Got an error reading communication packets
2021-04-15T14:12:04.048071Z 32565 [Note] Got an error reading communication packets
2021-04-15T14:13:44.231650Z 32568 [Note] Got packets out of order
2021-04-15T14:13:44.231884Z 32566 [Note] Got packets out of order
2021-04-15T14:13:44.235848Z 32567 [Note] Got packets out of order
2021-04-15T14:13:45.161531Z 32569 [Note] Got packets out of order
2021-04-15T14:14:04.162982Z 32570 [Note] Got an error reading communication packets
2021-04-15T14:14:41.640806Z 32571 [Note] Bad handshake
2021-04-15T14:14:48.500724Z 32572 [Note] Got an error reading communication packets
2021-05-15T14:10:50.059229Z 36893 [Note] Got an error reading communication packets
2021-05-15T14:10:50.224713Z 36894 [Note] Got an error reading communication packets
2021-05-15T14:10:51.783624Z 36895 [Note] Got an error reading communication packets
2021-05-15T14:11:10.908819Z 36896 [Note] Got an error reading communication packets
2021-05-15T14:12:27.342028Z 36897 [Note] Got packets out of order
2021-05-15T14:12:27.349558Z 36898 [Note] Got packets out of order
2021-05-15T14:12:27.349574Z 36899 [Note] Got packets out of order
2021-05-15T14:12:28.197095Z 36900 [Note] Got packets out of order
2021-05-15T14:12:44.197049Z 36901 [Note] Got an error reading communication packets
2021-05-15T14:12:57.042027Z 36902 [Note] Bad handshake
2021-05-15T14:13:13.832548Z 36903 [Note] Got an error reading communication packets
2021-06-15T14:10:54.057669Z 41350 [Note] Got an error reading communication packets
2021-06-15T14:10:54.407950Z 41351 [Note] Got an error reading communication packets
2021-06-15T14:10:56.085599Z 41352 [Note] Got an error reading communication packets
2021-06-15T14:10:58.124157Z 41353 [Note] Got an error reading communication packets
2021-06-15T14:11:20.700415Z 41354 [Note] Got packets out of order
2021-06-15T14:12:29.415436Z 41355 [Note] Got packets out of order
2021-06-15T14:12:29.552881Z 41357 [Note] Got packets out of order
2021-06-15T14:12:29.552956Z 41356 [Note] Got packets out of order
2021-06-15T14:12:30.101100Z 41358 [Note] Got packets out of order
2021-06-15T14:12:43.361746Z 41359 [Note] Got an error reading communication packets
2021-06-15T14:12:59.305008Z 41360 [Note] Bad handshake
2021-06-15T14:13:15.814322Z 41361 [Note] Got an error reading communication packets
2021-07-15T06:28:02.207155Z 45635 [Note] Access denied for user 'root'@'localhost' (using password: NO)
