******************** MySQL--127.0.0.1--3306 ***********************
--------------
mysql  Ver 14.14 Distrib 5.7.24, for linux-glibc2.12 (x86_64) using  EditLine wrapper

Connection id:		263
Current database:	
Current user:		system@127.0.0.1
SSL:			Not in use
Current pager:		stdout
Using outfile:		''
Using delimiter:	;
Server version:		5.7.24-log MySQL Community Server (GPL)
Protocol version:	10
Connection:		127.0.0.1 via TCP/IP
Server characterset:	utf8mb4
Db     characterset:	utf8mb4
Client characterset:	utf8
Conn.  characterset:	utf8
TCP port:		3306
Uptime:			483 days 4 hours 20 min 30 sec

Threads: 3  Questions: 6531  Slow queries: 5  Opens: 7449  Flush tables: 1  Open tables: 1384  Queries per second avg: 0.000
--------------

                             basedir :	/usr/local/mysql/
                             datadir :	/data/mysql/data/
                                     :	          
               ####Business info#### :	          
                       Database size :	cloudload 0.004 GB db_monitor 0.000 GB sys 0.000 GB
                       Tables counts :	cloudload 180 db_monitor 1 sys 101
                      Engines counts :	NULL 102 InnoDB 171 MyISAM 9
                 Top 10 of big table :	jdp_log 1295 jdp_dict_item 651 jdp_resource 114 jdp_dict 88 hr_uncommitrp_statis_byweek 71 jdp_menu_item 69 jdp_mt_rescate_res 59 jdp_res_category 59 jdp_mt_role_res 30 hr_uncommitrp_statis_bymonth 17
        Top 10 of auto increment num :	jdp_log 1654 time_config 1440 hr_uncommitrp_statis_byweek 973 hr_uncommitrp_statis_bymonth 959 jdp_log_ex 11 accesslog 2 hr_attendance 1 hr_feedback_myothers 1 hr_meeting_content 1 hr_project_income 1
                                     :	          
              ####Runtime status#### :	          
                   Threads connected :	     1.00 
                                 QPS :	     0.00 
                                 TPS :	     0.00 
                               Reads :	   163.00 
                              Writes :	  2929.00 
                   Read/Writes Ratio :	    5.57% 
   MyISAM Key buffer read hits(>99%) :	   91.67% 
        MyISAM Key buffer write hits :	   29.81% 
                    Query cache hits :	    NULL% 
       InnoDB buffer read hits(>95%) :	   99.87% 
             Thread cache hits(>90%) :	   98.85% 
             Slow queries per second :	     0.00 
         Select full join per second :	     0.00 
      Select full join in all select :	    3.07% 
         MyiSAM lock contention(<1%) :	    0.00% 
           Temp tables to disk ratio :	    8.52% 
No innodb tables
def	cloudload	ci_customer	BASE TABLE	MyISAM	10	Dynamic	0	0	0	281474976710655	1024	0	NULL	2020-03-19 12:53:49	2020-03-19 12:53:49	NULL	utf8_general_ci	NULL		
def	cloudload	hr_annual_history	BASE TABLE	MyISAM	10	Dynamic	0	0	0	281474976710655	1024	0	1	2020-03-19 12:53:49	2020-03-19 12:53:49	2020-03-19 12:53:49	latin1_swedish_ci	NULL		年假历史余额表
def	cloudload	hr_comment_detail	BASE TABLE	MyISAM	10	Dynamic	0	0	0	281474976710655	1024	0	1	2020-03-19 12:53:49	2020-03-19 12:53:49	NULL	latin1_swedish_ci	NULL		
def	cloudload	hr_overtime	BASE TABLE	MyISAM	10	Dynamic	0	0	0	281474976710655	4096	0	1	2020-03-19 12:53:49	2020-03-19 12:53:49	2020-03-19 12:53:49	utf8_general_ci	NULL		
def	cloudload	hr_overtime_approver_detail	BASE TABLE	MyISAM	10	Dynamic	0	0	0	281474976710655	1024	0	1	2020-03-19 12:53:49	2020-03-19 12:53:49	NULL	latin1_swedish_ci	NULL		
def	cloudload	hr_overtime_approver_process	BASE TABLE	MyISAM	10	Dynamic	0	0	0	281474976710655	1024	0	1	2020-03-19 12:53:49	2020-03-19 12:53:49	2020-03-19 12:53:49	latin1_swedish_ci	NULL		
def	cloudload	hr_overtime_detail	BASE TABLE	MyISAM	10	Dynamic	0	0	0	281474976710655	1024	0	1	2020-03-19 12:53:49	2020-03-19 12:53:49	2020-03-19 12:53:49	latin1_swedish_ci	NULL		
def	cloudload	hr_overtime_history	BASE TABLE	MyISAM	10	Dynamic	0	0	0	281474976710655	1024	0	1	2020-03-19 12:53:49	2020-03-19 12:53:49	2020-03-19 12:53:49	latin1_swedish_ci	NULL		加班历史余额表
def	cloudload	job_project_weekly	BASE TABLE	MyISAM	10	Dynamic	0	0	0	281474976710655	1024	0	NULL	2020-03-19 12:53:50	2020-03-19 12:53:50	NULL	latin1_swedish_ci	NULL		
No primary key tables
TABLE_SCHEMA	TABLE_NAME	TABLE_TYPE	TABLE_ROWS
cloudload	jdp_keys	BASE TABLE	7
cloudload	jdp_message	BASE TABLE	0
cloudload	view_weekdtl_twelvemonth	VIEW	NULL
cloudload	view_weekdtl_twomonth	VIEW	NULL
test	city	BASE TABLE	0
password equals user
Global status:
Aborted_clients	4
Aborted_connects	196
Binlog_cache_disk_use	0
Binlog_cache_use	484
Binlog_stmt_cache_disk_use	0
Binlog_stmt_cache_use	22
Bytes_received	58035568
Bytes_sent	1764636
Com_admin_commands	28
Com_assign_to_keycache	0
Com_alter_db	0
Com_alter_db_upgrade	0
Com_alter_event	0
Com_alter_function	0
Com_alter_instance	0
Com_alter_procedure	0
Com_alter_server	0
Com_alter_table	414
Com_alter_tablespace	0
Com_alter_user	0
Com_analyze	0
Com_begin	484
Com_binlog	0
Com_call_procedure	0
Com_change_db	20
Com_change_master	1
Com_change_repl_filter	0
Com_check	0
Com_checksum	0
Com_commit	484
Com_create_db	4
Com_create_event	1
Com_create_function	0
Com_create_index	0
Com_create_procedure	0
Com_create_server	0
Com_create_table	213
Com_create_trigger	0
Com_create_udf	0
Com_create_user	2
Com_create_view	4
Com_dealloc_sql	0
Com_delete	969
Com_delete_multi	0
Com_do	0
Com_drop_db	0
Com_drop_event	0
Com_drop_function	0
Com_drop_index	0
Com_drop_procedure	0
Com_drop_server	0
Com_drop_table	209
Com_drop_trigger	0
Com_drop_user	0
Com_drop_view	4
Com_empty_query	0
Com_execute_sql	0
Com_explain_other	0
Com_flush	2
Com_get_diagnostics	0
Com_grant	13
Com_ha_close	0
Com_ha_open	0
Com_ha_read	0
Com_help	0
Com_insert	1959
Com_insert_select	0
Com_install_plugin	0
Com_kill	0
Com_load	0
Com_lock_tables	207
Com_optimize	0
Com_preload_keys	0
Com_prepare_sql	0
Com_purge	0
Com_purge_before_date	0
Com_release_savepoint	0
Com_rename_table	0
Com_rename_user	0
Com_repair	0
Com_replace	0
Com_replace_select	0
Com_reset	1
Com_resignal	0
Com_revoke	0
Com_revoke_all	0
Com_rollback	0
Com_rollback_to_savepoint	0
Com_savepoint	0
Com_select	176
Com_set_option	691
Com_signal	0
Com_show_binlog_events	0
Com_show_binlogs	0
Com_show_charsets	0
Com_show_collations	0
Com_show_create_db	0
Com_show_create_event	0
Com_show_create_func	0
Com_show_create_proc	0
Com_show_create_table	2
Com_show_create_trigger	0
Com_show_databases	13
Com_show_engine_logs	0
Com_show_engine_mutex	0
Com_show_engine_status	0
Com_show_events	0
Com_show_errors	0
Com_show_fields	785
Com_show_function_code	0
Com_show_function_status	0
Com_show_grants	0
Com_show_keys	0
Com_show_master_status	0
Com_show_open_tables	0
Com_show_plugins	1
Com_show_privileges	0
Com_show_procedure_code	0
Com_show_procedure_status	0
Com_show_processlist	1
Com_show_profile	0
Com_show_profiles	0
Com_show_relaylog_events	0
Com_show_slave_hosts	0
Com_show_slave_status	17
Com_show_status	14
Com_show_storage_engines	0
Com_show_table_status	0
Com_show_tables	10
Com_show_triggers	0
Com_show_variables	22
Com_show_warnings	0
Com_show_create_user	0
Com_shutdown	0
Com_slave_start	1
Com_slave_stop	0
Com_group_replication_start	0
Com_group_replication_stop	0
Com_stmt_execute	0
Com_stmt_close	0
Com_stmt_fetch	0
Com_stmt_prepare	0
Com_stmt_reset	0
Com_stmt_send_long_data	0
Com_truncate	0
Com_uninstall_plugin	0
Com_unlock_tables	207
Com_update	1
Com_update_multi	0
Com_xa_commit	0
Com_xa_end	0
Com_xa_prepare	0
Com_xa_recover	0
Com_xa_rollback	0
Com_xa_start	0
Com_stmt_reprepare	0
Connection_errors_accept	0
Connection_errors_internal	0
Connection_errors_max_connections	0
Connection_errors_peer_address	0
Connection_errors_select	0
Connection_errors_tcpwrap	0
Connections	268
Created_tmp_disk_tables	188
Created_tmp_files	6
Created_tmp_tables	2205
Delayed_errors	0
Delayed_insert_threads	0
Delayed_writes	0
Flush_commands	1
Handler_commit	7982
Handler_delete	1837
Handler_discover	0
Handler_external_lock	9991
Handler_mrr_init	0
Handler_prepare	6744
Handler_read_first	1486
Handler_read_key	8994
Handler_read_last	0
Handler_read_next	6
Handler_read_prev	0
Handler_read_rnd	2469
Handler_read_rnd_next	72050
Handler_rollback	0
Handler_savepoint	0
Handler_savepoint_rollback	0
Handler_update	4547
Handler_write	35520
Innodb_buffer_pool_dump_status	Dumping of buffer pool not started
Innodb_buffer_pool_load_status	Buffer pool(s) load completed at 200319 10:35:07
Innodb_buffer_pool_resize_status	
Innodb_buffer_pool_pages_data	1693
Innodb_buffer_pool_bytes_data	27738112
Innodb_buffer_pool_pages_dirty	67
Innodb_buffer_pool_bytes_dirty	1097728
Innodb_buffer_pool_pages_flushed	14631
Innodb_buffer_pool_pages_free	522556
Innodb_buffer_pool_pages_misc	7
Innodb_buffer_pool_pages_total	524256
Innodb_buffer_pool_read_ahead_rnd	0
Innodb_buffer_pool_read_ahead	0
Innodb_buffer_pool_read_ahead_evicted	0
Innodb_buffer_pool_read_requests	218686
Innodb_buffer_pool_reads	285
Innodb_buffer_pool_wait_free	0
Innodb_buffer_pool_write_requests	115809
Innodb_data_fsyncs	22073
Innodb_data_pending_fsyncs	0
Innodb_data_pending_reads	0
Innodb_data_pending_writes	0
Innodb_data_read	4739584
Innodb_data_reads	320
Innodb_data_writes	28327
Innodb_data_written	491231232
Innodb_dblwr_pages_written	14444
Innodb_dblwr_writes	5109
Innodb_log_waits	0
Innodb_log_write_requests	16141
Innodb_log_writes	5623
Innodb_os_log_fsyncs	7714
Innodb_os_log_pending_fsyncs	0
Innodb_os_log_pending_writes	0
Innodb_os_log_written	13795840
Innodb_page_size	16384
Innodb_pages_created	1409
Innodb_pages_read	284
Innodb_pages_written	14631
Innodb_row_lock_current_waits	0
Innodb_row_lock_time	0
Innodb_row_lock_time_avg	0
Innodb_row_lock_time_max	0
Innodb_row_lock_waits	0
Innodb_rows_deleted	1837
Innodb_rows_inserted	47371
Innodb_rows_read	24197
Innodb_rows_updated	614
Innodb_num_open_files	210
Innodb_truncated_status_writes	0
Innodb_available_undo_logs	128
Key_blocks_not_flushed	0
Key_blocks_unused	6686
Key_blocks_used	12
Key_read_requests	180
Key_reads	15
Key_write_requests	104
Key_writes	73
Locked_connects	0
Max_execution_time_exceeded	0
Max_execution_time_set	0
Max_execution_time_set_failed	0
Max_used_connections	3
Max_used_connections_time	2020-05-21 15:06:56
Not_flushed_delayed_rows	0
Ongoing_anonymous_transaction_count	0
Open_files	82
Open_streams	0
Open_table_definitions	403
Open_tables	1384
Opened_files	2394
Opened_table_definitions	846
Opened_tables	7809
Performance_schema_accounts_lost	0
Performance_schema_cond_classes_lost	0
Performance_schema_cond_instances_lost	0
Performance_schema_digest_lost	0
Performance_schema_file_classes_lost	0
Performance_schema_file_handles_lost	0
Performance_schema_file_instances_lost	0
Performance_schema_hosts_lost	0
Performance_schema_index_stat_lost	0
Performance_schema_locker_lost	0
Performance_schema_memory_classes_lost	0
Performance_schema_metadata_lock_lost	0
Performance_schema_mutex_classes_lost	0
Performance_schema_mutex_instances_lost	0
Performance_schema_nested_statement_lost	0
Performance_schema_prepared_statements_lost	0
Performance_schema_program_lost	0
Performance_schema_rwlock_classes_lost	0
Performance_schema_rwlock_instances_lost	0
Performance_schema_session_connect_attrs_lost	0
Performance_schema_socket_classes_lost	0
Performance_schema_socket_instances_lost	0
Performance_schema_stage_classes_lost	0
Performance_schema_statement_classes_lost	0
Performance_schema_table_handles_lost	0
Performance_schema_table_instances_lost	0
Performance_schema_table_lock_stat_lost	0
Performance_schema_thread_classes_lost	0
Performance_schema_thread_instances_lost	0
Performance_schema_users_lost	0
Prepared_stmt_count	0
Qcache_free_blocks	0
Qcache_free_memory	0
Qcache_hits	0
Qcache_inserts	0
Qcache_lowmem_prunes	0
Qcache_not_cached	0
Qcache_queries_in_cache	0
Qcache_total_blocks	0
Queries	6543
Questions	3119
Select_full_join	5
Select_full_range_join	0
Select_range	0
Select_range_check	0
Select_scan	174
Slave_open_temp_tables	0
Slow_launch_threads	0
Slow_queries	5
Sort_merge_passes	0
Sort_range	0
Sort_rows	637
Sort_scan	40
Ssl_accept_renegotiates	0
Ssl_accepts	0
Ssl_callback_cache_hits	0
Ssl_cipher	
Ssl_cipher_list	
Ssl_client_connects	0
Ssl_connect_renegotiates	0
Ssl_ctx_verify_depth	0
Ssl_ctx_verify_mode	0
Ssl_default_timeout	0
Ssl_finished_accepts	0
Ssl_finished_connects	0
Ssl_server_not_after	
Ssl_server_not_before	
Ssl_session_cache_hits	0
Ssl_session_cache_misses	0
Ssl_session_cache_mode	NONE
Ssl_session_cache_overflows	0
Ssl_session_cache_size	0
Ssl_session_cache_timeouts	0
Ssl_sessions_reused	0
Ssl_used_session_cache_entries	0
Ssl_verify_depth	0
Ssl_verify_mode	0
Ssl_version	
Table_locks_immediate	1272
Table_locks_waited	0
Table_open_cache_hits	6629
Table_open_cache_misses	7809
Table_open_cache_overflows	6175
Tc_log_max_pages_used	0
Tc_log_page_size	0
Tc_log_page_waits	0
Threads_cached	2
Threads_connected	1
Threads_created	3
Threads_running	1
Uptime	41746831
Uptime_since_flush_status	41746831
Replication status:
*************************** 1. row ***************************
               Slave_IO_State: Waiting for master to send event
                  Master_Host: 10.80.88.52
                  Master_User: repl
                  Master_Port: 3306
                Connect_Retry: 60
              Master_Log_File: mysql-bin.000002
          Read_Master_Log_Pos: 5688547
               Relay_Log_File: mysql-relay.000003
                Relay_Log_Pos: 2023543
        Relay_Master_Log_File: mysql-bin.000002
             Slave_IO_Running: Yes
            Slave_SQL_Running: Yes
              Replicate_Do_DB: 
          Replicate_Ignore_DB: 
           Replicate_Do_Table: 
       Replicate_Ignore_Table: 
      Replicate_Wild_Do_Table: 
  Replicate_Wild_Ignore_Table: 
                   Last_Errno: 0
                   Last_Error: 
                 Skip_Counter: 0
          Exec_Master_Log_Pos: 5688547
              Relay_Log_Space: 2044218
              Until_Condition: None
               Until_Log_File: 
                Until_Log_Pos: 0
           Master_SSL_Allowed: No
           Master_SSL_CA_File: 
           Master_SSL_CA_Path: 
              Master_SSL_Cert: 
            Master_SSL_Cipher: 
               Master_SSL_Key: 
        Seconds_Behind_Master: 0
Master_SSL_Verify_Server_Cert: No
                Last_IO_Errno: 0
                Last_IO_Error: 
               Last_SQL_Errno: 0
               Last_SQL_Error: 
  Replicate_Ignore_Server_Ids: 
             Master_Server_Id: 88523306
                  Master_UUID: a99bc4ac-592e-11ea-94f3-005056aa21db
             Master_Info_File: mysql.slave_master_info
                    SQL_Delay: 0
          SQL_Remaining_Delay: NULL
      Slave_SQL_Running_State: Slave has read all relay log; waiting for more updates
           Master_Retry_Count: 86400
                  Master_Bind: 
      Last_IO_Error_Timestamp: 
     Last_SQL_Error_Timestamp: 
               Master_SSL_Crl: 
           Master_SSL_Crlpath: 
           Retrieved_Gtid_Set: a99bc4ac-592e-11ea-94f3-005056aa21db:4485-4985
            Executed_Gtid_Set: 3641ea1e-698a-11ea-bb87-005056be7f86:1,
a99bc4ac-592e-11ea-94f3-005056aa21db:1-4985
                Auto_Position: 1
         Replicate_Rewrite_DB: 
                 Channel_Name: 
           Master_TLS_Version: 
Global variables:
auto_increment_increment	1
auto_increment_offset	1
autocommit	ON
automatic_sp_privileges	ON
avoid_temporal_upgrade	OFF
back_log	250
basedir	/usr/local/mysql/
big_tables	OFF
bind_address	*
binlog_cache_size	32768
binlog_checksum	CRC32
binlog_direct_non_transactional_updates	OFF
binlog_error_action	ABORT_SERVER
binlog_format	ROW
binlog_group_commit_sync_delay	0
binlog_group_commit_sync_no_delay_count	0
binlog_gtid_simple_recovery	ON
binlog_max_flush_queue_time	0
binlog_order_commits	ON
binlog_row_image	FULL
binlog_rows_query_log_events	ON
binlog_stmt_cache_size	32768
binlog_transaction_dependency_history_size	25000
binlog_transaction_dependency_tracking	COMMIT_ORDER
block_encryption_mode	aes-128-ecb
bulk_insert_buffer_size	8388608
character_set_client	utf8mb4
character_set_connection	utf8mb4
character_set_database	utf8mb4
character_set_filesystem	binary
character_set_results	utf8mb4
character_set_server	utf8mb4
character_set_system	utf8
character_sets_dir	/usr/local/mysql/share/charsets/
check_proxy_users	OFF
collation_connection	utf8mb4_general_ci
collation_database	utf8mb4_general_ci
collation_server	utf8mb4_general_ci
completion_type	NO_CHAIN
concurrent_insert	AUTO
connect_timeout	10
core_file	OFF
datadir	/data/mysql/data/
date_format	%Y-%m-%d
datetime_format	%Y-%m-%d %H:%i:%s
default_authentication_plugin	mysql_native_password
default_password_lifetime	0
default_storage_engine	InnoDB
default_tmp_storage_engine	InnoDB
default_week_format	0
delay_key_write	ON
delayed_insert_limit	100
delayed_insert_timeout	300
delayed_queue_size	1000
disabled_storage_engines	
disconnect_on_expired_password	ON
div_precision_increment	4
end_markers_in_json	OFF
enforce_gtid_consistency	ON
eq_range_index_dive_limit	200
event_scheduler	OFF
expire_logs_days	14
explicit_defaults_for_timestamp	ON
flush	OFF
flush_time	0
foreign_key_checks	ON
ft_boolean_syntax	+ -><()~*:""&|
ft_max_word_len	84
ft_min_word_len	4
ft_query_expansion_limit	20
ft_stopword_file	(built-in)
general_log	OFF
general_log_file	/data/mysql/data/localhost.log
group_concat_max_len	1024
gtid_executed	3641ea1e-698a-11ea-bb87-005056be7f86:1,\na99bc4ac-592e-11ea-94f3-005056aa21db:1-4985
gtid_executed_compression_period	1000
gtid_mode	ON
gtid_owned	
gtid_purged	a99bc4ac-592e-11ea-94f3-005056aa21db:1-4484
have_compress	YES
have_crypt	YES
have_dynamic_loading	YES
have_geometry	YES
have_openssl	DISABLED
have_profiling	YES
have_query_cache	YES
have_rtree_keys	YES
have_ssl	DISABLED
have_statement_timeout	YES
have_symlink	YES
host_cache_size	653
hostname	localhost.default
ignore_builtin_innodb	OFF
ignore_db_dirs	
init_connect	
init_file	
init_slave	
innodb_adaptive_flushing	ON
innodb_adaptive_flushing_lwm	10
innodb_adaptive_hash_index	ON
innodb_adaptive_hash_index_parts	8
innodb_adaptive_max_sleep_delay	150000
innodb_api_bk_commit_interval	5
innodb_api_disable_rowlock	OFF
innodb_api_enable_binlog	OFF
innodb_api_enable_mdl	OFF
innodb_api_trx_level	0
innodb_autoextend_increment	64
innodb_autoinc_lock_mode	1
innodb_buffer_pool_chunk_size	134217728
innodb_buffer_pool_dump_at_shutdown	ON
innodb_buffer_pool_dump_now	OFF
innodb_buffer_pool_dump_pct	25
innodb_buffer_pool_filename	ib_buffer_pool
innodb_buffer_pool_instances	8
innodb_buffer_pool_load_abort	OFF
innodb_buffer_pool_load_at_startup	ON
innodb_buffer_pool_load_now	OFF
innodb_buffer_pool_size	8589934592
innodb_change_buffer_max_size	25
innodb_change_buffering	all
innodb_checksum_algorithm	crc32
innodb_checksums	ON
innodb_cmp_per_index_enabled	OFF
innodb_commit_concurrency	0
innodb_compression_failure_threshold_pct	5
innodb_compression_level	6
innodb_compression_pad_pct_max	50
innodb_concurrency_tickets	5000
innodb_data_file_path	ibdata1:1G:autoextend
innodb_data_home_dir	
innodb_deadlock_detect	ON
innodb_default_row_format	dynamic
innodb_disable_sort_file_cache	OFF
innodb_doublewrite	ON
innodb_fast_shutdown	1
innodb_file_format	Barracuda
innodb_file_format_check	ON
innodb_file_format_max	Barracuda
innodb_file_per_table	ON
innodb_fill_factor	100
innodb_flush_log_at_timeout	1
innodb_flush_log_at_trx_commit	1
innodb_flush_method	O_DIRECT
innodb_flush_neighbors	1
innodb_flush_sync	ON
innodb_flushing_avg_loops	30
innodb_force_load_corrupted	OFF
innodb_force_recovery	0
innodb_ft_aux_table	
innodb_ft_cache_size	8000000
innodb_ft_enable_diag_print	OFF
innodb_ft_enable_stopword	ON
innodb_ft_max_token_size	84
innodb_ft_min_token_size	3
innodb_ft_num_word_optimize	2000
innodb_ft_result_cache_limit	2000000000
innodb_ft_server_stopword_table	
innodb_ft_sort_pll_degree	2
innodb_ft_total_cache_size	640000000
innodb_ft_user_stopword_table	
innodb_io_capacity	800
innodb_io_capacity_max	2000
innodb_large_prefix	ON
innodb_lock_wait_timeout	5
innodb_locks_unsafe_for_binlog	OFF
innodb_log_buffer_size	67108864
innodb_log_checksums	ON
innodb_log_compressed_pages	ON
innodb_log_file_size	1073741824
innodb_log_files_in_group	2
innodb_log_group_home_dir	./
innodb_log_write_ahead_size	8192
innodb_lru_scan_depth	1024
innodb_max_dirty_pages_pct	75.000000
innodb_max_dirty_pages_pct_lwm	0.000000
innodb_max_purge_lag	0
innodb_max_purge_lag_delay	0
innodb_max_undo_log_size	1073741824
innodb_monitor_disable	
innodb_monitor_enable	
innodb_monitor_reset	
innodb_monitor_reset_all	
innodb_numa_interleave	OFF
innodb_old_blocks_pct	37
innodb_old_blocks_time	1000
innodb_online_alter_log_max_size	134217728
innodb_open_files	2000
innodb_optimize_fulltext_only	OFF
innodb_page_cleaners	4
innodb_page_size	16384
innodb_print_all_deadlocks	ON
innodb_purge_batch_size	300
innodb_purge_rseg_truncate_frequency	128
innodb_purge_threads	4
innodb_random_read_ahead	OFF
innodb_read_ahead_threshold	56
innodb_read_io_threads	4
innodb_read_only	OFF
innodb_replication_delay	0
innodb_rollback_on_timeout	OFF
innodb_rollback_segments	128
innodb_sort_buffer_size	67108864
innodb_spin_wait_delay	6
innodb_stats_auto_recalc	ON
innodb_stats_include_delete_marked	OFF
innodb_stats_method	nulls_equal
innodb_stats_on_metadata	OFF
innodb_stats_persistent	ON
innodb_stats_persistent_sample_pages	20
innodb_stats_sample_pages	8
innodb_stats_transient_sample_pages	8
innodb_status_output	OFF
innodb_status_output_locks	OFF
innodb_strict_mode	ON
innodb_support_xa	ON
innodb_sync_array_size	1
innodb_sync_spin_loops	30
innodb_table_locks	ON
innodb_temp_data_file_path	ibtmp1:12M:autoextend
innodb_thread_concurrency	0
innodb_thread_sleep_delay	10000
innodb_tmpdir	
innodb_undo_directory	./
innodb_undo_log_truncate	OFF
innodb_undo_logs	128
innodb_undo_tablespaces	3
innodb_use_native_aio	ON
innodb_version	5.7.24
innodb_write_io_threads	4
interactive_timeout	28800
internal_tmp_disk_storage_engine	InnoDB
join_buffer_size	67108864
keep_files_on_create	OFF
key_buffer_size	8388608
key_cache_age_threshold	300
key_cache_block_size	1024
key_cache_division_limit	100
keyring_operations	ON
large_files_support	ON
large_page_size	0
large_pages	OFF
lc_messages	en_US
lc_messages_dir	/usr/local/mysql/share/
lc_time_names	en_US
license	GPL
local_infile	ON
lock_wait_timeout	31536000
locked_in_memory	OFF
log_bin	ON
log_bin_basename	/data/mysql/data/mysql-bin
log_bin_index	/data/mysql/data/mysql-bin.index
log_bin_trust_function_creators	OFF
log_bin_use_v1_row_events	OFF
log_builtin_as_identified_by_password	OFF
log_error	./mysql-error.log
log_error_verbosity	3
log_output	FILE
log_queries_not_using_indexes	ON
log_slave_updates	ON
log_slow_admin_statements	ON
log_slow_slave_statements	ON
log_statements_unsafe_for_binlog	ON
log_syslog	OFF
log_syslog_facility	daemon
log_syslog_include_pid	ON
log_syslog_tag	
log_throttle_queries_not_using_indexes	10
log_timestamps	UTC
log_warnings	2
long_query_time	2.000000
low_priority_updates	OFF
lower_case_file_system	OFF
lower_case_table_names	1
master_info_repository	TABLE
master_verify_checksum	OFF
max_allowed_packet	33554432
max_binlog_cache_size	18446744073709547520
max_binlog_size	1073741824
max_binlog_stmt_cache_size	18446744073709547520
max_connect_errors	100000
max_connections	1000
max_delayed_threads	20
max_digest_length	1024
max_error_count	64
max_execution_time	0
max_heap_table_size	16777216
max_insert_delayed_threads	20
max_join_size	18446744073709551615
max_length_for_sort_data	1024
max_points_in_geometry	65536
max_prepared_stmt_count	16382
max_relay_log_size	0
max_seeks_for_key	18446744073709551615
max_sort_length	1024
max_sp_recursion_depth	0
max_tmp_tables	32
max_user_connections	0
max_write_lock_count	18446744073709551615
metadata_locks_cache_size	1024
metadata_locks_hash_instances	8
min_examined_row_limit	1000
multi_range_count	256
myisam_data_pointer_size	6
myisam_max_sort_file_size	9223372036853727232
myisam_mmap_size	18446744073709551615
myisam_recover_options	OFF
myisam_repair_threads	1
myisam_sort_buffer_size	8388608
myisam_stats_method	nulls_unequal
myisam_use_mmap	OFF
mysql_native_password_proxy_users	OFF
net_buffer_length	16384
net_read_timeout	30
net_retry_count	10
net_write_timeout	60
new	OFF
ngram_token_size	2
offline_mode	OFF
old	OFF
old_alter_table	OFF
old_passwords	0
open_files_limit	65535
optimizer_prune_level	1
optimizer_search_depth	62
optimizer_switch	index_merge=on,index_merge_union=on,index_merge_sort_union=on,index_merge_intersection=on,engine_condition_pushdown=on,index_condition_pushdown=on,mrr=on,mrr_cost_based=on,block_nested_loop=on,batched_key_access=off,materialization=on,semijoin=on,loosescan=on,firstmatch=on,duplicateweedout=on,subquery_materialization_cost_based=on,use_index_extensions=on,condition_fanout_filter=on,derived_merge=on
optimizer_trace	enabled=off,one_line=off
optimizer_trace_features	greedy_search=on,range_optimizer=on,dynamic_range=on,repeated_subselect=on
optimizer_trace_limit	1
optimizer_trace_max_mem_size	16384
optimizer_trace_offset	-1
parser_max_mem_size	18446744073709551615
performance_schema	ON
performance_schema_accounts_size	-1
performance_schema_digests_size	10000
performance_schema_events_stages_history_long_size	10000
performance_schema_events_stages_history_size	10
performance_schema_events_statements_history_long_size	10000
performance_schema_events_statements_history_size	10
performance_schema_events_transactions_history_long_size	10000
performance_schema_events_transactions_history_size	10
performance_schema_events_waits_history_long_size	10000
performance_schema_events_waits_history_size	10
performance_schema_hosts_size	-1
performance_schema_max_cond_classes	80
performance_schema_max_cond_instances	-1
performance_schema_max_digest_length	1024
performance_schema_max_file_classes	80
performance_schema_max_file_handles	32768
performance_schema_max_file_instances	-1
performance_schema_max_index_stat	-1
performance_schema_max_memory_classes	320
performance_schema_max_metadata_locks	-1
performance_schema_max_mutex_classes	210
performance_schema_max_mutex_instances	-1
performance_schema_max_prepared_statements_instances	-1
performance_schema_max_program_instances	-1
performance_schema_max_rwlock_classes	40
performance_schema_max_rwlock_instances	-1
performance_schema_max_socket_classes	10
performance_schema_max_socket_instances	-1
performance_schema_max_sql_text_length	1024
performance_schema_max_stage_classes	150
performance_schema_max_statement_classes	193
performance_schema_max_statement_stack	10
performance_schema_max_table_handles	-1
performance_schema_max_table_instances	-1
performance_schema_max_table_lock_stat	-1
performance_schema_max_thread_classes	50
performance_schema_max_thread_instances	-1
performance_schema_session_connect_attrs_size	512
performance_schema_setup_actors_size	-1
performance_schema_setup_objects_size	-1
performance_schema_users_size	-1
pid_file	mysql.pid
plugin_dir	/usr/local/mysql/lib/plugin/
port	3306
preload_buffer_size	32768
profiling	OFF
profiling_history_size	15
protocol_version	10
query_alloc_block_size	8192
query_cache_limit	1048576
query_cache_min_res_unit	4096
query_cache_size	0
query_cache_type	OFF
query_cache_wlock_invalidate	OFF
query_prealloc_size	8192
range_alloc_block_size	4096
range_optimizer_max_mem_size	8388608
rbr_exec_mode	STRICT
read_buffer_size	16777216
read_only	OFF
read_rnd_buffer_size	33554432
relay_log	mysql-relay.log
relay_log_basename	/data/mysql/data/mysql-relay
relay_log_index	/data/mysql/data/mysql-relay.index
relay_log_info_file	relay-log.info
relay_log_info_repository	TABLE
relay_log_purge	ON
relay_log_recovery	ON
relay_log_space_limit	0
report_host	
report_password	
report_port	3306
report_user	
require_secure_transport	OFF
rpl_stop_slave_timeout	31536000
secure_auth	ON
secure_file_priv	NULL
server_id	81863306
server_id_bits	32
server_uuid	3641ea1e-698a-11ea-bb87-005056be7f86
session_track_gtids	OFF
session_track_schema	ON
session_track_state_change	OFF
session_track_system_variables	time_zone,autocommit,character_set_client,character_set_results,character_set_connection
session_track_transaction_info	OFF
sha256_password_proxy_users	OFF
show_compatibility_56	OFF
show_create_table_verbosity	OFF
show_old_temporals	OFF
skip_external_locking	ON
skip_name_resolve	ON
skip_networking	OFF
skip_show_database	OFF
slave_allow_batching	OFF
slave_checkpoint_group	512
slave_checkpoint_period	300
slave_compressed_protocol	OFF
slave_exec_mode	STRICT
slave_load_tmpdir	/data/mysql/mysql_tmp
slave_max_allowed_packet	1073741824
slave_net_timeout	60
slave_parallel_type	DATABASE
slave_parallel_workers	0
slave_pending_jobs_size_max	16777216
slave_preserve_commit_order	OFF
slave_rows_search_algorithms	TABLE_SCAN,INDEX_SCAN
slave_skip_errors	1007,1008,1050,1051,1054,1060,1061,1068,1091,1146
slave_sql_verify_checksum	ON
slave_transaction_retries	10
slave_type_conversions	
slow_launch_time	2
slow_query_log	ON
slow_query_log_file	mysql-slow.log
socket	/data/mysql/data/mysql.sock
sort_buffer_size	33554432
sql_auto_is_null	OFF
sql_big_selects	ON
sql_buffer_result	OFF
sql_log_off	OFF
sql_mode	ONLY_FULL_GROUP_BY,STRICT_TRANS_TABLES,NO_ZERO_IN_DATE,NO_ZERO_DATE,ERROR_FOR_DIVISION_BY_ZERO,NO_AUTO_CREATE_USER,NO_ENGINE_SUBSTITUTION
sql_notes	ON
sql_quote_show_create	ON
sql_safe_updates	OFF
sql_select_limit	18446744073709551615
sql_slave_skip_counter	0
sql_warnings	OFF
ssl_ca	
ssl_capath	
ssl_cert	
ssl_cipher	
ssl_crl	
ssl_crlpath	
ssl_key	
stored_program_cache	256
super_read_only	OFF
sync_binlog	1
sync_frm	ON
sync_master_info	10000
sync_relay_log	10000
sync_relay_log_info	10000
system_time_zone	CST
table_definition_cache	1400
table_open_cache	2000
table_open_cache_instances	16
thread_cache_size	18
thread_handling	one-thread-per-connection
thread_stack	262144
time_format	%H:%i:%s
time_zone	SYSTEM
tls_version	TLSv1,TLSv1.1
tmp_table_size	67108864
tmpdir	/data/mysql/mysql_tmp
transaction_alloc_block_size	8192
transaction_isolation	REPEATABLE-READ
transaction_prealloc_size	4096
transaction_read_only	OFF
transaction_write_set_extraction	OFF
tx_isolation	REPEATABLE-READ
tx_read_only	OFF
unique_checks	ON
updatable_views_with_limit	YES
version	5.7.24-log
version_comment	MySQL Community Server (GPL)
version_compile_machine	x86_64
version_compile_os	linux-glibc2.12
wait_timeout	28800
ERROR LOG:
2020-05-21T05:32:12.119569Z 9 [ERROR] Slave I/O for channel '': error reconnecting to master 'repl@10.80.88.52:3306' - retry-time: 60  retries: 40989, Error_code: 2003
2020-05-21T05:34:12.180112Z 9 [ERROR] Slave I/O for channel '': error reconnecting to master 'repl@10.80.88.52:3306' - retry-time: 60  retries: 40990, Error_code: 2003
2020-05-21T05:36:12.212025Z 9 [ERROR] Slave I/O for channel '': error reconnecting to master 'repl@10.80.88.52:3306' - retry-time: 60  retries: 40991, Error_code: 2003
2020-05-21T05:38:12.272510Z 9 [ERROR] Slave I/O for channel '': error reconnecting to master 'repl@10.80.88.52:3306' - retry-time: 60  retries: 40992, Error_code: 2003
2020-05-21T05:40:12.323364Z 9 [ERROR] Slave I/O for channel '': error reconnecting to master 'repl@10.80.88.52:3306' - retry-time: 60  retries: 40993, Error_code: 2003
2020-05-21T05:42:12.352100Z 9 [ERROR] Slave I/O for channel '': error reconnecting to master 'repl@10.80.88.52:3306' - retry-time: 60  retries: 40994, Error_code: 2003
2020-05-21T05:44:12.381938Z 9 [ERROR] Slave I/O for channel '': error reconnecting to master 'repl@10.80.88.52:3306' - retry-time: 60  retries: 40995, Error_code: 2003
2020-05-21T05:46:12.413432Z 9 [ERROR] Slave I/O for channel '': error reconnecting to master 'repl@10.80.88.52:3306' - retry-time: 60  retries: 40996, Error_code: 2003
2020-05-21T05:48:12.443718Z 9 [ERROR] Slave I/O for channel '': error reconnecting to master 'repl@10.80.88.52:3306' - retry-time: 60  retries: 40997, Error_code: 2003
2020-05-21T05:50:12.485087Z 9 [ERROR] Slave I/O for channel '': error reconnecting to master 'repl@10.80.88.52:3306' - retry-time: 60  retries: 40998, Error_code: 2003
2020-05-21T05:52:12.504216Z 9 [ERROR] Slave I/O for channel '': error reconnecting to master 'repl@10.80.88.52:3306' - retry-time: 60  retries: 40999, Error_code: 2003
2020-05-21T05:54:12.534280Z 9 [ERROR] Slave I/O for channel '': error reconnecting to master 'repl@10.80.88.52:3306' - retry-time: 60  retries: 41000, Error_code: 2003
2020-05-21T05:56:12.563324Z 9 [ERROR] Slave I/O for channel '': error reconnecting to master 'repl@10.80.88.52:3306' - retry-time: 60  retries: 41001, Error_code: 2003
2020-05-21T05:58:12.596403Z 9 [ERROR] Slave I/O for channel '': error reconnecting to master 'repl@10.80.88.52:3306' - retry-time: 60  retries: 41002, Error_code: 2003
2020-05-21T06:00:12.629039Z 9 [ERROR] Slave I/O for channel '': error reconnecting to master 'repl@10.80.88.52:3306' - retry-time: 60  retries: 41003, Error_code: 2003
2020-05-21T06:02:12.656398Z 9 [ERROR] Slave I/O for channel '': error reconnecting to master 'repl@10.80.88.52:3306' - retry-time: 60  retries: 41004, Error_code: 2003
2020-05-21T06:04:12.714069Z 9 [ERROR] Slave I/O for channel '': error reconnecting to master 'repl@10.80.88.52:3306' - retry-time: 60  retries: 41005, Error_code: 2003
2020-05-21T06:06:12.722038Z 9 [ERROR] Slave I/O for channel '': error reconnecting to master 'repl@10.80.88.52:3306' - retry-time: 60  retries: 41006, Error_code: 2003
2020-05-21T06:08:12.745991Z 9 [ERROR] Slave I/O for channel '': error reconnecting to master 'repl@10.80.88.52:3306' - retry-time: 60  retries: 41007, Error_code: 2003
2020-05-21T06:10:12.776621Z 9 [ERROR] Slave I/O for channel '': error reconnecting to master 'repl@10.80.88.52:3306' - retry-time: 60  retries: 41008, Error_code: 2003
2020-05-21T06:12:12.808752Z 9 [ERROR] Slave I/O for channel '': error reconnecting to master 'repl@10.80.88.52:3306' - retry-time: 60  retries: 41009, Error_code: 2003
2020-05-21T06:14:12.833747Z 9 [ERROR] Slave I/O for channel '': error reconnecting to master 'repl@10.80.88.52:3306' - retry-time: 60  retries: 41010, Error_code: 2003
2020-05-21T06:16:12.864965Z 9 [ERROR] Slave I/O for channel '': error reconnecting to master 'repl@10.80.88.52:3306' - retry-time: 60  retries: 41011, Error_code: 2003
2020-05-21T06:18:12.902972Z 9 [ERROR] Slave I/O for channel '': error reconnecting to master 'repl@10.80.88.52:3306' - retry-time: 60  retries: 41012, Error_code: 2003
2020-05-21T06:20:12.929346Z 9 [ERROR] Slave I/O for channel '': error reconnecting to master 'repl@10.80.88.52:3306' - retry-time: 60  retries: 41013, Error_code: 2003
2020-05-21T06:22:12.958369Z 9 [ERROR] Slave I/O for channel '': error reconnecting to master 'repl@10.80.88.52:3306' - retry-time: 60  retries: 41014, Error_code: 2003
2020-05-21T06:24:12.983863Z 9 [ERROR] Slave I/O for channel '': error reconnecting to master 'repl@10.80.88.52:3306' - retry-time: 60  retries: 41015, Error_code: 2003
2020-05-21T06:26:13.014775Z 9 [ERROR] Slave I/O for channel '': error reconnecting to master 'repl@10.80.88.52:3306' - retry-time: 60  retries: 41016, Error_code: 2003
2020-05-21T06:28:13.043213Z 9 [ERROR] Slave I/O for channel '': error reconnecting to master 'repl@10.80.88.52:3306' - retry-time: 60  retries: 41017, Error_code: 2003
2020-05-21T06:30:13.074794Z 9 [ERROR] Slave I/O for channel '': error reconnecting to master 'repl@10.80.88.52:3306' - retry-time: 60  retries: 41018, Error_code: 2003
2020-05-21T06:32:13.106840Z 9 [ERROR] Slave I/O for channel '': error reconnecting to master 'repl@10.80.88.52:3306' - retry-time: 60  retries: 41019, Error_code: 2003
2020-05-21T06:34:13.131558Z 9 [ERROR] Slave I/O for channel '': error reconnecting to master 'repl@10.80.88.52:3306' - retry-time: 60  retries: 41020, Error_code: 2003
2020-05-21T06:36:13.160006Z 9 [ERROR] Slave I/O for channel '': error reconnecting to master 'repl@10.80.88.52:3306' - retry-time: 60  retries: 41021, Error_code: 2003
2020-05-21T06:38:13.189681Z 9 [ERROR] Slave I/O for channel '': error reconnecting to master 'repl@10.80.88.52:3306' - retry-time: 60  retries: 41022, Error_code: 2003
2020-05-21T06:40:13.217982Z 9 [ERROR] Slave I/O for channel '': error reconnecting to master 'repl@10.80.88.52:3306' - retry-time: 60  retries: 41023, Error_code: 2003
2020-05-21T06:42:13.246737Z 9 [ERROR] Slave I/O for channel '': error reconnecting to master 'repl@10.80.88.52:3306' - retry-time: 60  retries: 41024, Error_code: 2003
2020-05-21T06:44:13.279976Z 9 [ERROR] Slave I/O for channel '': error reconnecting to master 'repl@10.80.88.52:3306' - retry-time: 60  retries: 41025, Error_code: 2003
2020-05-21T06:46:13.340438Z 9 [ERROR] Slave I/O for channel '': error reconnecting to master 'repl@10.80.88.52:3306' - retry-time: 60  retries: 41026, Error_code: 2003
2020-05-21T06:47:13.343753Z 9 [Note] Slave for channel '': connected to master 'repl@10.80.88.52:3306',replication resumed in log 'mysql-bin.000002' at position 3665458
2020-05-21T07:03:20.713169Z 53 [Note] Access denied for user 'repl'@'10.80.88.52' (using password: YES)
2020-05-21T07:05:03.490505Z 54 [Note] Access denied for user 'system'@'localhost' (using password: YES)
2020-05-21T07:06:10.050090Z 56 [Note] Access denied for user 'system'@'localhost' (using password: YES)
2020-05-21T07:06:56.975457Z 58 [Note] Access denied for user 'root'@'localhost' (using password: NO)
2020-05-21T07:07:00.048972Z 59 [Note] Access denied for user 'root'@'localhost' (using password: YES)
2020-05-21T15:07:54.310301Z 61 [Note] Aborted connection 61 to db: 'unconnected' user: 'system' host: 'localhost' (Got timeout reading communication packets)
2020-05-28T16:03:51.000431Z 62 [Note] Got an error reading communication packets
2020-05-28T16:05:03.103984Z 63 [Note] Got packets out of order
2020-05-28T16:05:03.180844Z 64 [Note] Got packets out of order
2020-05-28T16:05:03.207839Z 65 [Note] Got packets out of order
2020-05-28T16:05:03.738575Z 66 [Note] Bad handshake
2020-05-28T16:05:44.192409Z 67 [Note] Got an error reading communication packets
2020-06-08T01:33:01.412354Z 68 [Note] Access denied for user 'system'@'10.100.8.186' (using password: YES)
2020-06-08T01:33:07.237966Z 69 [Note] Access denied for user 'system'@'localhost' (using password: YES)
2020-06-08T01:33:15.171740Z 70 [Note] Access denied for user 'system'@'localhost' (using password: YES)
2020-06-08T01:35:40.712083Z 72 [Note] Access denied for user 'system'@'localhost' (using password: YES)
2020-06-08T01:35:43.558188Z 73 [Note] Access denied for user 'system'@'10.100.8.186' (using password: YES)
2020-06-08T01:43:52.221728Z 75 [Note] Access denied for user 'system'@'localhost' (using password: NO)
2020-06-08T09:44:13.419873Z 76 [Note] Aborted connection 76 to db: 'unconnected' user: 'system' host: 'localhost' (Got timeout reading communication packets)
2020-06-28T16:13:34.076581Z 77 [Note] Got an error reading communication packets
2020-06-28T16:13:34.123564Z 78 [Note] Got an error reading communication packets
2020-06-28T16:13:34.353935Z 79 [Note] Got an error reading communication packets
2020-06-28T16:13:35.381731Z 80 [Note] Got an error reading communication packets
2020-06-28T16:13:36.524101Z 81 [Note] Got an error reading communication packets
2020-06-28T16:14:52.130282Z 82 [Note] Got packets out of order
2020-06-28T16:14:52.155846Z 83 [Note] Got packets out of order
2020-06-28T16:14:52.167702Z 84 [Note] Got packets out of order
2020-06-28T16:14:52.932341Z 85 [Note] Bad handshake
2020-06-28T16:15:41.725440Z 86 [Note] Got an error reading communication packets
2020-07-23T14:14:02.411228Z 87 [Note] Got an error reading communication packets
2020-07-23T14:14:03.439754Z 88 [Note] Got packets out of order
2020-07-29T16:29:24.000824Z 89 [Note] Got an error reading communication packets
2020-07-29T16:30:53.147181Z 90 [Note] Got packets out of order
2020-07-29T16:30:53.180099Z 91 [Note] Got packets out of order
2020-07-29T16:30:53.187408Z 92 [Note] Got packets out of order
2020-07-29T16:30:53.705103Z 93 [Note] Bad handshake
2020-07-29T16:31:36.543678Z 94 [Note] Got an error reading communication packets
2020-08-29T16:12:24.063024Z 95 [Note] Got an error reading communication packets
2020-08-29T16:12:26.217696Z 96 [Note] Got an error reading communication packets
2020-08-29T16:12:44.166563Z 97 [Note] Got an error reading communication packets
2020-08-29T16:14:03.351876Z 98 [Note] Got packets out of order
2020-08-29T16:14:03.425504Z 99 [Note] Got packets out of order
2020-08-29T16:14:03.711088Z 100 [Note] Got packets out of order
2020-08-29T16:14:05.687604Z 101 [Note] Bad handshake
2020-08-29T16:14:53.271031Z 102 [Note] Got an error reading communication packets
2020-09-29T16:12:16.015578Z 103 [Note] Got an error reading communication packets
2020-09-29T16:12:16.338381Z 104 [Note] Got an error reading communication packets
2020-09-29T16:12:17.435110Z 105 [Note] Got an error reading communication packets
2020-09-29T16:12:17.741026Z 106 [Note] Got an error reading communication packets
2020-09-29T16:12:18.074978Z 107 [Note] Got an error reading communication packets
2020-09-29T16:12:18.945521Z 108 [Note] Got an error reading communication packets
2020-09-29T16:12:23.654485Z 109 [Note] Got an error reading communication packets
2020-09-29T16:12:36.834785Z 110 [Note] Got an error reading communication packets
2020-09-29T16:13:53.184885Z 111 [Note] Got packets out of order
2020-09-29T16:13:53.287814Z 112 [Note] Got packets out of order
2020-09-29T16:13:53.304334Z 113 [Note] Got packets out of order
2020-09-29T16:14:10.193031Z 114 [Note] Got an error reading communication packets
2020-09-29T16:14:37.656048Z 115 [Note] Bad handshake
2020-09-29T16:14:45.492097Z 116 [Note] Got an error reading communication packets
2020-10-26T07:45:44.755726Z 117 [Note] Got an error reading communication packets
2020-10-26T07:45:44.802993Z 118 [Note] Got packets out of order
2020-10-26T07:45:44.959072Z 119 [Note] Got packets out of order
2020-10-26T07:45:45.114074Z 120 [Note] Got packets out of order
2020-10-26T07:45:45.635569Z 121 [Note] Bad handshake
2020-10-26T16:14:02.043588Z 122 [Note] Got an error reading communication packets
2020-10-26T16:14:02.083541Z 123 [Note] Got an error reading communication packets
2020-10-26T16:14:08.257618Z 124 [Note] Got an error reading communication packets
2020-10-26T16:15:46.049518Z 125 [Note] Got packets out of order
2020-10-26T16:15:46.740352Z 127 [Note] Got packets out of order
2020-10-26T16:15:46.740371Z 126 [Note] Got packets out of order
2020-10-26T16:16:04.774324Z 128 [Note] Got an error reading communication packets
2020-10-26T16:16:21.218750Z 129 [Note] Bad handshake
2020-10-26T16:16:36.057846Z 130 [Note] Got an error reading communication packets
2020-11-26T16:14:10.043004Z 131 [Note] Got an error reading communication packets
2020-11-26T16:14:10.782625Z 132 [Note] Got an error reading communication packets
2020-11-26T16:14:11.536454Z 133 [Note] Got an error reading communication packets
2020-11-26T16:14:13.119898Z 134 [Note] Got an error reading communication packets
2020-11-26T16:14:16.355986Z 135 [Note] Got an error reading communication packets
2020-11-26T16:16:05.818711Z 136 [Note] Got packets out of order
2020-11-26T16:16:07.344172Z 137 [Note] Got packets out of order
2020-11-26T16:16:07.563177Z 138 [Note] Got packets out of order
2020-11-26T16:16:12.013194Z 139 [Note] Got packets out of order
2020-11-26T16:16:21.821243Z 140 [Note] Got an error reading communication packets
2020-11-26T16:16:34.783543Z 141 [Note] Bad handshake
2020-11-26T16:16:59.914677Z 142 [Note] Got an error reading communication packets
2020-12-26T16:14:27.001085Z 143 [Note] Got an error reading communication packets
2020-12-26T16:14:28.068167Z 144 [Note] Got an error reading communication packets
2020-12-26T16:14:29.760397Z 145 [Note] Got an error reading communication packets
2020-12-26T16:14:30.739875Z 146 [Note] Got an error reading communication packets
2020-12-26T16:14:32.087422Z 147 [Note] Got an error reading communication packets
2020-12-26T16:14:33.270182Z 148 [Note] Got an error reading communication packets
2020-12-26T16:16:11.414473Z 149 [Note] Got packets out of order
2020-12-26T16:16:11.867806Z 150 [Note] Got packets out of order
2020-12-26T16:16:11.946411Z 151 [Note] Got packets out of order
2020-12-26T16:16:17.062235Z 152 [Note] Bad handshake
2020-12-26T16:17:07.283009Z 153 [Note] Got an error reading communication packets
2021-01-19T14:13:11.054798Z 154 [Note] Got an error reading communication packets
2021-01-19T14:13:11.932405Z 155 [Note] Got an error reading communication packets
2021-01-19T14:13:15.383963Z 156 [Note] Got an error reading communication packets
2021-01-19T14:14:49.112336Z 157 [Note] Got packets out of order
2021-01-19T14:14:49.176906Z 158 [Note] Got packets out of order
2021-01-19T14:14:49.186619Z 159 [Note] Got packets out of order
2021-01-19T14:14:49.961584Z 160 [Note] Bad handshake
2021-01-19T14:15:40.858236Z 161 [Note] Got an error reading communication packets
2021-02-02T07:34:34.805529Z 164 [Note] Access denied for user 'root'@'localhost' (using password: NO)
2021-02-19T14:14:00.037131Z 178 [Note] Got an error reading communication packets
2021-02-19T14:14:05.321196Z 179 [Note] Got an error reading communication packets
2021-02-19T14:15:48.952118Z 180 [Note] Got packets out of order
2021-02-19T14:15:49.600491Z 181 [Note] Got packets out of order
2021-02-19T14:15:55.342802Z 182 [Note] Got packets out of order
2021-02-19T14:16:22.785279Z 183 [Note] Got an error reading communication packets
2021-02-19T14:17:05.292359Z 184 [Note] Bad handshake
2021-02-19T14:17:14.004617Z 185 [Note] Got an error reading communication packets
2021-03-15T14:10:12.061796Z 186 [Note] Got an error reading communication packets
2021-03-15T14:11:52.231317Z 187 [Note] Got packets out of order
2021-03-15T14:11:52.266128Z 188 [Note] Got packets out of order
2021-03-15T14:11:52.274215Z 189 [Note] Got packets out of order
2021-03-15T14:11:55.233461Z 190 [Note] Bad handshake
2021-03-15T14:12:52.633755Z 191 [Note] Got an error reading communication packets
2021-04-08T07:53:10.120093Z 193 [Note] Access denied for user 'root'@'localhost' (using password: NO)
2021-04-15T14:11:57.046297Z 212 [Note] Got an error reading communication packets
2021-04-15T14:11:58.913865Z 213 [Note] Got an error reading communication packets
2021-04-15T14:12:00.420406Z 214 [Note] Got an error reading communication packets
2021-04-15T14:12:00.793143Z 215 [Note] Got an error reading communication packets
2021-04-15T14:12:04.149372Z 216 [Note] Got an error reading communication packets
2021-04-15T14:12:04.489006Z 217 [Note] Got an error reading communication packets
2021-04-15T14:12:24.479832Z 218 [Note] Got an error reading communication packets
2021-04-15T14:13:44.953819Z 219 [Note] Got packets out of order
2021-04-15T14:13:45.015316Z 220 [Note] Got packets out of order
2021-04-15T14:13:45.275486Z 221 [Note] Got packets out of order
2021-04-15T14:14:11.545337Z 222 [Note] Got an error reading communication packets
2021-04-15T14:15:10.193989Z 223 [Note] Bad handshake
2021-04-15T14:15:19.194987Z 224 [Note] Got an error reading communication packets
2021-05-15T14:10:47.044698Z 225 [Note] Got an error reading communication packets
2021-05-15T14:10:48.586807Z 226 [Note] Got an error reading communication packets
2021-05-15T14:10:50.156490Z 227 [Note] Got an error reading communication packets
2021-05-15T14:10:52.025502Z 228 [Note] Got an error reading communication packets
2021-05-15T14:10:57.647229Z 229 [Note] Got an error reading communication packets
2021-05-15T14:11:07.549626Z 230 [Note] Got an error reading communication packets
2021-05-15T14:12:32.436036Z 231 [Note] Got packets out of order
2021-05-15T14:12:32.701551Z 232 [Note] Got packets out of order
2021-05-15T14:12:32.706802Z 233 [Note] Got packets out of order
2021-05-15T14:12:50.089486Z 234 [Note] Got an error reading communication packets
2021-05-15T14:13:10.474707Z 235 [Note] Bad handshake
2021-05-15T14:13:22.077747Z 236 [Note] Got an error reading communication packets
2021-06-15T14:10:41.032740Z 237 [Note] Got an error reading communication packets
2021-06-15T14:10:42.027394Z 238 [Note] Got an error reading communication packets
2021-06-15T14:10:43.284395Z 239 [Note] Got an error reading communication packets
2021-06-15T14:10:43.580087Z 240 [Note] Got an error reading communication packets
2021-06-15T14:10:46.553393Z 241 [Note] Got an error reading communication packets
2021-06-15T14:10:46.915012Z 242 [Note] Got an error reading communication packets
2021-06-15T14:10:47.686213Z 243 [Note] Got an error reading communication packets
2021-06-15T14:10:49.118932Z 244 [Note] Got an error reading communication packets
2021-06-15T14:10:50.216075Z 245 [Note] Got an error reading communication packets
2021-06-15T14:11:03.206551Z 246 [Note] Got an error reading communication packets
2021-06-15T14:12:20.137768Z 247 [Note] Got packets out of order
2021-06-15T14:12:20.235093Z 248 [Note] Got packets out of order
2021-06-15T14:12:20.247115Z 249 [Note] Got packets out of order
2021-06-15T14:12:22.372827Z 250 [Note] Bad handshake
2021-06-15T14:13:06.893098Z 251 [Note] Got an error reading communication packets
2021-07-15T06:55:36.541777Z 253 [Note] Access denied for user 'root'@'localhost' (using password: NO)
