======host meta information
=====uptime===============================
 14:37:46 up 325 days,  4:40,  1 user,  load average: 0.29, 0.21, 0.16
======ip=================================
1: lo: <LOOPBACK,UP,LOWER_UP> mtu 65536 qdisc noqueue state UNKNOWN group default qlen 1000
    link/loopback 00:00:00:00:00:00 brd 00:00:00:00:00:00
    inet 127.0.0.1/8 scope host lo
       valid_lft forever preferred_lft forever
    inet6 ::1/128 scope host 
       valid_lft forever preferred_lft forever
2: ens160: <BROADCAST,MULTICAST,UP,LOWER_UP> mtu 1500 qdisc mq state UP group default qlen 1000
    link/ether 00:50:56:be:d3:37 brd ff:ff:ff:ff:ff:ff
    inet 10.100.8.202/24 brd 10.100.8.255 scope global noprefixroute ens160
       valid_lft forever preferred_lft forever
    inet6 fe80::981a:8b80:a9b6:b72b/64 scope link tentative noprefixroute dadfailed 
       valid_lft forever preferred_lft forever
    inet6 fe80::839:2526:3a78:9448/64 scope link tentative noprefixroute dadfailed 
       valid_lft forever preferred_lft forever
    inet6 fe80::d593:b520:5684:aa72/64 scope link tentative noprefixroute dadfailed 
       valid_lft forever preferred_lft forever
======hostname============================
localhost.localdomain
======os version============================
\S
Kernel \r on an \m

======kernel version=========================
Linux localhost.localdomain 3.10.0-957.el7.x86_64 #1 SMP Thu Nov 8 23:39:32 UTC 2018 x86_64 x86_64 x86_64 GNU/Linux
======mysql version=========================
======mysql client==========================
mysql  Ver 14.14 Distrib 5.7.24, for linux-glibc2.12 (x86_64) using  EditLine wrapper
======mysql instance========================
tcp6       0      0 :::3306                 :::*                    LISTEN      16699/mysqld        
unix  2      [ ACC ]     STREAM     LISTENING     740794   16699/mysqld         /app/mysql/data/mysql.sock
======memory&swap========================
              total        used        free      shared  buff/cache   available
Mem:          16027       12758         191         824        3078        2070
Swap:          8191         136        8055
======physical cpu==========================
2
======cores per physical cpu====================
cpu cores	: 4
======processor============================
8
======cpu version===========================
 Intel(R) Xeon(R) CPU E5-2420 v2 @ 2.20GHz
======disk info=============================
Filesystem              Type      Size  Used Avail Use% Mounted on
/dev/mapper/centos-root xfs        50G  5.1G   45G  11% /
devtmpfs                devtmpfs  7.9G     0  7.9G   0% /dev
tmpfs                   tmpfs     7.9G     0  7.9G   0% /dev/shm
tmpfs                   tmpfs     7.9G  828M  7.1G  11% /run
tmpfs                   tmpfs     7.9G     0  7.9G   0% /sys/fs/cgroup
/dev/sdb                xfs       2.0T  1.1T  979G  52% /app
/dev/sda1               xfs      1014M  133M  882M  14% /boot
/dev/mapper/centos-tmp  xfs       5.0G   33M  5.0G   1% /tmp
/dev/mapper/centos-home xfs        20G   33M   20G   1% /home
tmpfs                   tmpfs     1.6G     0  1.6G   0% /run/user/0
======numa mount========================
1
======io stat===============================
Linux 3.10.0-957.el7.x86_64 (localhost.localdomain) 	07/15/2021 	_x86_64_	(8 CPU)

avg-cpu:  %user   %nice %system %iowait  %steal   %idle
           0.72    0.00    0.31    0.18    0.00   98.79

Device:         rrqm/s   wrqm/s     r/s     w/s    rMB/s    wMB/s avgrq-sz avgqu-sz   await r_await w_await  svctm  %util
fd0               0.00     0.00    0.00    0.00     0.00     0.00     8.00     0.00   33.10   33.10    0.00  33.10   0.00
sda               0.00     0.01    0.02    0.13     0.00     0.00    27.96     0.00    3.24   16.46    0.92   0.57   0.01
sdb               0.05     0.60    0.90  100.43     0.03     1.92    39.44     0.05    0.49    3.60    0.47   0.32   3.23
dm-0              0.00     0.00    0.02    0.13     0.00     0.00    26.09     0.00    4.63   16.58    2.70   0.58   0.01
dm-1              0.00     0.00    0.00    0.00     0.00     0.00     8.05     0.00   12.42    6.57   14.14   0.41   0.00
dm-2              0.00     0.00    0.00    0.00     0.00     0.00    11.72     0.00    2.02    6.07    0.19   0.65   0.00
dm-3              0.00     0.00    0.00    0.00     0.00     0.00     8.34     0.00    0.33    0.79    0.32   0.29   0.00

avg-cpu:  %user   %nice %system %iowait  %steal   %idle
           1.88    0.00    0.70    0.31    0.00   97.11

Device:         rrqm/s   wrqm/s     r/s     w/s    rMB/s    wMB/s avgrq-sz avgqu-sz   await r_await w_await  svctm  %util
fd0               0.00     0.00    0.00    0.00     0.00     0.00     0.00     0.00    0.00    0.00    0.00   0.00   0.00
sda               0.00     0.00    0.00    1.60     0.00     0.14   180.50     0.00    0.44    0.00    0.44   0.19   0.03
sdb               0.00     0.00    0.00  205.50     0.00     3.63    36.18     0.07    0.34    0.00    0.34   0.27   5.50
dm-0              0.00     0.00    0.00    1.60     0.00     0.14   180.50     0.00    0.44    0.00    0.44   0.19   0.03
dm-1              0.00     0.00    0.00    0.00     0.00     0.00     0.00     0.00    0.00    0.00    0.00   0.00   0.00
dm-2              0.00     0.00    0.00    0.00     0.00     0.00     0.00     0.00    0.00    0.00    0.00   0.00   0.00
dm-3              0.00     0.00    0.00    0.00     0.00     0.00     0.00     0.00    0.00    0.00    0.00   0.00   0.00

avg-cpu:  %user   %nice %system %iowait  %steal   %idle
           1.75    0.00    0.80    0.40    0.00   97.05

Device:         rrqm/s   wrqm/s     r/s     w/s    rMB/s    wMB/s avgrq-sz avgqu-sz   await r_await w_await  svctm  %util
fd0               0.00     0.00    0.00    0.00     0.00     0.00     0.00     0.00    0.00    0.00    0.00   0.00   0.00
sda               0.00     0.00    0.00    0.90     0.00     0.01    23.11     0.00    0.00    0.00    0.00   0.00   0.00
sdb               0.00     0.70    0.00  269.70     0.00     3.78    28.68     0.09    0.33    0.00    0.33   0.27   7.20
dm-0              0.00     0.00    0.00    0.70     0.00     0.01    29.29     0.00    0.00    0.00    0.00   0.00   0.00
dm-1              0.00     0.00    0.00    0.00     0.00     0.00     0.00     0.00    0.00    0.00    0.00   0.00   0.00
dm-2              0.00     0.00    0.00    0.00     0.00     0.00     0.00     0.00    0.00    0.00    0.00   0.00   0.00
dm-3              0.00     0.00    0.00    0.00     0.00     0.00     0.00     0.00    0.00    0.00    0.00   0.00   0.00

avg-cpu:  %user   %nice %system %iowait  %steal   %idle
           1.73    0.00    0.68    0.34    0.00   97.25

Device:         rrqm/s   wrqm/s     r/s     w/s    rMB/s    wMB/s avgrq-sz avgqu-sz   await r_await w_await  svctm  %util
fd0               0.00     0.00    0.00    0.00     0.00     0.00     0.00     0.00    0.00    0.00    0.00   0.00   0.00
sda               0.00     0.30    0.00    0.40     0.00     0.00    15.00     0.00    1.25    0.00    1.25   1.25   0.05
sdb               0.00     0.00    0.10  226.90     0.00     3.94    35.54     0.07    0.32    8.00    0.32   0.25   5.68
dm-0              0.00     0.00    0.00    0.00     0.00     0.00     0.00     0.00    0.00    0.00    0.00   0.00   0.00
dm-1              0.00     0.00    0.00    0.50     0.00     0.00     8.00     0.00    2.80    0.00    2.80   1.00   0.05
dm-2              0.00     0.00    0.00    0.00     0.00     0.00     0.00     0.00    0.00    0.00    0.00   0.00   0.00
dm-3              0.00     0.00    0.00    0.20     0.00     0.00    10.00     0.00    0.00    0.00    0.00   0.00   0.00

avg-cpu:  %user   %nice %system %iowait  %steal   %idle
           1.58    0.00    0.66    0.40    0.00   97.35

Device:         rrqm/s   wrqm/s     r/s     w/s    rMB/s    wMB/s avgrq-sz avgqu-sz   await r_await w_await  svctm  %util
fd0               0.00     0.00    0.00    0.00     0.00     0.00     0.00     0.00    0.00    0.00    0.00   0.00   0.00
sda               0.00     0.10    0.00    0.10     0.00     0.00    16.00     0.00    3.00    0.00    3.00   3.00   0.03
sdb               0.00     0.00    0.00  220.20     0.00     3.47    32.29     0.07    0.33    0.00    0.33   0.28   6.19
dm-0              0.00     0.00    0.00    0.00     0.00     0.00     0.00     0.00    0.00    0.00    0.00   0.00   0.00
dm-1              0.00     0.00    0.00    0.20     0.00     0.00     8.00     0.00    3.00    0.00    3.00   1.50   0.03
dm-2              0.00     0.00    0.00    0.00     0.00     0.00     0.00     0.00    0.00    0.00    0.00   0.00   0.00
dm-3              0.00     0.00    0.00    0.00     0.00     0.00     0.00     0.00    0.00    0.00    0.00   0.00   0.00

avg-cpu:  %user   %nice %system %iowait  %steal   %idle
           1.72    0.00    0.66    0.45    0.00   97.17

Device:         rrqm/s   wrqm/s     r/s     w/s    rMB/s    wMB/s avgrq-sz avgqu-sz   await r_await w_await  svctm  %util
fd0               0.00     0.00    0.00    0.00     0.00     0.00     0.00     0.00    0.00    0.00    0.00   0.00   0.00
sda               0.00     0.40    0.00    2.30     0.00     0.03    25.30     0.00    1.52    0.00    1.52   1.26   0.29
sdb               0.00     0.80    0.00  231.80     0.00     3.64    32.17     0.09    0.41    0.00    0.41   0.31   7.10
dm-0              0.00     0.00    0.00    2.00     0.00     0.03    26.95     0.00    1.35    0.00    1.35   1.20   0.24
dm-1              0.00     0.00    0.00    0.50     0.00     0.00     8.00     0.00    2.80    0.00    2.80   1.00   0.05
dm-2              0.00     0.00    0.00    0.00     0.00     0.00     0.00     0.00    0.00    0.00    0.00   0.00   0.00
dm-3              0.00     0.00    0.00    0.00     0.00     0.00     0.00     0.00    0.00    0.00    0.00   0.00   0.00

avg-cpu:  %user   %nice %system %iowait  %steal   %idle
           1.91    0.00    0.73    0.55    0.00   96.81

Device:         rrqm/s   wrqm/s     r/s     w/s    rMB/s    wMB/s avgrq-sz avgqu-sz   await r_await w_await  svctm  %util
fd0               0.00     0.00    0.00    0.00     0.00     0.00     0.00     0.00    0.00    0.00    0.00   0.00   0.00
sda               0.00     0.00    0.00    0.40     0.00     0.00    11.00     0.00    0.00    0.00    0.00   0.00   0.00
sdb               0.00     0.00    0.00  237.40     0.00     4.10    35.41     0.09    0.39    0.00    0.39   0.32   7.67
dm-0              0.00     0.00    0.00    0.00     0.00     0.00     0.00     0.00    0.00    0.00    0.00   0.00   0.00
dm-1              0.00     0.00    0.00    0.00     0.00     0.00     0.00     0.00    0.00    0.00    0.00   0.00   0.00
dm-2              0.00     0.00    0.00    0.00     0.00     0.00     0.00     0.00    0.00    0.00    0.00   0.00   0.00
dm-3              0.00     0.00    0.00    0.40     0.00     0.00    11.00     0.00    0.00    0.00    0.00   0.00   0.00

avg-cpu:  %user   %nice %system %iowait  %steal   %idle
           1.53    0.00    0.73    0.23    0.00   97.52

Device:         rrqm/s   wrqm/s     r/s     w/s    rMB/s    wMB/s avgrq-sz avgqu-sz   await r_await w_await  svctm  %util
fd0               0.00     0.00    0.00    0.00     0.00     0.00     0.00     0.00    0.00    0.00    0.00   0.00   0.00
sda               0.00     0.00    0.00    0.20     0.00     0.00     8.00     0.00    0.00    0.00    0.00   0.00   0.00
sdb               0.00     0.00    0.00  225.30     0.00     3.51    31.87     0.07    0.30    0.00    0.30   0.24   5.40
dm-0              0.00     0.00    0.00    0.00     0.00     0.00     0.00     0.00    0.00    0.00    0.00   0.00   0.00
dm-1              0.00     0.00    0.00    0.00     0.00     0.00     0.00     0.00    0.00    0.00    0.00   0.00   0.00
dm-2              0.00     0.00    0.00    0.00     0.00     0.00     0.00     0.00    0.00    0.00    0.00   0.00   0.00
dm-3              0.00     0.00    0.00    0.20     0.00     0.00     8.00     0.00    0.00    0.00    0.00   0.00   0.00

avg-cpu:  %user   %nice %system %iowait  %steal   %idle
           1.69    0.00    0.74    0.23    0.00   97.34

Device:         rrqm/s   wrqm/s     r/s     w/s    rMB/s    wMB/s avgrq-sz avgqu-sz   await r_await w_await  svctm  %util
fd0               0.00     0.00    0.00    0.00     0.00     0.00     0.00     0.00    0.00    0.00    0.00   0.00   0.00
sda               0.00     0.00    0.00    0.20     0.00     0.00     9.50     0.00    0.50    0.00    0.50   0.50   0.01
sdb               0.00     1.00    0.00  265.60     0.00     4.23    32.65     0.09    0.36    0.00    0.36   0.29   7.67
dm-0              0.00     0.00    0.00    0.20     0.00     0.00     9.50     0.00    0.50    0.00    0.50   0.50   0.01
dm-1              0.00     0.00    0.00    0.00     0.00     0.00     0.00     0.00    0.00    0.00    0.00   0.00   0.00
dm-2              0.00     0.00    0.00    0.00     0.00     0.00     0.00     0.00    0.00    0.00    0.00   0.00   0.00
dm-3              0.00     0.00    0.00    0.00     0.00     0.00     0.00     0.00    0.00    0.00    0.00   0.00   0.00

avg-cpu:  %user   %nice %system %iowait  %steal   %idle
           1.32    0.00    0.56    0.21    0.00   97.91

Device:         rrqm/s   wrqm/s     r/s     w/s    rMB/s    wMB/s avgrq-sz avgqu-sz   await r_await w_await  svctm  %util
fd0               0.00     0.00    0.00    0.00     0.00     0.00     0.00     0.00    0.00    0.00    0.00   0.00   0.00
sda               0.00     0.00    0.00    0.30     0.00     0.00    14.33     0.00    0.00    0.00    0.00   0.00   0.00
sdb               0.00     0.00    0.00  213.10     0.00     4.22    40.51     0.06    0.30    0.00    0.30   0.21   4.57
dm-0              0.00     0.00    0.00    0.20     0.00     0.00    20.00     0.00    0.00    0.00    0.00   0.00   0.00
dm-1              0.00     0.00    0.00    0.00     0.00     0.00     0.00     0.00    0.00    0.00    0.00   0.00   0.00
dm-2              0.00     0.00    0.00    0.00     0.00     0.00     0.00     0.00    0.00    0.00    0.00   0.00   0.00
dm-3              0.00     0.00    0.00    0.10     0.00     0.00     3.00     0.00    0.00    0.00    0.00   0.00   0.00

======vmstat======
procs -----------memory---------- ---swap-- -----io---- -system-- ------cpu-----
 r  b   swpd   free   buff  cache   si   so    bi    bo   in   cs us sy id wa st
 0  0 139776 159496      0 3188628    0    0     4   247    0    0  1  0 99  0  0
 0  0 139776 158040      0 3190420    0    0     0  2952 2331 3917  2  1 98  0  0
 1  0 139776 156152      0 3192152    0    0     0  3156 2427 4272  2  1 97  0  0
 0  0 139776 154292      0 3194496    0    0     0  3059 2411 4301  2  1 98  0  0
 0  0 139776 151968      0 3196436    0    0     0  6722 3037 5300  2  1 97  0  0
 0  0 139776 166816      0 3181464    0    0     0  2888 2536 4294  2  1 98  0  0
 0  0 139776 164584      0 3183556    0    0     0  3174 2541 4408  2  1 97  0  0
 0  0 139776 163560      0 3184516    0    0     0  2577 1600 2875  1  0 99  0  0
 0  0 139776 161948      0 3186156    0    0     0  2782 2378 3997  1  1 98  0  0
 0  0 139776 160460      0 3187724    0    0     0  2748 2241 3907  1  1 98  0  0
====dstat===
You did not select any stats, using -cdngy by default.
[7l----total-cpu-usage---- -dsk/total- -net/total- ---paging-- ---system--
usr sys idl wai hiq siq| read  writ| recv  send|  in   out | int   csw 
  1   0  99   0   0   0|  29k 1971k|   0     0 |   3B    9B| 999  1904 
  1   1  98   0   0   0|   0  5850k| 485k 4430B|   0     0 |1951  3428 
  1   0  96   2   0   0|   0  2401k| 366k 3685B|   0     0 |1348  2337 
  1   1  98   0   0   0|   0  2785k| 569k 4875B|   0     0 |2017  3634 
  1   1  98   0   0   0|   0  2432k| 429k 3923B|   0     0 |1829  3055 
  1   0  98   0   0   0|   0  2380k| 381k 3552B|   0     0 |1548  2731 
  2   0  98   0   0   0|   0  2735k| 648k 4337B|   0     0 |1916  3438 
  1   0  99   0   0   0|   0  2121k| 290k 2101B|   0     0 |1145  1950 
  1   1  97   1   0   0|   0  6161k| 612k 5169B|   0     0 |2108  3923 
  2   1  98   0   0   0|   0  2969k| 732k 6247B|   0     0 |2178  3847 
  1   0  98   0   0   0|   0  2509k| 508k 4298B|   0     0 |1742  2812 
======system log============================
Jul 15 09:12:01 localhost systemd: Created slice User Slice of mysql.
Jul 15 09:12:01 localhost systemd: Started Session 373231 of user mysql.
Jul 15 09:12:01 localhost systemd: Removed slice User Slice of mysql.
Jul 15 09:13:01 localhost systemd: Created slice User Slice of mysql.
Jul 15 09:13:01 localhost systemd: Started Session 373232 of user mysql.
Jul 15 09:13:01 localhost systemd: Removed slice User Slice of mysql.
Jul 15 09:14:01 localhost systemd: Created slice User Slice of mysql.
Jul 15 09:14:01 localhost systemd: Started Session 373233 of user mysql.
Jul 15 09:14:01 localhost systemd: Removed slice User Slice of mysql.
Jul 15 09:15:01 localhost systemd: Created slice User Slice of mysql.
Jul 15 09:15:01 localhost systemd: Started Session 373234 of user mysql.
Jul 15 09:15:01 localhost systemd: Removed slice User Slice of mysql.
Jul 15 09:16:01 localhost systemd: Created slice User Slice of mysql.
Jul 15 09:16:01 localhost systemd: Started Session 373235 of user mysql.
Jul 15 09:16:01 localhost systemd: Removed slice User Slice of mysql.
Jul 15 09:17:01 localhost systemd: Created slice User Slice of mysql.
Jul 15 09:17:01 localhost systemd: Started Session 373236 of user mysql.
Jul 15 09:17:01 localhost systemd: Removed slice User Slice of mysql.
Jul 15 09:18:01 localhost systemd: Created slice User Slice of mysql.
Jul 15 09:18:01 localhost systemd: Started Session 373237 of user mysql.
Jul 15 09:18:01 localhost systemd: Removed slice User Slice of mysql.
Jul 15 09:19:01 localhost systemd: Created slice User Slice of mysql.
Jul 15 09:19:01 localhost systemd: Started Session 373238 of user mysql.
Jul 15 09:19:01 localhost systemd: Removed slice User Slice of mysql.
Jul 15 09:20:01 localhost systemd: Created slice User Slice of mysql.
Jul 15 09:20:01 localhost systemd: Started Session 373239 of user mysql.
Jul 15 09:20:01 localhost systemd: Removed slice User Slice of mysql.
Jul 15 09:21:01 localhost systemd: Created slice User Slice of mysql.
Jul 15 09:21:01 localhost systemd: Started Session 373240 of user mysql.
Jul 15 09:21:01 localhost systemd: Removed slice User Slice of mysql.
Jul 15 09:22:01 localhost systemd: Created slice User Slice of mysql.
Jul 15 09:22:01 localhost systemd: Started Session 373241 of user mysql.
Jul 15 09:22:01 localhost systemd: Removed slice User Slice of mysql.
Jul 15 09:23:01 localhost systemd: Created slice User Slice of mysql.
Jul 15 09:23:01 localhost systemd: Started Session 373242 of user mysql.
Jul 15 09:23:01 localhost systemd: Removed slice User Slice of mysql.
Jul 15 09:24:01 localhost systemd: Created slice User Slice of mysql.
Jul 15 09:24:01 localhost systemd: Started Session 373243 of user mysql.
Jul 15 09:24:01 localhost systemd: Removed slice User Slice of mysql.
Jul 15 09:25:01 localhost systemd: Created slice User Slice of mysql.
Jul 15 09:25:02 localhost systemd: Started Session 373244 of user mysql.
Jul 15 09:25:02 localhost systemd: Removed slice User Slice of mysql.
Jul 15 09:26:01 localhost systemd: Created slice User Slice of mysql.
Jul 15 09:26:01 localhost systemd: Started Session 373245 of user mysql.
Jul 15 09:26:01 localhost systemd: Removed slice User Slice of mysql.
Jul 15 09:27:01 localhost systemd: Created slice User Slice of mysql.
Jul 15 09:27:01 localhost systemd: Started Session 373246 of user mysql.
Jul 15 09:27:01 localhost systemd: Removed slice User Slice of mysql.
Jul 15 09:28:01 localhost systemd: Created slice User Slice of mysql.
Jul 15 09:28:01 localhost systemd: Started Session 373247 of user mysql.
Jul 15 09:28:01 localhost systemd: Removed slice User Slice of mysql.
Jul 15 09:29:01 localhost systemd: Created slice User Slice of mysql.
Jul 15 09:29:01 localhost systemd: Started Session 373248 of user mysql.
Jul 15 09:29:01 localhost systemd: Removed slice User Slice of mysql.
Jul 15 09:30:01 localhost systemd: Created slice User Slice of mysql.
Jul 15 09:30:01 localhost systemd: Started Session 373249 of user mysql.
Jul 15 09:30:01 localhost systemd: Removed slice User Slice of mysql.
Jul 15 09:31:01 localhost systemd: Created slice User Slice of mysql.
Jul 15 09:31:01 localhost systemd: Started Session 373250 of user mysql.
Jul 15 09:31:01 localhost systemd: Removed slice User Slice of mysql.
Jul 15 09:32:01 localhost systemd: Created slice User Slice of mysql.
Jul 15 09:32:01 localhost systemd: Started Session 373251 of user mysql.
Jul 15 09:32:01 localhost systemd: Removed slice User Slice of mysql.
Jul 15 09:33:01 localhost systemd: Created slice User Slice of mysql.
Jul 15 09:33:01 localhost systemd: Started Session 373252 of user mysql.
Jul 15 09:33:01 localhost systemd: Removed slice User Slice of mysql.
Jul 15 09:34:01 localhost systemd: Created slice User Slice of mysql.
Jul 15 09:34:01 localhost systemd: Started Session 373253 of user mysql.
Jul 15 09:34:01 localhost systemd: Removed slice User Slice of mysql.
Jul 15 09:35:01 localhost systemd: Created slice User Slice of mysql.
Jul 15 09:35:01 localhost systemd: Started Session 373254 of user mysql.
Jul 15 09:35:01 localhost systemd: Removed slice User Slice of mysql.
Jul 15 09:36:01 localhost systemd: Created slice User Slice of mysql.
Jul 15 09:36:01 localhost systemd: Started Session 373255 of user mysql.
Jul 15 09:36:01 localhost systemd: Removed slice User Slice of mysql.
Jul 15 09:37:01 localhost systemd: Created slice User Slice of mysql.
Jul 15 09:37:01 localhost systemd: Started Session 373256 of user mysql.
Jul 15 09:37:01 localhost systemd: Removed slice User Slice of mysql.
Jul 15 09:38:01 localhost systemd: Created slice User Slice of mysql.
Jul 15 09:38:01 localhost systemd: Started Session 373257 of user mysql.
Jul 15 09:38:01 localhost systemd: Removed slice User Slice of mysql.
Jul 15 09:39:01 localhost systemd: Created slice User Slice of mysql.
Jul 15 09:39:01 localhost systemd: Started Session 373258 of user mysql.
Jul 15 09:39:01 localhost systemd: Removed slice User Slice of mysql.
Jul 15 09:40:01 localhost systemd: Created slice User Slice of mysql.
Jul 15 09:40:01 localhost systemd: Started Session 373259 of user mysql.
Jul 15 09:40:01 localhost systemd: Removed slice User Slice of mysql.
Jul 15 09:41:01 localhost systemd: Created slice User Slice of mysql.
Jul 15 09:41:01 localhost systemd: Started Session 373260 of user mysql.
Jul 15 09:41:02 localhost systemd: Removed slice User Slice of mysql.
Jul 15 09:42:01 localhost systemd: Created slice User Slice of mysql.
Jul 15 09:42:01 localhost systemd: Started Session 373261 of user mysql.
Jul 15 09:42:01 localhost systemd: Removed slice User Slice of mysql.
Jul 15 09:43:01 localhost systemd: Created slice User Slice of mysql.
Jul 15 09:43:01 localhost systemd: Started Session 373262 of user mysql.
Jul 15 09:43:01 localhost systemd: Removed slice User Slice of mysql.
Jul 15 09:44:01 localhost systemd: Created slice User Slice of mysql.
Jul 15 09:44:01 localhost systemd: Started Session 373263 of user mysql.
Jul 15 09:44:01 localhost systemd: Removed slice User Slice of mysql.
Jul 15 09:45:01 localhost systemd: Created slice User Slice of mysql.
Jul 15 09:45:01 localhost systemd: Started Session 373264 of user mysql.
Jul 15 09:45:01 localhost systemd: Removed slice User Slice of mysql.
Jul 15 09:46:01 localhost systemd: Created slice User Slice of mysql.
Jul 15 09:46:01 localhost systemd: Started Session 373265 of user mysql.
Jul 15 09:46:01 localhost systemd: Removed slice User Slice of mysql.
Jul 15 09:47:01 localhost systemd: Created slice User Slice of mysql.
Jul 15 09:47:01 localhost systemd: Started Session 373266 of user mysql.
Jul 15 09:47:01 localhost systemd: Removed slice User Slice of mysql.
Jul 15 09:48:01 localhost systemd: Created slice User Slice of mysql.
Jul 15 09:48:01 localhost systemd: Started Session 373267 of user mysql.
Jul 15 09:48:01 localhost systemd: Removed slice User Slice of mysql.
Jul 15 09:49:01 localhost systemd: Created slice User Slice of mysql.
Jul 15 09:49:01 localhost systemd: Started Session 373268 of user mysql.
Jul 15 09:49:01 localhost systemd: Removed slice User Slice of mysql.
Jul 15 09:50:01 localhost systemd: Created slice User Slice of mysql.
Jul 15 09:50:01 localhost systemd: Started Session 373269 of user mysql.
Jul 15 09:50:01 localhost systemd: Removed slice User Slice of mysql.
Jul 15 09:51:01 localhost systemd: Created slice User Slice of mysql.
Jul 15 09:51:01 localhost systemd: Started Session 373270 of user mysql.
Jul 15 09:51:01 localhost systemd: Removed slice User Slice of mysql.
Jul 15 09:52:01 localhost systemd: Created slice User Slice of mysql.
Jul 15 09:52:01 localhost systemd: Started Session 373271 of user mysql.
Jul 15 09:52:01 localhost systemd: Removed slice User Slice of mysql.
Jul 15 09:53:01 localhost systemd: Created slice User Slice of mysql.
Jul 15 09:53:01 localhost systemd: Started Session 373272 of user mysql.
Jul 15 09:53:01 localhost systemd: Removed slice User Slice of mysql.
Jul 15 09:54:01 localhost systemd: Created slice User Slice of mysql.
Jul 15 09:54:01 localhost systemd: Started Session 373273 of user mysql.
Jul 15 09:54:01 localhost systemd: Removed slice User Slice of mysql.
Jul 15 09:55:01 localhost systemd: Created slice User Slice of mysql.
Jul 15 09:55:01 localhost systemd: Started Session 373274 of user mysql.
Jul 15 09:55:01 localhost systemd: Removed slice User Slice of mysql.
Jul 15 09:56:01 localhost systemd: Created slice User Slice of mysql.
Jul 15 09:56:01 localhost systemd: Started Session 373275 of user mysql.
Jul 15 09:56:01 localhost systemd: Removed slice User Slice of mysql.
Jul 15 09:57:01 localhost systemd: Created slice User Slice of mysql.
Jul 15 09:57:01 localhost systemd: Started Session 373276 of user mysql.
Jul 15 09:57:01 localhost systemd: Removed slice User Slice of mysql.
Jul 15 09:58:01 localhost systemd: Created slice User Slice of mysql.
Jul 15 09:58:01 localhost systemd: Started Session 373277 of user mysql.
Jul 15 09:58:02 localhost systemd: Removed slice User Slice of mysql.
Jul 15 09:59:01 localhost systemd: Created slice User Slice of mysql.
Jul 15 09:59:01 localhost systemd: Started Session 373278 of user mysql.
Jul 15 09:59:01 localhost systemd: Removed slice User Slice of mysql.
Jul 15 10:00:01 localhost systemd: Created slice User Slice of mysql.
Jul 15 10:00:01 localhost systemd: Started Session 373279 of user mysql.
Jul 15 10:00:01 localhost systemd: Removed slice User Slice of mysql.
Jul 15 10:01:01 localhost systemd: Started Session 373281 of user root.
Jul 15 10:01:01 localhost systemd: Created slice User Slice of mysql.
Jul 15 10:01:01 localhost systemd: Started Session 373280 of user mysql.
Jul 15 10:01:01 localhost systemd: Removed slice User Slice of mysql.
Jul 15 10:02:01 localhost systemd: Created slice User Slice of mysql.
Jul 15 10:02:01 localhost systemd: Started Session 373282 of user mysql.
Jul 15 10:02:01 localhost systemd: Removed slice User Slice of mysql.
Jul 15 10:03:01 localhost systemd: Created slice User Slice of mysql.
Jul 15 10:03:01 localhost systemd: Started Session 373283 of user mysql.
Jul 15 10:03:01 localhost systemd: Removed slice User Slice of mysql.
Jul 15 10:04:01 localhost systemd: Created slice User Slice of mysql.
Jul 15 10:04:01 localhost systemd: Started Session 373284 of user mysql.
Jul 15 10:04:01 localhost systemd: Removed slice User Slice of mysql.
Jul 15 10:05:01 localhost systemd: Created slice User Slice of mysql.
Jul 15 10:05:01 localhost systemd: Started Session 373285 of user mysql.
Jul 15 10:05:01 localhost systemd: Removed slice User Slice of mysql.
Jul 15 10:06:01 localhost systemd: Created slice User Slice of mysql.
Jul 15 10:06:01 localhost systemd: Started Session 373286 of user mysql.
Jul 15 10:06:01 localhost systemd: Removed slice User Slice of mysql.
Jul 15 10:07:01 localhost systemd: Created slice User Slice of mysql.
Jul 15 10:07:01 localhost systemd: Started Session 373287 of user mysql.
Jul 15 10:07:01 localhost systemd: Removed slice User Slice of mysql.
Jul 15 10:08:01 localhost systemd: Created slice User Slice of mysql.
Jul 15 10:08:01 localhost systemd: Started Session 373288 of user mysql.
Jul 15 10:08:01 localhost systemd: Removed slice User Slice of mysql.
Jul 15 10:09:01 localhost systemd: Created slice User Slice of mysql.
Jul 15 10:09:01 localhost systemd: Started Session 373289 of user mysql.
Jul 15 10:09:01 localhost systemd: Removed slice User Slice of mysql.
Jul 15 10:10:01 localhost systemd: Created slice User Slice of mysql.
Jul 15 10:10:01 localhost systemd: Started Session 373290 of user mysql.
Jul 15 10:10:01 localhost systemd: Removed slice User Slice of mysql.
Jul 15 10:11:01 localhost systemd: Created slice User Slice of mysql.
Jul 15 10:11:01 localhost systemd: Started Session 373291 of user mysql.
Jul 15 10:11:01 localhost systemd: Removed slice User Slice of mysql.
Jul 15 10:12:01 localhost systemd: Created slice User Slice of mysql.
Jul 15 10:12:01 localhost systemd: Started Session 373292 of user mysql.
Jul 15 10:12:01 localhost systemd: Removed slice User Slice of mysql.
Jul 15 10:13:01 localhost systemd: Created slice User Slice of mysql.
Jul 15 10:13:01 localhost systemd: Started Session 373293 of user mysql.
Jul 15 10:13:01 localhost systemd: Removed slice User Slice of mysql.
Jul 15 10:14:01 localhost systemd: Created slice User Slice of mysql.
Jul 15 10:14:01 localhost systemd: Started Session 373294 of user mysql.
Jul 15 10:14:01 localhost systemd: Removed slice User Slice of mysql.
Jul 15 10:15:02 localhost systemd: Created slice User Slice of mysql.
Jul 15 10:15:02 localhost systemd: Started Session 373295 of user mysql.
Jul 15 10:15:02 localhost systemd: Removed slice User Slice of mysql.
Jul 15 10:16:01 localhost systemd: Created slice User Slice of mysql.
Jul 15 10:16:01 localhost systemd: Started Session 373296 of user mysql.
Jul 15 10:16:01 localhost systemd: Removed slice User Slice of mysql.
Jul 15 10:17:01 localhost systemd: Created slice User Slice of mysql.
Jul 15 10:17:01 localhost systemd: Started Session 373297 of user mysql.
Jul 15 10:17:01 localhost systemd: Removed slice User Slice of mysql.
Jul 15 10:18:01 localhost systemd: Created slice User Slice of mysql.
Jul 15 10:18:01 localhost systemd: Started Session 373298 of user mysql.
Jul 15 10:18:01 localhost systemd: Removed slice User Slice of mysql.
Jul 15 10:19:01 localhost systemd: Created slice User Slice of mysql.
Jul 15 10:19:01 localhost systemd: Started Session 373299 of user mysql.
Jul 15 10:19:01 localhost systemd: Removed slice User Slice of mysql.
Jul 15 10:20:01 localhost systemd: Created slice User Slice of mysql.
Jul 15 10:20:01 localhost systemd: Started Session 373300 of user mysql.
Jul 15 10:20:01 localhost systemd: Removed slice User Slice of mysql.
Jul 15 10:21:01 localhost systemd: Created slice User Slice of mysql.
Jul 15 10:21:01 localhost systemd: Started Session 373301 of user mysql.
Jul 15 10:21:01 localhost systemd: Removed slice User Slice of mysql.
Jul 15 10:22:01 localhost systemd: Created slice User Slice of mysql.
Jul 15 10:22:01 localhost systemd: Started Session 373302 of user mysql.
Jul 15 10:22:01 localhost systemd: Removed slice User Slice of mysql.
Jul 15 10:23:01 localhost systemd: Created slice User Slice of mysql.
Jul 15 10:23:01 localhost systemd: Started Session 373303 of user mysql.
Jul 15 10:23:01 localhost systemd: Removed slice User Slice of mysql.
Jul 15 10:24:01 localhost systemd: Created slice User Slice of mysql.
Jul 15 10:24:01 localhost systemd: Started Session 373304 of user mysql.
Jul 15 10:24:01 localhost systemd: Removed slice User Slice of mysql.
Jul 15 10:25:01 localhost systemd: Created slice User Slice of mysql.
Jul 15 10:25:01 localhost systemd: Started Session 373305 of user mysql.
Jul 15 10:25:01 localhost systemd: Removed slice User Slice of mysql.
Jul 15 10:26:01 localhost systemd: Created slice User Slice of mysql.
Jul 15 10:26:01 localhost systemd: Started Session 373306 of user mysql.
Jul 15 10:26:02 localhost systemd: Removed slice User Slice of mysql.
Jul 15 10:27:01 localhost systemd: Created slice User Slice of mysql.
Jul 15 10:27:01 localhost systemd: Started Session 373307 of user mysql.
Jul 15 10:27:01 localhost systemd: Removed slice User Slice of mysql.
Jul 15 10:28:01 localhost systemd: Created slice User Slice of mysql.
Jul 15 10:28:01 localhost systemd: Started Session 373308 of user mysql.
Jul 15 10:28:01 localhost systemd: Removed slice User Slice of mysql.
Jul 15 10:29:01 localhost systemd: Created slice User Slice of mysql.
Jul 15 10:29:01 localhost systemd: Started Session 373309 of user mysql.
Jul 15 10:29:01 localhost systemd: Removed slice User Slice of mysql.
Jul 15 10:30:01 localhost systemd: Created slice User Slice of mysql.
Jul 15 10:30:01 localhost systemd: Started Session 373310 of user mysql.
Jul 15 10:30:01 localhost systemd: Removed slice User Slice of mysql.
Jul 15 10:31:01 localhost systemd: Created slice User Slice of mysql.
Jul 15 10:31:01 localhost systemd: Started Session 373311 of user mysql.
Jul 15 10:31:01 localhost systemd: Removed slice User Slice of mysql.
Jul 15 10:32:01 localhost systemd: Created slice User Slice of mysql.
Jul 15 10:32:01 localhost systemd: Started Session 373312 of user mysql.
Jul 15 10:32:01 localhost systemd: Removed slice User Slice of mysql.
Jul 15 10:33:01 localhost systemd: Created slice User Slice of mysql.
Jul 15 10:33:01 localhost systemd: Started Session 373313 of user mysql.
Jul 15 10:33:01 localhost systemd: Removed slice User Slice of mysql.
Jul 15 10:34:01 localhost systemd: Created slice User Slice of mysql.
Jul 15 10:34:01 localhost systemd: Started Session 373314 of user mysql.
Jul 15 10:34:01 localhost systemd: Removed slice User Slice of mysql.
Jul 15 10:35:01 localhost systemd: Created slice User Slice of mysql.
Jul 15 10:35:01 localhost systemd: Started Session 373315 of user mysql.
Jul 15 10:35:01 localhost systemd: Removed slice User Slice of mysql.
Jul 15 10:36:01 localhost systemd: Created slice User Slice of mysql.
Jul 15 10:36:01 localhost systemd: Started Session 373316 of user mysql.
Jul 15 10:36:01 localhost systemd: Removed slice User Slice of mysql.
Jul 15 10:37:01 localhost systemd: Created slice User Slice of mysql.
Jul 15 10:37:01 localhost systemd: Started Session 373317 of user mysql.
Jul 15 10:37:01 localhost systemd: Removed slice User Slice of mysql.
Jul 15 10:38:01 localhost systemd: Created slice User Slice of mysql.
Jul 15 10:38:01 localhost systemd: Started Session 373318 of user mysql.
Jul 15 10:38:01 localhost systemd: Removed slice User Slice of mysql.
Jul 15 10:39:01 localhost systemd: Created slice User Slice of mysql.
Jul 15 10:39:01 localhost systemd: Started Session 373319 of user mysql.
Jul 15 10:39:01 localhost systemd: Removed slice User Slice of mysql.
Jul 15 10:40:01 localhost systemd: Created slice User Slice of mysql.
Jul 15 10:40:01 localhost systemd: Started Session 373320 of user mysql.
Jul 15 10:40:01 localhost systemd: Removed slice User Slice of mysql.
Jul 15 10:41:01 localhost systemd: Created slice User Slice of mysql.
Jul 15 10:41:01 localhost systemd: Started Session 373321 of user mysql.
Jul 15 10:41:01 localhost systemd: Removed slice User Slice of mysql.
Jul 15 10:42:01 localhost systemd: Created slice User Slice of mysql.
Jul 15 10:42:01 localhost systemd: Started Session 373322 of user mysql.
Jul 15 10:42:02 localhost systemd: Removed slice User Slice of mysql.
Jul 15 10:43:01 localhost systemd: Created slice User Slice of mysql.
Jul 15 10:43:01 localhost systemd: Started Session 373323 of user mysql.
Jul 15 10:43:01 localhost systemd: Removed slice User Slice of mysql.
Jul 15 10:44:01 localhost systemd: Created slice User Slice of mysql.
Jul 15 10:44:01 localhost systemd: Started Session 373324 of user mysql.
Jul 15 10:44:01 localhost systemd: Removed slice User Slice of mysql.
Jul 15 10:45:01 localhost systemd: Created slice User Slice of mysql.
Jul 15 10:45:01 localhost systemd: Started Session 373325 of user mysql.
Jul 15 10:45:01 localhost systemd: Removed slice User Slice of mysql.
Jul 15 10:46:01 localhost systemd: Created slice User Slice of mysql.
Jul 15 10:46:01 localhost systemd: Started Session 373326 of user mysql.
Jul 15 10:46:01 localhost systemd: Removed slice User Slice of mysql.
Jul 15 10:47:01 localhost systemd: Created slice User Slice of mysql.
Jul 15 10:47:01 localhost systemd: Started Session 373327 of user mysql.
Jul 15 10:47:01 localhost systemd: Removed slice User Slice of mysql.
Jul 15 10:48:01 localhost systemd: Created slice User Slice of mysql.
Jul 15 10:48:01 localhost systemd: Started Session 373328 of user mysql.
Jul 15 10:48:01 localhost systemd: Removed slice User Slice of mysql.
Jul 15 10:49:01 localhost systemd: Created slice User Slice of mysql.
Jul 15 10:49:01 localhost systemd: Started Session 373329 of user mysql.
Jul 15 10:49:01 localhost systemd: Removed slice User Slice of mysql.
Jul 15 10:50:01 localhost systemd: Created slice User Slice of mysql.
Jul 15 10:50:01 localhost systemd: Started Session 373330 of user mysql.
Jul 15 10:50:01 localhost systemd: Removed slice User Slice of mysql.
Jul 15 10:51:01 localhost systemd: Created slice User Slice of mysql.
Jul 15 10:51:01 localhost systemd: Started Session 373331 of user mysql.
Jul 15 10:51:01 localhost systemd: Removed slice User Slice of mysql.
Jul 15 10:52:01 localhost systemd: Created slice User Slice of mysql.
Jul 15 10:52:01 localhost systemd: Started Session 373332 of user mysql.
Jul 15 10:52:01 localhost systemd: Removed slice User Slice of mysql.
Jul 15 10:53:01 localhost systemd: Created slice User Slice of mysql.
Jul 15 10:53:01 localhost systemd: Started Session 373333 of user mysql.
Jul 15 10:53:01 localhost systemd: Removed slice User Slice of mysql.
Jul 15 10:54:01 localhost systemd: Created slice User Slice of mysql.
Jul 15 10:54:01 localhost systemd: Started Session 373334 of user mysql.
Jul 15 10:54:01 localhost systemd: Removed slice User Slice of mysql.
Jul 15 10:55:01 localhost systemd: Created slice User Slice of mysql.
Jul 15 10:55:01 localhost systemd: Started Session 373335 of user mysql.
Jul 15 10:55:01 localhost systemd: Removed slice User Slice of mysql.
Jul 15 10:56:01 localhost systemd: Created slice User Slice of mysql.
Jul 15 10:56:01 localhost systemd: Started Session 373336 of user mysql.
Jul 15 10:56:01 localhost systemd: Removed slice User Slice of mysql.
Jul 15 10:57:01 localhost systemd: Created slice User Slice of mysql.
Jul 15 10:57:01 localhost systemd: Started Session 373337 of user mysql.
Jul 15 10:57:01 localhost systemd: Removed slice User Slice of mysql.
Jul 15 10:58:01 localhost systemd: Created slice User Slice of mysql.
Jul 15 10:58:01 localhost systemd: Started Session 373338 of user mysql.
Jul 15 10:58:02 localhost systemd: Removed slice User Slice of mysql.
Jul 15 10:59:01 localhost systemd: Created slice User Slice of mysql.
Jul 15 10:59:01 localhost systemd: Started Session 373339 of user mysql.
Jul 15 10:59:01 localhost systemd: Removed slice User Slice of mysql.
Jul 15 11:00:01 localhost systemd: Created slice User Slice of mysql.
Jul 15 11:00:01 localhost systemd: Started Session 373340 of user mysql.
Jul 15 11:00:01 localhost systemd: Removed slice User Slice of mysql.
Jul 15 11:01:01 localhost systemd: Started Session 373341 of user root.
Jul 15 11:01:01 localhost systemd: Created slice User Slice of mysql.
Jul 15 11:01:01 localhost systemd: Started Session 373342 of user mysql.
Jul 15 11:01:01 localhost systemd: Removed slice User Slice of mysql.
Jul 15 11:02:01 localhost systemd: Created slice User Slice of mysql.
Jul 15 11:02:01 localhost systemd: Started Session 373343 of user mysql.
Jul 15 11:02:01 localhost systemd: Removed slice User Slice of mysql.
Jul 15 11:03:01 localhost systemd: Created slice User Slice of mysql.
Jul 15 11:03:01 localhost systemd: Started Session 373344 of user mysql.
Jul 15 11:03:01 localhost systemd: Removed slice User Slice of mysql.
Jul 15 11:04:01 localhost systemd: Created slice User Slice of mysql.
Jul 15 11:04:01 localhost systemd: Started Session 373345 of user mysql.
Jul 15 11:04:01 localhost systemd: Removed slice User Slice of mysql.
Jul 15 11:05:01 localhost systemd: Created slice User Slice of mysql.
Jul 15 11:05:01 localhost systemd: Started Session 373346 of user mysql.
Jul 15 11:05:01 localhost systemd: Removed slice User Slice of mysql.
Jul 15 11:06:01 localhost systemd: Created slice User Slice of mysql.
Jul 15 11:06:01 localhost systemd: Started Session 373347 of user mysql.
Jul 15 11:06:01 localhost systemd: Removed slice User Slice of mysql.
Jul 15 11:07:01 localhost systemd: Created slice User Slice of mysql.
Jul 15 11:07:01 localhost systemd: Started Session 373348 of user mysql.
Jul 15 11:07:01 localhost systemd: Removed slice User Slice of mysql.
Jul 15 11:08:01 localhost systemd: Created slice User Slice of mysql.
Jul 15 11:08:01 localhost systemd: Started Session 373349 of user mysql.
Jul 15 11:08:01 localhost systemd: Removed slice User Slice of mysql.
Jul 15 11:09:01 localhost systemd: Created slice User Slice of mysql.
Jul 15 11:09:01 localhost systemd: Started Session 373350 of user mysql.
Jul 15 11:09:01 localhost systemd: Removed slice User Slice of mysql.
Jul 15 11:10:01 localhost systemd: Created slice User Slice of mysql.
Jul 15 11:10:01 localhost systemd: Started Session 373351 of user mysql.
Jul 15 11:10:01 localhost systemd: Removed slice User Slice of mysql.
Jul 15 11:11:01 localhost systemd: Created slice User Slice of mysql.
Jul 15 11:11:01 localhost systemd: Started Session 373352 of user mysql.
Jul 15 11:11:01 localhost systemd: Removed slice User Slice of mysql.
Jul 15 11:12:01 localhost systemd: Created slice User Slice of mysql.
Jul 15 11:12:01 localhost systemd: Started Session 373353 of user mysql.
Jul 15 11:12:01 localhost systemd: Removed slice User Slice of mysql.
Jul 15 11:13:01 localhost systemd: Created slice User Slice of mysql.
Jul 15 11:13:01 localhost systemd: Started Session 373354 of user mysql.
Jul 15 11:13:01 localhost systemd: Removed slice User Slice of mysql.
Jul 15 11:14:01 localhost systemd: Created slice User Slice of mysql.
Jul 15 11:14:01 localhost systemd: Started Session 373355 of user mysql.
Jul 15 11:14:02 localhost systemd: Removed slice User Slice of mysql.
Jul 15 11:15:01 localhost systemd: Created slice User Slice of mysql.
Jul 15 11:15:01 localhost systemd: Started Session 373356 of user mysql.
Jul 15 11:15:01 localhost systemd: Removed slice User Slice of mysql.
Jul 15 11:16:01 localhost systemd: Created slice User Slice of mysql.
Jul 15 11:16:01 localhost systemd: Started Session 373357 of user mysql.
Jul 15 11:16:01 localhost systemd: Removed slice User Slice of mysql.
Jul 15 11:17:01 localhost systemd: Created slice User Slice of mysql.
Jul 15 11:17:01 localhost systemd: Started Session 373358 of user mysql.
Jul 15 11:17:01 localhost systemd: Removed slice User Slice of mysql.
Jul 15 11:18:01 localhost systemd: Created slice User Slice of mysql.
Jul 15 11:18:01 localhost systemd: Started Session 373359 of user mysql.
Jul 15 11:18:01 localhost systemd: Removed slice User Slice of mysql.
Jul 15 11:19:01 localhost systemd: Created slice User Slice of mysql.
Jul 15 11:19:01 localhost systemd: Started Session 373360 of user mysql.
Jul 15 11:19:01 localhost systemd: Removed slice User Slice of mysql.
Jul 15 11:20:01 localhost systemd: Created slice User Slice of mysql.
Jul 15 11:20:01 localhost systemd: Started Session 373361 of user mysql.
Jul 15 11:20:01 localhost systemd: Removed slice User Slice of mysql.
Jul 15 11:21:01 localhost systemd: Created slice User Slice of mysql.
Jul 15 11:21:01 localhost systemd: Started Session 373362 of user mysql.
Jul 15 11:21:01 localhost systemd: Removed slice User Slice of mysql.
Jul 15 11:22:01 localhost systemd: Created slice User Slice of mysql.
Jul 15 11:22:01 localhost systemd: Started Session 373363 of user mysql.
Jul 15 11:22:01 localhost systemd: Removed slice User Slice of mysql.
Jul 15 11:23:01 localhost systemd: Created slice User Slice of mysql.
Jul 15 11:23:01 localhost systemd: Started Session 373364 of user mysql.
Jul 15 11:23:01 localhost systemd: Removed slice User Slice of mysql.
Jul 15 11:24:01 localhost systemd: Created slice User Slice of mysql.
Jul 15 11:24:01 localhost systemd: Started Session 373365 of user mysql.
Jul 15 11:24:01 localhost systemd: Removed slice User Slice of mysql.
Jul 15 11:25:01 localhost systemd: Created slice User Slice of mysql.
Jul 15 11:25:01 localhost systemd: Started Session 373366 of user mysql.
Jul 15 11:25:01 localhost systemd: Removed slice User Slice of mysql.
Jul 15 11:26:01 localhost systemd: Created slice User Slice of mysql.
Jul 15 11:26:01 localhost systemd: Started Session 373367 of user mysql.
Jul 15 11:26:01 localhost systemd: Removed slice User Slice of mysql.
Jul 15 11:27:01 localhost systemd: Created slice User Slice of mysql.
Jul 15 11:27:01 localhost systemd: Started Session 373368 of user mysql.
Jul 15 11:27:01 localhost systemd: Removed slice User Slice of mysql.
Jul 15 11:28:01 localhost systemd: Created slice User Slice of mysql.
Jul 15 11:28:01 localhost systemd: Started Session 373369 of user mysql.
Jul 15 11:28:01 localhost systemd: Removed slice User Slice of mysql.
Jul 15 11:29:01 localhost systemd: Created slice User Slice of mysql.
Jul 15 11:29:01 localhost systemd: Started Session 373370 of user mysql.
Jul 15 11:29:01 localhost systemd: Removed slice User Slice of mysql.
Jul 15 11:30:01 localhost systemd: Created slice User Slice of mysql.
Jul 15 11:30:01 localhost systemd: Started Session 373371 of user mysql.
Jul 15 11:30:02 localhost systemd: Removed slice User Slice of mysql.
Jul 15 11:31:01 localhost systemd: Created slice User Slice of mysql.
Jul 15 11:31:01 localhost systemd: Started Session 373372 of user mysql.
Jul 15 11:31:01 localhost systemd: Removed slice User Slice of mysql.
Jul 15 11:32:01 localhost systemd: Created slice User Slice of mysql.
Jul 15 11:32:01 localhost systemd: Started Session 373373 of user mysql.
Jul 15 11:32:01 localhost systemd: Removed slice User Slice of mysql.
Jul 15 11:33:01 localhost systemd: Created slice User Slice of mysql.
Jul 15 11:33:01 localhost systemd: Started Session 373374 of user mysql.
Jul 15 11:33:01 localhost systemd: Removed slice User Slice of mysql.
Jul 15 11:34:01 localhost systemd: Created slice User Slice of mysql.
Jul 15 11:34:01 localhost systemd: Started Session 373375 of user mysql.
Jul 15 11:34:01 localhost systemd: Removed slice User Slice of mysql.
Jul 15 11:35:01 localhost systemd: Created slice User Slice of mysql.
Jul 15 11:35:01 localhost systemd: Started Session 373376 of user mysql.
Jul 15 11:35:01 localhost systemd: Removed slice User Slice of mysql.
Jul 15 11:36:01 localhost systemd: Created slice User Slice of mysql.
Jul 15 11:36:01 localhost systemd: Started Session 373377 of user mysql.
Jul 15 11:36:01 localhost systemd: Removed slice User Slice of mysql.
Jul 15 11:37:01 localhost systemd: Created slice User Slice of mysql.
Jul 15 11:37:01 localhost systemd: Started Session 373378 of user mysql.
Jul 15 11:37:01 localhost systemd: Removed slice User Slice of mysql.
Jul 15 11:38:01 localhost systemd: Created slice User Slice of mysql.
Jul 15 11:38:01 localhost systemd: Started Session 373379 of user mysql.
Jul 15 11:38:01 localhost systemd: Removed slice User Slice of mysql.
Jul 15 11:39:01 localhost systemd: Created slice User Slice of mysql.
Jul 15 11:39:01 localhost systemd: Started Session 373380 of user mysql.
Jul 15 11:39:01 localhost systemd: Removed slice User Slice of mysql.
Jul 15 11:40:01 localhost systemd: Created slice User Slice of mysql.
Jul 15 11:40:01 localhost systemd: Started Session 373381 of user mysql.
Jul 15 11:40:01 localhost systemd: Removed slice User Slice of mysql.
Jul 15 11:41:01 localhost systemd: Created slice User Slice of mysql.
Jul 15 11:41:01 localhost systemd: Started Session 373382 of user mysql.
Jul 15 11:41:01 localhost systemd: Removed slice User Slice of mysql.
Jul 15 11:42:01 localhost systemd: Created slice User Slice of mysql.
Jul 15 11:42:01 localhost systemd: Started Session 373383 of user mysql.
Jul 15 11:42:01 localhost systemd: Removed slice User Slice of mysql.
Jul 15 11:43:01 localhost systemd: Created slice User Slice of mysql.
Jul 15 11:43:01 localhost systemd: Started Session 373384 of user mysql.
Jul 15 11:43:01 localhost systemd: Removed slice User Slice of mysql.
Jul 15 11:44:01 localhost systemd: Created slice User Slice of mysql.
Jul 15 11:44:01 localhost systemd: Started Session 373385 of user mysql.
Jul 15 11:44:01 localhost systemd: Removed slice User Slice of mysql.
Jul 15 11:45:01 localhost systemd: Created slice User Slice of mysql.
Jul 15 11:45:01 localhost systemd: Started Session 373386 of user mysql.
Jul 15 11:45:01 localhost systemd: Removed slice User Slice of mysql.
Jul 15 11:46:01 localhost systemd: Created slice User Slice of mysql.
Jul 15 11:46:01 localhost systemd: Started Session 373387 of user mysql.
Jul 15 11:46:02 localhost systemd: Removed slice User Slice of mysql.
Jul 15 11:47:01 localhost systemd: Created slice User Slice of mysql.
Jul 15 11:47:01 localhost systemd: Started Session 373388 of user mysql.
Jul 15 11:47:01 localhost systemd: Removed slice User Slice of mysql.
Jul 15 11:48:01 localhost systemd: Created slice User Slice of mysql.
Jul 15 11:48:01 localhost systemd: Started Session 373389 of user mysql.
Jul 15 11:48:01 localhost systemd: Removed slice User Slice of mysql.
Jul 15 11:49:01 localhost systemd: Created slice User Slice of mysql.
Jul 15 11:49:01 localhost systemd: Started Session 373390 of user mysql.
Jul 15 11:49:01 localhost systemd: Removed slice User Slice of mysql.
Jul 15 11:50:01 localhost systemd: Created slice User Slice of mysql.
Jul 15 11:50:01 localhost systemd: Started Session 373391 of user mysql.
Jul 15 11:50:01 localhost systemd: Removed slice User Slice of mysql.
Jul 15 11:51:01 localhost systemd: Created slice User Slice of mysql.
Jul 15 11:51:01 localhost systemd: Started Session 373392 of user mysql.
Jul 15 11:51:01 localhost systemd: Removed slice User Slice of mysql.
Jul 15 11:52:01 localhost systemd: Created slice User Slice of mysql.
Jul 15 11:52:01 localhost systemd: Started Session 373393 of user mysql.
Jul 15 11:52:01 localhost systemd: Removed slice User Slice of mysql.
Jul 15 11:53:01 localhost systemd: Created slice User Slice of mysql.
Jul 15 11:53:01 localhost systemd: Started Session 373394 of user mysql.
Jul 15 11:53:01 localhost systemd: Removed slice User Slice of mysql.
Jul 15 11:54:01 localhost systemd: Created slice User Slice of mysql.
Jul 15 11:54:01 localhost systemd: Started Session 373395 of user mysql.
Jul 15 11:54:01 localhost systemd: Removed slice User Slice of mysql.
Jul 15 11:55:01 localhost systemd: Created slice User Slice of mysql.
Jul 15 11:55:01 localhost systemd: Started Session 373396 of user mysql.
Jul 15 11:55:01 localhost systemd: Removed slice User Slice of mysql.
Jul 15 11:56:01 localhost systemd: Created slice User Slice of mysql.
Jul 15 11:56:01 localhost systemd: Started Session 373397 of user mysql.
Jul 15 11:56:01 localhost systemd: Removed slice User Slice of mysql.
Jul 15 11:57:01 localhost systemd: Created slice User Slice of mysql.
Jul 15 11:57:01 localhost systemd: Started Session 373398 of user mysql.
Jul 15 11:57:02 localhost systemd: Removed slice User Slice of mysql.
Jul 15 11:58:01 localhost systemd: Created slice User Slice of mysql.
Jul 15 11:58:01 localhost systemd: Started Session 373399 of user mysql.
Jul 15 11:58:01 localhost systemd: Removed slice User Slice of mysql.
Jul 15 11:59:01 localhost systemd: Created slice User Slice of mysql.
Jul 15 11:59:01 localhost systemd: Started Session 373400 of user mysql.
Jul 15 11:59:01 localhost systemd: Removed slice User Slice of mysql.
Jul 15 12:00:01 localhost systemd: Created slice User Slice of mysql.
Jul 15 12:00:01 localhost systemd: Started Session 373401 of user mysql.
Jul 15 12:00:01 localhost systemd: Removed slice User Slice of mysql.
Jul 15 12:01:01 localhost systemd: Created slice User Slice of mysql.
Jul 15 12:01:01 localhost systemd: Started Session 373402 of user mysql.
Jul 15 12:01:01 localhost systemd: Started Session 373403 of user root.
Jul 15 12:01:01 localhost systemd: Removed slice User Slice of mysql.
Jul 15 12:02:01 localhost systemd: Created slice User Slice of mysql.
Jul 15 12:02:01 localhost systemd: Started Session 373404 of user mysql.
Jul 15 12:02:01 localhost systemd: Removed slice User Slice of mysql.
Jul 15 12:03:01 localhost systemd: Created slice User Slice of mysql.
Jul 15 12:03:01 localhost systemd: Started Session 373405 of user mysql.
Jul 15 12:03:01 localhost systemd: Removed slice User Slice of mysql.
Jul 15 12:04:01 localhost systemd: Created slice User Slice of mysql.
Jul 15 12:04:01 localhost systemd: Started Session 373406 of user mysql.
Jul 15 12:04:01 localhost systemd: Removed slice User Slice of mysql.
Jul 15 12:05:01 localhost systemd: Created slice User Slice of mysql.
Jul 15 12:05:01 localhost systemd: Started Session 373407 of user mysql.
Jul 15 12:05:01 localhost systemd: Removed slice User Slice of mysql.
Jul 15 12:06:01 localhost systemd: Created slice User Slice of mysql.
Jul 15 12:06:01 localhost systemd: Started Session 373408 of user mysql.
Jul 15 12:06:01 localhost systemd: Removed slice User Slice of mysql.
Jul 15 12:07:01 localhost systemd: Created slice User Slice of mysql.
Jul 15 12:07:01 localhost systemd: Started Session 373409 of user mysql.
Jul 15 12:07:01 localhost systemd: Removed slice User Slice of mysql.
Jul 15 12:08:01 localhost systemd: Created slice User Slice of mysql.
Jul 15 12:08:01 localhost systemd: Started Session 373410 of user mysql.
Jul 15 12:08:01 localhost systemd: Removed slice User Slice of mysql.
Jul 15 12:09:01 localhost systemd: Created slice User Slice of mysql.
Jul 15 12:09:01 localhost systemd: Started Session 373411 of user mysql.
Jul 15 12:09:01 localhost systemd: Removed slice User Slice of mysql.
Jul 15 12:10:01 localhost systemd: Created slice User Slice of mysql.
Jul 15 12:10:01 localhost systemd: Started Session 373412 of user mysql.
Jul 15 12:10:01 localhost systemd: Removed slice User Slice of mysql.
Jul 15 12:11:01 localhost systemd: Created slice User Slice of mysql.
Jul 15 12:11:01 localhost systemd: Started Session 373413 of user mysql.
Jul 15 12:11:02 localhost systemd: Removed slice User Slice of mysql.
Jul 15 12:12:02 localhost systemd: Created slice User Slice of mysql.
Jul 15 12:12:02 localhost systemd: Started Session 373414 of user mysql.
Jul 15 12:12:02 localhost systemd: Removed slice User Slice of mysql.
Jul 15 12:13:01 localhost systemd: Created slice User Slice of mysql.
Jul 15 12:13:01 localhost systemd: Started Session 373415 of user mysql.
Jul 15 12:13:01 localhost systemd: Removed slice User Slice of mysql.
Jul 15 12:14:01 localhost systemd: Created slice User Slice of mysql.
Jul 15 12:14:01 localhost systemd: Started Session 373416 of user mysql.
Jul 15 12:14:01 localhost systemd: Removed slice User Slice of mysql.
Jul 15 12:15:01 localhost systemd: Created slice User Slice of mysql.
Jul 15 12:15:01 localhost systemd: Started Session 373417 of user mysql.
Jul 15 12:15:01 localhost systemd: Removed slice User Slice of mysql.
Jul 15 12:16:01 localhost systemd: Created slice User Slice of mysql.
Jul 15 12:16:01 localhost systemd: Started Session 373418 of user mysql.
Jul 15 12:16:01 localhost systemd: Removed slice User Slice of mysql.
Jul 15 12:17:01 localhost systemd: Created slice User Slice of mysql.
Jul 15 12:17:01 localhost systemd: Started Session 373419 of user mysql.
Jul 15 12:17:01 localhost systemd: Removed slice User Slice of mysql.
Jul 15 12:18:01 localhost systemd: Created slice User Slice of mysql.
Jul 15 12:18:01 localhost systemd: Started Session 373420 of user mysql.
Jul 15 12:18:01 localhost systemd: Removed slice User Slice of mysql.
Jul 15 12:19:01 localhost systemd: Created slice User Slice of mysql.
Jul 15 12:19:01 localhost systemd: Started Session 373421 of user mysql.
Jul 15 12:19:01 localhost systemd: Removed slice User Slice of mysql.
Jul 15 12:20:01 localhost systemd: Created slice User Slice of mysql.
Jul 15 12:20:01 localhost systemd: Started Session 373422 of user mysql.
Jul 15 12:20:01 localhost systemd: Removed slice User Slice of mysql.
Jul 15 12:21:01 localhost systemd: Created slice User Slice of mysql.
Jul 15 12:21:01 localhost systemd: Started Session 373423 of user mysql.
Jul 15 12:21:01 localhost systemd: Removed slice User Slice of mysql.
Jul 15 12:22:01 localhost systemd: Created slice User Slice of mysql.
Jul 15 12:22:01 localhost systemd: Started Session 373424 of user mysql.
Jul 15 12:22:01 localhost systemd: Removed slice User Slice of mysql.
Jul 15 12:23:01 localhost systemd: Created slice User Slice of mysql.
Jul 15 12:23:01 localhost systemd: Started Session 373425 of user mysql.
Jul 15 12:23:01 localhost systemd: Removed slice User Slice of mysql.
Jul 15 12:24:01 localhost systemd: Created slice User Slice of mysql.
Jul 15 12:24:01 localhost systemd: Started Session 373426 of user mysql.
Jul 15 12:24:01 localhost systemd: Removed slice User Slice of mysql.
Jul 15 12:25:01 localhost systemd: Created slice User Slice of mysql.
Jul 15 12:25:01 localhost systemd: Started Session 373427 of user mysql.
Jul 15 12:25:01 localhost systemd: Removed slice User Slice of mysql.
Jul 15 12:26:01 localhost systemd: Created slice User Slice of mysql.
Jul 15 12:26:01 localhost systemd: Started Session 373428 of user mysql.
Jul 15 12:26:01 localhost systemd: Removed slice User Slice of mysql.
Jul 15 12:27:01 localhost systemd: Created slice User Slice of mysql.
Jul 15 12:27:01 localhost systemd: Started Session 373429 of user mysql.
Jul 15 12:27:02 localhost systemd: Removed slice User Slice of mysql.
Jul 15 12:28:01 localhost systemd: Created slice User Slice of mysql.
Jul 15 12:28:01 localhost systemd: Started Session 373430 of user mysql.
Jul 15 12:28:01 localhost systemd: Removed slice User Slice of mysql.
Jul 15 12:29:01 localhost systemd: Created slice User Slice of mysql.
Jul 15 12:29:01 localhost systemd: Started Session 373431 of user mysql.
Jul 15 12:29:01 localhost systemd: Removed slice User Slice of mysql.
Jul 15 12:30:01 localhost systemd: Created slice User Slice of mysql.
Jul 15 12:30:01 localhost systemd: Started Session 373432 of user mysql.
Jul 15 12:30:01 localhost systemd: Removed slice User Slice of mysql.
Jul 15 12:31:01 localhost systemd: Created slice User Slice of mysql.
Jul 15 12:31:01 localhost systemd: Started Session 373433 of user mysql.
Jul 15 12:31:01 localhost systemd: Removed slice User Slice of mysql.
Jul 15 12:32:01 localhost systemd: Created slice User Slice of mysql.
Jul 15 12:32:01 localhost systemd: Started Session 373434 of user mysql.
Jul 15 12:32:01 localhost systemd: Removed slice User Slice of mysql.
Jul 15 12:33:01 localhost systemd: Created slice User Slice of mysql.
Jul 15 12:33:01 localhost systemd: Started Session 373435 of user mysql.
Jul 15 12:33:01 localhost systemd: Removed slice User Slice of mysql.
Jul 15 12:34:01 localhost systemd: Created slice User Slice of mysql.
Jul 15 12:34:01 localhost systemd: Started Session 373436 of user mysql.
Jul 15 12:34:01 localhost systemd: Removed slice User Slice of mysql.
Jul 15 12:35:01 localhost systemd: Created slice User Slice of mysql.
Jul 15 12:35:01 localhost systemd: Started Session 373437 of user mysql.
Jul 15 12:35:01 localhost systemd: Removed slice User Slice of mysql.
Jul 15 12:36:01 localhost systemd: Created slice User Slice of mysql.
Jul 15 12:36:01 localhost systemd: Started Session 373438 of user mysql.
Jul 15 12:36:01 localhost systemd: Removed slice User Slice of mysql.
Jul 15 12:37:01 localhost systemd: Created slice User Slice of mysql.
Jul 15 12:37:01 localhost systemd: Started Session 373439 of user mysql.
Jul 15 12:37:01 localhost systemd: Removed slice User Slice of mysql.
Jul 15 12:38:01 localhost systemd: Created slice User Slice of mysql.
Jul 15 12:38:01 localhost systemd: Started Session 373440 of user mysql.
Jul 15 12:38:01 localhost systemd: Removed slice User Slice of mysql.
Jul 15 12:39:01 localhost systemd: Created slice User Slice of mysql.
Jul 15 12:39:01 localhost systemd: Started Session 373441 of user mysql.
Jul 15 12:39:01 localhost systemd: Removed slice User Slice of mysql.
Jul 15 12:40:01 localhost systemd: Created slice User Slice of mysql.
Jul 15 12:40:01 localhost systemd: Started Session 373442 of user mysql.
Jul 15 12:40:01 localhost systemd: Removed slice User Slice of mysql.
Jul 15 12:41:01 localhost systemd: Created slice User Slice of mysql.
Jul 15 12:41:01 localhost systemd: Started Session 373443 of user mysql.
Jul 15 12:41:01 localhost systemd: Removed slice User Slice of mysql.
Jul 15 12:42:01 localhost systemd: Created slice User Slice of mysql.
Jul 15 12:42:01 localhost systemd: Started Session 373444 of user mysql.
Jul 15 12:42:02 localhost systemd: Removed slice User Slice of mysql.
Jul 15 12:43:01 localhost systemd: Created slice User Slice of mysql.
Jul 15 12:43:01 localhost systemd: Started Session 373445 of user mysql.
Jul 15 12:43:01 localhost systemd: Removed slice User Slice of mysql.
Jul 15 12:44:01 localhost systemd: Created slice User Slice of mysql.
Jul 15 12:44:01 localhost systemd: Started Session 373446 of user mysql.
Jul 15 12:44:01 localhost systemd: Removed slice User Slice of mysql.
Jul 15 12:45:01 localhost systemd: Created slice User Slice of mysql.
Jul 15 12:45:01 localhost systemd: Started Session 373447 of user mysql.
Jul 15 12:45:01 localhost systemd: Removed slice User Slice of mysql.
Jul 15 12:46:01 localhost systemd: Created slice User Slice of mysql.
Jul 15 12:46:01 localhost systemd: Started Session 373448 of user mysql.
Jul 15 12:46:01 localhost systemd: Removed slice User Slice of mysql.
Jul 15 12:47:01 localhost systemd: Created slice User Slice of mysql.
Jul 15 12:47:01 localhost systemd: Started Session 373449 of user mysql.
Jul 15 12:47:01 localhost systemd: Removed slice User Slice of mysql.
Jul 15 12:48:01 localhost systemd: Created slice User Slice of mysql.
Jul 15 12:48:01 localhost systemd: Started Session 373450 of user mysql.
Jul 15 12:48:01 localhost systemd: Removed slice User Slice of mysql.
Jul 15 12:49:01 localhost systemd: Created slice User Slice of mysql.
Jul 15 12:49:01 localhost systemd: Started Session 373451 of user mysql.
Jul 15 12:49:01 localhost systemd: Removed slice User Slice of mysql.
Jul 15 12:50:01 localhost systemd: Created slice User Slice of mysql.
Jul 15 12:50:01 localhost systemd: Started Session 373452 of user mysql.
Jul 15 12:50:01 localhost systemd: Removed slice User Slice of mysql.
Jul 15 12:51:01 localhost systemd: Created slice User Slice of mysql.
Jul 15 12:51:01 localhost systemd: Started Session 373453 of user mysql.
Jul 15 12:51:01 localhost systemd: Removed slice User Slice of mysql.
Jul 15 12:52:01 localhost systemd: Created slice User Slice of mysql.
Jul 15 12:52:01 localhost systemd: Started Session 373454 of user mysql.
Jul 15 12:52:01 localhost systemd: Removed slice User Slice of mysql.
Jul 15 12:53:01 localhost systemd: Created slice User Slice of mysql.
Jul 15 12:53:01 localhost systemd: Started Session 373455 of user mysql.
Jul 15 12:53:01 localhost systemd: Removed slice User Slice of mysql.
Jul 15 12:54:01 localhost systemd: Created slice User Slice of mysql.
Jul 15 12:54:01 localhost systemd: Started Session 373456 of user mysql.
Jul 15 12:54:01 localhost systemd: Removed slice User Slice of mysql.
Jul 15 12:55:01 localhost systemd: Created slice User Slice of mysql.
Jul 15 12:55:01 localhost systemd: Started Session 373457 of user mysql.
Jul 15 12:55:01 localhost systemd: Removed slice User Slice of mysql.
Jul 15 12:56:01 localhost systemd: Created slice User Slice of mysql.
Jul 15 12:56:01 localhost systemd: Starting Cleanup of Temporary Directories...
Jul 15 12:56:01 localhost systemd: Started Session 373458 of user mysql.
Jul 15 12:56:01 localhost systemd: Removed slice User Slice of mysql.
Jul 15 12:56:01 localhost systemd: Started Cleanup of Temporary Directories.
Jul 15 12:57:01 localhost systemd: Created slice User Slice of mysql.
Jul 15 12:57:01 localhost systemd: Started Session 373459 of user mysql.
Jul 15 12:57:01 localhost systemd: Removed slice User Slice of mysql.
Jul 15 12:58:01 localhost systemd: Created slice User Slice of mysql.
Jul 15 12:58:01 localhost systemd: Started Session 373460 of user mysql.
Jul 15 12:58:02 localhost systemd: Removed slice User Slice of mysql.
Jul 15 12:59:01 localhost systemd: Created slice User Slice of mysql.
Jul 15 12:59:01 localhost systemd: Started Session 373461 of user mysql.
Jul 15 12:59:01 localhost systemd: Removed slice User Slice of mysql.
Jul 15 13:00:01 localhost systemd: Created slice User Slice of mysql.
Jul 15 13:00:01 localhost systemd: Started Session 373462 of user mysql.
Jul 15 13:00:01 localhost systemd: Removed slice User Slice of mysql.
Jul 15 13:01:01 localhost systemd: Created slice User Slice of mysql.
Jul 15 13:01:01 localhost systemd: Started Session 373464 of user mysql.
Jul 15 13:01:01 localhost systemd: Started Session 373463 of user root.
Jul 15 13:01:01 localhost systemd: Removed slice User Slice of mysql.
Jul 15 13:02:01 localhost systemd: Created slice User Slice of mysql.
Jul 15 13:02:01 localhost systemd: Started Session 373465 of user mysql.
Jul 15 13:02:01 localhost systemd: Removed slice User Slice of mysql.
Jul 15 13:03:01 localhost systemd: Created slice User Slice of mysql.
Jul 15 13:03:01 localhost systemd: Started Session 373466 of user mysql.
Jul 15 13:03:01 localhost systemd: Removed slice User Slice of mysql.
Jul 15 13:04:01 localhost systemd: Created slice User Slice of mysql.
Jul 15 13:04:01 localhost systemd: Started Session 373467 of user mysql.
Jul 15 13:04:01 localhost systemd: Removed slice User Slice of mysql.
Jul 15 13:05:01 localhost systemd: Created slice User Slice of mysql.
Jul 15 13:05:01 localhost systemd: Started Session 373468 of user mysql.
Jul 15 13:05:01 localhost systemd: Removed slice User Slice of mysql.
Jul 15 13:06:01 localhost systemd: Created slice User Slice of mysql.
Jul 15 13:06:01 localhost systemd: Started Session 373469 of user mysql.
Jul 15 13:06:01 localhost systemd: Removed slice User Slice of mysql.
Jul 15 13:07:01 localhost systemd: Created slice User Slice of mysql.
Jul 15 13:07:01 localhost systemd: Started Session 373470 of user mysql.
Jul 15 13:07:01 localhost systemd: Removed slice User Slice of mysql.
Jul 15 13:08:01 localhost systemd: Created slice User Slice of mysql.
Jul 15 13:08:01 localhost systemd: Started Session 373471 of user mysql.
Jul 15 13:08:01 localhost systemd: Removed slice User Slice of mysql.
Jul 15 13:09:01 localhost systemd: Created slice User Slice of mysql.
Jul 15 13:09:01 localhost systemd: Started Session 373472 of user mysql.
Jul 15 13:09:01 localhost systemd: Removed slice User Slice of mysql.
Jul 15 13:10:01 localhost systemd: Created slice User Slice of mysql.
Jul 15 13:10:01 localhost systemd: Started Session 373473 of user mysql.
Jul 15 13:10:01 localhost systemd: Removed slice User Slice of mysql.
Jul 15 13:11:01 localhost systemd: Created slice User Slice of mysql.
Jul 15 13:11:01 localhost systemd: Started Session 373474 of user mysql.
Jul 15 13:11:01 localhost systemd: Removed slice User Slice of mysql.
Jul 15 13:12:01 localhost systemd: Created slice User Slice of mysql.
Jul 15 13:12:01 localhost systemd: Started Session 373475 of user mysql.
Jul 15 13:12:01 localhost systemd: Removed slice User Slice of mysql.
Jul 15 13:13:01 localhost systemd: Created slice User Slice of mysql.
Jul 15 13:13:01 localhost systemd: Started Session 373476 of user mysql.
Jul 15 13:13:01 localhost systemd: Removed slice User Slice of mysql.
Jul 15 13:14:01 localhost systemd: Created slice User Slice of mysql.
Jul 15 13:14:01 localhost systemd: Started Session 373477 of user mysql.
Jul 15 13:14:02 localhost systemd: Removed slice User Slice of mysql.
Jul 15 13:15:01 localhost systemd: Created slice User Slice of mysql.
Jul 15 13:15:01 localhost systemd: Started Session 373478 of user mysql.
Jul 15 13:15:01 localhost systemd: Removed slice User Slice of mysql.
Jul 15 13:16:01 localhost systemd: Created slice User Slice of mysql.
Jul 15 13:16:01 localhost systemd: Started Session 373479 of user mysql.
Jul 15 13:16:01 localhost systemd: Removed slice User Slice of mysql.
Jul 15 13:17:01 localhost systemd: Created slice User Slice of mysql.
Jul 15 13:17:01 localhost systemd: Started Session 373480 of user mysql.
Jul 15 13:17:01 localhost systemd: Removed slice User Slice of mysql.
Jul 15 13:18:01 localhost systemd: Created slice User Slice of mysql.
Jul 15 13:18:01 localhost systemd: Started Session 373481 of user mysql.
Jul 15 13:18:01 localhost systemd: Removed slice User Slice of mysql.
Jul 15 13:19:01 localhost systemd: Created slice User Slice of mysql.
Jul 15 13:19:01 localhost systemd: Started Session 373482 of user mysql.
Jul 15 13:19:01 localhost systemd: Removed slice User Slice of mysql.
Jul 15 13:20:01 localhost systemd: Created slice User Slice of mysql.
Jul 15 13:20:01 localhost systemd: Started Session 373483 of user mysql.
Jul 15 13:20:01 localhost systemd: Removed slice User Slice of mysql.
Jul 15 13:21:01 localhost systemd: Created slice User Slice of mysql.
Jul 15 13:21:01 localhost systemd: Started Session 373484 of user mysql.
Jul 15 13:21:01 localhost systemd: Removed slice User Slice of mysql.
Jul 15 13:22:01 localhost systemd: Created slice User Slice of mysql.
Jul 15 13:22:01 localhost systemd: Started Session 373485 of user mysql.
Jul 15 13:22:01 localhost systemd: Removed slice User Slice of mysql.
Jul 15 13:23:01 localhost systemd: Created slice User Slice of mysql.
Jul 15 13:23:01 localhost systemd: Started Session 373486 of user mysql.
Jul 15 13:23:01 localhost systemd: Removed slice User Slice of mysql.
Jul 15 13:24:01 localhost systemd: Created slice User Slice of mysql.
Jul 15 13:24:01 localhost systemd: Started Session 373487 of user mysql.
Jul 15 13:24:01 localhost systemd: Removed slice User Slice of mysql.
Jul 15 13:25:01 localhost systemd: Created slice User Slice of mysql.
Jul 15 13:25:01 localhost systemd: Started Session 373488 of user mysql.
Jul 15 13:25:01 localhost systemd: Removed slice User Slice of mysql.
Jul 15 13:26:01 localhost systemd: Created slice User Slice of mysql.
Jul 15 13:26:01 localhost systemd: Started Session 373489 of user mysql.
Jul 15 13:26:01 localhost systemd: Removed slice User Slice of mysql.
Jul 15 13:27:01 localhost systemd: Created slice User Slice of mysql.
Jul 15 13:27:01 localhost systemd: Started Session 373490 of user mysql.
Jul 15 13:27:01 localhost systemd: Removed slice User Slice of mysql.
Jul 15 13:28:01 localhost systemd: Created slice User Slice of mysql.
Jul 15 13:28:01 localhost systemd: Started Session 373491 of user mysql.
Jul 15 13:28:01 localhost systemd: Removed slice User Slice of mysql.
Jul 15 13:29:01 localhost systemd: Created slice User Slice of mysql.
Jul 15 13:29:01 localhost systemd: Started Session 373492 of user mysql.
Jul 15 13:29:01 localhost systemd: Removed slice User Slice of mysql.
Jul 15 13:30:02 localhost systemd: Created slice User Slice of mysql.
Jul 15 13:30:02 localhost systemd: Started Session 373493 of user mysql.
Jul 15 13:30:02 localhost systemd: Removed slice User Slice of mysql.
Jul 15 13:31:01 localhost systemd: Created slice User Slice of mysql.
Jul 15 13:31:01 localhost systemd: Started Session 373494 of user mysql.
Jul 15 13:31:01 localhost systemd: Removed slice User Slice of mysql.
Jul 15 13:32:01 localhost systemd: Created slice User Slice of mysql.
Jul 15 13:32:01 localhost systemd: Started Session 373495 of user mysql.
Jul 15 13:32:01 localhost systemd: Removed slice User Slice of mysql.
Jul 15 13:33:01 localhost systemd: Created slice User Slice of mysql.
Jul 15 13:33:01 localhost systemd: Started Session 373496 of user mysql.
Jul 15 13:33:01 localhost systemd: Removed slice User Slice of mysql.
Jul 15 13:34:01 localhost systemd: Created slice User Slice of mysql.
Jul 15 13:34:01 localhost systemd: Started Session 373497 of user mysql.
Jul 15 13:34:01 localhost systemd: Removed slice User Slice of mysql.
Jul 15 13:35:01 localhost systemd: Created slice User Slice of mysql.
Jul 15 13:35:01 localhost systemd: Started Session 373498 of user mysql.
Jul 15 13:35:01 localhost systemd: Removed slice User Slice of mysql.
Jul 15 13:36:01 localhost systemd: Created slice User Slice of mysql.
Jul 15 13:36:01 localhost systemd: Started Session 373499 of user mysql.
Jul 15 13:36:01 localhost systemd: Removed slice User Slice of mysql.
Jul 15 13:37:01 localhost systemd: Created slice User Slice of mysql.
Jul 15 13:37:01 localhost systemd: Started Session 373500 of user mysql.
Jul 15 13:37:01 localhost systemd: Removed slice User Slice of mysql.
Jul 15 13:38:01 localhost systemd: Created slice User Slice of mysql.
Jul 15 13:38:01 localhost systemd: Started Session 373501 of user mysql.
Jul 15 13:38:01 localhost systemd: Removed slice User Slice of mysql.
Jul 15 13:39:01 localhost systemd: Created slice User Slice of mysql.
Jul 15 13:39:01 localhost systemd: Started Session 373502 of user mysql.
Jul 15 13:39:01 localhost systemd: Removed slice User Slice of mysql.
Jul 15 13:40:01 localhost systemd: Created slice User Slice of mysql.
Jul 15 13:40:01 localhost systemd: Started Session 373503 of user mysql.
Jul 15 13:40:01 localhost systemd: Removed slice User Slice of mysql.
Jul 15 13:41:01 localhost systemd: Created slice User Slice of mysql.
Jul 15 13:41:01 localhost systemd: Started Session 373504 of user mysql.
Jul 15 13:41:01 localhost systemd: Removed slice User Slice of mysql.
Jul 15 13:42:01 localhost systemd: Created slice User Slice of mysql.
Jul 15 13:42:01 localhost systemd: Started Session 373505 of user mysql.
Jul 15 13:42:01 localhost systemd: Removed slice User Slice of mysql.
Jul 15 13:43:01 localhost systemd: Created slice User Slice of mysql.
Jul 15 13:43:01 localhost systemd: Started Session 373506 of user mysql.
Jul 15 13:43:01 localhost systemd: Removed slice User Slice of mysql.
Jul 15 13:44:01 localhost systemd: Created slice User Slice of mysql.
Jul 15 13:44:01 localhost systemd: Started Session 373507 of user mysql.
Jul 15 13:44:01 localhost systemd: Removed slice User Slice of mysql.
Jul 15 13:45:01 localhost systemd: Created slice User Slice of mysql.
Jul 15 13:45:01 localhost systemd: Started Session 373508 of user mysql.
Jul 15 13:45:01 localhost systemd: Removed slice User Slice of mysql.
Jul 15 13:46:01 localhost systemd: Created slice User Slice of mysql.
Jul 15 13:46:01 localhost systemd: Started Session 373509 of user mysql.
Jul 15 13:46:02 localhost systemd: Removed slice User Slice of mysql.
Jul 15 13:47:01 localhost systemd: Created slice User Slice of mysql.
Jul 15 13:47:01 localhost systemd: Started Session 373510 of user mysql.
Jul 15 13:47:01 localhost systemd: Removed slice User Slice of mysql.
Jul 15 13:48:01 localhost systemd: Created slice User Slice of mysql.
Jul 15 13:48:01 localhost systemd: Started Session 373511 of user mysql.
Jul 15 13:48:01 localhost systemd: Removed slice User Slice of mysql.
Jul 15 13:49:01 localhost systemd: Created slice User Slice of mysql.
Jul 15 13:49:01 localhost systemd: Started Session 373512 of user mysql.
Jul 15 13:49:01 localhost systemd: Removed slice User Slice of mysql.
Jul 15 13:50:01 localhost systemd: Created slice User Slice of mysql.
Jul 15 13:50:01 localhost systemd: Started Session 373513 of user mysql.
Jul 15 13:50:01 localhost systemd: Removed slice User Slice of mysql.
Jul 15 13:51:01 localhost systemd: Created slice User Slice of mysql.
Jul 15 13:51:01 localhost systemd: Started Session 373514 of user mysql.
Jul 15 13:51:01 localhost systemd: Removed slice User Slice of mysql.
Jul 15 13:52:01 localhost systemd: Created slice User Slice of mysql.
Jul 15 13:52:01 localhost systemd: Started Session 373515 of user mysql.
Jul 15 13:52:01 localhost systemd: Removed slice User Slice of mysql.
Jul 15 13:53:01 localhost systemd: Created slice User Slice of mysql.
Jul 15 13:53:01 localhost systemd: Started Session 373516 of user mysql.
Jul 15 13:53:01 localhost systemd: Removed slice User Slice of mysql.
Jul 15 13:54:01 localhost systemd: Created slice User Slice of mysql.
Jul 15 13:54:01 localhost systemd: Started Session 373517 of user mysql.
Jul 15 13:54:01 localhost systemd: Removed slice User Slice of mysql.
Jul 15 13:55:01 localhost systemd: Created slice User Slice of mysql.
Jul 15 13:55:01 localhost systemd: Started Session 373518 of user mysql.
Jul 15 13:55:01 localhost systemd: Removed slice User Slice of mysql.
Jul 15 13:56:01 localhost systemd: Created slice User Slice of mysql.
Jul 15 13:56:01 localhost systemd: Started Session 373519 of user mysql.
Jul 15 13:56:01 localhost systemd: Removed slice User Slice of mysql.
Jul 15 13:57:01 localhost systemd: Created slice User Slice of mysql.
Jul 15 13:57:01 localhost systemd: Started Session 373520 of user mysql.
Jul 15 13:57:01 localhost systemd: Removed slice User Slice of mysql.
Jul 15 13:58:01 localhost systemd: Created slice User Slice of mysql.
Jul 15 13:58:01 localhost systemd: Started Session 373521 of user mysql.
Jul 15 13:58:01 localhost systemd: Removed slice User Slice of mysql.
Jul 15 13:59:01 localhost systemd: Created slice User Slice of mysql.
Jul 15 13:59:01 localhost systemd: Started Session 373522 of user mysql.
Jul 15 13:59:01 localhost systemd: Removed slice User Slice of mysql.
Jul 15 14:00:01 localhost systemd: Created slice User Slice of mysql.
Jul 15 14:00:01 localhost systemd: Started Session 373523 of user mysql.
Jul 15 14:00:01 localhost systemd: Removed slice User Slice of mysql.
Jul 15 14:01:01 localhost systemd: Created slice User Slice of mysql.
Jul 15 14:01:01 localhost systemd: Started Session 373524 of user mysql.
Jul 15 14:01:01 localhost systemd: Started Session 373525 of user root.
Jul 15 14:01:01 localhost systemd: Removed slice User Slice of mysql.
Jul 15 14:02:01 localhost systemd: Created slice User Slice of mysql.
Jul 15 14:02:01 localhost systemd: Started Session 373526 of user mysql.
Jul 15 14:02:01 localhost systemd: Removed slice User Slice of mysql.
Jul 15 14:03:01 localhost systemd: Created slice User Slice of mysql.
Jul 15 14:03:01 localhost systemd: Started Session 373527 of user mysql.
Jul 15 14:03:01 localhost systemd: Removed slice User Slice of mysql.
Jul 15 14:04:01 localhost systemd: Created slice User Slice of mysql.
Jul 15 14:04:01 localhost systemd: Started Session 373528 of user mysql.
Jul 15 14:04:01 localhost systemd: Removed slice User Slice of mysql.
Jul 15 14:05:01 localhost systemd: Created slice User Slice of mysql.
Jul 15 14:05:01 localhost systemd: Started Session 373529 of user mysql.
Jul 15 14:05:01 localhost systemd: Removed slice User Slice of mysql.
Jul 15 14:06:01 localhost systemd: Created slice User Slice of mysql.
Jul 15 14:06:01 localhost systemd: Started Session 373530 of user mysql.
Jul 15 14:06:01 localhost systemd: Removed slice User Slice of mysql.
Jul 15 14:07:01 localhost systemd: Created slice User Slice of mysql.
Jul 15 14:07:01 localhost systemd: Started Session 373531 of user mysql.
Jul 15 14:07:01 localhost systemd: Removed slice User Slice of mysql.
Jul 15 14:08:01 localhost systemd: Created slice User Slice of mysql.
Jul 15 14:08:01 localhost systemd: Started Session 373532 of user mysql.
Jul 15 14:08:01 localhost systemd: Removed slice User Slice of mysql.
Jul 15 14:09:01 localhost systemd: Created slice User Slice of mysql.
Jul 15 14:09:01 localhost systemd: Started Session 373533 of user mysql.
Jul 15 14:09:01 localhost systemd: Removed slice User Slice of mysql.
Jul 15 14:10:01 localhost systemd: Created slice User Slice of mysql.
Jul 15 14:10:01 localhost systemd: Started Session 373534 of user mysql.
Jul 15 14:10:01 localhost systemd: Removed slice User Slice of mysql.
Jul 15 14:11:01 localhost systemd: Created slice User Slice of mysql.
Jul 15 14:11:01 localhost systemd: Started Session 373535 of user mysql.
Jul 15 14:11:01 localhost systemd: Removed slice User Slice of mysql.
Jul 15 14:12:01 localhost systemd: Created slice User Slice of mysql.
Jul 15 14:12:01 localhost systemd: Started Session 373536 of user mysql.
Jul 15 14:12:01 localhost systemd: Removed slice User Slice of mysql.
Jul 15 14:13:01 localhost systemd: Created slice User Slice of mysql.
Jul 15 14:13:01 localhost systemd: Started Session 373537 of user mysql.
Jul 15 14:13:01 localhost systemd: Removed slice User Slice of mysql.
Jul 15 14:14:01 localhost systemd: Created slice User Slice of mysql.
Jul 15 14:14:01 localhost systemd: Started Session 373538 of user mysql.
Jul 15 14:14:01 localhost systemd: Removed slice User Slice of mysql.
Jul 15 14:14:28 localhost systemd: Started Session 373539 of user root.
Jul 15 14:14:28 localhost systemd-logind: New session 373539 of user root.
Jul 15 14:14:30 localhost systemd-logind: Removed session 373539.
Jul 15 14:15:01 localhost systemd: Created slice User Slice of mysql.
Jul 15 14:15:01 localhost systemd: Started Session 373540 of user mysql.
Jul 15 14:15:01 localhost systemd: Removed slice User Slice of mysql.
Jul 15 14:16:01 localhost systemd: Created slice User Slice of mysql.
Jul 15 14:16:01 localhost systemd: Started Session 373541 of user mysql.
Jul 15 14:16:02 localhost systemd: Removed slice User Slice of mysql.
Jul 15 14:17:01 localhost systemd: Created slice User Slice of mysql.
Jul 15 14:17:01 localhost systemd: Started Session 373542 of user mysql.
Jul 15 14:17:01 localhost systemd: Removed slice User Slice of mysql.
Jul 15 14:18:01 localhost systemd: Created slice User Slice of mysql.
Jul 15 14:18:01 localhost systemd: Started Session 373543 of user mysql.
Jul 15 14:18:01 localhost systemd: Removed slice User Slice of mysql.
Jul 15 14:19:01 localhost systemd: Created slice User Slice of mysql.
Jul 15 14:19:01 localhost systemd: Started Session 373544 of user mysql.
Jul 15 14:19:01 localhost systemd: Removed slice User Slice of mysql.
Jul 15 14:20:01 localhost systemd: Created slice User Slice of mysql.
Jul 15 14:20:01 localhost systemd: Started Session 373545 of user mysql.
Jul 15 14:20:01 localhost systemd: Removed slice User Slice of mysql.
Jul 15 14:21:01 localhost systemd: Created slice User Slice of mysql.
Jul 15 14:21:01 localhost systemd: Started Session 373546 of user mysql.
Jul 15 14:21:01 localhost systemd: Removed slice User Slice of mysql.
Jul 15 14:22:01 localhost systemd: Created slice User Slice of mysql.
Jul 15 14:22:01 localhost systemd: Started Session 373547 of user mysql.
Jul 15 14:22:01 localhost systemd: Removed slice User Slice of mysql.
Jul 15 14:23:01 localhost systemd: Created slice User Slice of mysql.
Jul 15 14:23:01 localhost systemd: Started Session 373548 of user mysql.
Jul 15 14:23:01 localhost systemd: Removed slice User Slice of mysql.
Jul 15 14:24:01 localhost systemd: Created slice User Slice of mysql.
Jul 15 14:24:01 localhost systemd: Started Session 373549 of user mysql.
Jul 15 14:24:01 localhost systemd: Removed slice User Slice of mysql.
Jul 15 14:25:01 localhost systemd: Created slice User Slice of mysql.
Jul 15 14:25:01 localhost systemd: Started Session 373550 of user mysql.
Jul 15 14:25:01 localhost systemd: Removed slice User Slice of mysql.
Jul 15 14:26:01 localhost systemd: Created slice User Slice of mysql.
Jul 15 14:26:01 localhost systemd: Started Session 373551 of user mysql.
Jul 15 14:26:01 localhost systemd: Removed slice User Slice of mysql.
Jul 15 14:27:01 localhost systemd: Created slice User Slice of mysql.
Jul 15 14:27:01 localhost systemd: Started Session 373552 of user mysql.
Jul 15 14:27:01 localhost systemd: Removed slice User Slice of mysql.
Jul 15 14:28:01 localhost systemd: Created slice User Slice of mysql.
Jul 15 14:28:01 localhost systemd: Started Session 373553 of user mysql.
Jul 15 14:28:01 localhost systemd: Removed slice User Slice of mysql.
Jul 15 14:29:01 localhost systemd: Created slice User Slice of mysql.
Jul 15 14:29:01 localhost systemd: Started Session 373554 of user mysql.
Jul 15 14:29:01 localhost systemd: Removed slice User Slice of mysql.
Jul 15 14:30:01 localhost systemd: Created slice User Slice of mysql.
Jul 15 14:30:01 localhost systemd: Started Session 373555 of user mysql.
Jul 15 14:30:01 localhost systemd: Removed slice User Slice of mysql.
Jul 15 14:31:01 localhost systemd: Created slice User Slice of mysql.
Jul 15 14:31:01 localhost systemd: Started Session 373556 of user mysql.
Jul 15 14:31:01 localhost systemd: Removed slice User Slice of mysql.
Jul 15 14:32:01 localhost systemd: Created slice User Slice of mysql.
Jul 15 14:32:01 localhost systemd: Started Session 373557 of user mysql.
Jul 15 14:32:02 localhost systemd: Removed slice User Slice of mysql.
Jul 15 14:33:01 localhost systemd: Created slice User Slice of mysql.
Jul 15 14:33:01 localhost systemd: Started Session 373558 of user mysql.
Jul 15 14:33:01 localhost systemd: Removed slice User Slice of mysql.
Jul 15 14:34:01 localhost systemd: Created slice User Slice of mysql.
Jul 15 14:34:01 localhost systemd: Started Session 373559 of user mysql.
Jul 15 14:34:01 localhost systemd: Removed slice User Slice of mysql.
Jul 15 14:35:01 localhost systemd: Created slice User Slice of mysql.
Jul 15 14:35:01 localhost systemd: Started Session 373560 of user mysql.
Jul 15 14:35:01 localhost systemd: Removed slice User Slice of mysql.
Jul 15 14:36:01 localhost systemd: Created slice User Slice of mysql.
Jul 15 14:36:01 localhost systemd: Started Session 373561 of user mysql.
Jul 15 14:36:01 localhost systemd: Removed slice User Slice of mysql.
Jul 15 14:36:09 localhost systemd-logind: New session 373562 of user root.
Jul 15 14:36:09 localhost systemd: Started Session 373562 of user root.
Jul 15 14:36:50 localhost yum[19819]: Installed: lm_sensors-libs-3.4.0-8.20160601gitf9185e5.el7.x86_64
Jul 15 14:36:50 localhost systemd: Reloading.
Jul 15 14:36:51 localhost yum[19819]: Installed: sysstat-10.1.5-19.el7.x86_64
Jul 15 14:36:51 localhost yum[19819]: Installed: dstat-0.7.2-12.el7.noarch
Jul 15 14:37:01 localhost systemd: Created slice User Slice of mysql.
Jul 15 14:37:01 localhost systemd: Started Session 373563 of user mysql.
Jul 15 14:37:01 localhost systemd: Removed slice User Slice of mysql.
Jul 15 14:38:01 localhost systemd: Created slice User Slice of mysql.
Jul 15 14:38:01 localhost systemd: Started Session 373564 of user mysql.
Jul 15 14:38:01 localhost systemd: Removed slice User Slice of mysql.
Jul 15 14:39:01 localhost systemd: Created slice User Slice of mysql.
Jul 15 14:39:01 localhost systemd: Started Session 373565 of user mysql.
Jul 15 14:39:01 localhost systemd: Removed slice User Slice of mysql.
