******************** MySQL--127.0.0.1--3306 ***********************
--------------
mysql  Ver 14.14 Distrib 5.6.16, for linux-glibc2.5 (x86_64) using  EditLine wrapper

Connection id:		9059166
Current database:	
Current user:		root@127.0.0.1
SSL:			Not in use
Current pager:		stdout
Using outfile:		''
Using delimiter:	;
Server version:		5.6.16-log MySQL Community Server (GPL)
Protocol version:	10
Connection:		127.0.0.1 via TCP/IP
Server characterset:	utf8mb4
Db     characterset:	utf8mb4
Client characterset:	utf8
Conn.  characterset:	utf8
TCP port:		3306
Uptime:			332 days 5 hours 26 min 40 sec

Threads: 166  Questions: 3131992395  Slow queries: 6337156  Opens: 105888444  Flush tables: 286  Open tables: 443  Queries per second avg: 109.111
--------------

                             basedir :	/usr/local/mysql
                             datadir :	/app/mysql/
                                     :	          
               ####Business info#### :	          
                       Database size :	db_monitor 0.000 GB langtai_dp_prod 120.858 GB vas_db_prod 0.000 GB
                       Tables counts :	db_monitor 1 langtai_dp_prod 142 vas_db_prod 11
                      Engines counts :	NULL 18 InnoDB 136
                 Top 10 of big table :	sd_survey_position_invalid 60414461 sd_app_track_history 24299374 sd_scheduling_table_invalid 16795560 sd_survey_position_backup 13501353 sd_case_dispatch_history 11203134 sd_scheduling_table_history 10757488 sd_ggkinddto_history 9037503 sd_app_track 8915515 sd_ggkinddto 7462241 sd_policy_item_history 7272015
        Top 10 of auto increment num :	sd_app_track 38442056 sd_app_track_history 25468704 sd_interface_log 21152747 sd_case_risk 12973986 report_item_quantity 2200936 sd_service_log 2053893 sd_log 1180579 jy_task 716583 report_strong_change 459904 sd_item_processing_method 434771
                                     :	          
              ####Runtime status#### :	          
                   Threads connected :	   165.00 
                                 QPS :	   103.30 
                                 TPS :	     3.85 
                               Reads :	2359941744.00 
                              Writes :	194771290.00 
                   Read/Writes Ratio :	 1211.65% 
   MyISAM Key buffer read hits(>99%) :	   82.82% 
        MyISAM Key buffer write hits :	   42.72% 
                    Query cache hits :	    NULL% 
       InnoDB buffer read hits(>95%) :	   99.99% 
             Thread cache hits(>90%) :	   99.97% 
             Slow queries per second :	     0.22 
         Select full join per second :	     1.17 
      Select full join in all select :	    0.02% 
         MyiSAM lock contention(<1%) :	    0.00% 
           Temp tables to disk ratio :	    7.62% 
No innodb tables
No primary key tables
TABLE_SCHEMA	TABLE_NAME	TABLE_TYPE	TABLE_ROWS
langtai_dp_prod	有未处理完案件的修理厂	VIEW	NULL
langtai_dp_prod	相同名称的查勘员	VIEW	NULL
langtai_dp_prod	自动调度案件	VIEW	NULL
langtai_dp_prod	自动非自动调度案件	VIEW	NULL
langtai_dp_prod	重复修理厂	VIEW	NULL
langtai_dp_prod	重复修理厂1	VIEW	NULL
langtai_dp_prod	非自动调度案件	VIEW	NULL
langtai_dp_prod	预约案件	VIEW	NULL
langtai_dp_prod	首调自助的案件	VIEW	NULL
langtai_dp_prod	error_log	VIEW	NULL
langtai_dp_prod	lossid	BASE TABLE	174
langtai_dp_prod	new_lossid	BASE TABLE	217
langtai_dp_prod	sd_survey20160902	BASE TABLE	7140
langtai_dp_prod	sd_survey_temp_iden	BASE TABLE	6280
langtai_dp_prod	sheet0	BASE TABLE	24440
langtai_dp_prod	survey_qx	BASE TABLE	4765
langtai_dp_prod	v_get_point	VIEW	NULL
langtai_dp_prod	v_get_surveyor	VIEW	NULL
langtai_dp_prod	v_survey_today	VIEW	NULL
langtai_dp_prod	view_1121_sd_app_track	VIEW	NULL
langtai_dp_prod	view_1121_sd_case_dispatch	VIEW	NULL
langtai_dp_prod	view_1121_sd_dispatch_item	VIEW	NULL
langtai_dp_prod	view_1121_sd_task_item	VIEW	NULL
langtai_dp_prod	view_apply_reassign	VIEW	NULL
vas_db_prod	roles	BASE TABLE	0
password equals user
Global status:
Aborted_clients	11086
Aborted_connects	744
Binlog_cache_disk_use	1238476
Binlog_cache_use	71895819
Binlog_stmt_cache_disk_use	0
Binlog_stmt_cache_use	12950
Bytes_received	890694612689
Bytes_sent	14008474123401
Com_admin_commands	56889457
Com_assign_to_keycache	0
Com_alter_db	0
Com_alter_db_upgrade	0
Com_alter_event	1
Com_alter_function	0
Com_alter_procedure	0
Com_alter_server	0
Com_alter_table	35
Com_alter_tablespace	0
Com_alter_user	1
Com_analyze	0
Com_begin	335048
Com_binlog	0
Com_call_procedure	2810411
Com_change_db	3413
Com_change_master	0
Com_check	0
Com_checksum	0
Com_commit	110440666
Com_create_db	3
Com_create_event	6
Com_create_function	0
Com_create_index	0
Com_create_procedure	47
Com_create_server	0
Com_create_table	9031
Com_create_trigger	0
Com_create_udf	0
Com_create_user	15
Com_create_view	0
Com_dealloc_sql	0
Com_delete	5906467
Com_delete_multi	0
Com_do	0
Com_drop_db	0
Com_drop_event	1
Com_drop_function	0
Com_drop_index	0
Com_drop_procedure	46
Com_drop_server	0
Com_drop_table	6
Com_drop_trigger	0
Com_drop_user	19
Com_drop_view	0
Com_empty_query	0
Com_execute_sql	0
Com_flush	863
Com_get_diagnostics	0
Com_grant	59
Com_ha_close	0
Com_ha_open	0
Com_ha_read	0
Com_help	0
Com_insert	95362298
Com_insert_select	651
Com_install_plugin	0
Com_kill	456
Com_load	0
Com_lock_tables	1
Com_optimize	0
Com_preload_keys	0
Com_prepare_sql	0
Com_purge	0
Com_purge_before_date	0
Com_release_savepoint	0
Com_rename_table	0
Com_rename_user	0
Com_repair	0
Com_replace	0
Com_replace_select	0
Com_reset	2
Com_resignal	0
Com_revoke	1
Com_revoke_all	0
Com_rollback	13240
Com_rollback_to_savepoint	0
Com_savepoint	0
Com_select	2359941786
Com_set_option	229885945
Com_signal	0
Com_show_binlog_events	0
Com_show_binlogs	477636
Com_show_charsets	5757
Com_show_collations	7499
Com_show_create_db	53
Com_show_create_event	40
Com_show_create_func	0
Com_show_create_proc	39
Com_show_create_table	1067
Com_show_create_trigger	0
Com_show_databases	436
Com_show_engine_logs	0
Com_show_engine_mutex	0
Com_show_engine_status	3
Com_show_events	1
Com_show_errors	0
Com_show_fields	4374
Com_show_function_code	0
Com_show_function_status	504
Com_show_grants	11
Com_show_keys	416
Com_show_master_status	20749273
Com_show_open_tables	8
Com_show_plugins	285
Com_show_privileges	0
Com_show_procedure_code	0
Com_show_procedure_status	504
Com_show_processlist	9190
Com_show_profile	0
Com_show_profiles	0
Com_show_relaylog_events	0
Com_show_slave_hosts	1
Com_show_slave_status	26474070
Com_show_status	28622978
Com_show_storage_engines	94
Com_show_table_status	541
Com_show_tables	1366
Com_show_triggers	0
Com_show_variables	1511982
Com_show_warnings	144685
Com_slave_start	1
Com_slave_stop	2
Com_stmt_close	571
Com_stmt_execute	1711
Com_stmt_fetch	0
Com_stmt_prepare	856
Com_stmt_reprepare	285
Com_stmt_reset	0
Com_stmt_send_long_data	0
Com_truncate	4267
Com_uninstall_plugin	0
Com_unlock_tables	285
Com_update	93502530
Com_update_multi	3
Com_xa_commit	0
Com_xa_end	0
Com_xa_prepare	0
Com_xa_recover	0
Com_xa_rollback	0
Com_xa_start	0
Compression	OFF
Connection_errors_accept	0
Connection_errors_internal	0
Connection_errors_max_connections	0
Connection_errors_peer_address	0
Connection_errors_select	0
Connection_errors_tcpwrap	0
Connections	9059171
Created_tmp_disk_tables	21920622
Created_tmp_files	19284
Created_tmp_tables	287535528
Delayed_errors	0
Delayed_insert_threads	0
Delayed_writes	0
Flush_commands	286
Handler_commit	1426184609
Handler_delete	23856301
Handler_discover	0
Handler_external_lock	2751360280
Handler_mrr_init	0
Handler_prepare	452009448
Handler_read_first	207664852
Handler_read_key	97898777949
Handler_read_last	19288
Handler_read_next	1950500142445
Handler_read_prev	680694338
Handler_read_rnd	1561755638
Handler_read_rnd_next	5956849340886
Handler_rollback	35976
Handler_savepoint	0
Handler_savepoint_rollback	0
Handler_update	985875167
Handler_write	27036485383
Innodb_buffer_pool_dump_status	not started
Innodb_buffer_pool_load_status	Buffer pool(s) load completed at 200817 11:00:21
Innodb_buffer_pool_pages_data	1013571
Innodb_buffer_pool_bytes_data	16606347264
Innodb_buffer_pool_pages_dirty	38337
Innodb_buffer_pool_bytes_dirty	628113408
Innodb_buffer_pool_pages_flushed	322128377
Innodb_buffer_pool_pages_free	8186
Innodb_buffer_pool_pages_misc	26815
Innodb_buffer_pool_pages_total	1048572
Innodb_buffer_pool_read_ahead_rnd	0
Innodb_buffer_pool_read_ahead	986339
Innodb_buffer_pool_read_ahead_evicted	6460
Innodb_buffer_pool_read_requests	6879966081476
Innodb_buffer_pool_reads	466410901
Innodb_buffer_pool_wait_free	210
Innodb_buffer_pool_write_requests	3007667746
Innodb_data_fsyncs	157912363
Innodb_data_pending_fsyncs	0
Innodb_data_pending_reads	0
Innodb_data_pending_writes	0
Innodb_data_read	9497099735040
Innodb_data_reads	579659782
Innodb_data_writes	432141030
Innodb_data_written	11031626155008
Innodb_dblwr_pages_written	322128587
Innodb_dblwr_writes	8469624
Innodb_have_atomic_builtins	ON
Innodb_log_waits	5
Innodb_log_write_requests	1049023377
Innodb_log_writes	97925633
Innodb_os_log_fsyncs	98453126
Innodb_os_log_pending_fsyncs	0
Innodb_os_log_pending_writes	0
Innodb_os_log_written	475846934528
Innodb_page_size	16384
Innodb_pages_created	20048781
Innodb_pages_read	579658166
Innodb_pages_written	322128587
Innodb_row_lock_current_waits	2
Innodb_row_lock_time	348871664
Innodb_row_lock_time_avg	179
Innodb_row_lock_time_max	7000
Innodb_row_lock_waits	1948982
Innodb_rows_deleted	23856232
Innodb_rows_inserted	124351928
Innodb_rows_read	7946176487080
Innodb_rows_updated	91714748
Innodb_num_open_files	149
Innodb_truncated_status_writes	0
Innodb_available_undo_logs	128
Key_blocks_not_flushed	0
Key_blocks_unused	6694
Key_blocks_used	6698
Key_read_requests	16963562206
Key_reads	2915083737
Key_write_requests	3299991569
Key_writes	1890221527
Last_query_cost	0.000000
Last_query_partial_plans	0
Max_used_connections	359
Not_flushed_delayed_rows	0
Open_files	198
Open_streams	0
Open_table_definitions	245
Open_tables	443
Opened_files	110964570
Opened_table_definitions	73662
Opened_tables	105888581
Performance_schema_accounts_lost	0
Performance_schema_cond_classes_lost	0
Performance_schema_cond_instances_lost	0
Performance_schema_digest_lost	0
Performance_schema_file_classes_lost	0
Performance_schema_file_handles_lost	0
Performance_schema_file_instances_lost	0
Performance_schema_hosts_lost	0
Performance_schema_locker_lost	0
Performance_schema_mutex_classes_lost	0
Performance_schema_mutex_instances_lost	0
Performance_schema_rwlock_classes_lost	0
Performance_schema_rwlock_instances_lost	0
Performance_schema_session_connect_attrs_lost	0
Performance_schema_socket_classes_lost	0
Performance_schema_socket_instances_lost	0
Performance_schema_stage_classes_lost	0
Performance_schema_statement_classes_lost	0
Performance_schema_table_handles_lost	0
Performance_schema_table_instances_lost	0
Performance_schema_thread_classes_lost	0
Performance_schema_thread_instances_lost	0
Performance_schema_users_lost	0
Prepared_stmt_count	0
Qcache_free_blocks	0
Qcache_free_memory	0
Qcache_hits	0
Qcache_inserts	0
Qcache_lowmem_prunes	0
Qcache_not_cached	0
Qcache_queries_in_cache	0
Qcache_total_blocks	0
Queries	3131992435
Questions	2965268177
Rpl_semi_sync_master_clients	2
Rpl_semi_sync_master_net_avg_wait_time	1046
Rpl_semi_sync_master_net_wait_time	149777735628
Rpl_semi_sync_master_net_waits	143148126
Rpl_semi_sync_master_no_times	3
Rpl_semi_sync_master_no_tx	302
Rpl_semi_sync_master_status	ON
Rpl_semi_sync_master_timefunc_failures	0
Rpl_semi_sync_master_tx_avg_wait_time	330
Rpl_semi_sync_master_tx_wait_time	3997079150
Rpl_semi_sync_master_tx_waits	12077244
Rpl_semi_sync_master_wait_pos_backtraverse	2
Rpl_semi_sync_master_wait_sessions	0
Rpl_semi_sync_master_yes_tx	71905178
Rpl_semi_sync_slave_status	OFF
Select_full_join	558044
Select_full_range_join	0
Select_range	62082081
Select_range_check	0
Select_scan	327940893
Slave_heartbeat_period	1800.000
Slave_last_heartbeat	2020-08-17 09:48:40
Slave_open_temp_tables	0
Slave_received_heartbeats	1
Slave_retried_transactions	0
Slave_running	OFF
Slow_launch_threads	0
Slow_queries	6337156
Sort_merge_passes	17675
Sort_range	198423873
Sort_rows	23611891228
Sort_scan	26797390
Ssl_accept_renegotiates	0
Ssl_accepts	0
Ssl_callback_cache_hits	0
Ssl_cipher	
Ssl_cipher_list	
Ssl_client_connects	0
Ssl_connect_renegotiates	0
Ssl_ctx_verify_depth	0
Ssl_ctx_verify_mode	0
Ssl_default_timeout	0
Ssl_finished_accepts	0
Ssl_finished_connects	0
Ssl_server_not_after	
Ssl_server_not_before	
Ssl_session_cache_hits	0
Ssl_session_cache_misses	0
Ssl_session_cache_mode	NONE
Ssl_session_cache_overflows	0
Ssl_session_cache_size	0
Ssl_session_cache_timeouts	0
Ssl_sessions_reused	0
Ssl_used_session_cache_entries	0
Ssl_verify_depth	0
Ssl_verify_mode	0
Ssl_version	
Table_locks_immediate	1317353954
Table_locks_waited	5985
Table_open_cache_hits	1561731004
Table_open_cache_misses	138234
Table_open_cache_overflows	0
Tc_log_max_pages_used	0
Tc_log_page_size	0
Tc_log_page_waits	0
Threads_cached	7
Threads_connected	165
Threads_created	2920
Threads_running	5
Uptime	28704401
Uptime_since_flush_status	28704401
Replication status:
Global variables:
auto_increment_increment	1
auto_increment_offset	1
autocommit	ON
automatic_sp_privileges	ON
back_log	850
basedir	/usr/local/mysql
big_tables	OFF
bind_address	*
binlog_cache_size	32768
binlog_checksum	CRC32
binlog_direct_non_transactional_updates	OFF
binlog_format	ROW
binlog_max_flush_queue_time	0
binlog_order_commits	ON
binlog_row_image	FULL
binlog_rows_query_log_events	ON
binlog_stmt_cache_size	32768
bulk_insert_buffer_size	8388608
character_set_client	utf8mb4
character_set_connection	utf8mb4
character_set_database	utf8mb4
character_set_filesystem	binary
character_set_results	utf8mb4
character_set_server	utf8mb4
character_set_system	utf8
character_sets_dir	/usr/local/mysql/share/charsets/
collation_connection	utf8mb4_general_ci
collation_database	utf8mb4_general_ci
collation_server	utf8mb4_general_ci
completion_type	NO_CHAIN
concurrent_insert	AUTO
connect_timeout	10
core_file	OFF
datadir	/app/mysql/
date_format	%Y-%m-%d
datetime_format	%Y-%m-%d %H:%i:%s
default_storage_engine	InnoDB
default_tmp_storage_engine	InnoDB
default_week_format	0
delay_key_write	ON
delayed_insert_limit	100
delayed_insert_timeout	300
delayed_queue_size	1000
disconnect_on_expired_password	ON
div_precision_increment	4
end_markers_in_json	OFF
enforce_gtid_consistency	ON
eq_range_index_dive_limit	10
event_scheduler	ON
expire_logs_days	7
explicit_defaults_for_timestamp	ON
flush	OFF
flush_time	0
foreign_key_checks	ON
ft_boolean_syntax	+ -><()~*:""&|
ft_max_word_len	84
ft_min_word_len	4
ft_query_expansion_limit	20
ft_stopword_file	(built-in)
general_log	OFF
general_log_file	/app/mysql/localhost.log
group_concat_max_len	1024
gtid_executed	654313ef-4a51-11e8-8224-7cd30ae457e0:1-73381182,\nb287998f-a9b7-11e7-aae3-5cb90189188c:1-22715344,\nca4e9263-a9b7-11e7-aae4-5cb90188f7ac:1-23334615,\ndc961ed5-2d53-11e6-ba6e-5cb9018905fc:1-616812,\ne2502402-b9ca-11ea-af06-005056aa5cd4:1-71562001,\nef7547e0-2d53-11e6-ba6e-5cb901891884:1-58908005
gtid_mode	ON
gtid_owned	
gtid_purged	654313ef-4a51-11e8-8224-7cd30ae457e0:1-73381182,\nb287998f-a9b7-11e7-aae3-5cb90189188c:1-22715344,\nca4e9263-a9b7-11e7-aae4-5cb90188f7ac:1-23334615,\ndc961ed5-2d53-11e6-ba6e-5cb9018905fc:1-616812,\ne2502402-b9ca-11ea-af06-005056aa5cd4:1-69881500,\nef7547e0-2d53-11e6-ba6e-5cb901891884:1-58908005
have_compress	YES
have_crypt	YES
have_dynamic_loading	YES
have_geometry	YES
have_openssl	DISABLED
have_profiling	YES
have_query_cache	YES
have_rtree_keys	YES
have_ssl	DISABLED
have_symlink	YES
host_cache_size	803
hostname	localhost.localdomain
ignore_builtin_innodb	OFF
ignore_db_dirs	
init_connect	insert into db_monitor.accesslog(thread_id,log_time,localname,matchname) values(connection_id(),now(),user(),current_user());
init_file	
init_slave	
innodb_adaptive_flushing	ON
innodb_adaptive_flushing_lwm	10
innodb_adaptive_hash_index	ON
innodb_adaptive_max_sleep_delay	150000
innodb_additional_mem_pool_size	8388608
innodb_api_bk_commit_interval	5
innodb_api_disable_rowlock	OFF
innodb_api_enable_binlog	OFF
innodb_api_enable_mdl	OFF
innodb_api_trx_level	0
innodb_autoextend_increment	64
innodb_autoinc_lock_mode	1
innodb_buffer_pool_dump_at_shutdown	ON
innodb_buffer_pool_dump_now	OFF
innodb_buffer_pool_filename	ib_buffer_pool
innodb_buffer_pool_instances	8
innodb_buffer_pool_load_abort	OFF
innodb_buffer_pool_load_at_startup	ON
innodb_buffer_pool_load_now	OFF
innodb_buffer_pool_size	17179869184
innodb_change_buffer_max_size	25
innodb_change_buffering	all
innodb_checksum_algorithm	innodb
innodb_checksums	ON
innodb_cmp_per_index_enabled	OFF
innodb_commit_concurrency	0
innodb_compression_failure_threshold_pct	5
innodb_compression_level	6
innodb_compression_pad_pct_max	50
innodb_concurrency_tickets	5000
innodb_data_file_path	ibdata1:200M:autoextend
innodb_data_home_dir	
innodb_disable_sort_file_cache	OFF
innodb_doublewrite	ON
innodb_fast_shutdown	1
innodb_file_format	Barracuda
innodb_file_format_check	ON
innodb_file_format_max	Barracuda
innodb_file_per_table	ON
innodb_flush_log_at_timeout	1
innodb_flush_log_at_trx_commit	1
innodb_flush_method	O_DIRECT
innodb_flush_neighbors	1
innodb_flushing_avg_loops	30
innodb_force_load_corrupted	OFF
innodb_force_recovery	0
innodb_ft_aux_table	
innodb_ft_cache_size	8000000
innodb_ft_enable_diag_print	OFF
innodb_ft_enable_stopword	ON
innodb_ft_max_token_size	84
innodb_ft_min_token_size	3
innodb_ft_num_word_optimize	2000
innodb_ft_result_cache_limit	2000000000
innodb_ft_server_stopword_table	
innodb_ft_sort_pll_degree	2
innodb_ft_total_cache_size	640000000
innodb_ft_user_stopword_table	
innodb_io_capacity	800
innodb_io_capacity_max	2000
innodb_large_prefix	OFF
innodb_lock_wait_timeout	5
innodb_locks_unsafe_for_binlog	OFF
innodb_log_buffer_size	16777216
innodb_log_compressed_pages	ON
innodb_log_file_size	1572864000
innodb_log_files_in_group	2
innodb_log_group_home_dir	./
innodb_lru_scan_depth	1024
innodb_max_dirty_pages_pct	75
innodb_max_dirty_pages_pct_lwm	0
innodb_max_purge_lag	0
innodb_max_purge_lag_delay	0
innodb_mirrored_log_groups	1
innodb_monitor_disable	
innodb_monitor_enable	
innodb_monitor_reset	
innodb_monitor_reset_all	
innodb_old_blocks_pct	37
innodb_old_blocks_time	1000
innodb_online_alter_log_max_size	134217728
innodb_open_files	2000
innodb_optimize_fulltext_only	OFF
innodb_page_size	16384
innodb_print_all_deadlocks	ON
innodb_purge_batch_size	300
innodb_purge_threads	1
innodb_random_read_ahead	OFF
innodb_read_ahead_threshold	56
innodb_read_io_threads	4
innodb_read_only	OFF
innodb_replication_delay	0
innodb_rollback_on_timeout	OFF
innodb_rollback_segments	128
innodb_sort_buffer_size	67108864
innodb_spin_wait_delay	6
innodb_stats_auto_recalc	ON
innodb_stats_method	nulls_equal
innodb_stats_on_metadata	OFF
innodb_stats_persistent	ON
innodb_stats_persistent_sample_pages	20
innodb_stats_sample_pages	8
innodb_stats_transient_sample_pages	8
innodb_status_output	OFF
innodb_status_output_locks	OFF
innodb_strict_mode	ON
innodb_support_xa	ON
innodb_sync_array_size	1
innodb_sync_spin_loops	30
innodb_table_locks	ON
innodb_thread_concurrency	0
innodb_thread_sleep_delay	10000
innodb_undo_directory	.
innodb_undo_logs	128
innodb_undo_tablespaces	0
innodb_use_native_aio	ON
innodb_use_sys_malloc	ON
innodb_version	5.6.16
innodb_write_io_threads	4
interactive_timeout	28800
join_buffer_size	67108864
keep_files_on_create	OFF
key_buffer_size	8388608
key_cache_age_threshold	300
key_cache_block_size	1024
key_cache_division_limit	100
large_files_support	ON
large_page_size	0
large_pages	OFF
lc_messages	en_US
lc_messages_dir	/usr/local/mysql/share/
lc_time_names	en_US
license	GPL
local_infile	ON
lock_wait_timeout	31536000
locked_in_memory	OFF
log_bin	ON
log_bin_basename	/app/mysql/mysql-bin
log_bin_index	/app/mysql/mysql-bin.index
log_bin_trust_function_creators	ON
log_bin_use_v1_row_events	OFF
log_error	/app/mysql/mysql-error.log
log_output	FILE
log_queries_not_using_indexes	ON
log_slave_updates	ON
log_slow_admin_statements	ON
log_slow_slave_statements	ON
log_throttle_queries_not_using_indexes	100
log_warnings	1
long_query_time	2.000000
low_priority_updates	OFF
lower_case_file_system	OFF
lower_case_table_names	1
master_info_repository	TABLE
master_verify_checksum	OFF
max_allowed_packet	33554432
max_binlog_cache_size	18446744073709547520
max_binlog_size	268435456
max_binlog_stmt_cache_size	18446744073709547520
max_connect_errors	100000
max_connections	4000
max_delayed_threads	20
max_error_count	64
max_heap_table_size	16777216
max_insert_delayed_threads	20
max_join_size	18446744073709551615
max_length_for_sort_data	1024
max_prepared_stmt_count	16382
max_relay_log_size	0
max_seeks_for_key	18446744073709551615
max_sort_length	1024
max_sp_recursion_depth	0
max_tmp_tables	32
max_user_connections	0
max_write_lock_count	18446744073709551615
metadata_locks_cache_size	1024
metadata_locks_hash_instances	8
min_examined_row_limit	1000
multi_range_count	256
myisam_data_pointer_size	6
myisam_max_sort_file_size	9223372036853727232
myisam_mmap_size	18446744073709551615
myisam_recover_options	OFF
myisam_repair_threads	1
myisam_sort_buffer_size	8388608
myisam_stats_method	nulls_unequal
myisam_use_mmap	OFF
net_buffer_length	16384
net_read_timeout	30
net_retry_count	10
net_write_timeout	60
new	OFF
old	OFF
old_alter_table	OFF
old_passwords	0
open_files_limit	65535
optimizer_prune_level	1
optimizer_search_depth	62
optimizer_switch	index_merge=on,index_merge_union=on,index_merge_sort_union=on,index_merge_intersection=on,engine_condition_pushdown=on,index_condition_pushdown=on,mrr=on,mrr_cost_based=on,block_nested_loop=on,batched_key_access=off,materialization=on,semijoin=on,loosescan=on,firstmatch=on,subquery_materialization_cost_based=on,use_index_extensions=on
optimizer_trace	enabled=off,one_line=off
optimizer_trace_features	greedy_search=on,range_optimizer=on,dynamic_range=on,repeated_subselect=on
optimizer_trace_limit	1
optimizer_trace_max_mem_size	16384
optimizer_trace_offset	-1
performance_schema	ON
performance_schema_accounts_size	100
performance_schema_digests_size	10000
performance_schema_events_stages_history_long_size	10000
performance_schema_events_stages_history_size	10
performance_schema_events_statements_history_long_size	10000
performance_schema_events_statements_history_size	10
performance_schema_events_waits_history_long_size	10000
performance_schema_events_waits_history_size	10
performance_schema_hosts_size	100
performance_schema_max_cond_classes	80
performance_schema_max_cond_instances	18900
performance_schema_max_file_classes	50
performance_schema_max_file_handles	32768
performance_schema_max_file_instances	100824
performance_schema_max_mutex_classes	200
performance_schema_max_mutex_instances	39000
performance_schema_max_rwlock_classes	40
performance_schema_max_rwlock_instances	16800
performance_schema_max_socket_classes	10
performance_schema_max_socket_instances	8020
performance_schema_max_stage_classes	150
performance_schema_max_statement_classes	168
performance_schema_max_table_handles	4000
performance_schema_max_table_instances	12500
performance_schema_max_thread_classes	50
performance_schema_max_thread_instances	8100
performance_schema_session_connect_attrs_size	512
performance_schema_setup_actors_size	100
performance_schema_setup_objects_size	100
performance_schema_users_size	100
pid_file	/app/mysql//mysql.pid
plugin_dir	/usr/local/mysql/lib/plugin/
port	3306
preload_buffer_size	32768
profiling	OFF
profiling_history_size	15
protocol_version	10
query_alloc_block_size	8192
query_cache_limit	1048576
query_cache_min_res_unit	4096
query_cache_size	0
query_cache_type	OFF
query_cache_wlock_invalidate	OFF
query_prealloc_size	8192
range_alloc_block_size	4096
read_buffer_size	16777216
read_only	OFF
read_rnd_buffer_size	33554432
relay_log	mysql-relay.log
relay_log_basename	/app/mysql/mysql-relay
relay_log_index	/app/mysql/mysql-relay.index
relay_log_info_file	relay-log.info
relay_log_info_repository	TABLE
relay_log_purge	ON
relay_log_recovery	ON
relay_log_space_limit	0
report_host	
report_password	
report_port	3306
report_user	
rpl_semi_sync_master_enabled	ON
rpl_semi_sync_master_timeout	5000
rpl_semi_sync_master_trace_level	32
rpl_semi_sync_master_wait_no_slave	ON
rpl_semi_sync_slave_enabled	OFF
rpl_semi_sync_slave_trace_level	32
rpl_stop_slave_timeout	31536000
secure_auth	ON
secure_file_priv	
server_id	808862
server_id_bits	32
server_uuid	e2502402-b9ca-11ea-af06-005056aa5cd4
skip_external_locking	ON
skip_name_resolve	ON
skip_networking	OFF
skip_show_database	OFF
slave_allow_batching	OFF
slave_checkpoint_group	512
slave_checkpoint_period	300
slave_compressed_protocol	OFF
slave_exec_mode	STRICT
slave_load_tmpdir	/app/mysql_tmp
slave_max_allowed_packet	1073741824
slave_net_timeout	3600
slave_parallel_workers	0
slave_pending_jobs_size_max	16777216
slave_rows_search_algorithms	TABLE_SCAN,INDEX_SCAN
slave_skip_errors	OFF
slave_sql_verify_checksum	ON
slave_transaction_retries	10
slave_type_conversions	
slow_launch_time	2
slow_query_log	ON
slow_query_log_file	mysql-slow.log
socket	/app/mysql/mysql.sock
sort_buffer_size	33554432
sql_auto_is_null	OFF
sql_big_selects	ON
sql_buffer_result	OFF
sql_log_bin	ON
sql_log_off	OFF
sql_mode	STRICT_TRANS_TABLES,NO_ENGINE_SUBSTITUTION
sql_notes	ON
sql_quote_show_create	ON
sql_safe_updates	OFF
sql_select_limit	18446744073709551615
sql_slave_skip_counter	0
sql_warnings	OFF
ssl_ca	
ssl_capath	
ssl_cert	
ssl_cipher	
ssl_crl	
ssl_crlpath	
ssl_key	
storage_engine	InnoDB
stored_program_cache	256
sync_binlog	1
sync_frm	ON
sync_master_info	10000
sync_relay_log	10000
sync_relay_log_info	10000
system_time_zone	CST
table_definition_cache	1400
table_open_cache	2000
table_open_cache_instances	1
thread_cache_size	48
thread_concurrency	10
thread_handling	one-thread-per-connection
thread_stack	262144
time_format	%H:%i:%s
time_zone	SYSTEM
timed_mutexes	OFF
tmp_table_size	67108864
tmpdir	/app/mysql_tmp
transaction_alloc_block_size	8192
transaction_prealloc_size	4096
tx_isolation	READ-COMMITTED
tx_read_only	OFF
unique_checks	ON
updatable_views_with_limit	YES
version	5.6.16-log
version_comment	MySQL Community Server (GPL)
version_compile_machine	x86_64
version_compile_os	linux-glibc2.5
wait_timeout	28800
ERROR LOG:
2021-07-12 01:12:13 117782 [Warning] Event Scheduler: [ltadmin@%][langtai_dp_prod.event_sd_survey_position] Truncated incorrect date value: '2021-07-09 01:12:12'
2021-07-12 01:12:13 117782 [Warning] Event Scheduler: [ltadmin@%][langtai_dp_prod.event_sd_survey_position] Truncated incorrect date value: '2021-07-09 01:12:12'
2021-07-13 01:04:45 117782 [Warning] Event Scheduler: [ltadmin@%][langtai_dp_prod.event_sd_scheduling_table] Truncated incorrect date value: '2021-07-10 01:04:35'
2021-07-13 01:04:45 117782 [Warning] Event Scheduler: [ltadmin@%][langtai_dp_prod.event_sd_scheduling_table] Truncated incorrect date value: '2021-07-10 01:04:35'
2021-07-13 01:08:28 117782 [Warning] Event Scheduler: [ltadmin@%][langtai_dp_prod.event_sd_survey_position] Truncated incorrect date value: '2021-07-10 01:08:27'
2021-07-13 01:08:28 117782 [Warning] Event Scheduler: [ltadmin@%][langtai_dp_prod.event_sd_survey_position] Truncated incorrect date value: '2021-07-10 01:08:27'
2021-07-13 01:08:28 117782 [Warning] Event Scheduler: [ltadmin@%][langtai_dp_prod.event_sd_survey_position] Truncated incorrect date value: '2021-07-10 01:08:27'
2021-07-13 01:08:28 117782 [Warning] Event Scheduler: [ltadmin@%][langtai_dp_prod.event_sd_survey_position] Truncated incorrect date value: '2021-07-10 01:08:27'
2021-07-13 01:08:28 117782 [Warning] Event Scheduler: [ltadmin@%][langtai_dp_prod.event_sd_survey_position] Truncated incorrect date value: '2021-07-10 01:08:27'
2021-07-13 01:08:28 117782 [Warning] Event Scheduler: [ltadmin@%][langtai_dp_prod.event_sd_survey_position] Truncated incorrect date value: '2021-07-10 01:08:27'
2021-07-13 01:08:28 117782 [Warning] Event Scheduler: [ltadmin@%][langtai_dp_prod.event_sd_survey_position] Truncated incorrect date value: '2021-07-10 01:08:27'
2021-07-13 01:08:28 117782 [Warning] Event Scheduler: [ltadmin@%][langtai_dp_prod.event_sd_survey_position] Truncated incorrect date value: '2021-07-10 01:08:27'
2021-07-13 01:08:28 117782 [Warning] Event Scheduler: [ltadmin@%][langtai_dp_prod.event_sd_survey_position] Truncated incorrect date value: '2021-07-10 01:08:27'
2021-07-13 01:08:28 117782 [Warning] Event Scheduler: [ltadmin@%][langtai_dp_prod.event_sd_survey_position] Truncated incorrect date value: '2021-07-10 01:08:27'
2021-07-13 01:08:28 117782 [Warning] Event Scheduler: [ltadmin@%][langtai_dp_prod.event_sd_survey_position] Truncated incorrect date value: '2021-07-10 01:08:27'
2021-07-13 01:08:28 117782 [Warning] Event Scheduler: [ltadmin@%][langtai_dp_prod.event_sd_survey_position] Truncated incorrect date value: '2021-07-10 01:08:27'
2021-07-13 01:08:28 117782 [Warning] Event Scheduler: [ltadmin@%][langtai_dp_prod.event_sd_survey_position] Truncated incorrect date value: '2021-07-10 01:08:27'
2021-07-13 01:08:28 117782 [Warning] Event Scheduler: [ltadmin@%][langtai_dp_prod.event_sd_survey_position] Truncated incorrect date value: '2021-07-10 01:08:27'
2021-07-13 01:08:28 117782 [Warning] Event Scheduler: [ltadmin@%][langtai_dp_prod.event_sd_survey_position] Truncated incorrect date value: '2021-07-10 01:08:27'
2021-07-13 01:08:28 117782 [Warning] Event Scheduler: [ltadmin@%][langtai_dp_prod.event_sd_survey_position] Truncated incorrect date value: '2021-07-10 01:08:27'
2021-07-13 01:08:28 117782 [Warning] Event Scheduler: [ltadmin@%][langtai_dp_prod.event_sd_survey_position] Truncated incorrect date value: '2021-07-10 01:08:27'
2021-07-13 01:08:28 117782 [Warning] Event Scheduler: [ltadmin@%][langtai_dp_prod.event_sd_survey_position] Truncated incorrect date value: '2021-07-10 01:08:27'
2021-07-13 01:08:28 117782 [Warning] Event Scheduler: [ltadmin@%][langtai_dp_prod.event_sd_survey_position] Truncated incorrect date value: '2021-07-10 01:08:27'
2021-07-13 01:08:28 117782 [Warning] Event Scheduler: [ltadmin@%][langtai_dp_prod.event_sd_survey_position] Truncated incorrect date value: '2021-07-10 01:08:27'
2021-07-13 01:08:28 117782 [Warning] Event Scheduler: [ltadmin@%][langtai_dp_prod.event_sd_survey_position] Truncated incorrect date value: '2021-07-10 01:08:27'
2021-07-13 01:08:28 117782 [Warning] Event Scheduler: [ltadmin@%][langtai_dp_prod.event_sd_survey_position] Truncated incorrect date value: '2021-07-10 01:08:27'
2021-07-13 01:08:28 117782 [Warning] Event Scheduler: [ltadmin@%][langtai_dp_prod.event_sd_survey_position] Truncated incorrect date value: '2021-07-10 01:08:27'
2021-07-13 01:08:28 117782 [Warning] Event Scheduler: [ltadmin@%][langtai_dp_prod.event_sd_survey_position] Truncated incorrect date value: '2021-07-10 01:08:27'
2021-07-13 01:08:28 117782 [Warning] Event Scheduler: [ltadmin@%][langtai_dp_prod.event_sd_survey_position] Truncated incorrect date value: '2021-07-10 01:08:27'
2021-07-13 01:08:28 117782 [Warning] Event Scheduler: [ltadmin@%][langtai_dp_prod.event_sd_survey_position] Truncated incorrect date value: '2021-07-10 01:08:27'
2021-07-13 01:08:28 117782 [Warning] Event Scheduler: [ltadmin@%][langtai_dp_prod.event_sd_survey_position] Truncated incorrect date value: '2021-07-10 01:08:27'
2021-07-13 01:08:28 117782 [Warning] Event Scheduler: [ltadmin@%][langtai_dp_prod.event_sd_survey_position] Truncated incorrect date value: '2021-07-10 01:08:27'
2021-07-13 01:08:28 117782 [Warning] Event Scheduler: [ltadmin@%][langtai_dp_prod.event_sd_survey_position] Truncated incorrect date value: '2021-07-10 01:08:27'
2021-07-13 01:08:28 117782 [Warning] Event Scheduler: [ltadmin@%][langtai_dp_prod.event_sd_survey_position] Truncated incorrect date value: '2021-07-10 01:08:27'
2021-07-13 01:08:28 117782 [Warning] Event Scheduler: [ltadmin@%][langtai_dp_prod.event_sd_survey_position] Truncated incorrect date value: '2021-07-10 01:08:27'
2021-07-13 01:08:28 117782 [Warning] Event Scheduler: [ltadmin@%][langtai_dp_prod.event_sd_survey_position] Truncated incorrect date value: '2021-07-10 01:08:27'
2021-07-13 01:08:28 117782 [Warning] Event Scheduler: [ltadmin@%][langtai_dp_prod.event_sd_survey_position] Truncated incorrect date value: '2021-07-10 01:08:27'
2021-07-13 01:08:28 117782 [Warning] Event Scheduler: [ltadmin@%][langtai_dp_prod.event_sd_survey_position] Truncated incorrect date value: '2021-07-10 01:08:27'
2021-07-13 01:08:28 117782 [Warning] Event Scheduler: [ltadmin@%][langtai_dp_prod.event_sd_survey_position] Truncated incorrect date value: '2021-07-10 01:08:27'
2021-07-13 01:08:28 117782 [Warning] Event Scheduler: [ltadmin@%][langtai_dp_prod.event_sd_survey_position] Truncated incorrect date value: '2021-07-10 01:08:27'
2021-07-13 01:08:28 117782 [Warning] Event Scheduler: [ltadmin@%][langtai_dp_prod.event_sd_survey_position] Truncated incorrect date value: '2021-07-10 01:08:27'
2021-07-13 01:08:28 117782 [Warning] Event Scheduler: [ltadmin@%][langtai_dp_prod.event_sd_survey_position] Truncated incorrect date value: '2021-07-10 01:08:27'
2021-07-13 01:08:28 117782 [Warning] Event Scheduler: [ltadmin@%][langtai_dp_prod.event_sd_survey_position] Truncated incorrect date value: '2021-07-10 01:08:27'
2021-07-13 01:08:28 117782 [Warning] Event Scheduler: [ltadmin@%][langtai_dp_prod.event_sd_survey_position] Truncated incorrect date value: '2021-07-10 01:08:27'
2021-07-13 01:08:28 117782 [Warning] Event Scheduler: [ltadmin@%][langtai_dp_prod.event_sd_survey_position] Truncated incorrect date value: '2021-07-10 01:08:27'
2021-07-13 01:08:28 117782 [Warning] Event Scheduler: [ltadmin@%][langtai_dp_prod.event_sd_survey_position] Truncated incorrect date value: '2021-07-10 01:08:27'
2021-07-13 01:08:28 117782 [Warning] Event Scheduler: [ltadmin@%][langtai_dp_prod.event_sd_survey_position] Truncated incorrect date value: '2021-07-10 01:08:27'
2021-07-13 01:08:28 117782 [Warning] Event Scheduler: [ltadmin@%][langtai_dp_prod.event_sd_survey_position] Truncated incorrect date value: '2021-07-10 01:08:27'
2021-07-13 01:08:28 117782 [Warning] Event Scheduler: [ltadmin@%][langtai_dp_prod.event_sd_survey_position] Truncated incorrect date value: '2021-07-10 01:08:27'
2021-07-13 01:08:28 117782 [Warning] Event Scheduler: [ltadmin@%][langtai_dp_prod.event_sd_survey_position] Truncated incorrect date value: '2021-07-10 01:08:27'
2021-07-13 01:08:28 117782 [Warning] Event Scheduler: [ltadmin@%][langtai_dp_prod.event_sd_survey_position] Truncated incorrect date value: '2021-07-10 01:08:27'
2021-07-13 01:08:28 117782 [Warning] Event Scheduler: [ltadmin@%][langtai_dp_prod.event_sd_survey_position] Truncated incorrect date value: '2021-07-10 01:08:27'
2021-07-13 01:08:28 117782 [Warning] Event Scheduler: [ltadmin@%][langtai_dp_prod.event_sd_survey_position] Truncated incorrect date value: '2021-07-10 01:08:27'
2021-07-13 01:08:28 117782 [Warning] Event Scheduler: [ltadmin@%][langtai_dp_prod.event_sd_survey_position] Truncated incorrect date value: '2021-07-10 01:08:27'
2021-07-13 01:08:28 117782 [Warning] Event Scheduler: [ltadmin@%][langtai_dp_prod.event_sd_survey_position] Truncated incorrect date value: '2021-07-10 01:08:27'
2021-07-13 01:08:28 117782 [Warning] Event Scheduler: [ltadmin@%][langtai_dp_prod.event_sd_survey_position] Truncated incorrect date value: '2021-07-10 01:08:27'
2021-07-13 01:08:28 117782 [Warning] Event Scheduler: [ltadmin@%][langtai_dp_prod.event_sd_survey_position] Truncated incorrect date value: '2021-07-10 01:08:27'
2021-07-13 01:08:28 117782 [Warning] Event Scheduler: [ltadmin@%][langtai_dp_prod.event_sd_survey_position] Truncated incorrect date value: '2021-07-10 01:08:27'
2021-07-13 01:08:28 117782 [Warning] Event Scheduler: [ltadmin@%][langtai_dp_prod.event_sd_survey_position] Truncated incorrect date value: '2021-07-10 01:08:27'
2021-07-13 01:08:28 117782 [Warning] Event Scheduler: [ltadmin@%][langtai_dp_prod.event_sd_survey_position] Truncated incorrect date value: '2021-07-10 01:08:27'
2021-07-13 01:08:28 117782 [Warning] Event Scheduler: [ltadmin@%][langtai_dp_prod.event_sd_survey_position] Truncated incorrect date value: '2021-07-10 01:08:27'
2021-07-13 01:08:28 117782 [Warning] Event Scheduler: [ltadmin@%][langtai_dp_prod.event_sd_survey_position] Truncated incorrect date value: '2021-07-10 01:08:27'
2021-07-13 01:08:28 117782 [Warning] Event Scheduler: [ltadmin@%][langtai_dp_prod.event_sd_survey_position] Truncated incorrect date value: '2021-07-10 01:08:27'
2021-07-13 01:08:28 117782 [Warning] Event Scheduler: [ltadmin@%][langtai_dp_prod.event_sd_survey_position] Truncated incorrect date value: '2021-07-10 01:08:27'
2021-07-13 01:08:28 117782 [Warning] Event Scheduler: [ltadmin@%][langtai_dp_prod.event_sd_survey_position] Truncated incorrect date value: '2021-07-10 01:08:27'
2021-07-13 01:08:28 117782 [Warning] Event Scheduler: [ltadmin@%][langtai_dp_prod.event_sd_survey_position] Truncated incorrect date value: '2021-07-10 01:08:27'
2021-07-13 01:08:28 117782 [Warning] Event Scheduler: [ltadmin@%][langtai_dp_prod.event_sd_survey_position] Truncated incorrect date value: '2021-07-10 01:08:27'
2021-07-13 01:08:28 117782 [Warning] Event Scheduler: [ltadmin@%][langtai_dp_prod.event_sd_survey_position] Truncated incorrect date value: '2021-07-10 01:08:27'
2021-07-14 01:05:05 117782 [Warning] Event Scheduler: [ltadmin@%][langtai_dp_prod.event_sd_scheduling_table] Truncated incorrect date value: '2021-07-11 01:04:52'
2021-07-14 01:05:05 117782 [Warning] Event Scheduler: [ltadmin@%][langtai_dp_prod.event_sd_scheduling_table] Truncated incorrect date value: '2021-07-11 01:04:52'
2021-07-14 01:09:07 117782 [Warning] Event Scheduler: [ltadmin@%][langtai_dp_prod.event_sd_survey_position] Truncated incorrect date value: '2021-07-11 01:09:06'
2021-07-14 01:09:07 117782 [Warning] Event Scheduler: [ltadmin@%][langtai_dp_prod.event_sd_survey_position] Truncated incorrect date value: '2021-07-11 01:09:06'
2021-07-14 01:09:07 117782 [Warning] Event Scheduler: [ltadmin@%][langtai_dp_prod.event_sd_survey_position] Truncated incorrect date value: '2021-07-11 01:09:06'
2021-07-14 01:09:07 117782 [Warning] Event Scheduler: [ltadmin@%][langtai_dp_prod.event_sd_survey_position] Truncated incorrect date value: '2021-07-11 01:09:06'
2021-07-14 01:09:07 117782 [Warning] Event Scheduler: [ltadmin@%][langtai_dp_prod.event_sd_survey_position] Truncated incorrect date value: '2021-07-11 01:09:06'
2021-07-14 01:09:07 117782 [Warning] Event Scheduler: [ltadmin@%][langtai_dp_prod.event_sd_survey_position] Truncated incorrect date value: '2021-07-11 01:09:06'
2021-07-14 01:09:07 117782 [Warning] Event Scheduler: [ltadmin@%][langtai_dp_prod.event_sd_survey_position] Truncated incorrect date value: '2021-07-11 01:09:06'
2021-07-14 01:09:07 117782 [Warning] Event Scheduler: [ltadmin@%][langtai_dp_prod.event_sd_survey_position] Truncated incorrect date value: '2021-07-11 01:09:06'
2021-07-14 01:09:07 117782 [Warning] Event Scheduler: [ltadmin@%][langtai_dp_prod.event_sd_survey_position] Truncated incorrect date value: '2021-07-11 01:09:06'
2021-07-14 01:09:07 117782 [Warning] Event Scheduler: [ltadmin@%][langtai_dp_prod.event_sd_survey_position] Truncated incorrect date value: '2021-07-11 01:09:06'
2021-07-14 01:09:07 117782 [Warning] Event Scheduler: [ltadmin@%][langtai_dp_prod.event_sd_survey_position] Truncated incorrect date value: '2021-07-11 01:09:06'
2021-07-14 01:09:07 117782 [Warning] Event Scheduler: [ltadmin@%][langtai_dp_prod.event_sd_survey_position] Truncated incorrect date value: '2021-07-11 01:09:06'
2021-07-14 01:09:07 117782 [Warning] Event Scheduler: [ltadmin@%][langtai_dp_prod.event_sd_survey_position] Truncated incorrect date value: '2021-07-11 01:09:06'
2021-07-14 01:09:07 117782 [Warning] Event Scheduler: [ltadmin@%][langtai_dp_prod.event_sd_survey_position] Truncated incorrect date value: '2021-07-11 01:09:06'
2021-07-14 01:09:07 117782 [Warning] Event Scheduler: [ltadmin@%][langtai_dp_prod.event_sd_survey_position] Truncated incorrect date value: '2021-07-11 01:09:06'
2021-07-14 01:09:07 117782 [Warning] Event Scheduler: [ltadmin@%][langtai_dp_prod.event_sd_survey_position] Truncated incorrect date value: '2021-07-11 01:09:06'
2021-07-14 01:09:07 117782 [Warning] Event Scheduler: [ltadmin@%][langtai_dp_prod.event_sd_survey_position] Truncated incorrect date value: '2021-07-11 01:09:06'
2021-07-14 01:09:07 117782 [Warning] Event Scheduler: [ltadmin@%][langtai_dp_prod.event_sd_survey_position] Truncated incorrect date value: '2021-07-11 01:09:06'
2021-07-14 01:09:07 117782 [Warning] Event Scheduler: [ltadmin@%][langtai_dp_prod.event_sd_survey_position] Truncated incorrect date value: '2021-07-11 01:09:06'
2021-07-14 01:09:07 117782 [Warning] Event Scheduler: [ltadmin@%][langtai_dp_prod.event_sd_survey_position] Truncated incorrect date value: '2021-07-11 01:09:06'
2021-07-14 01:09:07 117782 [Warning] Event Scheduler: [ltadmin@%][langtai_dp_prod.event_sd_survey_position] Truncated incorrect date value: '2021-07-11 01:09:06'
2021-07-14 01:09:07 117782 [Warning] Event Scheduler: [ltadmin@%][langtai_dp_prod.event_sd_survey_position] Truncated incorrect date value: '2021-07-11 01:09:06'
2021-07-14 01:09:07 117782 [Warning] Event Scheduler: [ltadmin@%][langtai_dp_prod.event_sd_survey_position] Truncated incorrect date value: '2021-07-11 01:09:06'
2021-07-14 01:09:07 117782 [Warning] Event Scheduler: [ltadmin@%][langtai_dp_prod.event_sd_survey_position] Truncated incorrect date value: '2021-07-11 01:09:06'
2021-07-14 01:09:07 117782 [Warning] Event Scheduler: [ltadmin@%][langtai_dp_prod.event_sd_survey_position] Truncated incorrect date value: '2021-07-11 01:09:06'
2021-07-14 01:09:07 117782 [Warning] Event Scheduler: [ltadmin@%][langtai_dp_prod.event_sd_survey_position] Truncated incorrect date value: '2021-07-11 01:09:06'
2021-07-14 01:09:07 117782 [Warning] Event Scheduler: [ltadmin@%][langtai_dp_prod.event_sd_survey_position] Truncated incorrect date value: '2021-07-11 01:09:06'
2021-07-14 01:09:07 117782 [Warning] Event Scheduler: [ltadmin@%][langtai_dp_prod.event_sd_survey_position] Truncated incorrect date value: '2021-07-11 01:09:06'
2021-07-14 01:09:07 117782 [Warning] Event Scheduler: [ltadmin@%][langtai_dp_prod.event_sd_survey_position] Truncated incorrect date value: '2021-07-11 01:09:06'
2021-07-14 01:09:07 117782 [Warning] Event Scheduler: [ltadmin@%][langtai_dp_prod.event_sd_survey_position] Truncated incorrect date value: '2021-07-11 01:09:06'
2021-07-14 01:09:07 117782 [Warning] Event Scheduler: [ltadmin@%][langtai_dp_prod.event_sd_survey_position] Truncated incorrect date value: '2021-07-11 01:09:06'
2021-07-14 01:09:07 117782 [Warning] Event Scheduler: [ltadmin@%][langtai_dp_prod.event_sd_survey_position] Truncated incorrect date value: '2021-07-11 01:09:06'
2021-07-14 01:09:07 117782 [Warning] Event Scheduler: [ltadmin@%][langtai_dp_prod.event_sd_survey_position] Truncated incorrect date value: '2021-07-11 01:09:06'
2021-07-14 01:09:07 117782 [Warning] Event Scheduler: [ltadmin@%][langtai_dp_prod.event_sd_survey_position] Truncated incorrect date value: '2021-07-11 01:09:06'
2021-07-14 01:09:07 117782 [Warning] Event Scheduler: [ltadmin@%][langtai_dp_prod.event_sd_survey_position] Truncated incorrect date value: '2021-07-11 01:09:06'
2021-07-14 01:09:07 117782 [Warning] Event Scheduler: [ltadmin@%][langtai_dp_prod.event_sd_survey_position] Truncated incorrect date value: '2021-07-11 01:09:06'
2021-07-14 01:09:07 117782 [Warning] Event Scheduler: [ltadmin@%][langtai_dp_prod.event_sd_survey_position] Truncated incorrect date value: '2021-07-11 01:09:06'
2021-07-14 01:09:07 117782 [Warning] Event Scheduler: [ltadmin@%][langtai_dp_prod.event_sd_survey_position] Truncated incorrect date value: '2021-07-11 01:09:06'
2021-07-14 01:09:07 117782 [Warning] Event Scheduler: [ltadmin@%][langtai_dp_prod.event_sd_survey_position] Truncated incorrect date value: '2021-07-11 01:09:06'
2021-07-14 01:09:07 117782 [Warning] Event Scheduler: [ltadmin@%][langtai_dp_prod.event_sd_survey_position] Truncated incorrect date value: '2021-07-11 01:09:06'
2021-07-14 01:09:07 117782 [Warning] Event Scheduler: [ltadmin@%][langtai_dp_prod.event_sd_survey_position] Truncated incorrect date value: '2021-07-11 01:09:06'
2021-07-14 01:09:07 117782 [Warning] Event Scheduler: [ltadmin@%][langtai_dp_prod.event_sd_survey_position] Truncated incorrect date value: '2021-07-11 01:09:06'
2021-07-14 01:09:07 117782 [Warning] Event Scheduler: [ltadmin@%][langtai_dp_prod.event_sd_survey_position] Truncated incorrect date value: '2021-07-11 01:09:06'
2021-07-14 01:09:07 117782 [Warning] Event Scheduler: [ltadmin@%][langtai_dp_prod.event_sd_survey_position] Truncated incorrect date value: '2021-07-11 01:09:06'
2021-07-14 01:09:07 117782 [Warning] Event Scheduler: [ltadmin@%][langtai_dp_prod.event_sd_survey_position] Truncated incorrect date value: '2021-07-11 01:09:06'
2021-07-14 01:09:07 117782 [Warning] Event Scheduler: [ltadmin@%][langtai_dp_prod.event_sd_survey_position] Truncated incorrect date value: '2021-07-11 01:09:06'
2021-07-14 01:09:07 117782 [Warning] Event Scheduler: [ltadmin@%][langtai_dp_prod.event_sd_survey_position] Truncated incorrect date value: '2021-07-11 01:09:06'
2021-07-14 01:09:07 117782 [Warning] Event Scheduler: [ltadmin@%][langtai_dp_prod.event_sd_survey_position] Truncated incorrect date value: '2021-07-11 01:09:06'
2021-07-14 01:09:07 117782 [Warning] Event Scheduler: [ltadmin@%][langtai_dp_prod.event_sd_survey_position] Truncated incorrect date value: '2021-07-11 01:09:06'
2021-07-14 01:09:07 117782 [Warning] Event Scheduler: [ltadmin@%][langtai_dp_prod.event_sd_survey_position] Truncated incorrect date value: '2021-07-11 01:09:06'
2021-07-14 01:09:07 117782 [Warning] Event Scheduler: [ltadmin@%][langtai_dp_prod.event_sd_survey_position] Truncated incorrect date value: '2021-07-11 01:09:06'
2021-07-14 01:09:07 117782 [Warning] Event Scheduler: [ltadmin@%][langtai_dp_prod.event_sd_survey_position] Truncated incorrect date value: '2021-07-11 01:09:06'
2021-07-14 01:09:07 117782 [Warning] Event Scheduler: [ltadmin@%][langtai_dp_prod.event_sd_survey_position] Truncated incorrect date value: '2021-07-11 01:09:06'
2021-07-14 01:09:07 117782 [Warning] Event Scheduler: [ltadmin@%][langtai_dp_prod.event_sd_survey_position] Truncated incorrect date value: '2021-07-11 01:09:06'
2021-07-14 01:09:07 117782 [Warning] Event Scheduler: [ltadmin@%][langtai_dp_prod.event_sd_survey_position] Truncated incorrect date value: '2021-07-11 01:09:06'
2021-07-14 01:09:07 117782 [Warning] Event Scheduler: [ltadmin@%][langtai_dp_prod.event_sd_survey_position] Truncated incorrect date value: '2021-07-11 01:09:06'
2021-07-14 01:09:07 117782 [Warning] Event Scheduler: [ltadmin@%][langtai_dp_prod.event_sd_survey_position] Truncated incorrect date value: '2021-07-11 01:09:06'
2021-07-14 01:09:07 117782 [Warning] Event Scheduler: [ltadmin@%][langtai_dp_prod.event_sd_survey_position] Truncated incorrect date value: '2021-07-11 01:09:06'
2021-07-14 01:09:07 117782 [Warning] Event Scheduler: [ltadmin@%][langtai_dp_prod.event_sd_survey_position] Truncated incorrect date value: '2021-07-11 01:09:06'
2021-07-14 01:09:07 117782 [Warning] Event Scheduler: [ltadmin@%][langtai_dp_prod.event_sd_survey_position] Truncated incorrect date value: '2021-07-11 01:09:06'
2021-07-14 01:09:07 117782 [Warning] Event Scheduler: [ltadmin@%][langtai_dp_prod.event_sd_survey_position] Truncated incorrect date value: '2021-07-11 01:09:06'
2021-07-14 01:09:07 117782 [Warning] Event Scheduler: [ltadmin@%][langtai_dp_prod.event_sd_survey_position] Truncated incorrect date value: '2021-07-11 01:09:06'
2021-07-14 01:09:07 117782 [Warning] Event Scheduler: [ltadmin@%][langtai_dp_prod.event_sd_survey_position] Truncated incorrect date value: '2021-07-11 01:09:06'
2021-07-14 01:09:07 117782 [Warning] Event Scheduler: [ltadmin@%][langtai_dp_prod.event_sd_survey_position] Truncated incorrect date value: '2021-07-11 01:09:06'
2021-07-15 01:05:13 117782 [Warning] Event Scheduler: [ltadmin@%][langtai_dp_prod.event_sd_scheduling_table] Truncated incorrect date value: '2021-07-12 01:05:02'
2021-07-15 01:05:13 117782 [Warning] Event Scheduler: [ltadmin@%][langtai_dp_prod.event_sd_scheduling_table] Truncated incorrect date value: '2021-07-12 01:05:02'
2021-07-15 01:13:24 117782 [Warning] Event Scheduler: [ltadmin@%][langtai_dp_prod.event_sd_survey_position] Truncated incorrect date value: '2021-07-12 01:13:23'
2021-07-15 01:13:24 117782 [Warning] Event Scheduler: [ltadmin@%][langtai_dp_prod.event_sd_survey_position] Truncated incorrect date value: '2021-07-12 01:13:23'
2021-07-15 01:13:24 117782 [Warning] Event Scheduler: [ltadmin@%][langtai_dp_prod.event_sd_survey_position] Truncated incorrect date value: '2021-07-12 01:13:23'
2021-07-15 01:13:24 117782 [Warning] Event Scheduler: [ltadmin@%][langtai_dp_prod.event_sd_survey_position] Truncated incorrect date value: '2021-07-12 01:13:23'
2021-07-15 01:13:24 117782 [Warning] Event Scheduler: [ltadmin@%][langtai_dp_prod.event_sd_survey_position] Truncated incorrect date value: '2021-07-12 01:13:23'
2021-07-15 01:13:24 117782 [Warning] Event Scheduler: [ltadmin@%][langtai_dp_prod.event_sd_survey_position] Truncated incorrect date value: '2021-07-12 01:13:23'
2021-07-15 01:13:24 117782 [Warning] Event Scheduler: [ltadmin@%][langtai_dp_prod.event_sd_survey_position] Truncated incorrect date value: '2021-07-12 01:13:23'
2021-07-15 01:13:24 117782 [Warning] Event Scheduler: [ltadmin@%][langtai_dp_prod.event_sd_survey_position] Truncated incorrect date value: '2021-07-12 01:13:23'
2021-07-15 01:13:24 117782 [Warning] Event Scheduler: [ltadmin@%][langtai_dp_prod.event_sd_survey_position] Truncated incorrect date value: '2021-07-12 01:13:23'
2021-07-15 01:13:24 117782 [Warning] Event Scheduler: [ltadmin@%][langtai_dp_prod.event_sd_survey_position] Truncated incorrect date value: '2021-07-12 01:13:23'
2021-07-15 01:13:24 117782 [Warning] Event Scheduler: [ltadmin@%][langtai_dp_prod.event_sd_survey_position] Truncated incorrect date value: '2021-07-12 01:13:23'
2021-07-15 01:13:24 117782 [Warning] Event Scheduler: [ltadmin@%][langtai_dp_prod.event_sd_survey_position] Truncated incorrect date value: '2021-07-12 01:13:23'
2021-07-15 01:13:24 117782 [Warning] Event Scheduler: [ltadmin@%][langtai_dp_prod.event_sd_survey_position] Truncated incorrect date value: '2021-07-12 01:13:23'
2021-07-15 01:13:24 117782 [Warning] Event Scheduler: [ltadmin@%][langtai_dp_prod.event_sd_survey_position] Truncated incorrect date value: '2021-07-12 01:13:23'
2021-07-15 01:13:24 117782 [Warning] Event Scheduler: [ltadmin@%][langtai_dp_prod.event_sd_survey_position] Truncated incorrect date value: '2021-07-12 01:13:23'
2021-07-15 01:13:24 117782 [Warning] Event Scheduler: [ltadmin@%][langtai_dp_prod.event_sd_survey_position] Truncated incorrect date value: '2021-07-12 01:13:23'
2021-07-15 01:13:24 117782 [Warning] Event Scheduler: [ltadmin@%][langtai_dp_prod.event_sd_survey_position] Truncated incorrect date value: '2021-07-12 01:13:23'
2021-07-15 01:13:24 117782 [Warning] Event Scheduler: [ltadmin@%][langtai_dp_prod.event_sd_survey_position] Truncated incorrect date value: '2021-07-12 01:13:23'
2021-07-15 01:13:24 117782 [Warning] Event Scheduler: [ltadmin@%][langtai_dp_prod.event_sd_survey_position] Truncated incorrect date value: '2021-07-12 01:13:23'
2021-07-15 01:13:24 117782 [Warning] Event Scheduler: [ltadmin@%][langtai_dp_prod.event_sd_survey_position] Truncated incorrect date value: '2021-07-12 01:13:23'
2021-07-15 01:13:24 117782 [Warning] Event Scheduler: [ltadmin@%][langtai_dp_prod.event_sd_survey_position] Truncated incorrect date value: '2021-07-12 01:13:23'
2021-07-15 01:13:24 117782 [Warning] Event Scheduler: [ltadmin@%][langtai_dp_prod.event_sd_survey_position] Truncated incorrect date value: '2021-07-12 01:13:23'
2021-07-15 01:13:24 117782 [Warning] Event Scheduler: [ltadmin@%][langtai_dp_prod.event_sd_survey_position] Truncated incorrect date value: '2021-07-12 01:13:23'
2021-07-15 01:13:24 117782 [Warning] Event Scheduler: [ltadmin@%][langtai_dp_prod.event_sd_survey_position] Truncated incorrect date value: '2021-07-12 01:13:23'
2021-07-15 01:13:24 117782 [Warning] Event Scheduler: [ltadmin@%][langtai_dp_prod.event_sd_survey_position] Truncated incorrect date value: '2021-07-12 01:13:23'
2021-07-15 01:13:24 117782 [Warning] Event Scheduler: [ltadmin@%][langtai_dp_prod.event_sd_survey_position] Truncated incorrect date value: '2021-07-12 01:13:23'
2021-07-15 01:13:24 117782 [Warning] Event Scheduler: [ltadmin@%][langtai_dp_prod.event_sd_survey_position] Truncated incorrect date value: '2021-07-12 01:13:23'
2021-07-15 01:13:24 117782 [Warning] Event Scheduler: [ltadmin@%][langtai_dp_prod.event_sd_survey_position] Truncated incorrect date value: '2021-07-12 01:13:23'
2021-07-15 01:13:24 117782 [Warning] Event Scheduler: [ltadmin@%][langtai_dp_prod.event_sd_survey_position] Truncated incorrect date value: '2021-07-12 01:13:23'
2021-07-15 01:13:24 117782 [Warning] Event Scheduler: [ltadmin@%][langtai_dp_prod.event_sd_survey_position] Truncated incorrect date value: '2021-07-12 01:13:23'
2021-07-15 01:13:24 117782 [Warning] Event Scheduler: [ltadmin@%][langtai_dp_prod.event_sd_survey_position] Truncated incorrect date value: '2021-07-12 01:13:23'
2021-07-15 01:13:24 117782 [Warning] Event Scheduler: [ltadmin@%][langtai_dp_prod.event_sd_survey_position] Truncated incorrect date value: '2021-07-12 01:13:23'
2021-07-15 01:13:24 117782 [Warning] Event Scheduler: [ltadmin@%][langtai_dp_prod.event_sd_survey_position] Truncated incorrect date value: '2021-07-12 01:13:23'
2021-07-15 01:13:24 117782 [Warning] Event Scheduler: [ltadmin@%][langtai_dp_prod.event_sd_survey_position] Truncated incorrect date value: '2021-07-12 01:13:23'
2021-07-15 01:13:24 117782 [Warning] Event Scheduler: [ltadmin@%][langtai_dp_prod.event_sd_survey_position] Truncated incorrect date value: '2021-07-12 01:13:23'
2021-07-15 01:13:24 117782 [Warning] Event Scheduler: [ltadmin@%][langtai_dp_prod.event_sd_survey_position] Truncated incorrect date value: '2021-07-12 01:13:23'
2021-07-15 01:13:24 117782 [Warning] Event Scheduler: [ltadmin@%][langtai_dp_prod.event_sd_survey_position] Truncated incorrect date value: '2021-07-12 01:13:23'
2021-07-15 01:13:24 117782 [Warning] Event Scheduler: [ltadmin@%][langtai_dp_prod.event_sd_survey_position] Truncated incorrect date value: '2021-07-12 01:13:23'
2021-07-15 01:13:24 117782 [Warning] Event Scheduler: [ltadmin@%][langtai_dp_prod.event_sd_survey_position] Truncated incorrect date value: '2021-07-12 01:13:23'
2021-07-15 01:13:24 117782 [Warning] Event Scheduler: [ltadmin@%][langtai_dp_prod.event_sd_survey_position] Truncated incorrect date value: '2021-07-12 01:13:23'
2021-07-15 01:13:24 117782 [Warning] Event Scheduler: [ltadmin@%][langtai_dp_prod.event_sd_survey_position] Truncated incorrect date value: '2021-07-12 01:13:23'
2021-07-15 01:13:24 117782 [Warning] Event Scheduler: [ltadmin@%][langtai_dp_prod.event_sd_survey_position] Truncated incorrect date value: '2021-07-12 01:13:23'
2021-07-15 01:13:24 117782 [Warning] Event Scheduler: [ltadmin@%][langtai_dp_prod.event_sd_survey_position] Truncated incorrect date value: '2021-07-12 01:13:23'
2021-07-15 01:13:24 117782 [Warning] Event Scheduler: [ltadmin@%][langtai_dp_prod.event_sd_survey_position] Truncated incorrect date value: '2021-07-12 01:13:23'
2021-07-15 01:13:24 117782 [Warning] Event Scheduler: [ltadmin@%][langtai_dp_prod.event_sd_survey_position] Truncated incorrect date value: '2021-07-12 01:13:23'
2021-07-15 01:13:24 117782 [Warning] Event Scheduler: [ltadmin@%][langtai_dp_prod.event_sd_survey_position] Truncated incorrect date value: '2021-07-12 01:13:23'
2021-07-15 01:13:24 117782 [Warning] Event Scheduler: [ltadmin@%][langtai_dp_prod.event_sd_survey_position] Truncated incorrect date value: '2021-07-12 01:13:23'
2021-07-15 01:13:24 117782 [Warning] Event Scheduler: [ltadmin@%][langtai_dp_prod.event_sd_survey_position] Truncated incorrect date value: '2021-07-12 01:13:23'
2021-07-15 01:13:24 117782 [Warning] Event Scheduler: [ltadmin@%][langtai_dp_prod.event_sd_survey_position] Truncated incorrect date value: '2021-07-12 01:13:23'
2021-07-15 01:13:24 117782 [Warning] Event Scheduler: [ltadmin@%][langtai_dp_prod.event_sd_survey_position] Truncated incorrect date value: '2021-07-12 01:13:23'
2021-07-15 01:13:24 117782 [Warning] Event Scheduler: [ltadmin@%][langtai_dp_prod.event_sd_survey_position] Truncated incorrect date value: '2021-07-12 01:13:23'
2021-07-15 01:13:24 117782 [Warning] Event Scheduler: [ltadmin@%][langtai_dp_prod.event_sd_survey_position] Truncated incorrect date value: '2021-07-12 01:13:23'
2021-07-15 01:13:24 117782 [Warning] Event Scheduler: [ltadmin@%][langtai_dp_prod.event_sd_survey_position] Truncated incorrect date value: '2021-07-12 01:13:23'
2021-07-15 01:13:24 117782 [Warning] Event Scheduler: [ltadmin@%][langtai_dp_prod.event_sd_survey_position] Truncated incorrect date value: '2021-07-12 01:13:23'
2021-07-15 01:13:24 117782 [Warning] Event Scheduler: [ltadmin@%][langtai_dp_prod.event_sd_survey_position] Truncated incorrect date value: '2021-07-12 01:13:23'
2021-07-15 01:13:24 117782 [Warning] Event Scheduler: [ltadmin@%][langtai_dp_prod.event_sd_survey_position] Truncated incorrect date value: '2021-07-12 01:13:23'
2021-07-15 01:13:24 117782 [Warning] Event Scheduler: [ltadmin@%][langtai_dp_prod.event_sd_survey_position] Truncated incorrect date value: '2021-07-12 01:13:23'
2021-07-15 01:13:24 117782 [Warning] Event Scheduler: [ltadmin@%][langtai_dp_prod.event_sd_survey_position] Truncated incorrect date value: '2021-07-12 01:13:23'
2021-07-15 01:13:24 117782 [Warning] Event Scheduler: [ltadmin@%][langtai_dp_prod.event_sd_survey_position] Truncated incorrect date value: '2021-07-12 01:13:23'
2021-07-15 01:13:24 117782 [Warning] Event Scheduler: [ltadmin@%][langtai_dp_prod.event_sd_survey_position] Truncated incorrect date value: '2021-07-12 01:13:23'
2021-07-15 01:13:24 117782 [Warning] Event Scheduler: [ltadmin@%][langtai_dp_prod.event_sd_survey_position] Truncated incorrect date value: '2021-07-12 01:13:23'
2021-07-15 01:13:24 117782 [Warning] Event Scheduler: [ltadmin@%][langtai_dp_prod.event_sd_survey_position] Truncated incorrect date value: '2021-07-12 01:13:23'
2021-07-15 01:13:24 117782 [Warning] Event Scheduler: [ltadmin@%][langtai_dp_prod.event_sd_survey_position] Truncated incorrect date value: '2021-07-12 01:13:23'
2021-07-15 01:13:24 117782 [Warning] Event Scheduler: [ltadmin@%][langtai_dp_prod.event_sd_survey_position] Truncated incorrect date value: '2021-07-12 01:13:23'
