******************** MySQL--localhost--3306 ***********************
--------------
mysql  Ver 14.14 Distrib 5.6.16, for linux-glibc2.5 (x86_64) using  EditLine wrapper

Connection id:		1462519
Current database:	
Current user:		system@localhost
SSL:			Not in use
Current pager:		stdout
Using outfile:		''
Using delimiter:	;
Server version:		5.6.16-log MySQL Community Server (GPL)
Protocol version:	10
Connection:		Localhost via UNIX socket
Server characterset:	utf8mb4
Db     characterset:	utf8mb4
Client characterset:	utf8
Conn.  characterset:	utf8
UNIX socket:		/app/mysql/mysql.sock
Uptime:			310 days 1 hour 12 min 24 sec

Threads: 14  Questions: 1963734382  Slow queries: 33259  Opens: 173373842  Flush tables: 1  Open tables: 869  Queries per second avg: 73.305
--------------

                             basedir :	/usr/local/mysql
                             datadir :	/app/mysql/
                                     :	          
               ####Business info#### :	          
                       Database size :	db_monitor 0.023 GB ncpi 303.144 GB
                       Tables counts :	db_monitor 1 ncpi 328
                      Engines counts :	InnoDB 329
                 Top 10 of big table :	insure_trans_index 120842555 ncpi_transinfo_recoder 104421550 policy_cusid 81664107 ncpi_order_customerinfo 63094422 ncpi_ants_merge_detail 33998542 report_insureddata_info 32971349 ncpi_tax_info 31589852 ncpi_order_insure_index 30600081 ncpi_file_ants_policy 30402108 report_appdata_info 30219723
        Top 10 of auto increment num :	ncpi_transinfo_recoder 103966666 policy_cusid 82731326 ncpi_order_customerinfo 62668024 report_insureddata_info 44249111 report_appdata_info 41457630 ncpi_ants_merge_detail 37784812 ncpi_policy_dynamic_list 28898222 npci_customerinfo_202008_tbl 28885643 npci_customerinfo_202009_tbl 22978048 npci_customerinfo_202010_tbl 22419615
                                     :	          
              ####Runtime status#### :	          
                   Threads connected :	    12.00 
                                 QPS :	     6.00 
                                 TPS :	    33.04 
                               Reads :	95241124.00 
                              Writes :	885427073.00 
                   Read/Writes Ratio :	   10.76% 
   MyISAM Key buffer read hits(>99%) :	   99.66% 
        MyISAM Key buffer write hits :	   93.72% 
                    Query cache hits :	    NULL% 
       InnoDB buffer read hits(>95%) :	   99.96% 
             Thread cache hits(>90%) :	   99.99% 
             Slow queries per second :	     0.00 
         Select full join per second :	     1.00 
      Select full join in all select :	    0.47% 
         MyiSAM lock contention(<1%) :	    0.00% 
           Temp tables to disk ratio :	   11.00% 
Replication status:
*************************** 1. row ***************************
               Slave_IO_State: Waiting for master to send event
                  Master_Host: 10.80.88.35
                  Master_User: repl
                  Master_Port: 3306
                Connect_Retry: 60
              Master_Log_File: mysql-bin.005979
          Read_Master_Log_Pos: 201061945
               Relay_Log_File: mysql-relay.011179
                Relay_Log_Pos: 201061955
        Relay_Master_Log_File: mysql-bin.005979
             Slave_IO_Running: Yes
            Slave_SQL_Running: Yes
              Replicate_Do_DB: 
          Replicate_Ignore_DB: 
           Replicate_Do_Table: 
       Replicate_Ignore_Table: 
      Replicate_Wild_Do_Table: 
  Replicate_Wild_Ignore_Table: 
                   Last_Errno: 0
                   Last_Error: 
                 Skip_Counter: 0
          Exec_Master_Log_Pos: 201061945
              Relay_Log_Space: 201061489
              Until_Condition: None
               Until_Log_File: 
                Until_Log_Pos: 0
           Master_SSL_Allowed: No
           Master_SSL_CA_File: 
           Master_SSL_CA_Path: 
              Master_SSL_Cert: 
            Master_SSL_Cipher: 
               Master_SSL_Key: 
        Seconds_Behind_Master: 0
Master_SSL_Verify_Server_Cert: No
                Last_IO_Errno: 0
                Last_IO_Error: 
               Last_SQL_Errno: 0
               Last_SQL_Error: 
  Replicate_Ignore_Server_Ids: 
             Master_Server_Id: 10808835
                  Master_UUID: 34ecbbd1-b9bd-11e9-a4ad-005056aa141a
             Master_Info_File: mysql.slave_master_info
                    SQL_Delay: 0
          SQL_Remaining_Delay: NULL
      Slave_SQL_Running_State: Slave has read all relay log; waiting for the slave I/O thread to update it
           Master_Retry_Count: 86400
                  Master_Bind: 
      Last_IO_Error_Timestamp: 
     Last_SQL_Error_Timestamp: 
               Master_SSL_Crl: 
           Master_SSL_Crlpath: 
           Retrieved_Gtid_Set: 34ecbbd1-b9bd-11e9-a4ad-005056aa141a:117213583-1002274629
            Executed_Gtid_Set: 0db44b37-0aac-11e9-a872-506b4bbda24a:1-383041119,
34ecbbd1-b9bd-11e9-a4ad-005056aa141a:1-1002274629,
94b7f296-ddde-11ea-8ef6-005056aa86fa:1-3,
a9ebb70b-44d2-11e9-a3a3-7cd30ad3a7f8:1-200939137,
b10ff3c5-d41c-11e7-bf56-5cb901891884:1-71624960,
cdb4f786-d41c-11e7-bf56-70106faecec4:1-26917916,
efad71a9-0aab-11e9-a871-7cd30ae45996:1-28701008
                Auto_Position: 1
Global variables:
auto_increment_increment	1
auto_increment_offset	1
autocommit	ON
automatic_sp_privileges	ON
back_log	850
basedir	/usr/local/mysql
big_tables	OFF
bind_address	*
binlog_cache_size	32768
binlog_checksum	CRC32
binlog_direct_non_transactional_updates	OFF
binlog_format	ROW
binlog_max_flush_queue_time	0
binlog_order_commits	ON
binlog_row_image	FULL
binlog_rows_query_log_events	ON
binlog_stmt_cache_size	32768
bulk_insert_buffer_size	8388608
character_set_client	utf8mb4
character_set_connection	utf8mb4
character_set_database	utf8mb4
character_set_filesystem	binary
character_set_results	utf8mb4
character_set_server	utf8mb4
character_set_system	utf8
character_sets_dir	/usr/local/mysql/share/charsets/
collation_connection	utf8mb4_general_ci
collation_database	utf8mb4_general_ci
collation_server	utf8mb4_general_ci
completion_type	NO_CHAIN
concurrent_insert	AUTO
connect_timeout	10
core_file	OFF
datadir	/app/mysql/
date_format	%Y-%m-%d
datetime_format	%Y-%m-%d %H:%i:%s
default_storage_engine	InnoDB
default_tmp_storage_engine	InnoDB
default_week_format	0
delay_key_write	ON
delayed_insert_limit	100
delayed_insert_timeout	300
delayed_queue_size	1000
disconnect_on_expired_password	ON
div_precision_increment	4
end_markers_in_json	OFF
enforce_gtid_consistency	ON
eq_range_index_dive_limit	10
event_scheduler	OFF
expire_logs_days	3
explicit_defaults_for_timestamp	ON
flush	OFF
flush_time	0
foreign_key_checks	ON
ft_boolean_syntax	+ -><()~*:""&|
ft_max_word_len	84
ft_min_word_len	4
ft_query_expansion_limit	20
ft_stopword_file	(built-in)
general_log	OFF
general_log_file	/app/mysql/10-80-88-59.log
group_concat_max_len	1024
gtid_executed	0db44b37-0aac-11e9-a872-506b4bbda24a:1-383041119,\n34ecbbd1-b9bd-11e9-a4ad-005056aa141a:1-1002274629,\n94b7f296-ddde-11ea-8ef6-005056aa86fa:1-3,\na9ebb70b-44d2-11e9-a3a3-7cd30ad3a7f8:1-200939137,\nb10ff3c5-d41c-11e7-bf56-5cb901891884:1-71624960,\ncdb4f786-d41c-11e7-bf56-70106faecec4:1-26917916,\nefad71a9-0aab-11e9-a871-7cd30ae45996:1-28701008
gtid_mode	ON
gtid_owned	
gtid_purged	0db44b37-0aac-11e9-a872-506b4bbda24a:1-383041119,\n34ecbbd1-b9bd-11e9-a4ad-005056aa141a:1-996199437,\n94b7f296-ddde-11ea-8ef6-005056aa86fa:1-3,\na9ebb70b-44d2-11e9-a3a3-7cd30ad3a7f8:1-200939137,\nb10ff3c5-d41c-11e7-bf56-5cb901891884:1-71624960,\ncdb4f786-d41c-11e7-bf56-70106faecec4:1-26917916,\nefad71a9-0aab-11e9-a871-7cd30ae45996:1-28701008
have_compress	YES
have_crypt	YES
have_dynamic_loading	YES
have_geometry	YES
have_openssl	DISABLED
have_profiling	YES
have_query_cache	YES
have_rtree_keys	YES
have_ssl	DISABLED
have_symlink	YES
host_cache_size	803
hostname	10-80-88-59
ignore_builtin_innodb	OFF
ignore_db_dirs	
init_connect	
init_file	
init_slave	
innodb_adaptive_flushing	ON
innodb_adaptive_flushing_lwm	10
innodb_adaptive_hash_index	ON
innodb_adaptive_max_sleep_delay	150000
innodb_additional_mem_pool_size	8388608
innodb_api_bk_commit_interval	5
innodb_api_disable_rowlock	OFF
innodb_api_enable_binlog	OFF
innodb_api_enable_mdl	OFF
innodb_api_trx_level	0
innodb_autoextend_increment	64
innodb_autoinc_lock_mode	1
innodb_buffer_pool_dump_at_shutdown	ON
innodb_buffer_pool_dump_now	OFF
innodb_buffer_pool_filename	ib_buffer_pool
innodb_buffer_pool_instances	8
innodb_buffer_pool_load_abort	OFF
innodb_buffer_pool_load_at_startup	ON
innodb_buffer_pool_load_now	OFF
innodb_buffer_pool_size	17179869184
innodb_change_buffer_max_size	25
innodb_change_buffering	all
innodb_checksum_algorithm	innodb
innodb_checksums	ON
innodb_cmp_per_index_enabled	OFF
innodb_commit_concurrency	0
innodb_compression_failure_threshold_pct	5
innodb_compression_level	6
innodb_compression_pad_pct_max	50
innodb_concurrency_tickets	5000
innodb_data_file_path	ibdata1:200M:autoextend
innodb_data_home_dir	
innodb_disable_sort_file_cache	OFF
innodb_doublewrite	ON
innodb_fast_shutdown	1
innodb_file_format	Barracuda
innodb_file_format_check	ON
innodb_file_format_max	Barracuda
innodb_file_per_table	ON
innodb_flush_log_at_timeout	1
innodb_flush_log_at_trx_commit	1
innodb_flush_method	O_DIRECT
innodb_flush_neighbors	1
innodb_flushing_avg_loops	30
innodb_force_load_corrupted	OFF
innodb_force_recovery	0
innodb_ft_aux_table	
innodb_ft_cache_size	8000000
innodb_ft_enable_diag_print	OFF
innodb_ft_enable_stopword	ON
innodb_ft_max_token_size	84
innodb_ft_min_token_size	3
innodb_ft_num_word_optimize	2000
innodb_ft_result_cache_limit	2000000000
innodb_ft_server_stopword_table	
innodb_ft_sort_pll_degree	2
innodb_ft_total_cache_size	640000000
innodb_ft_user_stopword_table	
innodb_io_capacity	800
innodb_io_capacity_max	2000
innodb_large_prefix	OFF
innodb_lock_wait_timeout	5
innodb_locks_unsafe_for_binlog	OFF
innodb_log_buffer_size	16777216
innodb_log_compressed_pages	ON
innodb_log_file_size	1572864000
innodb_log_files_in_group	2
innodb_log_group_home_dir	./
innodb_lru_scan_depth	1024
innodb_max_dirty_pages_pct	75
innodb_max_dirty_pages_pct_lwm	0
innodb_max_purge_lag	0
innodb_max_purge_lag_delay	0
innodb_mirrored_log_groups	1
innodb_monitor_disable	
innodb_monitor_enable	
innodb_monitor_reset	
innodb_monitor_reset_all	
innodb_old_blocks_pct	37
innodb_old_blocks_time	1000
innodb_online_alter_log_max_size	134217728
innodb_open_files	2000
innodb_optimize_fulltext_only	OFF
innodb_page_size	16384
innodb_print_all_deadlocks	ON
innodb_purge_batch_size	300
innodb_purge_threads	1
innodb_random_read_ahead	OFF
innodb_read_ahead_threshold	56
innodb_read_io_threads	4
innodb_read_only	OFF
innodb_replication_delay	0
innodb_rollback_on_timeout	OFF
innodb_rollback_segments	128
innodb_sort_buffer_size	67108864
innodb_spin_wait_delay	6
innodb_stats_auto_recalc	ON
innodb_stats_method	nulls_equal
innodb_stats_on_metadata	OFF
innodb_stats_persistent	ON
innodb_stats_persistent_sample_pages	20
innodb_stats_sample_pages	8
innodb_stats_transient_sample_pages	8
innodb_status_output	OFF
innodb_status_output_locks	OFF
innodb_strict_mode	ON
innodb_support_xa	ON
innodb_sync_array_size	1
innodb_sync_spin_loops	30
innodb_table_locks	ON
innodb_thread_concurrency	0
innodb_thread_sleep_delay	10000
innodb_undo_directory	.
innodb_undo_logs	128
innodb_undo_tablespaces	0
innodb_use_native_aio	ON
innodb_use_sys_malloc	ON
innodb_version	5.6.16
innodb_write_io_threads	4
interactive_timeout	28800
join_buffer_size	67108864
keep_files_on_create	OFF
key_buffer_size	8388608
key_cache_age_threshold	300
key_cache_block_size	1024
key_cache_division_limit	100
large_files_support	ON
large_page_size	0
large_pages	OFF
lc_messages	en_US
lc_messages_dir	/usr/local/mysql/share/
lc_time_names	en_US
license	GPL
local_infile	ON
lock_wait_timeout	31536000
locked_in_memory	OFF
log_bin	ON
log_bin_basename	/app/mysql/mysql-bin
log_bin_index	/app/mysql/mysql-bin.index
log_bin_trust_function_creators	ON
log_bin_use_v1_row_events	OFF
log_error	/app/mysql/mysql-error.log
log_output	FILE
log_queries_not_using_indexes	ON
log_slave_updates	ON
log_slow_admin_statements	ON
log_slow_slave_statements	ON
log_throttle_queries_not_using_indexes	10
log_warnings	1
long_query_time	2.000000
low_priority_updates	OFF
lower_case_file_system	OFF
lower_case_table_names	1
master_info_repository	TABLE
master_verify_checksum	OFF
max_allowed_packet	33554432
max_binlog_cache_size	18446744073709547520
max_binlog_size	1073741824
max_binlog_stmt_cache_size	18446744073709547520
max_connect_errors	100000
max_connections	4000
max_delayed_threads	20
max_error_count	64
max_heap_table_size	16777216
max_insert_delayed_threads	20
max_join_size	18446744073709551615
max_length_for_sort_data	1024
max_prepared_stmt_count	16382
max_relay_log_size	0
max_seeks_for_key	18446744073709551615
max_sort_length	1024
max_sp_recursion_depth	0
max_tmp_tables	32
max_user_connections	0
max_write_lock_count	18446744073709551615
metadata_locks_cache_size	1024
metadata_locks_hash_instances	8
min_examined_row_limit	1000
multi_range_count	256
myisam_data_pointer_size	6
myisam_max_sort_file_size	9223372036853727232
myisam_mmap_size	18446744073709551615
myisam_recover_options	OFF
myisam_repair_threads	1
myisam_sort_buffer_size	8388608
myisam_stats_method	nulls_unequal
myisam_use_mmap	OFF
net_buffer_length	16384
net_read_timeout	30
net_retry_count	10
net_write_timeout	60
new	OFF
old	OFF
old_alter_table	OFF
old_passwords	0
open_files_limit	65535
optimizer_prune_level	1
optimizer_search_depth	62
optimizer_switch	index_merge=on,index_merge_union=on,index_merge_sort_union=on,index_merge_intersection=on,engine_condition_pushdown=on,index_condition_pushdown=on,mrr=on,mrr_cost_based=on,block_nested_loop=on,batched_key_access=off,materialization=on,semijoin=on,loosescan=on,firstmatch=on,subquery_materialization_cost_based=on,use_index_extensions=on
optimizer_trace	enabled=off,one_line=off
optimizer_trace_features	greedy_search=on,range_optimizer=on,dynamic_range=on,repeated_subselect=on
optimizer_trace_limit	1
optimizer_trace_max_mem_size	16384
optimizer_trace_offset	-1
performance_schema	ON
performance_schema_accounts_size	100
performance_schema_digests_size	10000
performance_schema_events_stages_history_long_size	10000
performance_schema_events_stages_history_size	10
performance_schema_events_statements_history_long_size	10000
performance_schema_events_statements_history_size	10
performance_schema_events_waits_history_long_size	10000
performance_schema_events_waits_history_size	10
performance_schema_hosts_size	100
performance_schema_max_cond_classes	80
performance_schema_max_cond_instances	18900
performance_schema_max_file_classes	50
performance_schema_max_file_handles	32768
performance_schema_max_file_instances	100824
performance_schema_max_mutex_classes	200
performance_schema_max_mutex_instances	39000
performance_schema_max_rwlock_classes	40
performance_schema_max_rwlock_instances	16800
performance_schema_max_socket_classes	10
performance_schema_max_socket_instances	8020
performance_schema_max_stage_classes	150
performance_schema_max_statement_classes	168
performance_schema_max_table_handles	4000
performance_schema_max_table_instances	12500
performance_schema_max_thread_classes	50
performance_schema_max_thread_instances	8100
performance_schema_session_connect_attrs_size	512
performance_schema_setup_actors_size	100
performance_schema_setup_objects_size	100
performance_schema_users_size	100
pid_file	/app/mysql//mysql.pid
plugin_dir	/usr/local/mysql/lib/plugin/
port	3306
preload_buffer_size	32768
profiling	OFF
profiling_history_size	15
protocol_version	10
query_alloc_block_size	8192
query_cache_limit	1048576
query_cache_min_res_unit	4096
query_cache_size	0
query_cache_type	OFF
query_cache_wlock_invalidate	OFF
query_prealloc_size	8192
range_alloc_block_size	4096
read_buffer_size	16777216
read_only	ON
read_rnd_buffer_size	33554432
relay_log	mysql-relay.log
relay_log_basename	/app/mysql/mysql-relay
relay_log_index	/app/mysql/mysql-relay.index
relay_log_info_file	relay-log.info
relay_log_info_repository	TABLE
relay_log_purge	ON
relay_log_recovery	ON
relay_log_space_limit	0
report_host	
report_password	
report_port	3306
report_user	
rpl_semi_sync_master_enabled	ON
rpl_semi_sync_master_timeout	5000
rpl_semi_sync_master_trace_level	32
rpl_semi_sync_master_wait_no_slave	ON
rpl_semi_sync_slave_enabled	ON
rpl_semi_sync_slave_trace_level	32
rpl_stop_slave_timeout	31536000
secure_auth	ON
secure_file_priv	
server_id	808859
server_id_bits	32
server_uuid	94b7f296-ddde-11ea-8ef6-005056aa86fa
skip_external_locking	ON
skip_name_resolve	ON
skip_networking	OFF
skip_show_database	OFF
slave_allow_batching	OFF
slave_checkpoint_group	512
slave_checkpoint_period	300
slave_compressed_protocol	OFF
slave_exec_mode	STRICT
slave_load_tmpdir	/app/mysql_tmp
slave_max_allowed_packet	1073741824
slave_net_timeout	3600
slave_parallel_workers	0
slave_pending_jobs_size_max	16777216
slave_rows_search_algorithms	TABLE_SCAN,INDEX_SCAN
slave_skip_errors	OFF
slave_sql_verify_checksum	ON
slave_transaction_retries	10
slave_type_conversions	
slow_launch_time	2
slow_query_log	ON
slow_query_log_file	mysql-slow.log
socket	/app/mysql/mysql.sock
sort_buffer_size	33554432
sql_auto_is_null	OFF
sql_big_selects	ON
sql_buffer_result	OFF
sql_log_bin	ON
sql_log_off	OFF
sql_mode	STRICT_TRANS_TABLES,NO_ENGINE_SUBSTITUTION
sql_notes	ON
sql_quote_show_create	ON
sql_safe_updates	OFF
sql_select_limit	18446744073709551615
sql_slave_skip_counter	0
sql_warnings	OFF
ssl_ca	
ssl_capath	
ssl_cert	
ssl_cipher	
ssl_crl	
ssl_crlpath	
ssl_key	
storage_engine	InnoDB
stored_program_cache	256
sync_binlog	1
sync_frm	ON
sync_master_info	10000
sync_relay_log	10000
sync_relay_log_info	10000
system_time_zone	CST
table_definition_cache	1400
table_open_cache	2000
table_open_cache_instances	1
thread_cache_size	48
thread_concurrency	10
thread_handling	one-thread-per-connection
thread_stack	262144
time_format	%H:%i:%s
time_zone	SYSTEM
timed_mutexes	OFF
tmp_table_size	67108864
tmpdir	/app/mysql_tmp
transaction_alloc_block_size	8192
transaction_prealloc_size	4096
tx_isolation	READ-COMMITTED
tx_read_only	OFF
unique_checks	ON
updatable_views_with_limit	YES
version	5.6.16-log
version_comment	MySQL Community Server (GPL)
version_compile_machine	x86_64
version_compile_os	linux-glibc2.5
wait_timeout	28800
ERROR LOG:
2020-08-14 19:18:51 106329 [Note] Shutting down plugin 'INNODB_BUFFER_PAGE'
2020-08-14 19:18:51 106329 [Note] Shutting down plugin 'INNODB_CMP_PER_INDEX_RESET'
2020-08-14 19:18:51 106329 [Note] Shutting down plugin 'INNODB_CMP_PER_INDEX'
2020-08-14 19:18:51 106329 [Note] Shutting down plugin 'INNODB_CMPMEM_RESET'
2020-08-14 19:18:51 106329 [Note] Shutting down plugin 'INNODB_CMPMEM'
2020-08-14 19:18:51 106329 [Note] Shutting down plugin 'INNODB_CMP_RESET'
2020-08-14 19:18:51 106329 [Note] Shutting down plugin 'INNODB_CMP'
2020-08-14 19:18:51 106329 [Note] Shutting down plugin 'INNODB_LOCK_WAITS'
2020-08-14 19:18:51 106329 [Note] Shutting down plugin 'INNODB_LOCKS'
2020-08-14 19:18:51 106329 [Note] Shutting down plugin 'INNODB_TRX'
2020-08-14 19:18:51 106329 [Note] Shutting down plugin 'InnoDB'
2020-08-14 19:18:51 106329 [Note] InnoDB: FTS optimize thread exiting.
2020-08-14 19:18:51 106329 [Note] InnoDB: Starting shutdown...
2020-08-14 19:18:51 7f434d7f4700 InnoDB: Dumping buffer pool(s) to .//ib_buffer_pool
2020-08-14 19:18:51 7f434d7f4700 InnoDB: Buffer pool(s) dump completed at 200814 19:18:51
2020-08-14 19:18:53 106329 [Note] InnoDB: Shutdown completed; log sequence number 1034897612649
2020-08-14 19:18:53 106329 [Note] Shutting down plugin 'CSV'
2020-08-14 19:18:53 106329 [Note] Shutting down plugin 'MEMORY'
2020-08-14 19:18:53 106329 [Note] Shutting down plugin 'MyISAM'
2020-08-14 19:18:53 106329 [Note] Shutting down plugin 'MRG_MYISAM'
2020-08-14 19:18:53 106329 [Note] Shutting down plugin 'sha256_password'
2020-08-14 19:18:53 106329 [Note] Shutting down plugin 'mysql_old_password'
2020-08-14 19:18:53 106329 [Note] Shutting down plugin 'mysql_native_password'
2020-08-14 19:18:53 106329 [Note] Shutting down plugin 'binlog'
2020-08-14 19:18:53 106329 [Note] /usr/local/mysql/bin/mysqld: Shutdown complete

200814 19:18:54 mysqld_safe mysqld from pid file /app/mysql//mysql.pid ended
200814 19:18:55 mysqld_safe Starting mysqld daemon with databases from /app/mysql/
2020-08-14 19:18:56 108524 [Note] Plugin 'FEDERATED' is disabled.
2020-08-14 19:18:56 108524 [Note] InnoDB: Using atomics to ref count buffer pool pages
2020-08-14 19:18:56 108524 [Note] InnoDB: The InnoDB memory heap is disabled
2020-08-14 19:18:56 108524 [Note] InnoDB: Mutexes and rw_locks use GCC atomic builtins
2020-08-14 19:18:56 108524 [Note] InnoDB: Compressed tables use zlib 1.2.3
2020-08-14 19:18:56 108524 [Note] InnoDB: Using Linux native AIO
2020-08-14 19:18:56 108524 [Note] InnoDB: Using CPU crc32 instructions
2020-08-14 19:18:56 108524 [Note] InnoDB: Initializing buffer pool, size = 16.0G
2020-08-14 19:18:57 108524 [Note] InnoDB: Completed initialization of buffer pool
2020-08-14 19:18:57 108524 [Note] InnoDB: Highest supported file format is Barracuda.
2020-08-14 19:18:58 108524 [Note] InnoDB: 128 rollback segment(s) are active.
2020-08-14 19:18:58 108524 [Note] InnoDB: Waiting for purge to start
2020-08-14 19:18:58 108524 [Note] InnoDB: 5.6.16 started; log sequence number 1034897612649
2020-08-14 19:18:58 7f319b7fe700 InnoDB: Loading buffer pool(s) from .//ib_buffer_pool
2020-08-14 19:18:58 108524 [Note] Semi-sync replication initialized for transactions.
2020-08-14 19:18:58 108524 [Note] Semi-sync replication enabled on the master.
2020-08-14 19:18:59 108524 [Note] Server hostname (bind-address): '*'; port: 3306
2020-08-14 19:18:59 108524 [Note] IPv6 is available.
2020-08-14 19:18:59 108524 [Note]   - '::' resolves to '::';
2020-08-14 19:18:59 108524 [Note] Server socket created on IP: '::'.
2020-08-14 19:18:59 108524 [Warning] 'proxies_priv' entry '@ root@rds151163155.cloud.st4' ignored in --skip-name-resolve mode.
2020-08-14 19:19:00 108524 [Warning] Recovery from master pos 266647172 and file mysql-bin.000406.
2020-08-14 19:19:00 108524 [Note] Slave I/O thread: Start semi-sync replication to master 'repl@10.80.88.35:3306' in log 'mysql-bin.000406' at position 266647172
2020-08-14 19:19:00 108524 [Warning] Storing MySQL user name or password information in the master info repository is not secure and is therefore not recommended. Please consider using the USER and PASSWORD connection options for START SLAVE; see the 'START SLAVE Syntax' in the MySQL Manual for more information.
2020-08-14 19:19:00 108524 [Note] Slave SQL thread initialized, starting replication in log 'mysql-bin.000406' at position 266647172, relay log './mysql-relay.000005' position: 4
2020-08-14 19:19:00 108524 [Note] Slave I/O thread: connected to master 'repl@10.80.88.35:3306',replication started in log 'mysql-bin.000406' at position 266647172
2020-08-14 19:19:00 108524 [Note] Event Scheduler: Loaded 0 events
2020-08-14 19:19:00 108524 [Note] /usr/local/mysql/bin/mysqld: ready for connections.
Version: '5.6.16-log'  socket: '/app/mysql/mysql.sock'  port: 3306  MySQL Community Server (GPL)
2020-08-14 19:19:10 108524 [Warning] Timeout waiting for reply of binlog (file: mysql-bin.000004, pos: 11973), semi-sync up to file , position 0.
2020-08-14 19:19:10 108524 [Note] Semi-sync replication switched OFF.
2020-08-14 19:32:19 7f319b7fe700 InnoDB: Buffer pool(s) load completed at 200814 19:32:19
2020-08-14 22:34:50 108524 [Note] Slave: received end packet from server, apparent master shutdown: 
2020-08-14 22:34:50 108524 [Note] Slave I/O thread: Failed reading log event, reconnecting to retry, log 'mysql-bin.000408' at position 391
2020-08-14 22:34:50 108524 [Warning] Storing MySQL user name or password information in the master info repository is not secure and is therefore not recommended. Please consider using the USER and PASSWORD connection options for START SLAVE; see the 'START SLAVE Syntax' in the MySQL Manual for more information.
2020-08-14 22:34:50 108524 [ERROR] Slave I/O: error reconnecting to master 'repl@10.80.88.35:3306' - retry-time: 60  retries: 1, Error_code: 2003
2020-08-14 22:35:46 108524 [Note] Error reading relay log event: slave SQL thread was killed
2020-08-14 22:35:46 108524 [Note] Slave I/O thread killed during or after a reconnect done to recover from failed read
2020-08-14 22:35:46 108524 [Note] Slave I/O thread exiting, read up to log 'mysql-bin.000408', position 391
2020-08-14 22:35:50 108524 [Note] Slave I/O thread: Start semi-sync replication to master 'repl@10.80.88.35:3306' in log 'mysql-bin.000408' at position 391
2020-08-14 22:35:50 108524 [Warning] Storing MySQL user name or password information in the master info repository is not secure and is therefore not recommended. Please consider using the USER and PASSWORD connection options for START SLAVE; see the 'START SLAVE Syntax' in the MySQL Manual for more information.
2020-08-14 22:35:50 108524 [Note] Slave I/O thread: connected to master 'repl@10.80.88.35:3306',replication started in log 'mysql-bin.000408' at position 391
2020-08-14 22:35:50 108524 [Note] Slave SQL thread initialized, starting replication in log 'mysql-bin.000408' at position 391, relay log './mysql-relay.000010' position: 401
2020-08-26 10:50:24 108524 [Warning] 'proxies_priv' entry '@ root@rds151163155.cloud.st4' ignored in --skip-name-resolve mode.
200908 14:21:39 mysqld_safe Starting mysqld daemon with databases from /app/mysql/
2020-09-08 14:21:40 11467 [Note] Plugin 'FEDERATED' is disabled.
2020-09-08 14:21:40 11467 [Note] InnoDB: Using atomics to ref count buffer pool pages
2020-09-08 14:21:40 11467 [Note] InnoDB: The InnoDB memory heap is disabled
2020-09-08 14:21:40 11467 [Note] InnoDB: Mutexes and rw_locks use GCC atomic builtins
2020-09-08 14:21:40 11467 [Note] InnoDB: Compressed tables use zlib 1.2.3
2020-09-08 14:21:40 11467 [Note] InnoDB: Using Linux native AIO
2020-09-08 14:21:40 11467 [Note] InnoDB: Using CPU crc32 instructions
2020-09-08 14:21:40 11467 [Note] InnoDB: Initializing buffer pool, size = 16.0G
2020-09-08 14:21:41 11467 [Note] InnoDB: Completed initialization of buffer pool
2020-09-08 14:21:41 11467 [Note] InnoDB: Highest supported file format is Barracuda.
2020-09-08 14:21:41 11467 [Note] InnoDB: Log scan progressed past the checkpoint lsn 1201226671099
2020-09-08 14:21:41 11467 [Note] InnoDB: Database was not shutdown normally!
2020-09-08 14:21:41 11467 [Note] InnoDB: Starting crash recovery.
2020-09-08 14:21:41 11467 [Note] InnoDB: Reading tablespace information from the .ibd files...
2020-09-08 14:21:45 11467 [Note] InnoDB: Restoring possible half-written data pages 
2020-09-08 14:21:45 11467 [Note] InnoDB: from the doublewrite buffer...
InnoDB: Doing recovery: scanned up to log sequence number 1201226819528
2020-09-08 14:21:46 11467 [Note] InnoDB: Starting an apply batch of log records to the database...
InnoDB: Progress in percent: 1 2 3 4 5 6 7 8 9 10 11 12 13 14 15 16 17 18 19 20 21 22 23 24 25 26 27 28 29 30 31 32 33 34 35 36 37 38 39 40 41 42 43 44 45 46 47 48 49 50 51 52 53 54 55 56 57 58 59 60 61 62 63 64 65 66 67 68 69 70 71 72 73 74 75 76 77 78 79 80 81 82 83 84 85 86 87 88 89 90 91 92 93 94 95 96 97 98 99 
InnoDB: Apply batch completed
InnoDB: Last MySQL binlog file position 0 837227156, file name mysql-bin.000162
2020-09-08 14:21:48 11467 [Note] InnoDB: 128 rollback segment(s) are active.
2020-09-08 14:21:48 11467 [Note] InnoDB: Waiting for purge to start
2020-09-08 14:21:48 11467 [Note] InnoDB: 5.6.16 started; log sequence number 1201226819528
2020-09-08 14:21:48 7f5624f45700 InnoDB: Loading buffer pool(s) from .//ib_buffer_pool
2020-09-08 14:21:48 11467 [Note] Semi-sync replication initialized for transactions.
2020-09-08 14:21:48 11467 [Note] Semi-sync replication enabled on the master.
2020-09-08 14:21:48 11467 [Note] Recovering after a crash using mysql-bin
2020-09-08 14:21:53 11467 [Note] Starting crash recovery...
2020-09-08 14:21:53 11467 [Note] Crash recovery finished.
2020-09-08 14:21:55 11467 [Note] Server hostname (bind-address): '*'; port: 3306
2020-09-08 14:21:55 11467 [Note] IPv6 is available.
2020-09-08 14:21:55 11467 [Note]   - '::' resolves to '::';
2020-09-08 14:21:55 11467 [Note] Server socket created on IP: '::'.
2020-09-08 14:21:55 11467 [Warning] 'proxies_priv' entry '@ root@rds151163155.cloud.st4' ignored in --skip-name-resolve mode.
2020-09-08 14:21:57 11467 [Warning] Recovery from master pos 267581574 and file mysql-bin.001042.
2020-09-08 14:21:57 11467 [Note] Slave I/O thread: Start semi-sync replication to master 'repl@10.80.88.35:3306' in log 'mysql-bin.001042' at position 267581574
2020-09-08 14:21:57 11467 [Warning] Storing MySQL user name or password information in the master info repository is not secure and is therefore not recommended. Please consider using the USER and PASSWORD connection options for START SLAVE; see the 'START SLAVE Syntax' in the MySQL Manual for more information.
2020-09-08 14:21:57 11467 [Note] Slave I/O thread: connected to master 'repl@10.80.88.35:3306',replication started in log 'mysql-bin.001042' at position 267581574
2020-09-08 14:21:57 11467 [Note] Slave SQL thread initialized, starting replication in log 'mysql-bin.001042' at position 267581574, relay log './mysql-relay.001280' position: 4
2020-09-08 14:21:57 11467 [Note] Event Scheduler: Loaded 0 events
2020-09-08 14:21:57 11467 [Note] /usr/local/mysql/bin/mysqld: ready for connections.
Version: '5.6.16-log'  socket: '/app/mysql/mysql.sock'  port: 3306  MySQL Community Server (GPL)
2020-09-08 14:22:05 11467 [Warning] Timeout waiting for reply of binlog (file: mysql-bin.000163, pos: 1099), semi-sync up to file , position 0.
2020-09-08 14:22:05 11467 [Note] Semi-sync replication switched OFF.
2020-09-08 14:45:12 7f5624f45700 InnoDB: Buffer pool(s) load completed at 200908 14:45:12
2020-12-18 21:45:14 11467 [ERROR] /usr/local/mysql/bin/mysqld: Sort aborted: Query execution was interrupted
2021-01-15 22:07:01 11467 [ERROR] /usr/local/mysql/bin/mysqld: Sort aborted: Query execution was interrupted
2021-01-30 11:13:24 11467 [ERROR] /usr/local/mysql/bin/mysqld: Sort aborted: Query execution was interrupted
2021-02-02 14:16:54 11467 [ERROR] /usr/local/mysql/bin/mysqld: Sort aborted: Query execution was interrupted
2021-02-25 20:56:45 11467 [ERROR] /usr/local/mysql/bin/mysqld: Sort aborted: Query execution was interrupted
2021-02-25 20:56:56 11467 [ERROR] /usr/local/mysql/bin/mysqld: Sort aborted: Query execution was interrupted
2021-02-25 20:57:08 11467 [ERROR] /usr/local/mysql/bin/mysqld: Sort aborted: Query execution was interrupted
2021-02-26 20:18:06 11467 [ERROR] /usr/local/mysql/bin/mysqld: Sort aborted: Query execution was interrupted
2021-04-01 16:27:21 11467 [ERROR] /usr/local/mysql/bin/mysqld: Sort aborted: Query execution was interrupted
2021-04-16 15:38:54 11467 [ERROR] /usr/local/mysql/bin/mysqld: Sort aborted: Query execution was interrupted
2021-04-16 16:00:14 11467 [ERROR] /usr/local/mysql/bin/mysqld: Sort aborted: Query execution was interrupted
2021-06-03 09:27:55 11467 [Warning] 'proxies_priv' entry '@ root@rds151163155.cloud.st4' ignored in --skip-name-resolve mode.
2021-06-03 17:05:43 11467 [ERROR] Slave SQL: Error 'Operation CREATE USER failed for 'yqong'@'%'' on query. Default database: ''. Query: 'CREATE USER 'yqong'@'%' IDENTIFIED BY PASSWORD '*1902A62B97DD8C96BECDDB9665ADD847A033A5F1'', Error_code: 1396
2021-06-03 17:05:43 11467 [Warning] Slave: Operation CREATE USER failed for 'yqong'@'%' Error_code: 1396
2021-06-03 17:05:43 11467 [ERROR] Error running query, slave SQL thread aborted. Fix the problem, and restart the slave SQL thread with "SLAVE START". We stopped at log 'mysql-bin.005493' position 70051557
2021-06-03 17:30:08 11467 [ERROR] Error reading packet from server: Lost connection to MySQL server during query ( server_errno=2013)
2021-06-03 17:30:08 11467 [Note] Slave I/O thread killed while reading event
2021-06-03 17:30:08 11467 [Note] Slave I/O thread exiting, read up to log 'mysql-bin.005493', position 150416545
2021-06-03 17:30:32 11467 [Note] Slave I/O thread: Start semi-sync replication to master 'repl@10.80.88.35:3306' in log 'mysql-bin.005493' at position 150416545
2021-06-03 17:30:32 11467 [Note] Slave SQL thread initialized, starting replication in log 'mysql-bin.005493' at position 70051557, relay log './mysql-relay.010201' position: 70051567
2021-06-03 17:30:32 11467 [ERROR] Slave SQL: Error 'Operation CREATE USER failed for 'yqong'@'%'' on query. Default database: ''. Query: 'CREATE USER 'yqong'@'%' IDENTIFIED BY PASSWORD '*1902A62B97DD8C96BECDDB9665ADD847A033A5F1'', Error_code: 1396
2021-06-03 17:30:32 11467 [Warning] Slave: Operation CREATE USER failed for 'yqong'@'%' Error_code: 1396
2021-06-03 17:30:32 11467 [ERROR] Error running query, slave SQL thread aborted. Fix the problem, and restart the slave SQL thread with "SLAVE START". We stopped at log 'mysql-bin.005493' position 70051557
2021-06-03 17:30:32 11467 [Warning] Storing MySQL user name or password information in the master info repository is not secure and is therefore not recommended. Please consider using the USER and PASSWORD connection options for START SLAVE; see the 'START SLAVE Syntax' in the MySQL Manual for more information.
2021-06-03 17:30:32 11467 [Note] Slave I/O thread: connected to master 'repl@10.80.88.35:3306',replication started in log 'mysql-bin.005493' at position 150416545
2021-06-03 17:31:03 11467 [Note] Slave SQL thread initialized, starting replication in log 'mysql-bin.005493' at position 70051557, relay log './mysql-relay.010201' position: 70051567
2021-06-03 17:31:03 11467 [ERROR] Slave SQL: Error 'Operation CREATE USER failed for 'yqong'@'%'' on query. Default database: ''. Query: 'CREATE USER 'yqong'@'%' IDENTIFIED BY PASSWORD '*1902A62B97DD8C96BECDDB9665ADD847A033A5F1'', Error_code: 1396
2021-06-03 17:31:03 11467 [Warning] Slave: Operation CREATE USER failed for 'yqong'@'%' Error_code: 1396
2021-06-03 17:31:03 11467 [ERROR] Error running query, slave SQL thread aborted. Fix the problem, and restart the slave SQL thread with "SLAVE START". We stopped at log 'mysql-bin.005493' position 70051557
2021-06-03 17:31:20 11467 [ERROR] Error reading packet from server: Lost connection to MySQL server during query ( server_errno=2013)
2021-06-03 17:31:20 11467 [Note] Slave I/O thread killed while reading event
2021-06-03 17:31:20 11467 [Note] Slave I/O thread exiting, read up to log 'mysql-bin.005493', position 159912238
2021-06-03 17:32:48 11467 [Note] Slave I/O thread: Start semi-sync replication to master 'repl@10.80.88.35:3306' in log 'mysql-bin.005493' at position 159912238
2021-06-03 17:32:48 11467 [Warning] Storing MySQL user name or password information in the master info repository is not secure and is therefore not recommended. Please consider using the USER and PASSWORD connection options for START SLAVE; see the 'START SLAVE Syntax' in the MySQL Manual for more information.
2021-06-03 17:32:48 11467 [Note] Slave I/O thread: connected to master 'repl@10.80.88.35:3306',replication started in log 'mysql-bin.005493' at position 159912238
2021-06-03 17:32:48 11467 [Note] Slave SQL thread initialized, starting replication in log 'mysql-bin.005493' at position 70051557, relay log './mysql-relay.010201' position: 70051567
2021-06-03 17:32:48 11467 [ERROR] Slave SQL: Error 'Operation CREATE USER failed for 'yqong'@'%'' on query. Default database: ''. Query: 'CREATE USER 'yqong'@'%' IDENTIFIED BY PASSWORD '*1902A62B97DD8C96BECDDB9665ADD847A033A5F1'', Error_code: 1396
2021-06-03 17:32:48 11467 [Warning] Slave: Operation CREATE USER failed for 'yqong'@'%' Error_code: 1396
2021-06-03 17:32:48 11467 [ERROR] Error running query, slave SQL thread aborted. Fix the problem, and restart the slave SQL thread with "SLAVE START". We stopped at log 'mysql-bin.005493' position 70051557
2021-06-03 17:33:35 11467 [ERROR] Error reading packet from server: Lost connection to MySQL server during query ( server_errno=2013)
2021-06-03 17:33:35 11467 [Note] Slave I/O thread killed while reading event
2021-06-03 17:33:35 11467 [Note] Slave I/O thread exiting, read up to log 'mysql-bin.005493', position 165192284
2021-06-03 17:33:53 11467 [Note] Slave I/O thread: Start semi-sync replication to master 'repl@10.80.88.35:3306' in log 'mysql-bin.005493' at position 165192284
2021-06-03 17:33:53 11467 [Warning] Storing MySQL user name or password information in the master info repository is not secure and is therefore not recommended. Please consider using the USER and PASSWORD connection options for START SLAVE; see the 'START SLAVE Syntax' in the MySQL Manual for more information.
2021-06-03 17:33:53 11467 [Note] Slave I/O thread: connected to master 'repl@10.80.88.35:3306',replication started in log 'mysql-bin.005493' at position 165192284
2021-06-03 17:33:53 11467 [Note] Slave SQL thread initialized, starting replication in log 'mysql-bin.005493' at position 70051557, relay log './mysql-relay.010201' position: 70051567
2021-06-03 17:33:53 11467 [ERROR] Slave SQL: Error 'Operation CREATE USER failed for 'yqong'@'%'' on query. Default database: ''. Query: 'CREATE USER 'yqong'@'%' IDENTIFIED BY PASSWORD '*1902A62B97DD8C96BECDDB9665ADD847A033A5F1'', Error_code: 1396
2021-06-03 17:33:53 11467 [Warning] Slave: Operation CREATE USER failed for 'yqong'@'%' Error_code: 1396
2021-06-03 17:33:53 11467 [ERROR] Error running query, slave SQL thread aborted. Fix the problem, and restart the slave SQL thread with "SLAVE START". We stopped at log 'mysql-bin.005493' position 70051557
2021-06-03 17:36:23 11467 [ERROR] Error reading packet from server: Lost connection to MySQL server during query ( server_errno=2013)
2021-06-03 17:36:23 11467 [Note] Slave I/O thread killed while reading event
2021-06-03 17:36:23 11467 [Note] Slave I/O thread exiting, read up to log 'mysql-bin.005493', position 174953108
2021-06-03 17:36:26 11467 [Note] Slave I/O thread: Start semi-sync replication to master 'repl@10.80.88.35:3306' in log 'mysql-bin.005493' at position 174953108
2021-06-03 17:36:26 11467 [Warning] Storing MySQL user name or password information in the master info repository is not secure and is therefore not recommended. Please consider using the USER and PASSWORD connection options for START SLAVE; see the 'START SLAVE Syntax' in the MySQL Manual for more information.
2021-06-03 17:36:26 11467 [Note] Slave I/O thread: connected to master 'repl@10.80.88.35:3306',replication started in log 'mysql-bin.005493' at position 174953108
2021-06-03 17:36:26 11467 [Note] Slave SQL thread initialized, starting replication in log 'mysql-bin.005493' at position 70051557, relay log './mysql-relay.010201' position: 70051567
2021-06-03 17:36:26 11467 [ERROR] Slave SQL: Error 'Operation CREATE USER failed for 'yqong'@'%'' on query. Default database: ''. Query: 'CREATE USER 'yqong'@'%' IDENTIFIED BY PASSWORD '*1902A62B97DD8C96BECDDB9665ADD847A033A5F1'', Error_code: 1396
2021-06-03 17:36:26 11467 [Warning] Slave: Operation CREATE USER failed for 'yqong'@'%' Error_code: 1396
2021-06-03 17:36:26 11467 [ERROR] Error running query, slave SQL thread aborted. Fix the problem, and restart the slave SQL thread with "SLAVE START". We stopped at log 'mysql-bin.005493' position 70051557
2021-06-03 17:37:27 11467 [ERROR] Error reading packet from server: Lost connection to MySQL server during query ( server_errno=2013)
2021-06-03 17:37:27 11467 [Note] Slave I/O thread killed while reading event
2021-06-03 17:37:27 11467 [Note] Slave I/O thread exiting, read up to log 'mysql-bin.005493', position 176637051
2021-06-03 17:38:11 11467 [Note] Slave I/O thread: Start semi-sync replication to master 'repl@10.80.88.35:3306' in log 'mysql-bin.005493' at position 176637051
2021-06-03 17:38:11 11467 [Warning] Storing MySQL user name or password information in the master info repository is not secure and is therefore not recommended. Please consider using the USER and PASSWORD connection options for START SLAVE; see the 'START SLAVE Syntax' in the MySQL Manual for more information.
2021-06-03 17:38:11 11467 [Note] Slave I/O thread: connected to master 'repl@10.80.88.35:3306',replication started in log 'mysql-bin.005493' at position 176637051
2021-06-03 17:38:11 11467 [Note] Slave SQL thread initialized, starting replication in log 'mysql-bin.005493' at position 70051557, relay log './mysql-relay.010201' position: 70051567
2021-06-03 17:38:11 11467 [ERROR] Slave SQL: Error 'Operation CREATE USER failed for 'yqong'@'%'' on query. Default database: ''. Query: 'CREATE USER 'yqong'@'%' IDENTIFIED BY PASSWORD '*1902A62B97DD8C96BECDDB9665ADD847A033A5F1'', Error_code: 1396
2021-06-03 17:38:11 11467 [Warning] Slave: Operation CREATE USER failed for 'yqong'@'%' Error_code: 1396
2021-06-03 17:38:11 11467 [ERROR] Error running query, slave SQL thread aborted. Fix the problem, and restart the slave SQL thread with "SLAVE START". We stopped at log 'mysql-bin.005493' position 70051557
2021-06-03 17:39:16 11467 [ERROR] Error reading packet from server: Lost connection to MySQL server during query ( server_errno=2013)
2021-06-03 17:39:16 11467 [Note] Slave I/O thread killed while reading event
2021-06-03 17:39:16 11467 [Note] Slave I/O thread exiting, read up to log 'mysql-bin.005493', position 179884839
2021-06-03 17:39:41 11467 [Note] Slave I/O thread: Start semi-sync replication to master 'repl@10.80.88.35:3306' in log 'mysql-bin.005493' at position 179884839
2021-06-03 17:39:41 11467 [Warning] Storing MySQL user name or password information in the master info repository is not secure and is therefore not recommended. Please consider using the USER and PASSWORD connection options for START SLAVE; see the 'START SLAVE Syntax' in the MySQL Manual for more information.
2021-06-03 17:39:41 11467 [Note] Slave I/O thread: connected to master 'repl@10.80.88.35:3306',replication started in log 'mysql-bin.005493' at position 179884839
2021-06-03 17:39:41 11467 [Note] Slave SQL thread initialized, starting replication in log 'mysql-bin.005493' at position 70051557, relay log './mysql-relay.010201' position: 70051567
2021-06-30 13:39:22 11467 [Warning] 'proxies_priv' entry '@ root@rds151163155.cloud.st4' ignored in --skip-name-resolve mode.
2021-06-30 13:40:10 11467 [Warning] 'proxies_priv' entry '@ root@rds151163155.cloud.st4' ignored in --skip-name-resolve mode.
2021-06-30 14:12:00 11467 [Warning] 'proxies_priv' entry '@ root@rds151163155.cloud.st4' ignored in --skip-name-resolve mode.
2021-06-30 14:12:13 11467 [Warning] 'proxies_priv' entry '@ root@rds151163155.cloud.st4' ignored in --skip-name-resolve mode.
2021-06-30 14:12:22 11467 [Warning] 'proxies_priv' entry '@ root@rds151163155.cloud.st4' ignored in --skip-name-resolve mode.
