******************** MySQL--localhost--3306 ***********************
--------------
mysql  Ver 14.14 Distrib 5.7.24, for linux-glibc2.12 (x86_64) using  EditLine wrapper

Connection id:		8403886
Current database:	
Current user:		root@localhost
SSL:			Not in use
Current pager:		stdout
Using outfile:		''
Using delimiter:	;
Server version:		5.7.24-log MySQL Community Server (GPL)
Protocol version:	10
Connection:		Localhost via UNIX socket
Server characterset:	utf8mb4
Db     characterset:	utf8mb4
Client characterset:	utf8mb4
Conn.  characterset:	utf8mb4
UNIX socket:		/data/mysql/data/mysql.sock
Uptime:			316 days 23 hours 41 min 36 sec

Threads: 127  Questions: 3693002949  Slow queries: 28796  Opens: 53384918  Flush tables: 48  Open tables: 2000  Queries per second avg: 134.841
--------------

                             basedir :	/usr/local/mysql/
                             datadir :	/data/mysql/data/
                                     :	          
               ####Business info#### :	          
                       Database size :	bjpt_cx 30.948 GB db_monitor 0.056 GB sys 0.000 GB
                       Tables counts :	bjpt_cx 4 db_monitor 1 sys 101
                      Engines counts :	NULL 100 InnoDB 6
                 Top 10 of big table :	cxt_transaction_index 151417739 accesslog 791156 cxm_process_config 12006 cxm_basis_config 119 sys_config 6 cxm_url_config 0 schema_table_lock_waits NULL x$user_summary_by_file_io NULL x$innodb_buffer_stats_by_schema NULL x$schema_table_statistics NULL
        Top 10 of auto increment num :	cxt_transaction_index 678576138 accesslog 1126639 cxm_process_config 56672 cxm_basis_config 195 cxm_url_config 1
                                     :	          
              ####Runtime status#### :	          
                   Threads connected :	   127.00 
                                 QPS :	   132.84 
                                 TPS :	     4.54 
                               Reads :	2440166998.00 
                              Writes :	700465511.00 
                   Read/Writes Ratio :	  348.36% 
   MyISAM Key buffer read hits(>99%) :	  100.00% 
        MyISAM Key buffer write hits :	    NULL% 
                    Query cache hits :	    NULL% 
       InnoDB buffer read hits(>95%) :	  100.00% 
             Thread cache hits(>90%) :	   99.95% 
             Slow queries per second :	     0.00 
         Select full join per second :	     1.00 
      Select full join in all select :	    0.02% 
         MyiSAM lock contention(<1%) :	    0.00% 
           Temp tables to disk ratio :	    9.42% 
No innodb tables
No primary key tables
password equals user
Global status:
Aborted_clients	2228
Aborted_connects	23
Binlog_cache_disk_use	4
Binlog_cache_use	700460823
Binlog_stmt_cache_disk_use	0
Binlog_stmt_cache_use	66
Bytes_received	653439995603
Bytes_sent	3252100228615
Com_admin_commands	54934354
Com_assign_to_keycache	0
Com_alter_db	0
Com_alter_db_upgrade	0
Com_alter_event	0
Com_alter_function	0
Com_alter_instance	0
Com_alter_procedure	0
Com_alter_server	0
Com_alter_table	7
Com_alter_tablespace	0
Com_alter_user	0
Com_analyze	0
Com_begin	0
Com_binlog	0
Com_call_procedure	0
Com_change_db	211
Com_change_master	0
Com_change_repl_filter	0
Com_check	0
Com_checksum	0
Com_commit	124297144
Com_create_db	2
Com_create_event	1
Com_create_function	0
Com_create_index	0
Com_create_procedure	0
Com_create_server	0
Com_create_table	143
Com_create_trigger	0
Com_create_udf	0
Com_create_user	7
Com_create_view	0
Com_dealloc_sql	0
Com_delete	2
Com_delete_multi	0
Com_do	0
Com_drop_db	0
Com_drop_event	0
Com_drop_function	0
Com_drop_index	0
Com_drop_procedure	0
Com_drop_server	0
Com_drop_table	0
Com_drop_trigger	0
Com_drop_user	1
Com_drop_view	0
Com_empty_query	0
Com_execute_sql	0
Com_explain_other	0
Com_flush	140
Com_get_diagnostics	0
Com_grant	46
Com_ha_close	0
Com_ha_open	0
Com_ha_read	0
Com_help	0
Com_insert	679707553
Com_insert_select	0
Com_install_plugin	0
Com_kill	0
Com_load	0
Com_lock_tables	0
Com_optimize	0
Com_preload_keys	0
Com_prepare_sql	0
Com_purge	0
Com_purge_before_date	0
Com_release_savepoint	0
Com_rename_table	0
Com_rename_user	0
Com_repair	0
Com_replace	0
Com_replace_select	0
Com_reset	0
Com_resignal	0
Com_revoke	0
Com_revoke_all	0
Com_rollback	102
Com_rollback_to_savepoint	0
Com_savepoint	0
Com_select	2440167046
Com_set_option	258736136
Com_signal	0
Com_show_binlog_events	0
Com_show_binlogs	455684
Com_show_charsets	1
Com_show_collations	0
Com_show_create_db	0
Com_show_create_event	0
Com_show_create_func	0
Com_show_create_proc	0
Com_show_create_table	9
Com_show_create_trigger	0
Com_show_databases	50
Com_show_engine_logs	0
Com_show_engine_mutex	0
Com_show_engine_status	47
Com_show_events	0
Com_show_errors	0
Com_show_fields	61
Com_show_function_code	0
Com_show_function_status	20
Com_show_grants	3
Com_show_keys	0
Com_show_master_status	20758061
Com_show_open_tables	0
Com_show_plugins	47
Com_show_privileges	0
Com_show_procedure_code	0
Com_show_procedure_status	20
Com_show_processlist	5
Com_show_profile	0
Com_show_profiles	0
Com_show_relaylog_events	0
Com_show_slave_hosts	0
Com_show_slave_status	26224975
Com_show_status	27333808
Com_show_storage_engines	2
Com_show_table_status	5
Com_show_tables	62
Com_show_triggers	0
Com_show_variables	1430590
Com_show_warnings	2462577
Com_show_create_user	0
Com_shutdown	0
Com_slave_start	0
Com_slave_stop	0
Com_group_replication_start	0
Com_group_replication_stop	0
Com_stmt_execute	329
Com_stmt_close	94
Com_stmt_fetch	0
Com_stmt_prepare	188
Com_stmt_reset	0
Com_stmt_send_long_data	0
Com_truncate	1
Com_uninstall_plugin	0
Com_unlock_tables	47
Com_update	20757969
Com_update_multi	0
Com_xa_commit	0
Com_xa_end	0
Com_xa_prepare	0
Com_xa_recover	0
Com_xa_rollback	0
Com_xa_start	0
Com_stmt_reprepare	47
Connection_errors_accept	0
Connection_errors_internal	0
Connection_errors_max_connections	0
Connection_errors_peer_address	0
Connection_errors_select	0
Connection_errors_tcpwrap	0
Connections	8403891
Created_tmp_disk_tables	27344615
Created_tmp_files	18
Created_tmp_tables	290414055
Delayed_errors	0
Delayed_insert_threads	0
Delayed_writes	0
Flush_commands	48
Handler_commit	2828419830
Handler_delete	12219
Handler_discover	0
Handler_external_lock	4362297357
Handler_mrr_init	0
Handler_prepare	1400921648
Handler_read_first	8661596
Handler_read_key	2111600255
Handler_read_last	0
Handler_read_next	533809388
Handler_read_prev	0
Handler_read_rnd	388
Handler_read_rnd_next	32892325690
Handler_rollback	4372
Handler_savepoint	0
Handler_savepoint_rollback	0
Handler_update	651040669
Handler_write	18346785633
Innodb_buffer_pool_dump_status	Buffer pool(s) dump completed at 210710 21:32:45
Innodb_buffer_pool_load_status	Buffer pool(s) load completed at 200901 17:34:02
Innodb_buffer_pool_resize_status	Completed resizing buffer pool at 200902 16:11:14.
Innodb_buffer_pool_pages_data	647063
Innodb_buffer_pool_bytes_data	10601480192
Innodb_buffer_pool_pages_dirty	27894
Innodb_buffer_pool_bytes_dirty	457015296
Innodb_buffer_pool_pages_flushed	121460836
Innodb_buffer_pool_pages_free	8180
Innodb_buffer_pool_pages_misc	117
Innodb_buffer_pool_pages_total	655360
Innodb_buffer_pool_read_ahead_rnd	0
Innodb_buffer_pool_read_ahead	0
Innodb_buffer_pool_read_ahead_evicted	0
Innodb_buffer_pool_read_requests	27304435724
Innodb_buffer_pool_reads	6505
Innodb_buffer_pool_wait_free	0
Innodb_buffer_pool_write_requests	9302251858
Innodb_data_fsyncs	794141993
Innodb_data_pending_fsyncs	0
Innodb_data_pending_reads	0
Innodb_data_pending_writes	0
Innodb_data_read	109531648
Innodb_data_reads	6727
Innodb_data_writes	878692974
Innodb_data_written	5321609728512
Innodb_dblwr_pages_written	118197930
Innodb_dblwr_writes	35389676
Innodb_log_waits	0
Innodb_log_write_requests	1089489596
Innodb_log_writes	719489768
Innodb_os_log_fsyncs	721555915
Innodb_os_log_pending_fsyncs	0
Innodb_os_log_pending_writes	0
Innodb_os_log_written	1394052412928
Innodb_page_size	16384
Innodb_pages_created	17558809
Innodb_pages_read	6680
Innodb_pages_written	121460836
Innodb_row_lock_current_waits	0
Innodb_row_lock_time	0
Innodb_row_lock_time_avg	0
Innodb_row_lock_time_max	0
Innodb_row_lock_waits	0
Innodb_rows_deleted	15191
Innodb_rows_inserted	2873004342
Innodb_rows_read	3507246637
Innodb_rows_updated	20772981
Innodb_num_open_files	55
Innodb_truncated_status_writes	0
Innodb_available_undo_logs	128
Key_blocks_not_flushed	0
Key_blocks_unused	6696
Key_blocks_used	2
Key_read_requests	216692
Key_reads	2
Key_write_requests	0
Key_writes	0
Locked_connects	0
Max_execution_time_exceeded	0
Max_execution_time_set	0
Max_execution_time_set_failed	0
Max_used_connections	292
Max_used_connections_time	2020-10-30 22:38:08
Not_flushed_delayed_rows	0
Ongoing_anonymous_transaction_count	0
Open_files	73
Open_streams	0
Open_table_definitions	228
Open_tables	2000
Opened_files	68875626
Opened_table_definitions	10921
Opened_tables	53384919
Performance_schema_accounts_lost	0
Performance_schema_cond_classes_lost	0
Performance_schema_cond_instances_lost	0
Performance_schema_digest_lost	0
Performance_schema_file_classes_lost	0
Performance_schema_file_handles_lost	0
Performance_schema_file_instances_lost	3
Performance_schema_hosts_lost	0
Performance_schema_index_stat_lost	0
Performance_schema_locker_lost	0
Performance_schema_memory_classes_lost	0
Performance_schema_metadata_lock_lost	0
Performance_schema_mutex_classes_lost	0
Performance_schema_mutex_instances_lost	0
Performance_schema_nested_statement_lost	0
Performance_schema_prepared_statements_lost	0
Performance_schema_program_lost	0
Performance_schema_rwlock_classes_lost	0
Performance_schema_rwlock_instances_lost	0
Performance_schema_session_connect_attrs_lost	0
Performance_schema_socket_classes_lost	0
Performance_schema_socket_instances_lost	0
Performance_schema_stage_classes_lost	0
Performance_schema_statement_classes_lost	0
Performance_schema_table_handles_lost	0
Performance_schema_table_instances_lost	0
Performance_schema_table_lock_stat_lost	0
Performance_schema_thread_classes_lost	0
Performance_schema_thread_instances_lost	0
Performance_schema_users_lost	0
Prepared_stmt_count	0
Qcache_free_blocks	0
Qcache_free_memory	0
Qcache_hits	0
Qcache_inserts	0
Qcache_lowmem_prunes	0
Qcache_not_cached	0
Qcache_queries_in_cache	0
Qcache_total_blocks	0
Queries	3693002966
Questions	3638068374
Rpl_semi_sync_master_clients	2
Rpl_semi_sync_master_net_avg_wait_time	0
Rpl_semi_sync_master_net_wait_time	0
Rpl_semi_sync_master_net_waits	1386937403
Rpl_semi_sync_master_no_times	0
Rpl_semi_sync_master_no_tx	0
Rpl_semi_sync_master_status	ON
Rpl_semi_sync_master_timefunc_failures	0
Rpl_semi_sync_master_tx_avg_wait_time	583
Rpl_semi_sync_master_tx_wait_time	404837042388
Rpl_semi_sync_master_tx_waits	693531867
Rpl_semi_sync_master_wait_pos_backtraverse	0
Rpl_semi_sync_master_wait_sessions	0
Rpl_semi_sync_master_yes_tx	693627192
Rpl_semi_sync_slave_status	OFF
Select_full_join	455687
Select_full_range_join	0
Select_range	0
Select_range_check	0
Select_scan	124596781
Slave_open_temp_tables	0
Slow_launch_threads	0
Slow_queries	28796
Sort_merge_passes	0
Sort_range	0
Sort_rows	388
Sort_scan	39
Ssl_accept_renegotiates	0
Ssl_accepts	0
Ssl_callback_cache_hits	0
Ssl_cipher	
Ssl_cipher_list	
Ssl_client_connects	0
Ssl_connect_renegotiates	0
Ssl_ctx_verify_depth	0
Ssl_ctx_verify_mode	0
Ssl_default_timeout	0
Ssl_finished_accepts	0
Ssl_finished_connects	0
Ssl_server_not_after	
Ssl_server_not_before	
Ssl_session_cache_hits	0
Ssl_session_cache_misses	0
Ssl_session_cache_mode	NONE
Ssl_session_cache_overflows	0
Ssl_session_cache_size	0
Ssl_session_cache_timeouts	0
Ssl_sessions_reused	0
Ssl_used_session_cache_entries	0
Ssl_verify_depth	0
Ssl_verify_mode	0
Ssl_version	
Table_locks_immediate	53181432
Table_locks_waited	0
Table_open_cache_hits	2446922429
Table_open_cache_misses	53384919
Table_open_cache_overflows	53290045
Tc_log_max_pages_used	0
Tc_log_page_size	0
Tc_log_page_waits	0
Threads_cached	13
Threads_connected	127
Threads_created	4538
Threads_running	3
Uptime	27387696
Uptime_since_flush_status	27387696
Replication status:
Global variables:
auto_increment_increment	1
auto_increment_offset	1
autocommit	ON
automatic_sp_privileges	ON
avoid_temporal_upgrade	OFF
back_log	250
basedir	/usr/local/mysql/
big_tables	OFF
bind_address	*
binlog_cache_size	32768
binlog_checksum	CRC32
binlog_direct_non_transactional_updates	OFF
binlog_error_action	ABORT_SERVER
binlog_format	ROW
binlog_group_commit_sync_delay	0
binlog_group_commit_sync_no_delay_count	0
binlog_gtid_simple_recovery	ON
binlog_max_flush_queue_time	0
binlog_order_commits	ON
binlog_row_image	FULL
binlog_rows_query_log_events	ON
binlog_stmt_cache_size	32768
binlog_transaction_dependency_history_size	25000
binlog_transaction_dependency_tracking	COMMIT_ORDER
block_encryption_mode	aes-128-ecb
bulk_insert_buffer_size	8388608
character_set_client	utf8mb4
character_set_connection	utf8mb4
character_set_database	utf8mb4
character_set_filesystem	binary
character_set_results	utf8mb4
character_set_server	utf8mb4
character_set_system	utf8
character_sets_dir	/usr/local/mysql/share/charsets/
check_proxy_users	OFF
collation_connection	utf8mb4_general_ci
collation_database	utf8mb4_general_ci
collation_server	utf8mb4_general_ci
completion_type	NO_CHAIN
concurrent_insert	AUTO
connect_timeout	10
core_file	OFF
datadir	/data/mysql/data/
date_format	%Y-%m-%d
datetime_format	%Y-%m-%d %H:%i:%s
default_authentication_plugin	mysql_native_password
default_password_lifetime	0
default_storage_engine	InnoDB
default_tmp_storage_engine	InnoDB
default_week_format	0
delay_key_write	ON
delayed_insert_limit	100
delayed_insert_timeout	300
delayed_queue_size	1000
disabled_storage_engines	
disconnect_on_expired_password	ON
div_precision_increment	4
end_markers_in_json	OFF
enforce_gtid_consistency	ON
eq_range_index_dive_limit	200
event_scheduler	OFF
expire_logs_days	14
explicit_defaults_for_timestamp	ON
flush	OFF
flush_time	0
foreign_key_checks	ON
ft_boolean_syntax	+ -><()~*:""&|
ft_max_word_len	84
ft_min_word_len	4
ft_query_expansion_limit	20
ft_stopword_file	(built-in)
general_log	OFF
general_log_file	/data/mysql/data/10-80-88-66.log
group_concat_max_len	1024
gtid_executed	55fbb062-e770-11ea-9369-005056aa5999:1-700990765
gtid_executed_compression_period	1000
gtid_mode	ON
gtid_owned	
gtid_purged	55fbb062-e770-11ea-9369-005056aa5999:1-673682332
have_compress	YES
have_crypt	YES
have_dynamic_loading	YES
have_geometry	YES
have_openssl	DISABLED
have_profiling	YES
have_query_cache	YES
have_rtree_keys	YES
have_ssl	DISABLED
have_statement_timeout	YES
have_symlink	YES
host_cache_size	653
hostname	10-80-88-66
ignore_builtin_innodb	OFF
ignore_db_dirs	
init_connect	insert into db_monitor.accesslog(thread_id,log_time,localname,matchname) \nvalues(connection_id(),now(),user(),current_user());
init_file	
init_slave	
innodb_adaptive_flushing	ON
innodb_adaptive_flushing_lwm	10
innodb_adaptive_hash_index	ON
innodb_adaptive_hash_index_parts	8
innodb_adaptive_max_sleep_delay	150000
innodb_api_bk_commit_interval	5
innodb_api_disable_rowlock	OFF
innodb_api_enable_binlog	OFF
innodb_api_enable_mdl	OFF
innodb_api_trx_level	0
innodb_autoextend_increment	64
innodb_autoinc_lock_mode	1
innodb_buffer_pool_chunk_size	134217728
innodb_buffer_pool_dump_at_shutdown	ON
innodb_buffer_pool_dump_now	OFF
innodb_buffer_pool_dump_pct	25
innodb_buffer_pool_filename	ib_buffer_pool
innodb_buffer_pool_instances	8
innodb_buffer_pool_load_abort	OFF
innodb_buffer_pool_load_at_startup	ON
innodb_buffer_pool_load_now	OFF
innodb_buffer_pool_size	10737418240
innodb_change_buffer_max_size	25
innodb_change_buffering	all
innodb_checksum_algorithm	innodb
innodb_checksums	ON
innodb_cmp_per_index_enabled	OFF
innodb_commit_concurrency	0
innodb_compression_failure_threshold_pct	5
innodb_compression_level	6
innodb_compression_pad_pct_max	50
innodb_concurrency_tickets	5000
innodb_data_file_path	ibdata1:200M:autoextend
innodb_data_home_dir	
innodb_deadlock_detect	ON
innodb_default_row_format	dynamic
innodb_disable_sort_file_cache	OFF
innodb_doublewrite	ON
innodb_fast_shutdown	1
innodb_file_format	Barracuda
innodb_file_format_check	ON
innodb_file_format_max	Barracuda
innodb_file_per_table	ON
innodb_fill_factor	100
innodb_flush_log_at_timeout	1
innodb_flush_log_at_trx_commit	1
innodb_flush_method	O_DIRECT
innodb_flush_neighbors	1
innodb_flush_sync	ON
innodb_flushing_avg_loops	30
innodb_force_load_corrupted	OFF
innodb_force_recovery	0
innodb_ft_aux_table	
innodb_ft_cache_size	8000000
innodb_ft_enable_diag_print	OFF
innodb_ft_enable_stopword	ON
innodb_ft_max_token_size	84
innodb_ft_min_token_size	3
innodb_ft_num_word_optimize	2000
innodb_ft_result_cache_limit	2000000000
innodb_ft_server_stopword_table	
innodb_ft_sort_pll_degree	2
innodb_ft_total_cache_size	640000000
innodb_ft_user_stopword_table	
innodb_io_capacity	800
innodb_io_capacity_max	2000
innodb_large_prefix	ON
innodb_lock_wait_timeout	5
innodb_locks_unsafe_for_binlog	OFF
innodb_log_buffer_size	16777216
innodb_log_checksums	ON
innodb_log_compressed_pages	ON
innodb_log_file_size	1572864000
innodb_log_files_in_group	2
innodb_log_group_home_dir	./
innodb_log_write_ahead_size	8192
innodb_lru_scan_depth	1024
innodb_max_dirty_pages_pct	75.000000
innodb_max_dirty_pages_pct_lwm	0.000000
innodb_max_purge_lag	0
innodb_max_purge_lag_delay	0
innodb_max_undo_log_size	1073741824
innodb_monitor_disable	
innodb_monitor_enable	
innodb_monitor_reset	
innodb_monitor_reset_all	
innodb_numa_interleave	OFF
innodb_old_blocks_pct	37
innodb_old_blocks_time	1000
innodb_online_alter_log_max_size	134217728
innodb_open_files	2000
innodb_optimize_fulltext_only	OFF
innodb_page_cleaners	4
innodb_page_size	16384
innodb_print_all_deadlocks	ON
innodb_purge_batch_size	300
innodb_purge_rseg_truncate_frequency	128
innodb_purge_threads	4
innodb_random_read_ahead	OFF
innodb_read_ahead_threshold	56
innodb_read_io_threads	4
innodb_read_only	OFF
innodb_replication_delay	0
innodb_rollback_on_timeout	OFF
innodb_rollback_segments	128
innodb_sort_buffer_size	67108864
innodb_spin_wait_delay	6
innodb_stats_auto_recalc	ON
innodb_stats_include_delete_marked	OFF
innodb_stats_method	nulls_equal
innodb_stats_on_metadata	OFF
innodb_stats_persistent	ON
innodb_stats_persistent_sample_pages	20
innodb_stats_sample_pages	8
innodb_stats_transient_sample_pages	8
innodb_status_output	OFF
innodb_status_output_locks	OFF
innodb_strict_mode	ON
innodb_support_xa	ON
innodb_sync_array_size	1
innodb_sync_spin_loops	30
innodb_table_locks	ON
innodb_temp_data_file_path	ibtmp1:12M:autoextend
innodb_thread_concurrency	0
innodb_thread_sleep_delay	10000
innodb_tmpdir	
innodb_undo_directory	./
innodb_undo_log_truncate	OFF
innodb_undo_logs	128
innodb_undo_tablespaces	0
innodb_use_native_aio	ON
innodb_version	5.7.24
innodb_write_io_threads	4
interactive_timeout	28800
internal_tmp_disk_storage_engine	InnoDB
join_buffer_size	8388608
keep_files_on_create	OFF
key_buffer_size	8388608
key_cache_age_threshold	300
key_cache_block_size	1024
key_cache_division_limit	100
keyring_operations	ON
large_files_support	ON
large_page_size	0
large_pages	OFF
lc_messages	en_US
lc_messages_dir	/usr/local/mysql/share/
lc_time_names	en_US
license	GPL
local_infile	ON
lock_wait_timeout	31536000
locked_in_memory	OFF
log_bin	ON
log_bin_basename	/data/mysql/data/mysql-bin
log_bin_index	/data/mysql/data/mysql-bin.index
log_bin_trust_function_creators	ON
log_bin_use_v1_row_events	OFF
log_builtin_as_identified_by_password	OFF
log_error	./mysql-error.log
log_error_verbosity	3
log_output	FILE
log_queries_not_using_indexes	ON
log_slave_updates	ON
log_slow_admin_statements	ON
log_slow_slave_statements	ON
log_statements_unsafe_for_binlog	ON
log_syslog	OFF
log_syslog_facility	daemon
log_syslog_include_pid	ON
log_syslog_tag	
log_throttle_queries_not_using_indexes	10
log_timestamps	SYSTEM
log_warnings	2
long_query_time	2.000000
low_priority_updates	OFF
lower_case_file_system	OFF
lower_case_table_names	1
master_info_repository	TABLE
master_verify_checksum	OFF
max_allowed_packet	33554432
max_binlog_cache_size	18446744073709547520
max_binlog_size	268435456
max_binlog_stmt_cache_size	18446744073709547520
max_connect_errors	100000
max_connections	1000
max_delayed_threads	20
max_digest_length	1024
max_error_count	64
max_execution_time	0
max_heap_table_size	16777216
max_insert_delayed_threads	20
max_join_size	18446744073709551615
max_length_for_sort_data	1024
max_points_in_geometry	65536
max_prepared_stmt_count	16382
max_relay_log_size	0
max_seeks_for_key	18446744073709551615
max_sort_length	1024
max_sp_recursion_depth	0
max_tmp_tables	32
max_user_connections	0
max_write_lock_count	18446744073709551615
metadata_locks_cache_size	1024
metadata_locks_hash_instances	8
min_examined_row_limit	1000
multi_range_count	256
myisam_data_pointer_size	6
myisam_max_sort_file_size	9223372036853727232
myisam_mmap_size	18446744073709551615
myisam_recover_options	OFF
myisam_repair_threads	1
myisam_sort_buffer_size	8388608
myisam_stats_method	nulls_unequal
myisam_use_mmap	OFF
mysql_native_password_proxy_users	OFF
net_buffer_length	16384
net_read_timeout	30
net_retry_count	10
net_write_timeout	60
new	OFF
ngram_token_size	2
offline_mode	OFF
old	OFF
old_alter_table	OFF
old_passwords	0
open_files_limit	65535
optimizer_prune_level	1
optimizer_search_depth	62
optimizer_switch	index_merge=on,index_merge_union=on,index_merge_sort_union=on,index_merge_intersection=on,engine_condition_pushdown=on,index_condition_pushdown=on,mrr=on,mrr_cost_based=on,block_nested_loop=on,batched_key_access=off,materialization=on,semijoin=on,loosescan=on,firstmatch=on,duplicateweedout=on,subquery_materialization_cost_based=on,use_index_extensions=on,condition_fanout_filter=on,derived_merge=on
optimizer_trace	enabled=off,one_line=off
optimizer_trace_features	greedy_search=on,range_optimizer=on,dynamic_range=on,repeated_subselect=on
optimizer_trace_limit	1
optimizer_trace_max_mem_size	16384
optimizer_trace_offset	-1
parser_max_mem_size	18446744073709551615
performance_schema	ON
performance_schema_accounts_size	-1
performance_schema_digests_size	10000
performance_schema_events_stages_history_long_size	10000
performance_schema_events_stages_history_size	10
performance_schema_events_statements_history_long_size	10000
performance_schema_events_statements_history_size	10
performance_schema_events_transactions_history_long_size	10000
performance_schema_events_transactions_history_size	10
performance_schema_events_waits_history_long_size	10000
performance_schema_events_waits_history_size	10
performance_schema_hosts_size	-1
performance_schema_max_cond_classes	80
performance_schema_max_cond_instances	-1
performance_schema_max_digest_length	1024
performance_schema_max_file_classes	80
performance_schema_max_file_handles	32768
performance_schema_max_file_instances	-1
performance_schema_max_index_stat	-1
performance_schema_max_memory_classes	320
performance_schema_max_metadata_locks	-1
performance_schema_max_mutex_classes	210
performance_schema_max_mutex_instances	-1
performance_schema_max_prepared_statements_instances	-1
performance_schema_max_program_instances	-1
performance_schema_max_rwlock_classes	40
performance_schema_max_rwlock_instances	-1
performance_schema_max_socket_classes	10
performance_schema_max_socket_instances	-1
performance_schema_max_sql_text_length	1024
performance_schema_max_stage_classes	150
performance_schema_max_statement_classes	193
performance_schema_max_statement_stack	10
performance_schema_max_table_handles	-1
performance_schema_max_table_instances	-1
performance_schema_max_table_lock_stat	-1
performance_schema_max_thread_classes	50
performance_schema_max_thread_instances	-1
performance_schema_session_connect_attrs_size	512
performance_schema_setup_actors_size	-1
performance_schema_setup_objects_size	-1
performance_schema_users_size	-1
pid_file	/data/mysql/data/mysql.pid
plugin_dir	/usr/local/mysql/lib/plugin/
port	3306
preload_buffer_size	32768
profiling	OFF
profiling_history_size	15
protocol_version	10
query_alloc_block_size	8192
query_cache_limit	1048576
query_cache_min_res_unit	4096
query_cache_size	0
query_cache_type	OFF
query_cache_wlock_invalidate	OFF
query_prealloc_size	8192
range_alloc_block_size	4096
range_optimizer_max_mem_size	8388608
rbr_exec_mode	STRICT
read_buffer_size	8388608
read_only	OFF
read_rnd_buffer_size	8388608
relay_log	mysql-relay.log
relay_log_basename	/data/mysql/data/mysql-relay
relay_log_index	/data/mysql/data/mysql-relay.index
relay_log_info_file	relay-log.info
relay_log_info_repository	TABLE
relay_log_purge	ON
relay_log_recovery	ON
relay_log_space_limit	0
report_host	
report_password	
report_port	3306
report_user	
require_secure_transport	OFF
rpl_semi_sync_master_enabled	ON
rpl_semi_sync_master_timeout	5000
rpl_semi_sync_master_trace_level	32
rpl_semi_sync_master_wait_for_slave_count	1
rpl_semi_sync_master_wait_no_slave	ON
rpl_semi_sync_master_wait_point	AFTER_SYNC
rpl_semi_sync_slave_enabled	ON
rpl_semi_sync_slave_trace_level	32
rpl_stop_slave_timeout	31536000
secure_auth	ON
secure_file_priv	
server_id	88663306
server_id_bits	32
server_uuid	55fbb062-e770-11ea-9369-005056aa5999
session_track_gtids	OFF
session_track_schema	ON
session_track_state_change	OFF
session_track_system_variables	time_zone,autocommit,character_set_client,character_set_results,character_set_connection
session_track_transaction_info	OFF
sha256_password_proxy_users	OFF
show_compatibility_56	OFF
show_create_table_verbosity	OFF
show_old_temporals	OFF
skip_external_locking	ON
skip_name_resolve	ON
skip_networking	OFF
skip_show_database	OFF
slave_allow_batching	OFF
slave_checkpoint_group	512
slave_checkpoint_period	300
slave_compressed_protocol	OFF
slave_exec_mode	STRICT
slave_load_tmpdir	/data/mysql/mysql_tmp
slave_max_allowed_packet	1073741824
slave_net_timeout	60
slave_parallel_type	DATABASE
slave_parallel_workers	0
slave_pending_jobs_size_max	16777216
slave_preserve_commit_order	OFF
slave_rows_search_algorithms	TABLE_SCAN,INDEX_SCAN
slave_skip_errors	OFF
slave_sql_verify_checksum	ON
slave_transaction_retries	10
slave_type_conversions	
slow_launch_time	2
slow_query_log	ON
slow_query_log_file	mysql-slow.log
socket	/data/mysql/data/mysql.sock
sort_buffer_size	2097152
sql_auto_is_null	OFF
sql_big_selects	ON
sql_buffer_result	OFF
sql_log_off	OFF
sql_mode	ONLY_FULL_GROUP_BY,STRICT_TRANS_TABLES,NO_ZERO_IN_DATE,NO_ZERO_DATE,ERROR_FOR_DIVISION_BY_ZERO,NO_AUTO_CREATE_USER,NO_ENGINE_SUBSTITUTION
sql_notes	ON
sql_quote_show_create	ON
sql_safe_updates	OFF
sql_select_limit	18446744073709551615
sql_slave_skip_counter	0
sql_warnings	OFF
ssl_ca	
ssl_capath	
ssl_cert	
ssl_cipher	
ssl_crl	
ssl_crlpath	
ssl_key	
stored_program_cache	256
super_read_only	OFF
sync_binlog	1
sync_frm	ON
sync_master_info	10000
sync_relay_log	10000
sync_relay_log_info	10000
system_time_zone	CST
table_definition_cache	1400
table_open_cache	2000
table_open_cache_instances	16
thread_cache_size	18
thread_handling	one-thread-per-connection
thread_stack	262144
time_format	%H:%i:%s
time_zone	SYSTEM
tls_version	TLSv1,TLSv1.1
tmp_table_size	67108864
tmpdir	/data/mysql/mysql_tmp
transaction_alloc_block_size	8192
transaction_isolation	REPEATABLE-READ
transaction_prealloc_size	4096
transaction_read_only	OFF
transaction_write_set_extraction	OFF
tx_isolation	REPEATABLE-READ
tx_read_only	OFF
unique_checks	ON
updatable_views_with_limit	YES
version	5.7.24-log
version_comment	MySQL Community Server (GPL)
version_compile_machine	x86_64
version_compile_os	linux-glibc2.12
wait_timeout	28800
ERROR LOG:
2021-06-04T20:19:04.528141+08:00 7313591 [Note] Aborted connection 7313591 to db: 'bjpt_cx' user: 'bjpt_cx_user' host: '10.80.32.247' (Got an error reading communication packets)
2021-06-04T20:19:04.528195+08:00 7313517 [Note] Aborted connection 7313517 to db: 'bjpt_cx' user: 'bjpt_cx_user' host: '10.80.32.247' (Got an error reading communication packets)
2021-06-04T20:19:04.528254+08:00 7313622 [Note] Aborted connection 7313622 to db: 'bjpt_cx' user: 'bjpt_cx_user' host: '10.80.32.247' (Got an error reading communication packets)
2021-06-04T20:19:04.528342+08:00 7313854 [Note] Aborted connection 7313854 to db: 'bjpt_cx' user: 'bjpt_cx_user' host: '10.80.32.247' (Got an error reading communication packets)
2021-06-04T20:19:04.528379+08:00 7313623 [Note] Aborted connection 7313623 to db: 'bjpt_cx' user: 'bjpt_cx_user' host: '10.80.32.247' (Got an error reading communication packets)
2021-06-04T20:19:04.528432+08:00 7313846 [Note] Aborted connection 7313846 to db: 'bjpt_cx' user: 'bjpt_cx_user' host: '10.80.32.247' (Got an error reading communication packets)
2021-06-04T20:19:04.528273+08:00 7313601 [Note] Aborted connection 7313601 to db: 'bjpt_cx' user: 'bjpt_cx_user' host: '10.80.32.247' (Got an error reading communication packets)
2021-06-04T20:19:04.528430+08:00 7313839 [Note] Aborted connection 7313839 to db: 'bjpt_cx' user: 'bjpt_cx_user' host: '10.80.32.247' (Got an error reading communication packets)
2021-06-04T20:19:04.528606+08:00 7313838 [Note] Aborted connection 7313838 to db: 'bjpt_cx' user: 'bjpt_cx_user' host: '10.80.32.247' (Got an error reading communication packets)
2021-06-04T20:19:04.528638+08:00 7314014 [Note] Aborted connection 7314014 to db: 'bjpt_cx' user: 'bjpt_cx_user' host: '10.80.32.247' (Got an error reading communication packets)
2021-06-04T20:19:04.528640+08:00 7313632 [Note] Aborted connection 7313632 to db: 'bjpt_cx' user: 'bjpt_cx_user' host: '10.80.32.247' (Got an error reading communication packets)
2021-06-04T20:19:04.528731+08:00 7313580 [Note] Aborted connection 7313580 to db: 'bjpt_cx' user: 'bjpt_cx_user' host: '10.80.32.247' (Got an error reading communication packets)
2021-06-04T20:19:04.528784+08:00 7313684 [Note] Aborted connection 7313684 to db: 'bjpt_cx' user: 'bjpt_cx_user' host: '10.80.32.247' (Got an error reading communication packets)
2021-06-04T20:19:04.528362+08:00 7313600 [Note] Aborted connection 7313600 to db: 'bjpt_cx' user: 'bjpt_cx_user' host: '10.80.32.247' (Got an error reading communication packets)
2021-06-04T20:19:04.528890+08:00 7313819 [Note] Aborted connection 7313819 to db: 'bjpt_cx' user: 'bjpt_cx_user' host: '10.80.32.247' (Got an error reading communication packets)
2021-06-04T20:19:04.528510+08:00 7313583 [Note] Aborted connection 7313583 to db: 'bjpt_cx' user: 'bjpt_cx_user' host: '10.80.32.247' (Got an error reading communication packets)
2021-06-04T20:19:04.528457+08:00 7314013 [Note] Aborted connection 7314013 to db: 'bjpt_cx' user: 'bjpt_cx_user' host: '10.80.32.247' (Got an error reading communication packets)
2021-06-04T20:19:04.528319+08:00 7313558 [Note] Aborted connection 7313558 to db: 'bjpt_cx' user: 'bjpt_cx_user' host: '10.80.32.247' (Got an error reading communication packets)
2021-06-04T20:19:04.528537+08:00 7313855 [Note] Aborted connection 7313855 to db: 'bjpt_cx' user: 'bjpt_cx_user' host: '10.80.32.247' (Got an error reading communication packets)
2021-06-04T20:19:04.528906+08:00 7313611 [Note] Aborted connection 7313611 to db: 'bjpt_cx' user: 'bjpt_cx_user' host: '10.80.32.247' (Got an error reading communication packets)
2021-06-04T20:21:36.747412+08:00 7314033 [Note] Aborted connection 7314033 to db: 'bjpt_cx' user: 'bjpt_cx_user' host: '10.80.40.81' (Got an error reading communication packets)
2021-06-04T20:21:36.747589+08:00 7313982 [Note] Aborted connection 7313982 to db: 'bjpt_cx' user: 'bjpt_cx_user' host: '10.80.40.81' (Got an error reading communication packets)
2021-06-04T20:21:36.747597+08:00 7313981 [Note] Aborted connection 7313981 to db: 'bjpt_cx' user: 'bjpt_cx_user' host: '10.80.40.81' (Got an error reading communication packets)
2021-06-04T20:21:36.747675+08:00 7313812 [Note] Aborted connection 7313812 to db: 'bjpt_cx' user: 'bjpt_cx_user' host: '10.80.40.81' (Got an error reading communication packets)
2021-06-04T20:21:36.747712+08:00 7313811 [Note] Aborted connection 7313811 to db: 'bjpt_cx' user: 'bjpt_cx_user' host: '10.80.40.81' (Got an error reading communication packets)
2021-06-04T20:21:36.747760+08:00 7313836 [Note] Aborted connection 7313836 to db: 'bjpt_cx' user: 'bjpt_cx_user' host: '10.80.40.81' (Got an error reading communication packets)
2021-06-04T20:21:36.747837+08:00 7313659 [Note] Aborted connection 7313659 to db: 'bjpt_cx' user: 'bjpt_cx_user' host: '10.80.40.81' (Got an error reading communication packets)
2021-06-04T20:21:36.747884+08:00 7314132 [Note] Aborted connection 7314132 to db: 'bjpt_cx' user: 'bjpt_cx_user' host: '10.80.40.81' (Got an error reading communication packets)
2021-06-04T20:21:36.747882+08:00 7313984 [Note] Aborted connection 7313984 to db: 'bjpt_cx' user: 'bjpt_cx_user' host: '10.80.40.81' (Got an error reading communication packets)
2021-06-04T20:21:36.747936+08:00 7313776 [Note] Aborted connection 7313776 to db: 'bjpt_cx' user: 'bjpt_cx_user' host: '10.80.40.81' (Got an error reading communication packets)
2021-06-04T20:21:36.747870+08:00 7314022 [Note] Aborted connection 7314022 to db: 'bjpt_cx' user: 'bjpt_cx_user' host: '10.80.40.81' (Got an error reading communication packets)
2021-06-04T20:21:36.747843+08:00 7313786 [Note] Aborted connection 7313786 to db: 'bjpt_cx' user: 'bjpt_cx_user' host: '10.80.40.81' (Got an error reading communication packets)
2021-06-04T20:21:36.747883+08:00 7313904 [Note] Aborted connection 7313904 to db: 'bjpt_cx' user: 'bjpt_cx_user' host: '10.80.40.81' (Got an error reading communication packets)
2021-06-04T20:21:36.747853+08:00 7313801 [Note] Aborted connection 7313801 to db: 'bjpt_cx' user: 'bjpt_cx_user' host: '10.80.40.81' (Got an error reading communication packets)
2021-06-04T20:21:36.747964+08:00 7313637 [Note] Aborted connection 7313637 to db: 'bjpt_cx' user: 'bjpt_cx_user' host: '10.80.40.81' (Got an error reading communication packets)
2021-06-04T20:21:36.747947+08:00 7313695 [Note] Aborted connection 7313695 to db: 'bjpt_cx' user: 'bjpt_cx_user' host: '10.80.40.81' (Got an error reading communication packets)
2021-06-04T20:21:36.747791+08:00 7313800 [Note] Aborted connection 7313800 to db: 'bjpt_cx' user: 'bjpt_cx_user' host: '10.80.40.81' (Got an error reading communication packets)
2021-06-04T20:21:36.748031+08:00 7313799 [Note] Aborted connection 7313799 to db: 'bjpt_cx' user: 'bjpt_cx_user' host: '10.80.40.81' (Got an error reading communication packets)
2021-06-04T20:21:36.747900+08:00 7313787 [Note] Aborted connection 7313787 to db: 'bjpt_cx' user: 'bjpt_cx_user' host: '10.80.40.81' (Got an error reading communication packets)
2021-06-04T20:21:36.747918+08:00 7313775 [Note] Aborted connection 7313775 to db: 'bjpt_cx' user: 'bjpt_cx_user' host: '10.80.40.81' (Got an error reading communication packets)
2021-06-04T20:21:42.341814+08:00 7313688 [Note] Aborted connection 7313688 to db: 'bjpt_cx' user: 'bjpt_cx_user' host: '10.80.40.82' (Got an error reading communication packets)
2021-06-04T20:21:42.341877+08:00 7314003 [Note] Aborted connection 7314003 to db: 'bjpt_cx' user: 'bjpt_cx_user' host: '10.80.40.82' (Got an error reading communication packets)
2021-06-04T20:21:42.341883+08:00 7314136 [Note] Aborted connection 7314136 to db: 'bjpt_cx' user: 'bjpt_cx_user' host: '10.80.40.82' (Got an error reading communication packets)
2021-06-04T20:21:42.341986+08:00 7313932 [Note] Aborted connection 7313932 to db: 'bjpt_cx' user: 'bjpt_cx_user' host: '10.80.40.82' (Got an error reading communication packets)
2021-06-04T20:21:42.341891+08:00 7314012 [Note] Aborted connection 7314012 to db: 'bjpt_cx' user: 'bjpt_cx_user' host: '10.80.40.82' (Got an error reading communication packets)
2021-06-04T20:21:42.341940+08:00 7313562 [Note] Aborted connection 7313562 to db: 'bjpt_cx' user: 'bjpt_cx_user' host: '10.80.40.82' (Got an error reading communication packets)
2021-06-04T20:21:42.342124+08:00 7313733 [Note] Aborted connection 7313733 to db: 'bjpt_cx' user: 'bjpt_cx_user' host: '10.80.40.82' (Got an error reading communication packets)
2021-06-04T20:21:42.342161+08:00 7313749 [Note] Aborted connection 7313749 to db: 'bjpt_cx' user: 'bjpt_cx_user' host: '10.80.40.82' (Got an error reading communication packets)
2021-06-04T20:21:42.342264+08:00 7313998 [Note] Aborted connection 7313998 to db: 'bjpt_cx' user: 'bjpt_cx_user' host: '10.80.40.82' (Got an error reading communication packets)
2021-06-04T20:21:42.341965+08:00 7314004 [Note] Aborted connection 7314004 to db: 'bjpt_cx' user: 'bjpt_cx_user' host: '10.80.40.82' (Got an error reading communication packets)
2021-06-04T20:21:42.341904+08:00 7313571 [Note] Aborted connection 7313571 to db: 'bjpt_cx' user: 'bjpt_cx_user' host: '10.80.40.82' (Got an error reading communication packets)
2021-06-04T20:21:42.341916+08:00 7313666 [Note] Aborted connection 7313666 to db: 'bjpt_cx' user: 'bjpt_cx_user' host: '10.80.40.82' (Got an error reading communication packets)
2021-06-04T20:21:42.342071+08:00 7313656 [Note] Aborted connection 7313656 to db: 'bjpt_cx' user: 'bjpt_cx_user' host: '10.80.40.82' (Got an error reading communication packets)
2021-06-04T20:21:42.341919+08:00 7314032 [Note] Aborted connection 7314032 to db: 'bjpt_cx' user: 'bjpt_cx_user' host: '10.80.40.82' (Got an error reading communication packets)
2021-06-04T20:21:42.341902+08:00 7314023 [Note] Aborted connection 7314023 to db: 'bjpt_cx' user: 'bjpt_cx_user' host: '10.80.40.82' (Got an error reading communication packets)
2021-06-04T20:21:42.342114+08:00 7313578 [Note] Aborted connection 7313578 to db: 'bjpt_cx' user: 'bjpt_cx_user' host: '10.80.40.82' (Got an error reading communication packets)
2021-06-04T20:21:42.341859+08:00 7313992 [Note] Aborted connection 7313992 to db: 'bjpt_cx' user: 'bjpt_cx_user' host: '10.80.40.82' (Got an error reading communication packets)
2021-06-04T20:21:42.342382+08:00 7313979 [Note] Aborted connection 7313979 to db: 'bjpt_cx' user: 'bjpt_cx_user' host: '10.80.40.82' (Got an error reading communication packets)
2021-06-04T20:21:42.342090+08:00 7313682 [Note] Aborted connection 7313682 to db: 'bjpt_cx' user: 'bjpt_cx_user' host: '10.80.40.82' (Got an error reading communication packets)
2021-06-04T20:21:42.342018+08:00 7313942 [Note] Aborted connection 7313942 to db: 'bjpt_cx' user: 'bjpt_cx_user' host: '10.80.40.82' (Got an error reading communication packets)
2021-06-05T21:27:49.418573+08:00 0 [Note] InnoDB: Dumping buffer pool(s) to /data/mysql/data/ib_buffer_pool
2021-06-05T21:27:49.511491+08:00 0 [Note] InnoDB: Buffer pool(s) dump completed at 210605 21:27:49
2021-06-12T21:30:58.155496+08:00 0 [Note] InnoDB: Dumping buffer pool(s) to /data/mysql/data/ib_buffer_pool
2021-06-12T21:30:58.238774+08:00 0 [Note] InnoDB: Buffer pool(s) dump completed at 210612 21:30:58
2021-06-19T21:32:06.611165+08:00 0 [Note] InnoDB: Dumping buffer pool(s) to /data/mysql/data/ib_buffer_pool
2021-06-19T21:32:06.703881+08:00 0 [Note] InnoDB: Buffer pool(s) dump completed at 210619 21:32:06
2021-06-22T04:06:04.794056+08:00 7767311 [Note] Aborted connection 7767311 to db: 'unconnected' user: 'bjpt_cx_user' host: '10.80.80.23' (Got timeout reading communication packets)
2021-06-22T04:06:06.316745+08:00 7767312 [Note] Aborted connection 7767312 to db: 'bjpt_cx' user: 'bjpt_cx_user' host: '10.80.80.23' (Got timeout reading communication packets)
2021-06-22T04:06:12.423587+08:00 7767314 [Note] Aborted connection 7767314 to db: 'bjpt_cx' user: 'bjpt_cx_user' host: '10.80.80.23' (Got timeout reading communication packets)
2021-06-22T04:06:17.394707+08:00 7767317 [Note] Aborted connection 7767317 to db: 'bjpt_cx' user: 'bjpt_cx_user' host: '10.80.80.23' (Got timeout reading communication packets)
2021-06-26T21:32:02.993739+08:00 0 [Note] InnoDB: Dumping buffer pool(s) to /data/mysql/data/ib_buffer_pool
2021-06-26T21:32:03.073701+08:00 0 [Note] InnoDB: Buffer pool(s) dump completed at 210626 21:32:03
2021-07-03T21:32:19.942648+08:00 0 [Note] InnoDB: Dumping buffer pool(s) to /data/mysql/data/ib_buffer_pool
2021-07-03T21:32:20.040709+08:00 0 [Note] InnoDB: Buffer pool(s) dump completed at 210703 21:32:20
2021-07-10T21:32:44.994985+08:00 0 [Note] InnoDB: Dumping buffer pool(s) to /data/mysql/data/ib_buffer_pool
2021-07-10T21:32:45.080568+08:00 0 [Note] InnoDB: Buffer pool(s) dump completed at 210710 21:32:45
2021-07-13T18:47:20.130601+08:00 8352078 [Note] Aborted connection 8352078 to db: 'unconnected' user: 'pmm' host: '127.0.0.1' (Got an error reading communication packets)
2021-07-13T22:17:51.747654+08:00 8355474 [Note] Aborted connection 8355474 to db: 'bjpt_cx' user: 'bjpt_cx_user' host: '10.80.40.81' (Got an error reading communication packets)
2021-07-13T22:17:51.747829+08:00 8355408 [Note] Aborted connection 8355408 to db: 'bjpt_cx' user: 'bjpt_cx_user' host: '10.80.40.81' (Got an error reading communication packets)
2021-07-13T22:17:51.747868+08:00 8355711 [Note] Aborted connection 8355711 to db: 'bjpt_cx' user: 'bjpt_cx_user' host: '10.80.40.81' (Got an error reading communication packets)
2021-07-13T22:17:51.747918+08:00 8355691 [Note] Aborted connection 8355691 to db: 'bjpt_cx' user: 'bjpt_cx_user' host: '10.80.40.81' (Got an error reading communication packets)
2021-07-13T22:17:51.747950+08:00 8355347 [Note] Aborted connection 8355347 to db: 'bjpt_cx' user: 'bjpt_cx_user' host: '10.80.40.81' (Got an error reading communication packets)
2021-07-13T22:17:51.748013+08:00 8355399 [Note] Aborted connection 8355399 to db: 'bjpt_cx' user: 'bjpt_cx_user' host: '10.80.40.81' (Got an error reading communication packets)
2021-07-13T22:17:51.748077+08:00 8355643 [Note] Aborted connection 8355643 to db: 'bjpt_cx' user: 'bjpt_cx_user' host: '10.80.40.81' (Got an error reading communication packets)
2021-07-13T22:17:51.748115+08:00 8355433 [Note] Aborted connection 8355433 to db: 'bjpt_cx' user: 'bjpt_cx_user' host: '10.80.40.81' (Got an error reading communication packets)
2021-07-13T22:17:51.748152+08:00 8355498 [Note] Aborted connection 8355498 to db: 'bjpt_cx' user: 'bjpt_cx_user' host: '10.80.40.81' (Got an error reading communication packets)
2021-07-13T22:17:51.748190+08:00 8355350 [Note] Aborted connection 8355350 to db: 'bjpt_cx' user: 'bjpt_cx_user' host: '10.80.40.81' (Got an error reading communication packets)
2021-07-13T22:17:51.748238+08:00 8355483 [Note] Aborted connection 8355483 to db: 'bjpt_cx' user: 'bjpt_cx_user' host: '10.80.40.81' (Got an error reading communication packets)
2021-07-13T22:17:51.748308+08:00 8355552 [Note] Aborted connection 8355552 to db: 'bjpt_cx' user: 'bjpt_cx_user' host: '10.80.40.81' (Got an error reading communication packets)
2021-07-13T22:17:51.748376+08:00 8355490 [Note] Aborted connection 8355490 to db: 'bjpt_cx' user: 'bjpt_cx_user' host: '10.80.40.81' (Got an error reading communication packets)
2021-07-13T22:17:51.748245+08:00 8355420 [Note] Aborted connection 8355420 to db: 'bjpt_cx' user: 'bjpt_cx_user' host: '10.80.40.81' (Got an error reading communication packets)
2021-07-13T22:17:51.748494+08:00 8355349 [Note] Aborted connection 8355349 to db: 'bjpt_cx' user: 'bjpt_cx_user' host: '10.80.40.81' (Got an error reading communication packets)
2021-07-13T22:17:51.747834+08:00 8355692 [Note] Aborted connection 8355692 to db: 'bjpt_cx' user: 'bjpt_cx_user' host: '10.80.40.81' (Got an error reading communication packets)
2021-07-13T22:17:51.747990+08:00 8355549 [Note] Aborted connection 8355549 to db: 'bjpt_cx' user: 'bjpt_cx_user' host: '10.80.40.81' (Got an error reading communication packets)
2021-07-13T22:17:51.748449+08:00 8355796 [Note] Aborted connection 8355796 to db: 'bjpt_cx' user: 'bjpt_cx_user' host: '10.80.40.81' (Got an error reading communication packets)
2021-07-13T22:17:51.748434+08:00 8355590 [Note] Aborted connection 8355590 to db: 'bjpt_cx' user: 'bjpt_cx_user' host: '10.80.40.81' (Got an error reading communication packets)
2021-07-13T22:17:51.748130+08:00 8355608 [Note] Aborted connection 8355608 to db: 'bjpt_cx' user: 'bjpt_cx_user' host: '10.80.40.81' (Got an error reading communication packets)
2021-07-13T22:17:53.780338+08:00 8355317 [Note] Aborted connection 8355317 to db: 'bjpt_cx' user: 'bjpt_cx_user' host: '10.80.32.244' (Got an error reading communication packets)
2021-07-13T22:17:53.780341+08:00 8355320 [Note] Aborted connection 8355320 to db: 'bjpt_cx' user: 'bjpt_cx_user' host: '10.80.32.244' (Got an error reading communication packets)
2021-07-13T22:17:53.780483+08:00 8355636 [Note] Aborted connection 8355636 to db: 'bjpt_cx' user: 'bjpt_cx_user' host: '10.80.32.244' (Got an error reading communication packets)
2021-07-13T22:17:53.780618+08:00 8355466 [Note] Aborted connection 8355466 to db: 'bjpt_cx' user: 'bjpt_cx_user' host: '10.80.32.244' (Got an error reading communication packets)
2021-07-13T22:17:53.780695+08:00 8355527 [Note] Aborted connection 8355527 to db: 'bjpt_cx' user: 'bjpt_cx_user' host: '10.80.32.244' (Got an error reading communication packets)
2021-07-13T22:17:53.780733+08:00 8355508 [Note] Aborted connection 8355508 to db: 'bjpt_cx' user: 'bjpt_cx_user' host: '10.80.32.244' (Got an error reading communication packets)
2021-07-13T22:17:53.780633+08:00 8355391 [Note] Aborted connection 8355391 to db: 'bjpt_cx' user: 'bjpt_cx_user' host: '10.80.32.244' (Got an error reading communication packets)
2021-07-13T22:17:53.780643+08:00 8355411 [Note] Aborted connection 8355411 to db: 'bjpt_cx' user: 'bjpt_cx_user' host: '10.80.32.244' (Got an error reading communication packets)
2021-07-13T22:17:53.780671+08:00 8355617 [Note] Aborted connection 8355617 to db: 'bjpt_cx' user: 'bjpt_cx_user' host: '10.80.32.244' (Got an error reading communication packets)
2021-07-13T22:17:53.780352+08:00 8355418 [Note] Aborted connection 8355418 to db: 'bjpt_cx' user: 'bjpt_cx_user' host: '10.80.32.244' (Got an error reading communication packets)
2021-07-13T22:17:53.780453+08:00 8355365 [Note] Aborted connection 8355365 to db: 'bjpt_cx' user: 'bjpt_cx_user' host: '10.80.32.244' (Got an error reading communication packets)
2021-07-13T22:17:53.780677+08:00 8355473 [Note] Aborted connection 8355473 to db: 'bjpt_cx' user: 'bjpt_cx_user' host: '10.80.32.244' (Got an error reading communication packets)
2021-07-13T22:17:53.780720+08:00 8355804 [Note] Aborted connection 8355804 to db: 'bjpt_cx' user: 'bjpt_cx_user' host: '10.80.32.244' (Got an error reading communication packets)
2021-07-13T22:17:53.780744+08:00 8355665 [Note] Aborted connection 8355665 to db: 'bjpt_cx' user: 'bjpt_cx_user' host: '10.80.32.244' (Got an error reading communication packets)
2021-07-13T22:17:53.780747+08:00 8355544 [Note] Aborted connection 8355544 to db: 'bjpt_cx' user: 'bjpt_cx_user' host: '10.80.32.244' (Got an error reading communication packets)
2021-07-13T22:17:53.780790+08:00 8355633 [Note] Aborted connection 8355633 to db: 'bjpt_cx' user: 'bjpt_cx_user' host: '10.80.32.244' (Got an error reading communication packets)
2021-07-13T22:17:53.780906+08:00 8355525 [Note] Aborted connection 8355525 to db: 'bjpt_cx' user: 'bjpt_cx_user' host: '10.80.32.244' (Got an error reading communication packets)
2021-07-13T22:17:53.780679+08:00 8355407 [Note] Aborted connection 8355407 to db: 'bjpt_cx' user: 'bjpt_cx_user' host: '10.80.32.244' (Got an error reading communication packets)
2021-07-13T22:17:53.780706+08:00 8355443 [Note] Aborted connection 8355443 to db: 'bjpt_cx' user: 'bjpt_cx_user' host: '10.80.32.244' (Got an error reading communication packets)
2021-07-13T22:17:53.780658+08:00 8355757 [Note] Aborted connection 8355757 to db: 'bjpt_cx' user: 'bjpt_cx_user' host: '10.80.32.244' (Got an error reading communication packets)
2021-07-13T22:17:57.474364+08:00 8355339 [Note] Aborted connection 8355339 to db: 'bjpt_cx' user: 'bjpt_cx_user' host: '10.80.40.82' (Got an error reading communication packets)
2021-07-13T22:17:57.474591+08:00 8355606 [Note] Aborted connection 8355606 to db: 'bjpt_cx' user: 'bjpt_cx_user' host: '10.80.40.82' (Got an error reading communication packets)
2021-07-13T22:17:57.474606+08:00 8355423 [Note] Aborted connection 8355423 to db: 'bjpt_cx' user: 'bjpt_cx_user' host: '10.80.40.82' (Got an error reading communication packets)
2021-07-13T22:17:57.474734+08:00 8355364 [Note] Aborted connection 8355364 to db: 'bjpt_cx' user: 'bjpt_cx_user' host: '10.80.40.82' (Got an error reading communication packets)
2021-07-13T22:17:57.474799+08:00 8355326 [Note] Aborted connection 8355326 to db: 'bjpt_cx' user: 'bjpt_cx_user' host: '10.80.40.82' (Got an error reading communication packets)
2021-07-13T22:17:57.474826+08:00 8355541 [Note] Aborted connection 8355541 to db: 'bjpt_cx' user: 'bjpt_cx_user' host: '10.80.40.82' (Got an error reading communication packets)
2021-07-13T22:17:57.474871+08:00 8355705 [Note] Aborted connection 8355705 to db: 'bjpt_cx' user: 'bjpt_cx_user' host: '10.80.40.82' (Got an error reading communication packets)
2021-07-13T22:17:57.474768+08:00 8355336 [Note] Aborted connection 8355336 to db: 'bjpt_cx' user: 'bjpt_cx_user' host: '10.80.40.82' (Got an error reading communication packets)
2021-07-13T22:17:57.474752+08:00 8355373 [Note] Aborted connection 8355373 to db: 'bjpt_cx' user: 'bjpt_cx_user' host: '10.80.40.82' (Got an error reading communication packets)
2021-07-13T22:17:57.474800+08:00 8355553 [Note] Aborted connection 8355553 to db: 'bjpt_cx' user: 'bjpt_cx_user' host: '10.80.40.82' (Got an error reading communication packets)
2021-07-13T22:17:57.475171+08:00 8355756 [Note] Aborted connection 8355756 to db: 'bjpt_cx' user: 'bjpt_cx_user' host: '10.80.40.82' (Got an error reading communication packets)
2021-07-13T22:17:57.475147+08:00 8355523 [Note] Aborted connection 8355523 to db: 'bjpt_cx' user: 'bjpt_cx_user' host: '10.80.40.82' (Got an error reading communication packets)
2021-07-13T22:17:57.475158+08:00 8355394 [Note] Aborted connection 8355394 to db: 'bjpt_cx' user: 'bjpt_cx_user' host: '10.80.40.82' (Got an error reading communication packets)
2021-07-13T22:17:57.475317+08:00 8355779 [Note] Aborted connection 8355779 to db: 'bjpt_cx' user: 'bjpt_cx_user' host: '10.80.40.82' (Got an error reading communication packets)
2021-07-13T22:17:57.474738+08:00 8355626 [Note] Aborted connection 8355626 to db: 'bjpt_cx' user: 'bjpt_cx_user' host: '10.80.40.82' (Got an error reading communication packets)
2021-07-13T22:17:57.474836+08:00 8355524 [Note] Aborted connection 8355524 to db: 'bjpt_cx' user: 'bjpt_cx_user' host: '10.80.40.82' (Got an error reading communication packets)
2021-07-13T22:17:57.475294+08:00 8355583 [Note] Aborted connection 8355583 to db: 'bjpt_cx' user: 'bjpt_cx_user' host: '10.80.40.82' (Got an error reading communication packets)
2021-07-13T22:17:57.475367+08:00 8355776 [Note] Aborted connection 8355776 to db: 'bjpt_cx' user: 'bjpt_cx_user' host: '10.80.40.82' (Got an error reading communication packets)
2021-07-13T22:17:57.475097+08:00 8355625 [Note] Aborted connection 8355625 to db: 'bjpt_cx' user: 'bjpt_cx_user' host: '10.80.40.82' (Got an error reading communication packets)
2021-07-13T22:17:57.474646+08:00 8355551 [Note] Aborted connection 8355551 to db: 'bjpt_cx' user: 'bjpt_cx_user' host: '10.80.40.82' (Got an error reading communication packets)
2021-07-13T22:17:59.444780+08:00 8355744 [Note] Aborted connection 8355744 to db: 'bjpt_cx' user: 'bjpt_cx_user' host: '10.80.32.245' (Got an error reading communication packets)
2021-07-13T22:17:59.444929+08:00 8355680 [Note] Aborted connection 8355680 to db: 'bjpt_cx' user: 'bjpt_cx_user' host: '10.80.32.245' (Got an error reading communication packets)
2021-07-13T22:17:59.445073+08:00 8355374 [Note] Aborted connection 8355374 to db: 'bjpt_cx' user: 'bjpt_cx_user' host: '10.80.32.245' (Got an error reading communication packets)
2021-07-13T22:17:59.445133+08:00 8355634 [Note] Aborted connection 8355634 to db: 'bjpt_cx' user: 'bjpt_cx_user' host: '10.80.32.245' (Got an error reading communication packets)
2021-07-13T22:17:59.445191+08:00 8355448 [Note] Aborted connection 8355448 to db: 'bjpt_cx' user: 'bjpt_cx_user' host: '10.80.32.245' (Got an error reading communication packets)
2021-07-13T22:17:59.445255+08:00 8355809 [Note] Aborted connection 8355809 to db: 'bjpt_cx' user: 'bjpt_cx_user' host: '10.80.32.245' (Got an error reading communication packets)
2021-07-13T22:17:59.445272+08:00 8355603 [Note] Aborted connection 8355603 to db: 'bjpt_cx' user: 'bjpt_cx_user' host: '10.80.32.245' (Got an error reading communication packets)
2021-07-13T22:17:59.445287+08:00 8355417 [Note] Aborted connection 8355417 to db: 'bjpt_cx' user: 'bjpt_cx_user' host: '10.80.32.245' (Got an error reading communication packets)
2021-07-13T22:17:59.445056+08:00 8355456 [Note] Aborted connection 8355456 to db: 'bjpt_cx' user: 'bjpt_cx_user' host: '10.80.32.245' (Got an error reading communication packets)
2021-07-13T22:17:59.445801+08:00 8355398 [Note] Aborted connection 8355398 to db: 'bjpt_cx' user: 'bjpt_cx_user' host: '10.80.32.245' (Got an error reading communication packets)
2021-07-13T22:17:59.445208+08:00 8355615 [Note] Aborted connection 8355615 to db: 'bjpt_cx' user: 'bjpt_cx_user' host: '10.80.32.245' (Got an error reading communication packets)
2021-07-13T22:17:59.445354+08:00 8355307 [Note] Aborted connection 8355307 to db: 'bjpt_cx' user: 'bjpt_cx_user' host: '10.80.32.245' (Got an error reading communication packets)
2021-07-13T22:17:59.445376+08:00 8355521 [Note] Aborted connection 8355521 to db: 'bjpt_cx' user: 'bjpt_cx_user' host: '10.80.32.245' (Got an error reading communication packets)
2021-07-13T22:17:59.445138+08:00 8355515 [Note] Aborted connection 8355515 to db: 'bjpt_cx' user: 'bjpt_cx_user' host: '10.80.32.245' (Got an error reading communication packets)
2021-07-13T22:17:59.445769+08:00 8355672 [Note] Aborted connection 8355672 to db: 'bjpt_cx' user: 'bjpt_cx_user' host: '10.80.32.245' (Got an error reading communication packets)
2021-07-13T22:17:59.445785+08:00 8355747 [Note] Aborted connection 8355747 to db: 'bjpt_cx' user: 'bjpt_cx_user' host: '10.80.32.245' (Got an error reading communication packets)
2021-07-13T22:17:59.445055+08:00 8355432 [Note] Aborted connection 8355432 to db: 'bjpt_cx' user: 'bjpt_cx_user' host: '10.80.32.245' (Got an error reading communication packets)
2021-07-13T22:17:59.445809+08:00 8355755 [Note] Aborted connection 8355755 to db: 'bjpt_cx' user: 'bjpt_cx_user' host: '10.80.32.245' (Got an error reading communication packets)
2021-07-13T22:17:59.445198+08:00 8355613 [Note] Aborted connection 8355613 to db: 'bjpt_cx' user: 'bjpt_cx_user' host: '10.80.32.245' (Got an error reading communication packets)
2021-07-13T22:17:59.445856+08:00 8355568 [Note] Aborted connection 8355568 to db: 'bjpt_cx' user: 'bjpt_cx_user' host: '10.80.32.245' (Got an error reading communication packets)
2021-07-13T22:18:05.163401+08:00 8355745 [Note] Aborted connection 8355745 to db: 'bjpt_cx' user: 'bjpt_cx_user' host: '10.80.32.246' (Got an error reading communication packets)
2021-07-13T22:18:05.163491+08:00 8355781 [Note] Aborted connection 8355781 to db: 'bjpt_cx' user: 'bjpt_cx_user' host: '10.80.32.246' (Got an error reading communication packets)
2021-07-13T22:18:05.163539+08:00 8355465 [Note] Aborted connection 8355465 to db: 'bjpt_cx' user: 'bjpt_cx_user' host: '10.80.32.246' (Got an error reading communication packets)
2021-07-13T22:18:05.163425+08:00 8355599 [Note] Aborted connection 8355599 to db: 'bjpt_cx' user: 'bjpt_cx_user' host: '10.80.32.246' (Got an error reading communication packets)
2021-07-13T22:18:05.163487+08:00 8355753 [Note] Aborted connection 8355753 to db: 'bjpt_cx' user: 'bjpt_cx_user' host: '10.80.32.246' (Got an error reading communication packets)
2021-07-13T22:18:05.163584+08:00 8355447 [Note] Aborted connection 8355447 to db: 'bjpt_cx' user: 'bjpt_cx_user' host: '10.80.32.246' (Got an error reading communication packets)
2021-07-13T22:18:05.163520+08:00 8355575 [Note] Aborted connection 8355575 to db: 'bjpt_cx' user: 'bjpt_cx_user' host: '10.80.32.246' (Got an error reading communication packets)
2021-07-13T22:18:05.163461+08:00 8355534 [Note] Aborted connection 8355534 to db: 'bjpt_cx' user: 'bjpt_cx_user' host: '10.80.32.246' (Got an error reading communication packets)
2021-07-13T22:18:05.163514+08:00 8355452 [Note] Aborted connection 8355452 to db: 'bjpt_cx' user: 'bjpt_cx_user' host: '10.80.32.246' (Got an error reading communication packets)
2021-07-13T22:18:05.163536+08:00 8355719 [Note] Aborted connection 8355719 to db: 'bjpt_cx' user: 'bjpt_cx_user' host: '10.80.32.246' (Got an error reading communication packets)
2021-07-13T22:18:05.163515+08:00 8355687 [Note] Aborted connection 8355687 to db: 'bjpt_cx' user: 'bjpt_cx_user' host: '10.80.32.246' (Got an error reading communication packets)
2021-07-13T22:18:05.163458+08:00 8355410 [Note] Aborted connection 8355410 to db: 'bjpt_cx' user: 'bjpt_cx_user' host: '10.80.32.246' (Got an error reading communication packets)
2021-07-13T22:18:05.163413+08:00 8355479 [Note] Aborted connection 8355479 to db: 'bjpt_cx' user: 'bjpt_cx_user' host: '10.80.32.246' (Got an error reading communication packets)
2021-07-13T22:18:05.163512+08:00 8355778 [Note] Aborted connection 8355778 to db: 'bjpt_cx' user: 'bjpt_cx_user' host: '10.80.32.246' (Got an error reading communication packets)
2021-07-13T22:18:05.163459+08:00 8355331 [Note] Aborted connection 8355331 to db: 'bjpt_cx' user: 'bjpt_cx_user' host: '10.80.32.246' (Got an error reading communication packets)
2021-07-13T22:18:05.163458+08:00 8355768 [Note] Aborted connection 8355768 to db: 'bjpt_cx' user: 'bjpt_cx_user' host: '10.80.32.246' (Got an error reading communication packets)
2021-07-13T22:18:05.163584+08:00 8355629 [Note] Aborted connection 8355629 to db: 'bjpt_cx' user: 'bjpt_cx_user' host: '10.80.32.246' (Got an error reading communication packets)
2021-07-13T22:18:05.163509+08:00 8355743 [Note] Aborted connection 8355743 to db: 'bjpt_cx' user: 'bjpt_cx_user' host: '10.80.32.246' (Got an error reading communication packets)
2021-07-13T22:18:05.163440+08:00 8355728 [Note] Aborted connection 8355728 to db: 'bjpt_cx' user: 'bjpt_cx_user' host: '10.80.32.246' (Got an error reading communication packets)
2021-07-13T22:18:05.163443+08:00 8355397 [Note] Aborted connection 8355397 to db: 'bjpt_cx' user: 'bjpt_cx_user' host: '10.80.32.246' (Got an error reading communication packets)
2021-07-13T22:18:10.831947+08:00 8355340 [Note] Aborted connection 8355340 to db: 'bjpt_cx' user: 'bjpt_cx_user' host: '10.80.32.247' (Got an error reading communication packets)
2021-07-13T22:18:10.832081+08:00 8355400 [Note] Aborted connection 8355400 to db: 'bjpt_cx' user: 'bjpt_cx_user' host: '10.80.32.247' (Got an error reading communication packets)
2021-07-13T22:18:10.832163+08:00 8355700 [Note] Aborted connection 8355700 to db: 'bjpt_cx' user: 'bjpt_cx_user' host: '10.80.32.247' (Got an error reading communication packets)
2021-07-13T22:18:10.832164+08:00 8355735 [Note] Aborted connection 8355735 to db: 'bjpt_cx' user: 'bjpt_cx_user' host: '10.80.32.247' (Got an error reading communication packets)
2021-07-13T22:18:10.832243+08:00 8355746 [Note] Aborted connection 8355746 to db: 'bjpt_cx' user: 'bjpt_cx_user' host: '10.80.32.247' (Got an error reading communication packets)
2021-07-13T22:18:10.832270+08:00 8355762 [Note] Aborted connection 8355762 to db: 'bjpt_cx' user: 'bjpt_cx_user' host: '10.80.32.247' (Got an error reading communication packets)
2021-07-13T22:18:10.832323+08:00 8355421 [Note] Aborted connection 8355421 to db: 'bjpt_cx' user: 'bjpt_cx_user' host: '10.80.32.247' (Got an error reading communication packets)
2021-07-13T22:18:10.832389+08:00 8355337 [Note] Aborted connection 8355337 to db: 'bjpt_cx' user: 'bjpt_cx_user' host: '10.80.32.247' (Got an error reading communication packets)
2021-07-13T22:18:10.832406+08:00 8355663 [Note] Aborted connection 8355663 to db: 'bjpt_cx' user: 'bjpt_cx_user' host: '10.80.32.247' (Got an error reading communication packets)
2021-07-13T22:18:10.832540+08:00 8355787 [Note] Aborted connection 8355787 to db: 'bjpt_cx' user: 'bjpt_cx_user' host: '10.80.32.247' (Got an error reading communication packets)
2021-07-13T22:18:10.832255+08:00 8355699 [Note] Aborted connection 8355699 to db: 'bjpt_cx' user: 'bjpt_cx_user' host: '10.80.32.247' (Got an error reading communication packets)
2021-07-13T22:18:10.832285+08:00 8355773 [Note] Aborted connection 8355773 to db: 'bjpt_cx' user: 'bjpt_cx_user' host: '10.80.32.247' (Got an error reading communication packets)
2021-07-13T22:18:10.832218+08:00 8355758 [Note] Aborted connection 8355758 to db: 'bjpt_cx' user: 'bjpt_cx_user' host: '10.80.32.247' (Got an error reading communication packets)
2021-07-13T22:18:10.832350+08:00 8355681 [Note] Aborted connection 8355681 to db: 'bjpt_cx' user: 'bjpt_cx_user' host: '10.80.32.247' (Got an error reading communication packets)
2021-07-13T22:18:10.832554+08:00 8355356 [Note] Aborted connection 8355356 to db: 'bjpt_cx' user: 'bjpt_cx_user' host: '10.80.32.247' (Got an error reading communication packets)
2021-07-13T22:18:10.832216+08:00 8355702 [Note] Aborted connection 8355702 to db: 'bjpt_cx' user: 'bjpt_cx_user' host: '10.80.32.247' (Got an error reading communication packets)
2021-07-13T22:18:10.832603+08:00 8355679 [Note] Aborted connection 8355679 to db: 'bjpt_cx' user: 'bjpt_cx_user' host: '10.80.32.247' (Got an error reading communication packets)
2021-07-13T22:18:10.832294+08:00 8355769 [Note] Aborted connection 8355769 to db: 'bjpt_cx' user: 'bjpt_cx_user' host: '10.80.32.247' (Got an error reading communication packets)
2021-07-13T22:18:10.832209+08:00 8355459 [Note] Aborted connection 8355459 to db: 'bjpt_cx' user: 'bjpt_cx_user' host: '10.80.32.247' (Got an error reading communication packets)
2021-07-13T22:18:10.832637+08:00 8355727 [Note] Aborted connection 8355727 to db: 'bjpt_cx' user: 'bjpt_cx_user' host: '10.80.32.247' (Got an error reading communication packets)
2021-07-14T11:18:52.244300+08:00 8369962 [Note] Aborted connection 8369962 to db: 'bjpt_cx' user: 'xlei40' host: '10.80.80.23' (Got an error reading communication packets)
2021-07-14T11:18:52.244311+08:00 8369963 [Note] Aborted connection 8369963 to db: 'bjpt_cx' user: 'xlei40' host: '10.80.80.23' (Got an error reading communication packets)
2021-07-15T17:15:33.689738+08:00 8403878 [Note] Access denied for user 'root'@'localhost' (using password: NO)
