******************** MySQL--localhost--3306 ***********************
--------------
mysql  Ver 14.14 Distrib 5.7.24, for linux-glibc2.12 (x86_64) using  EditLine wrapper

Connection id:		4094254
Current database:	
Current user:		system@localhost
SSL:			Not in use
Current pager:		stdout
Using outfile:		''
Using delimiter:	;
Server version:		5.7.24-log MySQL Community Server (GPL)
Protocol version:	10
Connection:		Localhost via UNIX socket
Server characterset:	utf8mb4
Db     characterset:	utf8mb4
Client characterset:	utf8
Conn.  characterset:	utf8
UNIX socket:		/app/mysql/data/mysql.sock
Uptime:			753 days 7 hours 6 min 45 sec

Threads: 51  Questions: 2416983647  Slow queries: 28356  Opens: 351689242  Flush tables: 4391  Open tables: 2000  Queries per second avg: 37.135
--------------

                             basedir :	/usr/local/mysql/
                             datadir :	/app/mysql/data/
                                     :	          
               ####Business info#### :	          
                       Database size :	bic_biz_ta 8.451 GB bic_fin_ta 0.000 GB bic_job_ta 1.769 GB bic_tbx_ta 0.000 GB db_monitor 0.001 GB sys 0.000 GB
                       Tables counts :	bic_biz_ta 70 bic_fin_ta 12 bic_job_ta 16 bic_tbx_ta 5 db_monitor 1 sys 101
                      Engines counts :	NULL 100 InnoDB 105
                 Top 10 of big table :	bic_trigger_log 3599269 report_data 3059328 worksheet 3023862 worksheet_data 2625322 wor_batch 1346545 wor_var 1319796 voc_record 1006004 cal_detail 983374 msg_callback 817587 work_data_temp 589645
        Top 10 of auto increment num :	work_data_temp 770218603 voc_record 38733729 cal_detail 32091100 bic_trigger_log 27315049 wor_batch 6319854 worksheet 6225123 worksheet_data 6076548 calls 5856358 report_data_noscore_ta 1419878 report_data_score_ta 1227824
                                     :	          
              ####Runtime status#### :	          
                   Threads connected :	    51.00 
                                 QPS :	    35.59 
                                 TPS :	     2.52 
                               Reads :	1265883704.00 
                              Writes :	350695829.00 
                   Read/Writes Ratio :	  360.96% 
   MyISAM Key buffer read hits(>99%) :	    NULL% 
        MyISAM Key buffer write hits :	    NULL% 
                    Query cache hits :	    NULL% 
       InnoDB buffer read hits(>95%) :	  100.00% 
             Thread cache hits(>90%) :	   99.70% 
             Slow queries per second :	     0.00 
         Select full join per second :	     0.97 
      Select full join in all select :	    0.08% 
         MyiSAM lock contention(<1%) :	    0.00% 
           Temp tables to disk ratio :	   19.42% 
No innodb tables
No primary key tables
TABLE_SCHEMA	TABLE_NAME	TABLE_TYPE	TABLE_ROWS
bic_biz_ta	merchant_transfer	BASE TABLE	0
bic_biz_ta	my_user_transfer	BASE TABLE	0
bic_biz_ta	product_transfer	BASE TABLE	0
bic_biz_ta	sql statement	BASE TABLE	0
bic_biz_ta	support_second	BASE TABLE	0
bic_biz_ta	ta_code_applicant	BASE TABLE	2
bic_biz_ta	ta_code_channel	BASE TABLE	6
bic_biz_ta	ta_code_city	BASE TABLE	379
bic_biz_ta	ta_code_county	BASE TABLE	3182
bic_biz_ta	ta_code_credential	BASE TABLE	12
bic_biz_ta	ta_code_gender	BASE TABLE	2
bic_biz_ta	ta_code_insurance	BASE TABLE	8
bic_biz_ta	ta_code_organization	BASE TABLE	500
bic_biz_ta	ta_code_organization_bak	BASE TABLE	320
bic_biz_ta	ta_code_province	BASE TABLE	35
bic_biz_ta	ta_code_rescue	BASE TABLE	11
bic_biz_ta	ta_code_supervision	BASE TABLE	76
password equals user
Global status:
Aborted_clients	1386
Aborted_connects	193
Binlog_cache_disk_use	64407
Binlog_cache_use	238534454
Binlog_stmt_cache_disk_use	0
Binlog_stmt_cache_use	424
Bytes_received	416325357020
Bytes_sent	4398633178553
Com_admin_commands	98730426
Com_assign_to_keycache	0
Com_alter_db	0
Com_alter_db_upgrade	0
Com_alter_event	0
Com_alter_function	0
Com_alter_instance	0
Com_alter_procedure	0
Com_alter_server	0
Com_alter_table	277
Com_alter_tablespace	0
Com_alter_user	2
Com_analyze	0
Com_begin	872402
Com_binlog	0
Com_call_procedure	0
Com_change_db	14437
Com_change_master	1
Com_change_repl_filter	0
Com_check	0
Com_checksum	0
Com_commit	164227504
Com_create_db	7
Com_create_event	1
Com_create_function	3
Com_create_index	0
Com_create_procedure	0
Com_create_server	0
Com_create_table	11899
Com_create_trigger	0
Com_create_udf	0
Com_create_user	19
Com_create_view	0
Com_dealloc_sql	0
Com_delete	36519267
Com_delete_multi	0
Com_do	0
Com_drop_db	0
Com_drop_event	0
Com_drop_function	0
Com_drop_index	0
Com_drop_procedure	0
Com_drop_server	0
Com_drop_table	258
Com_drop_trigger	0
Com_drop_user	7
Com_drop_view	0
Com_empty_query	1
Com_execute_sql	0
Com_explain_other	0
Com_flush	8245
Com_get_diagnostics	0
Com_grant	102
Com_ha_close	0
Com_ha_open	0
Com_ha_read	0
Com_help	1
Com_insert	103660124
Com_insert_select	1
Com_install_plugin	0
Com_kill	120
Com_load	0
Com_lock_tables	125
Com_optimize	0
Com_preload_keys	0
Com_prepare_sql	0
Com_purge	0
Com_purge_before_date	0
Com_release_savepoint	0
Com_rename_table	0
Com_rename_user	0
Com_repair	0
Com_replace	0
Com_replace_select	0
Com_reset	12
Com_resignal	0
Com_revoke	14
Com_revoke_all	0
Com_rollback	2335
Com_rollback_to_savepoint	0
Com_savepoint	0
Com_select	1265883723
Com_set_option	351287136
Com_signal	0
Com_show_binlog_events	0
Com_show_binlogs	1041803
Com_show_charsets	30
Com_show_collations	30
Com_show_create_db	1
Com_show_create_event	0
Com_show_create_func	0
Com_show_create_proc	0
Com_show_create_table	2609
Com_show_create_trigger	0
Com_show_databases	455
Com_show_engine_logs	0
Com_show_engine_mutex	0
Com_show_engine_status	3893
Com_show_events	0
Com_show_errors	0
Com_show_fields	6761
Com_show_function_code	0
Com_show_function_status	277
Com_show_grants	25
Com_show_keys	582
Com_show_master_status	20141623
Com_show_open_tables	0
Com_show_plugins	3847
Com_show_privileges	0
Com_show_procedure_code	0
Com_show_procedure_status	277
Com_show_processlist	48
Com_show_profile	0
Com_show_profiles	0
Com_show_relaylog_events	0
Com_show_slave_hosts	2
Com_show_slave_status	32640099
Com_show_status	62478255
Com_show_storage_engines	336
Com_show_table_status	1159
Com_show_tables	904
Com_show_triggers	0
Com_show_variables	3136250
Com_show_warnings	70353
Com_show_create_user	1
Com_shutdown	0
Com_slave_start	1
Com_slave_stop	1
Com_group_replication_start	0
Com_group_replication_stop	0
Com_stmt_execute	30245
Com_stmt_close	10950
Com_stmt_fetch	0
Com_stmt_prepare	18650
Com_stmt_reset	0
Com_stmt_send_long_data	0
Com_truncate	0
Com_uninstall_plugin	0
Com_unlock_tables	3976
Com_update	210516440
Com_update_multi	0
Com_xa_commit	0
Com_xa_end	0
Com_xa_prepare	0
Com_xa_recover	0
Com_xa_rollback	0
Com_xa_start	0
Com_stmt_reprepare	3853
Connection_errors_accept	0
Connection_errors_internal	0
Connection_errors_max_connections	0
Connection_errors_peer_address	0
Connection_errors_select	0
Connection_errors_tcpwrap	0
Connections	4094259
Created_tmp_disk_tables	155040571
Created_tmp_files	14407
Created_tmp_tables	798475624
Delayed_errors	0
Delayed_insert_threads	0
Delayed_writes	0
Flush_commands	4391
Handler_commit	1609382346
Handler_delete	39677141
Handler_discover	0
Handler_external_lock	3594847679
Handler_mrr_init	0
Handler_prepare	900806882
Handler_read_first	244665448
Handler_read_key	4294170367
Handler_read_last	3828
Handler_read_next	555822937916
Handler_read_prev	789840069
Handler_read_rnd	1939692192
Handler_read_rnd_next	93990601343
Handler_rollback	144575
Handler_savepoint	0
Handler_savepoint_rollback	0
Handler_update	645832163
Handler_write	39742240080
Innodb_buffer_pool_dump_status	Buffer pool(s) dump completed at 210714 21:07:24
Innodb_buffer_pool_load_status	Buffer pool(s) load completed at 190623  8:59:55
Innodb_buffer_pool_resize_status	
Innodb_buffer_pool_pages_data	1017568
Innodb_buffer_pool_bytes_data	16671834112
Innodb_buffer_pool_pages_dirty	18048
Innodb_buffer_pool_bytes_dirty	295698432
Innodb_buffer_pool_pages_flushed	597841688
Innodb_buffer_pool_pages_free	8191
Innodb_buffer_pool_pages_misc	22753
Innodb_buffer_pool_pages_total	1048512
Innodb_buffer_pool_read_ahead_rnd	0
Innodb_buffer_pool_read_ahead	5242704
Innodb_buffer_pool_read_ahead_evicted	0
Innodb_buffer_pool_read_requests	210887488918
Innodb_buffer_pool_reads	2702440
Innodb_buffer_pool_wait_free	0
Innodb_buffer_pool_write_requests	7119708784
Innodb_data_fsyncs	569999032
Innodb_data_pending_fsyncs	0
Innodb_data_pending_reads	0
Innodb_data_pending_writes	0
Innodb_data_read	131395441152
Innodb_data_reads	8019869
Innodb_data_writes	1010988051
Innodb_data_written	19122663328768
Innodb_dblwr_pages_written	532091653
Innodb_dblwr_writes	91710757
Innodb_log_waits	0
Innodb_log_write_requests	584280477
Innodb_log_writes	303238702
Innodb_os_log_fsyncs	321158132
Innodb_os_log_pending_fsyncs	0
Innodb_os_log_pending_writes	0
Innodb_os_log_written	600774760448
Innodb_page_size	16384
Innodb_pages_created	4085859
Innodb_pages_read	8019736
Innodb_pages_written	597842138
Innodb_row_lock_current_waits	0
Innodb_row_lock_time	23912084
Innodb_row_lock_time_avg	2
Innodb_row_lock_time_max	6000
Innodb_row_lock_waits	10995252
Innodb_rows_deleted	39677416
Innodb_rows_inserted	4411441533
Innodb_rows_read	583126057104
Innodb_rows_updated	190868318
Innodb_num_open_files	133
Innodb_truncated_status_writes	0
Innodb_available_undo_logs	128
Key_blocks_not_flushed	0
Key_blocks_unused	6698
Key_blocks_used	0
Key_read_requests	0
Key_reads	0
Key_write_requests	0
Key_writes	0
Locked_connects	0
Max_execution_time_exceeded	0
Max_execution_time_set	0
Max_execution_time_set_failed	0
Max_used_connections	91
Max_used_connections_time	2020-04-21 12:39:44
Not_flushed_delayed_rows	0
Ongoing_anonymous_transaction_count	0
Open_files	60
Open_streams	0
Open_table_definitions	327
Open_tables	2000
Opened_files	32570059
Opened_table_definitions	1399375
Opened_tables	351689344
Performance_schema_accounts_lost	0
Performance_schema_cond_classes_lost	0
Performance_schema_cond_instances_lost	0
Performance_schema_digest_lost	0
Performance_schema_file_classes_lost	0
Performance_schema_file_handles_lost	0
Performance_schema_file_instances_lost	10
Performance_schema_hosts_lost	0
Performance_schema_index_stat_lost	0
Performance_schema_locker_lost	0
Performance_schema_memory_classes_lost	0
Performance_schema_metadata_lock_lost	0
Performance_schema_mutex_classes_lost	0
Performance_schema_mutex_instances_lost	0
Performance_schema_nested_statement_lost	0
Performance_schema_prepared_statements_lost	0
Performance_schema_program_lost	0
Performance_schema_rwlock_classes_lost	0
Performance_schema_rwlock_instances_lost	0
Performance_schema_session_connect_attrs_lost	0
Performance_schema_socket_classes_lost	0
Performance_schema_socket_instances_lost	0
Performance_schema_stage_classes_lost	0
Performance_schema_statement_classes_lost	0
Performance_schema_table_handles_lost	0
Performance_schema_table_instances_lost	0
Performance_schema_table_lock_stat_lost	0
Performance_schema_thread_classes_lost	0
Performance_schema_thread_instances_lost	0
Performance_schema_users_lost	0
Prepared_stmt_count	0
Qcache_free_blocks	0
Qcache_free_memory	0
Qcache_hits	0
Qcache_inserts	0
Qcache_lowmem_prunes	0
Qcache_not_cached	0
Qcache_queries_in_cache	0
Qcache_total_blocks	0
Queries	2416983660
Questions	2316213015
Select_full_join	1052482
Select_full_range_join	20163746
Select_range	117203927
Select_range_check	46831963
Select_scan	406727671
Slave_open_temp_tables	0
Slow_launch_threads	0
Slow_queries	28356
Sort_merge_passes	18142
Sort_range	34531224
Sort_rows	303011321
Sort_scan	226417545
Ssl_accept_renegotiates	0
Ssl_accepts	0
Ssl_callback_cache_hits	0
Ssl_cipher	
Ssl_cipher_list	
Ssl_client_connects	0
Ssl_connect_renegotiates	0
Ssl_ctx_verify_depth	0
Ssl_ctx_verify_mode	0
Ssl_default_timeout	0
Ssl_finished_accepts	0
Ssl_finished_connects	0
Ssl_server_not_after	
Ssl_server_not_before	
Ssl_session_cache_hits	0
Ssl_session_cache_misses	0
Ssl_session_cache_mode	NONE
Ssl_session_cache_overflows	0
Ssl_session_cache_size	0
Ssl_session_cache_timeouts	0
Ssl_sessions_reused	0
Ssl_used_session_cache_entries	0
Ssl_verify_depth	0
Ssl_verify_mode	0
Ssl_version	
Table_locks_immediate	339622442
Table_locks_waited	0
Table_open_cache_hits	2328615256
Table_open_cache_misses	351689331
Table_open_cache_overflows	343987413
Tc_log_max_pages_used	0
Tc_log_page_size	0
Tc_log_page_waits	0
Threads_cached	2
Threads_connected	51
Threads_created	12224
Threads_running	3
Uptime	65084805
Uptime_since_flush_status	65084805
Replication status:
Global variables:
auto_increment_increment	1
auto_increment_offset	1
autocommit	ON
automatic_sp_privileges	ON
avoid_temporal_upgrade	OFF
back_log	250
basedir	/usr/local/mysql/
big_tables	OFF
bind_address	*
binlog_cache_size	32768
binlog_checksum	CRC32
binlog_direct_non_transactional_updates	OFF
binlog_error_action	ABORT_SERVER
binlog_format	ROW
binlog_group_commit_sync_delay	0
binlog_group_commit_sync_no_delay_count	0
binlog_gtid_simple_recovery	ON
binlog_max_flush_queue_time	0
binlog_order_commits	ON
binlog_row_image	FULL
binlog_rows_query_log_events	ON
binlog_stmt_cache_size	32768
binlog_transaction_dependency_history_size	25000
binlog_transaction_dependency_tracking	COMMIT_ORDER
block_encryption_mode	aes-128-ecb
bulk_insert_buffer_size	8388608
character_set_client	utf8mb4
character_set_connection	utf8mb4
character_set_database	utf8mb4
character_set_filesystem	binary
character_set_results	utf8mb4
character_set_server	utf8mb4
character_set_system	utf8
character_sets_dir	/usr/local/mysql/share/charsets/
check_proxy_users	OFF
collation_connection	utf8mb4_general_ci
collation_database	utf8mb4_general_ci
collation_server	utf8mb4_general_ci
completion_type	NO_CHAIN
concurrent_insert	AUTO
connect_timeout	10
core_file	OFF
datadir	/app/mysql/data/
date_format	%Y-%m-%d
datetime_format	%Y-%m-%d %H:%i:%s
default_authentication_plugin	mysql_native_password
default_password_lifetime	0
default_storage_engine	InnoDB
default_tmp_storage_engine	InnoDB
default_week_format	0
delay_key_write	ON
delayed_insert_limit	100
delayed_insert_timeout	300
delayed_queue_size	1000
disabled_storage_engines	
disconnect_on_expired_password	ON
div_precision_increment	4
end_markers_in_json	OFF
enforce_gtid_consistency	ON
eq_range_index_dive_limit	200
event_scheduler	OFF
expire_logs_days	14
explicit_defaults_for_timestamp	ON
flush	OFF
flush_time	0
foreign_key_checks	ON
ft_boolean_syntax	+ -><()~*:""&|
ft_max_word_len	84
ft_min_word_len	4
ft_query_expansion_limit	20
ft_stopword_file	(built-in)
general_log	OFF
general_log_file	/app/mysql/data/localhost.log
group_concat_max_len	1024
gtid_executed	02edf2a3-8cf4-11e9-bb9c-005056aa81d6:1-234698163,\ne5bdeed9-5070-11e9-adbf-005056be8117:1-26811131
gtid_executed_compression_period	1000
gtid_mode	ON
gtid_owned	
gtid_purged	02edf2a3-8cf4-11e9-bb9c-005056aa81d6:1-228035691,\ne5bdeed9-5070-11e9-adbf-005056be8117:1-26811131
have_compress	YES
have_crypt	YES
have_dynamic_loading	YES
have_geometry	YES
have_openssl	DISABLED
have_profiling	YES
have_query_cache	YES
have_rtree_keys	YES
have_ssl	DISABLED
have_statement_timeout	YES
have_symlink	YES
host_cache_size	653
hostname	localhost.localdomain
ignore_builtin_innodb	OFF
ignore_db_dirs	
init_connect	insert into db_monitor.accesslog(thread_id,log_time,localname,matchname) \nvalues(connection_id(),now(),user(),current_user());
init_file	
init_slave	
innodb_adaptive_flushing	ON
innodb_adaptive_flushing_lwm	10
innodb_adaptive_hash_index	ON
innodb_adaptive_hash_index_parts	8
innodb_adaptive_max_sleep_delay	150000
innodb_api_bk_commit_interval	5
innodb_api_disable_rowlock	OFF
innodb_api_enable_binlog	OFF
innodb_api_enable_mdl	OFF
innodb_api_trx_level	0
innodb_autoextend_increment	64
innodb_autoinc_lock_mode	1
innodb_buffer_pool_chunk_size	134217728
innodb_buffer_pool_dump_at_shutdown	ON
innodb_buffer_pool_dump_now	OFF
innodb_buffer_pool_dump_pct	25
innodb_buffer_pool_filename	ib_buffer_pool
innodb_buffer_pool_instances	8
innodb_buffer_pool_load_abort	OFF
innodb_buffer_pool_load_at_startup	ON
innodb_buffer_pool_load_now	OFF
innodb_buffer_pool_size	17179869184
innodb_change_buffer_max_size	25
innodb_change_buffering	all
innodb_checksum_algorithm	crc32
innodb_checksums	ON
innodb_cmp_per_index_enabled	OFF
innodb_commit_concurrency	0
innodb_compression_failure_threshold_pct	5
innodb_compression_level	6
innodb_compression_pad_pct_max	50
innodb_concurrency_tickets	5000
innodb_data_file_path	ibdata1:1G:autoextend
innodb_data_home_dir	
innodb_deadlock_detect	ON
innodb_default_row_format	dynamic
innodb_disable_sort_file_cache	OFF
innodb_doublewrite	ON
innodb_fast_shutdown	1
innodb_file_format	Barracuda
innodb_file_format_check	ON
innodb_file_format_max	Barracuda
innodb_file_per_table	ON
innodb_fill_factor	100
innodb_flush_log_at_timeout	1
innodb_flush_log_at_trx_commit	1
innodb_flush_method	O_DIRECT
innodb_flush_neighbors	1
innodb_flush_sync	ON
innodb_flushing_avg_loops	30
innodb_force_load_corrupted	OFF
innodb_force_recovery	0
innodb_ft_aux_table	
innodb_ft_cache_size	8000000
innodb_ft_enable_diag_print	OFF
innodb_ft_enable_stopword	ON
innodb_ft_max_token_size	84
innodb_ft_min_token_size	3
innodb_ft_num_word_optimize	2000
innodb_ft_result_cache_limit	2000000000
innodb_ft_server_stopword_table	
innodb_ft_sort_pll_degree	2
innodb_ft_total_cache_size	640000000
innodb_ft_user_stopword_table	
innodb_io_capacity	800
innodb_io_capacity_max	2000
innodb_large_prefix	ON
innodb_lock_wait_timeout	5
innodb_locks_unsafe_for_binlog	OFF
innodb_log_buffer_size	16777216
innodb_log_checksums	ON
innodb_log_compressed_pages	ON
innodb_log_file_size	2147483648
innodb_log_files_in_group	3
innodb_log_group_home_dir	./
innodb_log_write_ahead_size	8192
innodb_lru_scan_depth	1024
innodb_max_dirty_pages_pct	75.000000
innodb_max_dirty_pages_pct_lwm	0.000000
innodb_max_purge_lag	0
innodb_max_purge_lag_delay	0
innodb_max_undo_log_size	1073741824
innodb_monitor_disable	
innodb_monitor_enable	
innodb_monitor_reset	
innodb_monitor_reset_all	
innodb_numa_interleave	OFF
innodb_old_blocks_pct	37
innodb_old_blocks_time	1000
innodb_online_alter_log_max_size	134217728
innodb_open_files	2000
innodb_optimize_fulltext_only	OFF
innodb_page_cleaners	4
innodb_page_size	16384
innodb_print_all_deadlocks	ON
innodb_purge_batch_size	300
innodb_purge_rseg_truncate_frequency	128
innodb_purge_threads	4
innodb_random_read_ahead	OFF
innodb_read_ahead_threshold	56
innodb_read_io_threads	4
innodb_read_only	OFF
innodb_replication_delay	0
innodb_rollback_on_timeout	OFF
innodb_rollback_segments	128
innodb_sort_buffer_size	67108864
innodb_spin_wait_delay	6
innodb_stats_auto_recalc	ON
innodb_stats_include_delete_marked	OFF
innodb_stats_method	nulls_equal
innodb_stats_on_metadata	OFF
innodb_stats_persistent	ON
innodb_stats_persistent_sample_pages	20
innodb_stats_sample_pages	8
innodb_stats_transient_sample_pages	8
innodb_status_output	OFF
innodb_status_output_locks	OFF
innodb_strict_mode	ON
innodb_support_xa	ON
innodb_sync_array_size	1
innodb_sync_spin_loops	30
innodb_table_locks	ON
innodb_temp_data_file_path	ibtmp1:12M:autoextend
innodb_thread_concurrency	0
innodb_thread_sleep_delay	10000
innodb_tmpdir	
innodb_undo_directory	./
innodb_undo_log_truncate	OFF
innodb_undo_logs	128
innodb_undo_tablespaces	3
innodb_use_native_aio	ON
innodb_version	5.7.24
innodb_write_io_threads	4
interactive_timeout	28800
internal_tmp_disk_storage_engine	InnoDB
join_buffer_size	67108864
keep_files_on_create	OFF
key_buffer_size	8388608
key_cache_age_threshold	300
key_cache_block_size	1024
key_cache_division_limit	100
keyring_operations	ON
large_files_support	ON
large_page_size	0
large_pages	OFF
lc_messages	en_US
lc_messages_dir	/usr/local/mysql/share/
lc_time_names	en_US
license	GPL
local_infile	ON
lock_wait_timeout	31536000
locked_in_memory	OFF
log_bin	ON
log_bin_basename	/app/mysql/mysql_logs/mysql-bin
log_bin_index	/app/mysql/mysql_logs/mysql-bin.index
log_bin_trust_function_creators	OFF
log_bin_use_v1_row_events	OFF
log_builtin_as_identified_by_password	OFF
log_error	./mysql-error.log
log_error_verbosity	3
log_output	FILE
log_queries_not_using_indexes	ON
log_slave_updates	ON
log_slow_admin_statements	ON
log_slow_slave_statements	ON
log_statements_unsafe_for_binlog	ON
log_syslog	OFF
log_syslog_facility	daemon
log_syslog_include_pid	ON
log_syslog_tag	
log_throttle_queries_not_using_indexes	10
log_timestamps	UTC
log_warnings	2
long_query_time	2.000000
low_priority_updates	OFF
lower_case_file_system	OFF
lower_case_table_names	1
master_info_repository	TABLE
master_verify_checksum	OFF
max_allowed_packet	33554432
max_binlog_cache_size	18446744073709547520
max_binlog_size	1073741824
max_binlog_stmt_cache_size	18446744073709547520
max_connect_errors	100000
max_connections	1000
max_delayed_threads	20
max_digest_length	1024
max_error_count	64
max_execution_time	0
max_heap_table_size	16777216
max_insert_delayed_threads	20
max_join_size	18446744073709551615
max_length_for_sort_data	1024
max_points_in_geometry	65536
max_prepared_stmt_count	16382
max_relay_log_size	0
max_seeks_for_key	18446744073709551615
max_sort_length	1024
max_sp_recursion_depth	0
max_tmp_tables	32
max_user_connections	0
max_write_lock_count	18446744073709551615
metadata_locks_cache_size	1024
metadata_locks_hash_instances	8
min_examined_row_limit	1000
multi_range_count	256
myisam_data_pointer_size	6
myisam_max_sort_file_size	9223372036853727232
myisam_mmap_size	18446744073709551615
myisam_recover_options	OFF
myisam_repair_threads	1
myisam_sort_buffer_size	8388608
myisam_stats_method	nulls_unequal
myisam_use_mmap	OFF
mysql_native_password_proxy_users	OFF
net_buffer_length	16384
net_read_timeout	30
net_retry_count	10
net_write_timeout	60
new	OFF
ngram_token_size	2
offline_mode	OFF
old	OFF
old_alter_table	ON
old_passwords	0
open_files_limit	65535
optimizer_prune_level	1
optimizer_search_depth	62
optimizer_switch	index_merge=on,index_merge_union=on,index_merge_sort_union=on,index_merge_intersection=on,engine_condition_pushdown=on,index_condition_pushdown=on,mrr=on,mrr_cost_based=on,block_nested_loop=on,batched_key_access=off,materialization=on,semijoin=on,loosescan=on,firstmatch=on,duplicateweedout=on,subquery_materialization_cost_based=on,use_index_extensions=on,condition_fanout_filter=on,derived_merge=on
optimizer_trace	enabled=off,one_line=off
optimizer_trace_features	greedy_search=on,range_optimizer=on,dynamic_range=on,repeated_subselect=on
optimizer_trace_limit	1
optimizer_trace_max_mem_size	16384
optimizer_trace_offset	-1
parser_max_mem_size	18446744073709551615
performance_schema	ON
performance_schema_accounts_size	-1
performance_schema_digests_size	10000
performance_schema_events_stages_history_long_size	10000
performance_schema_events_stages_history_size	10
performance_schema_events_statements_history_long_size	10000
performance_schema_events_statements_history_size	10
performance_schema_events_transactions_history_long_size	10000
performance_schema_events_transactions_history_size	10
performance_schema_events_waits_history_long_size	10000
performance_schema_events_waits_history_size	10
performance_schema_hosts_size	-1
performance_schema_max_cond_classes	80
performance_schema_max_cond_instances	-1
performance_schema_max_digest_length	1024
performance_schema_max_file_classes	80
performance_schema_max_file_handles	32768
performance_schema_max_file_instances	-1
performance_schema_max_index_stat	-1
performance_schema_max_memory_classes	320
performance_schema_max_metadata_locks	-1
performance_schema_max_mutex_classes	210
performance_schema_max_mutex_instances	-1
performance_schema_max_prepared_statements_instances	-1
performance_schema_max_program_instances	-1
performance_schema_max_rwlock_classes	40
performance_schema_max_rwlock_instances	-1
performance_schema_max_socket_classes	10
performance_schema_max_socket_instances	-1
performance_schema_max_sql_text_length	1024
performance_schema_max_stage_classes	150
performance_schema_max_statement_classes	193
performance_schema_max_statement_stack	10
performance_schema_max_table_handles	-1
performance_schema_max_table_instances	-1
performance_schema_max_table_lock_stat	-1
performance_schema_max_thread_classes	50
performance_schema_max_thread_instances	-1
performance_schema_session_connect_attrs_size	512
performance_schema_setup_actors_size	-1
performance_schema_setup_objects_size	-1
performance_schema_users_size	-1
pid_file	/app/mysql/data/mysql.pid
plugin_dir	/usr/local/mysql/lib/plugin/
port	3306
preload_buffer_size	32768
profiling	OFF
profiling_history_size	15
protocol_version	10
query_alloc_block_size	8192
query_cache_limit	1048576
query_cache_min_res_unit	4096
query_cache_size	0
query_cache_type	OFF
query_cache_wlock_invalidate	OFF
query_prealloc_size	8192
range_alloc_block_size	4096
range_optimizer_max_mem_size	8388608
rbr_exec_mode	STRICT
read_buffer_size	16777216
read_only	OFF
read_rnd_buffer_size	33554432
relay_log	mysql-relay.log
relay_log_basename	/app/mysql/data/mysql-relay
relay_log_index	/app/mysql/data/mysql-relay.index
relay_log_info_file	relay-log.info
relay_log_info_repository	TABLE
relay_log_purge	ON
relay_log_recovery	ON
relay_log_space_limit	0
report_host	
report_password	
report_port	3306
report_user	
require_secure_transport	OFF
rpl_stop_slave_timeout	31536000
secure_auth	ON
secure_file_priv	NULL
server_id	10808845
server_id_bits	32
server_uuid	02edf2a3-8cf4-11e9-bb9c-005056aa81d6
session_track_gtids	OFF
session_track_schema	ON
session_track_state_change	OFF
session_track_system_variables	time_zone,autocommit,character_set_client,character_set_results,character_set_connection
session_track_transaction_info	OFF
sha256_password_proxy_users	OFF
show_compatibility_56	OFF
show_create_table_verbosity	OFF
show_old_temporals	OFF
skip_external_locking	ON
skip_name_resolve	ON
skip_networking	OFF
skip_show_database	OFF
slave_allow_batching	OFF
slave_checkpoint_group	512
slave_checkpoint_period	300
slave_compressed_protocol	OFF
slave_exec_mode	STRICT
slave_load_tmpdir	/app/mysql/mysql_tmp
slave_max_allowed_packet	1073741824
slave_net_timeout	60
slave_parallel_type	DATABASE
slave_parallel_workers	0
slave_pending_jobs_size_max	16777216
slave_preserve_commit_order	OFF
slave_rows_search_algorithms	TABLE_SCAN,INDEX_SCAN
slave_skip_errors	1007,1008,1050,1051,1054,1060,1061,1068,1091,1146
slave_sql_verify_checksum	ON
slave_transaction_retries	10
slave_type_conversions	
slow_launch_time	2
slow_query_log	ON
slow_query_log_file	mysql-slow.log
socket	/app/mysql/data/mysql.sock
sort_buffer_size	33554432
sql_auto_is_null	OFF
sql_big_selects	ON
sql_buffer_result	OFF
sql_log_off	OFF
sql_mode	ONLY_FULL_GROUP_BY,STRICT_TRANS_TABLES,NO_ZERO_IN_DATE,NO_ZERO_DATE,ERROR_FOR_DIVISION_BY_ZERO,NO_AUTO_CREATE_USER,NO_ENGINE_SUBSTITUTION
sql_notes	ON
sql_quote_show_create	ON
sql_safe_updates	OFF
sql_select_limit	18446744073709551615
sql_slave_skip_counter	0
sql_warnings	OFF
ssl_ca	
ssl_capath	
ssl_cert	
ssl_cipher	
ssl_crl	
ssl_crlpath	
ssl_key	
stored_program_cache	256
super_read_only	OFF
sync_binlog	1
sync_frm	ON
sync_master_info	10000
sync_relay_log	10000
sync_relay_log_info	10000
system_time_zone	CST
table_definition_cache	1400
table_open_cache	2000
table_open_cache_instances	16
thread_cache_size	18
thread_handling	one-thread-per-connection
thread_stack	262144
time_format	%H:%i:%s
time_zone	SYSTEM
tls_version	TLSv1,TLSv1.1
tmp_table_size	67108864
tmpdir	/app/mysql/mysql_tmp
transaction_alloc_block_size	8192
transaction_isolation	REPEATABLE-READ
transaction_prealloc_size	4096
transaction_read_only	OFF
transaction_write_set_extraction	OFF
tx_isolation	REPEATABLE-READ
tx_read_only	OFF
unique_checks	ON
updatable_views_with_limit	YES
version	5.7.24-log
version_comment	MySQL Community Server (GPL)
version_compile_machine	x86_64
version_compile_os	linux-glibc2.12
wait_timeout	28800
ERROR LOG:
2021-05-21T13:05:45.412233Z 0 [Note] InnoDB: Dumping buffer pool(s) to /app/mysql/data/ib_buffer_pool
2021-05-21T13:05:45.509317Z 0 [Note] InnoDB: Buffer pool(s) dump completed at 210521 21:05:45
2021-05-22T13:06:31.775587Z 0 [Note] InnoDB: Dumping buffer pool(s) to /app/mysql/data/ib_buffer_pool
2021-05-22T13:06:31.876587Z 0 [Note] InnoDB: Buffer pool(s) dump completed at 210522 21:06:31
2021-05-23T13:05:38.413574Z 0 [Note] InnoDB: Dumping buffer pool(s) to /app/mysql/data/ib_buffer_pool
2021-05-23T13:05:38.509185Z 0 [Note] InnoDB: Buffer pool(s) dump completed at 210523 21:05:38
2021-05-24T13:05:46.425237Z 0 [Note] InnoDB: Dumping buffer pool(s) to /app/mysql/data/ib_buffer_pool
2021-05-24T13:05:46.520350Z 0 [Note] InnoDB: Buffer pool(s) dump completed at 210524 21:05:46
2021-05-25T13:05:41.738993Z 0 [Note] InnoDB: Dumping buffer pool(s) to /app/mysql/data/ib_buffer_pool
2021-05-25T13:05:41.834310Z 0 [Note] InnoDB: Buffer pool(s) dump completed at 210525 21:05:41
2021-05-26T13:06:04.336688Z 0 [Note] InnoDB: Dumping buffer pool(s) to /app/mysql/data/ib_buffer_pool
2021-05-26T13:06:04.431844Z 0 [Note] InnoDB: Buffer pool(s) dump completed at 210526 21:06:04
2021-05-27T13:06:05.587929Z 0 [Note] InnoDB: Dumping buffer pool(s) to /app/mysql/data/ib_buffer_pool
2021-05-27T13:06:05.681784Z 0 [Note] InnoDB: Buffer pool(s) dump completed at 210527 21:06:05
2021-05-28T10:51:17.242933Z 3640341 [Note] Aborted connection 3640341 to db: 'bic_tbx_ta' user: 'znyyhf' host: '10.80.33.143' (Got an error reading communication packets)
2021-05-28T10:51:17.405941Z 3813753 [Note] Aborted connection 3813753 to db: 'bic_job_ta' user: 'znyyhf' host: '10.80.33.143' (Got an error reading communication packets)
2021-05-28T10:51:17.405992Z 3815877 [Note] Aborted connection 3815877 to db: 'bic_job_ta' user: 'znyyhf' host: '10.80.33.143' (Got an error reading communication packets)
2021-05-28T10:51:17.405971Z 3815193 [Note] Aborted connection 3815193 to db: 'bic_job_ta' user: 'znyyhf' host: '10.80.33.143' (Got an error reading communication packets)
2021-05-28T10:51:17.406330Z 3816011 [Note] Aborted connection 3816011 to db: 'bic_job_ta' user: 'znyyhf' host: '10.80.33.143' (Got an error reading communication packets)
2021-05-28T10:51:17.438946Z 3815868 [Note] Aborted connection 3815868 to db: 'bic_biz_ta' user: 'znyyhf' host: '10.80.33.143' (Got an error reading communication packets)
2021-05-28T10:51:17.438963Z 3816154 [Note] Aborted connection 3816154 to db: 'bic_biz_ta' user: 'znyyhf' host: '10.80.33.143' (Got an error reading communication packets)
2021-05-28T10:51:17.480999Z 3815203 [Note] Aborted connection 3815203 to db: 'bic_biz_ta' user: 'znyyhf' host: '10.80.33.143' (Got an error reading communication packets)
2021-05-28T10:51:17.575294Z 3640325 [Note] Aborted connection 3640325 to db: 'bic_biz_ta' user: 'znyyhf' host: '10.80.33.143' (Got an error reading communication packets)
2021-05-28T10:53:00.462499Z 3640329 [Note] Aborted connection 3640329 to db: 'bic_tbx_ta' user: 'znyyhf' host: '10.80.33.141' (Got an error reading communication packets)
2021-05-28T10:53:00.462522Z 3812811 [Note] Aborted connection 3812811 to db: 'bic_biz_ta' user: 'znyyhf' host: '10.80.33.141' (Got an error reading communication packets)
2021-05-28T10:53:00.467772Z 3640330 [Note] Aborted connection 3640330 to db: 'bic_fin_ta' user: 'znyyhf' host: '10.80.33.141' (Got an error reading communication packets)
2021-05-28T10:53:00.523258Z 3640327 [Note] Aborted connection 3640327 to db: 'bic_biz_ta' user: 'znyyhf' host: '10.80.33.141' (Got an error reading communication packets)
2021-05-28T10:58:32.715321Z 3815534 [Note] Aborted connection 3815534 to db: 'bic_biz_ta' user: 'znyyhf' host: '10.80.33.142' (Got an error reading communication packets)
2021-05-28T11:14:16.320315Z 3815535 [Note] Aborted connection 3815535 to db: 'bic_fin_ta' user: 'znyyhf' host: '10.80.33.144' (Got an error reading communication packets)
2021-05-28T11:14:16.340320Z 3640343 [Note] Aborted connection 3640343 to db: 'bic_biz_ta' user: 'znyyhf' host: '10.80.33.144' (Got an error reading communication packets)
2021-05-28T11:14:16.354013Z 3815302 [Note] Aborted connection 3815302 to db: 'bic_biz_ta' user: 'znyyhf' host: '10.80.33.144' (Got an error reading communication packets)
2021-05-28T13:05:52.603582Z 0 [Note] InnoDB: Dumping buffer pool(s) to /app/mysql/data/ib_buffer_pool
2021-05-28T13:05:52.704543Z 0 [Note] InnoDB: Buffer pool(s) dump completed at 210528 21:05:52
2021-05-28T19:47:42.232768Z 3818026 [Note] Aborted connection 3818026 to db: 'unconnected' user: 'pmm' host: '127.0.0.1' (Got an error reading communication packets)
2021-05-28T19:47:42.232812Z 3818027 [Note] Aborted connection 3818027 to db: 'unconnected' user: 'pmm' host: '127.0.0.1' (Got an error reading communication packets)
2021-05-28T19:47:42.233322Z 3818028 [Note] Aborted connection 3818028 to db: 'unconnected' user: 'pmm' host: '127.0.0.1' (Got an error reading communication packets)
2021-05-28T20:17:00.700846Z 3818084 [Note] Aborted connection 3818084 to db: 'unconnected' user: 'pmm' host: '127.0.0.1' (Got an error reading communication packets)
2021-05-28T20:17:00.701519Z 3818085 [Note] Aborted connection 3818085 to db: 'unconnected' user: 'pmm' host: '127.0.0.1' (Got an error reading communication packets)
2021-05-29T13:07:00.603239Z 0 [Note] InnoDB: Dumping buffer pool(s) to /app/mysql/data/ib_buffer_pool
2021-05-29T13:07:00.704848Z 0 [Note] InnoDB: Buffer pool(s) dump completed at 210529 21:07:00
2021-05-30T13:05:31.670566Z 0 [Note] InnoDB: Dumping buffer pool(s) to /app/mysql/data/ib_buffer_pool
2021-05-30T13:05:31.765275Z 0 [Note] InnoDB: Buffer pool(s) dump completed at 210530 21:05:31
2021-05-31T13:05:37.760458Z 0 [Note] InnoDB: Dumping buffer pool(s) to /app/mysql/data/ib_buffer_pool
2021-05-31T13:05:37.856104Z 0 [Note] InnoDB: Buffer pool(s) dump completed at 210531 21:05:37
2021-06-01T03:27:44.076268Z 3836552 [Note] Aborted connection 3836552 to db: 'unconnected' user: 'pmm' host: '127.0.0.1' (Got an error reading communication packets)
2021-06-01T03:27:44.096710Z 3836553 [Note] Aborted connection 3836553 to db: 'unconnected' user: 'pmm' host: '127.0.0.1' (Got an error writing communication packets)
2021-06-01T03:27:44.345922Z 3836555 [Note] Aborted connection 3836555 to db: 'unconnected' user: 'pmm' host: '127.0.0.1' (Got an error reading communication packets)
2021-06-01T13:06:05.858563Z 0 [Note] InnoDB: Dumping buffer pool(s) to /app/mysql/data/ib_buffer_pool
2021-06-01T13:06:05.954083Z 0 [Note] InnoDB: Buffer pool(s) dump completed at 210601 21:06:05
2021-06-02T13:06:38.497337Z 0 [Note] InnoDB: Dumping buffer pool(s) to /app/mysql/data/ib_buffer_pool
2021-06-02T13:06:38.594203Z 0 [Note] InnoDB: Buffer pool(s) dump completed at 210602 21:06:38
2021-06-03T13:05:55.862012Z 0 [Note] InnoDB: Dumping buffer pool(s) to /app/mysql/data/ib_buffer_pool
2021-06-03T13:05:55.962607Z 0 [Note] InnoDB: Buffer pool(s) dump completed at 210603 21:05:55
2021-06-04T13:06:12.615608Z 0 [Note] InnoDB: Dumping buffer pool(s) to /app/mysql/data/ib_buffer_pool
2021-06-04T13:06:12.710587Z 0 [Note] InnoDB: Buffer pool(s) dump completed at 210604 21:06:12
2021-06-05T13:06:53.536977Z 0 [Note] InnoDB: Dumping buffer pool(s) to /app/mysql/data/ib_buffer_pool
2021-06-05T13:06:53.636006Z 0 [Note] InnoDB: Buffer pool(s) dump completed at 210605 21:06:53
2021-06-06T13:05:45.887921Z 0 [Note] InnoDB: Dumping buffer pool(s) to /app/mysql/data/ib_buffer_pool
2021-06-06T13:05:45.983079Z 0 [Note] InnoDB: Buffer pool(s) dump completed at 210606 21:05:45
2021-06-07T13:05:42.675446Z 0 [Note] InnoDB: Dumping buffer pool(s) to /app/mysql/data/ib_buffer_pool
2021-06-07T13:05:42.769831Z 0 [Note] InnoDB: Buffer pool(s) dump completed at 210607 21:05:42
2021-06-08T13:05:53.276993Z 0 [Note] InnoDB: Dumping buffer pool(s) to /app/mysql/data/ib_buffer_pool
2021-06-08T13:05:53.371844Z 0 [Note] InnoDB: Buffer pool(s) dump completed at 210608 21:05:53
2021-06-09T13:07:15.703992Z 0 [Note] InnoDB: Dumping buffer pool(s) to /app/mysql/data/ib_buffer_pool
2021-06-09T13:07:15.796356Z 0 [Note] InnoDB: Buffer pool(s) dump completed at 210609 21:07:15
2021-06-10T13:06:26.784787Z 0 [Note] InnoDB: Dumping buffer pool(s) to /app/mysql/data/ib_buffer_pool
2021-06-10T13:06:26.884835Z 0 [Note] InnoDB: Buffer pool(s) dump completed at 210610 21:06:26
2021-06-11T13:05:54.801931Z 0 [Note] InnoDB: Dumping buffer pool(s) to /app/mysql/data/ib_buffer_pool
2021-06-11T13:05:54.900206Z 0 [Note] InnoDB: Buffer pool(s) dump completed at 210611 21:05:54
2021-06-12T13:06:46.958165Z 0 [Note] InnoDB: Dumping buffer pool(s) to /app/mysql/data/ib_buffer_pool
2021-06-12T13:06:47.054722Z 0 [Note] InnoDB: Buffer pool(s) dump completed at 210612 21:06:47
2021-06-13T13:05:42.334670Z 0 [Note] InnoDB: Dumping buffer pool(s) to /app/mysql/data/ib_buffer_pool
2021-06-13T13:05:42.430559Z 0 [Note] InnoDB: Buffer pool(s) dump completed at 210613 21:05:42
2021-06-14T13:05:51.909920Z 0 [Note] InnoDB: Dumping buffer pool(s) to /app/mysql/data/ib_buffer_pool
2021-06-14T13:05:52.007885Z 0 [Note] InnoDB: Buffer pool(s) dump completed at 210614 21:05:52
2021-06-15T13:06:07.269741Z 0 [Note] InnoDB: Dumping buffer pool(s) to /app/mysql/data/ib_buffer_pool
2021-06-15T13:06:07.364115Z 0 [Note] InnoDB: Buffer pool(s) dump completed at 210615 21:06:07
2021-06-16T13:06:16.459415Z 0 [Note] InnoDB: Dumping buffer pool(s) to /app/mysql/data/ib_buffer_pool
2021-06-16T13:06:16.553103Z 0 [Note] InnoDB: Buffer pool(s) dump completed at 210616 21:06:16
2021-06-17T13:05:56.684933Z 0 [Note] InnoDB: Dumping buffer pool(s) to /app/mysql/data/ib_buffer_pool
2021-06-17T13:05:56.779218Z 0 [Note] InnoDB: Buffer pool(s) dump completed at 210617 21:05:56
2021-06-18T13:05:51.937067Z 0 [Note] InnoDB: Dumping buffer pool(s) to /app/mysql/data/ib_buffer_pool
2021-06-18T13:05:52.030620Z 0 [Note] InnoDB: Buffer pool(s) dump completed at 210618 21:05:52
2021-06-19T13:06:42.862308Z 0 [Note] InnoDB: Dumping buffer pool(s) to /app/mysql/data/ib_buffer_pool
2021-06-19T13:06:42.955365Z 0 [Note] InnoDB: Buffer pool(s) dump completed at 210619 21:06:42
2021-06-20T13:06:15.378338Z 0 [Note] InnoDB: Dumping buffer pool(s) to /app/mysql/data/ib_buffer_pool
2021-06-20T13:06:15.475184Z 0 [Note] InnoDB: Buffer pool(s) dump completed at 210620 21:06:15
2021-06-21T10:28:42.158648Z 3951800 [Note] Aborted connection 3951800 to db: 'bic_biz_ta' user: 'zhdaoshan' host: '10.80.80.244' (Got an error reading communication packets)
2021-06-21T13:05:53.399092Z 0 [Note] InnoDB: Dumping buffer pool(s) to /app/mysql/data/ib_buffer_pool
2021-06-21T13:05:53.492321Z 0 [Note] InnoDB: Buffer pool(s) dump completed at 210621 21:05:53
2021-06-22T10:06:00.409210Z 3957461 [Note] Aborted connection 3957461 to db: 'bic_biz_ta' user: 'znyyhf' host: '10.80.80.214' (Got an error reading communication packets)
2021-06-22T10:06:00.409456Z 3957463 [Note] Aborted connection 3957463 to db: 'bic_biz_ta' user: 'znyyhf' host: '10.80.80.214' (Got an error reading communication packets)
2021-06-22T10:06:00.409685Z 3957446 [Note] Aborted connection 3957446 to db: 'bic_biz_ta' user: 'zhdaoshan' host: '10.80.80.244' (Got an error reading communication packets)
2021-06-22T10:06:00.409777Z 3957447 [Note] Aborted connection 3957447 to db: 'bic_biz_ta' user: 'zhdaoshan' host: '10.80.80.244' (Got an error reading communication packets)
2021-06-22T10:06:52.522207Z 3957472 [Note] Aborted connection 3957472 to db: 'bic_biz_ta' user: 'zhdaoshan' host: '10.80.80.244' (Got an error reading communication packets)
2021-06-22T10:06:52.522390Z 3957473 [Note] Aborted connection 3957473 to db: 'bic_biz_ta' user: 'zhdaoshan' host: '10.80.80.244' (Got an error reading communication packets)
2021-06-22T12:52:54.082720Z 3956220 [Note] Aborted connection 3956220 to db: 'unconnected' user: 'zhdaoshan' host: '10.80.80.23' (Got timeout reading communication packets)
2021-06-22T13:05:53.369993Z 0 [Note] InnoDB: Dumping buffer pool(s) to /app/mysql/data/ib_buffer_pool
2021-06-22T13:05:53.466149Z 0 [Note] InnoDB: Buffer pool(s) dump completed at 210622 21:05:53
2021-06-23T03:25:01.552291Z 3961562 [Note] Access denied for user 'root'@'localhost' (using password: NO)
2021-06-23T04:24:22.136692Z 3961812 [Note] Access denied for user 'repl'@'localhost' (using password: YES)
2021-06-23T05:54:02.008190Z 3962162 [Note] Start binlog_dump to master_thread_id(3962162) slave_server(10808846), pos(, 4)
2021-06-23T09:33:13.191357Z 3963057 [Note] Aborted connection 3963057 to db: 'bic_biz_ta' user: 'zhdaoshan' host: '10.80.80.244' (Got an error reading communication packets)
2021-06-23T13:06:33.010876Z 0 [Note] InnoDB: Dumping buffer pool(s) to /app/mysql/data/ib_buffer_pool
2021-06-23T13:06:33.110320Z 0 [Note] InnoDB: Buffer pool(s) dump completed at 210623 21:06:33
2021-06-24T13:06:11.867748Z 0 [Note] InnoDB: Dumping buffer pool(s) to /app/mysql/data/ib_buffer_pool
2021-06-24T13:06:11.965157Z 0 [Note] InnoDB: Buffer pool(s) dump completed at 210624 21:06:11
2021-06-25T13:06:03.732815Z 0 [Note] InnoDB: Dumping buffer pool(s) to /app/mysql/data/ib_buffer_pool
2021-06-25T13:06:03.828765Z 0 [Note] InnoDB: Buffer pool(s) dump completed at 210625 21:06:03
2021-06-26T13:06:55.536991Z 0 [Note] InnoDB: Dumping buffer pool(s) to /app/mysql/data/ib_buffer_pool
2021-06-26T13:06:55.633511Z 0 [Note] InnoDB: Buffer pool(s) dump completed at 210626 21:06:55
2021-06-27T13:05:49.873516Z 0 [Note] InnoDB: Dumping buffer pool(s) to /app/mysql/data/ib_buffer_pool
2021-06-27T13:05:49.967336Z 0 [Note] InnoDB: Buffer pool(s) dump completed at 210627 21:05:49
2021-06-28T13:05:53.425805Z 0 [Note] InnoDB: Dumping buffer pool(s) to /app/mysql/data/ib_buffer_pool
2021-06-28T13:05:53.525638Z 0 [Note] InnoDB: Buffer pool(s) dump completed at 210628 21:05:53
2021-06-29T13:05:58.941342Z 0 [Note] InnoDB: Dumping buffer pool(s) to /app/mysql/data/ib_buffer_pool
2021-06-29T13:05:59.040030Z 0 [Note] InnoDB: Buffer pool(s) dump completed at 210629 21:05:59
2021-06-30T06:14:40.174602Z 4004130 [Note] Aborted connection 4004130 to db: 'bic_biz_ta' user: 'xlei40' host: '10.80.80.126' (Got an error reading communication packets)
2021-06-30T13:06:41.960339Z 0 [Note] InnoDB: Dumping buffer pool(s) to /app/mysql/data/ib_buffer_pool
2021-06-30T13:06:42.057945Z 0 [Note] InnoDB: Buffer pool(s) dump completed at 210630 21:06:42
2021-07-01T03:30:37.523719Z 4009359 [Note] Aborted connection 4009359 to db: 'bic_biz_ta' user: 'zhdaoshan' host: '10.80.80.244' (Got an error reading communication packets)
2021-07-01T03:30:37.523900Z 4009358 [Note] Aborted connection 4009358 to db: 'bic_biz_ta' user: 'zhdaoshan' host: '10.80.80.244' (Got an error reading communication packets)
2021-07-01T06:38:08.966533Z 4010177 [Note] Aborted connection 4010177 to db: 'bic_biz_ta' user: 'zhdaoshan' host: '10.80.80.244' (Got an error reading communication packets)
2021-07-01T06:38:08.966549Z 4010178 [Note] Aborted connection 4010178 to db: 'bic_biz_ta' user: 'zhdaoshan' host: '10.80.80.244' (Got an error reading communication packets)
2021-07-01T11:01:39.891378Z 4009287 [Note] Aborted connection 4009287 to db: 'bic_biz_ta' user: 'zhdaoshan' host: '10.80.80.244' (Got timeout reading communication packets)
2021-07-01T11:01:39.941364Z 4009286 [Note] Aborted connection 4009286 to db: 'bic_biz_ta' user: 'zhdaoshan' host: '10.80.80.244' (Got timeout reading communication packets)
2021-07-01T13:06:11.670994Z 0 [Note] InnoDB: Dumping buffer pool(s) to /app/mysql/data/ib_buffer_pool
2021-07-01T13:06:11.765604Z 0 [Note] InnoDB: Buffer pool(s) dump completed at 210701 21:06:11
2021-07-02T13:06:12.436137Z 0 [Note] InnoDB: Dumping buffer pool(s) to /app/mysql/data/ib_buffer_pool
2021-07-02T13:06:12.533662Z 0 [Note] InnoDB: Buffer pool(s) dump completed at 210702 21:06:12
2021-07-03T13:07:04.115237Z 0 [Note] InnoDB: Dumping buffer pool(s) to /app/mysql/data/ib_buffer_pool
2021-07-03T13:07:04.211796Z 0 [Note] InnoDB: Buffer pool(s) dump completed at 210703 21:07:04
2021-07-04T13:05:54.233007Z 0 [Note] InnoDB: Dumping buffer pool(s) to /app/mysql/data/ib_buffer_pool
2021-07-04T13:05:54.328840Z 0 [Note] InnoDB: Buffer pool(s) dump completed at 210704 21:05:54
2021-07-05T08:13:52.746456Z 4034096 [Note] Aborted connection 4034096 to db: 'bic_biz_ta' user: 'zhdaoshan' host: '10.80.80.244' (Got an error reading communication packets)
2021-07-05T08:13:52.746996Z 4034097 [Note] Aborted connection 4034097 to db: 'bic_biz_ta' user: 'zhdaoshan' host: '10.80.80.244' (Got an error reading communication packets)
2021-07-05T08:13:52.747361Z 4034114 [Note] Aborted connection 4034114 to db: 'bic_biz_ta' user: 'zhdaoshan' host: '10.80.80.244' (Got an error reading communication packets)
2021-07-05T13:06:03.771621Z 0 [Note] InnoDB: Dumping buffer pool(s) to /app/mysql/data/ib_buffer_pool
2021-07-05T13:06:03.869127Z 0 [Note] InnoDB: Buffer pool(s) dump completed at 210705 21:06:03
2021-07-05T15:24:35.004398Z 4034201 [Note] Aborted connection 4034201 to db: 'bic_biz_ta' user: 'zhdaoshan' host: '10.80.80.244' (Got timeout reading communication packets)
2021-07-05T15:24:35.078528Z 4034199 [Note] Aborted connection 4034199 to db: 'bic_biz_ta' user: 'zhdaoshan' host: '10.80.80.244' (Got timeout reading communication packets)
2021-07-06T11:16:20.201787Z 3816385 [Note] Aborted connection 3816385 to db: 'bic_tbx_ta' user: 'znyyhf' host: '10.80.33.143' (Got an error reading communication packets)
2021-07-06T11:16:20.473500Z 4039959 [Note] Aborted connection 4039959 to db: 'bic_biz_ta' user: 'znyyhf' host: '10.80.33.143' (Got an error reading communication packets)
2021-07-06T11:16:20.473812Z 4038820 [Note] Aborted connection 4038820 to db: 'bic_biz_ta' user: 'znyyhf' host: '10.80.33.143' (Got an error reading communication packets)
2021-07-06T11:16:20.530363Z 4040442 [Note] Aborted connection 4040442 to db: 'bic_job_ta' user: 'znyyhf' host: '10.80.33.143' (Got an error reading communication packets)
2021-07-06T11:16:20.530450Z 4040949 [Note] Aborted connection 4040949 to db: 'bic_job_ta' user: 'znyyhf' host: '10.80.33.143' (Got an error reading communication packets)
2021-07-06T11:16:20.530729Z 4040746 [Note] Aborted connection 4040746 to db: 'bic_job_ta' user: 'znyyhf' host: '10.80.33.143' (Got an error reading communication packets)
2021-07-06T11:16:20.609633Z 3816371 [Note] Aborted connection 3816371 to db: 'bic_biz_ta' user: 'znyyhf' host: '10.80.33.143' (Got an error reading communication packets)
2021-07-06T11:16:20.628301Z 4039962 [Note] Aborted connection 4039962 to db: 'bic_biz_ta' user: 'znyyhf' host: '10.80.33.143' (Got an error reading communication packets)
2021-07-06T11:17:35.681563Z 3816378 [Note] Aborted connection 3816378 to db: 'bic_fin_ta' user: 'znyyhf' host: '10.80.33.141' (Got an error reading communication packets)
2021-07-06T11:17:35.714877Z 3816380 [Note] Aborted connection 3816380 to db: 'bic_tbx_ta' user: 'znyyhf' host: '10.80.33.141' (Got an error reading communication packets)
2021-07-06T11:17:35.755308Z 4037459 [Note] Aborted connection 4037459 to db: 'bic_biz_ta' user: 'znyyhf' host: '10.80.33.141' (Got an error reading communication packets)
2021-07-06T11:17:35.763553Z 3816375 [Note] Aborted connection 3816375 to db: 'bic_biz_ta' user: 'znyyhf' host: '10.80.33.141' (Got an error reading communication packets)
2021-07-06T11:18:40.325557Z 4039377 [Note] Aborted connection 4039377 to db: 'bic_biz_ta' user: 'znyyhf' host: '10.80.33.142' (Got an error reading communication packets)
2021-07-06T11:19:09.239411Z 4039383 [Note] Aborted connection 4039383 to db: 'bic_fin_ta' user: 'znyyhf' host: '10.80.33.144' (Got an error reading communication packets)
2021-07-06T11:19:09.270906Z 4039977 [Note] Aborted connection 4039977 to db: 'bic_biz_ta' user: 'znyyhf' host: '10.80.33.144' (Got an error reading communication packets)
2021-07-06T11:19:09.304333Z 3816465 [Note] Aborted connection 3816465 to db: 'bic_biz_ta' user: 'znyyhf' host: '10.80.33.144' (Got an error reading communication packets)
2021-07-06T13:06:06.479041Z 0 [Note] InnoDB: Dumping buffer pool(s) to /app/mysql/data/ib_buffer_pool
2021-07-06T13:06:06.574301Z 0 [Note] InnoDB: Buffer pool(s) dump completed at 210706 21:06:06
2021-07-06T19:04:06.796487Z 4041225 [Note] Aborted connection 4041225 to db: 'bic_biz_ta' user: 'zhdaoshan' host: '10.80.80.244' (Got timeout reading communication packets)
2021-07-06T19:04:06.833350Z 4041224 [Note] Aborted connection 4041224 to db: 'bic_biz_ta' user: 'zhdaoshan' host: '10.80.80.244' (Got timeout reading communication packets)
2021-07-07T09:57:58.660211Z 4046795 [Note] Aborted connection 4046795 to db: 'bic_biz_ta' user: 'zhdaoshan' host: '10.80.80.244' (Got an error reading communication packets)
2021-07-07T09:57:58.660667Z 4046796 [Note] Aborted connection 4046796 to db: 'bic_biz_ta' user: 'zhdaoshan' host: '10.80.80.244' (Got an error reading communication packets)
2021-07-07T09:57:58.660812Z 4046798 [Note] Aborted connection 4046798 to db: 'bic_biz_ta' user: 'zhdaoshan' host: '10.80.80.244' (Got an error reading communication packets)
2021-07-07T09:57:58.660912Z 4046797 [Note] Aborted connection 4046797 to db: 'bic_biz_ta' user: 'zhdaoshan' host: '10.80.80.244' (Got an error reading communication packets)
2021-07-07T10:01:44.575333Z 4044875 [Note] Aborted connection 4044875 to db: 'bic_biz_ta' user: 'zhdaoshan' host: '10.80.80.244' (Got timeout reading communication packets)
2021-07-07T10:01:44.663328Z 4044927 [Note] Aborted connection 4044927 to db: 'bic_biz_ta' user: 'zhdaoshan' host: '10.80.80.244' (Got timeout reading communication packets)
2021-07-07T13:06:46.203583Z 0 [Note] InnoDB: Dumping buffer pool(s) to /app/mysql/data/ib_buffer_pool
2021-07-07T13:06:46.299289Z 0 [Note] InnoDB: Buffer pool(s) dump completed at 210707 21:06:46
2021-07-08T13:06:13.418196Z 0 [Note] InnoDB: Dumping buffer pool(s) to /app/mysql/data/ib_buffer_pool
2021-07-08T13:06:13.512581Z 0 [Note] InnoDB: Buffer pool(s) dump completed at 210708 21:06:13
2021-07-09T01:53:09.410401Z 4056878 [Note] Access denied for user 'system'@'127.0.0.1' (using password: YES)
2021-07-09T01:53:26.484842Z 4056879 [Note] Access denied for user 'system'@'127.0.0.1' (using password: YES)
2021-07-09T09:48:17.932408Z 4056854 [Note] Aborted connection 4056854 to db: 'unconnected' user: 'zhdaoshan' host: '10.80.80.23' (Got timeout reading communication packets)
2021-07-09T13:06:12.770574Z 0 [Note] InnoDB: Dumping buffer pool(s) to /app/mysql/data/ib_buffer_pool
2021-07-09T13:06:12.862695Z 0 [Note] InnoDB: Buffer pool(s) dump completed at 210709 21:06:12
2021-07-10T13:07:03.310745Z 0 [Note] InnoDB: Dumping buffer pool(s) to /app/mysql/data/ib_buffer_pool
2021-07-10T13:07:03.406655Z 0 [Note] InnoDB: Buffer pool(s) dump completed at 210710 21:07:03
2021-07-11T13:05:57.328186Z 0 [Note] InnoDB: Dumping buffer pool(s) to /app/mysql/data/ib_buffer_pool
2021-07-11T13:05:57.424009Z 0 [Note] InnoDB: Buffer pool(s) dump completed at 210711 21:05:57
2021-07-12T13:00:12.892775Z 0 [Note] InnoDB: page_cleaner: 1000ms intended loop took 4871ms. The settings might not be optimal. (flushed=801 and evicted=0, during the time.)
2021-07-12T13:06:11.255139Z 0 [Note] InnoDB: Dumping buffer pool(s) to /app/mysql/data/ib_buffer_pool
2021-07-12T13:06:11.349610Z 0 [Note] InnoDB: Buffer pool(s) dump completed at 210712 21:06:11
2021-07-13T13:06:15.526509Z 0 [Note] InnoDB: Dumping buffer pool(s) to /app/mysql/data/ib_buffer_pool
2021-07-13T13:06:15.623691Z 0 [Note] InnoDB: Buffer pool(s) dump completed at 210713 21:06:15
2021-07-14T02:17:56.382610Z 4086772 [Note] Aborted connection 4086772 to db: 'bic_biz_ta' user: 'zhdaoshan' host: '10.80.80.244' (Got an error reading communication packets)
2021-07-14T02:17:56.382808Z 4086770 [Note] Aborted connection 4086770 to db: 'bic_biz_ta' user: 'zhdaoshan' host: '10.80.80.244' (Got an error reading communication packets)
2021-07-14T02:17:56.382956Z 4086771 [Note] Aborted connection 4086771 to db: 'bic_biz_ta' user: 'zhdaoshan' host: '10.80.80.244' (Got an error reading communication packets)
2021-07-14T13:07:24.194549Z 0 [Note] InnoDB: Dumping buffer pool(s) to /app/mysql/data/ib_buffer_pool
2021-07-14T13:07:24.288441Z 0 [Note] InnoDB: Buffer pool(s) dump completed at 210714 21:07:24
2021-07-14T17:23:51.223223Z 4088599 [Note] Aborted connection 4088599 to db: 'bic_biz_ta' user: 'zhdaoshan' host: '10.80.80.244' (Got timeout reading communication packets)
2021-07-14T17:23:51.354924Z 4088601 [Note] Aborted connection 4088601 to db: 'bic_biz_ta' user: 'zhdaoshan' host: '10.80.80.244' (Got timeout reading communication packets)
2021-07-14T17:36:09.892818Z 4088598 [Note] Aborted connection 4088598 to db: 'bic_biz_ta' user: 'zhdaoshan' host: '10.80.80.244' (Got timeout reading communication packets)
2021-07-14T17:36:38.420416Z 4088597 [Note] Aborted connection 4088597 to db: 'bic_biz_ta' user: 'zhdaoshan' host: '10.80.80.244' (Got timeout reading communication packets)
2021-07-14T17:43:04.225496Z 4088683 [Note] Aborted connection 4088683 to db: 'bic_biz_ta' user: 'zhdaoshan' host: '10.80.80.244' (Got timeout reading communication packets)
2021-07-14T17:43:32.615820Z 4088682 [Note] Aborted connection 4088682 to db: 'bic_biz_ta' user: 'zhdaoshan' host: '10.80.80.244' (Got timeout reading communication packets)
2021-07-14T17:43:32.768876Z 4088681 [Note] Aborted connection 4088681 to db: 'bic_biz_ta' user: 'zhdaoshan' host: '10.80.80.244' (Got timeout reading communication packets)
2021-07-15T01:43:05.093882Z 4092614 [Note] Aborted connection 4092614 to db: 'bic_biz_ta' user: 'zhdaoshan' host: '10.80.80.244' (Got an error reading communication packets)
2021-07-15T01:43:05.093921Z 4092613 [Note] Aborted connection 4092613 to db: 'bic_biz_ta' user: 'zhdaoshan' host: '10.80.80.244' (Got an error reading communication packets)
2021-07-15T08:06:22.151202Z 4094245 [Note] Access denied for user 'root'@'localhost' (using password: NO)
