******************** MySQL--localhost--3306 ***********************
--------------
mysql  Ver 14.14 Distrib 5.7.24, for linux-glibc2.12 (x86_64) using  EditLine wrapper

Connection id:		779842
Current database:	
Current user:		root@localhost
SSL:			Not in use
Current pager:		stdout
Using outfile:		''
Using delimiter:	;
Server version:		5.7.24-log MySQL Community Server (GPL)
Protocol version:	10
Connection:		Localhost via UNIX socket
Server characterset:	utf8mb4
Db     characterset:	utf8mb4
Client characterset:	utf8
Conn.  characterset:	utf8
UNIX socket:		/data/mysql/data/mysql.sock
Uptime:			184 days 6 hours 41 min 21 sec

Threads: 7  Questions: 146148995  Slow queries: 15309  Opens: 78228449  Flush tables: 1  Open tables: 2000  Queries per second avg: 9.179
--------------

                             basedir :	/usr/local/mysql/
                             datadir :	/data/mysql/data/
                                     :	          
               ####Business info#### :	          
                       Database size :	db_monitor 0.006 GB lms 3.087 GB sys 0.000 GB
                       Tables counts :	db_monitor 1 lms 100 sys 101
                      Engines counts :	NULL 100 InnoDB 102
                 Top 10 of big table :	tbl_user_audit_log 1088819 accesslog 103478 tbl_accounting_calculation_cas21 89898 tbl_scheduler_log 67718 tbl_entry_gl_submitted 49568 tbl_entry_gl 38516 tbl_lease_audit_contract_data 31464 tbl_scheduler_tasks 24496 tbl_payments_calculation 19170 tbl_accounting_book_close 17666
        Top 10 of auto increment num :	tbl_user_audit_log 1119601 tbl_accounting_calculation_cas21 158960 accesslog 131739 tbl_scheduler_tasks 76815 tbl_accounting_book_close 73952 tbl_scheduler_log 70314 tbl_entry_gl_submitted 53271 tbl_entry_gl 48455 tbl_sap_master_cost_center 46493 tbl_lease_audit_contract_data 32689
                                     :	          
              ####Runtime status#### :	          
                   Threads connected :	     4.00 
                                 QPS :	     5.75 
                                 TPS :	     1.12 
                               Reads :	54482294.00 
                              Writes :	18349927.00 
                   Read/Writes Ratio :	  296.91% 
   MyISAM Key buffer read hits(>99%) :	  100.00% 
        MyISAM Key buffer write hits :	   10.88% 
                    Query cache hits :	    NULL% 
       InnoDB buffer read hits(>95%) :	  100.00% 
             Thread cache hits(>90%) :	  100.00% 
             Slow queries per second :	     0.00 
         Select full join per second :	     0.96 
      Select full join in all select :	    0.47% 
         MyiSAM lock contention(<1%) :	    0.00% 
           Temp tables to disk ratio :	    8.57% 
No innodb tables
No primary key tables
password equals user
Global status:
Aborted_clients	158
Aborted_connects	4
Binlog_cache_disk_use	6839
Binlog_cache_use	17791182
Binlog_stmt_cache_disk_use	0
Binlog_stmt_cache_use	293
Bytes_received	26908730106
Bytes_sent	415839302265
Com_admin_commands	18504367
Com_assign_to_keycache	0
Com_alter_db	0
Com_alter_db_upgrade	0
Com_alter_event	0
Com_alter_function	0
Com_alter_instance	0
Com_alter_procedure	0
Com_alter_server	0
Com_alter_table	6
Com_alter_tablespace	0
Com_alter_user	3
Com_analyze	0
Com_begin	17791182
Com_binlog	0
Com_call_procedure	0
Com_change_db	52338
Com_change_master	1
Com_change_repl_filter	0
Com_check	0
Com_checksum	0
Com_commit	17791182
Com_create_db	7
Com_create_event	7
Com_create_function	0
Com_create_index	0
Com_create_procedure	0
Com_create_server	0
Com_create_table	203
Com_create_trigger	0
Com_create_udf	0
Com_create_user	6
Com_create_view	0
Com_dealloc_sql	0
Com_delete	5535
Com_delete_multi	0
Com_do	0
Com_drop_db	2
Com_drop_event	0
Com_drop_function	0
Com_drop_index	0
Com_drop_procedure	0
Com_drop_server	0
Com_drop_table	4
Com_drop_trigger	0
Com_drop_user	0
Com_drop_view	0
Com_empty_query	0
Com_execute_sql	0
Com_explain_other	0
Com_flush	2
Com_get_diagnostics	0
Com_grant	52
Com_ha_close	0
Com_ha_open	0
Com_ha_read	0
Com_help	0
Com_insert	1833593
Com_insert_select	0
Com_install_plugin	2
Com_kill	1
Com_load	0
Com_lock_tables	0
Com_optimize	0
Com_preload_keys	0
Com_prepare_sql	0
Com_purge	0
Com_purge_before_date	0
Com_release_savepoint	0
Com_rename_table	0
Com_rename_user	0
Com_repair	0
Com_replace	0
Com_replace_select	0
Com_reset	0
Com_resignal	0
Com_revoke	2
Com_revoke_all	0
Com_rollback	0
Com_rollback_to_savepoint	0
Com_savepoint	0
Com_select	54482307
Com_set_option	1559701
Com_signal	0
Com_show_binlog_events	0
Com_show_binlogs	253546
Com_show_charsets	6
Com_show_collations	5
Com_show_create_db	0
Com_show_create_event	0
Com_show_create_func	0
Com_show_create_proc	0
Com_show_create_table	51096
Com_show_create_trigger	0
Com_show_databases	134
Com_show_engine_logs	0
Com_show_engine_mutex	0
Com_show_engine_status	0
Com_show_events	0
Com_show_errors	0
Com_show_fields	589
Com_show_function_code	0
Com_show_function_status	1
Com_show_grants	7
Com_show_keys	14
Com_show_master_status	0
Com_show_open_tables	0
Com_show_plugins	0
Com_show_privileges	0
Com_show_procedure_code	0
Com_show_procedure_status	1
Com_show_processlist	0
Com_show_profile	0
Com_show_profiles	0
Com_show_relaylog_events	0
Com_show_slave_hosts	0
Com_show_slave_status	3092640
Com_show_status	15209807
Com_show_storage_engines	5
Com_show_table_status	442
Com_show_tables	73
Com_show_triggers	0
Com_show_variables	811511
Com_show_warnings	0
Com_show_create_user	0
Com_shutdown	0
Com_slave_start	2
Com_slave_stop	1
Com_group_replication_start	0
Com_group_replication_stop	0
Com_stmt_execute	0
Com_stmt_close	0
Com_stmt_fetch	0
Com_stmt_prepare	0
Com_stmt_reset	0
Com_stmt_send_long_data	0
Com_truncate	0
Com_uninstall_plugin	0
Com_unlock_tables	0
Com_update	16510800
Com_update_multi	0
Com_xa_commit	0
Com_xa_end	0
Com_xa_prepare	0
Com_xa_recover	0
Com_xa_rollback	0
Com_xa_start	0
Com_stmt_reprepare	0
Connection_errors_accept	0
Connection_errors_internal	0
Connection_errors_max_connections	0
Connection_errors_peer_address	0
Connection_errors_select	0
Connection_errors_tcpwrap	0
Connections	779847
Created_tmp_disk_tables	13692144
Created_tmp_files	119
Created_tmp_tables	159761103
Delayed_errors	0
Delayed_insert_threads	0
Delayed_writes	0
Flush_commands	1
Handler_commit	90237963
Handler_delete	97462
Handler_discover	0
Handler_external_lock	131837991
Handler_mrr_init	0
Handler_prepare	72282216
Handler_read_first	3301562
Handler_read_key	58350370
Handler_read_last	45
Handler_read_next	421958
Handler_read_prev	1020254
Handler_read_rnd	17133267
Handler_read_rnd_next	18751312656
Handler_rollback	1
Handler_savepoint	0
Handler_savepoint_rollback	0
Handler_update	37063327
Handler_write	9892642439
Innodb_buffer_pool_dump_status	Dumping of buffer pool not started
Innodb_buffer_pool_load_status	Buffer pool(s) load completed at 210112  9:51:37
Innodb_buffer_pool_resize_status	
Innodb_buffer_pool_pages_data	213672
Innodb_buffer_pool_bytes_data	3500802048
Innodb_buffer_pool_pages_dirty	486
Innodb_buffer_pool_bytes_dirty	7962624
Innodb_buffer_pool_pages_flushed	2009055
Innodb_buffer_pool_pages_free	572334
Innodb_buffer_pool_pages_misc	330
Innodb_buffer_pool_pages_total	786336
Innodb_buffer_pool_read_ahead_rnd	0
Innodb_buffer_pool_read_ahead	0
Innodb_buffer_pool_read_ahead_evicted	0
Innodb_buffer_pool_read_requests	872340167
Innodb_buffer_pool_reads	271
Innodb_buffer_pool_wait_free	0
Innodb_buffer_pool_write_requests	640442893
Innodb_data_fsyncs	33856593
Innodb_data_pending_fsyncs	0
Innodb_data_pending_reads	0
Innodb_data_pending_writes	0
Innodb_data_read	4510208
Innodb_data_reads	306
Innodb_data_writes	35611490
Innodb_data_written	106009406464
Innodb_dblwr_pages_written	1621928
Innodb_dblwr_writes	170573
Innodb_log_waits	0
Innodb_log_write_requests	34440194
Innodb_log_writes	33404537
Innodb_os_log_fsyncs	33419356
Innodb_os_log_pending_fsyncs	0
Innodb_os_log_pending_writes	0
Innodb_os_log_written	46509722112
Innodb_page_size	16384
Innodb_pages_created	213402
Innodb_pages_read	270
Innodb_pages_written	2009215
Innodb_row_lock_current_waits	0
Innodb_row_lock_time	0
Innodb_row_lock_time_avg	0
Innodb_row_lock_time_max	0
Innodb_row_lock_waits	0
Innodb_rows_deleted	97469
Innodb_rows_inserted	1158453241
Innodb_rows_read	1261681198
Innodb_rows_updated	34553776
Innodb_num_open_files	129
Innodb_truncated_status_writes	0
Innodb_available_undo_logs	128
Key_blocks_not_flushed	0
Key_blocks_unused	6689
Key_blocks_used	12
Key_read_requests	7918710
Key_reads	19
Key_write_requests	147
Key_writes	131
Locked_connects	0
Max_execution_time_exceeded	0
Max_execution_time_set	0
Max_execution_time_set_failed	0
Max_used_connections	36
Max_used_connections_time	2021-03-16 08:49:11
Not_flushed_delayed_rows	0
Ongoing_anonymous_transaction_count	0
Open_files	55
Open_streams	0
Open_table_definitions	321
Open_tables	2000
Opened_files	5243676
Opened_table_definitions	637
Opened_tables	78228654
Performance_schema_accounts_lost	0
Performance_schema_cond_classes_lost	0
Performance_schema_cond_instances_lost	0
Performance_schema_digest_lost	0
Performance_schema_file_classes_lost	0
Performance_schema_file_handles_lost	0
Performance_schema_file_instances_lost	4
Performance_schema_hosts_lost	0
Performance_schema_index_stat_lost	0
Performance_schema_locker_lost	0
Performance_schema_memory_classes_lost	0
Performance_schema_metadata_lock_lost	0
Performance_schema_mutex_classes_lost	0
Performance_schema_mutex_instances_lost	0
Performance_schema_nested_statement_lost	0
Performance_schema_prepared_statements_lost	0
Performance_schema_program_lost	0
Performance_schema_rwlock_classes_lost	0
Performance_schema_rwlock_instances_lost	0
Performance_schema_session_connect_attrs_lost	0
Performance_schema_socket_classes_lost	0
Performance_schema_socket_instances_lost	0
Performance_schema_stage_classes_lost	0
Performance_schema_statement_classes_lost	0
Performance_schema_table_handles_lost	0
Performance_schema_table_instances_lost	0
Performance_schema_table_lock_stat_lost	0
Performance_schema_thread_classes_lost	0
Performance_schema_thread_instances_lost	0
Performance_schema_users_lost	0
Prepared_stmt_count	0
Qcache_free_blocks	0
Qcache_free_memory	0
Qcache_hits	0
Qcache_inserts	0
Qcache_lowmem_prunes	0
Qcache_not_cached	0
Qcache_queries_in_cache	0
Qcache_total_blocks	0
Queries	146149009
Questions	91503236
Rpl_semi_sync_master_clients	0
Rpl_semi_sync_master_net_avg_wait_time	0
Rpl_semi_sync_master_net_wait_time	0
Rpl_semi_sync_master_net_waits	0
Rpl_semi_sync_master_no_times	1
Rpl_semi_sync_master_no_tx	17791467
Rpl_semi_sync_master_status	OFF
Rpl_semi_sync_master_timefunc_failures	0
Rpl_semi_sync_master_tx_avg_wait_time	0
Rpl_semi_sync_master_tx_wait_time	0
Rpl_semi_sync_master_tx_waits	0
Rpl_semi_sync_master_wait_pos_backtraverse	0
Rpl_semi_sync_master_wait_sessions	0
Rpl_semi_sync_master_yes_tx	0
Rpl_semi_sync_slave_status	ON
Select_full_join	253559
Select_full_range_join	4
Select_range	58
Select_range_check	0
Select_scan	67514239
Slave_open_temp_tables	0
Slow_launch_threads	0
Slow_queries	15309
Sort_merge_passes	56
Sort_range	3
Sort_rows	296836
Sort_scan	767
Ssl_accept_renegotiates	0
Ssl_accepts	0
Ssl_callback_cache_hits	0
Ssl_cipher	
Ssl_cipher_list	
Ssl_client_connects	0
Ssl_connect_renegotiates	0
Ssl_ctx_verify_depth	0
Ssl_ctx_verify_mode	0
Ssl_default_timeout	0
Ssl_finished_accepts	0
Ssl_finished_connects	0
Ssl_server_not_after	
Ssl_server_not_before	
Ssl_session_cache_hits	0
Ssl_session_cache_misses	0
Ssl_session_cache_mode	NONE
Ssl_session_cache_overflows	0
Ssl_session_cache_size	0
Ssl_session_cache_timeouts	0
Ssl_sessions_reused	0
Ssl_used_session_cache_entries	0
Ssl_verify_depth	0
Ssl_verify_mode	0
Ssl_version	
Table_locks_immediate	29612259
Table_locks_waited	0
Table_open_cache_hits	213523497
Table_open_cache_misses	78228653
Table_open_cache_overflows	78226022
Tc_log_max_pages_used	0
Tc_log_page_size	0
Tc_log_page_waits	0
Threads_cached	14
Threads_connected	4
Threads_created	36
Threads_running	2
Uptime	15921682
Uptime_since_flush_status	15921682
Replication status:
*************************** 1. row ***************************
               Slave_IO_State: Waiting for master to send event
                  Master_Host: 10.80.88.110
                  Master_User: replUser
                  Master_Port: 3306
                Connect_Retry: 60
              Master_Log_File: mysql-bin.000188
          Read_Master_Log_Pos: 44593107
               Relay_Log_File: mysql-relay.000375
                Relay_Log_Pos: 44593320
        Relay_Master_Log_File: mysql-bin.000188
             Slave_IO_Running: Yes
            Slave_SQL_Running: Yes
              Replicate_Do_DB: 
          Replicate_Ignore_DB: 
           Replicate_Do_Table: 
       Replicate_Ignore_Table: 
      Replicate_Wild_Do_Table: 
  Replicate_Wild_Ignore_Table: 
                   Last_Errno: 0
                   Last_Error: 
                 Skip_Counter: 0
          Exec_Master_Log_Pos: 44593107
              Relay_Log_Space: 44593610
              Until_Condition: None
               Until_Log_File: 
                Until_Log_Pos: 0
           Master_SSL_Allowed: No
           Master_SSL_CA_File: 
           Master_SSL_CA_Path: 
              Master_SSL_Cert: 
            Master_SSL_Cipher: 
               Master_SSL_Key: 
        Seconds_Behind_Master: 0
Master_SSL_Verify_Server_Cert: No
                Last_IO_Errno: 0
                Last_IO_Error: 
               Last_SQL_Errno: 0
               Last_SQL_Error: 
  Replicate_Ignore_Server_Ids: 
             Master_Server_Id: 881103306
                  Master_UUID: 3c100376-5475-11eb-8979-005056aa7bda
             Master_Info_File: mysql.slave_master_info
                    SQL_Delay: 0
          SQL_Remaining_Delay: NULL
      Slave_SQL_Running_State: Slave has read all relay log; waiting for more updates
           Master_Retry_Count: 86400
                  Master_Bind: 
      Last_IO_Error_Timestamp: 
     Last_SQL_Error_Timestamp: 
               Master_SSL_Crl: 
           Master_SSL_Crlpath: 
           Retrieved_Gtid_Set: 3c100376-5475-11eb-8979-005056aa7bda:1-17791471
            Executed_Gtid_Set: 3c100376-5475-11eb-8979-005056aa7bda:1-17791471,
adf8037a-5478-11eb-8d37-005056aac965:1-4
                Auto_Position: 1
         Replicate_Rewrite_DB: 
                 Channel_Name: 
           Master_TLS_Version: 
Global variables:
auto_increment_increment	1
auto_increment_offset	1
autocommit	ON
automatic_sp_privileges	ON
avoid_temporal_upgrade	OFF
back_log	250
basedir	/usr/local/mysql/
big_tables	OFF
bind_address	*
binlog_cache_size	32768
binlog_checksum	CRC32
binlog_direct_non_transactional_updates	OFF
binlog_error_action	ABORT_SERVER
binlog_format	ROW
binlog_group_commit_sync_delay	0
binlog_group_commit_sync_no_delay_count	0
binlog_gtid_simple_recovery	ON
binlog_max_flush_queue_time	0
binlog_order_commits	ON
binlog_row_image	FULL
binlog_rows_query_log_events	ON
binlog_stmt_cache_size	32768
binlog_transaction_dependency_history_size	25000
binlog_transaction_dependency_tracking	COMMIT_ORDER
block_encryption_mode	aes-128-ecb
bulk_insert_buffer_size	8388608
character_set_client	utf8mb4
character_set_connection	utf8mb4
character_set_database	utf8mb4
character_set_filesystem	binary
character_set_results	utf8mb4
character_set_server	utf8mb4
character_set_system	utf8
character_sets_dir	/usr/local/mysql/share/charsets/
check_proxy_users	OFF
collation_connection	utf8mb4_general_ci
collation_database	utf8mb4_general_ci
collation_server	utf8mb4_general_ci
completion_type	NO_CHAIN
concurrent_insert	AUTO
connect_timeout	10
core_file	OFF
datadir	/data/mysql/data/
date_format	%Y-%m-%d
datetime_format	%Y-%m-%d %H:%i:%s
default_authentication_plugin	mysql_native_password
default_password_lifetime	0
default_storage_engine	InnoDB
default_tmp_storage_engine	InnoDB
default_week_format	0
delay_key_write	ON
delayed_insert_limit	100
delayed_insert_timeout	300
delayed_queue_size	1000
disabled_storage_engines	
disconnect_on_expired_password	ON
div_precision_increment	4
end_markers_in_json	OFF
enforce_gtid_consistency	ON
eq_range_index_dive_limit	200
event_scheduler	ON
expire_logs_days	14
explicit_defaults_for_timestamp	ON
flush	OFF
flush_time	0
foreign_key_checks	ON
ft_boolean_syntax	+ -><()~*:""&|
ft_max_word_len	84
ft_min_word_len	4
ft_query_expansion_limit	20
ft_stopword_file	(built-in)
general_log	OFF
general_log_file	/data/mysql/data/10-80-88-111.log
group_concat_max_len	1024
gtid_executed	3c100376-5475-11eb-8979-005056aa7bda:1-17791471,\nadf8037a-5478-11eb-8d37-005056aac965:1-4
gtid_executed_compression_period	1000
gtid_mode	ON
gtid_owned	
gtid_purged	3c100376-5475-11eb-8979-005056aa7bda:1-14871729,\nadf8037a-5478-11eb-8d37-005056aac965:1-4
have_compress	YES
have_crypt	YES
have_dynamic_loading	YES
have_geometry	YES
have_openssl	DISABLED
have_profiling	YES
have_query_cache	YES
have_rtree_keys	YES
have_ssl	DISABLED
have_statement_timeout	YES
have_symlink	YES
host_cache_size	653
hostname	10-80-88-111
ignore_builtin_innodb	OFF
ignore_db_dirs	
init_connect	
init_file	
init_slave	
innodb_adaptive_flushing	ON
innodb_adaptive_flushing_lwm	10
innodb_adaptive_hash_index	ON
innodb_adaptive_hash_index_parts	8
innodb_adaptive_max_sleep_delay	150000
innodb_api_bk_commit_interval	5
innodb_api_disable_rowlock	OFF
innodb_api_enable_binlog	OFF
innodb_api_enable_mdl	OFF
innodb_api_trx_level	0
innodb_autoextend_increment	64
innodb_autoinc_lock_mode	1
innodb_buffer_pool_chunk_size	134217728
innodb_buffer_pool_dump_at_shutdown	ON
innodb_buffer_pool_dump_now	OFF
innodb_buffer_pool_dump_pct	25
innodb_buffer_pool_filename	ib_buffer_pool
innodb_buffer_pool_instances	8
innodb_buffer_pool_load_abort	OFF
innodb_buffer_pool_load_at_startup	ON
innodb_buffer_pool_load_now	OFF
innodb_buffer_pool_size	12884901888
innodb_change_buffer_max_size	25
innodb_change_buffering	all
innodb_checksum_algorithm	crc32
innodb_checksums	ON
innodb_cmp_per_index_enabled	OFF
innodb_commit_concurrency	0
innodb_compression_failure_threshold_pct	5
innodb_compression_level	6
innodb_compression_pad_pct_max	50
innodb_concurrency_tickets	5000
innodb_data_file_path	ibdata1:1G:autoextend
innodb_data_home_dir	
innodb_deadlock_detect	ON
innodb_default_row_format	dynamic
innodb_disable_sort_file_cache	OFF
innodb_doublewrite	ON
innodb_fast_shutdown	1
innodb_file_format	Barracuda
innodb_file_format_check	ON
innodb_file_format_max	Barracuda
innodb_file_per_table	ON
innodb_fill_factor	100
innodb_flush_log_at_timeout	1
innodb_flush_log_at_trx_commit	1
innodb_flush_method	O_DIRECT
innodb_flush_neighbors	1
innodb_flush_sync	ON
innodb_flushing_avg_loops	30
innodb_force_load_corrupted	OFF
innodb_force_recovery	0
innodb_ft_aux_table	
innodb_ft_cache_size	8000000
innodb_ft_enable_diag_print	OFF
innodb_ft_enable_stopword	ON
innodb_ft_max_token_size	84
innodb_ft_min_token_size	3
innodb_ft_num_word_optimize	2000
innodb_ft_result_cache_limit	2000000000
innodb_ft_server_stopword_table	
innodb_ft_sort_pll_degree	2
innodb_ft_total_cache_size	640000000
innodb_ft_user_stopword_table	
innodb_io_capacity	800
innodb_io_capacity_max	2000
innodb_large_prefix	ON
innodb_lock_wait_timeout	5
innodb_locks_unsafe_for_binlog	OFF
innodb_log_buffer_size	67108864
innodb_log_checksums	ON
innodb_log_compressed_pages	ON
innodb_log_file_size	1073741824
innodb_log_files_in_group	2
innodb_log_group_home_dir	./
innodb_log_write_ahead_size	8192
innodb_lru_scan_depth	1024
innodb_max_dirty_pages_pct	75.000000
innodb_max_dirty_pages_pct_lwm	0.000000
innodb_max_purge_lag	0
innodb_max_purge_lag_delay	0
innodb_max_undo_log_size	1073741824
innodb_monitor_disable	
innodb_monitor_enable	
innodb_monitor_reset	
innodb_monitor_reset_all	
innodb_numa_interleave	OFF
innodb_old_blocks_pct	37
innodb_old_blocks_time	1000
innodb_online_alter_log_max_size	134217728
innodb_open_files	2000
innodb_optimize_fulltext_only	OFF
innodb_page_cleaners	4
innodb_page_size	16384
innodb_print_all_deadlocks	ON
innodb_purge_batch_size	300
innodb_purge_rseg_truncate_frequency	128
innodb_purge_threads	4
innodb_random_read_ahead	OFF
innodb_read_ahead_threshold	56
innodb_read_io_threads	4
innodb_read_only	OFF
innodb_replication_delay	0
innodb_rollback_on_timeout	OFF
innodb_rollback_segments	128
innodb_sort_buffer_size	67108864
innodb_spin_wait_delay	6
innodb_stats_auto_recalc	ON
innodb_stats_include_delete_marked	OFF
innodb_stats_method	nulls_equal
innodb_stats_on_metadata	OFF
innodb_stats_persistent	ON
innodb_stats_persistent_sample_pages	20
innodb_stats_sample_pages	8
innodb_stats_transient_sample_pages	8
innodb_status_output	OFF
innodb_status_output_locks	OFF
innodb_strict_mode	ON
innodb_support_xa	ON
innodb_sync_array_size	1
innodb_sync_spin_loops	30
innodb_table_locks	ON
innodb_temp_data_file_path	ibtmp1:12M:autoextend
innodb_thread_concurrency	0
innodb_thread_sleep_delay	10000
innodb_tmpdir	
innodb_undo_directory	./
innodb_undo_log_truncate	OFF
innodb_undo_logs	128
innodb_undo_tablespaces	3
innodb_use_native_aio	ON
innodb_version	5.7.24
innodb_write_io_threads	4
interactive_timeout	28800
internal_tmp_disk_storage_engine	InnoDB
join_buffer_size	67108864
keep_files_on_create	OFF
key_buffer_size	8388608
key_cache_age_threshold	300
key_cache_block_size	1024
key_cache_division_limit	100
keyring_operations	ON
large_files_support	ON
large_page_size	0
large_pages	OFF
lc_messages	en_US
lc_messages_dir	/usr/local/mysql/share/
lc_time_names	en_US
license	GPL
local_infile	ON
lock_wait_timeout	31536000
locked_in_memory	OFF
log_bin	ON
log_bin_basename	/data/mysql/mysql_logs/mysql-bin
log_bin_index	/data/mysql/mysql_logs/mysql-bin.index
log_bin_trust_function_creators	OFF
log_bin_use_v1_row_events	OFF
log_builtin_as_identified_by_password	OFF
log_error	./mysql-error.log
log_error_verbosity	3
log_output	FILE
log_queries_not_using_indexes	ON
log_slave_updates	ON
log_slow_admin_statements	ON
log_slow_slave_statements	ON
log_statements_unsafe_for_binlog	ON
log_syslog	OFF
log_syslog_facility	daemon
log_syslog_include_pid	ON
log_syslog_tag	
log_throttle_queries_not_using_indexes	10
log_timestamps	UTC
log_warnings	2
long_query_time	2.000000
low_priority_updates	OFF
lower_case_file_system	OFF
lower_case_table_names	1
master_info_repository	TABLE
master_verify_checksum	OFF
max_allowed_packet	134217728
max_binlog_cache_size	18446744073709547520
max_binlog_size	1073741824
max_binlog_stmt_cache_size	18446744073709547520
max_connect_errors	100000
max_connections	1000
max_delayed_threads	20
max_digest_length	1024
max_error_count	64
max_execution_time	0
max_heap_table_size	16777216
max_insert_delayed_threads	20
max_join_size	18446744073709551615
max_length_for_sort_data	1024
max_points_in_geometry	65536
max_prepared_stmt_count	16382
max_relay_log_size	0
max_seeks_for_key	18446744073709551615
max_sort_length	1024
max_sp_recursion_depth	0
max_tmp_tables	32
max_user_connections	0
max_write_lock_count	18446744073709551615
metadata_locks_cache_size	1024
metadata_locks_hash_instances	8
min_examined_row_limit	1000
multi_range_count	256
myisam_data_pointer_size	6
myisam_max_sort_file_size	9223372036853727232
myisam_mmap_size	18446744073709551615
myisam_recover_options	OFF
myisam_repair_threads	1
myisam_sort_buffer_size	8388608
myisam_stats_method	nulls_unequal
myisam_use_mmap	OFF
mysql_native_password_proxy_users	OFF
net_buffer_length	16384
net_read_timeout	30
net_retry_count	10
net_write_timeout	60
new	OFF
ngram_token_size	2
offline_mode	OFF
old	OFF
old_alter_table	OFF
old_passwords	0
open_files_limit	65535
optimizer_prune_level	1
optimizer_search_depth	62
optimizer_switch	index_merge=on,index_merge_union=on,index_merge_sort_union=on,index_merge_intersection=on,engine_condition_pushdown=on,index_condition_pushdown=on,mrr=on,mrr_cost_based=on,block_nested_loop=on,batched_key_access=off,materialization=on,semijoin=on,loosescan=on,firstmatch=on,duplicateweedout=on,subquery_materialization_cost_based=on,use_index_extensions=on,condition_fanout_filter=on,derived_merge=on
optimizer_trace	enabled=off,one_line=off
optimizer_trace_features	greedy_search=on,range_optimizer=on,dynamic_range=on,repeated_subselect=on
optimizer_trace_limit	1
optimizer_trace_max_mem_size	16384
optimizer_trace_offset	-1
parser_max_mem_size	18446744073709551615
performance_schema	ON
performance_schema_accounts_size	-1
performance_schema_digests_size	10000
performance_schema_events_stages_history_long_size	10000
performance_schema_events_stages_history_size	10
performance_schema_events_statements_history_long_size	10000
performance_schema_events_statements_history_size	10
performance_schema_events_transactions_history_long_size	10000
performance_schema_events_transactions_history_size	10
performance_schema_events_waits_history_long_size	10000
performance_schema_events_waits_history_size	10
performance_schema_hosts_size	-1
performance_schema_max_cond_classes	80
performance_schema_max_cond_instances	-1
performance_schema_max_digest_length	1024
performance_schema_max_file_classes	80
performance_schema_max_file_handles	32768
performance_schema_max_file_instances	-1
performance_schema_max_index_stat	-1
performance_schema_max_memory_classes	320
performance_schema_max_metadata_locks	-1
performance_schema_max_mutex_classes	210
performance_schema_max_mutex_instances	-1
performance_schema_max_prepared_statements_instances	-1
performance_schema_max_program_instances	-1
performance_schema_max_rwlock_classes	40
performance_schema_max_rwlock_instances	-1
performance_schema_max_socket_classes	10
performance_schema_max_socket_instances	-1
performance_schema_max_sql_text_length	1024
performance_schema_max_stage_classes	150
performance_schema_max_statement_classes	193
performance_schema_max_statement_stack	10
performance_schema_max_table_handles	-1
performance_schema_max_table_instances	-1
performance_schema_max_table_lock_stat	-1
performance_schema_max_thread_classes	50
performance_schema_max_thread_instances	-1
performance_schema_session_connect_attrs_size	512
performance_schema_setup_actors_size	-1
performance_schema_setup_objects_size	-1
performance_schema_users_size	-1
pid_file	mysql.pid
plugin_dir	/usr/local/mysql/lib/plugin/
port	3306
preload_buffer_size	32768
profiling	OFF
profiling_history_size	15
protocol_version	10
query_alloc_block_size	8192
query_cache_limit	1048576
query_cache_min_res_unit	4096
query_cache_size	0
query_cache_type	OFF
query_cache_wlock_invalidate	OFF
query_prealloc_size	8192
range_alloc_block_size	4096
range_optimizer_max_mem_size	8388608
rbr_exec_mode	STRICT
read_buffer_size	16777216
read_only	OFF
read_rnd_buffer_size	33554432
relay_log	mysql-relay.log
relay_log_basename	/data/mysql/data/mysql-relay
relay_log_index	/data/mysql/data/mysql-relay.index
relay_log_info_file	relay-log.info
relay_log_info_repository	TABLE
relay_log_purge	ON
relay_log_recovery	ON
relay_log_space_limit	0
report_host	
report_password	
report_port	3306
report_user	
require_secure_transport	OFF
rpl_semi_sync_master_enabled	ON
rpl_semi_sync_master_timeout	10000
rpl_semi_sync_master_trace_level	32
rpl_semi_sync_master_wait_for_slave_count	1
rpl_semi_sync_master_wait_no_slave	ON
rpl_semi_sync_master_wait_point	AFTER_SYNC
rpl_semi_sync_slave_enabled	ON
rpl_semi_sync_slave_trace_level	32
rpl_stop_slave_timeout	31536000
secure_auth	ON
secure_file_priv	NULL
server_id	881113306
server_id_bits	32
server_uuid	adf8037a-5478-11eb-8d37-005056aac965
session_track_gtids	OFF
session_track_schema	ON
session_track_state_change	OFF
session_track_system_variables	time_zone,autocommit,character_set_client,character_set_results,character_set_connection
session_track_transaction_info	OFF
sha256_password_proxy_users	OFF
show_compatibility_56	OFF
show_create_table_verbosity	OFF
show_old_temporals	OFF
skip_external_locking	ON
skip_name_resolve	ON
skip_networking	OFF
skip_show_database	OFF
slave_allow_batching	OFF
slave_checkpoint_group	512
slave_checkpoint_period	300
slave_compressed_protocol	OFF
slave_exec_mode	STRICT
slave_load_tmpdir	/data/mysql/mysql_tmp
slave_max_allowed_packet	1073741824
slave_net_timeout	60
slave_parallel_type	DATABASE
slave_parallel_workers	0
slave_pending_jobs_size_max	16777216
slave_preserve_commit_order	OFF
slave_rows_search_algorithms	TABLE_SCAN,INDEX_SCAN
slave_skip_errors	OFF
slave_sql_verify_checksum	ON
slave_transaction_retries	10
slave_type_conversions	
slow_launch_time	2
slow_query_log	ON
slow_query_log_file	mysql-slow.log
socket	/data/mysql/data/mysql.sock
sort_buffer_size	33554432
sql_auto_is_null	OFF
sql_big_selects	ON
sql_buffer_result	OFF
sql_log_off	OFF
sql_mode	STRICT_TRANS_TABLES,ERROR_FOR_DIVISION_BY_ZERO,NO_AUTO_CREATE_USER,NO_ENGINE_SUBSTITUTION
sql_notes	ON
sql_quote_show_create	ON
sql_safe_updates	OFF
sql_select_limit	18446744073709551615
sql_slave_skip_counter	0
sql_warnings	OFF
ssl_ca	
ssl_capath	
ssl_cert	
ssl_cipher	
ssl_crl	
ssl_crlpath	
ssl_key	
stored_program_cache	256
super_read_only	OFF
sync_binlog	1
sync_frm	ON
sync_master_info	10000
sync_relay_log	10000
sync_relay_log_info	10000
system_time_zone	CST
table_definition_cache	1400
table_open_cache	2000
table_open_cache_instances	16
thread_cache_size	18
thread_handling	one-thread-per-connection
thread_stack	262144
time_format	%H:%i:%s
time_zone	+08:00
tls_version	TLSv1,TLSv1.1
tmp_table_size	67108864
tmpdir	/data/mysql/mysql_tmp
transaction_alloc_block_size	8192
transaction_isolation	REPEATABLE-READ
transaction_prealloc_size	4096
transaction_read_only	OFF
transaction_write_set_extraction	OFF
tx_isolation	REPEATABLE-READ
tx_read_only	OFF
unique_checks	ON
updatable_views_with_limit	YES
version	5.7.24-log
version_comment	MySQL Community Server (GPL)
version_compile_machine	x86_64
version_compile_os	linux-glibc2.12
wait_timeout	28800
ERROR LOG:
2021-01-12T01:51:37.534938Z 0 [Warning] 'tables_priv' entry 'user mysql.session@localhost' ignored in --skip-name-resolve mode.
2021-01-12T01:51:37.534972Z 0 [Warning] 'tables_priv' entry 'sys_config mysql.sys@localhost' ignored in --skip-name-resolve mode.
2021-01-12T01:51:37.594670Z 0 [Note] Failed to start slave threads for channel ''
2021-01-12T01:51:37.605161Z 0 [Note] Event Scheduler: Loaded 0 events
2021-01-12T01:51:37.605319Z 1 [Note] Event Scheduler: scheduler thread started with id 1
2021-01-12T01:51:37.605487Z 0 [Note] /usr/local/mysql/bin/mysqld: ready for connections.
Version: '5.7.24-log'  socket: '/data/mysql/data/mysql.sock'  port: 3306  MySQL Community Server (GPL)
2021-01-12T01:51:37.671464Z 0 [Note] InnoDB: Buffer pool(s) load completed at 210112  9:51:37
2021-01-12T05:35:00.141452Z 4 [Note] Access denied for user 'root'@'localhost' (using password: YES)
2021-01-12T05:44:15.305713Z 5 [Note] 'CHANGE MASTER TO FOR CHANNEL '' executed'. Previous state master_host='', master_port= 3306, master_log_file='', master_log_pos= 4, master_bind=''. New state master_host='10.80.88.110', master_port= 3306, master_log_file='', master_log_pos= 4, master_bind=''.
2021-01-12T05:44:59.871724Z 6 [Note] Slave I/O thread: Start semi-sync replication to master 'replUser@10.80.88.110:3306' in log 'FIRST' at position 4
2021-01-12T05:44:59.871919Z 6 [Warning] Storing MySQL user name or password information in the master info repository is not secure and is therefore not recommended. Please consider using the USER and PASSWORD connection options for START SLAVE; see the 'START SLAVE Syntax' in the MySQL Manual for more information.
2021-01-12T05:44:59.873522Z 7 [Note] Slave SQL thread for channel '' initialized, starting replication in log 'FIRST' at position 0, relay log './mysql-relay.000001' position: 4
2021-01-12T05:44:59.873600Z 6 [Note] Slave I/O thread for channel '': connected to master 'replUser@10.80.88.110:3306',replication started in log 'FIRST' at position 4
2021-01-12T05:56:55.419335Z 7 [Note] Error reading relay log event for channel '': slave SQL thread was killed
2021-01-12T05:56:55.419417Z 7 [Note] Slave SQL thread for channel '' exiting, replication stopped in log 'mysql-bin.000002' at position 1795
2021-01-12T05:56:55.425524Z 6 [Note] Slave I/O thread killed while reading event for channel ''
2021-01-12T05:56:55.425550Z 6 [Note] Slave I/O thread exiting for channel '', read up to log 'mysql-bin.000002', position 1795
2021-01-12T05:59:03.345593Z 5 [Note] Semi-sync replication initialized for transactions.
2021-01-12T05:59:03.345662Z 5 [Note] Semi-sync replication enabled on the master.
2021-01-12T05:59:03.345796Z 0 [Note] Starting ack receiver thread
2021-01-12T05:59:19.611313Z 8 [Note] Slave I/O thread: Start semi-sync replication to master 'replUser@10.80.88.110:3306' in log 'mysql-bin.000002' at position 1795
2021-01-12T05:59:19.611365Z 8 [Warning] Storing MySQL user name or password information in the master info repository is not secure and is therefore not recommended. Please consider using the USER and PASSWORD connection options for START SLAVE; see the 'START SLAVE Syntax' in the MySQL Manual for more information.
2021-01-12T05:59:19.612293Z 8 [Note] Slave I/O thread for channel '': connected to master 'replUser@10.80.88.110:3306',replication started in log 'mysql-bin.000002' at position 1795
2021-01-12T05:59:19.614478Z 9 [Note] Slave SQL thread for channel '' initialized, starting replication in log 'mysql-bin.000002' at position 1795, relay log './mysql-relay.000002' position: 2008
2021-01-14T06:14:31.612665Z 9 [Warning] Timeout waiting for reply of binlog (file: mysql-bin.000004, pos: 2286), semi-sync up to file , position 0.
2021-01-14T06:14:31.612740Z 9 [Note] Semi-sync replication switched OFF.
2021-01-21T02:27:24.102510Z 4653 [Note] Aborted connection 4653 to db: 'information_schema' user: 'ypeng' host: '10.80.80.244' (Got an error reading communication packets)
2021-01-21T02:27:24.102588Z 4651 [Note] Aborted connection 4651 to db: 'information_schema' user: 'ypeng' host: '10.80.80.244' (Got an error reading communication packets)
2021-01-21T04:06:18.668141Z 4962 [Note] Got packets out of order
2021-01-21T08:42:49.548207Z 5804 [Note] Aborted connection 5804 to db: 'lms' user: 'ypeng' host: '10.80.80.244' (Got an error reading communication packets)
2021-01-21T08:42:49.548235Z 5805 [Note] Aborted connection 5805 to db: 'lms' user: 'ypeng' host: '10.80.80.244' (Got an error reading communication packets)
2021-01-21T08:43:20.391675Z 5816 [Note] Aborted connection 5816 to db: 'unconnected' user: 'ypeng' host: '10.80.80.244' (Got an error reading communication packets)
2021-01-21T08:44:12.784983Z 5820 [Note] Aborted connection 5820 to db: 'unconnected' user: 'ypeng' host: '10.80.80.244' (Got an error reading communication packets)
2021-01-22T20:33:35.451853Z 10959 [Note] Aborted connection 10959 to db: 'unconnected' user: 'ypeng' host: '10.80.80.244' (Got timeout reading communication packets)
2021-01-22T20:33:53.316699Z 10961 [Note] Aborted connection 10961 to db: 'lms' user: 'ypeng' host: '10.80.80.244' (Got timeout reading communication packets)
2021-01-22T20:33:53.564218Z 10960 [Note] Aborted connection 10960 to db: 'lms' user: 'ypeng' host: '10.80.80.244' (Got timeout reading communication packets)
2021-01-27T16:00:27.240960Z 33746 [Note] Aborted connection 33746 to db: 'unconnected' user: 'zabbix' host: '127.0.0.1' (Got an error reading communication packets)
2021-02-25T13:41:00.190325Z 161788 [Note] Aborted connection 161788 to db: 'lms' user: 'ypeng' host: '10.80.80.244' (Got an error reading communication packets)
2021-02-25T13:41:00.191067Z 161787 [Note] Aborted connection 161787 to db: 'lms' user: 'ypeng' host: '10.80.80.244' (Got an error reading communication packets)
2021-02-26T07:37:59.756882Z 164941 [Note] Aborted connection 164941 to db: 'lms' user: 'ypeng' host: '10.80.80.244' (Got an error reading communication packets)
2021-02-26T07:37:59.756901Z 164960 [Note] Aborted connection 164960 to db: 'lms' user: 'ypeng' host: '10.80.80.244' (Got an error reading communication packets)
2021-02-26T09:15:42.070398Z 165413 [Note] Aborted connection 165413 to db: 'unconnected' user: 'ypeng' host: '10.80.80.244' (Got an error reading communication packets)
2021-02-26T09:57:18.879116Z 165242 [Note] Aborted connection 165242 to db: 'lms' user: 'ypeng' host: '10.80.80.244' (Got an error reading communication packets)
2021-02-26T09:57:18.879460Z 165243 [Note] Aborted connection 165243 to db: 'lms' user: 'ypeng' host: '10.80.80.244' (Got an error reading communication packets)
2021-02-26T10:17:57.357932Z 165549 [Note] Aborted connection 165549 to db: 'unconnected' user: 'ypeng' host: '10.80.80.244' (Got an error reading communication packets)
2021-02-26T10:58:52.549304Z 165612 [Note] Aborted connection 165612 to db: 'lms' user: 'ypeng' host: '10.80.80.244' (Got an error reading communication packets)
2021-02-26T10:58:52.549523Z 165611 [Note] Aborted connection 165611 to db: 'lms' user: 'ypeng' host: '10.80.80.244' (Got an error reading communication packets)
2021-02-26T20:07:01.992737Z 165776 [Note] Aborted connection 165776 to db: 'lms' user: 'ypeng' host: '10.80.80.244' (Got timeout reading communication packets)
2021-02-26T20:10:13.561862Z 165445 [Note] Aborted connection 165445 to db: 'lms' user: 'ypeng' host: '10.80.80.244' (Got timeout reading communication packets)
2021-02-26T20:10:43.644990Z 165132 [Note] Aborted connection 165132 to db: 'lms' user: 'ypeng' host: '10.80.80.244' (Got timeout reading communication packets)
2021-02-27T01:52:27.005942Z 166758 [Note] Aborted connection 166758 to db: 'lms' user: 'ypeng' host: '10.80.80.244' (Got timeout reading communication packets)
2021-02-27T01:52:27.203925Z 166504 [Note] Aborted connection 166504 to db: 'lms' user: 'ypeng' host: '10.80.80.244' (Got timeout reading communication packets)
2021-02-27T22:18:21.165024Z 169790 [Note] Aborted connection 169790 to db: 'lms' user: 'ypeng' host: '10.80.80.244' (Got timeout reading communication packets)
2021-02-27T22:18:21.205771Z 169789 [Note] Aborted connection 169789 to db: 'lms' user: 'ypeng' host: '10.80.80.244' (Got timeout reading communication packets)
2021-03-01T02:49:02.818675Z 177400 [Note] Aborted connection 177400 to db: 'lms' user: 'ypeng' host: '10.80.80.244' (Got an error reading communication packets)
2021-03-01T02:49:02.818842Z 177401 [Note] Aborted connection 177401 to db: 'lms' user: 'ypeng' host: '10.80.80.244' (Got an error reading communication packets)
2021-03-01T09:53:04.375058Z 177364 [Note] Aborted connection 177364 to db: 'lms' user: 'ypeng' host: '10.80.80.244' (Got timeout reading communication packets)
2021-03-01T10:08:57.118834Z 177266 [Note] Aborted connection 177266 to db: 'lms' user: 'ypeng' host: '10.80.80.244' (Got timeout reading communication packets)
2021-03-01T10:08:57.360242Z 177264 [Note] Aborted connection 177264 to db: 'lms' user: 'ypeng' host: '10.80.80.244' (Got timeout reading communication packets)
2021-03-01T18:44:51.841797Z 178918 [Note] Aborted connection 178918 to db: 'lms' user: 'ypeng' host: '10.80.80.244' (Got timeout reading communication packets)
2021-03-01T21:14:22.115280Z 179156 [Note] Aborted connection 179156 to db: 'lms' user: 'ypeng' host: '10.80.80.244' (Got timeout reading communication packets)
2021-03-01T21:14:22.348257Z 178919 [Note] Aborted connection 178919 to db: 'lms' user: 'ypeng' host: '10.80.80.244' (Got timeout reading communication packets)
2021-03-02T22:19:48.721778Z 183087 [Note] Aborted connection 183087 to db: 'lms' user: 'ypeng' host: '10.80.80.244' (Got timeout reading communication packets)
2021-03-02T22:19:48.921831Z 182768 [Note] Aborted connection 182768 to db: 'lms' user: 'ypeng' host: '10.80.80.244' (Got timeout reading communication packets)
2021-03-03T09:40:08.258912Z 187306 [Note] Aborted connection 187306 to db: 'lms' user: 'ypeng' host: '10.80.80.244' (Got an error reading communication packets)
2021-03-03T09:40:08.258947Z 187273 [Note] Aborted connection 187273 to db: 'lms' user: 'ypeng' host: '10.80.80.244' (Got an error reading communication packets)
2021-03-03T12:00:50.086828Z 186081 [Note] Aborted connection 186081 to db: 'lms' user: 'ypeng' host: '10.80.80.244' (Got timeout reading communication packets)
2021-03-03T12:00:50.336756Z 186079 [Note] Aborted connection 186079 to db: 'lms' user: 'ypeng' host: '10.80.80.244' (Got timeout reading communication packets)
2021-03-03T19:24:25.585146Z 187820 [Note] Aborted connection 187820 to db: 'lms' user: 'ypeng' host: '10.80.80.244' (Got timeout reading communication packets)
2021-03-03T20:55:04.886008Z 187874 [Note] Aborted connection 187874 to db: 'lms' user: 'ypeng' host: '10.80.80.244' (Got timeout reading communication packets)
2021-03-03T20:58:11.469799Z 188249 [Note] Aborted connection 188249 to db: 'lms' user: 'ypeng' host: '10.80.80.244' (Got timeout reading communication packets)
2021-03-03T21:09:51.484728Z 187844 [Note] Aborted connection 187844 to db: 'lms' user: 'ypeng' host: '10.80.80.244' (Got timeout reading communication packets)
2021-03-03T21:10:21.790851Z 188122 [Note] Aborted connection 188122 to db: 'lms' user: 'ypeng' host: '10.80.80.244' (Got timeout reading communication packets)
2021-03-03T21:10:22.026718Z 187832 [Note] Aborted connection 187832 to db: 'lms' user: 'ypeng' host: '10.80.80.244' (Got timeout reading communication packets)
2021-03-04T05:40:43.470609Z 191055 [Note] Aborted connection 191055 to db: 'lms' user: 'ypeng' host: '10.80.80.244' (Got an error reading communication packets)
2021-03-04T05:40:43.470728Z 191054 [Note] Aborted connection 191054 to db: 'lms' user: 'ypeng' host: '10.80.80.244' (Got an error reading communication packets)
2021-03-16T07:19:23.364694Z 243842 [Note] Aborted connection 243842 to db: 'lms' user: 'ypeng' host: '10.80.80.244' (Got an error reading communication packets)
2021-03-16T08:24:29.286075Z 244985 [Note] Aborted connection 244985 to db: 'lms' user: 'ypeng' host: '10.80.80.244' (Got an error reading communication packets)
2021-03-16T08:24:29.286691Z 244984 [Note] Aborted connection 244984 to db: 'lms' user: 'ypeng' host: '10.80.80.244' (Got an error reading communication packets)
2021-03-25T08:45:44.117945Z 284605 [Note] Aborted connection 284605 to db: 'lms' user: 'ypeng' host: '10.80.80.244' (Got an error reading communication packets)
2021-03-25T19:36:11.957677Z 285424 [Note] Aborted connection 285424 to db: 'lms' user: 'ypeng' host: '10.80.80.244' (Got timeout reading communication packets)
2021-03-25T19:37:07.360009Z 285423 [Note] Aborted connection 285423 to db: 'lms' user: 'ypeng' host: '10.80.80.244' (Got timeout reading communication packets)
2021-03-25T19:37:07.561707Z 285422 [Note] Aborted connection 285422 to db: 'lms' user: 'ypeng' host: '10.80.80.244' (Got timeout reading communication packets)
2021-03-25T19:55:51.554711Z 285435 [Note] Aborted connection 285435 to db: 'lms' user: 'ypeng' host: '10.80.80.244' (Got timeout reading communication packets)
2021-03-25T19:55:51.647737Z 285434 [Note] Aborted connection 285434 to db: 'lms' user: 'ypeng' host: '10.80.80.244' (Got timeout reading communication packets)
2021-03-26T02:34:17.398693Z 288103 [Note] Aborted connection 288103 to db: 'lms' user: 'ypeng' host: '10.80.80.244' (Got an error reading communication packets)
2021-03-26T02:34:17.398699Z 288104 [Note] Aborted connection 288104 to db: 'lms' user: 'ypeng' host: '10.80.80.244' (Got an error reading communication packets)
2021-03-26T14:41:43.822722Z 288950 [Note] Aborted connection 288950 to db: 'lms' user: 'ypeng' host: '10.80.80.244' (Got timeout reading communication packets)
2021-03-26T16:35:38.096729Z 289087 [Note] Aborted connection 289087 to db: 'lms' user: 'ypeng' host: '10.80.80.244' (Got timeout reading communication packets)
2021-03-26T17:11:14.230195Z 288947 [Note] Aborted connection 288947 to db: 'lms' user: 'ypeng' host: '10.80.80.244' (Got timeout reading communication packets)
2021-03-26T17:11:14.400729Z 288946 [Note] Aborted connection 288946 to db: 'lms' user: 'ypeng' host: '10.80.80.244' (Got timeout reading communication packets)
2021-03-26T17:29:59.428582Z 289109 [Note] Aborted connection 289109 to db: 'lms' user: 'ypeng' host: '10.80.80.244' (Got timeout reading communication packets)
2021-03-26T17:29:59.524697Z 289088 [Note] Aborted connection 289088 to db: 'lms' user: 'ypeng' host: '10.80.80.244' (Got timeout reading communication packets)
2021-03-29T05:51:01.142192Z 301608 [Note] Aborted connection 301608 to db: 'lms' user: 'ypeng' host: '10.80.80.244' (Got an error reading communication packets)
2021-03-29T14:34:10.191371Z 302182 [Note] Aborted connection 302182 to db: 'lms' user: 'ypeng' host: '10.80.80.244' (Got timeout reading communication packets)
2021-03-29T17:34:27.708406Z 302708 [Note] Aborted connection 302708 to db: 'lms' user: 'ypeng' host: '10.80.80.244' (Got timeout reading communication packets)
2021-03-29T17:34:28.042711Z 302707 [Note] Aborted connection 302707 to db: 'lms' user: 'ypeng' host: '10.80.80.244' (Got timeout reading communication packets)
2021-03-29T18:39:45.971733Z 302856 [Note] Aborted connection 302856 to db: 'lms' user: 'ypeng' host: '10.80.80.244' (Got timeout reading communication packets)
2021-03-29T18:39:46.134565Z 302210 [Note] Aborted connection 302210 to db: 'lms' user: 'ypeng' host: '10.80.80.244' (Got timeout reading communication packets)
2021-03-30T02:41:37.062047Z 305654 [Note] Aborted connection 305654 to db: 'lms' user: 'ypeng' host: '10.80.80.244' (Got an error reading communication packets)
2021-03-30T02:41:37.062536Z 305655 [Note] Aborted connection 305655 to db: 'lms' user: 'ypeng' host: '10.80.80.244' (Got an error reading communication packets)
2021-03-30T06:25:21.575557Z 306211 [Note] Aborted connection 306211 to db: 'lms' user: 'ypeng' host: '10.80.80.244' (Got an error reading communication packets)
2021-03-30T06:25:21.575558Z 306207 [Note] Aborted connection 306207 to db: 'lms' user: 'ypeng' host: '10.80.80.244' (Got an error reading communication packets)
2021-04-02T04:53:19.625778Z 319614 [Note] Aborted connection 319614 to db: 'information_schema' user: 'ypeng' host: '10.80.80.244' (Got an error reading communication packets)
2021-04-02T04:53:19.626074Z 319616 [Note] Aborted connection 319616 to db: 'information_schema' user: 'ypeng' host: '10.80.80.244' (Got an error reading communication packets)
2021-04-02T06:00:54.669653Z 319796 [Note] Aborted connection 319796 to db: 'lms' user: 'ypeng' host: '10.80.80.244' (Got an error reading communication packets)
2021-04-02T06:00:55.182607Z 319794 [Note] Aborted connection 319794 to db: 'lms' user: 'ypeng' host: '10.80.80.244' (Got an error reading communication packets)
2021-04-02T08:46:06.914138Z 319822 [Note] Aborted connection 319822 to db: 'lms' user: 'ypeng' host: '10.80.80.244' (Got an error reading communication packets)
2021-04-02T08:46:06.914167Z 319821 [Note] Aborted connection 319821 to db: 'lms' user: 'ypeng' host: '10.80.80.244' (Got an error reading communication packets)
2021-04-06T07:05:31.989549Z 336783 [Note] Aborted connection 336783 to db: 'lms' user: 'ypeng' host: '10.80.80.244' (Got an error reading communication packets)
2021-04-12T08:07:31.353842Z 364485 [Note] Access denied for user 'root'@'localhost' (using password: NO)
2021-04-13T07:30:15.202932Z 367893 [Note] Aborted connection 367893 to db: 'lms' user: 'ypeng' host: '10.80.80.244' (Got an error reading communication packets)
2021-04-13T16:09:19.452081Z 368821 [Note] Aborted connection 368821 to db: 'lms' user: 'ypeng' host: '10.80.80.244' (Got timeout reading communication packets)
2021-04-13T16:09:19.593794Z 368820 [Note] Aborted connection 368820 to db: 'lms' user: 'ypeng' host: '10.80.80.244' (Got timeout reading communication packets)
2021-04-15T17:48:35.837703Z 378348 [Note] Aborted connection 378348 to db: 'lms' user: 'ypeng' host: '10.80.80.244' (Got an error reading communication packets)
2021-04-15T17:48:35.837922Z 378349 [Note] Aborted connection 378349 to db: 'lms' user: 'ypeng' host: '10.80.80.244' (Got an error reading communication packets)
2021-04-15T17:48:35.838323Z 378350 [Note] Aborted connection 378350 to db: 'unconnected' user: 'ypeng' host: '10.80.80.244' (Got an error reading communication packets)
2021-04-16T02:31:48.480538Z 381107 [Note] Aborted connection 381107 to db: 'lms' user: 'ypeng' host: '10.80.80.244' (Got an error reading communication packets)
2021-04-16T02:31:48.480549Z 381108 [Note] Aborted connection 381108 to db: 'lms' user: 'ypeng' host: '10.80.80.244' (Got an error reading communication packets)
2021-04-21T02:15:18.081907Z 403222 [Note] Aborted connection 403222 to db: 'lms' user: 'ypeng' host: '10.80.80.244' (Got an error reading communication packets)
2021-04-23T06:12:13.023081Z 412779 [Note] Aborted connection 412779 to db: 'lms' user: 'ypeng' host: '10.80.80.244' (Got an error reading communication packets)
2021-04-23T17:19:08.825482Z 412966 [Note] Aborted connection 412966 to db: 'lms' user: 'ypeng' host: '10.80.80.244' (Got timeout reading communication packets)
2021-04-23T17:23:28.321785Z 413354 [Note] Aborted connection 413354 to db: 'lms' user: 'ypeng' host: '10.80.80.244' (Got timeout reading communication packets)
2021-04-23T17:23:28.398751Z 412959 [Note] Aborted connection 412959 to db: 'lms' user: 'ypeng' host: '10.80.80.244' (Got timeout reading communication packets)
2021-04-25T17:12:34.106225Z 422264 [Note] Aborted connection 422264 to db: 'lms' user: 'ypeng' host: '10.80.80.244' (Got timeout reading communication packets)
2021-04-25T17:12:34.139878Z 422263 [Note] Aborted connection 422263 to db: 'lms' user: 'ypeng' host: '10.80.80.244' (Got timeout reading communication packets)
2021-04-30T08:54:20.564698Z 443496 [Note] Aborted connection 443496 to db: 'lms' user: 'ypeng' host: '10.80.80.244' (Got an error reading communication packets)
2021-04-30T08:54:20.565694Z 443495 [Note] Aborted connection 443495 to db: 'lms' user: 'ypeng' host: '10.80.80.244' (Got an error reading communication packets)
2021-04-30T08:54:49.684596Z 443498 [Note] Aborted connection 443498 to db: 'lms' user: 'ypeng' host: '10.80.80.244' (Got an error reading communication packets)
2021-05-06T14:17:33.271829Z 470409 [Note] Aborted connection 470409 to db: 'lms' user: 'ypeng' host: '10.80.80.244' (Got timeout reading communication packets)
2021-05-06T14:17:33.271845Z 470410 [Note] Aborted connection 470410 to db: 'lms' user: 'ypeng' host: '10.80.80.244' (Got timeout reading communication packets)
2021-05-08T08:58:58.329231Z 478617 [Note] Aborted connection 478617 to db: 'lms' user: 'ypeng' host: '10.80.80.244' (Got an error reading communication packets)
2021-05-08T08:58:58.331613Z 478618 [Note] Aborted connection 478618 to db: 'lms' user: 'ypeng' host: '10.80.80.244' (Got an error reading communication packets)
2021-05-18T08:30:00.306093Z 523907 [Note] Aborted connection 523907 to db: 'lms' user: 'ypeng' host: '10.80.80.244' (Got an error reading communication packets)
2021-05-18T09:47:21.763496Z 523695 [Note] Aborted connection 523695 to db: 'lms' user: 'ypeng' host: '10.80.80.244' (Got an error reading communication packets)
2021-05-18T09:47:21.766278Z 523696 [Note] Aborted connection 523696 to db: 'lms' user: 'ypeng' host: '10.80.80.244' (Got an error reading communication packets)
2021-05-18T10:26:08.326027Z 524012 [Note] Aborted connection 524012 to db: 'lms' user: 'ypeng' host: '10.80.80.244' (Got an error reading communication packets)
2021-05-18T10:26:09.349910Z 524010 [Note] Aborted connection 524010 to db: 'lms' user: 'ypeng' host: '10.80.80.244' (Got an error reading communication packets)
2021-05-18T10:26:09.349997Z 524011 [Note] Aborted connection 524011 to db: 'lms' user: 'ypeng' host: '10.80.80.244' (Got an error reading communication packets)
2021-05-19T05:51:41.811800Z 527892 [Note] Aborted connection 527892 to db: 'lms' user: 'ypeng' host: '10.80.80.244' (Got an error reading communication packets)
2021-05-19T07:44:43.210454Z 527227 [Note] Aborted connection 527227 to db: 'lms' user: 'ypeng' host: '10.80.80.244' (Got an error reading communication packets)
2021-05-19T07:44:43.210464Z 527226 [Note] Aborted connection 527226 to db: 'lms' user: 'ypeng' host: '10.80.80.244' (Got an error reading communication packets)
2021-05-21T18:01:46.887824Z 536204 [Note] Aborted connection 536204 to db: 'lms' user: 'ypeng' host: '10.80.80.244' (Got timeout reading communication packets)
2021-05-21T18:01:46.938487Z 536195 [Note] Aborted connection 536195 to db: 'lms' user: 'ypeng' host: '10.80.80.244' (Got timeout reading communication packets)
2021-05-28T18:22:40.462303Z 569824 [Note] Aborted connection 569824 to db: 'unconnected' user: 'zabbix' host: '127.0.0.1' (Got an error reading communication packets)
2021-05-28T18:22:40.462869Z 569822 [Note] Aborted connection 569822 to db: 'unconnected' user: 'zabbix' host: '127.0.0.1' (Got an error reading communication packets)
2021-05-28T18:22:40.481898Z 569823 [Note] Aborted connection 569823 to db: 'unconnected' user: 'zabbix' host: '127.0.0.1' (Got an error writing communication packets)
2021-06-01T03:20:15.861977Z 584184 [Note] Aborted connection 584184 to db: 'unconnected' user: 'zabbix' host: '127.0.0.1' (Got an error writing communication packets)
2021-06-01T03:27:44.072203Z 584194 [Note] Aborted connection 584194 to db: 'unconnected' user: 'zabbix' host: '127.0.0.1' (Got an error reading communication packets)
2021-06-01T03:27:44.075338Z 584193 [Note] Aborted connection 584193 to db: 'unconnected' user: 'zabbix' host: '127.0.0.1' (Got an error reading communication packets)
2021-06-01T03:27:44.254675Z 584195 [Note] Aborted connection 584195 to db: 'unconnected' user: 'zabbix' host: '127.0.0.1' (Got an error reading communication packets)
2021-06-09T08:52:54.365676Z 620597 [Note] Aborted connection 620597 to db: 'unconnected' user: 'zabbix' host: '127.0.0.1' (Got an error reading communication packets)
2021-06-16T07:46:36.635909Z 650249 [Note] Aborted connection 650249 to db: 'lms' user: 'ypeng' host: '10.80.80.244' (Got an error reading communication packets)
2021-06-16T07:46:36.635952Z 650251 [Note] Aborted connection 650251 to db: 'lms' user: 'ypeng' host: '10.80.80.244' (Got an error reading communication packets)
2021-06-16T07:46:36.635989Z 650250 [Note] Aborted connection 650250 to db: 'lms' user: 'ypeng' host: '10.80.80.244' (Got an error reading communication packets)
2021-06-16T07:46:36.636265Z 650252 [Note] Aborted connection 650252 to db: 'lms' user: 'ypeng' host: '10.80.80.244' (Got an error reading communication packets)
2021-06-21T10:25:45.242815Z 672440 [Note] Aborted connection 672440 to db: 'lms' user: 'ypeng' host: '10.80.80.244' (Got timeout reading communication packets)
2021-06-21T10:25:45.386008Z 672441 [Note] Aborted connection 672441 to db: 'lms' user: 'ypeng' host: '10.80.80.244' (Got timeout reading communication packets)
2021-06-21T10:44:33.997099Z 672439 [Note] Aborted connection 672439 to db: 'lms' user: 'ypeng' host: '10.80.80.244' (Got timeout reading communication packets)
2021-06-21T10:44:34.090286Z 672438 [Note] Aborted connection 672438 to db: 'lms' user: 'ypeng' host: '10.80.80.244' (Got timeout reading communication packets)
2021-06-23T10:20:43.829811Z 681281 [Note] Aborted connection 681281 to db: 'lms' user: 'ypeng' host: '10.80.80.244' (Got timeout reading communication packets)
2021-06-23T10:21:28.604182Z 681280 [Note] Aborted connection 681280 to db: 'lms' user: 'ypeng' host: '10.80.80.244' (Got timeout reading communication packets)
2021-06-23T10:21:28.610738Z 681279 [Note] Aborted connection 681279 to db: 'lms' user: 'ypeng' host: '10.80.80.244' (Got timeout reading communication packets)
2021-06-24T08:19:11.971235Z 9 [Warning] 'user' entry 'root@localhost' ignored in --skip-name-resolve mode.
2021-06-24T08:19:11.971317Z 9 [Warning] 'user' entry 'mysql.session@localhost' ignored in --skip-name-resolve mode.
2021-06-24T08:19:11.971342Z 9 [Warning] 'user' entry 'mysql.sys@localhost' ignored in --skip-name-resolve mode.
2021-06-24T08:19:11.971419Z 9 [Warning] 'user' entry 'nbu@localhost' ignored in --skip-name-resolve mode.
2021-06-24T08:19:11.987025Z 9 [Warning] 'db' entry 'performance_schema mysql.session@localhost' ignored in --skip-name-resolve mode.
2021-06-24T08:19:11.987048Z 9 [Warning] 'db' entry 'sys mysql.sys@localhost' ignored in --skip-name-resolve mode.
2021-06-24T08:19:11.997641Z 9 [Warning] 'proxies_priv' entry '@ root@localhost' ignored in --skip-name-resolve mode.
2021-06-24T08:19:12.059462Z 9 [Warning] 'tables_priv' entry 'accesslog mysql.session@localhost' ignored in --skip-name-resolve mode.
2021-06-24T08:19:12.059504Z 9 [Warning] 'tables_priv' entry 'accesslog mysql.sys@localhost' ignored in --skip-name-resolve mode.
2021-06-24T08:19:12.059524Z 9 [Warning] 'tables_priv' entry 'accesslog nbu@localhost' ignored in --skip-name-resolve mode.
2021-06-24T08:19:12.059543Z 9 [Warning] 'tables_priv' entry 'accesslog root@localhost' ignored in --skip-name-resolve mode.
2021-06-24T08:19:12.059562Z 9 [Warning] 'tables_priv' entry 'user mysql.session@localhost' ignored in --skip-name-resolve mode.
2021-06-24T08:19:12.059580Z 9 [Warning] 'tables_priv' entry 'sys_config mysql.sys@localhost' ignored in --skip-name-resolve mode.
2021-06-29T11:41:09.193763Z 708091 [Note] Aborted connection 708091 to db: 'lms' user: 'ypeng' host: '10.80.80.244' (Got timeout reading communication packets)
2021-06-29T11:41:09.341082Z 708092 [Note] Aborted connection 708092 to db: 'lms' user: 'ypeng' host: '10.80.80.244' (Got timeout reading communication packets)
2021-06-29T16:06:12.988823Z 708090 [Note] Aborted connection 708090 to db: 'lms' user: 'ypeng' host: '10.80.80.244' (Got timeout reading communication packets)
2021-06-29T16:06:13.063746Z 708089 [Note] Aborted connection 708089 to db: 'lms' user: 'ypeng' host: '10.80.80.244' (Got timeout reading communication packets)
2021-07-01T16:46:52.091757Z 717887 [Note] Aborted connection 717887 to db: 'lms' user: 'ypeng' host: '10.80.80.244' (Got timeout reading communication packets)
2021-07-01T16:46:52.189789Z 717886 [Note] Aborted connection 717886 to db: 'lms' user: 'ypeng' host: '10.80.80.244' (Got timeout reading communication packets)
2021-07-01T16:56:41.324826Z 717850 [Note] Aborted connection 717850 to db: 'lms' user: 'ypeng' host: '10.80.80.244' (Got timeout reading communication packets)
2021-07-01T16:56:41.325117Z 717848 [Note] Aborted connection 717848 to db: 'lms' user: 'ypeng' host: '10.80.80.244' (Got timeout reading communication packets)
2021-07-08T10:26:16.043851Z 747707 [Note] Aborted connection 747707 to db: 'lms' user: 'ypeng' host: '10.80.80.244' (Got timeout reading communication packets)
2021-07-08T10:26:16.044557Z 747708 [Note] Aborted connection 747708 to db: 'lms' user: 'ypeng' host: '10.80.80.244' (Got timeout reading communication packets)
2021-07-08T10:32:17.732043Z 747706 [Note] Aborted connection 747706 to db: 'lms' user: 'ypeng' host: '10.80.80.244' (Got timeout reading communication packets)
2021-07-08T10:32:17.787819Z 747705 [Note] Aborted connection 747705 to db: 'lms' user: 'ypeng' host: '10.80.80.244' (Got timeout reading communication packets)
2021-07-09T11:38:25.533874Z 752359 [Note] Aborted connection 752359 to db: 'lms' user: 'ypeng' host: '10.80.80.244' (Got timeout reading communication packets)
2021-07-09T11:38:25.553844Z 752358 [Note] Aborted connection 752358 to db: 'lms' user: 'ypeng' host: '10.80.80.244' (Got timeout reading communication packets)
2021-07-09T16:45:45.970174Z 753306 [Note] Aborted connection 753306 to db: 'lms' user: 'ypeng' host: '10.80.80.244' (Got timeout reading communication packets)
2021-07-09T17:43:53.944823Z 753305 [Note] Aborted connection 753305 to db: 'lms' user: 'ypeng' host: '10.80.80.244' (Got timeout reading communication packets)
2021-07-09T17:43:54.037606Z 753304 [Note] Aborted connection 753304 to db: 'lms' user: 'ypeng' host: '10.80.80.244' (Got timeout reading communication packets)
2021-07-13T10:09:54.910558Z 769791 [Note] Aborted connection 769791 to db: 'lms' user: 'ypeng' host: '10.80.80.244' (Got timeout reading communication packets)
2021-07-13T10:09:54.947199Z 769790 [Note] Aborted connection 769790 to db: 'lms' user: 'ypeng' host: '10.80.80.244' (Got timeout reading communication packets)
2021-07-14T10:07:29.774468Z 774169 [Note] Aborted connection 774169 to db: 'lms' user: 'ypeng' host: '10.80.80.244' (Got timeout reading communication packets)
2021-07-14T10:08:06.987162Z 774161 [Note] Aborted connection 774161 to db: 'lms' user: 'ypeng' host: '10.80.80.244' (Got timeout reading communication packets)
2021-07-14T10:08:07.090291Z 774160 [Note] Aborted connection 774160 to db: 'lms' user: 'ypeng' host: '10.80.80.244' (Got timeout reading communication packets)
2021-07-15T08:32:56.656873Z 779832 [Note] Access denied for user 'root'@'localhost' (using password: NO)
