======host meta information
=====uptime===============================
 13:25:22 up 48 days, 17:42,  1 user,  load average: 0.32, 0.31, 0.35
======ip=================================
======hostname============================
10-80-18-18
======os version============================
\S
Kernel \r on an \m

======kernel version=========================
Linux 10-80-18-18 3.10.0-957.el7.x86_64 #1 SMP Thu Nov 8 23:39:32 UTC 2018 x86_64 x86_64 x86_64 GNU/Linux
======mysql version=========================
======mysql client==========================
mysql  Ver 14.14 Distrib 5.7.24, for linux-glibc2.12 (x86_64) using  EditLine wrapper
======mysql instance========================
tcp        0      0 10.80.18.18:42002       0.0.0.0:*               LISTEN      1098/mysqld_exporte 
tcp6       0      0 :::3306                 :::*                    LISTEN      2282/mysqld         
unix  2      [ ACC ]     STREAM     LISTENING     50267    2282/mysqld          /data/mysql/data/mysql.sock
======memory&swap========================
              total        used        free      shared  buff/cache   available
Mem:          16028       14012         181         488        1834        1207
Swap:          8191         299        7892
======physical cpu==========================
4
======cores per physical cpu====================
cpu cores	: 4
======processor============================
16
======cpu version===========================
 Intel(R) Xeon(R) Gold 6230 CPU @ 2.10GHz
======disk info=============================
Filesystem              Type      Size  Used Avail Use% Mounted on
/dev/mapper/centos-root xfs        50G  9.8G   41G  20% /
devtmpfs                devtmpfs  7.9G     0  7.9G   0% /dev
tmpfs                   tmpfs     7.9G     0  7.9G   0% /dev/shm
tmpfs                   tmpfs     7.9G  628M  7.3G   8% /run
tmpfs                   tmpfs     7.9G     0  7.9G   0% /sys/fs/cgroup
/dev/sdb                xfs      1000G  349G  652G  35% /data
/dev/mapper/centos-home xfs        20G  657M   20G   4% /home
/dev/mapper/centos-tmp  xfs       5.0G   33M  5.0G   1% /tmp
/dev/sda1               xfs      1014M  132M  883M  13% /boot
tmpfs                   tmpfs     1.6G     0  1.6G   0% /run/user/0
======numa mount========================
1
======io stat===============================
Linux 3.10.0-957.el7.x86_64 (10-80-18-18) 	07/16/2021 	_x86_64_	(16 CPU)

avg-cpu:  %user   %nice %system %iowait  %steal   %idle
           1.20    0.00    0.23    1.29    0.00   97.28

Device:         rrqm/s   wrqm/s     r/s     w/s    rMB/s    wMB/s avgrq-sz avgqu-sz   await r_await w_await  svctm  %util
fd0               0.00     0.00    0.00    0.00     0.00     0.00     8.00     0.00   41.00   41.00    0.00  41.00   0.00
sda               0.01     0.06    0.23    0.44     0.01     0.00    51.92     0.01   10.85    4.90   13.92   1.75   0.12
sdb               1.45     0.26  186.96  188.90     3.90     1.44    29.08     0.43    1.15    1.34    0.97   0.42  15.96
dm-0              0.00     0.00    0.25    0.48     0.01     0.00    47.37     0.01   10.36    4.63   13.34   1.53   0.11
dm-1              0.00     0.00    0.01    0.02     0.00     0.00     8.03     0.00    3.22    0.69    4.10   0.59   0.00
dm-2              0.00     0.00    0.00    0.00     0.00     0.00   329.11     0.00  123.09   44.83  177.26  72.45   0.01
dm-3              0.00     0.00    0.00    0.01     0.00     0.00     9.28     0.00   83.84  282.88   82.97  67.80   0.04

avg-cpu:  %user   %nice %system %iowait  %steal   %idle
           0.68    0.00    0.16    0.54    0.00   98.61

Device:         rrqm/s   wrqm/s     r/s     w/s    rMB/s    wMB/s avgrq-sz avgqu-sz   await r_await w_await  svctm  %util
fd0               0.00     0.00    0.00    0.00     0.00     0.00     0.00     0.00    0.00    0.00    0.00   0.00   0.00
sda               0.00     0.00   10.20    0.70     0.21     0.00    39.85     0.02    1.62    1.67    1.00   0.09   0.10
sdb               0.00     0.00   86.60  207.60     1.35     1.63    20.77     0.19    0.63    0.26    0.79   0.48  14.24
dm-0              0.00     0.00   10.20    0.70     0.21     0.00    39.85     0.02    1.62    1.67    1.00   0.09   0.10
dm-1              0.00     0.00    0.00    0.00     0.00     0.00     0.00     0.00    0.00    0.00    0.00   0.00   0.00
dm-2              0.00     0.00    0.00    0.00     0.00     0.00     0.00     0.00    0.00    0.00    0.00   0.00   0.00
dm-3              0.00     0.00    0.00    0.00     0.00     0.00     0.00     0.00    0.00    0.00    0.00   0.00   0.00

avg-cpu:  %user   %nice %system %iowait  %steal   %idle
           0.68    0.00    0.18    0.61    0.00   98.52

Device:         rrqm/s   wrqm/s     r/s     w/s    rMB/s    wMB/s avgrq-sz avgqu-sz   await r_await w_await  svctm  %util
fd0               0.00     0.00    0.00    0.00     0.00     0.00     0.00     0.00    0.00    0.00    0.00   0.00   0.00
sda               0.00     0.00    0.00    2.30     0.00     0.14   128.17     0.00    1.39    0.00    1.39   0.17   0.04
sdb               0.00     0.00  136.00  205.00     2.12     1.45    21.49     0.20    0.58    0.32    0.75   0.44  14.87
dm-0              0.00     0.00    0.00    2.20     0.00     0.14   133.82     0.00    1.45    0.00    1.45   0.18   0.04
dm-1              0.00     0.00    0.00    0.00     0.00     0.00     0.00     0.00    0.00    0.00    0.00   0.00   0.00
dm-2              0.00     0.00    0.00    0.00     0.00     0.00     0.00     0.00    0.00    0.00    0.00   0.00   0.00
dm-3              0.00     0.00    0.00    0.10     0.00     0.00     4.00     0.00    0.00    0.00    0.00   0.00   0.00

avg-cpu:  %user   %nice %system %iowait  %steal   %idle
           0.81    0.00    0.20    0.62    0.00   98.37

Device:         rrqm/s   wrqm/s     r/s     w/s    rMB/s    wMB/s avgrq-sz avgqu-sz   await r_await w_await  svctm  %util
fd0               0.00     0.00    0.00    0.00     0.00     0.00     0.00     0.00    0.00    0.00    0.00   0.00   0.00
sda               0.00     3.20    0.00    6.80     0.00     0.14    41.90     0.01    1.74    0.00    1.74   0.06   0.04
sdb               0.00     0.70  106.20  235.00     1.66     1.84    21.03     0.21    0.62    0.29    0.77   0.45  15.26
dm-0              0.00     0.00    0.00    9.90     0.00     0.14    28.62     0.02    1.80    0.00    1.80   0.04   0.04
dm-1              0.00     0.00    0.00    0.00     0.00     0.00     0.00     0.00    0.00    0.00    0.00   0.00   0.00
dm-2              0.00     0.00    0.00    0.00     0.00     0.00     0.00     0.00    0.00    0.00    0.00   0.00   0.00
dm-3              0.00     0.00    0.00    0.10     0.00     0.00    16.00     0.00    0.00    0.00    0.00   0.00   0.00

avg-cpu:  %user   %nice %system %iowait  %steal   %idle
           0.70    0.00    0.23    0.53    0.00   98.54

Device:         rrqm/s   wrqm/s     r/s     w/s    rMB/s    wMB/s avgrq-sz avgqu-sz   await r_await w_await  svctm  %util
fd0               0.00     0.00    0.00    0.00     0.00     0.00     0.00     0.00    0.00    0.00    0.00   0.00   0.00
sda               0.00     0.00    0.00    0.30     0.00     0.00     7.00     0.00    0.67    0.00    0.67   0.33   0.01
sdb               0.00     0.00  112.80  210.30     1.76     1.55    20.97     0.17    0.53    0.27    0.66   0.41  13.12
dm-0              0.00     0.00    0.00    0.30     0.00     0.00     7.00     0.00    1.00    0.00    1.00   0.67   0.02
dm-1              0.00     0.00    0.00    0.00     0.00     0.00     0.00     0.00    0.00    0.00    0.00   0.00   0.00
dm-2              0.00     0.00    0.00    0.00     0.00     0.00     0.00     0.00    0.00    0.00    0.00   0.00   0.00
dm-3              0.00     0.00    0.00    0.00     0.00     0.00     0.00     0.00    0.00    0.00    0.00   0.00   0.00

avg-cpu:  %user   %nice %system %iowait  %steal   %idle
           1.16    0.00    0.28    1.17    0.00   97.39

Device:         rrqm/s   wrqm/s     r/s     w/s    rMB/s    wMB/s avgrq-sz avgqu-sz   await r_await w_await  svctm  %util
fd0               0.00     0.00    0.00    0.00     0.00     0.00     0.00     0.00    0.00    0.00    0.00   0.00   0.00
sda               0.00     0.00    0.00    0.40     0.00     0.00    11.00     0.00    0.25    0.00    0.25   0.25   0.01
sdb               0.00     0.00  302.30  393.40     4.72     2.95    22.58     0.34    0.49    0.30    0.64   0.35  24.25
dm-0              0.00     0.00    0.00    0.00     0.00     0.00     0.00     0.00    0.00    0.00    0.00   0.00   0.00
dm-1              0.00     0.00    0.00    0.00     0.00     0.00     0.00     0.00    0.00    0.00    0.00   0.00   0.00
dm-2              0.00     0.00    0.00    0.00     0.00     0.00     0.00     0.00    0.00    0.00    0.00   0.00   0.00
dm-3              0.00     0.00    0.00    0.40     0.00     0.00    11.00     0.00    0.25    0.00    0.25   0.25   0.01

avg-cpu:  %user   %nice %system %iowait  %steal   %idle
           1.29    0.00    0.34    1.16    0.00   97.20

Device:         rrqm/s   wrqm/s     r/s     w/s    rMB/s    wMB/s avgrq-sz avgqu-sz   await r_await w_await  svctm  %util
fd0               0.00     0.00    0.00    0.00     0.00     0.00     0.00     0.00    0.00    0.00    0.00   0.00   0.00
sda               0.00     0.30    0.00    2.20     0.00     0.02    22.77     0.00    0.91    0.00    0.91   0.05   0.01
sdb               0.00     0.90  360.10  433.70     5.63     3.28    22.98     0.34    0.42    0.24    0.58   0.29  23.39
dm-0              0.00     0.00    0.00    2.50     0.00     0.02    20.04     0.00    0.92    0.00    0.92   0.04   0.01
dm-1              0.00     0.00    0.00    0.00     0.00     0.00     0.00     0.00    0.00    0.00    0.00   0.00   0.00
dm-2              0.00     0.00    0.00    0.00     0.00     0.00     0.00     0.00    0.00    0.00    0.00   0.00   0.00
dm-3              0.00     0.00    0.00    0.00     0.00     0.00     0.00     0.00    0.00    0.00    0.00   0.00   0.00

avg-cpu:  %user   %nice %system %iowait  %steal   %idle
           1.30    0.00    0.31    1.38    0.00   97.00

Device:         rrqm/s   wrqm/s     r/s     w/s    rMB/s    wMB/s avgrq-sz avgqu-sz   await r_await w_await  svctm  %util
fd0               0.00     0.00    0.00    0.00     0.00     0.00     0.00     0.00    0.00    0.00    0.00   0.00   0.00
sda               0.00     0.00    0.00    0.80     0.00     0.00     8.00     0.00    1.25    0.00    1.25   1.00   0.08
sdb               0.00     0.00  347.90  418.30     5.44     3.19    23.05     0.41    0.53    0.27    0.74   0.37  28.13
dm-0              0.00     0.00    0.00    0.60     0.00     0.00     8.00     0.00    1.67    0.00    1.67   1.33   0.08
dm-1              0.00     0.00    0.00    0.00     0.00     0.00     0.00     0.00    0.00    0.00    0.00   0.00   0.00
dm-2              0.00     0.00    0.00    0.00     0.00     0.00     0.00     0.00    0.00    0.00    0.00   0.00   0.00
dm-3              0.00     0.00    0.00    0.20     0.00     0.00     8.00     0.00    0.00    0.00    0.00   0.00   0.00

avg-cpu:  %user   %nice %system %iowait  %steal   %idle
           1.29    0.00    0.31    1.10    0.00   97.30

Device:         rrqm/s   wrqm/s     r/s     w/s    rMB/s    wMB/s avgrq-sz avgqu-sz   await r_await w_await  svctm  %util
fd0               0.00     0.00    0.00    0.00     0.00     0.00     0.00     0.00    0.00    0.00    0.00   0.00   0.00
sda               0.00     0.00    0.00    0.50     0.00     0.00     7.00     0.00    0.00    0.00    0.00   0.00   0.00
sdb               0.00     0.00  292.10  451.70     4.56     3.40    21.94     0.33    0.45    0.24    0.58   0.32  23.55
dm-0              0.00     0.00    0.00    0.40     0.00     0.00     8.00     0.00    0.00    0.00    0.00   0.00   0.00
dm-1              0.00     0.00    0.00    0.00     0.00     0.00     0.00     0.00    0.00    0.00    0.00   0.00   0.00
dm-2              0.00     0.00    0.00    0.00     0.00     0.00     0.00     0.00    0.00    0.00    0.00   0.00   0.00
dm-3              0.00     0.00    0.00    0.10     0.00     0.00     3.00     0.00    0.00    0.00    0.00   0.00   0.00

avg-cpu:  %user   %nice %system %iowait  %steal   %idle
           1.57    0.00    0.41    1.62    0.00   96.39

Device:         rrqm/s   wrqm/s     r/s     w/s    rMB/s    wMB/s avgrq-sz avgqu-sz   await r_await w_await  svctm  %util
fd0               0.00     0.00    0.00    0.00     0.00     0.00     0.00     0.00    0.00    0.00    0.00   0.00   0.00
sda               0.00     0.00    0.00    0.60     0.00     0.00    15.50     0.00    0.67    0.00    0.67   0.33   0.02
sdb               0.00     1.20  410.70  498.10     6.42     4.09    23.67     0.48    0.52    0.26    0.74   0.36  32.68
dm-0              0.00     0.00    0.00    0.60     0.00     0.00    15.50     0.00    0.67    0.00    0.67   0.33   0.02
dm-1              0.00     0.00    0.00    0.00     0.00     0.00     0.00     0.00    0.00    0.00    0.00   0.00   0.00
dm-2              0.00     0.00    0.00    0.00     0.00     0.00     0.00     0.00    0.00    0.00    0.00   0.00   0.00
dm-3              0.00     0.00    0.00    0.00     0.00     0.00     0.00     0.00    0.00    0.00    0.00   0.00   0.00

======vmstat======
procs -----------memory---------- ---swap-- -----io---- -system-- ------cpu-----
 r  b   swpd   free   buff  cache   si   so    bi    bo   in   cs us sy id wa st
 0  1 306432 198084      0 1866616    0    0   270   100    0    1  1  0 97  1  0
 0  0 306432 197316      0 1867204    0    0  6064  4254 9284 8989  1  0 97  2  0
 0  0 306432 196252      0 1867440    0    0  5104  3545 8108 7967  1  0 97  1  0
 0  0 306432 195520      0 1867760    0    0  5920  3355 8773 8268  1  0 97  1  0
 1  1 306432 195552      0 1868172    0    0  1408  2690 4566 4577  1  0 99  1  0
 1  0 306432 195552      0 1868296    0    0  1808  1745 2827 3031  0  0 99  0  0
 0  0 306432 195332      0 1868416    0    0  3296  2763 6907 6720  1  0 98  1  0
 0  0 306432 195428      0 1868636    0    0   640  1762 2332 2836  1  0 99  0  0
 0  0 306432 195240      0 1868676    0    0   224  1690 2748 3028  0  0 99  0  0
 0  0 306432 191928      0 1868792    0    0   912  1606 4466 4394  1  1 98  0  0
====dstat===
You did not select any stats, using -cdngy by default.
[7l----total-cpu-usage---- -dsk/total- -net/total- ---paging-- ---system--
usr sys idl wai hiq siq| read  writ| recv  send|  in   out | int   csw 
  1   0  97   1   0   0|4003k 1479k|   0     0 |  31B   89B|4217  4293 
  2   0  97   0   0   0|5420k 1716k| 100k  247k|   0     0 |3978  3745 
  1   0  98   1   0   0|2768k 2349k| 185k  460k|   0     0 |4805  5038 
  1   0  99   0   0   0| 544k 2259k| 141k  371k|   0     0 |4107  4614 
  1   0  98   1   0   0|2400k 1957k| 179k  474k|   0     0 |4563  4709 
  1   0  98   1   0   0|1552k 2365k| 171k  496k|   0     0 |4458  4809 
  0   0  99   0   0   0|1392k 1738k|  76k  197k|   0     0 |2534  2974 
  1   0  99   0   0   0|1072k 1939k| 160k  460k|   0     0 |3646  3970 
  1   0  98   1   0   0|1552k 2356k| 199k  534k|   0     0 |4961  5341 
  1   0  98   1   0   0|5936k 2641k| 270k  656k|   0     0 |6226  6602 
  1   0  99   1   0   0|1136k 2839k| 144k  363k|   0     0 |4077  4306 
======system log============================
Jul 16 09:47:01 10-80-18-18 systemd: Started Session 176165 of user mysql.
Jul 16 09:47:01 10-80-18-18 systemd: Removed slice User Slice of mysql.
Jul 16 09:48:01 10-80-18-18 systemd: Started Session 176166 of user root.
Jul 16 09:48:01 10-80-18-18 systemd: Created slice User Slice of mysql.
Jul 16 09:48:01 10-80-18-18 systemd: Started Session 176167 of user mysql.
Jul 16 09:48:01 10-80-18-18 systemd: Removed slice User Slice of mysql.
Jul 16 09:49:01 10-80-18-18 systemd: Started Session 176168 of user root.
Jul 16 09:49:01 10-80-18-18 systemd: Created slice User Slice of mysql.
Jul 16 09:49:01 10-80-18-18 systemd: Started Session 176169 of user mysql.
Jul 16 09:49:01 10-80-18-18 systemd: Removed slice User Slice of mysql.
Jul 16 09:50:01 10-80-18-18 systemd: Created slice User Slice of mysql.
Jul 16 09:50:01 10-80-18-18 systemd: Started Session 176171 of user mysql.
Jul 16 09:50:01 10-80-18-18 systemd: Started Session 176173 of user root.
Jul 16 09:50:01 10-80-18-18 systemd: Started Session 176174 of user root.
Jul 16 09:50:01 10-80-18-18 systemd: Started Session 176172 of user root.
Jul 16 09:50:01 10-80-18-18 systemd: Started Session 176170 of user root.
Jul 16 09:50:01 10-80-18-18 systemd: Removed slice User Slice of mysql.
Jul 16 09:51:01 10-80-18-18 systemd: Started Session 176175 of user root.
Jul 16 09:51:01 10-80-18-18 systemd: Created slice User Slice of mysql.
Jul 16 09:51:01 10-80-18-18 systemd: Started Session 176176 of user mysql.
Jul 16 09:51:01 10-80-18-18 systemd: Removed slice User Slice of mysql.
Jul 16 09:52:01 10-80-18-18 systemd: Started Session 176178 of user root.
Jul 16 09:52:01 10-80-18-18 systemd: Created slice User Slice of mysql.
Jul 16 09:52:01 10-80-18-18 systemd: Started Session 176177 of user mysql.
Jul 16 09:52:01 10-80-18-18 systemd: Removed slice User Slice of mysql.
Jul 16 09:53:01 10-80-18-18 systemd: Created slice User Slice of mysql.
Jul 16 09:53:01 10-80-18-18 systemd: Started Session 176180 of user mysql.
Jul 16 09:53:01 10-80-18-18 systemd: Started Session 176179 of user root.
Jul 16 09:53:01 10-80-18-18 systemd: Removed slice User Slice of mysql.
Jul 16 09:54:01 10-80-18-18 systemd: Started Session 176181 of user root.
Jul 16 09:54:01 10-80-18-18 systemd: Created slice User Slice of mysql.
Jul 16 09:54:01 10-80-18-18 systemd: Started Session 176182 of user mysql.
Jul 16 09:54:01 10-80-18-18 systemd: Removed slice User Slice of mysql.
Jul 16 09:55:01 10-80-18-18 systemd: Started Session 176184 of user root.
Jul 16 09:55:01 10-80-18-18 systemd: Created slice User Slice of mysql.
Jul 16 09:55:01 10-80-18-18 systemd: Started Session 176185 of user mysql.
Jul 16 09:55:01 10-80-18-18 systemd: Started Session 176183 of user root.
Jul 16 09:55:01 10-80-18-18 systemd: Started Session 176186 of user root.
Jul 16 09:55:01 10-80-18-18 systemd: Removed slice User Slice of mysql.
Jul 16 09:56:01 10-80-18-18 systemd: Created slice User Slice of mysql.
Jul 16 09:56:01 10-80-18-18 systemd: Started Session 176188 of user mysql.
Jul 16 09:56:01 10-80-18-18 systemd: Started Session 176187 of user root.
Jul 16 09:56:01 10-80-18-18 systemd: Removed slice User Slice of mysql.
Jul 16 09:57:01 10-80-18-18 systemd: Started Session 176189 of user root.
Jul 16 09:57:01 10-80-18-18 systemd: Created slice User Slice of mysql.
Jul 16 09:57:01 10-80-18-18 systemd: Started Session 176190 of user mysql.
Jul 16 09:57:02 10-80-18-18 systemd: Removed slice User Slice of mysql.
Jul 16 09:58:01 10-80-18-18 systemd: Started Session 176192 of user root.
Jul 16 09:58:01 10-80-18-18 systemd: Created slice User Slice of mysql.
Jul 16 09:58:01 10-80-18-18 systemd: Started Session 176191 of user mysql.
Jul 16 09:58:01 10-80-18-18 systemd: Removed slice User Slice of mysql.
Jul 16 09:59:01 10-80-18-18 systemd: Started Session 176193 of user root.
Jul 16 09:59:01 10-80-18-18 systemd: Created slice User Slice of mysql.
Jul 16 09:59:01 10-80-18-18 systemd: Started Session 176194 of user mysql.
Jul 16 09:59:01 10-80-18-18 systemd: Removed slice User Slice of mysql.
Jul 16 10:00:01 10-80-18-18 systemd: Started Session 176196 of user root.
Jul 16 10:00:01 10-80-18-18 systemd: Started Session 176195 of user root.
Jul 16 10:00:01 10-80-18-18 systemd: Started Session 176197 of user root.
Jul 16 10:00:01 10-80-18-18 systemd: Started Session 176199 of user root.
Jul 16 10:00:01 10-80-18-18 systemd: Created slice User Slice of mysql.
Jul 16 10:00:01 10-80-18-18 systemd: Started Session 176198 of user mysql.
Jul 16 10:00:01 10-80-18-18 systemd: Removed slice User Slice of mysql.
Jul 16 10:01:01 10-80-18-18 systemd: Created slice User Slice of mysql.
Jul 16 10:01:01 10-80-18-18 systemd: Started Session 176201 of user mysql.
Jul 16 10:01:01 10-80-18-18 systemd: Started Session 176200 of user root.
Jul 16 10:01:01 10-80-18-18 systemd: Started Session 176202 of user root.
Jul 16 10:01:01 10-80-18-18 systemd: Removed slice User Slice of mysql.
Jul 16 10:02:01 10-80-18-18 systemd: Started Session 176203 of user root.
Jul 16 10:02:01 10-80-18-18 systemd: Created slice User Slice of mysql.
Jul 16 10:02:01 10-80-18-18 systemd: Started Session 176204 of user mysql.
Jul 16 10:02:01 10-80-18-18 systemd: Removed slice User Slice of mysql.
Jul 16 10:03:01 10-80-18-18 systemd: Created slice User Slice of mysql.
Jul 16 10:03:01 10-80-18-18 systemd: Started Session 176206 of user mysql.
Jul 16 10:03:01 10-80-18-18 systemd: Started Session 176205 of user root.
Jul 16 10:03:01 10-80-18-18 systemd: Removed slice User Slice of mysql.
Jul 16 10:04:01 10-80-18-18 systemd: Created slice User Slice of mysql.
Jul 16 10:04:01 10-80-18-18 systemd: Started Session 176208 of user mysql.
Jul 16 10:04:01 10-80-18-18 systemd: Started Session 176207 of user root.
Jul 16 10:04:01 10-80-18-18 systemd: Removed slice User Slice of mysql.
Jul 16 10:05:01 10-80-18-18 systemd: Started Session 176210 of user root.
Jul 16 10:05:01 10-80-18-18 systemd: Started Session 176209 of user root.
Jul 16 10:05:01 10-80-18-18 systemd: Started Session 176211 of user root.
Jul 16 10:05:01 10-80-18-18 systemd: Created slice User Slice of mysql.
Jul 16 10:05:01 10-80-18-18 systemd: Started Session 176212 of user mysql.
Jul 16 10:05:01 10-80-18-18 systemd: Removed slice User Slice of mysql.
Jul 16 10:06:01 10-80-18-18 systemd: Started Session 176213 of user root.
Jul 16 10:06:01 10-80-18-18 systemd: Created slice User Slice of mysql.
Jul 16 10:06:01 10-80-18-18 systemd: Started Session 176214 of user mysql.
Jul 16 10:06:01 10-80-18-18 systemd: Removed slice User Slice of mysql.
Jul 16 10:07:01 10-80-18-18 systemd: Started Session 176215 of user root.
Jul 16 10:07:01 10-80-18-18 systemd: Created slice User Slice of mysql.
Jul 16 10:07:01 10-80-18-18 systemd: Started Session 176216 of user mysql.
Jul 16 10:07:01 10-80-18-18 systemd: Removed slice User Slice of mysql.
Jul 16 10:08:01 10-80-18-18 systemd: Started Session 176217 of user root.
Jul 16 10:08:01 10-80-18-18 systemd: Created slice User Slice of mysql.
Jul 16 10:08:01 10-80-18-18 systemd: Started Session 176218 of user mysql.
Jul 16 10:08:01 10-80-18-18 systemd: Removed slice User Slice of mysql.
Jul 16 10:09:01 10-80-18-18 systemd: Created slice User Slice of mysql.
Jul 16 10:09:01 10-80-18-18 systemd: Started Session 176219 of user mysql.
Jul 16 10:09:01 10-80-18-18 systemd: Started Session 176220 of user root.
Jul 16 10:09:01 10-80-18-18 systemd: Removed slice User Slice of mysql.
Jul 16 10:10:01 10-80-18-18 systemd: Started Session 176222 of user root.
Jul 16 10:10:01 10-80-18-18 systemd: Started Session 176221 of user root.
Jul 16 10:10:01 10-80-18-18 systemd: Started Session 176224 of user root.
Jul 16 10:10:01 10-80-18-18 systemd: Started Session 176223 of user root.
Jul 16 10:10:01 10-80-18-18 systemd: Created slice User Slice of mysql.
Jul 16 10:10:01 10-80-18-18 systemd: Started Session 176225 of user mysql.
Jul 16 10:10:01 10-80-18-18 systemd: Removed slice User Slice of mysql.
Jul 16 10:11:01 10-80-18-18 systemd: Created slice User Slice of mysql.
Jul 16 10:11:01 10-80-18-18 systemd: Started Session 176226 of user mysql.
Jul 16 10:11:01 10-80-18-18 systemd: Started Session 176227 of user root.
Jul 16 10:11:01 10-80-18-18 systemd: Removed slice User Slice of mysql.
Jul 16 10:12:01 10-80-18-18 systemd: Started Session 176228 of user root.
Jul 16 10:12:01 10-80-18-18 systemd: Created slice User Slice of mysql.
Jul 16 10:12:01 10-80-18-18 systemd: Started Session 176229 of user mysql.
Jul 16 10:12:01 10-80-18-18 systemd: Removed slice User Slice of mysql.
Jul 16 10:13:01 10-80-18-18 systemd: Started Session 176230 of user root.
Jul 16 10:13:01 10-80-18-18 systemd: Created slice User Slice of mysql.
Jul 16 10:13:01 10-80-18-18 systemd: Started Session 176231 of user mysql.
Jul 16 10:13:01 10-80-18-18 systemd: Removed slice User Slice of mysql.
Jul 16 10:14:01 10-80-18-18 systemd: Started Session 176232 of user root.
Jul 16 10:14:01 10-80-18-18 systemd: Created slice User Slice of mysql.
Jul 16 10:14:01 10-80-18-18 systemd: Started Session 176233 of user mysql.
Jul 16 10:14:01 10-80-18-18 systemd: Removed slice User Slice of mysql.
Jul 16 10:15:01 10-80-18-18 systemd: Started Session 176234 of user root.
Jul 16 10:15:01 10-80-18-18 systemd: Started Session 176235 of user root.
Jul 16 10:15:01 10-80-18-18 systemd: Started Session 176236 of user root.
Jul 16 10:15:01 10-80-18-18 systemd: Created slice User Slice of mysql.
Jul 16 10:15:01 10-80-18-18 systemd: Started Session 176237 of user mysql.
Jul 16 10:15:01 10-80-18-18 systemd: Removed slice User Slice of mysql.
Jul 16 10:16:01 10-80-18-18 systemd: Created slice User Slice of mysql.
Jul 16 10:16:01 10-80-18-18 systemd: Started Session 176238 of user mysql.
Jul 16 10:16:01 10-80-18-18 systemd: Started Session 176239 of user root.
Jul 16 10:16:01 10-80-18-18 systemd: Removed slice User Slice of mysql.
Jul 16 10:17:01 10-80-18-18 systemd: Created slice User Slice of mysql.
Jul 16 10:17:01 10-80-18-18 systemd: Started Session 176241 of user mysql.
Jul 16 10:17:01 10-80-18-18 systemd: Started Session 176240 of user root.
Jul 16 10:17:01 10-80-18-18 systemd: Removed slice User Slice of mysql.
Jul 16 10:18:01 10-80-18-18 systemd: Started Session 176242 of user root.
Jul 16 10:18:01 10-80-18-18 systemd: Created slice User Slice of mysql.
Jul 16 10:18:01 10-80-18-18 systemd: Started Session 176243 of user mysql.
Jul 16 10:18:01 10-80-18-18 systemd: Removed slice User Slice of mysql.
Jul 16 10:19:01 10-80-18-18 systemd: Started Session 176244 of user root.
Jul 16 10:19:01 10-80-18-18 systemd: Created slice User Slice of mysql.
Jul 16 10:19:01 10-80-18-18 systemd: Started Session 176245 of user mysql.
Jul 16 10:19:01 10-80-18-18 systemd: Removed slice User Slice of mysql.
Jul 16 10:20:01 10-80-18-18 systemd: Started Session 176246 of user root.
Jul 16 10:20:01 10-80-18-18 systemd: Started Session 176247 of user root.
Jul 16 10:20:01 10-80-18-18 systemd: Started Session 176248 of user root.
Jul 16 10:20:01 10-80-18-18 systemd: Created slice User Slice of mysql.
Jul 16 10:20:01 10-80-18-18 systemd: Started Session 176250 of user mysql.
Jul 16 10:20:01 10-80-18-18 systemd: Started Session 176249 of user root.
Jul 16 10:20:01 10-80-18-18 systemd: Removed slice User Slice of mysql.
Jul 16 10:21:01 10-80-18-18 systemd: Started Session 176251 of user root.
Jul 16 10:21:01 10-80-18-18 systemd: Created slice User Slice of mysql.
Jul 16 10:21:01 10-80-18-18 systemd: Started Session 176252 of user mysql.
Jul 16 10:21:01 10-80-18-18 systemd: Removed slice User Slice of mysql.
Jul 16 10:22:01 10-80-18-18 systemd: Created slice User Slice of mysql.
Jul 16 10:22:01 10-80-18-18 systemd: Started Session 176254 of user mysql.
Jul 16 10:22:01 10-80-18-18 systemd: Started Session 176253 of user root.
Jul 16 10:22:01 10-80-18-18 systemd: Removed slice User Slice of mysql.
Jul 16 10:23:01 10-80-18-18 systemd: Created slice User Slice of mysql.
Jul 16 10:23:01 10-80-18-18 systemd: Started Session 176256 of user mysql.
Jul 16 10:23:01 10-80-18-18 systemd: Started Session 176255 of user root.
Jul 16 10:23:01 10-80-18-18 systemd: Removed slice User Slice of mysql.
Jul 16 10:24:01 10-80-18-18 systemd: Created slice User Slice of mysql.
Jul 16 10:24:01 10-80-18-18 systemd: Started Session 176258 of user mysql.
Jul 16 10:24:01 10-80-18-18 systemd: Started Session 176257 of user root.
Jul 16 10:24:01 10-80-18-18 systemd: Removed slice User Slice of mysql.
Jul 16 10:25:01 10-80-18-18 systemd: Started Session 176260 of user root.
Jul 16 10:25:01 10-80-18-18 systemd: Started Session 176259 of user root.
Jul 16 10:25:01 10-80-18-18 systemd: Started Session 176261 of user root.
Jul 16 10:25:01 10-80-18-18 systemd: Created slice User Slice of mysql.
Jul 16 10:25:01 10-80-18-18 systemd: Started Session 176262 of user mysql.
Jul 16 10:25:01 10-80-18-18 systemd: Removed slice User Slice of mysql.
Jul 16 10:26:02 10-80-18-18 systemd: Started Session 176263 of user root.
Jul 16 10:26:02 10-80-18-18 systemd: Created slice User Slice of mysql.
Jul 16 10:26:02 10-80-18-18 systemd: Started Session 176264 of user mysql.
Jul 16 10:26:02 10-80-18-18 systemd: Removed slice User Slice of mysql.
Jul 16 10:27:01 10-80-18-18 systemd: Created slice User Slice of mysql.
Jul 16 10:27:01 10-80-18-18 systemd: Started Session 176266 of user mysql.
Jul 16 10:27:01 10-80-18-18 systemd: Started Session 176265 of user root.
Jul 16 10:27:01 10-80-18-18 systemd: Removed slice User Slice of mysql.
Jul 16 10:28:01 10-80-18-18 systemd: Started Session 176267 of user root.
Jul 16 10:28:01 10-80-18-18 systemd: Created slice User Slice of mysql.
Jul 16 10:28:01 10-80-18-18 systemd: Started Session 176268 of user mysql.
Jul 16 10:28:01 10-80-18-18 systemd: Removed slice User Slice of mysql.
Jul 16 10:29:01 10-80-18-18 systemd: Created slice User Slice of mysql.
Jul 16 10:29:01 10-80-18-18 systemd: Started Session 176269 of user mysql.
Jul 16 10:29:01 10-80-18-18 systemd: Started Session 176270 of user root.
Jul 16 10:29:01 10-80-18-18 systemd: Removed slice User Slice of mysql.
Jul 16 10:30:01 10-80-18-18 systemd: Started Session 176273 of user root.
Jul 16 10:30:01 10-80-18-18 systemd: Started Session 176274 of user root.
Jul 16 10:30:01 10-80-18-18 systemd: Created slice User Slice of mysql.
Jul 16 10:30:01 10-80-18-18 systemd: Started Session 176275 of user mysql.
Jul 16 10:30:01 10-80-18-18 systemd: Started Session 176271 of user root.
Jul 16 10:30:01 10-80-18-18 systemd: Started Session 176272 of user root.
Jul 16 10:30:01 10-80-18-18 systemd: Removed slice User Slice of mysql.
Jul 16 10:31:01 10-80-18-18 systemd: Started Session 176277 of user root.
Jul 16 10:31:01 10-80-18-18 systemd: Created slice User Slice of mysql.
Jul 16 10:31:01 10-80-18-18 systemd: Started Session 176276 of user mysql.
Jul 16 10:31:01 10-80-18-18 systemd: Removed slice User Slice of mysql.
Jul 16 10:32:01 10-80-18-18 systemd: Started Session 176278 of user root.
Jul 16 10:32:01 10-80-18-18 systemd: Created slice User Slice of mysql.
Jul 16 10:32:01 10-80-18-18 systemd: Started Session 176279 of user mysql.
Jul 16 10:32:01 10-80-18-18 systemd: Removed slice User Slice of mysql.
Jul 16 10:33:01 10-80-18-18 systemd: Started Session 176280 of user root.
Jul 16 10:33:01 10-80-18-18 systemd: Created slice User Slice of mysql.
Jul 16 10:33:01 10-80-18-18 systemd: Started Session 176281 of user mysql.
Jul 16 10:33:01 10-80-18-18 systemd: Removed slice User Slice of mysql.
Jul 16 10:34:01 10-80-18-18 systemd: Started Session 176282 of user root.
Jul 16 10:34:01 10-80-18-18 systemd: Created slice User Slice of mysql.
Jul 16 10:34:01 10-80-18-18 systemd: Started Session 176283 of user mysql.
Jul 16 10:34:01 10-80-18-18 systemd: Removed slice User Slice of mysql.
Jul 16 10:35:01 10-80-18-18 systemd: Created slice User Slice of mysql.
Jul 16 10:35:01 10-80-18-18 systemd: Started Session 176286 of user mysql.
Jul 16 10:35:01 10-80-18-18 systemd: Started Session 176285 of user root.
Jul 16 10:35:01 10-80-18-18 systemd: Started Session 176284 of user root.
Jul 16 10:35:01 10-80-18-18 systemd: Started Session 176287 of user root.
Jul 16 10:35:01 10-80-18-18 systemd: Removed slice User Slice of mysql.
Jul 16 10:36:01 10-80-18-18 systemd: Started Session 176288 of user root.
Jul 16 10:36:01 10-80-18-18 systemd: Created slice User Slice of mysql.
Jul 16 10:36:01 10-80-18-18 systemd: Started Session 176289 of user mysql.
Jul 16 10:36:01 10-80-18-18 systemd: Removed slice User Slice of mysql.
Jul 16 10:37:01 10-80-18-18 systemd: Started Session 176291 of user root.
Jul 16 10:37:01 10-80-18-18 systemd: Created slice User Slice of mysql.
Jul 16 10:37:01 10-80-18-18 systemd: Started Session 176290 of user mysql.
Jul 16 10:37:01 10-80-18-18 systemd: Removed slice User Slice of mysql.
Jul 16 10:38:01 10-80-18-18 systemd: Started Session 176292 of user root.
Jul 16 10:38:01 10-80-18-18 systemd: Created slice User Slice of mysql.
Jul 16 10:38:01 10-80-18-18 systemd: Started Session 176293 of user mysql.
Jul 16 10:38:01 10-80-18-18 systemd: Removed slice User Slice of mysql.
Jul 16 10:39:01 10-80-18-18 systemd: Started Session 176294 of user root.
Jul 16 10:39:01 10-80-18-18 systemd: Created slice User Slice of mysql.
Jul 16 10:39:01 10-80-18-18 systemd: Started Session 176295 of user mysql.
Jul 16 10:39:01 10-80-18-18 systemd: Removed slice User Slice of mysql.
Jul 16 10:40:01 10-80-18-18 systemd: Started Session 176298 of user root.
Jul 16 10:40:01 10-80-18-18 systemd: Started Session 176297 of user root.
Jul 16 10:40:01 10-80-18-18 systemd: Started Session 176299 of user root.
Jul 16 10:40:01 10-80-18-18 systemd: Created slice User Slice of mysql.
Jul 16 10:40:01 10-80-18-18 systemd: Started Session 176296 of user mysql.
Jul 16 10:40:02 10-80-18-18 systemd: Started Session 176300 of user root.
Jul 16 10:40:02 10-80-18-18 systemd: Removed slice User Slice of mysql.
Jul 16 10:41:01 10-80-18-18 systemd: Started Session 176301 of user root.
Jul 16 10:41:01 10-80-18-18 systemd: Created slice User Slice of mysql.
Jul 16 10:41:01 10-80-18-18 systemd: Started Session 176302 of user mysql.
Jul 16 10:41:01 10-80-18-18 systemd: Removed slice User Slice of mysql.
Jul 16 10:42:01 10-80-18-18 systemd: Created slice User Slice of mysql.
Jul 16 10:42:01 10-80-18-18 systemd: Started Session 176304 of user mysql.
Jul 16 10:42:01 10-80-18-18 systemd: Started Session 176303 of user root.
Jul 16 10:42:01 10-80-18-18 systemd: Removed slice User Slice of mysql.
Jul 16 10:43:01 10-80-18-18 systemd: Created slice User Slice of mysql.
Jul 16 10:43:01 10-80-18-18 systemd: Started Session 176306 of user mysql.
Jul 16 10:43:01 10-80-18-18 systemd: Started Session 176305 of user root.
Jul 16 10:43:01 10-80-18-18 systemd: Removed slice User Slice of mysql.
Jul 16 10:44:01 10-80-18-18 systemd: Created slice User Slice of mysql.
Jul 16 10:44:01 10-80-18-18 systemd: Started Session 176308 of user mysql.
Jul 16 10:44:01 10-80-18-18 systemd: Started Session 176307 of user root.
Jul 16 10:44:01 10-80-18-18 systemd: Removed slice User Slice of mysql.
Jul 16 10:45:01 10-80-18-18 systemd: Started Session 176310 of user root.
Jul 16 10:45:01 10-80-18-18 systemd: Started Session 176311 of user root.
Jul 16 10:45:01 10-80-18-18 systemd: Started Session 176309 of user root.
Jul 16 10:45:01 10-80-18-18 systemd: Created slice User Slice of mysql.
Jul 16 10:45:01 10-80-18-18 systemd: Started Session 176312 of user mysql.
Jul 16 10:45:01 10-80-18-18 systemd: Removed slice User Slice of mysql.
Jul 16 10:46:01 10-80-18-18 systemd: Created slice User Slice of mysql.
Jul 16 10:46:01 10-80-18-18 systemd: Started Session 176313 of user mysql.
Jul 16 10:46:01 10-80-18-18 systemd: Started Session 176314 of user root.
Jul 16 10:46:01 10-80-18-18 systemd: Removed slice User Slice of mysql.
Jul 16 10:47:01 10-80-18-18 systemd: Started Session 176315 of user root.
Jul 16 10:47:01 10-80-18-18 systemd: Created slice User Slice of mysql.
Jul 16 10:47:01 10-80-18-18 systemd: Started Session 176316 of user mysql.
Jul 16 10:47:01 10-80-18-18 systemd: Removed slice User Slice of mysql.
Jul 16 10:48:01 10-80-18-18 systemd: Started Session 176317 of user root.
Jul 16 10:48:01 10-80-18-18 systemd: Created slice User Slice of mysql.
Jul 16 10:48:01 10-80-18-18 systemd: Started Session 176318 of user mysql.
Jul 16 10:48:01 10-80-18-18 systemd: Removed slice User Slice of mysql.
Jul 16 10:49:01 10-80-18-18 systemd: Started Session 176319 of user root.
Jul 16 10:49:01 10-80-18-18 systemd: Created slice User Slice of mysql.
Jul 16 10:49:01 10-80-18-18 systemd: Started Session 176320 of user mysql.
Jul 16 10:49:01 10-80-18-18 systemd: Removed slice User Slice of mysql.
Jul 16 10:50:01 10-80-18-18 systemd: Started Session 176321 of user root.
Jul 16 10:50:01 10-80-18-18 systemd: Started Session 176322 of user root.
Jul 16 10:50:01 10-80-18-18 systemd: Created slice User Slice of mysql.
Jul 16 10:50:01 10-80-18-18 systemd: Started Session 176325 of user mysql.
Jul 16 10:50:01 10-80-18-18 systemd: Started Session 176323 of user root.
Jul 16 10:50:01 10-80-18-18 systemd: Started Session 176324 of user root.
Jul 16 10:50:01 10-80-18-18 systemd: Removed slice User Slice of mysql.
Jul 16 10:51:01 10-80-18-18 systemd: Started Session 176326 of user root.
Jul 16 10:51:01 10-80-18-18 systemd: Created slice User Slice of mysql.
Jul 16 10:51:01 10-80-18-18 systemd: Started Session 176327 of user mysql.
Jul 16 10:51:01 10-80-18-18 systemd: Removed slice User Slice of mysql.
Jul 16 10:52:01 10-80-18-18 systemd: Started Session 176328 of user root.
Jul 16 10:52:01 10-80-18-18 systemd: Created slice User Slice of mysql.
Jul 16 10:52:01 10-80-18-18 systemd: Started Session 176329 of user mysql.
Jul 16 10:52:01 10-80-18-18 systemd: Removed slice User Slice of mysql.
Jul 16 10:53:01 10-80-18-18 systemd: Started Session 176330 of user root.
Jul 16 10:53:01 10-80-18-18 systemd: Created slice User Slice of mysql.
Jul 16 10:53:01 10-80-18-18 systemd: Started Session 176331 of user mysql.
Jul 16 10:53:01 10-80-18-18 systemd: Removed slice User Slice of mysql.
Jul 16 10:54:01 10-80-18-18 systemd: Started Session 176332 of user root.
Jul 16 10:54:01 10-80-18-18 systemd: Created slice User Slice of mysql.
Jul 16 10:54:01 10-80-18-18 systemd: Started Session 176333 of user mysql.
Jul 16 10:54:01 10-80-18-18 systemd: Removed slice User Slice of mysql.
Jul 16 10:55:01 10-80-18-18 systemd: Created slice User Slice of mysql.
Jul 16 10:55:01 10-80-18-18 systemd: Started Session 176337 of user mysql.
Jul 16 10:55:01 10-80-18-18 systemd: Started Session 176334 of user root.
Jul 16 10:55:01 10-80-18-18 systemd: Started Session 176335 of user root.
Jul 16 10:55:01 10-80-18-18 systemd: Started Session 176336 of user root.
Jul 16 10:55:01 10-80-18-18 systemd: Removed slice User Slice of mysql.
Jul 16 10:56:01 10-80-18-18 systemd: Created slice User Slice of mysql.
Jul 16 10:56:01 10-80-18-18 systemd: Started Session 176339 of user mysql.
Jul 16 10:56:01 10-80-18-18 systemd: Started Session 176338 of user root.
Jul 16 10:56:01 10-80-18-18 systemd: Removed slice User Slice of mysql.
Jul 16 10:57:01 10-80-18-18 systemd: Started Session 176340 of user root.
Jul 16 10:57:01 10-80-18-18 systemd: Created slice User Slice of mysql.
Jul 16 10:57:01 10-80-18-18 systemd: Started Session 176341 of user mysql.
Jul 16 10:57:01 10-80-18-18 systemd: Removed slice User Slice of mysql.
Jul 16 10:58:01 10-80-18-18 systemd: Created slice User Slice of mysql.
Jul 16 10:58:01 10-80-18-18 systemd: Started Session 176343 of user mysql.
Jul 16 10:58:01 10-80-18-18 systemd: Started Session 176342 of user root.
Jul 16 10:58:01 10-80-18-18 systemd: Removed slice User Slice of mysql.
Jul 16 10:59:01 10-80-18-18 systemd: Created slice User Slice of mysql.
Jul 16 10:59:01 10-80-18-18 systemd: Started Session 176345 of user mysql.
Jul 16 10:59:01 10-80-18-18 systemd: Started Session 176344 of user root.
Jul 16 10:59:01 10-80-18-18 systemd: Removed slice User Slice of mysql.
Jul 16 11:00:01 10-80-18-18 systemd: Started Session 176348 of user root.
Jul 16 11:00:01 10-80-18-18 systemd: Started Session 176349 of user root.
Jul 16 11:00:01 10-80-18-18 systemd: Created slice User Slice of mysql.
Jul 16 11:00:01 10-80-18-18 systemd: Started Session 176350 of user mysql.
Jul 16 11:00:01 10-80-18-18 systemd: Started Session 176346 of user root.
Jul 16 11:00:01 10-80-18-18 systemd: Started Session 176347 of user root.
Jul 16 11:00:01 10-80-18-18 systemd: Removed slice User Slice of mysql.
Jul 16 11:01:01 10-80-18-18 systemd: Created slice User Slice of mysql.
Jul 16 11:01:01 10-80-18-18 systemd: Started Session 176353 of user mysql.
Jul 16 11:01:01 10-80-18-18 systemd: Started Session 176352 of user root.
Jul 16 11:01:01 10-80-18-18 systemd: Started Session 176351 of user root.
Jul 16 11:01:01 10-80-18-18 systemd: Removed slice User Slice of mysql.
Jul 16 11:02:01 10-80-18-18 systemd: Created slice User Slice of mysql.
Jul 16 11:02:01 10-80-18-18 systemd: Started Session 176354 of user mysql.
Jul 16 11:02:01 10-80-18-18 systemd: Started Session 176355 of user root.
Jul 16 11:02:01 10-80-18-18 systemd: Removed slice User Slice of mysql.
Jul 16 11:03:01 10-80-18-18 systemd: Started Session 176356 of user root.
Jul 16 11:03:01 10-80-18-18 systemd: Created slice User Slice of mysql.
Jul 16 11:03:01 10-80-18-18 systemd: Started Session 176357 of user mysql.
Jul 16 11:03:01 10-80-18-18 systemd: Removed slice User Slice of mysql.
Jul 16 11:04:01 10-80-18-18 systemd: Started Session 176358 of user root.
Jul 16 11:04:01 10-80-18-18 systemd: Created slice User Slice of mysql.
Jul 16 11:04:01 10-80-18-18 systemd: Started Session 176359 of user mysql.
Jul 16 11:04:01 10-80-18-18 systemd: Removed slice User Slice of mysql.
Jul 16 11:05:01 10-80-18-18 systemd: Started Session 176360 of user root.
Jul 16 11:05:01 10-80-18-18 systemd: Started Session 176363 of user root.
Jul 16 11:05:01 10-80-18-18 systemd: Started Session 176361 of user root.
Jul 16 11:05:01 10-80-18-18 systemd: Created slice User Slice of mysql.
Jul 16 11:05:01 10-80-18-18 systemd: Started Session 176362 of user mysql.
Jul 16 11:05:01 10-80-18-18 systemd: Removed slice User Slice of mysql.
Jul 16 11:06:01 10-80-18-18 systemd: Started Session 176364 of user root.
Jul 16 11:06:01 10-80-18-18 systemd: Created slice User Slice of mysql.
Jul 16 11:06:01 10-80-18-18 systemd: Started Session 176365 of user mysql.
Jul 16 11:06:01 10-80-18-18 systemd: Removed slice User Slice of mysql.
Jul 16 11:07:01 10-80-18-18 systemd: Created slice User Slice of mysql.
Jul 16 11:07:01 10-80-18-18 systemd: Started Session 176366 of user mysql.
Jul 16 11:07:01 10-80-18-18 systemd: Started Session 176367 of user root.
Jul 16 11:07:01 10-80-18-18 systemd: Removed slice User Slice of mysql.
Jul 16 11:08:01 10-80-18-18 systemd: Started Session 176368 of user root.
Jul 16 11:08:01 10-80-18-18 systemd: Created slice User Slice of mysql.
Jul 16 11:08:01 10-80-18-18 systemd: Started Session 176369 of user mysql.
Jul 16 11:08:02 10-80-18-18 systemd: Removed slice User Slice of mysql.
Jul 16 11:09:01 10-80-18-18 systemd: Created slice User Slice of mysql.
Jul 16 11:09:01 10-80-18-18 systemd: Started Session 176371 of user mysql.
Jul 16 11:09:01 10-80-18-18 systemd: Started Session 176370 of user root.
Jul 16 11:09:01 10-80-18-18 systemd: Removed slice User Slice of mysql.
Jul 16 11:10:01 10-80-18-18 systemd: Started Session 176374 of user root.
Jul 16 11:10:01 10-80-18-18 systemd: Started Session 176376 of user root.
Jul 16 11:10:01 10-80-18-18 systemd: Started Session 176373 of user root.
Jul 16 11:10:01 10-80-18-18 systemd: Started Session 176372 of user root.
Jul 16 11:10:01 10-80-18-18 systemd: Created slice User Slice of mysql.
Jul 16 11:10:01 10-80-18-18 systemd: Started Session 176375 of user mysql.
Jul 16 11:10:01 10-80-18-18 systemd: Removed slice User Slice of mysql.
Jul 16 11:11:01 10-80-18-18 systemd: Created slice User Slice of mysql.
Jul 16 11:11:01 10-80-18-18 systemd: Started Session 176378 of user mysql.
Jul 16 11:11:01 10-80-18-18 systemd: Started Session 176377 of user root.
Jul 16 11:11:01 10-80-18-18 systemd: Removed slice User Slice of mysql.
Jul 16 11:12:01 10-80-18-18 systemd: Created slice User Slice of mysql.
Jul 16 11:12:01 10-80-18-18 systemd: Started Session 176380 of user mysql.
Jul 16 11:12:01 10-80-18-18 systemd: Started Session 176379 of user root.
Jul 16 11:12:01 10-80-18-18 systemd: Removed slice User Slice of mysql.
Jul 16 11:13:01 10-80-18-18 systemd: Started Session 176381 of user root.
Jul 16 11:13:01 10-80-18-18 systemd: Created slice User Slice of mysql.
Jul 16 11:13:01 10-80-18-18 systemd: Started Session 176382 of user mysql.
Jul 16 11:13:01 10-80-18-18 systemd: Removed slice User Slice of mysql.
Jul 16 11:14:01 10-80-18-18 systemd: Started Session 176383 of user root.
Jul 16 11:14:01 10-80-18-18 systemd: Created slice User Slice of mysql.
Jul 16 11:14:01 10-80-18-18 systemd: Started Session 176384 of user mysql.
Jul 16 11:14:01 10-80-18-18 systemd: Removed slice User Slice of mysql.
Jul 16 11:15:01 10-80-18-18 systemd: Created slice User Slice of mysql.
Jul 16 11:15:01 10-80-18-18 systemd: Started Session 176387 of user mysql.
Jul 16 11:15:01 10-80-18-18 systemd: Started Session 176386 of user root.
Jul 16 11:15:01 10-80-18-18 systemd: Started Session 176388 of user root.
Jul 16 11:15:01 10-80-18-18 systemd: Started Session 176385 of user root.
Jul 16 11:15:01 10-80-18-18 systemd: Removed slice User Slice of mysql.
Jul 16 11:16:01 10-80-18-18 systemd: Started Session 176389 of user root.
Jul 16 11:16:01 10-80-18-18 systemd: Created slice User Slice of mysql.
Jul 16 11:16:01 10-80-18-18 systemd: Started Session 176390 of user mysql.
Jul 16 11:16:01 10-80-18-18 systemd: Removed slice User Slice of mysql.
Jul 16 11:17:01 10-80-18-18 systemd: Started Session 176391 of user root.
Jul 16 11:17:01 10-80-18-18 systemd: Created slice User Slice of mysql.
Jul 16 11:17:01 10-80-18-18 systemd: Started Session 176392 of user mysql.
Jul 16 11:17:01 10-80-18-18 systemd: Removed slice User Slice of mysql.
Jul 16 11:18:01 10-80-18-18 systemd: Started Session 176393 of user root.
Jul 16 11:18:01 10-80-18-18 systemd: Created slice User Slice of mysql.
Jul 16 11:18:01 10-80-18-18 systemd: Started Session 176394 of user mysql.
Jul 16 11:18:01 10-80-18-18 systemd: Removed slice User Slice of mysql.
Jul 16 11:19:01 10-80-18-18 systemd: Created slice User Slice of mysql.
Jul 16 11:19:01 10-80-18-18 systemd: Started Session 176395 of user mysql.
Jul 16 11:19:01 10-80-18-18 systemd: Started Session 176396 of user root.
Jul 16 11:19:01 10-80-18-18 systemd: Removed slice User Slice of mysql.
Jul 16 11:20:01 10-80-18-18 systemd: Started Session 176397 of user root.
Jul 16 11:20:01 10-80-18-18 systemd: Started Session 176400 of user root.
Jul 16 11:20:01 10-80-18-18 systemd: Started Session 176398 of user root.
Jul 16 11:20:01 10-80-18-18 systemd: Started Session 176401 of user root.
Jul 16 11:20:01 10-80-18-18 systemd: Created slice User Slice of mysql.
Jul 16 11:20:01 10-80-18-18 systemd: Started Session 176399 of user mysql.
Jul 16 11:20:01 10-80-18-18 systemd: Removed slice User Slice of mysql.
Jul 16 11:21:01 10-80-18-18 systemd: Created slice User Slice of mysql.
Jul 16 11:21:01 10-80-18-18 systemd: Started Session 176403 of user mysql.
Jul 16 11:21:01 10-80-18-18 systemd: Started Session 176402 of user root.
Jul 16 11:21:01 10-80-18-18 systemd: Removed slice User Slice of mysql.
Jul 16 11:22:01 10-80-18-18 systemd: Started Session 176404 of user root.
Jul 16 11:22:01 10-80-18-18 systemd: Created slice User Slice of mysql.
Jul 16 11:22:01 10-80-18-18 systemd: Started Session 176405 of user mysql.
Jul 16 11:22:01 10-80-18-18 systemd: Removed slice User Slice of mysql.
Jul 16 11:23:01 10-80-18-18 systemd: Started Session 176407 of user root.
Jul 16 11:23:02 10-80-18-18 systemd: Created slice User Slice of mysql.
Jul 16 11:23:02 10-80-18-18 systemd: Started Session 176406 of user mysql.
Jul 16 11:23:02 10-80-18-18 systemd: Removed slice User Slice of mysql.
Jul 16 11:24:01 10-80-18-18 systemd: Started Session 176408 of user root.
Jul 16 11:24:01 10-80-18-18 systemd: Created slice User Slice of mysql.
Jul 16 11:24:01 10-80-18-18 systemd: Started Session 176409 of user mysql.
Jul 16 11:24:01 10-80-18-18 systemd: Removed slice User Slice of mysql.
Jul 16 11:25:01 10-80-18-18 systemd: Created slice User Slice of mysql.
Jul 16 11:25:01 10-80-18-18 systemd: Started Session 176413 of user mysql.
Jul 16 11:25:01 10-80-18-18 systemd: Started Session 176410 of user root.
Jul 16 11:25:01 10-80-18-18 systemd: Started Session 176412 of user root.
Jul 16 11:25:01 10-80-18-18 systemd: Started Session 176411 of user root.
Jul 16 11:25:01 10-80-18-18 systemd: Removed slice User Slice of mysql.
Jul 16 11:26:01 10-80-18-18 systemd: Started Session 176414 of user root.
Jul 16 11:26:01 10-80-18-18 systemd: Created slice User Slice of mysql.
Jul 16 11:26:01 10-80-18-18 systemd: Started Session 176415 of user mysql.
Jul 16 11:26:01 10-80-18-18 systemd: Removed slice User Slice of mysql.
Jul 16 11:27:01 10-80-18-18 systemd: Started Session 176416 of user root.
Jul 16 11:27:01 10-80-18-18 systemd: Created slice User Slice of mysql.
Jul 16 11:27:01 10-80-18-18 systemd: Started Session 176417 of user mysql.
Jul 16 11:27:01 10-80-18-18 systemd: Removed slice User Slice of mysql.
Jul 16 11:28:01 10-80-18-18 systemd: Started Session 176418 of user root.
Jul 16 11:28:01 10-80-18-18 systemd: Created slice User Slice of mysql.
Jul 16 11:28:01 10-80-18-18 systemd: Started Session 176419 of user mysql.
Jul 16 11:28:01 10-80-18-18 systemd: Removed slice User Slice of mysql.
Jul 16 11:29:01 10-80-18-18 systemd: Created slice User Slice of mysql.
Jul 16 11:29:01 10-80-18-18 systemd: Started Session 176420 of user mysql.
Jul 16 11:29:01 10-80-18-18 systemd: Started Session 176421 of user root.
Jul 16 11:29:01 10-80-18-18 systemd: Removed slice User Slice of mysql.
Jul 16 11:30:01 10-80-18-18 systemd: Started Session 176422 of user root.
Jul 16 11:30:01 10-80-18-18 systemd: Started Session 176424 of user root.
Jul 16 11:30:01 10-80-18-18 systemd: Created slice User Slice of mysql.
Jul 16 11:30:01 10-80-18-18 systemd: Started Session 176423 of user mysql.
Jul 16 11:30:01 10-80-18-18 systemd: Started Session 176425 of user root.
Jul 16 11:30:01 10-80-18-18 systemd: Started Session 176426 of user root.
Jul 16 11:30:01 10-80-18-18 systemd: Removed slice User Slice of mysql.
Jul 16 11:31:01 10-80-18-18 systemd: Created slice User Slice of mysql.
Jul 16 11:31:01 10-80-18-18 systemd: Started Session 176427 of user mysql.
Jul 16 11:31:01 10-80-18-18 systemd: Started Session 176428 of user root.
Jul 16 11:31:01 10-80-18-18 systemd: Removed slice User Slice of mysql.
Jul 16 11:32:01 10-80-18-18 systemd: Started Session 176429 of user root.
Jul 16 11:32:01 10-80-18-18 systemd: Created slice User Slice of mysql.
Jul 16 11:32:01 10-80-18-18 systemd: Started Session 176430 of user mysql.
Jul 16 11:32:01 10-80-18-18 systemd: Removed slice User Slice of mysql.
Jul 16 11:33:01 10-80-18-18 systemd: Started Session 176431 of user root.
Jul 16 11:33:01 10-80-18-18 systemd: Created slice User Slice of mysql.
Jul 16 11:33:01 10-80-18-18 systemd: Started Session 176432 of user mysql.
Jul 16 11:33:01 10-80-18-18 systemd: Removed slice User Slice of mysql.
Jul 16 11:34:01 10-80-18-18 systemd: Started Session 176433 of user root.
Jul 16 11:34:01 10-80-18-18 systemd: Created slice User Slice of mysql.
Jul 16 11:34:01 10-80-18-18 systemd: Started Session 176434 of user mysql.
Jul 16 11:34:01 10-80-18-18 systemd: Removed slice User Slice of mysql.
Jul 16 11:35:01 10-80-18-18 systemd: Started Session 176435 of user root.
Jul 16 11:35:01 10-80-18-18 systemd: Started Session 176436 of user root.
Jul 16 11:35:01 10-80-18-18 systemd: Created slice User Slice of mysql.
Jul 16 11:35:01 10-80-18-18 systemd: Started Session 176437 of user mysql.
Jul 16 11:35:01 10-80-18-18 systemd: Started Session 176438 of user root.
Jul 16 11:35:01 10-80-18-18 systemd: Removed slice User Slice of mysql.
Jul 16 11:36:01 10-80-18-18 systemd: Started Session 176440 of user root.
Jul 16 11:36:01 10-80-18-18 systemd: Created slice User Slice of mysql.
Jul 16 11:36:01 10-80-18-18 systemd: Started Session 176439 of user mysql.
Jul 16 11:36:01 10-80-18-18 systemd: Removed slice User Slice of mysql.
Jul 16 11:37:01 10-80-18-18 systemd: Created slice User Slice of mysql.
Jul 16 11:37:01 10-80-18-18 systemd: Started Session 176441 of user mysql.
Jul 16 11:37:01 10-80-18-18 systemd: Started Session 176442 of user root.
Jul 16 11:37:02 10-80-18-18 systemd: Removed slice User Slice of mysql.
Jul 16 11:38:01 10-80-18-18 systemd: Started Session 176443 of user root.
Jul 16 11:38:01 10-80-18-18 systemd: Created slice User Slice of mysql.
Jul 16 11:38:01 10-80-18-18 systemd: Started Session 176444 of user mysql.
Jul 16 11:38:01 10-80-18-18 systemd: Removed slice User Slice of mysql.
Jul 16 11:39:01 10-80-18-18 systemd: Started Session 176445 of user root.
Jul 16 11:39:01 10-80-18-18 systemd: Created slice User Slice of mysql.
Jul 16 11:39:01 10-80-18-18 systemd: Started Session 176446 of user mysql.
Jul 16 11:39:01 10-80-18-18 systemd: Removed slice User Slice of mysql.
Jul 16 11:40:01 10-80-18-18 systemd: Created slice User Slice of mysql.
Jul 16 11:40:01 10-80-18-18 systemd: Started Session 176449 of user mysql.
Jul 16 11:40:01 10-80-18-18 systemd: Started Session 176447 of user root.
Jul 16 11:40:01 10-80-18-18 systemd: Started Session 176451 of user root.
Jul 16 11:40:01 10-80-18-18 systemd: Started Session 176448 of user root.
Jul 16 11:40:01 10-80-18-18 systemd: Started Session 176450 of user root.
Jul 16 11:40:01 10-80-18-18 systemd: Removed slice User Slice of mysql.
Jul 16 11:41:01 10-80-18-18 systemd: Started Session 176452 of user root.
Jul 16 11:41:01 10-80-18-18 systemd: Created slice User Slice of mysql.
Jul 16 11:41:01 10-80-18-18 systemd: Started Session 176453 of user mysql.
Jul 16 11:41:01 10-80-18-18 systemd: Removed slice User Slice of mysql.
Jul 16 11:42:01 10-80-18-18 systemd: Started Session 176454 of user root.
Jul 16 11:42:01 10-80-18-18 systemd: Created slice User Slice of mysql.
Jul 16 11:42:01 10-80-18-18 systemd: Started Session 176455 of user mysql.
Jul 16 11:42:01 10-80-18-18 systemd: Removed slice User Slice of mysql.
Jul 16 11:43:01 10-80-18-18 systemd: Created slice User Slice of mysql.
Jul 16 11:43:01 10-80-18-18 systemd: Started Session 176457 of user mysql.
Jul 16 11:43:01 10-80-18-18 systemd: Started Session 176456 of user root.
Jul 16 11:43:01 10-80-18-18 systemd: Removed slice User Slice of mysql.
Jul 16 11:44:01 10-80-18-18 systemd: Created slice User Slice of mysql.
Jul 16 11:44:01 10-80-18-18 systemd: Started Session 176459 of user mysql.
Jul 16 11:44:01 10-80-18-18 systemd: Started Session 176458 of user root.
Jul 16 11:44:01 10-80-18-18 systemd: Removed slice User Slice of mysql.
Jul 16 11:45:01 10-80-18-18 systemd: Started Session 176460 of user root.
Jul 16 11:45:01 10-80-18-18 systemd: Started Session 176461 of user root.
Jul 16 11:45:01 10-80-18-18 systemd: Created slice User Slice of mysql.
Jul 16 11:45:01 10-80-18-18 systemd: Started Session 176462 of user mysql.
Jul 16 11:45:01 10-80-18-18 systemd: Started Session 176463 of user root.
Jul 16 11:45:01 10-80-18-18 systemd: Removed slice User Slice of mysql.
Jul 16 11:46:01 10-80-18-18 systemd: Started Session 176464 of user root.
Jul 16 11:46:01 10-80-18-18 systemd: Created slice User Slice of mysql.
Jul 16 11:46:01 10-80-18-18 systemd: Started Session 176465 of user mysql.
Jul 16 11:46:01 10-80-18-18 systemd: Removed slice User Slice of mysql.
Jul 16 11:47:01 10-80-18-18 systemd: Started Session 176466 of user root.
Jul 16 11:47:01 10-80-18-18 systemd: Created slice User Slice of mysql.
Jul 16 11:47:01 10-80-18-18 systemd: Started Session 176467 of user mysql.
Jul 16 11:47:01 10-80-18-18 systemd: Removed slice User Slice of mysql.
Jul 16 11:48:01 10-80-18-18 systemd: Started Session 176468 of user root.
Jul 16 11:48:01 10-80-18-18 systemd: Created slice User Slice of mysql.
Jul 16 11:48:01 10-80-18-18 systemd: Started Session 176469 of user mysql.
Jul 16 11:48:01 10-80-18-18 systemd: Removed slice User Slice of mysql.
Jul 16 11:49:01 10-80-18-18 systemd: Started Session 176470 of user root.
Jul 16 11:49:01 10-80-18-18 systemd: Created slice User Slice of mysql.
Jul 16 11:49:01 10-80-18-18 systemd: Started Session 176471 of user mysql.
Jul 16 11:49:01 10-80-18-18 systemd: Removed slice User Slice of mysql.
Jul 16 11:50:01 10-80-18-18 systemd: Started Session 176473 of user root.
Jul 16 11:50:01 10-80-18-18 systemd: Started Session 176474 of user root.
Jul 16 11:50:01 10-80-18-18 systemd: Started Session 176472 of user root.
Jul 16 11:50:01 10-80-18-18 systemd: Created slice User Slice of mysql.
Jul 16 11:50:01 10-80-18-18 systemd: Started Session 176476 of user mysql.
Jul 16 11:50:01 10-80-18-18 systemd: Started Session 176475 of user root.
Jul 16 11:50:01 10-80-18-18 systemd: Removed slice User Slice of mysql.
Jul 16 11:51:01 10-80-18-18 systemd: Started Session 176477 of user root.
Jul 16 11:51:01 10-80-18-18 systemd: Created slice User Slice of mysql.
Jul 16 11:51:01 10-80-18-18 systemd: Started Session 176478 of user mysql.
Jul 16 11:51:01 10-80-18-18 systemd: Removed slice User Slice of mysql.
Jul 16 11:52:01 10-80-18-18 systemd: Created slice User Slice of mysql.
Jul 16 11:52:01 10-80-18-18 systemd: Started Session 176480 of user mysql.
Jul 16 11:52:01 10-80-18-18 systemd: Started Session 176479 of user root.
Jul 16 11:52:01 10-80-18-18 systemd: Removed slice User Slice of mysql.
Jul 16 11:53:01 10-80-18-18 systemd: Created slice User Slice of mysql.
Jul 16 11:53:01 10-80-18-18 systemd: Started Session 176482 of user mysql.
Jul 16 11:53:01 10-80-18-18 systemd: Started Session 176481 of user root.
Jul 16 11:53:01 10-80-18-18 systemd: Removed slice User Slice of mysql.
Jul 16 11:54:01 10-80-18-18 systemd: Started Session 176484 of user root.
Jul 16 11:54:01 10-80-18-18 systemd: Created slice User Slice of mysql.
Jul 16 11:54:01 10-80-18-18 systemd: Started Session 176483 of user mysql.
Jul 16 11:54:01 10-80-18-18 systemd: Removed slice User Slice of mysql.
Jul 16 11:55:01 10-80-18-18 systemd: Started Session 176487 of user root.
Jul 16 11:55:01 10-80-18-18 systemd: Created slice User Slice of mysql.
Jul 16 11:55:01 10-80-18-18 systemd: Started Session 176488 of user mysql.
Jul 16 11:55:01 10-80-18-18 systemd: Started Session 176486 of user root.
Jul 16 11:55:01 10-80-18-18 systemd: Started Session 176485 of user root.
Jul 16 11:55:01 10-80-18-18 systemd: Removed slice User Slice of mysql.
Jul 16 11:56:01 10-80-18-18 systemd: Created slice User Slice of mysql.
Jul 16 11:56:01 10-80-18-18 systemd: Started Session 176490 of user mysql.
Jul 16 11:56:01 10-80-18-18 systemd: Started Session 176489 of user root.
Jul 16 11:56:01 10-80-18-18 systemd: Removed slice User Slice of mysql.
Jul 16 11:57:01 10-80-18-18 systemd: Started Session 176492 of user root.
Jul 16 11:57:01 10-80-18-18 systemd: Created slice User Slice of mysql.
Jul 16 11:57:01 10-80-18-18 systemd: Started Session 176491 of user mysql.
Jul 16 11:57:01 10-80-18-18 systemd: Removed slice User Slice of mysql.
Jul 16 11:58:01 10-80-18-18 systemd: Started Session 176493 of user root.
Jul 16 11:58:01 10-80-18-18 systemd: Created slice User Slice of mysql.
Jul 16 11:58:01 10-80-18-18 systemd: Started Session 176494 of user mysql.
Jul 16 11:58:01 10-80-18-18 systemd: Removed slice User Slice of mysql.
Jul 16 11:59:01 10-80-18-18 systemd: Started Session 176495 of user root.
Jul 16 11:59:01 10-80-18-18 systemd: Created slice User Slice of mysql.
Jul 16 11:59:01 10-80-18-18 systemd: Started Session 176496 of user mysql.
Jul 16 11:59:01 10-80-18-18 systemd: Removed slice User Slice of mysql.
Jul 16 12:00:01 10-80-18-18 systemd: Started Session 176497 of user root.
Jul 16 12:00:01 10-80-18-18 systemd: Started Session 176500 of user root.
Jul 16 12:00:01 10-80-18-18 systemd: Started Session 176499 of user root.
Jul 16 12:00:01 10-80-18-18 systemd: Started Session 176498 of user root.
Jul 16 12:00:01 10-80-18-18 systemd: Created slice User Slice of mysql.
Jul 16 12:00:01 10-80-18-18 systemd: Started Session 176501 of user mysql.
Jul 16 12:00:01 10-80-18-18 systemd: Removed slice User Slice of mysql.
Jul 16 12:01:01 10-80-18-18 systemd: Started Session 176503 of user root.
Jul 16 12:01:01 10-80-18-18 systemd: Started Session 176502 of user root.
Jul 16 12:01:01 10-80-18-18 systemd: Created slice User Slice of mysql.
Jul 16 12:01:01 10-80-18-18 systemd: Started Session 176504 of user mysql.
Jul 16 12:01:01 10-80-18-18 systemd: Removed slice User Slice of mysql.
Jul 16 12:02:01 10-80-18-18 systemd: Started Session 176505 of user root.
Jul 16 12:02:01 10-80-18-18 systemd: Created slice User Slice of mysql.
Jul 16 12:02:01 10-80-18-18 systemd: Started Session 176506 of user mysql.
Jul 16 12:02:01 10-80-18-18 systemd: Removed slice User Slice of mysql.
Jul 16 12:03:01 10-80-18-18 systemd: Created slice User Slice of mysql.
Jul 16 12:03:01 10-80-18-18 systemd: Started Session 176508 of user mysql.
Jul 16 12:03:01 10-80-18-18 systemd: Started Session 176507 of user root.
Jul 16 12:03:01 10-80-18-18 systemd: Removed slice User Slice of mysql.
Jul 16 12:04:01 10-80-18-18 systemd: Created slice User Slice of mysql.
Jul 16 12:04:01 10-80-18-18 systemd: Started Session 176509 of user mysql.
Jul 16 12:04:01 10-80-18-18 systemd: Started Session 176510 of user root.
Jul 16 12:04:01 10-80-18-18 systemd: Removed slice User Slice of mysql.
Jul 16 12:05:01 10-80-18-18 systemd: Created slice User Slice of mysql.
Jul 16 12:05:01 10-80-18-18 systemd: Started Session 176513 of user mysql.
Jul 16 12:05:01 10-80-18-18 systemd: Started Session 176514 of user root.
Jul 16 12:05:01 10-80-18-18 systemd: Started Session 176511 of user root.
Jul 16 12:05:01 10-80-18-18 systemd: Started Session 176512 of user root.
Jul 16 12:05:01 10-80-18-18 systemd: Removed slice User Slice of mysql.
Jul 16 12:06:01 10-80-18-18 systemd: Started Session 176515 of user root.
Jul 16 12:06:01 10-80-18-18 systemd: Created slice User Slice of mysql.
Jul 16 12:06:01 10-80-18-18 systemd: Started Session 176516 of user mysql.
Jul 16 12:06:01 10-80-18-18 systemd: Removed slice User Slice of mysql.
Jul 16 12:07:01 10-80-18-18 systemd: Started Session 176517 of user root.
Jul 16 12:07:01 10-80-18-18 systemd: Created slice User Slice of mysql.
Jul 16 12:07:01 10-80-18-18 systemd: Started Session 176518 of user mysql.
Jul 16 12:07:01 10-80-18-18 systemd: Removed slice User Slice of mysql.
Jul 16 12:08:01 10-80-18-18 systemd: Started Session 176519 of user root.
Jul 16 12:08:01 10-80-18-18 systemd: Created slice User Slice of mysql.
Jul 16 12:08:01 10-80-18-18 systemd: Started Session 176520 of user mysql.
Jul 16 12:08:01 10-80-18-18 systemd: Removed slice User Slice of mysql.
Jul 16 12:09:01 10-80-18-18 systemd: Started Session 176521 of user root.
Jul 16 12:09:01 10-80-18-18 systemd: Created slice User Slice of mysql.
Jul 16 12:09:01 10-80-18-18 systemd: Started Session 176522 of user mysql.
Jul 16 12:09:01 10-80-18-18 systemd: Removed slice User Slice of mysql.
Jul 16 12:10:01 10-80-18-18 systemd: Started Session 176523 of user root.
Jul 16 12:10:01 10-80-18-18 systemd: Started Session 176526 of user root.
Jul 16 12:10:01 10-80-18-18 systemd: Started Session 176527 of user root.
Jul 16 12:10:01 10-80-18-18 systemd: Created slice User Slice of mysql.
Jul 16 12:10:01 10-80-18-18 systemd: Started Session 176525 of user mysql.
Jul 16 12:10:01 10-80-18-18 systemd: Started Session 176524 of user root.
Jul 16 12:10:01 10-80-18-18 systemd: Removed slice User Slice of mysql.
Jul 16 12:11:01 10-80-18-18 systemd: Started Session 176528 of user root.
Jul 16 12:11:01 10-80-18-18 systemd: Created slice User Slice of mysql.
Jul 16 12:11:01 10-80-18-18 systemd: Started Session 176529 of user mysql.
Jul 16 12:11:01 10-80-18-18 systemd: Removed slice User Slice of mysql.
Jul 16 12:12:01 10-80-18-18 systemd: Created slice User Slice of mysql.
Jul 16 12:12:01 10-80-18-18 systemd: Started Session 176530 of user mysql.
Jul 16 12:12:01 10-80-18-18 systemd: Started Session 176531 of user root.
Jul 16 12:12:01 10-80-18-18 systemd: Removed slice User Slice of mysql.
Jul 16 12:13:01 10-80-18-18 systemd: Created slice User Slice of mysql.
Jul 16 12:13:01 10-80-18-18 systemd: Started Session 176533 of user mysql.
Jul 16 12:13:01 10-80-18-18 systemd: Started Session 176532 of user root.
Jul 16 12:13:01 10-80-18-18 systemd: Removed slice User Slice of mysql.
Jul 16 12:14:01 10-80-18-18 systemd: Started Session 176534 of user root.
Jul 16 12:14:01 10-80-18-18 systemd: Created slice User Slice of mysql.
Jul 16 12:14:01 10-80-18-18 systemd: Started Session 176535 of user mysql.
Jul 16 12:14:01 10-80-18-18 systemd: Removed slice User Slice of mysql.
Jul 16 12:15:01 10-80-18-18 systemd: Started Session 176536 of user root.
Jul 16 12:15:01 10-80-18-18 systemd: Started Session 176539 of user root.
Jul 16 12:15:01 10-80-18-18 systemd: Created slice User Slice of mysql.
Jul 16 12:15:01 10-80-18-18 systemd: Started Session 176538 of user mysql.
Jul 16 12:15:01 10-80-18-18 systemd: Started Session 176537 of user root.
Jul 16 12:15:01 10-80-18-18 systemd: Removed slice User Slice of mysql.
Jul 16 12:16:01 10-80-18-18 systemd: Created slice User Slice of mysql.
Jul 16 12:16:01 10-80-18-18 systemd: Started Session 176541 of user mysql.
Jul 16 12:16:01 10-80-18-18 systemd: Started Session 176540 of user root.
Jul 16 12:16:01 10-80-18-18 systemd: Removed slice User Slice of mysql.
Jul 16 12:17:01 10-80-18-18 systemd: Started Session 176543 of user root.
Jul 16 12:17:01 10-80-18-18 systemd: Created slice User Slice of mysql.
Jul 16 12:17:01 10-80-18-18 systemd: Started Session 176542 of user mysql.
Jul 16 12:17:01 10-80-18-18 systemd: Removed slice User Slice of mysql.
Jul 16 12:18:01 10-80-18-18 systemd: Started Session 176545 of user root.
Jul 16 12:18:01 10-80-18-18 systemd: Created slice User Slice of mysql.
Jul 16 12:18:01 10-80-18-18 systemd: Started Session 176544 of user mysql.
Jul 16 12:18:01 10-80-18-18 systemd: Removed slice User Slice of mysql.
Jul 16 12:19:01 10-80-18-18 systemd: Started Session 176546 of user root.
Jul 16 12:19:01 10-80-18-18 systemd: Created slice User Slice of mysql.
Jul 16 12:19:01 10-80-18-18 systemd: Started Session 176547 of user mysql.
Jul 16 12:19:01 10-80-18-18 systemd: Removed slice User Slice of mysql.
Jul 16 12:20:01 10-80-18-18 systemd: Started Session 176550 of user root.
Jul 16 12:20:01 10-80-18-18 systemd: Started Session 176548 of user root.
Jul 16 12:20:01 10-80-18-18 systemd: Created slice User Slice of mysql.
Jul 16 12:20:01 10-80-18-18 systemd: Started Session 176552 of user mysql.
Jul 16 12:20:01 10-80-18-18 systemd: Started Session 176549 of user root.
Jul 16 12:20:01 10-80-18-18 systemd: Started Session 176551 of user root.
Jul 16 12:20:01 10-80-18-18 systemd: Removed slice User Slice of mysql.
Jul 16 12:21:01 10-80-18-18 systemd: Created slice User Slice of mysql.
Jul 16 12:21:01 10-80-18-18 systemd: Started Session 176554 of user mysql.
Jul 16 12:21:01 10-80-18-18 systemd: Started Session 176553 of user root.
Jul 16 12:21:02 10-80-18-18 systemd: Removed slice User Slice of mysql.
Jul 16 12:22:01 10-80-18-18 systemd: Created slice User Slice of mysql.
Jul 16 12:22:01 10-80-18-18 systemd: Started Session 176556 of user mysql.
Jul 16 12:22:01 10-80-18-18 systemd: Started Session 176555 of user root.
Jul 16 12:22:01 10-80-18-18 systemd: Removed slice User Slice of mysql.
Jul 16 12:23:01 10-80-18-18 systemd: Started Session 176557 of user root.
Jul 16 12:23:01 10-80-18-18 systemd: Created slice User Slice of mysql.
Jul 16 12:23:01 10-80-18-18 systemd: Started Session 176558 of user mysql.
Jul 16 12:23:01 10-80-18-18 systemd: Removed slice User Slice of mysql.
Jul 16 12:24:01 10-80-18-18 systemd: Created slice User Slice of mysql.
Jul 16 12:24:01 10-80-18-18 systemd: Started Session 176560 of user mysql.
Jul 16 12:24:01 10-80-18-18 systemd: Started Session 176559 of user root.
Jul 16 12:24:01 10-80-18-18 systemd: Removed slice User Slice of mysql.
Jul 16 12:25:01 10-80-18-18 systemd: Started Session 176561 of user root.
Jul 16 12:25:01 10-80-18-18 systemd: Started Session 176562 of user root.
Jul 16 12:25:01 10-80-18-18 systemd: Started Session 176563 of user root.
Jul 16 12:25:01 10-80-18-18 systemd: Created slice User Slice of mysql.
Jul 16 12:25:01 10-80-18-18 systemd: Started Session 176564 of user mysql.
Jul 16 12:25:01 10-80-18-18 systemd: Removed slice User Slice of mysql.
Jul 16 12:26:01 10-80-18-18 systemd: Started Session 176565 of user root.
Jul 16 12:26:01 10-80-18-18 systemd: Created slice User Slice of mysql.
Jul 16 12:26:01 10-80-18-18 systemd: Started Session 176566 of user mysql.
Jul 16 12:26:01 10-80-18-18 systemd: Removed slice User Slice of mysql.
Jul 16 12:27:01 10-80-18-18 systemd: Created slice User Slice of mysql.
Jul 16 12:27:01 10-80-18-18 systemd: Started Session 176568 of user mysql.
Jul 16 12:27:01 10-80-18-18 systemd: Started Session 176567 of user root.
Jul 16 12:27:01 10-80-18-18 systemd: Removed slice User Slice of mysql.
Jul 16 12:28:01 10-80-18-18 systemd: Created slice User Slice of mysql.
Jul 16 12:28:01 10-80-18-18 systemd: Started Session 176570 of user mysql.
Jul 16 12:28:01 10-80-18-18 systemd: Started Session 176569 of user root.
Jul 16 12:28:01 10-80-18-18 systemd: Removed slice User Slice of mysql.
Jul 16 12:29:01 10-80-18-18 systemd: Started Session 176571 of user root.
Jul 16 12:29:01 10-80-18-18 systemd: Created slice User Slice of mysql.
Jul 16 12:29:01 10-80-18-18 systemd: Started Session 176572 of user mysql.
Jul 16 12:29:01 10-80-18-18 systemd: Removed slice User Slice of mysql.
Jul 16 12:30:01 10-80-18-18 systemd: Started Session 176573 of user root.
Jul 16 12:30:01 10-80-18-18 systemd: Started Session 176574 of user root.
Jul 16 12:30:01 10-80-18-18 systemd: Started Session 176577 of user root.
Jul 16 12:30:01 10-80-18-18 systemd: Created slice User Slice of mysql.
Jul 16 12:30:01 10-80-18-18 systemd: Started Session 176576 of user mysql.
Jul 16 12:30:01 10-80-18-18 systemd: Started Session 176575 of user root.
Jul 16 12:30:01 10-80-18-18 systemd: Removed slice User Slice of mysql.
Jul 16 12:31:01 10-80-18-18 systemd: Created slice User Slice of mysql.
Jul 16 12:31:01 10-80-18-18 systemd: Started Session 176579 of user mysql.
Jul 16 12:31:01 10-80-18-18 systemd: Started Session 176578 of user root.
Jul 16 12:31:01 10-80-18-18 systemd: Removed slice User Slice of mysql.
Jul 16 12:32:01 10-80-18-18 systemd: Created slice User Slice of mysql.
Jul 16 12:32:01 10-80-18-18 systemd: Started Session 176581 of user mysql.
Jul 16 12:32:01 10-80-18-18 systemd: Started Session 176580 of user root.
Jul 16 12:32:01 10-80-18-18 systemd: Removed slice User Slice of mysql.
Jul 16 12:33:01 10-80-18-18 systemd: Created slice User Slice of mysql.
Jul 16 12:33:01 10-80-18-18 systemd: Started Session 176583 of user mysql.
Jul 16 12:33:01 10-80-18-18 systemd: Started Session 176582 of user root.
Jul 16 12:33:01 10-80-18-18 systemd: Removed slice User Slice of mysql.
Jul 16 12:34:01 10-80-18-18 systemd: Started Session 176585 of user root.
Jul 16 12:34:01 10-80-18-18 systemd: Created slice User Slice of mysql.
Jul 16 12:34:01 10-80-18-18 systemd: Started Session 176584 of user mysql.
Jul 16 12:34:01 10-80-18-18 systemd: Removed slice User Slice of mysql.
Jul 16 12:35:01 10-80-18-18 systemd: Started Session 176589 of user root.
Jul 16 12:35:01 10-80-18-18 systemd: Started Session 176586 of user root.
Jul 16 12:35:01 10-80-18-18 systemd: Started Session 176587 of user root.
Jul 16 12:35:01 10-80-18-18 systemd: Created slice User Slice of mysql.
Jul 16 12:35:01 10-80-18-18 systemd: Started Session 176588 of user mysql.
Jul 16 12:35:01 10-80-18-18 systemd: Removed slice User Slice of mysql.
Jul 16 12:36:01 10-80-18-18 systemd: Started Session 176590 of user root.
Jul 16 12:36:01 10-80-18-18 systemd: Created slice User Slice of mysql.
Jul 16 12:36:01 10-80-18-18 systemd: Started Session 176591 of user mysql.
Jul 16 12:36:01 10-80-18-18 systemd: Removed slice User Slice of mysql.
Jul 16 12:37:01 10-80-18-18 systemd: Started Session 176592 of user root.
Jul 16 12:37:01 10-80-18-18 systemd: Created slice User Slice of mysql.
Jul 16 12:37:01 10-80-18-18 systemd: Started Session 176593 of user mysql.
Jul 16 12:37:01 10-80-18-18 systemd: Removed slice User Slice of mysql.
Jul 16 12:38:01 10-80-18-18 systemd: Created slice User Slice of mysql.
Jul 16 12:38:01 10-80-18-18 systemd: Started Session 176594 of user mysql.
Jul 16 12:38:01 10-80-18-18 systemd: Started Session 176595 of user root.
Jul 16 12:38:01 10-80-18-18 systemd: Removed slice User Slice of mysql.
Jul 16 12:39:01 10-80-18-18 systemd: Created slice User Slice of mysql.
Jul 16 12:39:01 10-80-18-18 systemd: Started Session 176596 of user mysql.
Jul 16 12:39:01 10-80-18-18 systemd: Started Session 176597 of user root.
Jul 16 12:39:01 10-80-18-18 systemd: Removed slice User Slice of mysql.
Jul 16 12:40:01 10-80-18-18 systemd: Started Session 176601 of user root.
Jul 16 12:40:01 10-80-18-18 systemd: Started Session 176600 of user root.
Jul 16 12:40:01 10-80-18-18 systemd: Started Session 176598 of user root.
Jul 16 12:40:01 10-80-18-18 systemd: Created slice User Slice of mysql.
Jul 16 12:40:01 10-80-18-18 systemd: Started Session 176602 of user mysql.
Jul 16 12:40:01 10-80-18-18 systemd: Started Session 176599 of user root.
Jul 16 12:40:01 10-80-18-18 systemd: Removed slice User Slice of mysql.
Jul 16 12:41:01 10-80-18-18 systemd: Started Session 176603 of user root.
Jul 16 12:41:01 10-80-18-18 systemd: Created slice User Slice of mysql.
Jul 16 12:41:01 10-80-18-18 systemd: Started Session 176604 of user mysql.
Jul 16 12:41:01 10-80-18-18 systemd: Removed slice User Slice of mysql.
Jul 16 12:42:01 10-80-18-18 systemd: Started Session 176606 of user root.
Jul 16 12:42:01 10-80-18-18 systemd: Created slice User Slice of mysql.
Jul 16 12:42:01 10-80-18-18 systemd: Started Session 176605 of user mysql.
Jul 16 12:42:01 10-80-18-18 systemd: Removed slice User Slice of mysql.
Jul 16 12:43:01 10-80-18-18 systemd: Started Session 176607 of user root.
Jul 16 12:43:01 10-80-18-18 systemd: Created slice User Slice of mysql.
Jul 16 12:43:01 10-80-18-18 systemd: Started Session 176608 of user mysql.
Jul 16 12:43:01 10-80-18-18 systemd: Removed slice User Slice of mysql.
Jul 16 12:44:01 10-80-18-18 systemd: Created slice User Slice of mysql.
Jul 16 12:44:01 10-80-18-18 systemd: Started Session 176610 of user mysql.
Jul 16 12:44:01 10-80-18-18 systemd: Started Session 176609 of user root.
Jul 16 12:44:01 10-80-18-18 systemd: Removed slice User Slice of mysql.
Jul 16 12:45:01 10-80-18-18 systemd: Started Session 176611 of user root.
Jul 16 12:45:01 10-80-18-18 systemd: Started Session 176614 of user root.
Jul 16 12:45:01 10-80-18-18 systemd: Started Session 176613 of user root.
Jul 16 12:45:01 10-80-18-18 systemd: Created slice User Slice of mysql.
Jul 16 12:45:01 10-80-18-18 systemd: Started Session 176612 of user mysql.
Jul 16 12:45:01 10-80-18-18 systemd: Removed slice User Slice of mysql.
Jul 16 12:46:01 10-80-18-18 systemd: Started Session 176616 of user root.
Jul 16 12:46:01 10-80-18-18 systemd: Created slice User Slice of mysql.
Jul 16 12:46:01 10-80-18-18 systemd: Started Session 176615 of user mysql.
Jul 16 12:46:01 10-80-18-18 systemd: Removed slice User Slice of mysql.
Jul 16 12:47:01 10-80-18-18 systemd: Created slice User Slice of mysql.
Jul 16 12:47:01 10-80-18-18 systemd: Started Session 176618 of user mysql.
Jul 16 12:47:01 10-80-18-18 systemd: Started Session 176617 of user root.
Jul 16 12:47:01 10-80-18-18 systemd: Removed slice User Slice of mysql.
Jul 16 12:48:01 10-80-18-18 systemd: Started Session 176619 of user root.
Jul 16 12:48:01 10-80-18-18 systemd: Created slice User Slice of mysql.
Jul 16 12:48:01 10-80-18-18 systemd: Started Session 176620 of user mysql.
Jul 16 12:48:01 10-80-18-18 systemd: Removed slice User Slice of mysql.
Jul 16 12:49:01 10-80-18-18 systemd: Started Session 176621 of user root.
Jul 16 12:49:01 10-80-18-18 systemd: Created slice User Slice of mysql.
Jul 16 12:49:01 10-80-18-18 systemd: Started Session 176622 of user mysql.
Jul 16 12:49:01 10-80-18-18 systemd: Removed slice User Slice of mysql.
Jul 16 12:50:01 10-80-18-18 systemd: Started Session 176624 of user root.
Jul 16 12:50:01 10-80-18-18 systemd: Started Session 176623 of user root.
Jul 16 12:50:01 10-80-18-18 systemd: Created slice User Slice of mysql.
Jul 16 12:50:01 10-80-18-18 systemd: Started Session 176626 of user mysql.
Jul 16 12:50:01 10-80-18-18 systemd: Started Session 176625 of user root.
Jul 16 12:50:01 10-80-18-18 systemd: Started Session 176627 of user root.
Jul 16 12:50:01 10-80-18-18 systemd: Removed slice User Slice of mysql.
Jul 16 12:51:01 10-80-18-18 systemd: Started Session 176628 of user root.
Jul 16 12:51:01 10-80-18-18 systemd: Created slice User Slice of mysql.
Jul 16 12:51:01 10-80-18-18 systemd: Started Session 176629 of user mysql.
Jul 16 12:51:01 10-80-18-18 systemd: Removed slice User Slice of mysql.
Jul 16 12:52:01 10-80-18-18 systemd: Started Session 176630 of user root.
Jul 16 12:52:01 10-80-18-18 systemd: Created slice User Slice of mysql.
Jul 16 12:52:01 10-80-18-18 systemd: Started Session 176631 of user mysql.
Jul 16 12:52:01 10-80-18-18 systemd: Removed slice User Slice of mysql.
Jul 16 12:53:01 10-80-18-18 systemd: Created slice User Slice of mysql.
Jul 16 12:53:01 10-80-18-18 systemd: Started Session 176633 of user mysql.
Jul 16 12:53:01 10-80-18-18 systemd: Started Session 176632 of user root.
Jul 16 12:53:01 10-80-18-18 systemd: Removed slice User Slice of mysql.
Jul 16 12:54:01 10-80-18-18 systemd: Started Session 176634 of user root.
Jul 16 12:54:01 10-80-18-18 systemd: Created slice User Slice of mysql.
Jul 16 12:54:01 10-80-18-18 systemd: Started Session 176635 of user mysql.
Jul 16 12:54:01 10-80-18-18 systemd: Removed slice User Slice of mysql.
Jul 16 12:55:01 10-80-18-18 systemd: Created slice User Slice of mysql.
Jul 16 12:55:01 10-80-18-18 systemd: Started Session 176639 of user mysql.
Jul 16 12:55:01 10-80-18-18 systemd: Started Session 176638 of user root.
Jul 16 12:55:01 10-80-18-18 systemd: Started Session 176636 of user root.
Jul 16 12:55:01 10-80-18-18 systemd: Started Session 176637 of user root.
Jul 16 12:55:01 10-80-18-18 systemd: Removed slice User Slice of mysql.
Jul 16 12:56:01 10-80-18-18 systemd: Started Session 176640 of user root.
Jul 16 12:56:01 10-80-18-18 systemd: Created slice User Slice of mysql.
Jul 16 12:56:01 10-80-18-18 systemd: Started Session 176641 of user mysql.
Jul 16 12:56:01 10-80-18-18 systemd: Removed slice User Slice of mysql.
Jul 16 12:57:01 10-80-18-18 systemd: Started Session 176642 of user root.
Jul 16 12:57:01 10-80-18-18 systemd: Created slice User Slice of mysql.
Jul 16 12:57:01 10-80-18-18 systemd: Started Session 176643 of user mysql.
Jul 16 12:57:01 10-80-18-18 systemd: Removed slice User Slice of mysql.
Jul 16 12:58:01 10-80-18-18 systemd: Started Session 176644 of user root.
Jul 16 12:58:01 10-80-18-18 systemd: Created slice User Slice of mysql.
Jul 16 12:58:01 10-80-18-18 systemd: Started Session 176645 of user mysql.
Jul 16 12:58:01 10-80-18-18 systemd: Removed slice User Slice of mysql.
Jul 16 12:59:01 10-80-18-18 systemd: Started Session 176646 of user root.
Jul 16 12:59:01 10-80-18-18 systemd: Created slice User Slice of mysql.
Jul 16 12:59:01 10-80-18-18 systemd: Started Session 176647 of user mysql.
Jul 16 12:59:01 10-80-18-18 systemd: Removed slice User Slice of mysql.
Jul 16 13:00:01 10-80-18-18 systemd: Started Session 176649 of user root.
Jul 16 13:00:01 10-80-18-18 systemd: Started Session 176650 of user root.
Jul 16 13:00:01 10-80-18-18 systemd: Started Session 176652 of user root.
Jul 16 13:00:01 10-80-18-18 systemd: Started Session 176648 of user root.
Jul 16 13:00:01 10-80-18-18 systemd: Created slice User Slice of mysql.
Jul 16 13:00:01 10-80-18-18 systemd: Started Session 176651 of user mysql.
Jul 16 13:00:01 10-80-18-18 systemd: Removed slice User Slice of mysql.
Jul 16 13:01:01 10-80-18-18 systemd: Started Session 176653 of user root.
Jul 16 13:01:01 10-80-18-18 systemd: Created slice User Slice of mysql.
Jul 16 13:01:01 10-80-18-18 systemd: Started Session 176655 of user mysql.
Jul 16 13:01:01 10-80-18-18 systemd: Started Session 176654 of user root.
Jul 16 13:01:01 10-80-18-18 systemd: Removed slice User Slice of mysql.
Jul 16 13:02:01 10-80-18-18 systemd: Created slice User Slice of mysql.
Jul 16 13:02:01 10-80-18-18 systemd: Started Session 176656 of user mysql.
Jul 16 13:02:01 10-80-18-18 systemd: Started Session 176657 of user root.
Jul 16 13:02:01 10-80-18-18 systemd: Removed slice User Slice of mysql.
Jul 16 13:03:01 10-80-18-18 systemd: Created slice User Slice of mysql.
Jul 16 13:03:01 10-80-18-18 systemd: Started Session 176658 of user mysql.
Jul 16 13:03:01 10-80-18-18 systemd: Started Session 176659 of user root.
Jul 16 13:03:01 10-80-18-18 systemd: Removed slice User Slice of mysql.
Jul 16 13:04:01 10-80-18-18 systemd: Started Session 176660 of user root.
Jul 16 13:04:01 10-80-18-18 systemd: Created slice User Slice of mysql.
Jul 16 13:04:01 10-80-18-18 systemd: Started Session 176661 of user mysql.
Jul 16 13:04:01 10-80-18-18 systemd: Removed slice User Slice of mysql.
Jul 16 13:05:01 10-80-18-18 systemd: Created slice User Slice of mysql.
Jul 16 13:05:01 10-80-18-18 systemd: Started Session 176665 of user mysql.
Jul 16 13:05:01 10-80-18-18 systemd: Started Session 176664 of user root.
Jul 16 13:05:01 10-80-18-18 systemd: Started Session 176663 of user root.
Jul 16 13:05:01 10-80-18-18 systemd: Started Session 176662 of user root.
Jul 16 13:05:01 10-80-18-18 systemd: Removed slice User Slice of mysql.
Jul 16 13:06:01 10-80-18-18 systemd: Created slice User Slice of mysql.
Jul 16 13:06:01 10-80-18-18 systemd: Started Session 176667 of user mysql.
Jul 16 13:06:01 10-80-18-18 systemd: Started Session 176666 of user root.
Jul 16 13:06:01 10-80-18-18 systemd: Removed slice User Slice of mysql.
Jul 16 13:07:01 10-80-18-18 systemd: Started Session 176668 of user root.
Jul 16 13:07:01 10-80-18-18 systemd: Created slice User Slice of mysql.
Jul 16 13:07:01 10-80-18-18 systemd: Started Session 176669 of user mysql.
Jul 16 13:07:01 10-80-18-18 systemd: Removed slice User Slice of mysql.
Jul 16 13:08:01 10-80-18-18 systemd: Created slice User Slice of mysql.
Jul 16 13:08:01 10-80-18-18 systemd: Started Session 176671 of user mysql.
Jul 16 13:08:01 10-80-18-18 systemd: Started Session 176670 of user root.
Jul 16 13:08:01 10-80-18-18 systemd: Removed slice User Slice of mysql.
Jul 16 13:09:01 10-80-18-18 systemd: Created slice User Slice of mysql.
Jul 16 13:09:01 10-80-18-18 systemd: Started Session 176673 of user mysql.
Jul 16 13:09:01 10-80-18-18 systemd: Started Session 176672 of user root.
Jul 16 13:09:01 10-80-18-18 systemd: Removed slice User Slice of mysql.
Jul 16 13:10:01 10-80-18-18 systemd: Started Session 176678 of user root.
Jul 16 13:10:01 10-80-18-18 systemd: Created slice User Slice of mysql.
Jul 16 13:10:01 10-80-18-18 systemd: Started Session 176677 of user mysql.
Jul 16 13:10:01 10-80-18-18 systemd: Started Session 176676 of user root.
Jul 16 13:10:01 10-80-18-18 systemd: Started Session 176674 of user root.
Jul 16 13:10:01 10-80-18-18 systemd: Started Session 176675 of user root.
Jul 16 13:10:01 10-80-18-18 systemd: Removed slice User Slice of mysql.
Jul 16 13:11:01 10-80-18-18 systemd: Started Session 176679 of user root.
Jul 16 13:11:01 10-80-18-18 systemd: Created slice User Slice of mysql.
Jul 16 13:11:01 10-80-18-18 systemd: Started Session 176680 of user mysql.
Jul 16 13:11:01 10-80-18-18 systemd: Removed slice User Slice of mysql.
Jul 16 13:12:01 10-80-18-18 systemd: Started Session 176681 of user root.
Jul 16 13:12:01 10-80-18-18 systemd: Created slice User Slice of mysql.
Jul 16 13:12:01 10-80-18-18 systemd: Started Session 176682 of user mysql.
Jul 16 13:12:01 10-80-18-18 systemd: Removed slice User Slice of mysql.
Jul 16 13:13:01 10-80-18-18 systemd: Started Session 176683 of user root.
Jul 16 13:13:01 10-80-18-18 systemd: Created slice User Slice of mysql.
Jul 16 13:13:01 10-80-18-18 systemd: Started Session 176684 of user mysql.
Jul 16 13:13:01 10-80-18-18 systemd: Removed slice User Slice of mysql.
Jul 16 13:14:01 10-80-18-18 systemd: Created slice User Slice of mysql.
Jul 16 13:14:01 10-80-18-18 systemd: Started Session 176686 of user mysql.
Jul 16 13:14:01 10-80-18-18 systemd: Started Session 176685 of user root.
Jul 16 13:14:01 10-80-18-18 systemd: Removed slice User Slice of mysql.
Jul 16 13:15:01 10-80-18-18 systemd: Created slice User Slice of mysql.
Jul 16 13:15:01 10-80-18-18 systemd: Started Session 176689 of user mysql.
Jul 16 13:15:01 10-80-18-18 systemd: Started Session 176687 of user root.
Jul 16 13:15:01 10-80-18-18 systemd: Started Session 176688 of user root.
Jul 16 13:15:01 10-80-18-18 systemd: Started Session 176690 of user root.
Jul 16 13:15:01 10-80-18-18 systemd: Removed slice User Slice of mysql.
Jul 16 13:16:01 10-80-18-18 systemd: Created slice User Slice of mysql.
Jul 16 13:16:01 10-80-18-18 systemd: Started Session 176692 of user mysql.
Jul 16 13:16:01 10-80-18-18 systemd: Started Session 176691 of user root.
Jul 16 13:16:01 10-80-18-18 systemd: Removed slice User Slice of mysql.
Jul 16 13:17:01 10-80-18-18 systemd: Created slice User Slice of mysql.
Jul 16 13:17:01 10-80-18-18 systemd: Started Session 176694 of user mysql.
Jul 16 13:17:01 10-80-18-18 systemd: Started Session 176693 of user root.
Jul 16 13:17:01 10-80-18-18 systemd: Removed slice User Slice of mysql.
Jul 16 13:18:01 10-80-18-18 systemd: Created slice User Slice of mysql.
Jul 16 13:18:01 10-80-18-18 systemd: Started Session 176695 of user mysql.
Jul 16 13:18:01 10-80-18-18 systemd: Started Session 176696 of user root.
Jul 16 13:18:01 10-80-18-18 systemd: Removed slice User Slice of mysql.
Jul 16 13:19:01 10-80-18-18 systemd: Started Session 176697 of user root.
Jul 16 13:19:01 10-80-18-18 systemd: Created slice User Slice of mysql.
Jul 16 13:19:01 10-80-18-18 systemd: Started Session 176698 of user mysql.
Jul 16 13:19:01 10-80-18-18 systemd: Removed slice User Slice of mysql.
Jul 16 13:20:01 10-80-18-18 systemd: Started Session 176700 of user root.
Jul 16 13:20:01 10-80-18-18 systemd: Started Session 176699 of user root.
Jul 16 13:20:01 10-80-18-18 systemd: Created slice User Slice of mysql.
Jul 16 13:20:01 10-80-18-18 systemd: Started Session 176701 of user mysql.
Jul 16 13:20:01 10-80-18-18 systemd: Started Session 176702 of user root.
Jul 16 13:20:01 10-80-18-18 systemd: Started Session 176703 of user root.
Jul 16 13:20:02 10-80-18-18 systemd: Removed slice User Slice of mysql.
Jul 16 13:21:01 10-80-18-18 systemd: Started Session 176704 of user root.
Jul 16 13:21:01 10-80-18-18 systemd: Created slice User Slice of mysql.
Jul 16 13:21:01 10-80-18-18 systemd: Started Session 176705 of user mysql.
Jul 16 13:21:01 10-80-18-18 systemd: Removed slice User Slice of mysql.
Jul 16 13:22:01 10-80-18-18 systemd: Created slice User Slice of mysql.
Jul 16 13:22:01 10-80-18-18 systemd: Started Session 176707 of user mysql.
Jul 16 13:22:01 10-80-18-18 systemd: Started Session 176706 of user root.
Jul 16 13:22:01 10-80-18-18 systemd: Removed slice User Slice of mysql.
Jul 16 13:23:01 10-80-18-18 systemd: Created slice User Slice of mysql.
Jul 16 13:23:01 10-80-18-18 systemd: Started Session 176709 of user mysql.
Jul 16 13:23:01 10-80-18-18 systemd: Started Session 176708 of user root.
Jul 16 13:23:01 10-80-18-18 systemd: Removed slice User Slice of mysql.
Jul 16 13:24:01 10-80-18-18 systemd: Started Session 176710 of user root.
Jul 16 13:24:01 10-80-18-18 systemd: Created slice User Slice of mysql.
Jul 16 13:24:01 10-80-18-18 systemd: Started Session 176711 of user mysql.
Jul 16 13:24:01 10-80-18-18 systemd: Removed slice User Slice of mysql.
Jul 16 13:24:39 10-80-18-18 systemd: Started Session 176712 of user root.
Jul 16 13:24:39 10-80-18-18 systemd-logind: New session 176712 of user root.
Jul 16 13:25:01 10-80-18-18 systemd: Started Session 176713 of user root.
Jul 16 13:25:01 10-80-18-18 systemd: Started Session 176714 of user root.
Jul 16 13:25:01 10-80-18-18 systemd: Started Session 176715 of user root.
Jul 16 13:25:01 10-80-18-18 systemd: Created slice User Slice of mysql.
Jul 16 13:25:01 10-80-18-18 systemd: Started Session 176716 of user mysql.
Jul 16 13:25:01 10-80-18-18 systemd: Removed slice User Slice of mysql.
Jul 16 13:26:01 10-80-18-18 systemd: Created slice User Slice of mysql.
Jul 16 13:26:01 10-80-18-18 systemd: Started Session 176718 of user mysql.
Jul 16 13:26:01 10-80-18-18 systemd: Started Session 176717 of user root.
Jul 16 13:26:01 10-80-18-18 systemd: Removed slice User Slice of mysql.
Jul 16 13:27:01 10-80-18-18 systemd: Created slice User Slice of mysql.
Jul 16 13:27:01 10-80-18-18 systemd: Started Session 176719 of user mysql.
Jul 16 13:27:01 10-80-18-18 systemd: Started Session 176720 of user root.
Jul 16 13:27:01 10-80-18-18 systemd: Removed slice User Slice of mysql.
Jul 16 13:27:02 10-80-18-18 systemd-logind: New session 176721 of user root.
Jul 16 13:27:02 10-80-18-18 systemd: Started Session 176721 of user root.
