======host meta information
=====uptime===============================
 17:17:20 up 334 days, 21:04,  1 user,  load average: 0.71, 0.38, 0.25
======ip=================================
1: lo: <LOOPBACK,UP,LOWER_UP> mtu 65536 qdisc noqueue state UNKNOWN group default qlen 1000
    link/loopback 00:00:00:00:00:00 brd 00:00:00:00:00:00
    inet 127.0.0.1/8 scope host lo
       valid_lft forever preferred_lft forever
    inet6 ::1/128 scope host 
       valid_lft forever preferred_lft forever
2: ens160: <BROADCAST,MULTICAST,UP,LOWER_UP> mtu 1500 qdisc mq state UP group default qlen 1000
    link/ether 00:50:56:aa:cb:a9 brd ff:ff:ff:ff:ff:ff
    inet 10.80.88.67/24 brd 10.80.88.255 scope global noprefixroute ens160
       valid_lft forever preferred_lft forever
    inet6 fe80::981a:8b80:a9b6:b72b/64 scope link tentative noprefixroute dadfailed 
       valid_lft forever preferred_lft forever
    inet6 fe80::839:2526:3a78:9448/64 scope link tentative noprefixroute dadfailed 
       valid_lft forever preferred_lft forever
    inet6 fe80::d593:b520:5684:aa72/64 scope link tentative noprefixroute dadfailed 
       valid_lft forever preferred_lft forever
3: ens192: <BROADCAST,MULTICAST,UP,LOWER_UP> mtu 1500 qdisc mq state UP group default qlen 1000
    link/ether 00:50:56:aa:85:af brd ff:ff:ff:ff:ff:ff
    inet 10.81.137.199/24 brd 10.81.137.255 scope global noprefixroute ens192
       valid_lft forever preferred_lft forever
    inet6 fe80::250:56ff:feaa:85af/64 scope link 
       valid_lft forever preferred_lft forever
======hostname============================
10-80-88-67
======os version============================
\S
Kernel \r on an \m

======kernel version=========================
Linux 10-80-88-67 3.10.0-957.el7.x86_64 #1 SMP Thu Nov 8 23:39:32 UTC 2018 x86_64 x86_64 x86_64 GNU/Linux
======mysql version=========================
======mysql client==========================
mysql  Ver 14.14 Distrib 5.7.24, for linux-glibc2.12 (x86_64) using  EditLine wrapper
======mysql instance========================
tcp6       0      0 :::3306                 :::*                    LISTEN      30183/mysqld        
unix  2      [ ACC ]     STREAM     LISTENING     2255156  30183/mysqld         /data/mysql/data/mysql.sock
======memory&swap========================
              total        used        free      shared  buff/cache   available
Mem:          16028       11702         232         816        4093        3125
Swap:          8191         198        7993
======physical cpu==========================
2
======cores per physical cpu====================
cpu cores	: 4
======processor============================
8
======cpu version===========================
 Intel(R) Xeon(R) CPU E5-2609 v3 @ 1.90GHz
======disk info=============================
Filesystem              Type      Size  Used Avail Use% Mounted on
/dev/mapper/centos-root xfs        50G  7.2G   43G  15% /
devtmpfs                devtmpfs  7.9G     0  7.9G   0% /dev
tmpfs                   tmpfs     7.9G     0  7.9G   0% /dev/shm
tmpfs                   tmpfs     7.9G  820M  7.1G  11% /run
tmpfs                   tmpfs     7.9G     0  7.9G   0% /sys/fs/cgroup
/dev/sda1               xfs      1014M  133M  882M  14% /boot
/dev/mapper/centos-tmp  xfs       5.0G   34M  5.0G   1% /tmp
/dev/mapper/centos-home xfs        20G   33M   20G   1% /home
/dev/sdb                xfs       500G  104G  397G  21% /data
tmpfs                   tmpfs     1.6G     0  1.6G   0% /run/user/0
======numa mount========================
1
======io stat===============================
Linux 3.10.0-957.el7.x86_64 (10-80-88-67) 	07/15/2021 	_x86_64_	(8 CPU)

avg-cpu:  %user   %nice %system %iowait  %steal   %idle
           0.21    0.00    0.21    0.20    0.00   99.38

Device:         rrqm/s   wrqm/s     r/s     w/s    rMB/s    wMB/s avgrq-sz avgqu-sz   await r_await w_await  svctm  %util
fd0               0.00     0.00    0.00    0.00     0.00     0.00     8.00     0.00   36.25   36.25    0.00  36.25   0.00
sdc               0.00     0.00    0.00    0.00     0.00     0.00    56.41     0.00    0.57    0.57    0.00   0.40   0.00
sda               0.00     0.01    0.01    0.14     0.00     0.00    24.75     0.00    2.49   18.03    1.26   0.48   0.01
sdb               0.14     0.26    0.19  110.25     0.01     0.56    10.54     0.06    0.51   15.58    0.49   0.43   4.80
dm-0              0.00     0.00    0.01    0.15     0.00     0.00    22.35     0.00    3.01   18.58    1.83   0.43   0.01
dm-1              0.00     0.00    0.00    0.00     0.00     0.00     8.05     0.00    9.47   24.59    8.61   1.86   0.00
dm-2              0.00     0.00    0.00    0.00     0.00     0.00    10.42     0.00    6.07    6.96    5.98   5.73   0.00
dm-3              0.00     0.00    0.00    0.00     0.00     0.00    59.09     0.00    7.15   34.50    5.71   0.66   0.00

avg-cpu:  %user   %nice %system %iowait  %steal   %idle
           0.28    0.00    0.28    0.21    0.00   99.24

Device:         rrqm/s   wrqm/s     r/s     w/s    rMB/s    wMB/s avgrq-sz avgqu-sz   await r_await w_await  svctm  %util
fd0               0.00     0.00    0.00    0.00     0.00     0.00     0.00     0.00    0.00    0.00    0.00   0.00   0.00
sdc               0.00     0.00    0.00    0.00     0.00     0.00     0.00     0.00    0.00    0.00    0.00   0.00   0.00
sda               0.00     0.00    0.00    0.20     0.00     0.00     8.00     0.00    0.50    0.00    0.50   0.50   0.01
sdb               0.00     0.00    0.00  136.50     0.00     0.51     7.69     0.06    0.46    0.00    0.46   0.44   6.07
dm-0              0.00     0.00    0.00    0.20     0.00     0.00     8.00     0.00    0.50    0.00    0.50   0.50   0.01
dm-1              0.00     0.00    0.00    0.00     0.00     0.00     0.00     0.00    0.00    0.00    0.00   0.00   0.00
dm-2              0.00     0.00    0.00    0.00     0.00     0.00     0.00     0.00    0.00    0.00    0.00   0.00   0.00
dm-3              0.00     0.00    0.00    0.00     0.00     0.00     0.00     0.00    0.00    0.00    0.00   0.00   0.00

avg-cpu:  %user   %nice %system %iowait  %steal   %idle
           0.45    0.00    0.45    0.34    0.00   98.76

Device:         rrqm/s   wrqm/s     r/s     w/s    rMB/s    wMB/s avgrq-sz avgqu-sz   await r_await w_await  svctm  %util
fd0               0.00     0.00    0.00    0.00     0.00     0.00     0.00     0.00    0.00    0.00    0.00   0.00   0.00
sdc               0.00     0.00    0.00    0.00     0.00     0.00     0.00     0.00    0.00    0.00    0.00   0.00   0.00
sda               0.00    15.60    0.20   11.60     0.01     0.28    50.36     0.05    4.44    3.50    4.46   0.26   0.31
sdb               0.00     0.00    0.00  247.50     0.00     1.36    11.24     0.11    0.44    0.00    0.44   0.41  10.05
dm-0              0.00     0.00    0.20   27.20     0.01     0.28    21.69     0.21    7.58    3.50    7.61   0.11   0.31
dm-1              0.00     0.00    0.00    0.00     0.00     0.00     0.00     0.00    0.00    0.00    0.00   0.00   0.00
dm-2              0.00     0.00    0.00    0.00     0.00     0.00     0.00     0.00    0.00    0.00    0.00   0.00   0.00
dm-3              0.00     0.00    0.00    0.00     0.00     0.00     0.00     0.00    0.00    0.00    0.00   0.00   0.00

avg-cpu:  %user   %nice %system %iowait  %steal   %idle
           0.31    0.00    0.38    0.28    0.00   99.03

Device:         rrqm/s   wrqm/s     r/s     w/s    rMB/s    wMB/s avgrq-sz avgqu-sz   await r_await w_await  svctm  %util
fd0               0.00     0.00    0.00    0.00     0.00     0.00     0.00     0.00    0.00    0.00    0.00   0.00   0.00
sdc               0.00     0.00    0.00    0.00     0.00     0.00     0.00     0.00    0.00    0.00    0.00   0.00   0.00
sda               0.00     0.00    0.10    0.40     0.00     0.00    20.00     0.00    9.00    0.00   11.25   9.00   0.45
sdb               0.00     0.00    0.00  182.10     0.00     0.90    10.13     0.08    0.45    0.00    0.45   0.43   7.77
dm-0              0.00     0.00    0.10    0.00     0.00     0.00    16.00     0.00    0.00    0.00    0.00   0.00   0.00
dm-1              0.00     0.00    0.00    0.00     0.00     0.00     0.00     0.00    0.00    0.00    0.00   0.00   0.00
dm-2              0.00     0.00    0.00    0.00     0.00     0.00     0.00     0.00    0.00    0.00    0.00   0.00   0.00
dm-3              0.00     0.00    0.00    0.30     0.00     0.00    17.33     0.00    8.00    0.00    8.00   8.00   0.24

avg-cpu:  %user   %nice %system %iowait  %steal   %idle
           0.29    0.00    0.34    0.23    0.00   99.15

Device:         rrqm/s   wrqm/s     r/s     w/s    rMB/s    wMB/s avgrq-sz avgqu-sz   await r_await w_await  svctm  %util
fd0               0.00     0.00    0.00    0.00     0.00     0.00     0.00     0.00    0.00    0.00    0.00   0.00   0.00
sdc               0.00     0.00    0.00    0.00     0.00     0.00     0.00     0.00    0.00    0.00    0.00   0.00   0.00
sda               0.00     0.00    0.00    1.70     0.00     0.14   170.35     0.00    1.71    0.00    1.71   0.47   0.08
sdb               0.00     0.00    0.00  152.70     0.00     0.63     8.52     0.07    0.43    0.00    0.43   0.42   6.40
dm-0              0.00     0.00    0.00    1.70     0.00     0.14   170.35     0.00    1.71    0.00    1.71   0.47   0.08
dm-1              0.00     0.00    0.00    0.00     0.00     0.00     0.00     0.00    0.00    0.00    0.00   0.00   0.00
dm-2              0.00     0.00    0.00    0.00     0.00     0.00     0.00     0.00    0.00    0.00    0.00   0.00   0.00
dm-3              0.00     0.00    0.00    0.00     0.00     0.00     0.00     0.00    0.00    0.00    0.00   0.00   0.00

avg-cpu:  %user   %nice %system %iowait  %steal   %idle
           0.36    0.00    0.36    0.26    0.00   99.01

Device:         rrqm/s   wrqm/s     r/s     w/s    rMB/s    wMB/s avgrq-sz avgqu-sz   await r_await w_await  svctm  %util
fd0               0.00     0.00    0.00    0.00     0.00     0.00     0.00     0.00    0.00    0.00    0.00   0.00   0.00
sdc               0.00     0.00    0.00    0.00     0.00     0.00     0.00     0.00    0.00    0.00    0.00   0.00   0.00
sda               0.00     0.00    0.00    0.40     0.00     0.00    10.00     0.00    0.00    0.00    0.00   0.00   0.00
sdb               0.00     0.00    0.00  160.40     0.00     0.53     6.74     0.07    0.45    0.00    0.45   0.45   7.21
dm-0              0.00     0.00    0.00    0.40     0.00     0.00    10.00     0.00    0.00    0.00    0.00   0.00   0.00
dm-1              0.00     0.00    0.00    0.00     0.00     0.00     0.00     0.00    0.00    0.00    0.00   0.00   0.00
dm-2              0.00     0.00    0.00    0.00     0.00     0.00     0.00     0.00    0.00    0.00    0.00   0.00   0.00
dm-3              0.00     0.00    0.00    0.00     0.00     0.00     0.00     0.00    0.00    0.00    0.00   0.00   0.00

avg-cpu:  %user   %nice %system %iowait  %steal   %idle
           0.33    0.00    0.34    0.25    0.00   99.09

Device:         rrqm/s   wrqm/s     r/s     w/s    rMB/s    wMB/s avgrq-sz avgqu-sz   await r_await w_await  svctm  %util
fd0               0.00     0.00    0.00    0.00     0.00     0.00     0.00     0.00    0.00    0.00    0.00   0.00   0.00
sdc               0.00     0.00    0.00    0.00     0.00     0.00     0.00     0.00    0.00    0.00    0.00   0.00   0.00
sda               0.00     1.30    0.00    4.80     0.00     0.07    30.79     0.01    1.21    0.00    1.21   0.06   0.03
sdb               0.00     0.00    0.00  176.80     0.00     0.97    11.24     0.08    0.45    0.00    0.45   0.41   7.33
dm-0              0.00     0.00    0.00    5.60     0.00     0.07    26.11     0.01    1.32    0.00    1.32   0.04   0.02
dm-1              0.00     0.00    0.00    0.00     0.00     0.00     0.00     0.00    0.00    0.00    0.00   0.00   0.00
dm-2              0.00     0.00    0.00    0.00     0.00     0.00     0.00     0.00    0.00    0.00    0.00   0.00   0.00
dm-3              0.00     0.00    0.00    0.30     0.00     0.00     4.33     0.00    0.00    0.00    0.00   0.00   0.00

avg-cpu:  %user   %nice %system %iowait  %steal   %idle
           0.29    0.00    0.35    0.24    0.00   99.12

Device:         rrqm/s   wrqm/s     r/s     w/s    rMB/s    wMB/s avgrq-sz avgqu-sz   await r_await w_await  svctm  %util
fd0               0.00     0.00    0.00    0.00     0.00     0.00     0.00     0.00    0.00    0.00    0.00   0.00   0.00
sdc               0.00     0.00    0.00    0.00     0.00     0.00     0.00     0.00    0.00    0.00    0.00   0.00   0.00
sda               0.00     0.00    0.00    0.20     0.00     0.00     8.00     0.00    0.00    0.00    0.00   0.00   0.00
sdb               0.00     0.00    0.00  175.60     0.00     0.72     8.40     0.08    0.44    0.00    0.44   0.42   7.43
dm-0              0.00     0.00    0.00    0.00     0.00     0.00     0.00     0.00    0.00    0.00    0.00   0.00   0.00
dm-1              0.00     0.00    0.00    0.00     0.00     0.00     0.00     0.00    0.00    0.00    0.00   0.00   0.00
dm-2              0.00     0.00    0.00    0.00     0.00     0.00     0.00     0.00    0.00    0.00    0.00   0.00   0.00
dm-3              0.00     0.00    0.00    0.20     0.00     0.00     8.00     0.00    0.00    0.00    0.00   0.00   0.00

avg-cpu:  %user   %nice %system %iowait  %steal   %idle
           0.30    0.00    0.30    0.23    0.00   99.17

Device:         rrqm/s   wrqm/s     r/s     w/s    rMB/s    wMB/s avgrq-sz avgqu-sz   await r_await w_await  svctm  %util
fd0               0.00     0.00    0.00    0.00     0.00     0.00     0.00     0.00    0.00    0.00    0.00   0.00   0.00
sdc               0.00     0.00    0.00    0.00     0.00     0.00     0.00     0.00    0.00    0.00    0.00   0.00   0.00
sda               0.00     0.00    0.00    0.10     0.00     0.00     8.00     0.00    0.00    0.00    0.00   0.00   0.00
sdb               0.00     0.00    0.00  162.90     0.00     0.67     8.42     0.07    0.43    0.00    0.43   0.41   6.76
dm-0              0.00     0.00    0.00    0.10     0.00     0.00     8.00     0.00    0.00    0.00    0.00   0.00   0.00
dm-1              0.00     0.00    0.00    0.00     0.00     0.00     0.00     0.00    0.00    0.00    0.00   0.00   0.00
dm-2              0.00     0.00    0.00    0.00     0.00     0.00     0.00     0.00    0.00    0.00    0.00   0.00   0.00
dm-3              0.00     0.00    0.00    0.00     0.00     0.00     0.00     0.00    0.00    0.00    0.00   0.00   0.00

avg-cpu:  %user   %nice %system %iowait  %steal   %idle
           0.29    0.00    0.29    0.23    0.00   99.20

Device:         rrqm/s   wrqm/s     r/s     w/s    rMB/s    wMB/s avgrq-sz avgqu-sz   await r_await w_await  svctm  %util
fd0               0.00     0.00    0.00    0.00     0.00     0.00     0.00     0.00    0.00    0.00    0.00   0.00   0.00
sdc               0.00     0.00    0.00    0.00     0.00     0.00     0.00     0.00    0.00    0.00    0.00   0.00   0.00
sda               0.00     0.10    0.00    1.10     0.00     0.01    16.82     0.00    0.27    0.00    0.27   0.18   0.02
sdb               0.00     0.00    0.00  151.00     0.00     0.71     9.58     0.07    0.46    0.00    0.46   0.43   6.52
dm-0              0.00     0.00    0.00    0.80     0.00     0.01    18.38     0.00    0.25    0.00    0.25   0.12   0.01
dm-1              0.00     0.00    0.00    0.00     0.00     0.00     0.00     0.00    0.00    0.00    0.00   0.00   0.00
dm-2              0.00     0.00    0.00    0.00     0.00     0.00     0.00     0.00    0.00    0.00    0.00   0.00   0.00
dm-3              0.00     0.00    0.00    0.20     0.00     0.00    17.50     0.00    0.00    0.00    0.00   0.00   0.00

======vmstat======
procs -----------memory---------- ---swap-- -----io---- -system-- ------cpu-----
 r  b   swpd   free   buff  cache   si   so    bi    bo   in   cs us sy id wa st
 0  0 203264 220736      0 4204436    0    0     1    72    0    0  0  0 99  0  0
 1  0 203264 220736      0 4204436    0    0     0   477 1087 2206  0  0 99  0  0
 0  0 203264 220528      0 4204636    0    0     0   261  735 1358  0  0 99  0  0
 0  0 203264 220528      0 4204636    0    0     0   586 1292 2615  1  0 99  0  0
 0  0 203264 220280      0 4204824    0    0     0   472 1079 2180  0  0 99  0  0
 0  0 203264 220156      0 4204952    0    0     0   514 1195 2405  0  0 99  0  0
 0  0 203264 220032      0 4205128    0    0     0   463 1102 2226  0  0 99  0  0
 1  0 203264 219784      0 4205224    0    0     0   391  933 1890  0  0 99  0  0
 0  0 203264 219848      0 4205308    0    0     0   623 1368 2775  0  0 99  0  0
 0  0 203264 219568      0 4205580    0    0     0   661 1415 2913  0  0 99  0  0
====dstat===
You did not select any stats, using -cdngy by default.
[7l----total-cpu-usage---- -dsk/total- -net/total- ---paging-- ---system--
usr sys idl wai hiq siq| read  writ| recv  send|  in   out | int   csw 
  0   0  99   0   0   0|5962B  578k|   0     0 |   1B   12B| 843  1588 
  0   0  99   0   0   0|   0   377k|  34k 2631B|   0     0 | 924  1794 
  1   1  98   0   0   0|   0  1356k|  47k 4592B|   0     0 |2101  3234 
  0   0  99   0   0   0|   0  1298k|  37k 2850B|   0     0 |1203  2234 
  0   0  99   0   0   0|   0  1383k|  53k 4085B|   0     0 |1453  2895 
  0   0  99   0   0   0|   0   508k|  45k 3515B|   0     0 |1157  2289 
  0   0  99   0   0   0|   0   497k|  44k 3420B|   0     0 |1149  2266 
  0   0  99   0   0   0|   0   457k|  41k 3135B|   0     0 |1060  2060 
  0   0  99   0   0   0|   0   578k|  53k 4056B|   0     0 |1318  2651 
  0   0  99   0   0   0|   0  1289k|  42k 3230B|   0     0 |1271  2481 
  0   0  99   0   0   0|   0   449k|  40k 3135B|   0     0 |1053  2142 
======system log============================
Jul 15 12:30:01 10-80-88-67 systemd: Started Session 411607 of user root.
Jul 15 12:30:01 10-80-88-67 systemd: Started Session 411608 of user root.
Jul 15 12:30:01 10-80-88-67 systemd: Created slice User Slice of mysql.
Jul 15 12:30:01 10-80-88-67 systemd: Started Session 411609 of user mysql.
Jul 15 12:30:01 10-80-88-67 systemd: Removed slice User Slice of mysql.
Jul 15 12:31:01 10-80-88-67 systemd: Created slice User Slice of mysql.
Jul 15 12:31:01 10-80-88-67 systemd: Started Session 411610 of user mysql.
Jul 15 12:31:01 10-80-88-67 systemd: Removed slice User Slice of mysql.
Jul 15 12:32:01 10-80-88-67 systemd: Created slice User Slice of mysql.
Jul 15 12:32:01 10-80-88-67 systemd: Started Session 411611 of user mysql.
Jul 15 12:32:01 10-80-88-67 systemd: Removed slice User Slice of mysql.
Jul 15 12:33:01 10-80-88-67 systemd: Created slice User Slice of mysql.
Jul 15 12:33:01 10-80-88-67 systemd: Started Session 411612 of user mysql.
Jul 15 12:33:01 10-80-88-67 systemd: Removed slice User Slice of mysql.
Jul 15 12:34:01 10-80-88-67 systemd: Created slice User Slice of mysql.
Jul 15 12:34:01 10-80-88-67 systemd: Started Session 411613 of user mysql.
Jul 15 12:34:01 10-80-88-67 systemd: Removed slice User Slice of mysql.
Jul 15 12:35:01 10-80-88-67 systemd: Started Session 411614 of user root.
Jul 15 12:35:01 10-80-88-67 systemd: Started Session 411616 of user root.
Jul 15 12:35:01 10-80-88-67 systemd: Created slice User Slice of mysql.
Jul 15 12:35:01 10-80-88-67 systemd: Started Session 411615 of user mysql.
Jul 15 12:35:01 10-80-88-67 systemd: Removed slice User Slice of mysql.
Jul 15 12:36:01 10-80-88-67 systemd: Created slice User Slice of mysql.
Jul 15 12:36:01 10-80-88-67 systemd: Started Session 411617 of user mysql.
Jul 15 12:36:02 10-80-88-67 systemd: Removed slice User Slice of mysql.
Jul 15 12:37:01 10-80-88-67 systemd: Created slice User Slice of mysql.
Jul 15 12:37:01 10-80-88-67 systemd: Started Session 411618 of user mysql.
Jul 15 12:37:01 10-80-88-67 systemd: Removed slice User Slice of mysql.
Jul 15 12:38:01 10-80-88-67 systemd: Created slice User Slice of mysql.
Jul 15 12:38:01 10-80-88-67 systemd: Started Session 411619 of user mysql.
Jul 15 12:38:01 10-80-88-67 systemd: Removed slice User Slice of mysql.
Jul 15 12:39:01 10-80-88-67 systemd: Created slice User Slice of mysql.
Jul 15 12:39:01 10-80-88-67 systemd: Started Session 411620 of user mysql.
Jul 15 12:39:01 10-80-88-67 systemd: Removed slice User Slice of mysql.
Jul 15 12:40:01 10-80-88-67 systemd: Started Session 411621 of user root.
Jul 15 12:40:01 10-80-88-67 systemd: Started Session 411622 of user root.
Jul 15 12:40:01 10-80-88-67 systemd: Created slice User Slice of mysql.
Jul 15 12:40:01 10-80-88-67 systemd: Started Session 411623 of user mysql.
Jul 15 12:40:01 10-80-88-67 systemd: Removed slice User Slice of mysql.
Jul 15 12:41:01 10-80-88-67 systemd: Created slice User Slice of mysql.
Jul 15 12:41:01 10-80-88-67 systemd: Started Session 411624 of user mysql.
Jul 15 12:41:01 10-80-88-67 systemd: Removed slice User Slice of mysql.
Jul 15 12:42:01 10-80-88-67 systemd: Created slice User Slice of mysql.
Jul 15 12:42:01 10-80-88-67 systemd: Started Session 411625 of user mysql.
Jul 15 12:42:01 10-80-88-67 systemd: Removed slice User Slice of mysql.
Jul 15 12:43:01 10-80-88-67 systemd: Created slice User Slice of mysql.
Jul 15 12:43:01 10-80-88-67 systemd: Started Session 411626 of user mysql.
Jul 15 12:43:01 10-80-88-67 systemd: Removed slice User Slice of mysql.
Jul 15 12:44:01 10-80-88-67 systemd: Created slice User Slice of mysql.
Jul 15 12:44:01 10-80-88-67 systemd: Started Session 411627 of user mysql.
Jul 15 12:44:01 10-80-88-67 systemd: Removed slice User Slice of mysql.
Jul 15 12:45:01 10-80-88-67 systemd: Started Session 411630 of user root.
Jul 15 12:45:01 10-80-88-67 systemd: Started Session 411629 of user root.
Jul 15 12:45:01 10-80-88-67 systemd: Created slice User Slice of mysql.
Jul 15 12:45:01 10-80-88-67 systemd: Started Session 411628 of user mysql.
Jul 15 12:45:01 10-80-88-67 systemd: Removed slice User Slice of mysql.
Jul 15 12:46:01 10-80-88-67 systemd: Created slice User Slice of mysql.
Jul 15 12:46:01 10-80-88-67 systemd: Started Session 411631 of user mysql.
Jul 15 12:46:01 10-80-88-67 systemd: Removed slice User Slice of mysql.
Jul 15 12:47:01 10-80-88-67 systemd: Created slice User Slice of mysql.
Jul 15 12:47:01 10-80-88-67 systemd: Started Session 411632 of user mysql.
Jul 15 12:47:01 10-80-88-67 systemd: Removed slice User Slice of mysql.
Jul 15 12:48:01 10-80-88-67 systemd: Created slice User Slice of mysql.
Jul 15 12:48:01 10-80-88-67 systemd: Started Session 411633 of user mysql.
Jul 15 12:48:01 10-80-88-67 systemd: Removed slice User Slice of mysql.
Jul 15 12:49:01 10-80-88-67 systemd: Created slice User Slice of mysql.
Jul 15 12:49:01 10-80-88-67 systemd: Started Session 411634 of user mysql.
Jul 15 12:49:01 10-80-88-67 systemd: Removed slice User Slice of mysql.
Jul 15 12:50:01 10-80-88-67 systemd: Created slice User Slice of mysql.
Jul 15 12:50:01 10-80-88-67 systemd: Started Session 411636 of user mysql.
Jul 15 12:50:01 10-80-88-67 systemd: Started Session 411637 of user root.
Jul 15 12:50:01 10-80-88-67 systemd: Started Session 411635 of user root.
Jul 15 12:50:01 10-80-88-67 systemd: Removed slice User Slice of mysql.
Jul 15 12:51:01 10-80-88-67 systemd: Created slice User Slice of mysql.
Jul 15 12:51:01 10-80-88-67 systemd: Started Session 411638 of user mysql.
Jul 15 12:51:01 10-80-88-67 systemd: Removed slice User Slice of mysql.
Jul 15 12:52:01 10-80-88-67 systemd: Created slice User Slice of mysql.
Jul 15 12:52:01 10-80-88-67 systemd: Started Session 411639 of user mysql.
Jul 15 12:52:01 10-80-88-67 systemd: Removed slice User Slice of mysql.
Jul 15 12:53:01 10-80-88-67 systemd: Created slice User Slice of mysql.
Jul 15 12:53:01 10-80-88-67 systemd: Started Session 411640 of user mysql.
Jul 15 12:53:02 10-80-88-67 systemd: Removed slice User Slice of mysql.
Jul 15 12:54:01 10-80-88-67 systemd: Created slice User Slice of mysql.
Jul 15 12:54:01 10-80-88-67 systemd: Started Session 411641 of user mysql.
Jul 15 12:54:01 10-80-88-67 systemd: Removed slice User Slice of mysql.
Jul 15 12:55:01 10-80-88-67 systemd: Started Session 411642 of user root.
Jul 15 12:55:01 10-80-88-67 systemd: Created slice User Slice of mysql.
Jul 15 12:55:01 10-80-88-67 systemd: Started Session 411643 of user mysql.
Jul 15 12:55:01 10-80-88-67 systemd: Started Session 411644 of user root.
Jul 15 12:55:01 10-80-88-67 systemd: Removed slice User Slice of mysql.
Jul 15 12:56:01 10-80-88-67 systemd: Created slice User Slice of mysql.
Jul 15 12:56:01 10-80-88-67 systemd: Started Session 411645 of user mysql.
Jul 15 12:56:01 10-80-88-67 systemd: Removed slice User Slice of mysql.
Jul 15 12:57:01 10-80-88-67 systemd: Created slice User Slice of mysql.
Jul 15 12:57:01 10-80-88-67 systemd: Started Session 411646 of user mysql.
Jul 15 12:57:01 10-80-88-67 systemd: Removed slice User Slice of mysql.
Jul 15 12:58:01 10-80-88-67 systemd: Created slice User Slice of mysql.
Jul 15 12:58:01 10-80-88-67 systemd: Started Session 411647 of user mysql.
Jul 15 12:58:01 10-80-88-67 systemd: Removed slice User Slice of mysql.
Jul 15 12:59:01 10-80-88-67 systemd: Created slice User Slice of mysql.
Jul 15 12:59:01 10-80-88-67 systemd: Started Session 411648 of user mysql.
Jul 15 12:59:01 10-80-88-67 systemd: Removed slice User Slice of mysql.
Jul 15 13:00:01 10-80-88-67 systemd: Started Session 411649 of user root.
Jul 15 13:00:01 10-80-88-67 systemd: Started Session 411651 of user root.
Jul 15 13:00:01 10-80-88-67 systemd: Created slice User Slice of mysql.
Jul 15 13:00:01 10-80-88-67 systemd: Started Session 411650 of user mysql.
Jul 15 13:00:01 10-80-88-67 systemd: Removed slice User Slice of mysql.
Jul 15 13:01:01 10-80-88-67 systemd: Started Session 411652 of user root.
Jul 15 13:01:01 10-80-88-67 systemd: Created slice User Slice of mysql.
Jul 15 13:01:01 10-80-88-67 systemd: Started Session 411653 of user mysql.
Jul 15 13:01:01 10-80-88-67 systemd: Removed slice User Slice of mysql.
Jul 15 13:02:01 10-80-88-67 systemd: Created slice User Slice of mysql.
Jul 15 13:02:01 10-80-88-67 systemd: Started Session 411654 of user mysql.
Jul 15 13:02:01 10-80-88-67 systemd: Removed slice User Slice of mysql.
Jul 15 13:03:01 10-80-88-67 systemd: Created slice User Slice of mysql.
Jul 15 13:03:01 10-80-88-67 systemd: Started Session 411655 of user mysql.
Jul 15 13:03:01 10-80-88-67 systemd: Removed slice User Slice of mysql.
Jul 15 13:04:01 10-80-88-67 systemd: Created slice User Slice of mysql.
Jul 15 13:04:01 10-80-88-67 systemd: Started Session 411656 of user mysql.
Jul 15 13:04:01 10-80-88-67 systemd: Removed slice User Slice of mysql.
Jul 15 13:05:01 10-80-88-67 systemd: Started Session 411658 of user root.
Jul 15 13:05:01 10-80-88-67 systemd: Created slice User Slice of mysql.
Jul 15 13:05:01 10-80-88-67 systemd: Started Session 411659 of user mysql.
Jul 15 13:05:01 10-80-88-67 systemd: Started Session 411657 of user root.
Jul 15 13:05:01 10-80-88-67 systemd: Removed slice User Slice of mysql.
Jul 15 13:06:01 10-80-88-67 systemd: Created slice User Slice of mysql.
Jul 15 13:06:01 10-80-88-67 systemd: Started Session 411660 of user mysql.
Jul 15 13:06:01 10-80-88-67 systemd: Removed slice User Slice of mysql.
Jul 15 13:07:01 10-80-88-67 systemd: Created slice User Slice of mysql.
Jul 15 13:07:01 10-80-88-67 systemd: Started Session 411661 of user mysql.
Jul 15 13:07:01 10-80-88-67 systemd: Removed slice User Slice of mysql.
Jul 15 13:08:01 10-80-88-67 systemd: Created slice User Slice of mysql.
Jul 15 13:08:01 10-80-88-67 systemd: Started Session 411662 of user mysql.
Jul 15 13:08:01 10-80-88-67 systemd: Removed slice User Slice of mysql.
Jul 15 13:09:01 10-80-88-67 systemd: Created slice User Slice of mysql.
Jul 15 13:09:01 10-80-88-67 systemd: Started Session 411663 of user mysql.
Jul 15 13:09:01 10-80-88-67 systemd: Removed slice User Slice of mysql.
Jul 15 13:10:01 10-80-88-67 systemd: Started Session 411664 of user root.
Jul 15 13:10:01 10-80-88-67 systemd: Created slice User Slice of mysql.
Jul 15 13:10:01 10-80-88-67 systemd: Started Session 411665 of user mysql.
Jul 15 13:10:01 10-80-88-67 systemd: Started Session 411666 of user root.
Jul 15 13:10:02 10-80-88-67 systemd: Removed slice User Slice of mysql.
Jul 15 13:11:01 10-80-88-67 systemd: Created slice User Slice of mysql.
Jul 15 13:11:01 10-80-88-67 systemd: Started Session 411667 of user mysql.
Jul 15 13:11:01 10-80-88-67 systemd: Removed slice User Slice of mysql.
Jul 15 13:12:01 10-80-88-67 systemd: Created slice User Slice of mysql.
Jul 15 13:12:01 10-80-88-67 systemd: Started Session 411668 of user mysql.
Jul 15 13:12:01 10-80-88-67 systemd: Removed slice User Slice of mysql.
Jul 15 13:13:01 10-80-88-67 systemd: Created slice User Slice of mysql.
Jul 15 13:13:01 10-80-88-67 systemd: Started Session 411669 of user mysql.
Jul 15 13:13:01 10-80-88-67 systemd: Removed slice User Slice of mysql.
Jul 15 13:14:01 10-80-88-67 systemd: Created slice User Slice of mysql.
Jul 15 13:14:01 10-80-88-67 systemd: Started Session 411670 of user mysql.
Jul 15 13:14:01 10-80-88-67 systemd: Removed slice User Slice of mysql.
Jul 15 13:15:01 10-80-88-67 systemd: Started Session 411671 of user root.
Jul 15 13:15:01 10-80-88-67 systemd: Started Session 411672 of user root.
Jul 15 13:15:01 10-80-88-67 systemd: Created slice User Slice of mysql.
Jul 15 13:15:01 10-80-88-67 systemd: Started Session 411673 of user mysql.
Jul 15 13:15:01 10-80-88-67 systemd: Removed slice User Slice of mysql.
Jul 15 13:16:01 10-80-88-67 systemd: Created slice User Slice of mysql.
Jul 15 13:16:01 10-80-88-67 systemd: Started Session 411674 of user mysql.
Jul 15 13:16:01 10-80-88-67 systemd: Removed slice User Slice of mysql.
Jul 15 13:17:01 10-80-88-67 systemd: Created slice User Slice of mysql.
Jul 15 13:17:01 10-80-88-67 systemd: Started Session 411675 of user mysql.
Jul 15 13:17:01 10-80-88-67 systemd: Removed slice User Slice of mysql.
Jul 15 13:18:01 10-80-88-67 systemd: Created slice User Slice of mysql.
Jul 15 13:18:01 10-80-88-67 systemd: Started Session 411676 of user mysql.
Jul 15 13:18:01 10-80-88-67 systemd: Removed slice User Slice of mysql.
Jul 15 13:19:01 10-80-88-67 systemd: Created slice User Slice of mysql.
Jul 15 13:19:01 10-80-88-67 systemd: Started Session 411677 of user mysql.
Jul 15 13:19:01 10-80-88-67 systemd: Removed slice User Slice of mysql.
Jul 15 13:20:01 10-80-88-67 systemd: Started Session 411678 of user root.
Jul 15 13:20:01 10-80-88-67 systemd: Created slice User Slice of mysql.
Jul 15 13:20:01 10-80-88-67 systemd: Started Session 411679 of user mysql.
Jul 15 13:20:01 10-80-88-67 systemd: Started Session 411680 of user root.
Jul 15 13:20:01 10-80-88-67 systemd: Removed slice User Slice of mysql.
Jul 15 13:21:01 10-80-88-67 systemd: Created slice User Slice of mysql.
Jul 15 13:21:01 10-80-88-67 systemd: Started Session 411681 of user mysql.
Jul 15 13:21:01 10-80-88-67 systemd: Removed slice User Slice of mysql.
Jul 15 13:22:01 10-80-88-67 systemd: Created slice User Slice of mysql.
Jul 15 13:22:01 10-80-88-67 systemd: Started Session 411682 of user mysql.
Jul 15 13:22:01 10-80-88-67 systemd: Removed slice User Slice of mysql.
Jul 15 13:23:01 10-80-88-67 systemd: Created slice User Slice of mysql.
Jul 15 13:23:01 10-80-88-67 systemd: Started Session 411683 of user mysql.
Jul 15 13:23:01 10-80-88-67 systemd: Removed slice User Slice of mysql.
Jul 15 13:24:01 10-80-88-67 systemd: Created slice User Slice of mysql.
Jul 15 13:24:01 10-80-88-67 systemd: Started Session 411684 of user mysql.
Jul 15 13:24:01 10-80-88-67 systemd: Removed slice User Slice of mysql.
Jul 15 13:25:01 10-80-88-67 systemd: Created slice User Slice of mysql.
Jul 15 13:25:01 10-80-88-67 systemd: Started Session 411686 of user mysql.
Jul 15 13:25:01 10-80-88-67 systemd: Started Session 411685 of user root.
Jul 15 13:25:01 10-80-88-67 systemd: Started Session 411687 of user root.
Jul 15 13:25:01 10-80-88-67 systemd: Removed slice User Slice of mysql.
Jul 15 13:26:01 10-80-88-67 systemd: Created slice User Slice of mysql.
Jul 15 13:26:01 10-80-88-67 systemd: Started Session 411688 of user mysql.
Jul 15 13:26:01 10-80-88-67 systemd: Removed slice User Slice of mysql.
Jul 15 13:27:01 10-80-88-67 systemd: Created slice User Slice of mysql.
Jul 15 13:27:01 10-80-88-67 systemd: Started Session 411689 of user mysql.
Jul 15 13:27:01 10-80-88-67 systemd: Removed slice User Slice of mysql.
Jul 15 13:28:01 10-80-88-67 systemd: Created slice User Slice of mysql.
Jul 15 13:28:01 10-80-88-67 systemd: Started Session 411690 of user mysql.
Jul 15 13:28:02 10-80-88-67 systemd: Removed slice User Slice of mysql.
Jul 15 13:29:01 10-80-88-67 systemd: Created slice User Slice of mysql.
Jul 15 13:29:01 10-80-88-67 systemd: Started Session 411691 of user mysql.
Jul 15 13:29:01 10-80-88-67 systemd: Removed slice User Slice of mysql.
Jul 15 13:30:01 10-80-88-67 systemd: Created slice User Slice of mysql.
Jul 15 13:30:01 10-80-88-67 systemd: Started Session 411693 of user mysql.
Jul 15 13:30:01 10-80-88-67 systemd: Started Session 411692 of user root.
Jul 15 13:30:01 10-80-88-67 systemd: Started Session 411694 of user root.
Jul 15 13:30:01 10-80-88-67 systemd: Removed slice User Slice of mysql.
Jul 15 13:31:01 10-80-88-67 systemd: Created slice User Slice of mysql.
Jul 15 13:31:01 10-80-88-67 systemd: Started Session 411695 of user mysql.
Jul 15 13:31:01 10-80-88-67 systemd: Removed slice User Slice of mysql.
Jul 15 13:32:01 10-80-88-67 systemd: Created slice User Slice of mysql.
Jul 15 13:32:01 10-80-88-67 systemd: Started Session 411696 of user mysql.
Jul 15 13:32:01 10-80-88-67 systemd: Removed slice User Slice of mysql.
Jul 15 13:33:01 10-80-88-67 systemd: Created slice User Slice of mysql.
Jul 15 13:33:01 10-80-88-67 systemd: Started Session 411697 of user mysql.
Jul 15 13:33:01 10-80-88-67 systemd: Removed slice User Slice of mysql.
Jul 15 13:34:01 10-80-88-67 systemd: Created slice User Slice of mysql.
Jul 15 13:34:01 10-80-88-67 systemd: Started Session 411698 of user mysql.
Jul 15 13:34:01 10-80-88-67 systemd: Removed slice User Slice of mysql.
Jul 15 13:35:01 10-80-88-67 systemd: Started Session 411700 of user root.
Jul 15 13:35:01 10-80-88-67 systemd: Created slice User Slice of mysql.
Jul 15 13:35:01 10-80-88-67 systemd: Started Session 411701 of user mysql.
Jul 15 13:35:01 10-80-88-67 systemd: Started Session 411699 of user root.
Jul 15 13:35:01 10-80-88-67 systemd: Removed slice User Slice of mysql.
Jul 15 13:36:01 10-80-88-67 systemd: Created slice User Slice of mysql.
Jul 15 13:36:01 10-80-88-67 systemd: Started Session 411702 of user mysql.
Jul 15 13:36:01 10-80-88-67 systemd: Removed slice User Slice of mysql.
Jul 15 13:37:01 10-80-88-67 systemd: Created slice User Slice of mysql.
Jul 15 13:37:01 10-80-88-67 systemd: Started Session 411703 of user mysql.
Jul 15 13:37:01 10-80-88-67 systemd: Removed slice User Slice of mysql.
Jul 15 13:38:01 10-80-88-67 systemd: Created slice User Slice of mysql.
Jul 15 13:38:01 10-80-88-67 systemd: Started Session 411704 of user mysql.
Jul 15 13:38:01 10-80-88-67 systemd: Removed slice User Slice of mysql.
Jul 15 13:39:01 10-80-88-67 systemd: Created slice User Slice of mysql.
Jul 15 13:39:01 10-80-88-67 systemd: Started Session 411705 of user mysql.
Jul 15 13:39:01 10-80-88-67 systemd: Removed slice User Slice of mysql.
Jul 15 13:40:01 10-80-88-67 systemd: Started Session 411706 of user root.
Jul 15 13:40:01 10-80-88-67 systemd: Started Session 411707 of user root.
Jul 15 13:40:01 10-80-88-67 systemd: Created slice User Slice of mysql.
Jul 15 13:40:01 10-80-88-67 systemd: Started Session 411708 of user mysql.
Jul 15 13:40:01 10-80-88-67 systemd: Removed slice User Slice of mysql.
Jul 15 13:41:01 10-80-88-67 systemd: Created slice User Slice of mysql.
Jul 15 13:41:01 10-80-88-67 systemd: Started Session 411709 of user mysql.
Jul 15 13:41:01 10-80-88-67 systemd: Removed slice User Slice of mysql.
Jul 15 13:42:01 10-80-88-67 systemd: Created slice User Slice of mysql.
Jul 15 13:42:01 10-80-88-67 systemd: Started Session 411710 of user mysql.
Jul 15 13:42:01 10-80-88-67 systemd: Removed slice User Slice of mysql.
Jul 15 13:43:01 10-80-88-67 systemd: Created slice User Slice of mysql.
Jul 15 13:43:01 10-80-88-67 systemd: Started Session 411711 of user mysql.
Jul 15 13:43:01 10-80-88-67 systemd: Removed slice User Slice of mysql.
Jul 15 13:44:01 10-80-88-67 systemd: Created slice User Slice of mysql.
Jul 15 13:44:01 10-80-88-67 systemd: Started Session 411712 of user mysql.
Jul 15 13:44:01 10-80-88-67 systemd: Removed slice User Slice of mysql.
Jul 15 13:45:01 10-80-88-67 systemd: Started Session 411714 of user root.
Jul 15 13:45:01 10-80-88-67 systemd: Started Session 411713 of user root.
Jul 15 13:45:01 10-80-88-67 systemd: Created slice User Slice of mysql.
Jul 15 13:45:01 10-80-88-67 systemd: Started Session 411715 of user mysql.
Jul 15 13:45:02 10-80-88-67 systemd: Removed slice User Slice of mysql.
Jul 15 13:46:02 10-80-88-67 systemd: Created slice User Slice of mysql.
Jul 15 13:46:02 10-80-88-67 systemd: Started Session 411716 of user mysql.
Jul 15 13:46:02 10-80-88-67 systemd: Removed slice User Slice of mysql.
Jul 15 13:47:01 10-80-88-67 systemd: Created slice User Slice of mysql.
Jul 15 13:47:01 10-80-88-67 systemd: Started Session 411717 of user mysql.
Jul 15 13:47:01 10-80-88-67 systemd: Removed slice User Slice of mysql.
Jul 15 13:48:01 10-80-88-67 systemd: Created slice User Slice of mysql.
Jul 15 13:48:01 10-80-88-67 systemd: Started Session 411718 of user mysql.
Jul 15 13:48:01 10-80-88-67 systemd: Removed slice User Slice of mysql.
Jul 15 13:49:01 10-80-88-67 systemd: Created slice User Slice of mysql.
Jul 15 13:49:01 10-80-88-67 systemd: Started Session 411719 of user mysql.
Jul 15 13:49:01 10-80-88-67 systemd: Removed slice User Slice of mysql.
Jul 15 13:50:01 10-80-88-67 systemd: Started Session 411721 of user root.
Jul 15 13:50:01 10-80-88-67 systemd: Started Session 411720 of user root.
Jul 15 13:50:01 10-80-88-67 systemd: Created slice User Slice of mysql.
Jul 15 13:50:01 10-80-88-67 systemd: Started Session 411722 of user mysql.
Jul 15 13:50:01 10-80-88-67 systemd: Removed slice User Slice of mysql.
Jul 15 13:51:01 10-80-88-67 systemd: Created slice User Slice of mysql.
Jul 15 13:51:01 10-80-88-67 systemd: Started Session 411723 of user mysql.
Jul 15 13:51:01 10-80-88-67 systemd: Removed slice User Slice of mysql.
Jul 15 13:52:01 10-80-88-67 systemd: Created slice User Slice of mysql.
Jul 15 13:52:01 10-80-88-67 systemd: Started Session 411724 of user mysql.
Jul 15 13:52:01 10-80-88-67 systemd: Removed slice User Slice of mysql.
Jul 15 13:53:01 10-80-88-67 systemd: Created slice User Slice of mysql.
Jul 15 13:53:01 10-80-88-67 systemd: Started Session 411725 of user mysql.
Jul 15 13:53:01 10-80-88-67 systemd: Removed slice User Slice of mysql.
Jul 15 13:54:01 10-80-88-67 systemd: Created slice User Slice of mysql.
Jul 15 13:54:01 10-80-88-67 systemd: Started Session 411726 of user mysql.
Jul 15 13:54:01 10-80-88-67 systemd: Removed slice User Slice of mysql.
Jul 15 13:55:01 10-80-88-67 systemd: Started Session 411729 of user root.
Jul 15 13:55:01 10-80-88-67 systemd: Started Session 411727 of user root.
Jul 15 13:55:01 10-80-88-67 systemd: Created slice User Slice of mysql.
Jul 15 13:55:01 10-80-88-67 systemd: Started Session 411728 of user mysql.
Jul 15 13:55:01 10-80-88-67 systemd: Removed slice User Slice of mysql.
Jul 15 13:56:01 10-80-88-67 systemd: Created slice User Slice of mysql.
Jul 15 13:56:01 10-80-88-67 systemd: Started Session 411730 of user mysql.
Jul 15 13:56:01 10-80-88-67 systemd: Removed slice User Slice of mysql.
Jul 15 13:57:01 10-80-88-67 systemd: Created slice User Slice of mysql.
Jul 15 13:57:01 10-80-88-67 systemd: Started Session 411731 of user mysql.
Jul 15 13:57:01 10-80-88-67 systemd: Removed slice User Slice of mysql.
Jul 15 13:58:01 10-80-88-67 systemd: Created slice User Slice of mysql.
Jul 15 13:58:01 10-80-88-67 systemd: Started Session 411732 of user mysql.
Jul 15 13:58:01 10-80-88-67 systemd: Removed slice User Slice of mysql.
Jul 15 13:59:01 10-80-88-67 systemd: Created slice User Slice of mysql.
Jul 15 13:59:01 10-80-88-67 systemd: Started Session 411733 of user mysql.
Jul 15 13:59:01 10-80-88-67 systemd: Removed slice User Slice of mysql.
Jul 15 14:00:01 10-80-88-67 systemd: Created slice User Slice of mysql.
Jul 15 14:00:01 10-80-88-67 systemd: Started Session 411735 of user mysql.
Jul 15 14:00:01 10-80-88-67 systemd: Started Session 411734 of user root.
Jul 15 14:00:01 10-80-88-67 systemd: Started Session 411736 of user root.
Jul 15 14:00:01 10-80-88-67 systemd: Removed slice User Slice of mysql.
Jul 15 14:01:01 10-80-88-67 systemd: Created slice User Slice of mysql.
Jul 15 14:01:01 10-80-88-67 systemd: Started Session 411737 of user mysql.
Jul 15 14:01:01 10-80-88-67 systemd: Started Session 411738 of user root.
Jul 15 14:01:01 10-80-88-67 systemd: Removed slice User Slice of mysql.
Jul 15 14:02:01 10-80-88-67 systemd: Created slice User Slice of mysql.
Jul 15 14:02:01 10-80-88-67 systemd: Started Session 411739 of user mysql.
Jul 15 14:02:01 10-80-88-67 systemd: Removed slice User Slice of mysql.
Jul 15 14:03:02 10-80-88-67 systemd: Created slice User Slice of mysql.
Jul 15 14:03:02 10-80-88-67 systemd: Started Session 411740 of user mysql.
Jul 15 14:03:02 10-80-88-67 systemd: Removed slice User Slice of mysql.
Jul 15 14:04:01 10-80-88-67 systemd: Created slice User Slice of mysql.
Jul 15 14:04:01 10-80-88-67 systemd: Started Session 411741 of user mysql.
Jul 15 14:04:01 10-80-88-67 systemd: Removed slice User Slice of mysql.
Jul 15 14:05:01 10-80-88-67 systemd: Created slice User Slice of mysql.
Jul 15 14:05:01 10-80-88-67 systemd: Started Session 411743 of user mysql.
Jul 15 14:05:01 10-80-88-67 systemd: Started Session 411742 of user root.
Jul 15 14:05:01 10-80-88-67 systemd: Started Session 411744 of user root.
Jul 15 14:05:01 10-80-88-67 systemd: Removed slice User Slice of mysql.
Jul 15 14:06:01 10-80-88-67 systemd: Created slice User Slice of mysql.
Jul 15 14:06:01 10-80-88-67 systemd: Started Session 411745 of user mysql.
Jul 15 14:06:01 10-80-88-67 systemd: Removed slice User Slice of mysql.
Jul 15 14:07:01 10-80-88-67 systemd: Created slice User Slice of mysql.
Jul 15 14:07:01 10-80-88-67 systemd: Started Session 411746 of user mysql.
Jul 15 14:07:01 10-80-88-67 systemd: Removed slice User Slice of mysql.
Jul 15 14:08:01 10-80-88-67 systemd: Created slice User Slice of mysql.
Jul 15 14:08:01 10-80-88-67 systemd: Started Session 411747 of user mysql.
Jul 15 14:08:01 10-80-88-67 systemd: Removed slice User Slice of mysql.
Jul 15 14:09:01 10-80-88-67 systemd: Created slice User Slice of mysql.
Jul 15 14:09:01 10-80-88-67 systemd: Started Session 411748 of user mysql.
Jul 15 14:09:01 10-80-88-67 systemd: Removed slice User Slice of mysql.
Jul 15 14:10:01 10-80-88-67 systemd: Created slice User Slice of mysql.
Jul 15 14:10:01 10-80-88-67 systemd: Started Session 411749 of user mysql.
Jul 15 14:10:01 10-80-88-67 systemd: Started Session 411750 of user root.
Jul 15 14:10:01 10-80-88-67 systemd: Started Session 411751 of user root.
Jul 15 14:10:01 10-80-88-67 systemd: Removed slice User Slice of mysql.
Jul 15 14:11:01 10-80-88-67 systemd: Created slice User Slice of mysql.
Jul 15 14:11:01 10-80-88-67 systemd: Started Session 411752 of user mysql.
Jul 15 14:11:01 10-80-88-67 systemd: Removed slice User Slice of mysql.
Jul 15 14:12:01 10-80-88-67 systemd: Created slice User Slice of mysql.
Jul 15 14:12:01 10-80-88-67 systemd: Started Session 411753 of user mysql.
Jul 15 14:12:01 10-80-88-67 systemd: Removed slice User Slice of mysql.
Jul 15 14:13:01 10-80-88-67 systemd: Created slice User Slice of mysql.
Jul 15 14:13:01 10-80-88-67 systemd: Started Session 411754 of user mysql.
Jul 15 14:13:01 10-80-88-67 systemd: Removed slice User Slice of mysql.
Jul 15 14:14:01 10-80-88-67 systemd: Created slice User Slice of mysql.
Jul 15 14:14:01 10-80-88-67 systemd: Started Session 411755 of user mysql.
Jul 15 14:14:01 10-80-88-67 systemd: Removed slice User Slice of mysql.
Jul 15 14:15:01 10-80-88-67 systemd: Started Session 411757 of user root.
Jul 15 14:15:01 10-80-88-67 systemd: Created slice User Slice of mysql.
Jul 15 14:15:01 10-80-88-67 systemd: Started Session 411756 of user mysql.
Jul 15 14:15:01 10-80-88-67 systemd: Started Session 411758 of user root.
Jul 15 14:15:01 10-80-88-67 systemd: Removed slice User Slice of mysql.
Jul 15 14:16:01 10-80-88-67 systemd: Created slice User Slice of mysql.
Jul 15 14:16:01 10-80-88-67 systemd: Started Session 411759 of user mysql.
Jul 15 14:16:01 10-80-88-67 systemd: Removed slice User Slice of mysql.
Jul 15 14:17:01 10-80-88-67 systemd: Created slice User Slice of mysql.
Jul 15 14:17:01 10-80-88-67 systemd: Started Session 411760 of user mysql.
Jul 15 14:17:01 10-80-88-67 systemd: Removed slice User Slice of mysql.
Jul 15 14:18:01 10-80-88-67 systemd: Created slice User Slice of mysql.
Jul 15 14:18:01 10-80-88-67 systemd: Started Session 411761 of user mysql.
Jul 15 14:18:01 10-80-88-67 systemd: Removed slice User Slice of mysql.
Jul 15 14:19:01 10-80-88-67 systemd: Created slice User Slice of mysql.
Jul 15 14:19:01 10-80-88-67 systemd: Started Session 411762 of user mysql.
Jul 15 14:19:01 10-80-88-67 systemd: Removed slice User Slice of mysql.
Jul 15 14:20:01 10-80-88-67 systemd: Started Session 411763 of user root.
Jul 15 14:20:01 10-80-88-67 systemd: Started Session 411764 of user root.
Jul 15 14:20:01 10-80-88-67 systemd: Created slice User Slice of mysql.
Jul 15 14:20:01 10-80-88-67 systemd: Started Session 411765 of user mysql.
Jul 15 14:20:02 10-80-88-67 systemd: Removed slice User Slice of mysql.
Jul 15 14:21:01 10-80-88-67 systemd: Created slice User Slice of mysql.
Jul 15 14:21:01 10-80-88-67 systemd: Started Session 411766 of user mysql.
Jul 15 14:21:01 10-80-88-67 systemd: Removed slice User Slice of mysql.
Jul 15 14:22:01 10-80-88-67 systemd: Created slice User Slice of mysql.
Jul 15 14:22:01 10-80-88-67 systemd: Started Session 411767 of user mysql.
Jul 15 14:22:01 10-80-88-67 systemd: Removed slice User Slice of mysql.
Jul 15 14:23:01 10-80-88-67 systemd: Created slice User Slice of mysql.
Jul 15 14:23:01 10-80-88-67 systemd: Started Session 411768 of user mysql.
Jul 15 14:23:01 10-80-88-67 systemd: Removed slice User Slice of mysql.
Jul 15 14:24:01 10-80-88-67 systemd: Created slice User Slice of mysql.
Jul 15 14:24:01 10-80-88-67 systemd: Started Session 411769 of user mysql.
Jul 15 14:24:01 10-80-88-67 systemd: Removed slice User Slice of mysql.
Jul 15 14:25:01 10-80-88-67 systemd: Created slice User Slice of mysql.
Jul 15 14:25:01 10-80-88-67 systemd: Started Session 411771 of user mysql.
Jul 15 14:25:01 10-80-88-67 systemd: Started Session 411770 of user root.
Jul 15 14:25:01 10-80-88-67 systemd: Started Session 411772 of user root.
Jul 15 14:25:01 10-80-88-67 systemd: Removed slice User Slice of mysql.
Jul 15 14:26:01 10-80-88-67 systemd: Created slice User Slice of mysql.
Jul 15 14:26:01 10-80-88-67 systemd: Started Session 411773 of user mysql.
Jul 15 14:26:01 10-80-88-67 systemd: Removed slice User Slice of mysql.
Jul 15 14:27:01 10-80-88-67 systemd: Created slice User Slice of mysql.
Jul 15 14:27:01 10-80-88-67 systemd: Started Session 411774 of user mysql.
Jul 15 14:27:01 10-80-88-67 systemd: Removed slice User Slice of mysql.
Jul 15 14:28:01 10-80-88-67 systemd: Created slice User Slice of mysql.
Jul 15 14:28:01 10-80-88-67 systemd: Started Session 411775 of user mysql.
Jul 15 14:28:01 10-80-88-67 systemd: Removed slice User Slice of mysql.
Jul 15 14:29:01 10-80-88-67 systemd: Created slice User Slice of mysql.
Jul 15 14:29:01 10-80-88-67 systemd: Started Session 411776 of user mysql.
Jul 15 14:29:01 10-80-88-67 systemd: Removed slice User Slice of mysql.
Jul 15 14:30:01 10-80-88-67 systemd: Started Session 411777 of user root.
Jul 15 14:30:01 10-80-88-67 systemd: Started Session 411778 of user root.
Jul 15 14:30:01 10-80-88-67 systemd: Created slice User Slice of mysql.
Jul 15 14:30:01 10-80-88-67 systemd: Started Session 411779 of user mysql.
Jul 15 14:30:01 10-80-88-67 systemd: Removed slice User Slice of mysql.
Jul 15 14:31:01 10-80-88-67 systemd: Created slice User Slice of mysql.
Jul 15 14:31:01 10-80-88-67 systemd: Started Session 411780 of user mysql.
Jul 15 14:31:01 10-80-88-67 systemd: Removed slice User Slice of mysql.
Jul 15 14:32:01 10-80-88-67 systemd: Created slice User Slice of mysql.
Jul 15 14:32:01 10-80-88-67 systemd: Started Session 411781 of user mysql.
Jul 15 14:32:01 10-80-88-67 systemd: Removed slice User Slice of mysql.
Jul 15 14:33:01 10-80-88-67 systemd: Created slice User Slice of mysql.
Jul 15 14:33:01 10-80-88-67 systemd: Started Session 411782 of user mysql.
Jul 15 14:33:01 10-80-88-67 systemd: Removed slice User Slice of mysql.
Jul 15 14:34:01 10-80-88-67 systemd: Created slice User Slice of mysql.
Jul 15 14:34:01 10-80-88-67 systemd: Started Session 411783 of user mysql.
Jul 15 14:34:01 10-80-88-67 systemd: Removed slice User Slice of mysql.
Jul 15 14:35:01 10-80-88-67 systemd: Started Session 411785 of user root.
Jul 15 14:35:01 10-80-88-67 systemd: Started Session 411784 of user root.
Jul 15 14:35:01 10-80-88-67 systemd: Created slice User Slice of mysql.
Jul 15 14:35:01 10-80-88-67 systemd: Started Session 411786 of user mysql.
Jul 15 14:35:01 10-80-88-67 systemd: Removed slice User Slice of mysql.
Jul 15 14:36:01 10-80-88-67 systemd: Created slice User Slice of mysql.
Jul 15 14:36:01 10-80-88-67 systemd: Started Session 411787 of user mysql.
Jul 15 14:36:01 10-80-88-67 systemd: Removed slice User Slice of mysql.
Jul 15 14:37:01 10-80-88-67 systemd: Created slice User Slice of mysql.
Jul 15 14:37:01 10-80-88-67 systemd: Started Session 411788 of user mysql.
Jul 15 14:37:01 10-80-88-67 systemd: Removed slice User Slice of mysql.
Jul 15 14:38:02 10-80-88-67 systemd: Created slice User Slice of mysql.
Jul 15 14:38:02 10-80-88-67 systemd: Started Session 411789 of user mysql.
Jul 15 14:38:02 10-80-88-67 systemd: Removed slice User Slice of mysql.
Jul 15 14:39:01 10-80-88-67 systemd: Created slice User Slice of mysql.
Jul 15 14:39:01 10-80-88-67 systemd: Started Session 411790 of user mysql.
Jul 15 14:39:01 10-80-88-67 systemd: Removed slice User Slice of mysql.
Jul 15 14:40:01 10-80-88-67 systemd: Started Session 411791 of user root.
Jul 15 14:40:01 10-80-88-67 systemd: Started Session 411793 of user root.
Jul 15 14:40:01 10-80-88-67 systemd: Created slice User Slice of mysql.
Jul 15 14:40:01 10-80-88-67 systemd: Started Session 411792 of user mysql.
Jul 15 14:40:01 10-80-88-67 systemd: Removed slice User Slice of mysql.
Jul 15 14:41:01 10-80-88-67 systemd: Created slice User Slice of mysql.
Jul 15 14:41:01 10-80-88-67 systemd: Started Session 411794 of user mysql.
Jul 15 14:41:01 10-80-88-67 systemd: Removed slice User Slice of mysql.
Jul 15 14:42:01 10-80-88-67 systemd: Created slice User Slice of mysql.
Jul 15 14:42:01 10-80-88-67 systemd: Started Session 411795 of user mysql.
Jul 15 14:42:01 10-80-88-67 systemd: Removed slice User Slice of mysql.
Jul 15 14:43:01 10-80-88-67 systemd: Created slice User Slice of mysql.
Jul 15 14:43:01 10-80-88-67 systemd: Started Session 411796 of user mysql.
Jul 15 14:43:01 10-80-88-67 systemd: Removed slice User Slice of mysql.
Jul 15 14:44:01 10-80-88-67 systemd: Created slice User Slice of mysql.
Jul 15 14:44:01 10-80-88-67 systemd: Started Session 411797 of user mysql.
Jul 15 14:44:01 10-80-88-67 systemd: Removed slice User Slice of mysql.
Jul 15 14:45:01 10-80-88-67 systemd: Started Session 411798 of user root.
Jul 15 14:45:01 10-80-88-67 systemd: Created slice User Slice of mysql.
Jul 15 14:45:01 10-80-88-67 systemd: Started Session 411799 of user mysql.
Jul 15 14:45:01 10-80-88-67 systemd: Started Session 411800 of user root.
Jul 15 14:45:01 10-80-88-67 systemd: Removed slice User Slice of mysql.
Jul 15 14:46:01 10-80-88-67 systemd: Created slice User Slice of mysql.
Jul 15 14:46:01 10-80-88-67 systemd: Started Session 411801 of user mysql.
Jul 15 14:46:01 10-80-88-67 systemd: Removed slice User Slice of mysql.
Jul 15 14:47:01 10-80-88-67 systemd: Created slice User Slice of mysql.
Jul 15 14:47:01 10-80-88-67 systemd: Started Session 411802 of user mysql.
Jul 15 14:47:01 10-80-88-67 systemd: Removed slice User Slice of mysql.
Jul 15 14:48:01 10-80-88-67 systemd: Created slice User Slice of mysql.
Jul 15 14:48:01 10-80-88-67 systemd: Started Session 411803 of user mysql.
Jul 15 14:48:01 10-80-88-67 systemd: Removed slice User Slice of mysql.
Jul 15 14:49:01 10-80-88-67 systemd: Created slice User Slice of mysql.
Jul 15 14:49:01 10-80-88-67 systemd: Started Session 411804 of user mysql.
Jul 15 14:49:01 10-80-88-67 systemd: Removed slice User Slice of mysql.
Jul 15 14:50:01 10-80-88-67 systemd: Started Session 411805 of user root.
Jul 15 14:50:01 10-80-88-67 systemd: Started Session 411806 of user root.
Jul 15 14:50:01 10-80-88-67 systemd: Created slice User Slice of mysql.
Jul 15 14:50:01 10-80-88-67 systemd: Started Session 411807 of user mysql.
Jul 15 14:50:01 10-80-88-67 systemd: Removed slice User Slice of mysql.
Jul 15 14:51:01 10-80-88-67 systemd: Created slice User Slice of mysql.
Jul 15 14:51:01 10-80-88-67 systemd: Started Session 411808 of user mysql.
Jul 15 14:51:01 10-80-88-67 systemd: Removed slice User Slice of mysql.
Jul 15 14:52:01 10-80-88-67 systemd: Created slice User Slice of mysql.
Jul 15 14:52:01 10-80-88-67 systemd: Started Session 411809 of user mysql.
Jul 15 14:52:01 10-80-88-67 systemd: Removed slice User Slice of mysql.
Jul 15 14:53:01 10-80-88-67 systemd: Created slice User Slice of mysql.
Jul 15 14:53:01 10-80-88-67 systemd: Started Session 411810 of user mysql.
Jul 15 14:53:01 10-80-88-67 systemd: Removed slice User Slice of mysql.
Jul 15 14:54:01 10-80-88-67 systemd: Created slice User Slice of mysql.
Jul 15 14:54:01 10-80-88-67 systemd: Started Session 411811 of user mysql.
Jul 15 14:54:01 10-80-88-67 systemd: Removed slice User Slice of mysql.
Jul 15 14:55:01 10-80-88-67 systemd: Started Session 411812 of user root.
Jul 15 14:55:01 10-80-88-67 systemd: Created slice User Slice of mysql.
Jul 15 14:55:01 10-80-88-67 systemd: Started Session 411813 of user mysql.
Jul 15 14:55:01 10-80-88-67 systemd: Started Session 411814 of user root.
Jul 15 14:55:02 10-80-88-67 auditd[20927]: Audit daemon rotating log files
Jul 15 14:55:02 10-80-88-67 systemd: Removed slice User Slice of mysql.
Jul 15 14:56:01 10-80-88-67 systemd: Created slice User Slice of mysql.
Jul 15 14:56:01 10-80-88-67 systemd: Started Session 411815 of user mysql.
Jul 15 14:56:01 10-80-88-67 systemd: Removed slice User Slice of mysql.
Jul 15 14:57:01 10-80-88-67 systemd: Created slice User Slice of mysql.
Jul 15 14:57:01 10-80-88-67 systemd: Started Session 411816 of user mysql.
Jul 15 14:57:01 10-80-88-67 systemd: Removed slice User Slice of mysql.
Jul 15 14:58:01 10-80-88-67 systemd: Created slice User Slice of mysql.
Jul 15 14:58:01 10-80-88-67 systemd: Started Session 411817 of user mysql.
Jul 15 14:58:01 10-80-88-67 systemd: Removed slice User Slice of mysql.
Jul 15 14:59:01 10-80-88-67 systemd: Created slice User Slice of mysql.
Jul 15 14:59:01 10-80-88-67 systemd: Started Session 411818 of user mysql.
Jul 15 14:59:01 10-80-88-67 systemd: Removed slice User Slice of mysql.
Jul 15 15:00:01 10-80-88-67 systemd: Started Session 411819 of user root.
Jul 15 15:00:01 10-80-88-67 systemd: Created slice User Slice of mysql.
Jul 15 15:00:01 10-80-88-67 systemd: Started Session 411820 of user mysql.
Jul 15 15:00:01 10-80-88-67 systemd: Started Session 411821 of user root.
Jul 15 15:00:01 10-80-88-67 systemd: Removed slice User Slice of mysql.
Jul 15 15:01:01 10-80-88-67 systemd: Started Session 411822 of user root.
Jul 15 15:01:01 10-80-88-67 systemd: Created slice User Slice of mysql.
Jul 15 15:01:01 10-80-88-67 systemd: Started Session 411823 of user mysql.
Jul 15 15:01:01 10-80-88-67 systemd: Removed slice User Slice of mysql.
Jul 15 15:02:01 10-80-88-67 systemd: Created slice User Slice of mysql.
Jul 15 15:02:01 10-80-88-67 systemd: Started Session 411824 of user mysql.
Jul 15 15:02:01 10-80-88-67 systemd: Removed slice User Slice of mysql.
Jul 15 15:03:01 10-80-88-67 systemd: Created slice User Slice of mysql.
Jul 15 15:03:01 10-80-88-67 systemd: Started Session 411825 of user mysql.
Jul 15 15:03:01 10-80-88-67 systemd: Removed slice User Slice of mysql.
Jul 15 15:04:01 10-80-88-67 systemd: Created slice User Slice of mysql.
Jul 15 15:04:01 10-80-88-67 systemd: Started Session 411826 of user mysql.
Jul 15 15:04:01 10-80-88-67 systemd: Removed slice User Slice of mysql.
Jul 15 15:05:01 10-80-88-67 systemd: Created slice User Slice of mysql.
Jul 15 15:05:01 10-80-88-67 systemd: Started Session 411828 of user mysql.
Jul 15 15:05:01 10-80-88-67 systemd: Started Session 411829 of user root.
Jul 15 15:05:01 10-80-88-67 systemd: Started Session 411827 of user root.
Jul 15 15:05:01 10-80-88-67 systemd: Removed slice User Slice of mysql.
Jul 15 15:06:01 10-80-88-67 systemd: Created slice User Slice of mysql.
Jul 15 15:06:01 10-80-88-67 systemd: Started Session 411830 of user mysql.
Jul 15 15:06:01 10-80-88-67 systemd: Removed slice User Slice of mysql.
Jul 15 15:07:01 10-80-88-67 systemd: Created slice User Slice of mysql.
Jul 15 15:07:01 10-80-88-67 systemd: Started Session 411831 of user mysql.
Jul 15 15:07:01 10-80-88-67 systemd: Removed slice User Slice of mysql.
Jul 15 15:08:01 10-80-88-67 systemd: Created slice User Slice of mysql.
Jul 15 15:08:01 10-80-88-67 systemd: Started Session 411832 of user mysql.
Jul 15 15:08:01 10-80-88-67 systemd: Removed slice User Slice of mysql.
Jul 15 15:09:01 10-80-88-67 systemd: Created slice User Slice of mysql.
Jul 15 15:09:01 10-80-88-67 systemd: Started Session 411833 of user mysql.
Jul 15 15:09:01 10-80-88-67 systemd: Removed slice User Slice of mysql.
Jul 15 15:10:01 10-80-88-67 systemd: Created slice User Slice of mysql.
Jul 15 15:10:01 10-80-88-67 systemd: Started Session 411834 of user mysql.
Jul 15 15:10:01 10-80-88-67 systemd: Started Session 411836 of user root.
Jul 15 15:10:01 10-80-88-67 systemd: Started Session 411835 of user root.
Jul 15 15:10:01 10-80-88-67 systemd: Removed slice User Slice of mysql.
Jul 15 15:11:01 10-80-88-67 systemd: Created slice User Slice of mysql.
Jul 15 15:11:01 10-80-88-67 systemd: Started Session 411837 of user mysql.
Jul 15 15:11:01 10-80-88-67 systemd: Removed slice User Slice of mysql.
Jul 15 15:12:01 10-80-88-67 systemd: Created slice User Slice of mysql.
Jul 15 15:12:01 10-80-88-67 systemd: Started Session 411838 of user mysql.
Jul 15 15:12:01 10-80-88-67 systemd: Removed slice User Slice of mysql.
Jul 15 15:13:01 10-80-88-67 systemd: Created slice User Slice of mysql.
Jul 15 15:13:01 10-80-88-67 systemd: Started Session 411839 of user mysql.
Jul 15 15:13:02 10-80-88-67 systemd: Removed slice User Slice of mysql.
Jul 15 15:14:01 10-80-88-67 systemd: Created slice User Slice of mysql.
Jul 15 15:14:01 10-80-88-67 systemd: Started Session 411840 of user mysql.
Jul 15 15:14:01 10-80-88-67 systemd: Removed slice User Slice of mysql.
Jul 15 15:15:01 10-80-88-67 systemd: Started Session 411841 of user root.
Jul 15 15:15:01 10-80-88-67 systemd: Created slice User Slice of mysql.
Jul 15 15:15:01 10-80-88-67 systemd: Started Session 411842 of user mysql.
Jul 15 15:15:01 10-80-88-67 systemd: Started Session 411843 of user root.
Jul 15 15:15:01 10-80-88-67 systemd: Removed slice User Slice of mysql.
Jul 15 15:16:01 10-80-88-67 systemd: Created slice User Slice of mysql.
Jul 15 15:16:01 10-80-88-67 systemd: Started Session 411844 of user mysql.
Jul 15 15:16:01 10-80-88-67 systemd: Removed slice User Slice of mysql.
Jul 15 15:17:01 10-80-88-67 systemd: Created slice User Slice of mysql.
Jul 15 15:17:01 10-80-88-67 systemd: Started Session 411845 of user mysql.
Jul 15 15:17:01 10-80-88-67 systemd: Removed slice User Slice of mysql.
Jul 15 15:18:01 10-80-88-67 systemd: Created slice User Slice of mysql.
Jul 15 15:18:01 10-80-88-67 systemd: Started Session 411846 of user mysql.
Jul 15 15:18:01 10-80-88-67 systemd: Removed slice User Slice of mysql.
Jul 15 15:19:01 10-80-88-67 systemd: Created slice User Slice of mysql.
Jul 15 15:19:01 10-80-88-67 systemd: Started Session 411847 of user mysql.
Jul 15 15:19:01 10-80-88-67 systemd: Removed slice User Slice of mysql.
Jul 15 15:20:01 10-80-88-67 systemd: Started Session 411849 of user root.
Jul 15 15:20:01 10-80-88-67 systemd: Created slice User Slice of mysql.
Jul 15 15:20:01 10-80-88-67 systemd: Started Session 411848 of user mysql.
Jul 15 15:20:01 10-80-88-67 systemd: Started Session 411850 of user root.
Jul 15 15:20:01 10-80-88-67 systemd: Removed slice User Slice of mysql.
Jul 15 15:21:01 10-80-88-67 systemd: Created slice User Slice of mysql.
Jul 15 15:21:01 10-80-88-67 systemd: Started Session 411851 of user mysql.
Jul 15 15:21:01 10-80-88-67 systemd: Removed slice User Slice of mysql.
Jul 15 15:22:01 10-80-88-67 systemd: Created slice User Slice of mysql.
Jul 15 15:22:01 10-80-88-67 systemd: Started Session 411852 of user mysql.
Jul 15 15:22:01 10-80-88-67 systemd: Removed slice User Slice of mysql.
Jul 15 15:23:01 10-80-88-67 systemd: Created slice User Slice of mysql.
Jul 15 15:23:01 10-80-88-67 systemd: Started Session 411853 of user mysql.
Jul 15 15:23:01 10-80-88-67 systemd: Removed slice User Slice of mysql.
Jul 15 15:24:01 10-80-88-67 systemd: Created slice User Slice of mysql.
Jul 15 15:24:01 10-80-88-67 systemd: Started Session 411854 of user mysql.
Jul 15 15:24:01 10-80-88-67 systemd: Removed slice User Slice of mysql.
Jul 15 15:25:01 10-80-88-67 systemd: Created slice User Slice of mysql.
Jul 15 15:25:01 10-80-88-67 systemd: Started Session 411856 of user mysql.
Jul 15 15:25:01 10-80-88-67 systemd: Started Session 411855 of user root.
Jul 15 15:25:01 10-80-88-67 systemd: Started Session 411857 of user root.
Jul 15 15:25:01 10-80-88-67 systemd: Removed slice User Slice of mysql.
Jul 15 15:26:01 10-80-88-67 systemd: Created slice User Slice of mysql.
Jul 15 15:26:01 10-80-88-67 systemd: Started Session 411858 of user mysql.
Jul 15 15:26:01 10-80-88-67 systemd: Removed slice User Slice of mysql.
Jul 15 15:27:01 10-80-88-67 systemd: Created slice User Slice of mysql.
Jul 15 15:27:01 10-80-88-67 systemd: Started Session 411859 of user mysql.
Jul 15 15:27:01 10-80-88-67 systemd: Removed slice User Slice of mysql.
Jul 15 15:28:01 10-80-88-67 systemd: Created slice User Slice of mysql.
Jul 15 15:28:01 10-80-88-67 systemd: Started Session 411860 of user mysql.
Jul 15 15:28:01 10-80-88-67 systemd: Removed slice User Slice of mysql.
Jul 15 15:29:01 10-80-88-67 systemd: Created slice User Slice of mysql.
Jul 15 15:29:01 10-80-88-67 systemd: Started Session 411861 of user mysql.
Jul 15 15:29:01 10-80-88-67 systemd: Removed slice User Slice of mysql.
Jul 15 15:30:01 10-80-88-67 systemd: Started Session 411864 of user root.
Jul 15 15:30:01 10-80-88-67 systemd: Started Session 411862 of user root.
Jul 15 15:30:01 10-80-88-67 systemd: Created slice User Slice of mysql.
Jul 15 15:30:01 10-80-88-67 systemd: Started Session 411863 of user mysql.
Jul 15 15:30:01 10-80-88-67 systemd: Removed slice User Slice of mysql.
Jul 15 15:31:02 10-80-88-67 systemd: Created slice User Slice of mysql.
Jul 15 15:31:02 10-80-88-67 systemd: Started Session 411865 of user mysql.
Jul 15 15:31:02 10-80-88-67 systemd: Removed slice User Slice of mysql.
Jul 15 15:32:01 10-80-88-67 systemd: Created slice User Slice of mysql.
Jul 15 15:32:01 10-80-88-67 systemd: Started Session 411866 of user mysql.
Jul 15 15:32:01 10-80-88-67 systemd: Removed slice User Slice of mysql.
Jul 15 15:33:01 10-80-88-67 systemd: Created slice User Slice of mysql.
Jul 15 15:33:01 10-80-88-67 systemd: Started Session 411867 of user mysql.
Jul 15 15:33:01 10-80-88-67 systemd: Removed slice User Slice of mysql.
Jul 15 15:34:01 10-80-88-67 systemd: Created slice User Slice of mysql.
Jul 15 15:34:01 10-80-88-67 systemd: Started Session 411868 of user mysql.
Jul 15 15:34:01 10-80-88-67 systemd: Removed slice User Slice of mysql.
Jul 15 15:35:01 10-80-88-67 systemd: Started Session 411869 of user root.
Jul 15 15:35:01 10-80-88-67 systemd: Created slice User Slice of mysql.
Jul 15 15:35:01 10-80-88-67 systemd: Started Session 411871 of user mysql.
Jul 15 15:35:01 10-80-88-67 systemd: Started Session 411870 of user root.
Jul 15 15:35:01 10-80-88-67 systemd: Removed slice User Slice of mysql.
Jul 15 15:36:01 10-80-88-67 systemd: Created slice User Slice of mysql.
Jul 15 15:36:01 10-80-88-67 systemd: Started Session 411872 of user mysql.
Jul 15 15:36:01 10-80-88-67 systemd: Removed slice User Slice of mysql.
Jul 15 15:37:01 10-80-88-67 systemd: Created slice User Slice of mysql.
Jul 15 15:37:01 10-80-88-67 systemd: Started Session 411873 of user mysql.
Jul 15 15:37:01 10-80-88-67 systemd: Removed slice User Slice of mysql.
Jul 15 15:38:01 10-80-88-67 systemd: Created slice User Slice of mysql.
Jul 15 15:38:01 10-80-88-67 systemd: Started Session 411874 of user mysql.
Jul 15 15:38:01 10-80-88-67 systemd: Removed slice User Slice of mysql.
Jul 15 15:39:01 10-80-88-67 systemd: Created slice User Slice of mysql.
Jul 15 15:39:01 10-80-88-67 systemd: Started Session 411875 of user mysql.
Jul 15 15:39:01 10-80-88-67 systemd: Removed slice User Slice of mysql.
Jul 15 15:40:01 10-80-88-67 systemd: Started Session 411876 of user root.
Jul 15 15:40:01 10-80-88-67 systemd: Created slice User Slice of mysql.
Jul 15 15:40:01 10-80-88-67 systemd: Started Session 411877 of user mysql.
Jul 15 15:40:01 10-80-88-67 systemd: Started Session 411878 of user root.
Jul 15 15:40:01 10-80-88-67 systemd: Removed slice User Slice of mysql.
Jul 15 15:41:01 10-80-88-67 systemd: Created slice User Slice of mysql.
Jul 15 15:41:01 10-80-88-67 systemd: Started Session 411879 of user mysql.
Jul 15 15:41:01 10-80-88-67 systemd: Removed slice User Slice of mysql.
Jul 15 15:42:01 10-80-88-67 systemd: Created slice User Slice of mysql.
Jul 15 15:42:01 10-80-88-67 systemd: Started Session 411880 of user mysql.
Jul 15 15:42:01 10-80-88-67 systemd: Removed slice User Slice of mysql.
Jul 15 15:43:01 10-80-88-67 systemd: Created slice User Slice of mysql.
Jul 15 15:43:01 10-80-88-67 systemd: Started Session 411881 of user mysql.
Jul 15 15:43:01 10-80-88-67 systemd: Removed slice User Slice of mysql.
Jul 15 15:44:01 10-80-88-67 systemd: Created slice User Slice of mysql.
Jul 15 15:44:01 10-80-88-67 systemd: Started Session 411882 of user mysql.
Jul 15 15:44:01 10-80-88-67 systemd: Removed slice User Slice of mysql.
Jul 15 15:45:01 10-80-88-67 systemd: Started Session 411883 of user root.
Jul 15 15:45:01 10-80-88-67 systemd: Started Session 411884 of user root.
Jul 15 15:45:01 10-80-88-67 systemd: Created slice User Slice of mysql.
Jul 15 15:45:01 10-80-88-67 systemd: Started Session 411885 of user mysql.
Jul 15 15:45:01 10-80-88-67 systemd: Removed slice User Slice of mysql.
Jul 15 15:46:01 10-80-88-67 systemd: Created slice User Slice of mysql.
Jul 15 15:46:01 10-80-88-67 systemd: Started Session 411886 of user mysql.
Jul 15 15:46:01 10-80-88-67 systemd: Removed slice User Slice of mysql.
Jul 15 15:47:01 10-80-88-67 systemd: Created slice User Slice of mysql.
Jul 15 15:47:01 10-80-88-67 systemd: Started Session 411887 of user mysql.
Jul 15 15:47:01 10-80-88-67 systemd: Removed slice User Slice of mysql.
Jul 15 15:48:01 10-80-88-67 systemd: Created slice User Slice of mysql.
Jul 15 15:48:01 10-80-88-67 systemd: Started Session 411888 of user mysql.
Jul 15 15:48:02 10-80-88-67 systemd: Removed slice User Slice of mysql.
Jul 15 15:49:01 10-80-88-67 systemd: Created slice User Slice of mysql.
Jul 15 15:49:01 10-80-88-67 systemd: Started Session 411889 of user mysql.
Jul 15 15:49:01 10-80-88-67 systemd: Removed slice User Slice of mysql.
Jul 15 15:50:01 10-80-88-67 systemd: Created slice User Slice of mysql.
Jul 15 15:50:01 10-80-88-67 systemd: Started Session 411891 of user mysql.
Jul 15 15:50:01 10-80-88-67 systemd: Started Session 411890 of user root.
Jul 15 15:50:01 10-80-88-67 systemd: Started Session 411892 of user root.
Jul 15 15:50:01 10-80-88-67 systemd: Removed slice User Slice of mysql.
Jul 15 15:51:01 10-80-88-67 systemd: Created slice User Slice of mysql.
Jul 15 15:51:01 10-80-88-67 systemd: Started Session 411893 of user mysql.
Jul 15 15:51:01 10-80-88-67 systemd: Removed slice User Slice of mysql.
Jul 15 15:52:01 10-80-88-67 systemd: Created slice User Slice of mysql.
Jul 15 15:52:01 10-80-88-67 systemd: Started Session 411894 of user mysql.
Jul 15 15:52:01 10-80-88-67 systemd: Removed slice User Slice of mysql.
Jul 15 15:53:01 10-80-88-67 systemd: Created slice User Slice of mysql.
Jul 15 15:53:01 10-80-88-67 systemd: Started Session 411895 of user mysql.
Jul 15 15:53:01 10-80-88-67 systemd: Removed slice User Slice of mysql.
Jul 15 15:54:01 10-80-88-67 systemd: Created slice User Slice of mysql.
Jul 15 15:54:01 10-80-88-67 systemd: Started Session 411896 of user mysql.
Jul 15 15:54:01 10-80-88-67 systemd: Removed slice User Slice of mysql.
Jul 15 15:55:01 10-80-88-67 systemd: Created slice User Slice of mysql.
Jul 15 15:55:01 10-80-88-67 systemd: Started Session 411898 of user mysql.
Jul 15 15:55:01 10-80-88-67 systemd: Started Session 411897 of user root.
Jul 15 15:55:01 10-80-88-67 systemd: Started Session 411899 of user root.
Jul 15 15:55:01 10-80-88-67 systemd: Removed slice User Slice of mysql.
Jul 15 15:56:01 10-80-88-67 systemd: Created slice User Slice of mysql.
Jul 15 15:56:01 10-80-88-67 systemd: Started Session 411900 of user mysql.
Jul 15 15:56:01 10-80-88-67 systemd: Removed slice User Slice of mysql.
Jul 15 15:57:01 10-80-88-67 systemd: Created slice User Slice of mysql.
Jul 15 15:57:01 10-80-88-67 systemd: Started Session 411901 of user mysql.
Jul 15 15:57:01 10-80-88-67 systemd: Removed slice User Slice of mysql.
Jul 15 15:58:01 10-80-88-67 systemd: Created slice User Slice of mysql.
Jul 15 15:58:01 10-80-88-67 systemd: Started Session 411902 of user mysql.
Jul 15 15:58:01 10-80-88-67 systemd: Removed slice User Slice of mysql.
Jul 15 15:59:01 10-80-88-67 systemd: Created slice User Slice of mysql.
Jul 15 15:59:01 10-80-88-67 systemd: Started Session 411903 of user mysql.
Jul 15 15:59:01 10-80-88-67 systemd: Removed slice User Slice of mysql.
Jul 15 16:00:01 10-80-88-67 systemd: Started Session 411905 of user root.
Jul 15 16:00:01 10-80-88-67 systemd: Started Session 411904 of user root.
Jul 15 16:00:01 10-80-88-67 systemd: Created slice User Slice of mysql.
Jul 15 16:00:01 10-80-88-67 systemd: Started Session 411906 of user mysql.
Jul 15 16:00:01 10-80-88-67 systemd: Removed slice User Slice of mysql.
Jul 15 16:01:01 10-80-88-67 systemd: Started Session 411907 of user root.
Jul 15 16:01:01 10-80-88-67 systemd: Created slice User Slice of mysql.
Jul 15 16:01:01 10-80-88-67 systemd: Started Session 411908 of user mysql.
Jul 15 16:01:01 10-80-88-67 systemd: Removed slice User Slice of mysql.
Jul 15 16:02:01 10-80-88-67 systemd: Created slice User Slice of mysql.
Jul 15 16:02:01 10-80-88-67 systemd: Started Session 411909 of user mysql.
Jul 15 16:02:01 10-80-88-67 systemd: Removed slice User Slice of mysql.
Jul 15 16:03:01 10-80-88-67 systemd: Created slice User Slice of mysql.
Jul 15 16:03:01 10-80-88-67 systemd: Started Session 411910 of user mysql.
Jul 15 16:03:01 10-80-88-67 systemd: Removed slice User Slice of mysql.
Jul 15 16:04:01 10-80-88-67 systemd: Created slice User Slice of mysql.
Jul 15 16:04:01 10-80-88-67 systemd: Started Session 411911 of user mysql.
Jul 15 16:04:01 10-80-88-67 systemd: Removed slice User Slice of mysql.
Jul 15 16:05:01 10-80-88-67 systemd: Created slice User Slice of mysql.
Jul 15 16:05:01 10-80-88-67 systemd: Started Session 411913 of user mysql.
Jul 15 16:05:01 10-80-88-67 systemd: Started Session 411914 of user root.
Jul 15 16:05:01 10-80-88-67 systemd: Started Session 411912 of user root.
Jul 15 16:05:01 10-80-88-67 systemd: Removed slice User Slice of mysql.
Jul 15 16:06:01 10-80-88-67 systemd: Created slice User Slice of mysql.
Jul 15 16:06:02 10-80-88-67 systemd: Started Session 411915 of user mysql.
Jul 15 16:06:02 10-80-88-67 systemd: Removed slice User Slice of mysql.
Jul 15 16:07:01 10-80-88-67 systemd: Created slice User Slice of mysql.
Jul 15 16:07:01 10-80-88-67 systemd: Started Session 411916 of user mysql.
Jul 15 16:07:01 10-80-88-67 systemd: Removed slice User Slice of mysql.
Jul 15 16:08:01 10-80-88-67 systemd: Created slice User Slice of mysql.
Jul 15 16:08:01 10-80-88-67 systemd: Started Session 411917 of user mysql.
Jul 15 16:08:01 10-80-88-67 systemd: Removed slice User Slice of mysql.
Jul 15 16:09:01 10-80-88-67 systemd: Created slice User Slice of mysql.
Jul 15 16:09:01 10-80-88-67 systemd: Started Session 411918 of user mysql.
Jul 15 16:09:01 10-80-88-67 systemd: Removed slice User Slice of mysql.
Jul 15 16:10:01 10-80-88-67 systemd: Started Session 411921 of user root.
Jul 15 16:10:01 10-80-88-67 systemd: Started Session 411919 of user root.
Jul 15 16:10:01 10-80-88-67 systemd: Created slice User Slice of mysql.
Jul 15 16:10:01 10-80-88-67 systemd: Started Session 411920 of user mysql.
Jul 15 16:10:01 10-80-88-67 systemd: Removed slice User Slice of mysql.
Jul 15 16:11:01 10-80-88-67 systemd: Created slice User Slice of mysql.
Jul 15 16:11:01 10-80-88-67 systemd: Started Session 411922 of user mysql.
Jul 15 16:11:01 10-80-88-67 systemd: Removed slice User Slice of mysql.
Jul 15 16:12:01 10-80-88-67 systemd: Created slice User Slice of mysql.
Jul 15 16:12:01 10-80-88-67 systemd: Started Session 411923 of user mysql.
Jul 15 16:12:01 10-80-88-67 systemd: Removed slice User Slice of mysql.
Jul 15 16:13:01 10-80-88-67 systemd: Created slice User Slice of mysql.
Jul 15 16:13:01 10-80-88-67 systemd: Started Session 411924 of user mysql.
Jul 15 16:13:01 10-80-88-67 systemd: Removed slice User Slice of mysql.
Jul 15 16:14:01 10-80-88-67 systemd: Created slice User Slice of mysql.
Jul 15 16:14:01 10-80-88-67 systemd: Started Session 411925 of user mysql.
Jul 15 16:14:01 10-80-88-67 systemd: Removed slice User Slice of mysql.
Jul 15 16:15:01 10-80-88-67 systemd: Created slice User Slice of mysql.
Jul 15 16:15:01 10-80-88-67 systemd: Started Session 411927 of user mysql.
Jul 15 16:15:01 10-80-88-67 systemd: Started Session 411928 of user root.
Jul 15 16:15:01 10-80-88-67 systemd: Started Session 411926 of user root.
Jul 15 16:15:01 10-80-88-67 systemd: Removed slice User Slice of mysql.
Jul 15 16:16:01 10-80-88-67 systemd: Created slice User Slice of mysql.
Jul 15 16:16:01 10-80-88-67 systemd: Started Session 411929 of user mysql.
Jul 15 16:16:01 10-80-88-67 systemd: Removed slice User Slice of mysql.
Jul 15 16:17:01 10-80-88-67 systemd: Created slice User Slice of mysql.
Jul 15 16:17:01 10-80-88-67 systemd: Started Session 411930 of user mysql.
Jul 15 16:17:01 10-80-88-67 systemd: Removed slice User Slice of mysql.
Jul 15 16:18:01 10-80-88-67 systemd: Created slice User Slice of mysql.
Jul 15 16:18:01 10-80-88-67 systemd: Started Session 411931 of user mysql.
Jul 15 16:18:01 10-80-88-67 systemd: Removed slice User Slice of mysql.
Jul 15 16:19:01 10-80-88-67 systemd: Created slice User Slice of mysql.
Jul 15 16:19:01 10-80-88-67 systemd: Started Session 411932 of user mysql.
Jul 15 16:19:01 10-80-88-67 systemd: Removed slice User Slice of mysql.
Jul 15 16:20:01 10-80-88-67 systemd: Started Session 411935 of user root.
Jul 15 16:20:01 10-80-88-67 systemd: Started Session 411933 of user root.
Jul 15 16:20:01 10-80-88-67 systemd: Created slice User Slice of mysql.
Jul 15 16:20:01 10-80-88-67 systemd: Started Session 411934 of user mysql.
Jul 15 16:20:01 10-80-88-67 systemd: Removed slice User Slice of mysql.
Jul 15 16:21:01 10-80-88-67 systemd: Created slice User Slice of mysql.
Jul 15 16:21:01 10-80-88-67 systemd: Started Session 411936 of user mysql.
Jul 15 16:21:01 10-80-88-67 systemd: Removed slice User Slice of mysql.
Jul 15 16:22:01 10-80-88-67 systemd: Created slice User Slice of mysql.
Jul 15 16:22:01 10-80-88-67 systemd: Started Session 411937 of user mysql.
Jul 15 16:22:01 10-80-88-67 systemd: Removed slice User Slice of mysql.
Jul 15 16:23:01 10-80-88-67 systemd: Created slice User Slice of mysql.
Jul 15 16:23:01 10-80-88-67 systemd: Started Session 411938 of user mysql.
Jul 15 16:23:02 10-80-88-67 systemd: Removed slice User Slice of mysql.
Jul 15 16:24:01 10-80-88-67 systemd: Created slice User Slice of mysql.
Jul 15 16:24:01 10-80-88-67 systemd: Started Session 411939 of user mysql.
Jul 15 16:24:01 10-80-88-67 systemd: Removed slice User Slice of mysql.
Jul 15 16:25:01 10-80-88-67 systemd: Started Session 411940 of user root.
Jul 15 16:25:01 10-80-88-67 systemd: Created slice User Slice of mysql.
Jul 15 16:25:01 10-80-88-67 systemd: Started Session 411941 of user mysql.
Jul 15 16:25:01 10-80-88-67 systemd: Started Session 411942 of user root.
Jul 15 16:25:01 10-80-88-67 systemd: Removed slice User Slice of mysql.
Jul 15 16:26:01 10-80-88-67 systemd: Created slice User Slice of mysql.
Jul 15 16:26:01 10-80-88-67 systemd: Started Session 411943 of user mysql.
Jul 15 16:26:01 10-80-88-67 systemd: Removed slice User Slice of mysql.
Jul 15 16:27:01 10-80-88-67 systemd: Created slice User Slice of mysql.
Jul 15 16:27:01 10-80-88-67 systemd: Started Session 411944 of user mysql.
Jul 15 16:27:01 10-80-88-67 systemd: Removed slice User Slice of mysql.
Jul 15 16:28:01 10-80-88-67 systemd: Created slice User Slice of mysql.
Jul 15 16:28:01 10-80-88-67 systemd: Started Session 411945 of user mysql.
Jul 15 16:28:01 10-80-88-67 systemd: Removed slice User Slice of mysql.
Jul 15 16:29:01 10-80-88-67 systemd: Created slice User Slice of mysql.
Jul 15 16:29:01 10-80-88-67 systemd: Started Session 411946 of user mysql.
Jul 15 16:29:01 10-80-88-67 systemd: Removed slice User Slice of mysql.
Jul 15 16:30:01 10-80-88-67 systemd: Created slice User Slice of mysql.
Jul 15 16:30:01 10-80-88-67 systemd: Started Session 411948 of user mysql.
Jul 15 16:30:01 10-80-88-67 systemd: Started Session 411947 of user root.
Jul 15 16:30:01 10-80-88-67 systemd: Started Session 411949 of user root.
Jul 15 16:30:01 10-80-88-67 systemd: Removed slice User Slice of mysql.
Jul 15 16:31:01 10-80-88-67 systemd: Created slice User Slice of mysql.
Jul 15 16:31:01 10-80-88-67 systemd: Started Session 411950 of user mysql.
Jul 15 16:31:01 10-80-88-67 systemd: Removed slice User Slice of mysql.
Jul 15 16:32:01 10-80-88-67 systemd: Created slice User Slice of mysql.
Jul 15 16:32:01 10-80-88-67 systemd: Started Session 411951 of user mysql.
Jul 15 16:32:01 10-80-88-67 systemd: Removed slice User Slice of mysql.
Jul 15 16:33:01 10-80-88-67 systemd: Created slice User Slice of mysql.
Jul 15 16:33:01 10-80-88-67 systemd: Started Session 411952 of user mysql.
Jul 15 16:33:01 10-80-88-67 systemd: Removed slice User Slice of mysql.
Jul 15 16:34:01 10-80-88-67 systemd: Created slice User Slice of mysql.
Jul 15 16:34:01 10-80-88-67 systemd: Started Session 411953 of user mysql.
Jul 15 16:34:01 10-80-88-67 systemd: Removed slice User Slice of mysql.
Jul 15 16:35:01 10-80-88-67 systemd: Started Session 411956 of user root.
Jul 15 16:35:01 10-80-88-67 systemd: Started Session 411955 of user root.
Jul 15 16:35:01 10-80-88-67 systemd: Created slice User Slice of mysql.
Jul 15 16:35:01 10-80-88-67 systemd: Started Session 411954 of user mysql.
Jul 15 16:35:01 10-80-88-67 systemd: Removed slice User Slice of mysql.
Jul 15 16:36:01 10-80-88-67 systemd: Created slice User Slice of mysql.
Jul 15 16:36:01 10-80-88-67 systemd: Started Session 411957 of user mysql.
Jul 15 16:36:01 10-80-88-67 systemd: Removed slice User Slice of mysql.
Jul 15 16:37:01 10-80-88-67 systemd: Created slice User Slice of mysql.
Jul 15 16:37:01 10-80-88-67 systemd: Started Session 411958 of user mysql.
Jul 15 16:37:01 10-80-88-67 systemd: Removed slice User Slice of mysql.
Jul 15 16:38:01 10-80-88-67 systemd: Created slice User Slice of mysql.
Jul 15 16:38:01 10-80-88-67 systemd: Started Session 411959 of user mysql.
Jul 15 16:38:01 10-80-88-67 systemd: Removed slice User Slice of mysql.
Jul 15 16:39:01 10-80-88-67 systemd: Created slice User Slice of mysql.
Jul 15 16:39:01 10-80-88-67 systemd: Started Session 411960 of user mysql.
Jul 15 16:39:01 10-80-88-67 systemd: Removed slice User Slice of mysql.
Jul 15 16:40:01 10-80-88-67 systemd: Started Session 411961 of user root.
Jul 15 16:40:01 10-80-88-67 systemd: Created slice User Slice of mysql.
Jul 15 16:40:01 10-80-88-67 systemd: Started Session 411962 of user mysql.
Jul 15 16:40:01 10-80-88-67 systemd: Started Session 411963 of user root.
Jul 15 16:40:01 10-80-88-67 systemd: Removed slice User Slice of mysql.
Jul 15 16:41:01 10-80-88-67 systemd: Created slice User Slice of mysql.
Jul 15 16:41:01 10-80-88-67 systemd: Started Session 411964 of user mysql.
Jul 15 16:41:02 10-80-88-67 systemd: Removed slice User Slice of mysql.
Jul 15 16:42:01 10-80-88-67 systemd: Created slice User Slice of mysql.
Jul 15 16:42:01 10-80-88-67 systemd: Started Session 411965 of user mysql.
Jul 15 16:42:01 10-80-88-67 systemd: Removed slice User Slice of mysql.
Jul 15 16:43:01 10-80-88-67 systemd: Created slice User Slice of mysql.
Jul 15 16:43:01 10-80-88-67 systemd: Started Session 411966 of user mysql.
Jul 15 16:43:01 10-80-88-67 systemd: Removed slice User Slice of mysql.
Jul 15 16:44:01 10-80-88-67 systemd: Created slice User Slice of mysql.
Jul 15 16:44:01 10-80-88-67 systemd: Started Session 411967 of user mysql.
Jul 15 16:44:01 10-80-88-67 systemd: Removed slice User Slice of mysql.
Jul 15 16:45:01 10-80-88-67 systemd: Created slice User Slice of mysql.
Jul 15 16:45:01 10-80-88-67 systemd: Started Session 411969 of user mysql.
Jul 15 16:45:01 10-80-88-67 systemd: Started Session 411968 of user root.
Jul 15 16:45:01 10-80-88-67 systemd: Started Session 411970 of user root.
Jul 15 16:45:01 10-80-88-67 systemd: Removed slice User Slice of mysql.
Jul 15 16:46:01 10-80-88-67 systemd: Created slice User Slice of mysql.
Jul 15 16:46:01 10-80-88-67 systemd: Started Session 411971 of user mysql.
Jul 15 16:46:01 10-80-88-67 systemd: Removed slice User Slice of mysql.
Jul 15 16:47:01 10-80-88-67 systemd: Created slice User Slice of mysql.
Jul 15 16:47:01 10-80-88-67 systemd: Started Session 411972 of user mysql.
Jul 15 16:47:01 10-80-88-67 systemd: Removed slice User Slice of mysql.
Jul 15 16:48:01 10-80-88-67 systemd: Created slice User Slice of mysql.
Jul 15 16:48:01 10-80-88-67 systemd: Started Session 411973 of user mysql.
Jul 15 16:48:01 10-80-88-67 systemd: Removed slice User Slice of mysql.
Jul 15 16:49:01 10-80-88-67 systemd: Created slice User Slice of mysql.
Jul 15 16:49:01 10-80-88-67 systemd: Started Session 411974 of user mysql.
Jul 15 16:49:01 10-80-88-67 systemd: Removed slice User Slice of mysql.
Jul 15 16:50:01 10-80-88-67 systemd: Started Session 411975 of user root.
Jul 15 16:50:01 10-80-88-67 systemd: Created slice User Slice of mysql.
Jul 15 16:50:01 10-80-88-67 systemd: Started Session 411976 of user mysql.
Jul 15 16:50:01 10-80-88-67 systemd: Started Session 411977 of user root.
Jul 15 16:50:01 10-80-88-67 systemd: Removed slice User Slice of mysql.
Jul 15 16:51:01 10-80-88-67 systemd: Created slice User Slice of mysql.
Jul 15 16:51:01 10-80-88-67 systemd: Started Session 411978 of user mysql.
Jul 15 16:51:01 10-80-88-67 systemd: Removed slice User Slice of mysql.
Jul 15 16:52:01 10-80-88-67 systemd: Created slice User Slice of mysql.
Jul 15 16:52:01 10-80-88-67 systemd: Started Session 411979 of user mysql.
Jul 15 16:52:01 10-80-88-67 systemd: Removed slice User Slice of mysql.
Jul 15 16:53:01 10-80-88-67 systemd: Created slice User Slice of mysql.
Jul 15 16:53:01 10-80-88-67 systemd: Started Session 411980 of user mysql.
Jul 15 16:53:01 10-80-88-67 systemd: Removed slice User Slice of mysql.
Jul 15 16:54:01 10-80-88-67 systemd: Created slice User Slice of mysql.
Jul 15 16:54:01 10-80-88-67 systemd: Started Session 411981 of user mysql.
Jul 15 16:54:01 10-80-88-67 systemd: Removed slice User Slice of mysql.
Jul 15 16:55:01 10-80-88-67 systemd: Started Session 411983 of user root.
Jul 15 16:55:01 10-80-88-67 systemd: Started Session 411982 of user root.
Jul 15 16:55:01 10-80-88-67 systemd: Created slice User Slice of mysql.
Jul 15 16:55:01 10-80-88-67 systemd: Started Session 411984 of user mysql.
Jul 15 16:55:01 10-80-88-67 systemd: Removed slice User Slice of mysql.
Jul 15 16:56:01 10-80-88-67 systemd: Created slice User Slice of mysql.
Jul 15 16:56:01 10-80-88-67 systemd: Started Session 411985 of user mysql.
Jul 15 16:56:01 10-80-88-67 systemd: Removed slice User Slice of mysql.
Jul 15 16:57:01 10-80-88-67 systemd: Created slice User Slice of mysql.
Jul 15 16:57:01 10-80-88-67 systemd: Started Session 411986 of user mysql.
Jul 15 16:57:01 10-80-88-67 systemd: Removed slice User Slice of mysql.
Jul 15 16:58:01 10-80-88-67 systemd: Created slice User Slice of mysql.
Jul 15 16:58:01 10-80-88-67 systemd: Started Session 411987 of user mysql.
Jul 15 16:58:01 10-80-88-67 systemd: Removed slice User Slice of mysql.
Jul 15 16:59:01 10-80-88-67 systemd: Created slice User Slice of mysql.
Jul 15 16:59:01 10-80-88-67 systemd: Started Session 411988 of user mysql.
Jul 15 16:59:02 10-80-88-67 systemd: Removed slice User Slice of mysql.
Jul 15 17:00:01 10-80-88-67 systemd: Created slice User Slice of mysql.
Jul 15 17:00:01 10-80-88-67 systemd: Started Session 411990 of user mysql.
Jul 15 17:00:01 10-80-88-67 systemd: Started Session 411989 of user root.
Jul 15 17:00:01 10-80-88-67 systemd: Started Session 411991 of user root.
Jul 15 17:00:01 10-80-88-67 systemd: Removed slice User Slice of mysql.
Jul 15 17:01:01 10-80-88-67 systemd: Started Session 411992 of user root.
Jul 15 17:01:01 10-80-88-67 systemd: Created slice User Slice of mysql.
Jul 15 17:01:01 10-80-88-67 systemd: Started Session 411993 of user mysql.
Jul 15 17:01:01 10-80-88-67 systemd: Removed slice User Slice of mysql.
Jul 15 17:02:01 10-80-88-67 systemd: Created slice User Slice of mysql.
Jul 15 17:02:01 10-80-88-67 systemd: Started Session 411994 of user mysql.
Jul 15 17:02:01 10-80-88-67 systemd: Removed slice User Slice of mysql.
Jul 15 17:03:01 10-80-88-67 systemd: Created slice User Slice of mysql.
Jul 15 17:03:01 10-80-88-67 systemd: Started Session 411995 of user mysql.
Jul 15 17:03:01 10-80-88-67 systemd: Removed slice User Slice of mysql.
Jul 15 17:04:01 10-80-88-67 systemd: Created slice User Slice of mysql.
Jul 15 17:04:01 10-80-88-67 systemd: Started Session 411996 of user mysql.
Jul 15 17:04:01 10-80-88-67 systemd: Removed slice User Slice of mysql.
Jul 15 17:05:01 10-80-88-67 systemd: Started Session 411998 of user root.
Jul 15 17:05:01 10-80-88-67 systemd: Started Session 411997 of user root.
Jul 15 17:05:01 10-80-88-67 systemd: Created slice User Slice of mysql.
Jul 15 17:05:01 10-80-88-67 systemd: Started Session 411999 of user mysql.
Jul 15 17:05:01 10-80-88-67 systemd: Removed slice User Slice of mysql.
Jul 15 17:06:01 10-80-88-67 systemd: Created slice User Slice of mysql.
Jul 15 17:06:01 10-80-88-67 systemd: Started Session 412000 of user mysql.
Jul 15 17:06:01 10-80-88-67 systemd: Removed slice User Slice of mysql.
Jul 15 17:07:01 10-80-88-67 systemd: Created slice User Slice of mysql.
Jul 15 17:07:01 10-80-88-67 systemd: Started Session 412001 of user mysql.
Jul 15 17:07:01 10-80-88-67 systemd: Removed slice User Slice of mysql.
Jul 15 17:08:01 10-80-88-67 systemd: Created slice User Slice of mysql.
Jul 15 17:08:01 10-80-88-67 systemd: Started Session 412002 of user mysql.
Jul 15 17:08:01 10-80-88-67 systemd: Removed slice User Slice of mysql.
Jul 15 17:09:01 10-80-88-67 systemd: Created slice User Slice of mysql.
Jul 15 17:09:01 10-80-88-67 systemd: Started Session 412003 of user mysql.
Jul 15 17:09:01 10-80-88-67 systemd: Removed slice User Slice of mysql.
Jul 15 17:10:01 10-80-88-67 systemd: Started Session 412005 of user root.
Jul 15 17:10:01 10-80-88-67 systemd: Created slice User Slice of mysql.
Jul 15 17:10:01 10-80-88-67 systemd: Started Session 412004 of user mysql.
Jul 15 17:10:01 10-80-88-67 systemd: Started Session 412006 of user root.
Jul 15 17:10:01 10-80-88-67 systemd: Removed slice User Slice of mysql.
Jul 15 17:11:01 10-80-88-67 systemd: Created slice User Slice of mysql.
Jul 15 17:11:01 10-80-88-67 systemd: Started Session 412007 of user mysql.
Jul 15 17:11:01 10-80-88-67 systemd: Removed slice User Slice of mysql.
Jul 15 17:12:01 10-80-88-67 systemd: Created slice User Slice of mysql.
Jul 15 17:12:01 10-80-88-67 systemd: Started Session 412008 of user mysql.
Jul 15 17:12:01 10-80-88-67 systemd: Removed slice User Slice of mysql.
Jul 15 17:13:01 10-80-88-67 systemd: Created slice User Slice of mysql.
Jul 15 17:13:01 10-80-88-67 systemd: Started Session 412009 of user mysql.
Jul 15 17:13:01 10-80-88-67 systemd: Removed slice User Slice of mysql.
Jul 15 17:14:01 10-80-88-67 systemd: Created slice User Slice of mysql.
Jul 15 17:14:01 10-80-88-67 systemd: Started Session 412010 of user mysql.
Jul 15 17:14:01 10-80-88-67 systemd: Removed slice User Slice of mysql.
Jul 15 17:15:01 10-80-88-67 systemd: Started Session 412012 of user root.
Jul 15 17:15:01 10-80-88-67 systemd: Started Session 412011 of user root.
Jul 15 17:15:01 10-80-88-67 systemd: Created slice User Slice of mysql.
Jul 15 17:15:01 10-80-88-67 systemd: Started Session 412013 of user mysql.
Jul 15 17:15:01 10-80-88-67 systemd: Removed slice User Slice of mysql.
Jul 15 17:16:01 10-80-88-67 systemd: Created slice User Slice of mysql.
Jul 15 17:16:01 10-80-88-67 systemd: Started Session 412014 of user mysql.
Jul 15 17:16:02 10-80-88-67 systemd: Removed slice User Slice of mysql.
Jul 15 17:16:25 10-80-88-67 systemd-logind: New session 412015 of user root.
Jul 15 17:16:25 10-80-88-67 systemd: Started Session 412015 of user root.
Jul 15 17:16:59 10-80-88-67 yum[42918]: Installed: lm_sensors-libs-3.4.0-8.20160601gitf9185e5.el7.x86_64
Jul 15 17:17:00 10-80-88-67 systemd: Reloading.
Jul 15 17:17:01 10-80-88-67 yum[42918]: Installed: sysstat-10.1.5-19.el7.x86_64
Jul 15 17:17:01 10-80-88-67 systemd: Created slice User Slice of mysql.
Jul 15 17:17:01 10-80-88-67 systemd: Started Session 412016 of user mysql.
Jul 15 17:17:01 10-80-88-67 systemd: Removed slice User Slice of mysql.
Jul 15 17:17:01 10-80-88-67 yum[42918]: Installed: dstat-0.7.2-12.el7.noarch
Jul 15 17:17:38 10-80-88-67 systemd-logind: New session 412017 of user root.
Jul 15 17:17:38 10-80-88-67 systemd: Started Session 412017 of user root.
Jul 15 17:18:01 10-80-88-67 systemd: Created slice User Slice of mysql.
Jul 15 17:18:01 10-80-88-67 systemd: Started Session 412018 of user mysql.
Jul 15 17:18:01 10-80-88-67 systemd: Removed slice User Slice of mysql.
Jul 15 17:19:01 10-80-88-67 systemd: Created slice User Slice of mysql.
Jul 15 17:19:01 10-80-88-67 systemd: Started Session 412019 of user mysql.
Jul 15 17:19:01 10-80-88-67 systemd: Removed slice User Slice of mysql.
