======host meta information
=====uptime===============================
 16:30:40 up 190 days, 8 min,  1 user,  load average: 0.23, 0.69, 0.47
======ip=================================
======hostname============================
10-80-88-111
======os version============================
\S
Kernel \r on an \m

======kernel version=========================
Linux 10-80-88-111 3.10.0-957.el7.x86_64 #1 SMP Thu Nov 8 23:39:32 UTC 2018 x86_64 x86_64 x86_64 GNU/Linux
======mysql version=========================
======mysql client==========================
mysql  Ver 14.14 Distrib 5.7.24, for linux-glibc2.12 (x86_64) using  EditLine wrapper
======mysql instance========================
tcp        0      0 10.80.88.111:42002      0.0.0.0:*               LISTEN      17539/mysqld_export 
tcp6       0      0 :::3306                 :::*                    LISTEN      5736/mysqld         
unix  2      [ ACC ]     STREAM     LISTENING     436615   5736/mysqld          /data/mysql/data/mysql.sock
======memory&swap========================
              total        used        free      shared  buff/cache   available
Mem:           7964        5649         236         396        2077        1640
Swap:          8191           0        8191
======physical cpu==========================
1
======cores per physical cpu====================
cpu cores	: 4
======processor============================
4
======cpu version===========================
 Intel(R) Xeon(R) CPU E5-2630 v3 @ 2.40GHz
======disk info=============================
Filesystem              Type      Size  Used Avail Use% Mounted on
/dev/mapper/centos-root xfs        50G  7.3G   43G  15% /
devtmpfs                devtmpfs  3.9G     0  3.9G   0% /dev
tmpfs                   tmpfs     3.9G     0  3.9G   0% /dev/shm
tmpfs                   tmpfs     3.9G  396M  3.6G  10% /run
tmpfs                   tmpfs     3.9G     0  3.9G   0% /sys/fs/cgroup
/dev/sdb                xfs       500G   16G  485G   4% /data
/dev/sda1               xfs      1014M  132M  883M  13% /boot
/dev/mapper/centos-tmp  xfs       5.0G   33M  5.0G   1% /tmp
/dev/mapper/centos-home xfs        20G   33M   20G   1% /home
tmpfs                   tmpfs     797M     0  797M   0% /run/user/0
======numa mount========================
0
======io stat===============================
Linux 3.10.0-957.el7.x86_64 (10-80-88-111) 	07/15/2021 	_x86_64_	(4 CPU)

avg-cpu:  %user   %nice %system %iowait  %steal   %idle
           1.20    0.00    0.23    0.03    0.00   98.54

Device:         rrqm/s   wrqm/s     r/s     w/s    rMB/s    wMB/s avgrq-sz avgqu-sz   await r_await w_await  svctm  %util
sdb               0.00     0.03    0.00    6.53     0.00     0.03     7.89     0.00    0.74   20.43    0.73   0.63   0.41
sda               0.00     0.02    0.00    0.20     0.00     0.00    19.12     0.00    1.94   22.12    1.68   0.35   0.01
dm-0              0.00     0.00    0.00    0.22     0.00     0.00    16.65     0.00    1.98   23.94    1.74   0.32   0.01
dm-1              0.00     0.00    0.00    0.00     0.00     0.00    54.67     0.00    0.47    0.47    0.00   0.30   0.00
dm-2              0.00     0.00    0.00    0.00     0.00     0.00    11.81     0.00    3.88   11.50    3.16   3.19   0.00
dm-3              0.00     0.00    0.00    0.00     0.00     0.00   329.00     0.00   38.23   19.05   46.44   1.99   0.00

avg-cpu:  %user   %nice %system %iowait  %steal   %idle
           1.30    0.00    0.38    0.43    0.00   97.90

Device:         rrqm/s   wrqm/s     r/s     w/s    rMB/s    wMB/s avgrq-sz avgqu-sz   await r_await w_await  svctm  %util
sdb               0.00     0.00    0.00    6.10     0.00     0.02     5.87     0.00    0.51    0.00    0.51   0.51   0.31
sda               0.00     0.00    7.00    0.10     0.48     0.00   137.35     0.21   29.15   29.57    0.00   2.99   2.12
dm-0              0.00     0.00    7.00    0.00     0.48     0.00   139.20     0.21   29.57   29.57    0.00   3.03   2.12
dm-1              0.00     0.00    0.00    0.00     0.00     0.00     0.00     0.00    0.00    0.00    0.00   0.00   0.00
dm-2              0.00     0.00    0.00    0.00     0.00     0.00     0.00     0.00    0.00    0.00    0.00   0.00   0.00
dm-3              0.00     0.00    0.00    0.10     0.00     0.00     8.00     0.00    0.00    0.00    0.00   0.00   0.00

avg-cpu:  %user   %nice %system %iowait  %steal   %idle
           1.23    0.00    0.30    0.03    0.00   98.45

Device:         rrqm/s   wrqm/s     r/s     w/s    rMB/s    wMB/s avgrq-sz avgqu-sz   await r_await w_await  svctm  %util
sdb               0.00     0.00    0.00    6.00     0.00     0.02     5.70     0.00    0.53    0.00    0.53   0.53   0.32
sda               0.00     0.00    0.00    0.20     0.00     0.00     8.00     0.00    0.00    0.00    0.00   0.00   0.00
dm-0              0.00     0.00    0.00    0.00     0.00     0.00     0.00     0.00    0.00    0.00    0.00   0.00   0.00
dm-1              0.00     0.00    0.00    0.00     0.00     0.00     0.00     0.00    0.00    0.00    0.00   0.00   0.00
dm-2              0.00     0.00    0.00    0.00     0.00     0.00     0.00     0.00    0.00    0.00    0.00   0.00   0.00
dm-3              0.00     0.00    0.00    0.20     0.00     0.00     8.00     0.00    0.00    0.00    0.00   0.00   0.00

avg-cpu:  %user   %nice %system %iowait  %steal   %idle
           1.25    0.00    0.28    0.03    0.00   98.45

Device:         rrqm/s   wrqm/s     r/s     w/s    rMB/s    wMB/s avgrq-sz avgqu-sz   await r_await w_await  svctm  %util
sdb               0.00     0.00    0.00    6.40     0.00     0.02     7.59     0.00    0.72    0.00    0.72   0.69   0.44
sda               0.00     0.90    0.00    4.90     0.00     0.19    79.35     0.02    3.84    0.00    3.84   0.51   0.25
dm-0              0.00     0.00    0.00    5.40     0.00     0.19    71.70     0.02    4.20    0.00    4.20   0.43   0.23
dm-1              0.00     0.00    0.00    0.00     0.00     0.00     0.00     0.00    0.00    0.00    0.00   0.00   0.00
dm-2              0.00     0.00    0.00    0.00     0.00     0.00     0.00     0.00    0.00    0.00    0.00   0.00   0.00
dm-3              0.00     0.00    0.00    0.20     0.00     0.00     6.50     0.00    0.50    0.00    0.50   0.50   0.01

avg-cpu:  %user   %nice %system %iowait  %steal   %idle
           1.18    0.00    0.23    0.03    0.00   98.57

Device:         rrqm/s   wrqm/s     r/s     w/s    rMB/s    wMB/s avgrq-sz avgqu-sz   await r_await w_await  svctm  %util
sdb               0.00     0.00    0.00    6.40     0.00     0.02     5.55     0.00    0.52    0.00    0.52   0.52   0.33
sda               0.00     0.00    0.00    0.50     0.00     0.00     9.60     0.00    0.00    0.00    0.00   0.00   0.00
dm-0              0.00     0.00    0.00    0.40     0.00     0.00    10.00     0.00    0.00    0.00    0.00   0.00   0.00
dm-1              0.00     0.00    0.00    0.00     0.00     0.00     0.00     0.00    0.00    0.00    0.00   0.00   0.00
dm-2              0.00     0.00    0.00    0.00     0.00     0.00     0.00     0.00    0.00    0.00    0.00   0.00   0.00
dm-3              0.00     0.00    0.00    0.10     0.00     0.00     8.00     0.00    0.00    0.00    0.00   0.00   0.00

avg-cpu:  %user   %nice %system %iowait  %steal   %idle
           1.20    0.00    0.20    0.00    0.00   98.60

Device:         rrqm/s   wrqm/s     r/s     w/s    rMB/s    wMB/s avgrq-sz avgqu-sz   await r_await w_await  svctm  %util
sdb               0.00     0.00    0.00    6.00     0.00     0.02     5.70     0.00    0.47    0.00    0.47   0.47   0.28
sda               0.00     0.00    0.00    0.10     0.00     0.00     8.00     0.00    0.00    0.00    0.00   0.00   0.00
dm-0              0.00     0.00    0.00    0.00     0.00     0.00     0.00     0.00    0.00    0.00    0.00   0.00   0.00
dm-1              0.00     0.00    0.00    0.00     0.00     0.00     0.00     0.00    0.00    0.00    0.00   0.00   0.00
dm-2              0.00     0.00    0.00    0.00     0.00     0.00     0.00     0.00    0.00    0.00    0.00   0.00   0.00
dm-3              0.00     0.00    0.00    0.10     0.00     0.00     8.00     0.00    0.00    0.00    0.00   0.00   0.00

avg-cpu:  %user   %nice %system %iowait  %steal   %idle
           1.70    0.00    0.28    0.05    0.00   97.97

Device:         rrqm/s   wrqm/s     r/s     w/s    rMB/s    wMB/s avgrq-sz avgqu-sz   await r_await w_await  svctm  %util
sdb               0.00     0.00    0.00    6.40     0.00     0.02     7.22     0.01    0.80    0.00    0.80   0.78   0.50
sda               0.00     0.50    0.00    3.10     0.00     0.04    26.19     0.01    3.48    0.00    3.48   0.81   0.25
dm-0              0.00     0.00    0.00    2.70     0.00     0.04    27.26     0.01    2.96    0.00    2.96   0.37   0.10
dm-1              0.00     0.00    0.00    0.00     0.00     0.00     0.00     0.00    0.00    0.00    0.00   0.00   0.00
dm-2              0.00     0.00    0.00    0.00     0.00     0.00     0.00     0.00    0.00    0.00    0.00   0.00   0.00
dm-3              0.00     0.00    0.00    0.90     0.00     0.00     8.44     0.00    5.33    0.00    5.33   1.67   0.15

avg-cpu:  %user   %nice %system %iowait  %steal   %idle
           1.18    0.00    0.25    0.03    0.00   98.55

Device:         rrqm/s   wrqm/s     r/s     w/s    rMB/s    wMB/s avgrq-sz avgqu-sz   await r_await w_await  svctm  %util
sdb               0.00     0.00    0.00    6.10     0.00     0.02     5.87     0.00    0.79    0.00    0.79   0.79   0.48
sda               0.00     0.00    0.00    0.10     0.00     0.00     8.00     0.00    0.00    0.00    0.00   0.00   0.00
dm-0              0.00     0.00    0.00    0.00     0.00     0.00     0.00     0.00    0.00    0.00    0.00   0.00   0.00
dm-1              0.00     0.00    0.00    0.00     0.00     0.00     0.00     0.00    0.00    0.00    0.00   0.00   0.00
dm-2              0.00     0.00    0.00    0.00     0.00     0.00     0.00     0.00    0.00    0.00    0.00   0.00   0.00
dm-3              0.00     0.00    0.00    0.10     0.00     0.00     8.00     0.00    0.00    0.00    0.00   0.00   0.00

avg-cpu:  %user   %nice %system %iowait  %steal   %idle
           1.10    0.00    0.23    0.03    0.00   98.65

Device:         rrqm/s   wrqm/s     r/s     w/s    rMB/s    wMB/s avgrq-sz avgqu-sz   await r_await w_await  svctm  %util
sdb               0.00     0.00    0.00    6.10     0.00     0.02     5.51     0.00    0.72    0.00    0.72   0.70   0.43
sda               0.00     0.00    0.00    0.10     0.00     0.00     8.00     0.00    1.00    0.00    1.00   1.00   0.01
dm-0              0.00     0.00    0.00    0.00     0.00     0.00     0.00     0.00    0.00    0.00    0.00   0.00   0.00
dm-1              0.00     0.00    0.00    0.00     0.00     0.00     0.00     0.00    0.00    0.00    0.00   0.00   0.00
dm-2              0.00     0.00    0.00    0.00     0.00     0.00     0.00     0.00    0.00    0.00    0.00   0.00   0.00
dm-3              0.00     0.00    0.00    0.10     0.00     0.00     8.00     0.00    1.00    0.00    1.00   1.00   0.01

avg-cpu:  %user   %nice %system %iowait  %steal   %idle
           1.15    0.00    0.23    0.03    0.00   98.60

Device:         rrqm/s   wrqm/s     r/s     w/s    rMB/s    wMB/s avgrq-sz avgqu-sz   await r_await w_await  svctm  %util
sdb               0.00     0.10    0.00    6.70     0.00     0.03     7.88     0.00    0.54    0.00    0.54   0.46   0.31
sda               0.00     0.00    0.10    0.60     0.00     0.01    18.57     0.00    1.43    7.00    0.50   1.14   0.08
dm-0              0.00     0.00    0.10    0.40     0.00     0.01    23.80     0.00    2.00    7.00    0.75   1.60   0.08
dm-1              0.00     0.00    0.00    0.00     0.00     0.00     0.00     0.00    0.00    0.00    0.00   0.00   0.00
dm-2              0.00     0.00    0.00    0.00     0.00     0.00     0.00     0.00    0.00    0.00    0.00   0.00   0.00
dm-3              0.00     0.00    0.00    0.20     0.00     0.00     5.50     0.00    0.00    0.00    0.00   0.00   0.00

======vmstat======
procs -----------memory---------- ---swap-- -----io---- -system-- ------cpu-----
 r  b   swpd   free   buff  cache   si   so    bi    bo   in   cs us sy id wa st
 0  0      0 236352      0 2133060    0    0     0     7    0    0  1  0 99  0  0
 0  0      0 236196      0 2133096    0    0     0    16  569  890  1  0 99  0  0
 0  0      0 236196      0 2133096    0    0     0    15  481  800  1  0 99  0  0
 0  0      0 236260      0 2133096    0    0     0    20  557  824  1  0 99  0  0
 0  0      0 236292      0 2133096    0    0     0    16  500  799  1  0 99  0  0
 0  0      0 236260      0 2133096    0    0     0    27  852 1298  3  0 97  0  0
 0  0      0 236260      0 2133104    0    0     0    16  511  859  1  0 99  0  0
 0  0      0 236228      0 2133112    0    0     0    23  528  857  1  0 99  0  0
 0  0      0 236228      0 2133112    0    0     0    28  550  892  1  0 99  0  0
 0  0      0 236260      0 2133112    0    0     0    15  481  726  1  0 99  0  0
====dstat===
You did not select any stats, using -cdngy by default.
[7l----total-cpu-usage---- -dsk/total- -net/total- ---paging-- ---system--
usr sys idl wai hiq siq| read  writ| recv  send|  in   out | int   csw 
  1   0  99   0   0   0| 342B   27k|   0     0 |   0     0 | 576   902 
  3   0  97   0   0   0|   0    20k|2887B   44k|   0     0 | 865  1344 
  1   0  99   0   0   0|   0    16k|2301B   21k|   0     0 | 547   872 
  1   0  99   0   0   0|   0    24k|1959B   21k|   0     0 | 524   882 
  1   0  99   0   0   0|   0    16k|2031B   21k|   0     0 | 560   900 
  1   0  99   0   0   0|   0    24k|2091B   21k|   0     0 | 478   767 
  3   0  97   0   0   0|   0    16k|3545B   44k|   0     0 | 820  1222 
  1   0  99   0   0   0|   0    20k|2157B   21k|   0     0 | 533   865 
  1   0  99   0   0   0|   0    16k|2644B   22k|   0     0 | 582   947 
  1   0  99   0   0   0|   0    24k|2157B   21k|   0     0 | 552   893 
  1   0  99   0   0   0|   0    28k|2163B   21k|   0     0 | 528   858 
======system log============================
Jul 12 13:35:01 10-80-88-111 systemd: Started Session 185484 of user root.
Jul 12 13:40:01 10-80-88-111 systemd: Started Session 185485 of user root.
Jul 12 13:45:01 10-80-88-111 systemd: Started Session 185486 of user root.
Jul 12 13:50:01 10-80-88-111 systemd: Started Session 185487 of user root.
Jul 12 13:55:01 10-80-88-111 systemd: Started Session 185488 of user root.
Jul 12 14:00:01 10-80-88-111 systemd: Started Session 185489 of user root.
Jul 12 14:01:01 10-80-88-111 systemd: Started Session 185490 of user root.
Jul 12 14:05:01 10-80-88-111 systemd: Started Session 185491 of user root.
Jul 12 14:10:01 10-80-88-111 systemd: Started Session 185492 of user root.
Jul 12 14:15:01 10-80-88-111 systemd: Started Session 185493 of user root.
Jul 12 14:20:01 10-80-88-111 systemd: Started Session 185494 of user root.
Jul 12 14:25:01 10-80-88-111 systemd: Started Session 185495 of user root.
Jul 12 14:30:01 10-80-88-111 systemd: Started Session 185496 of user root.
Jul 12 14:35:01 10-80-88-111 systemd: Started Session 185497 of user root.
Jul 12 14:40:01 10-80-88-111 systemd: Started Session 185498 of user root.
Jul 12 14:45:01 10-80-88-111 systemd: Started Session 185499 of user root.
Jul 12 14:50:01 10-80-88-111 systemd: Started Session 185500 of user root.
Jul 12 14:55:01 10-80-88-111 systemd: Started Session 185501 of user root.
Jul 12 15:00:01 10-80-88-111 systemd: Started Session 185502 of user root.
Jul 12 15:01:01 10-80-88-111 systemd: Started Session 185503 of user root.
Jul 12 15:05:01 10-80-88-111 systemd: Started Session 185504 of user root.
Jul 12 15:10:01 10-80-88-111 systemd: Started Session 185505 of user root.
Jul 12 15:15:01 10-80-88-111 systemd: Started Session 185506 of user root.
Jul 12 15:20:01 10-80-88-111 systemd: Started Session 185507 of user root.
Jul 12 15:25:01 10-80-88-111 systemd: Started Session 185508 of user root.
Jul 12 15:30:01 10-80-88-111 systemd: Started Session 185509 of user root.
Jul 12 15:35:01 10-80-88-111 systemd: Started Session 185510 of user root.
Jul 12 15:40:01 10-80-88-111 systemd: Started Session 185511 of user root.
Jul 12 15:45:01 10-80-88-111 systemd: Started Session 185512 of user root.
Jul 12 15:50:01 10-80-88-111 systemd: Started Session 185513 of user root.
Jul 12 15:55:01 10-80-88-111 systemd: Started Session 185514 of user root.
Jul 12 16:00:01 10-80-88-111 systemd: Started Session 185515 of user root.
Jul 12 16:01:01 10-80-88-111 systemd: Started Session 185516 of user root.
Jul 12 16:05:01 10-80-88-111 systemd: Started Session 185517 of user root.
Jul 12 16:10:01 10-80-88-111 systemd: Started Session 185518 of user root.
Jul 12 16:15:01 10-80-88-111 systemd: Started Session 185519 of user root.
Jul 12 16:20:01 10-80-88-111 systemd: Started Session 185520 of user root.
Jul 12 16:25:01 10-80-88-111 systemd: Started Session 185521 of user root.
Jul 12 16:30:01 10-80-88-111 systemd: Started Session 185522 of user root.
Jul 12 16:35:01 10-80-88-111 systemd: Started Session 185523 of user root.
Jul 12 16:40:01 10-80-88-111 systemd: Started Session 185524 of user root.
Jul 12 16:45:01 10-80-88-111 systemd: Started Session 185525 of user root.
Jul 12 16:50:01 10-80-88-111 systemd: Started Session 185526 of user root.
Jul 12 16:55:01 10-80-88-111 systemd: Started Session 185527 of user root.
Jul 12 17:00:01 10-80-88-111 systemd: Started Session 185528 of user root.
Jul 12 17:01:01 10-80-88-111 systemd: Started Session 185529 of user root.
Jul 12 17:05:01 10-80-88-111 systemd: Started Session 185530 of user root.
Jul 12 17:05:20 10-80-88-111 systemd: Starting Cleanup of Temporary Directories...
Jul 12 17:05:20 10-80-88-111 systemd: Started Cleanup of Temporary Directories.
Jul 12 17:10:01 10-80-88-111 systemd: Started Session 185531 of user root.
Jul 12 17:15:01 10-80-88-111 systemd: Started Session 185532 of user root.
Jul 12 17:20:02 10-80-88-111 systemd: Started Session 185533 of user root.
Jul 12 17:25:01 10-80-88-111 systemd: Started Session 185534 of user root.
Jul 12 17:30:01 10-80-88-111 systemd: Started Session 185535 of user root.
Jul 12 17:35:01 10-80-88-111 systemd: Started Session 185536 of user root.
Jul 12 17:40:01 10-80-88-111 systemd: Started Session 185537 of user root.
Jul 12 17:45:01 10-80-88-111 systemd: Started Session 185538 of user root.
Jul 12 17:50:01 10-80-88-111 systemd: Started Session 185539 of user root.
Jul 12 17:55:01 10-80-88-111 systemd: Started Session 185540 of user root.
Jul 12 18:00:01 10-80-88-111 systemd: Started Session 185541 of user root.
Jul 12 18:01:01 10-80-88-111 systemd: Started Session 185542 of user root.
Jul 12 18:05:01 10-80-88-111 systemd: Started Session 185543 of user root.
Jul 12 18:10:01 10-80-88-111 systemd: Started Session 185544 of user root.
Jul 12 18:15:01 10-80-88-111 systemd: Started Session 185545 of user root.
Jul 12 18:20:01 10-80-88-111 systemd: Started Session 185546 of user root.
Jul 12 18:25:01 10-80-88-111 systemd: Started Session 185547 of user root.
Jul 12 18:30:01 10-80-88-111 systemd: Started Session 185548 of user root.
Jul 12 18:35:01 10-80-88-111 systemd: Started Session 185549 of user root.
Jul 12 18:40:01 10-80-88-111 systemd: Started Session 185550 of user root.
Jul 12 18:45:01 10-80-88-111 systemd: Started Session 185551 of user root.
Jul 12 18:50:01 10-80-88-111 systemd: Started Session 185552 of user root.
Jul 12 18:55:01 10-80-88-111 systemd: Started Session 185553 of user root.
Jul 12 19:00:01 10-80-88-111 systemd: Started Session 185554 of user root.
Jul 12 19:01:01 10-80-88-111 systemd: Started Session 185555 of user root.
Jul 12 19:05:01 10-80-88-111 systemd: Started Session 185556 of user root.
Jul 12 19:10:01 10-80-88-111 systemd: Started Session 185557 of user root.
Jul 12 19:15:01 10-80-88-111 systemd: Started Session 185558 of user root.
Jul 12 19:20:01 10-80-88-111 systemd: Started Session 185559 of user root.
Jul 12 19:25:01 10-80-88-111 systemd: Started Session 185560 of user root.
Jul 12 19:30:01 10-80-88-111 systemd: Started Session 185561 of user root.
Jul 12 19:35:01 10-80-88-111 systemd: Started Session 185562 of user root.
Jul 12 19:40:01 10-80-88-111 systemd: Started Session 185563 of user root.
Jul 12 19:45:01 10-80-88-111 systemd: Started Session 185564 of user root.
Jul 12 19:50:01 10-80-88-111 systemd: Started Session 185565 of user root.
Jul 12 19:55:01 10-80-88-111 systemd: Started Session 185566 of user root.
Jul 12 20:00:01 10-80-88-111 systemd: Started Session 185567 of user root.
Jul 12 20:01:01 10-80-88-111 systemd: Started Session 185568 of user root.
Jul 12 20:05:01 10-80-88-111 systemd: Started Session 185569 of user root.
Jul 12 20:10:01 10-80-88-111 systemd: Started Session 185570 of user root.
Jul 12 20:15:01 10-80-88-111 systemd: Started Session 185571 of user root.
Jul 12 20:20:01 10-80-88-111 systemd: Started Session 185572 of user root.
Jul 12 20:25:01 10-80-88-111 systemd: Started Session 185573 of user root.
Jul 12 20:30:01 10-80-88-111 systemd: Started Session 185574 of user root.
Jul 12 20:35:01 10-80-88-111 systemd: Started Session 185575 of user root.
Jul 12 20:40:01 10-80-88-111 systemd: Started Session 185576 of user root.
Jul 12 20:45:01 10-80-88-111 systemd: Started Session 185577 of user root.
Jul 12 20:50:01 10-80-88-111 systemd: Started Session 185578 of user root.
Jul 12 20:55:01 10-80-88-111 systemd: Started Session 185579 of user root.
Jul 12 21:00:01 10-80-88-111 systemd: Started Session 185580 of user root.
Jul 12 21:01:01 10-80-88-111 systemd: Started Session 185581 of user root.
Jul 12 21:05:01 10-80-88-111 systemd: Started Session 185582 of user root.
Jul 12 21:10:01 10-80-88-111 systemd: Started Session 185583 of user root.
Jul 12 21:15:01 10-80-88-111 systemd: Started Session 185584 of user root.
Jul 12 21:20:01 10-80-88-111 systemd: Started Session 185585 of user root.
Jul 12 21:25:01 10-80-88-111 systemd: Started Session 185586 of user root.
Jul 12 21:30:01 10-80-88-111 systemd: Started Session 185587 of user root.
Jul 12 21:35:01 10-80-88-111 systemd: Started Session 185588 of user root.
Jul 12 21:40:01 10-80-88-111 systemd: Started Session 185589 of user root.
Jul 12 21:45:01 10-80-88-111 systemd: Started Session 185590 of user root.
Jul 12 21:50:01 10-80-88-111 systemd: Started Session 185591 of user root.
Jul 12 21:55:01 10-80-88-111 systemd: Started Session 185592 of user root.
Jul 12 22:00:01 10-80-88-111 systemd: Started Session 185593 of user root.
Jul 12 22:01:01 10-80-88-111 systemd: Started Session 185594 of user root.
Jul 12 22:05:01 10-80-88-111 systemd: Started Session 185595 of user root.
Jul 12 22:10:01 10-80-88-111 systemd: Started Session 185596 of user root.
Jul 12 22:15:01 10-80-88-111 systemd: Started Session 185597 of user root.
Jul 12 22:20:01 10-80-88-111 systemd: Started Session 185598 of user root.
Jul 12 22:25:01 10-80-88-111 systemd: Started Session 185599 of user root.
Jul 12 22:30:01 10-80-88-111 systemd: Started Session 185600 of user root.
Jul 12 22:35:01 10-80-88-111 systemd: Started Session 185601 of user root.
Jul 12 22:40:01 10-80-88-111 systemd: Started Session 185602 of user root.
Jul 12 22:45:01 10-80-88-111 systemd: Started Session 185603 of user root.
Jul 12 22:50:01 10-80-88-111 systemd: Started Session 185604 of user root.
Jul 12 22:55:01 10-80-88-111 systemd: Started Session 185605 of user root.
Jul 12 23:00:01 10-80-88-111 systemd: Started Session 185606 of user root.
Jul 12 23:01:01 10-80-88-111 systemd: Started Session 185607 of user root.
Jul 12 23:05:01 10-80-88-111 systemd: Started Session 185608 of user root.
Jul 12 23:10:01 10-80-88-111 systemd: Started Session 185609 of user root.
Jul 12 23:15:01 10-80-88-111 systemd: Started Session 185610 of user root.
Jul 12 23:20:01 10-80-88-111 systemd: Started Session 185611 of user root.
Jul 12 23:25:01 10-80-88-111 systemd: Started Session 185612 of user root.
Jul 12 23:30:01 10-80-88-111 systemd: Started Session 185613 of user root.
Jul 12 23:35:01 10-80-88-111 systemd: Started Session 185614 of user root.
Jul 12 23:40:01 10-80-88-111 systemd: Started Session 185615 of user root.
Jul 12 23:45:01 10-80-88-111 systemd: Started Session 185616 of user root.
Jul 12 23:50:01 10-80-88-111 systemd: Started Session 185617 of user root.
Jul 12 23:55:01 10-80-88-111 systemd: Started Session 185618 of user root.
Jul 12 23:59:01 10-80-88-111 systemd: Started Session 185619 of user root.
Jul 13 00:00:01 10-80-88-111 systemd: Started Session 185620 of user root.
Jul 13 00:01:01 10-80-88-111 systemd: Started Session 185621 of user root.
Jul 13 00:05:01 10-80-88-111 systemd: Started Session 185622 of user root.
Jul 13 00:10:01 10-80-88-111 systemd: Started Session 185623 of user root.
Jul 13 00:15:01 10-80-88-111 systemd: Started Session 185624 of user root.
Jul 13 00:20:01 10-80-88-111 systemd: Started Session 185625 of user root.
Jul 13 00:25:01 10-80-88-111 systemd: Started Session 185626 of user root.
Jul 13 00:30:01 10-80-88-111 systemd: Started Session 185627 of user root.
Jul 13 00:35:01 10-80-88-111 systemd: Started Session 185628 of user root.
Jul 13 00:40:01 10-80-88-111 systemd: Started Session 185629 of user root.
Jul 13 00:45:01 10-80-88-111 systemd: Started Session 185630 of user root.
Jul 13 00:50:01 10-80-88-111 systemd: Started Session 185631 of user root.
Jul 13 00:55:01 10-80-88-111 systemd: Started Session 185632 of user root.
Jul 13 01:00:01 10-80-88-111 systemd: Started Session 185633 of user root.
Jul 13 01:01:01 10-80-88-111 systemd: Started Session 185634 of user root.
Jul 13 01:05:01 10-80-88-111 systemd: Started Session 185635 of user root.
Jul 13 01:10:01 10-80-88-111 systemd: Started Session 185636 of user root.
Jul 13 01:15:01 10-80-88-111 systemd: Started Session 185637 of user root.
Jul 13 01:20:01 10-80-88-111 systemd: Started Session 185638 of user root.
Jul 13 01:25:01 10-80-88-111 systemd: Started Session 185639 of user root.
Jul 13 01:30:01 10-80-88-111 systemd: Started Session 185640 of user root.
Jul 13 01:35:02 10-80-88-111 systemd: Started Session 185641 of user root.
Jul 13 01:40:01 10-80-88-111 systemd: Started Session 185642 of user root.
Jul 13 01:45:01 10-80-88-111 systemd: Started Session 185643 of user root.
Jul 13 01:50:01 10-80-88-111 systemd: Started Session 185644 of user root.
Jul 13 01:55:01 10-80-88-111 systemd: Started Session 185645 of user root.
Jul 13 02:00:01 10-80-88-111 systemd: Started Session 185646 of user root.
Jul 13 02:01:01 10-80-88-111 systemd: Started Session 185647 of user root.
Jul 13 02:05:01 10-80-88-111 systemd: Started Session 185648 of user root.
Jul 13 02:10:01 10-80-88-111 systemd: Started Session 185649 of user root.
Jul 13 02:15:01 10-80-88-111 systemd: Started Session 185650 of user root.
Jul 13 02:20:01 10-80-88-111 systemd: Started Session 185651 of user root.
Jul 13 02:25:01 10-80-88-111 systemd: Started Session 185652 of user root.
Jul 13 02:30:01 10-80-88-111 systemd: Started Session 185653 of user root.
Jul 13 02:35:01 10-80-88-111 systemd: Started Session 185654 of user root.
Jul 13 02:40:01 10-80-88-111 systemd: Started Session 185655 of user root.
Jul 13 02:45:01 10-80-88-111 systemd: Started Session 185656 of user root.
Jul 13 02:50:01 10-80-88-111 systemd: Started Session 185657 of user root.
Jul 13 02:55:01 10-80-88-111 systemd: Started Session 185658 of user root.
Jul 13 03:00:01 10-80-88-111 systemd: Started Session 185659 of user root.
Jul 13 03:01:01 10-80-88-111 systemd: Started Session 185660 of user root.
Jul 13 03:05:01 10-80-88-111 systemd: Started Session 185661 of user root.
Jul 13 03:10:01 10-80-88-111 systemd: Started Session 185662 of user root.
Jul 13 03:15:01 10-80-88-111 systemd: Started Session 185663 of user root.
Jul 13 03:20:01 10-80-88-111 systemd: Started Session 185664 of user root.
Jul 13 03:25:01 10-80-88-111 systemd: Started Session 185665 of user root.
Jul 13 03:30:01 10-80-88-111 systemd: Started Session 185666 of user root.
Jul 13 03:35:01 10-80-88-111 systemd: Started Session 185667 of user root.
Jul 13 03:40:01 10-80-88-111 systemd: Started Session 185668 of user root.
Jul 13 03:45:01 10-80-88-111 systemd: Started Session 185669 of user root.
Jul 13 03:50:01 10-80-88-111 systemd: Started Session 185670 of user root.
Jul 13 03:55:01 10-80-88-111 systemd: Started Session 185671 of user root.
Jul 13 04:00:01 10-80-88-111 systemd: Started Session 185672 of user root.
Jul 13 04:01:01 10-80-88-111 systemd: Started Session 185673 of user root.
Jul 13 04:05:01 10-80-88-111 systemd: Started Session 185674 of user root.
Jul 13 04:10:01 10-80-88-111 systemd: Started Session 185675 of user root.
Jul 13 04:15:01 10-80-88-111 systemd: Started Session 185676 of user root.
Jul 13 04:20:01 10-80-88-111 systemd: Started Session 185677 of user root.
Jul 13 04:25:01 10-80-88-111 systemd: Started Session 185678 of user root.
Jul 13 04:30:01 10-80-88-111 systemd: Started Session 185679 of user root.
Jul 13 04:35:01 10-80-88-111 systemd: Started Session 185680 of user root.
Jul 13 04:40:01 10-80-88-111 systemd: Started Session 185681 of user root.
Jul 13 04:45:01 10-80-88-111 systemd: Started Session 185682 of user root.
Jul 13 04:50:01 10-80-88-111 systemd: Started Session 185683 of user root.
Jul 13 04:55:01 10-80-88-111 systemd: Started Session 185684 of user root.
Jul 13 05:00:01 10-80-88-111 systemd: Started Session 185685 of user root.
Jul 13 05:01:01 10-80-88-111 systemd: Started Session 185686 of user root.
Jul 13 05:05:01 10-80-88-111 systemd: Started Session 185687 of user root.
Jul 13 05:10:01 10-80-88-111 systemd: Started Session 185688 of user root.
Jul 13 05:15:01 10-80-88-111 systemd: Started Session 185689 of user root.
Jul 13 05:20:01 10-80-88-111 systemd: Started Session 185690 of user root.
Jul 13 05:25:01 10-80-88-111 systemd: Started Session 185691 of user root.
Jul 13 05:30:01 10-80-88-111 systemd: Started Session 185692 of user root.
Jul 13 05:35:01 10-80-88-111 systemd: Started Session 185693 of user root.
Jul 13 05:40:01 10-80-88-111 systemd: Started Session 185694 of user root.
Jul 13 05:45:01 10-80-88-111 systemd: Started Session 185695 of user root.
Jul 13 05:50:01 10-80-88-111 systemd: Started Session 185696 of user root.
Jul 13 05:55:01 10-80-88-111 systemd: Started Session 185697 of user root.
Jul 13 06:00:01 10-80-88-111 systemd: Started Session 185698 of user root.
Jul 13 06:01:01 10-80-88-111 systemd: Started Session 185699 of user root.
Jul 13 06:05:01 10-80-88-111 systemd: Started Session 185700 of user root.
Jul 13 06:10:01 10-80-88-111 systemd: Started Session 185701 of user root.
Jul 13 06:15:01 10-80-88-111 systemd: Started Session 185702 of user root.
Jul 13 06:20:01 10-80-88-111 systemd: Started Session 185703 of user root.
Jul 13 06:25:01 10-80-88-111 systemd: Started Session 185704 of user root.
Jul 13 06:30:01 10-80-88-111 systemd: Started Session 185705 of user root.
Jul 13 06:35:01 10-80-88-111 systemd: Started Session 185706 of user root.
Jul 13 06:40:01 10-80-88-111 systemd: Started Session 185707 of user root.
Jul 13 06:45:01 10-80-88-111 systemd: Started Session 185708 of user root.
Jul 13 06:50:01 10-80-88-111 systemd: Started Session 185709 of user root.
Jul 13 06:55:01 10-80-88-111 systemd: Started Session 185710 of user root.
Jul 13 07:00:01 10-80-88-111 systemd: Started Session 185711 of user root.
Jul 13 07:01:01 10-80-88-111 systemd: Started Session 185712 of user root.
Jul 13 07:05:01 10-80-88-111 systemd: Started Session 185713 of user root.
Jul 13 07:10:01 10-80-88-111 systemd: Started Session 185714 of user root.
Jul 13 07:15:01 10-80-88-111 systemd: Started Session 185715 of user root.
Jul 13 07:20:01 10-80-88-111 systemd: Started Session 185716 of user root.
Jul 13 07:25:01 10-80-88-111 systemd: Started Session 185717 of user root.
Jul 13 07:30:01 10-80-88-111 systemd: Started Session 185718 of user root.
Jul 13 07:35:01 10-80-88-111 systemd: Started Session 185719 of user root.
Jul 13 07:40:01 10-80-88-111 systemd: Started Session 185720 of user root.
Jul 13 07:45:01 10-80-88-111 systemd: Started Session 185721 of user root.
Jul 13 07:50:01 10-80-88-111 systemd: Started Session 185722 of user root.
Jul 13 07:55:01 10-80-88-111 systemd: Started Session 185723 of user root.
Jul 13 08:00:01 10-80-88-111 systemd: Started Session 185724 of user root.
Jul 13 08:01:01 10-80-88-111 systemd: Started Session 185725 of user root.
Jul 13 08:05:01 10-80-88-111 systemd: Started Session 185726 of user root.
Jul 13 08:10:01 10-80-88-111 systemd: Started Session 185727 of user root.
Jul 13 08:15:01 10-80-88-111 systemd: Started Session 185728 of user root.
Jul 13 08:20:01 10-80-88-111 systemd: Started Session 185729 of user root.
Jul 13 08:25:01 10-80-88-111 systemd: Started Session 185730 of user root.
Jul 13 08:30:01 10-80-88-111 systemd: Started Session 185731 of user root.
Jul 13 08:35:01 10-80-88-111 systemd: Started Session 185732 of user root.
Jul 13 08:40:01 10-80-88-111 systemd: Started Session 185733 of user root.
Jul 13 08:45:01 10-80-88-111 systemd: Started Session 185734 of user root.
Jul 13 08:50:01 10-80-88-111 systemd: Started Session 185735 of user root.
Jul 13 08:55:01 10-80-88-111 systemd: Started Session 185736 of user root.
Jul 13 09:00:01 10-80-88-111 systemd: Started Session 185737 of user root.
Jul 13 09:01:01 10-80-88-111 systemd: Started Session 185738 of user root.
Jul 13 09:05:01 10-80-88-111 systemd: Started Session 185739 of user root.
Jul 13 09:10:01 10-80-88-111 systemd: Started Session 185740 of user root.
Jul 13 09:15:01 10-80-88-111 systemd: Started Session 185741 of user root.
Jul 13 09:20:01 10-80-88-111 systemd: Started Session 185742 of user root.
Jul 13 09:25:01 10-80-88-111 systemd: Started Session 185743 of user root.
Jul 13 09:30:01 10-80-88-111 systemd: Started Session 185744 of user root.
Jul 13 09:35:01 10-80-88-111 systemd: Started Session 185745 of user root.
Jul 13 09:40:01 10-80-88-111 systemd: Started Session 185746 of user root.
Jul 13 09:45:01 10-80-88-111 systemd: Started Session 185747 of user root.
Jul 13 09:50:01 10-80-88-111 systemd: Started Session 185748 of user root.
Jul 13 09:55:01 10-80-88-111 systemd: Started Session 185749 of user root.
Jul 13 10:00:01 10-80-88-111 systemd: Started Session 185750 of user root.
Jul 13 10:01:01 10-80-88-111 systemd: Started Session 185751 of user root.
Jul 13 10:05:01 10-80-88-111 systemd: Started Session 185752 of user root.
Jul 13 10:10:01 10-80-88-111 systemd: Started Session 185753 of user root.
Jul 13 10:15:01 10-80-88-111 systemd: Started Session 185754 of user root.
Jul 13 10:20:01 10-80-88-111 systemd: Started Session 185755 of user root.
Jul 13 10:25:01 10-80-88-111 systemd: Started Session 185756 of user root.
Jul 13 10:30:01 10-80-88-111 systemd: Started Session 185757 of user root.
Jul 13 10:35:01 10-80-88-111 systemd: Started Session 185758 of user root.
Jul 13 10:40:01 10-80-88-111 systemd: Started Session 185759 of user root.
Jul 13 10:45:01 10-80-88-111 systemd: Started Session 185760 of user root.
Jul 13 10:50:01 10-80-88-111 systemd: Started Session 185761 of user root.
Jul 13 10:55:01 10-80-88-111 systemd: Started Session 185762 of user root.
Jul 13 11:00:01 10-80-88-111 systemd: Started Session 185763 of user root.
Jul 13 11:01:01 10-80-88-111 systemd: Started Session 185764 of user root.
Jul 13 11:05:01 10-80-88-111 systemd: Started Session 185765 of user root.
Jul 13 11:10:01 10-80-88-111 systemd: Started Session 185766 of user root.
Jul 13 11:15:01 10-80-88-111 systemd: Started Session 185767 of user root.
Jul 13 11:20:01 10-80-88-111 systemd: Started Session 185768 of user root.
Jul 13 11:25:01 10-80-88-111 systemd: Started Session 185769 of user root.
Jul 13 11:30:02 10-80-88-111 systemd: Started Session 185770 of user root.
Jul 13 11:35:01 10-80-88-111 systemd: Started Session 185771 of user root.
Jul 13 11:40:01 10-80-88-111 systemd: Started Session 185772 of user root.
Jul 13 11:45:01 10-80-88-111 systemd: Started Session 185773 of user root.
Jul 13 11:50:01 10-80-88-111 systemd: Started Session 185774 of user root.
Jul 13 11:55:01 10-80-88-111 systemd: Started Session 185775 of user root.
Jul 13 12:00:01 10-80-88-111 systemd: Started Session 185776 of user root.
Jul 13 12:01:01 10-80-88-111 systemd: Started Session 185777 of user root.
Jul 13 12:05:01 10-80-88-111 systemd: Started Session 185778 of user root.
Jul 13 12:10:01 10-80-88-111 systemd: Started Session 185779 of user root.
Jul 13 12:15:01 10-80-88-111 systemd: Started Session 185780 of user root.
Jul 13 12:20:01 10-80-88-111 systemd: Started Session 185781 of user root.
Jul 13 12:25:01 10-80-88-111 systemd: Started Session 185782 of user root.
Jul 13 12:30:01 10-80-88-111 systemd: Started Session 185783 of user root.
Jul 13 12:35:01 10-80-88-111 systemd: Started Session 185784 of user root.
Jul 13 12:40:01 10-80-88-111 systemd: Started Session 185785 of user root.
Jul 13 12:45:01 10-80-88-111 systemd: Started Session 185786 of user root.
Jul 13 12:50:01 10-80-88-111 systemd: Started Session 185787 of user root.
Jul 13 12:55:01 10-80-88-111 systemd: Started Session 185788 of user root.
Jul 13 13:00:01 10-80-88-111 systemd: Started Session 185789 of user root.
Jul 13 13:01:01 10-80-88-111 systemd: Started Session 185790 of user root.
Jul 13 13:05:01 10-80-88-111 systemd: Started Session 185791 of user root.
Jul 13 13:10:01 10-80-88-111 systemd: Started Session 185792 of user root.
Jul 13 13:15:01 10-80-88-111 systemd: Started Session 185793 of user root.
Jul 13 13:20:01 10-80-88-111 systemd: Started Session 185794 of user root.
Jul 13 13:25:01 10-80-88-111 systemd: Started Session 185795 of user root.
Jul 13 13:30:01 10-80-88-111 systemd: Started Session 185796 of user root.
Jul 13 13:35:01 10-80-88-111 systemd: Started Session 185797 of user root.
Jul 13 13:40:01 10-80-88-111 systemd: Started Session 185798 of user root.
Jul 13 13:45:01 10-80-88-111 systemd: Started Session 185799 of user root.
Jul 13 13:50:01 10-80-88-111 systemd: Started Session 185800 of user root.
Jul 13 13:55:01 10-80-88-111 systemd: Started Session 185801 of user root.
Jul 13 14:00:01 10-80-88-111 systemd: Started Session 185802 of user root.
Jul 13 14:01:01 10-80-88-111 systemd: Started Session 185803 of user root.
Jul 13 14:05:01 10-80-88-111 systemd: Started Session 185804 of user root.
Jul 13 14:10:01 10-80-88-111 systemd: Started Session 185805 of user root.
Jul 13 14:15:01 10-80-88-111 systemd: Started Session 185806 of user root.
Jul 13 14:20:01 10-80-88-111 systemd: Started Session 185807 of user root.
Jul 13 14:25:01 10-80-88-111 systemd: Started Session 185808 of user root.
Jul 13 14:30:01 10-80-88-111 systemd: Started Session 185809 of user root.
Jul 13 14:35:01 10-80-88-111 systemd: Started Session 185810 of user root.
Jul 13 14:40:01 10-80-88-111 systemd: Started Session 185811 of user root.
Jul 13 14:45:01 10-80-88-111 systemd: Started Session 185812 of user root.
Jul 13 14:50:02 10-80-88-111 systemd: Started Session 185813 of user root.
Jul 13 14:55:01 10-80-88-111 systemd: Started Session 185814 of user root.
Jul 13 15:00:01 10-80-88-111 systemd: Started Session 185815 of user root.
Jul 13 15:01:01 10-80-88-111 systemd: Started Session 185816 of user root.
Jul 13 15:05:01 10-80-88-111 systemd: Started Session 185817 of user root.
Jul 13 15:10:01 10-80-88-111 systemd: Started Session 185818 of user root.
Jul 13 15:15:01 10-80-88-111 systemd: Started Session 185819 of user root.
Jul 13 15:20:01 10-80-88-111 systemd: Started Session 185820 of user root.
Jul 13 15:25:01 10-80-88-111 systemd: Started Session 185821 of user root.
Jul 13 15:30:01 10-80-88-111 systemd: Started Session 185822 of user root.
Jul 13 15:35:01 10-80-88-111 systemd: Started Session 185823 of user root.
Jul 13 15:40:01 10-80-88-111 systemd: Started Session 185824 of user root.
Jul 13 15:45:01 10-80-88-111 systemd: Started Session 185825 of user root.
Jul 13 15:50:01 10-80-88-111 systemd: Started Session 185826 of user root.
Jul 13 15:55:01 10-80-88-111 systemd: Started Session 185827 of user root.
Jul 13 16:00:01 10-80-88-111 systemd: Started Session 185828 of user root.
Jul 13 16:01:01 10-80-88-111 systemd: Started Session 185829 of user root.
Jul 13 16:05:01 10-80-88-111 systemd: Started Session 185830 of user root.
Jul 13 16:10:01 10-80-88-111 systemd: Started Session 185831 of user root.
Jul 13 16:15:01 10-80-88-111 systemd: Started Session 185832 of user root.
Jul 13 16:20:01 10-80-88-111 systemd: Started Session 185833 of user root.
Jul 13 16:25:01 10-80-88-111 systemd: Started Session 185834 of user root.
Jul 13 16:30:02 10-80-88-111 systemd: Started Session 185835 of user root.
Jul 13 16:35:01 10-80-88-111 systemd: Started Session 185836 of user root.
Jul 13 16:40:01 10-80-88-111 systemd: Started Session 185837 of user root.
Jul 13 16:45:01 10-80-88-111 systemd: Started Session 185838 of user root.
Jul 13 16:50:01 10-80-88-111 systemd: Started Session 185839 of user root.
Jul 13 16:55:01 10-80-88-111 systemd: Started Session 185840 of user root.
Jul 13 17:00:01 10-80-88-111 systemd: Started Session 185841 of user root.
Jul 13 17:01:01 10-80-88-111 systemd: Started Session 185842 of user root.
Jul 13 17:05:01 10-80-88-111 systemd: Started Session 185843 of user root.
Jul 13 17:05:21 10-80-88-111 systemd: Starting Cleanup of Temporary Directories...
Jul 13 17:05:21 10-80-88-111 systemd: Started Cleanup of Temporary Directories.
Jul 13 17:10:01 10-80-88-111 systemd: Started Session 185844 of user root.
Jul 13 17:15:01 10-80-88-111 systemd: Started Session 185845 of user root.
Jul 13 17:20:01 10-80-88-111 systemd: Started Session 185846 of user root.
Jul 13 17:25:01 10-80-88-111 systemd: Started Session 185847 of user root.
Jul 13 17:30:01 10-80-88-111 systemd: Started Session 185848 of user root.
Jul 13 17:35:01 10-80-88-111 systemd: Started Session 185849 of user root.
Jul 13 17:40:01 10-80-88-111 systemd: Started Session 185850 of user root.
Jul 13 17:45:01 10-80-88-111 systemd: Started Session 185851 of user root.
Jul 13 17:50:01 10-80-88-111 systemd: Started Session 185852 of user root.
Jul 13 17:55:01 10-80-88-111 systemd: Started Session 185853 of user root.
Jul 13 18:00:01 10-80-88-111 systemd: Started Session 185854 of user root.
Jul 13 18:01:01 10-80-88-111 systemd: Started Session 185855 of user root.
Jul 13 18:05:01 10-80-88-111 systemd: Started Session 185856 of user root.
Jul 13 18:10:01 10-80-88-111 systemd: Started Session 185857 of user root.
Jul 13 18:15:01 10-80-88-111 systemd: Started Session 185858 of user root.
Jul 13 18:20:01 10-80-88-111 systemd: Started Session 185859 of user root.
Jul 13 18:25:01 10-80-88-111 systemd: Started Session 185860 of user root.
Jul 13 18:30:01 10-80-88-111 systemd: Started Session 185861 of user root.
Jul 13 18:35:01 10-80-88-111 systemd: Started Session 185862 of user root.
Jul 13 18:40:01 10-80-88-111 systemd: Started Session 185863 of user root.
Jul 13 18:45:01 10-80-88-111 systemd: Started Session 185864 of user root.
Jul 13 18:50:01 10-80-88-111 systemd: Started Session 185865 of user root.
Jul 13 18:55:01 10-80-88-111 systemd: Started Session 185866 of user root.
Jul 13 19:00:01 10-80-88-111 systemd: Started Session 185867 of user root.
Jul 13 19:01:01 10-80-88-111 systemd: Started Session 185868 of user root.
Jul 13 19:05:01 10-80-88-111 systemd: Started Session 185869 of user root.
Jul 13 19:10:01 10-80-88-111 systemd: Started Session 185870 of user root.
Jul 13 19:15:01 10-80-88-111 systemd: Started Session 185871 of user root.
Jul 13 19:20:01 10-80-88-111 systemd: Started Session 185872 of user root.
Jul 13 19:25:01 10-80-88-111 systemd: Started Session 185873 of user root.
Jul 13 19:30:01 10-80-88-111 systemd: Started Session 185874 of user root.
Jul 13 19:35:01 10-80-88-111 systemd: Started Session 185875 of user root.
Jul 13 19:40:01 10-80-88-111 systemd: Started Session 185876 of user root.
Jul 13 19:45:01 10-80-88-111 systemd: Started Session 185877 of user root.
Jul 13 19:50:02 10-80-88-111 systemd: Started Session 185878 of user root.
Jul 13 19:55:01 10-80-88-111 systemd: Started Session 185879 of user root.
Jul 13 20:00:01 10-80-88-111 systemd: Started Session 185880 of user root.
Jul 13 20:01:01 10-80-88-111 systemd: Started Session 185881 of user root.
Jul 13 20:05:01 10-80-88-111 systemd: Started Session 185882 of user root.
Jul 13 20:10:01 10-80-88-111 systemd: Started Session 185883 of user root.
Jul 13 20:15:01 10-80-88-111 systemd: Started Session 185884 of user root.
Jul 13 20:20:01 10-80-88-111 systemd: Started Session 185885 of user root.
Jul 13 20:25:01 10-80-88-111 systemd: Started Session 185886 of user root.
Jul 13 20:30:01 10-80-88-111 systemd: Started Session 185887 of user root.
Jul 13 20:35:01 10-80-88-111 systemd: Started Session 185888 of user root.
Jul 13 20:40:01 10-80-88-111 systemd: Started Session 185889 of user root.
Jul 13 20:45:01 10-80-88-111 systemd: Started Session 185890 of user root.
Jul 13 20:50:01 10-80-88-111 systemd: Started Session 185891 of user root.
Jul 13 20:55:01 10-80-88-111 systemd: Started Session 185892 of user root.
Jul 13 21:00:01 10-80-88-111 systemd: Started Session 185893 of user root.
Jul 13 21:01:01 10-80-88-111 systemd: Started Session 185894 of user root.
Jul 13 21:05:01 10-80-88-111 systemd: Started Session 185895 of user root.
Jul 13 21:10:01 10-80-88-111 systemd: Started Session 185896 of user root.
Jul 13 21:15:01 10-80-88-111 systemd: Started Session 185897 of user root.
Jul 13 21:20:01 10-80-88-111 systemd: Started Session 185898 of user root.
Jul 13 21:25:01 10-80-88-111 systemd: Started Session 185899 of user root.
Jul 13 21:30:01 10-80-88-111 systemd: Started Session 185900 of user root.
Jul 13 21:35:01 10-80-88-111 systemd: Started Session 185901 of user root.
Jul 13 21:40:01 10-80-88-111 systemd: Started Session 185902 of user root.
Jul 13 21:45:01 10-80-88-111 systemd: Started Session 185903 of user root.
Jul 13 21:50:01 10-80-88-111 systemd: Started Session 185904 of user root.
Jul 13 21:55:01 10-80-88-111 systemd: Started Session 185905 of user root.
Jul 13 22:00:01 10-80-88-111 systemd: Started Session 185906 of user root.
Jul 13 22:01:01 10-80-88-111 systemd: Started Session 185907 of user root.
Jul 13 22:05:01 10-80-88-111 systemd: Started Session 185908 of user root.
Jul 13 22:10:01 10-80-88-111 systemd: Started Session 185909 of user root.
Jul 13 22:15:01 10-80-88-111 systemd: Started Session 185910 of user root.
Jul 13 22:20:01 10-80-88-111 systemd: Started Session 185911 of user root.
Jul 13 22:25:01 10-80-88-111 systemd: Started Session 185912 of user root.
Jul 13 22:30:01 10-80-88-111 systemd: Started Session 185913 of user root.
Jul 13 22:35:01 10-80-88-111 systemd: Started Session 185914 of user root.
Jul 13 22:40:01 10-80-88-111 systemd: Started Session 185915 of user root.
Jul 13 22:45:01 10-80-88-111 systemd: Started Session 185916 of user root.
Jul 13 22:50:01 10-80-88-111 systemd: Started Session 185917 of user root.
Jul 13 22:55:01 10-80-88-111 systemd: Started Session 185918 of user root.
Jul 13 23:00:01 10-80-88-111 systemd: Started Session 185919 of user root.
Jul 13 23:01:01 10-80-88-111 systemd: Started Session 185920 of user root.
Jul 13 23:05:01 10-80-88-111 systemd: Started Session 185921 of user root.
Jul 13 23:10:01 10-80-88-111 systemd: Started Session 185922 of user root.
Jul 13 23:15:01 10-80-88-111 systemd: Started Session 185923 of user root.
Jul 13 23:20:01 10-80-88-111 systemd: Started Session 185924 of user root.
Jul 13 23:25:01 10-80-88-111 systemd: Started Session 185925 of user root.
Jul 13 23:30:01 10-80-88-111 systemd: Started Session 185926 of user root.
Jul 13 23:35:01 10-80-88-111 systemd: Started Session 185927 of user root.
Jul 13 23:40:01 10-80-88-111 systemd: Started Session 185928 of user root.
Jul 13 23:45:01 10-80-88-111 systemd: Started Session 185929 of user root.
Jul 13 23:50:01 10-80-88-111 systemd: Started Session 185930 of user root.
Jul 13 23:55:01 10-80-88-111 systemd: Started Session 185931 of user root.
Jul 13 23:59:01 10-80-88-111 systemd: Started Session 185932 of user root.
Jul 14 00:00:01 10-80-88-111 systemd: Started Session 185933 of user root.
Jul 14 00:01:01 10-80-88-111 systemd: Started Session 185934 of user root.
Jul 14 00:05:01 10-80-88-111 systemd: Started Session 185935 of user root.
Jul 14 00:10:01 10-80-88-111 systemd: Started Session 185936 of user root.
Jul 14 00:15:01 10-80-88-111 systemd: Started Session 185937 of user root.
Jul 14 00:20:01 10-80-88-111 systemd: Started Session 185938 of user root.
Jul 14 00:25:01 10-80-88-111 systemd: Started Session 185939 of user root.
Jul 14 00:30:01 10-80-88-111 systemd: Started Session 185940 of user root.
Jul 14 00:35:01 10-80-88-111 systemd: Started Session 185941 of user root.
Jul 14 00:40:01 10-80-88-111 systemd: Started Session 185942 of user root.
Jul 14 00:45:01 10-80-88-111 systemd: Started Session 185943 of user root.
Jul 14 00:50:01 10-80-88-111 systemd: Started Session 185944 of user root.
Jul 14 00:55:01 10-80-88-111 systemd: Started Session 185945 of user root.
Jul 14 01:00:01 10-80-88-111 systemd: Started Session 185946 of user root.
Jul 14 01:01:01 10-80-88-111 systemd: Started Session 185947 of user root.
Jul 14 01:05:01 10-80-88-111 systemd: Started Session 185948 of user root.
Jul 14 01:10:01 10-80-88-111 systemd: Started Session 185949 of user root.
Jul 14 01:15:01 10-80-88-111 systemd: Started Session 185950 of user root.
Jul 14 01:20:01 10-80-88-111 systemd: Started Session 185951 of user root.
Jul 14 01:25:01 10-80-88-111 systemd: Started Session 185952 of user root.
Jul 14 01:30:01 10-80-88-111 systemd: Started Session 185953 of user root.
Jul 14 01:35:01 10-80-88-111 systemd: Started Session 185954 of user root.
Jul 14 01:40:01 10-80-88-111 systemd: Started Session 185955 of user root.
Jul 14 01:45:01 10-80-88-111 systemd: Started Session 185956 of user root.
Jul 14 01:50:01 10-80-88-111 systemd: Started Session 185957 of user root.
Jul 14 01:55:01 10-80-88-111 systemd: Started Session 185958 of user root.
Jul 14 02:00:01 10-80-88-111 systemd: Started Session 185959 of user root.
Jul 14 02:01:01 10-80-88-111 systemd: Started Session 185960 of user root.
Jul 14 02:05:01 10-80-88-111 systemd: Started Session 185961 of user root.
Jul 14 02:10:01 10-80-88-111 systemd: Started Session 185962 of user root.
Jul 14 02:15:01 10-80-88-111 systemd: Started Session 185963 of user root.
Jul 14 02:20:01 10-80-88-111 systemd: Started Session 185964 of user root.
Jul 14 02:25:01 10-80-88-111 systemd: Started Session 185965 of user root.
Jul 14 02:30:01 10-80-88-111 systemd: Started Session 185966 of user root.
Jul 14 02:35:01 10-80-88-111 systemd: Started Session 185967 of user root.
Jul 14 02:40:01 10-80-88-111 systemd: Started Session 185968 of user root.
Jul 14 02:45:01 10-80-88-111 systemd: Started Session 185969 of user root.
Jul 14 02:50:01 10-80-88-111 systemd: Started Session 185970 of user root.
Jul 14 02:55:01 10-80-88-111 systemd: Started Session 185971 of user root.
Jul 14 03:00:01 10-80-88-111 systemd: Started Session 185972 of user root.
Jul 14 03:01:01 10-80-88-111 systemd: Started Session 185973 of user root.
Jul 14 03:05:01 10-80-88-111 systemd: Started Session 185974 of user root.
Jul 14 03:10:01 10-80-88-111 systemd: Started Session 185975 of user root.
Jul 14 03:15:01 10-80-88-111 systemd: Started Session 185976 of user root.
Jul 14 03:20:01 10-80-88-111 systemd: Started Session 185977 of user root.
Jul 14 03:25:01 10-80-88-111 systemd: Started Session 185978 of user root.
Jul 14 03:30:01 10-80-88-111 systemd: Started Session 185979 of user root.
Jul 14 03:35:01 10-80-88-111 systemd: Started Session 185980 of user root.
Jul 14 03:40:01 10-80-88-111 systemd: Started Session 185981 of user root.
Jul 14 03:45:01 10-80-88-111 systemd: Started Session 185982 of user root.
Jul 14 03:50:01 10-80-88-111 systemd: Started Session 185983 of user root.
Jul 14 03:55:01 10-80-88-111 systemd: Started Session 185984 of user root.
Jul 14 04:00:01 10-80-88-111 systemd: Started Session 185985 of user root.
Jul 14 04:01:01 10-80-88-111 systemd: Started Session 185986 of user root.
Jul 14 04:05:01 10-80-88-111 systemd: Started Session 185987 of user root.
Jul 14 04:10:02 10-80-88-111 systemd: Started Session 185988 of user root.
Jul 14 04:15:01 10-80-88-111 systemd: Started Session 185989 of user root.
Jul 14 04:20:01 10-80-88-111 systemd: Started Session 185990 of user root.
Jul 14 04:25:01 10-80-88-111 systemd: Started Session 185991 of user root.
Jul 14 04:30:01 10-80-88-111 systemd: Started Session 185992 of user root.
Jul 14 04:35:01 10-80-88-111 systemd: Started Session 185993 of user root.
Jul 14 04:40:01 10-80-88-111 systemd: Started Session 185994 of user root.
Jul 14 04:45:01 10-80-88-111 systemd: Started Session 185995 of user root.
Jul 14 04:50:01 10-80-88-111 systemd: Started Session 185996 of user root.
Jul 14 04:55:01 10-80-88-111 systemd: Started Session 185997 of user root.
Jul 14 05:00:01 10-80-88-111 systemd: Started Session 185998 of user root.
Jul 14 05:01:01 10-80-88-111 systemd: Started Session 185999 of user root.
Jul 14 05:05:01 10-80-88-111 systemd: Started Session 186000 of user root.
Jul 14 05:10:01 10-80-88-111 systemd: Started Session 186001 of user root.
Jul 14 05:15:01 10-80-88-111 systemd: Started Session 186002 of user root.
Jul 14 05:20:01 10-80-88-111 systemd: Started Session 186003 of user root.
Jul 14 05:25:01 10-80-88-111 systemd: Started Session 186004 of user root.
Jul 14 05:30:01 10-80-88-111 systemd: Started Session 186005 of user root.
Jul 14 05:35:01 10-80-88-111 systemd: Started Session 186006 of user root.
Jul 14 05:40:01 10-80-88-111 systemd: Started Session 186007 of user root.
Jul 14 05:45:01 10-80-88-111 systemd: Started Session 186008 of user root.
Jul 14 05:50:01 10-80-88-111 systemd: Started Session 186009 of user root.
Jul 14 05:55:01 10-80-88-111 systemd: Started Session 186010 of user root.
Jul 14 06:00:01 10-80-88-111 systemd: Started Session 186011 of user root.
Jul 14 06:01:01 10-80-88-111 systemd: Started Session 186012 of user root.
Jul 14 06:05:01 10-80-88-111 systemd: Started Session 186013 of user root.
Jul 14 06:10:01 10-80-88-111 systemd: Started Session 186014 of user root.
Jul 14 06:15:01 10-80-88-111 systemd: Started Session 186015 of user root.
Jul 14 06:20:01 10-80-88-111 systemd: Started Session 186016 of user root.
Jul 14 06:25:01 10-80-88-111 systemd: Started Session 186017 of user root.
Jul 14 06:30:01 10-80-88-111 systemd: Started Session 186018 of user root.
Jul 14 06:35:01 10-80-88-111 systemd: Started Session 186019 of user root.
Jul 14 06:40:01 10-80-88-111 systemd: Started Session 186020 of user root.
Jul 14 06:45:01 10-80-88-111 systemd: Started Session 186021 of user root.
Jul 14 06:50:01 10-80-88-111 systemd: Started Session 186022 of user root.
Jul 14 06:55:01 10-80-88-111 systemd: Started Session 186023 of user root.
Jul 14 07:00:01 10-80-88-111 systemd: Started Session 186024 of user root.
Jul 14 07:01:01 10-80-88-111 systemd: Started Session 186025 of user root.
Jul 14 07:05:01 10-80-88-111 systemd: Started Session 186026 of user root.
Jul 14 07:10:01 10-80-88-111 systemd: Started Session 186027 of user root.
Jul 14 07:15:01 10-80-88-111 systemd: Started Session 186028 of user root.
Jul 14 07:20:01 10-80-88-111 systemd: Started Session 186029 of user root.
Jul 14 07:25:01 10-80-88-111 systemd: Started Session 186030 of user root.
Jul 14 07:30:01 10-80-88-111 systemd: Started Session 186031 of user root.
Jul 14 07:35:01 10-80-88-111 systemd: Started Session 186032 of user root.
Jul 14 07:40:01 10-80-88-111 systemd: Started Session 186033 of user root.
Jul 14 07:45:01 10-80-88-111 systemd: Started Session 186034 of user root.
Jul 14 07:50:01 10-80-88-111 systemd: Started Session 186035 of user root.
Jul 14 07:55:01 10-80-88-111 systemd: Started Session 186036 of user root.
Jul 14 08:00:01 10-80-88-111 systemd: Started Session 186037 of user root.
Jul 14 08:01:01 10-80-88-111 systemd: Started Session 186038 of user root.
Jul 14 08:05:01 10-80-88-111 systemd: Started Session 186039 of user root.
Jul 14 08:10:01 10-80-88-111 systemd: Started Session 186040 of user root.
Jul 14 08:15:01 10-80-88-111 systemd: Started Session 186041 of user root.
Jul 14 08:20:01 10-80-88-111 systemd: Started Session 186042 of user root.
Jul 14 08:25:01 10-80-88-111 systemd: Started Session 186043 of user root.
Jul 14 08:30:01 10-80-88-111 systemd: Started Session 186044 of user root.
Jul 14 08:35:01 10-80-88-111 systemd: Started Session 186045 of user root.
Jul 14 08:40:01 10-80-88-111 systemd: Started Session 186046 of user root.
Jul 14 08:45:01 10-80-88-111 systemd: Started Session 186047 of user root.
Jul 14 08:50:01 10-80-88-111 systemd: Started Session 186048 of user root.
Jul 14 08:55:01 10-80-88-111 systemd: Started Session 186049 of user root.
Jul 14 09:00:01 10-80-88-111 systemd: Started Session 186050 of user root.
Jul 14 09:01:01 10-80-88-111 systemd: Started Session 186051 of user root.
Jul 14 09:05:01 10-80-88-111 systemd: Started Session 186052 of user root.
Jul 14 09:10:01 10-80-88-111 systemd: Started Session 186053 of user root.
Jul 14 09:15:01 10-80-88-111 systemd: Started Session 186054 of user root.
Jul 14 09:20:01 10-80-88-111 systemd: Started Session 186055 of user root.
Jul 14 09:25:01 10-80-88-111 systemd: Started Session 186056 of user root.
Jul 14 09:30:01 10-80-88-111 systemd: Started Session 186057 of user root.
Jul 14 09:35:01 10-80-88-111 systemd: Started Session 186058 of user root.
Jul 14 09:40:01 10-80-88-111 systemd: Started Session 186059 of user root.
Jul 14 09:45:01 10-80-88-111 systemd: Started Session 186060 of user root.
Jul 14 09:50:01 10-80-88-111 systemd: Started Session 186061 of user root.
Jul 14 09:55:01 10-80-88-111 systemd: Started Session 186062 of user root.
Jul 14 10:00:01 10-80-88-111 systemd: Started Session 186063 of user root.
Jul 14 10:01:01 10-80-88-111 systemd: Started Session 186064 of user root.
Jul 14 10:05:01 10-80-88-111 systemd: Started Session 186065 of user root.
Jul 14 10:10:01 10-80-88-111 systemd: Started Session 186066 of user root.
Jul 14 10:15:01 10-80-88-111 systemd: Started Session 186067 of user root.
Jul 14 10:20:01 10-80-88-111 systemd: Started Session 186068 of user root.
Jul 14 10:25:01 10-80-88-111 systemd: Started Session 186069 of user root.
Jul 14 10:30:01 10-80-88-111 systemd: Started Session 186070 of user root.
Jul 14 10:35:01 10-80-88-111 systemd: Started Session 186071 of user root.
Jul 14 10:40:01 10-80-88-111 systemd: Started Session 186072 of user root.
Jul 14 10:45:02 10-80-88-111 systemd: Started Session 186073 of user root.
Jul 14 10:50:01 10-80-88-111 systemd: Started Session 186074 of user root.
Jul 14 10:55:01 10-80-88-111 systemd: Started Session 186075 of user root.
Jul 14 11:00:01 10-80-88-111 systemd: Started Session 186076 of user root.
Jul 14 11:01:01 10-80-88-111 systemd: Started Session 186077 of user root.
Jul 14 11:05:01 10-80-88-111 systemd: Started Session 186078 of user root.
Jul 14 11:10:01 10-80-88-111 systemd: Started Session 186079 of user root.
Jul 14 11:15:01 10-80-88-111 systemd: Started Session 186080 of user root.
Jul 14 11:20:01 10-80-88-111 systemd: Started Session 186081 of user root.
Jul 14 11:25:01 10-80-88-111 systemd: Started Session 186082 of user root.
Jul 14 11:30:01 10-80-88-111 systemd: Started Session 186083 of user root.
Jul 14 11:35:01 10-80-88-111 systemd: Started Session 186084 of user root.
Jul 14 11:40:01 10-80-88-111 systemd: Started Session 186085 of user root.
Jul 14 11:45:01 10-80-88-111 systemd: Started Session 186086 of user root.
Jul 14 11:50:01 10-80-88-111 systemd: Started Session 186087 of user root.
Jul 14 11:55:01 10-80-88-111 systemd: Started Session 186088 of user root.
Jul 14 12:00:01 10-80-88-111 systemd: Started Session 186089 of user root.
Jul 14 12:01:01 10-80-88-111 systemd: Started Session 186090 of user root.
Jul 14 12:05:01 10-80-88-111 systemd: Started Session 186091 of user root.
Jul 14 12:10:01 10-80-88-111 systemd: Started Session 186092 of user root.
Jul 14 12:15:01 10-80-88-111 systemd: Started Session 186093 of user root.
Jul 14 12:20:01 10-80-88-111 systemd: Started Session 186094 of user root.
Jul 14 12:25:01 10-80-88-111 systemd: Started Session 186095 of user root.
Jul 14 12:30:01 10-80-88-111 systemd: Started Session 186096 of user root.
Jul 14 12:35:01 10-80-88-111 systemd: Started Session 186097 of user root.
Jul 14 12:40:01 10-80-88-111 systemd: Started Session 186098 of user root.
Jul 14 12:45:01 10-80-88-111 systemd: Started Session 186099 of user root.
Jul 14 12:50:01 10-80-88-111 systemd: Started Session 186100 of user root.
Jul 14 12:55:01 10-80-88-111 systemd: Started Session 186101 of user root.
Jul 14 13:00:01 10-80-88-111 systemd: Started Session 186102 of user root.
Jul 14 13:01:01 10-80-88-111 systemd: Started Session 186103 of user root.
Jul 14 13:05:01 10-80-88-111 systemd: Started Session 186104 of user root.
Jul 14 13:10:01 10-80-88-111 systemd: Started Session 186105 of user root.
Jul 14 13:15:01 10-80-88-111 systemd: Started Session 186106 of user root.
Jul 14 13:20:01 10-80-88-111 systemd: Started Session 186107 of user root.
Jul 14 13:25:01 10-80-88-111 systemd: Started Session 186108 of user root.
Jul 14 13:30:01 10-80-88-111 systemd: Started Session 186109 of user root.
Jul 14 13:35:01 10-80-88-111 systemd: Started Session 186110 of user root.
Jul 14 13:40:01 10-80-88-111 systemd: Started Session 186111 of user root.
Jul 14 13:45:01 10-80-88-111 systemd: Started Session 186112 of user root.
Jul 14 13:50:01 10-80-88-111 systemd: Started Session 186113 of user root.
Jul 14 13:55:01 10-80-88-111 systemd: Started Session 186114 of user root.
Jul 14 14:00:01 10-80-88-111 systemd: Started Session 186115 of user root.
Jul 14 14:01:01 10-80-88-111 systemd: Started Session 186116 of user root.
Jul 14 14:05:01 10-80-88-111 systemd: Started Session 186117 of user root.
Jul 14 14:10:01 10-80-88-111 systemd: Started Session 186118 of user root.
Jul 14 14:15:01 10-80-88-111 systemd: Started Session 186119 of user root.
Jul 14 14:20:01 10-80-88-111 systemd: Started Session 186120 of user root.
Jul 14 14:25:01 10-80-88-111 systemd: Started Session 186121 of user root.
Jul 14 14:30:01 10-80-88-111 systemd: Started Session 186122 of user root.
Jul 14 14:35:01 10-80-88-111 systemd: Started Session 186123 of user root.
Jul 14 14:40:01 10-80-88-111 systemd: Started Session 186124 of user root.
Jul 14 14:45:01 10-80-88-111 systemd: Started Session 186125 of user root.
Jul 14 14:50:01 10-80-88-111 systemd: Started Session 186126 of user root.
Jul 14 14:55:01 10-80-88-111 systemd: Started Session 186127 of user root.
Jul 14 15:00:01 10-80-88-111 systemd: Started Session 186128 of user root.
Jul 14 15:01:01 10-80-88-111 systemd: Started Session 186129 of user root.
Jul 14 15:05:01 10-80-88-111 systemd: Started Session 186130 of user root.
Jul 14 15:10:01 10-80-88-111 systemd: Started Session 186131 of user root.
Jul 14 15:15:01 10-80-88-111 systemd: Started Session 186132 of user root.
Jul 14 15:20:01 10-80-88-111 systemd: Started Session 186133 of user root.
Jul 14 15:25:01 10-80-88-111 systemd: Started Session 186134 of user root.
Jul 14 15:30:01 10-80-88-111 systemd: Started Session 186135 of user root.
Jul 14 15:35:01 10-80-88-111 systemd: Started Session 186136 of user root.
Jul 14 15:40:01 10-80-88-111 systemd: Started Session 186137 of user root.
Jul 14 15:45:02 10-80-88-111 systemd: Started Session 186138 of user root.
Jul 14 15:50:01 10-80-88-111 systemd: Started Session 186139 of user root.
Jul 14 15:55:01 10-80-88-111 systemd: Started Session 186140 of user root.
Jul 14 16:00:01 10-80-88-111 systemd: Started Session 186141 of user root.
Jul 14 16:01:01 10-80-88-111 systemd: Started Session 186142 of user root.
Jul 14 16:05:01 10-80-88-111 systemd: Started Session 186143 of user root.
Jul 14 16:10:01 10-80-88-111 systemd: Started Session 186144 of user root.
Jul 14 16:15:01 10-80-88-111 systemd: Started Session 186145 of user root.
Jul 14 16:20:01 10-80-88-111 systemd: Started Session 186146 of user root.
Jul 14 16:25:01 10-80-88-111 systemd: Started Session 186147 of user root.
Jul 14 16:30:01 10-80-88-111 systemd: Started Session 186148 of user root.
Jul 14 16:35:01 10-80-88-111 systemd: Started Session 186149 of user root.
Jul 14 16:40:01 10-80-88-111 systemd: Started Session 186150 of user root.
Jul 14 16:45:01 10-80-88-111 systemd: Started Session 186151 of user root.
Jul 14 16:50:01 10-80-88-111 systemd: Started Session 186152 of user root.
Jul 14 16:55:01 10-80-88-111 systemd: Started Session 186153 of user root.
Jul 14 17:00:01 10-80-88-111 systemd: Started Session 186154 of user root.
Jul 14 17:01:01 10-80-88-111 systemd: Started Session 186155 of user root.
Jul 14 17:05:01 10-80-88-111 systemd: Started Session 186156 of user root.
Jul 14 17:05:22 10-80-88-111 systemd: Starting Cleanup of Temporary Directories...
Jul 14 17:05:22 10-80-88-111 systemd: Started Cleanup of Temporary Directories.
Jul 14 17:10:01 10-80-88-111 systemd: Started Session 186157 of user root.
Jul 14 17:15:01 10-80-88-111 systemd: Started Session 186158 of user root.
Jul 14 17:20:01 10-80-88-111 systemd: Started Session 186159 of user root.
Jul 14 17:25:01 10-80-88-111 systemd: Started Session 186160 of user root.
Jul 14 17:30:01 10-80-88-111 systemd: Started Session 186161 of user root.
Jul 14 17:35:01 10-80-88-111 systemd: Started Session 186162 of user root.
Jul 14 17:40:01 10-80-88-111 systemd: Started Session 186163 of user root.
Jul 14 17:45:01 10-80-88-111 systemd: Started Session 186164 of user root.
Jul 14 17:50:01 10-80-88-111 systemd: Started Session 186165 of user root.
Jul 14 17:55:01 10-80-88-111 systemd: Started Session 186166 of user root.
Jul 14 18:00:01 10-80-88-111 systemd: Started Session 186167 of user root.
Jul 14 18:01:01 10-80-88-111 systemd: Started Session 186168 of user root.
Jul 14 18:05:01 10-80-88-111 systemd: Started Session 186169 of user root.
Jul 14 18:10:01 10-80-88-111 systemd: Started Session 186170 of user root.
Jul 14 18:15:01 10-80-88-111 systemd: Started Session 186171 of user root.
Jul 14 18:20:01 10-80-88-111 systemd: Started Session 186172 of user root.
Jul 14 18:25:01 10-80-88-111 systemd: Started Session 186173 of user root.
Jul 14 18:30:01 10-80-88-111 systemd: Started Session 186174 of user root.
Jul 14 18:35:01 10-80-88-111 systemd: Started Session 186175 of user root.
Jul 14 18:40:01 10-80-88-111 systemd: Started Session 186176 of user root.
Jul 14 18:43:01 10-80-88-111 rsyslogd: imjournal: journal reloaded... [v8.24.0-52.el7_8.2 try http://www.rsyslog.com/e/0 ]
Jul 14 18:43:01 10-80-88-111 rsyslogd: imjournal: journal reloaded... [v8.24.0-52.el7_8.2 try http://www.rsyslog.com/e/0 ]
Jul 14 18:45:01 10-80-88-111 systemd: Started Session 186177 of user root.
Jul 14 18:50:01 10-80-88-111 systemd: Started Session 186178 of user root.
Jul 14 18:55:01 10-80-88-111 systemd: Started Session 186179 of user root.
Jul 14 19:00:01 10-80-88-111 systemd: Started Session 186180 of user root.
Jul 14 19:01:01 10-80-88-111 systemd: Started Session 186181 of user root.
Jul 14 19:05:01 10-80-88-111 systemd: Started Session 186182 of user root.
Jul 14 19:10:01 10-80-88-111 systemd: Started Session 186183 of user root.
Jul 14 19:15:01 10-80-88-111 systemd: Started Session 186184 of user root.
Jul 14 19:20:01 10-80-88-111 systemd: Started Session 186185 of user root.
Jul 14 19:25:01 10-80-88-111 systemd: Started Session 186186 of user root.
Jul 14 19:30:01 10-80-88-111 systemd: Started Session 186187 of user root.
Jul 14 19:35:01 10-80-88-111 systemd: Started Session 186188 of user root.
Jul 14 19:40:01 10-80-88-111 systemd: Started Session 186189 of user root.
Jul 14 19:45:01 10-80-88-111 systemd: Started Session 186190 of user root.
Jul 14 19:50:01 10-80-88-111 systemd: Started Session 186191 of user root.
Jul 14 19:55:01 10-80-88-111 systemd: Started Session 186192 of user root.
Jul 14 20:00:01 10-80-88-111 systemd: Started Session 186193 of user root.
Jul 14 20:01:01 10-80-88-111 systemd: Started Session 186194 of user root.
Jul 14 20:05:01 10-80-88-111 systemd: Started Session 186195 of user root.
Jul 14 20:10:01 10-80-88-111 systemd: Started Session 186196 of user root.
Jul 14 20:15:01 10-80-88-111 systemd: Started Session 186197 of user root.
Jul 14 20:20:01 10-80-88-111 systemd: Started Session 186198 of user root.
Jul 14 20:25:01 10-80-88-111 systemd: Started Session 186199 of user root.
Jul 14 20:30:01 10-80-88-111 systemd: Started Session 186200 of user root.
Jul 14 20:35:01 10-80-88-111 systemd: Started Session 186201 of user root.
Jul 14 20:40:01 10-80-88-111 systemd: Started Session 186202 of user root.
Jul 14 20:45:02 10-80-88-111 systemd: Started Session 186203 of user root.
Jul 14 20:50:01 10-80-88-111 systemd: Started Session 186204 of user root.
Jul 14 20:55:01 10-80-88-111 systemd: Started Session 186205 of user root.
Jul 14 21:00:01 10-80-88-111 systemd: Started Session 186206 of user root.
Jul 14 21:01:01 10-80-88-111 systemd: Started Session 186207 of user root.
Jul 14 21:05:01 10-80-88-111 systemd: Started Session 186208 of user root.
Jul 14 21:10:01 10-80-88-111 systemd: Started Session 186209 of user root.
Jul 14 21:15:01 10-80-88-111 systemd: Started Session 186210 of user root.
Jul 14 21:20:01 10-80-88-111 systemd: Started Session 186211 of user root.
Jul 14 21:25:01 10-80-88-111 systemd: Started Session 186212 of user root.
Jul 14 21:30:01 10-80-88-111 systemd: Started Session 186213 of user root.
Jul 14 21:35:01 10-80-88-111 systemd: Started Session 186214 of user root.
Jul 14 21:40:01 10-80-88-111 systemd: Started Session 186215 of user root.
Jul 14 21:45:01 10-80-88-111 systemd: Started Session 186216 of user root.
Jul 14 21:50:01 10-80-88-111 systemd: Started Session 186217 of user root.
Jul 14 21:55:01 10-80-88-111 systemd: Started Session 186218 of user root.
Jul 14 22:00:01 10-80-88-111 systemd: Started Session 186219 of user root.
Jul 14 22:01:01 10-80-88-111 systemd: Started Session 186220 of user root.
Jul 14 22:05:01 10-80-88-111 systemd: Started Session 186221 of user root.
Jul 14 22:10:01 10-80-88-111 systemd: Started Session 186222 of user root.
Jul 14 22:15:01 10-80-88-111 systemd: Started Session 186223 of user root.
Jul 14 22:20:01 10-80-88-111 systemd: Started Session 186224 of user root.
Jul 14 22:25:02 10-80-88-111 systemd: Started Session 186225 of user root.
Jul 14 22:30:01 10-80-88-111 systemd: Started Session 186226 of user root.
Jul 14 22:35:01 10-80-88-111 systemd: Started Session 186227 of user root.
Jul 14 22:40:01 10-80-88-111 systemd: Started Session 186228 of user root.
Jul 14 22:45:01 10-80-88-111 systemd: Started Session 186229 of user root.
Jul 14 22:50:01 10-80-88-111 systemd: Started Session 186230 of user root.
Jul 14 22:55:01 10-80-88-111 systemd: Started Session 186231 of user root.
Jul 14 23:00:01 10-80-88-111 systemd: Started Session 186232 of user root.
Jul 14 23:01:01 10-80-88-111 systemd: Started Session 186233 of user root.
Jul 14 23:05:01 10-80-88-111 systemd: Started Session 186234 of user root.
Jul 14 23:10:01 10-80-88-111 systemd: Started Session 186235 of user root.
Jul 14 23:15:01 10-80-88-111 systemd: Started Session 186236 of user root.
Jul 14 23:20:01 10-80-88-111 systemd: Started Session 186237 of user root.
Jul 14 23:25:01 10-80-88-111 systemd: Started Session 186238 of user root.
Jul 14 23:30:01 10-80-88-111 systemd: Started Session 186239 of user root.
Jul 14 23:35:01 10-80-88-111 systemd: Started Session 186240 of user root.
Jul 14 23:40:01 10-80-88-111 systemd: Started Session 186241 of user root.
Jul 14 23:45:01 10-80-88-111 systemd: Started Session 186242 of user root.
Jul 14 23:50:01 10-80-88-111 systemd: Started Session 186243 of user root.
Jul 14 23:55:01 10-80-88-111 systemd: Started Session 186244 of user root.
Jul 14 23:59:01 10-80-88-111 systemd: Started Session 186245 of user root.
Jul 15 00:00:01 10-80-88-111 systemd: Started Session 186246 of user root.
Jul 15 00:01:01 10-80-88-111 systemd: Started Session 186247 of user root.
Jul 15 00:05:01 10-80-88-111 systemd: Started Session 186248 of user root.
Jul 15 00:10:01 10-80-88-111 systemd: Started Session 186249 of user root.
Jul 15 00:15:01 10-80-88-111 systemd: Started Session 186250 of user root.
Jul 15 00:20:01 10-80-88-111 systemd: Started Session 186251 of user root.
Jul 15 00:25:01 10-80-88-111 systemd: Started Session 186252 of user root.
Jul 15 00:30:01 10-80-88-111 systemd: Started Session 186253 of user root.
Jul 15 00:35:01 10-80-88-111 systemd: Started Session 186254 of user root.
Jul 15 00:40:01 10-80-88-111 systemd: Started Session 186255 of user root.
Jul 15 00:45:01 10-80-88-111 systemd: Started Session 186256 of user root.
Jul 15 00:50:01 10-80-88-111 systemd: Started Session 186257 of user root.
Jul 15 00:55:01 10-80-88-111 systemd: Started Session 186258 of user root.
Jul 15 01:00:01 10-80-88-111 systemd: Started Session 186259 of user root.
Jul 15 01:01:01 10-80-88-111 systemd: Started Session 186260 of user root.
Jul 15 01:05:01 10-80-88-111 systemd: Started Session 186261 of user root.
Jul 15 01:10:01 10-80-88-111 systemd: Started Session 186262 of user root.
Jul 15 01:15:01 10-80-88-111 systemd: Started Session 186263 of user root.
Jul 15 01:20:01 10-80-88-111 systemd: Started Session 186264 of user root.
Jul 15 01:25:01 10-80-88-111 systemd: Started Session 186265 of user root.
Jul 15 01:30:01 10-80-88-111 systemd: Started Session 186266 of user root.
Jul 15 01:35:01 10-80-88-111 systemd: Started Session 186267 of user root.
Jul 15 01:40:01 10-80-88-111 systemd: Started Session 186268 of user root.
Jul 15 01:45:01 10-80-88-111 systemd: Started Session 186269 of user root.
Jul 15 01:50:01 10-80-88-111 systemd: Started Session 186270 of user root.
Jul 15 01:55:01 10-80-88-111 systemd: Started Session 186271 of user root.
Jul 15 02:00:01 10-80-88-111 systemd: Started Session 186272 of user root.
Jul 15 02:01:01 10-80-88-111 systemd: Started Session 186273 of user root.
Jul 15 02:05:01 10-80-88-111 systemd: Started Session 186274 of user root.
Jul 15 02:10:01 10-80-88-111 systemd: Started Session 186275 of user root.
Jul 15 02:15:01 10-80-88-111 systemd: Started Session 186276 of user root.
Jul 15 02:20:01 10-80-88-111 systemd: Started Session 186277 of user root.
Jul 15 02:25:01 10-80-88-111 systemd: Started Session 186278 of user root.
Jul 15 02:30:01 10-80-88-111 systemd: Started Session 186279 of user root.
Jul 15 02:35:01 10-80-88-111 systemd: Started Session 186280 of user root.
Jul 15 02:40:01 10-80-88-111 systemd: Started Session 186281 of user root.
Jul 15 02:45:01 10-80-88-111 systemd: Started Session 186282 of user root.
Jul 15 02:50:01 10-80-88-111 systemd: Started Session 186283 of user root.
Jul 15 02:55:01 10-80-88-111 systemd: Started Session 186284 of user root.
Jul 15 03:00:01 10-80-88-111 systemd: Started Session 186285 of user root.
Jul 15 03:01:01 10-80-88-111 systemd: Started Session 186286 of user root.
Jul 15 03:05:01 10-80-88-111 systemd: Started Session 186287 of user root.
Jul 15 03:10:01 10-80-88-111 systemd: Started Session 186288 of user root.
Jul 15 03:15:01 10-80-88-111 systemd: Started Session 186289 of user root.
Jul 15 03:20:01 10-80-88-111 systemd: Started Session 186290 of user root.
Jul 15 03:25:01 10-80-88-111 systemd: Started Session 186291 of user root.
Jul 15 03:30:01 10-80-88-111 systemd: Started Session 186292 of user root.
Jul 15 03:35:01 10-80-88-111 systemd: Started Session 186293 of user root.
Jul 15 03:40:01 10-80-88-111 systemd: Started Session 186294 of user root.
Jul 15 03:45:01 10-80-88-111 systemd: Started Session 186295 of user root.
Jul 15 03:50:01 10-80-88-111 systemd: Started Session 186296 of user root.
Jul 15 03:55:01 10-80-88-111 systemd: Started Session 186297 of user root.
Jul 15 04:00:01 10-80-88-111 systemd: Started Session 186298 of user root.
Jul 15 04:01:01 10-80-88-111 systemd: Started Session 186299 of user root.
Jul 15 04:05:01 10-80-88-111 systemd: Started Session 186300 of user root.
Jul 15 04:10:01 10-80-88-111 systemd: Started Session 186301 of user root.
Jul 15 04:15:01 10-80-88-111 systemd: Started Session 186302 of user root.
Jul 15 04:20:01 10-80-88-111 systemd: Started Session 186303 of user root.
Jul 15 04:25:01 10-80-88-111 systemd: Started Session 186304 of user root.
Jul 15 04:30:01 10-80-88-111 systemd: Started Session 186305 of user root.
Jul 15 04:35:01 10-80-88-111 systemd: Started Session 186306 of user root.
Jul 15 04:40:01 10-80-88-111 systemd: Started Session 186307 of user root.
Jul 15 04:45:01 10-80-88-111 systemd: Started Session 186308 of user root.
Jul 15 04:50:01 10-80-88-111 systemd: Started Session 186309 of user root.
Jul 15 04:55:01 10-80-88-111 systemd: Started Session 186310 of user root.
Jul 15 05:00:01 10-80-88-111 systemd: Started Session 186311 of user root.
Jul 15 05:01:01 10-80-88-111 systemd: Started Session 186312 of user root.
Jul 15 05:05:01 10-80-88-111 systemd: Started Session 186313 of user root.
Jul 15 05:10:01 10-80-88-111 systemd: Started Session 186314 of user root.
Jul 15 05:15:01 10-80-88-111 systemd: Started Session 186315 of user root.
Jul 15 05:20:01 10-80-88-111 systemd: Started Session 186316 of user root.
Jul 15 05:25:01 10-80-88-111 systemd: Started Session 186317 of user root.
Jul 15 05:30:01 10-80-88-111 systemd: Started Session 186318 of user root.
Jul 15 05:35:01 10-80-88-111 systemd: Started Session 186319 of user root.
Jul 15 05:40:01 10-80-88-111 systemd: Started Session 186320 of user root.
Jul 15 05:45:01 10-80-88-111 systemd: Started Session 186321 of user root.
Jul 15 05:50:01 10-80-88-111 systemd: Started Session 186322 of user root.
Jul 15 05:55:01 10-80-88-111 systemd: Started Session 186323 of user root.
Jul 15 06:00:01 10-80-88-111 systemd: Started Session 186324 of user root.
Jul 15 06:01:01 10-80-88-111 systemd: Started Session 186325 of user root.
Jul 15 06:05:01 10-80-88-111 systemd: Started Session 186326 of user root.
Jul 15 06:10:01 10-80-88-111 systemd: Started Session 186327 of user root.
Jul 15 06:15:01 10-80-88-111 systemd: Started Session 186328 of user root.
Jul 15 06:20:01 10-80-88-111 systemd: Started Session 186329 of user root.
Jul 15 06:25:01 10-80-88-111 systemd: Started Session 186330 of user root.
Jul 15 06:30:01 10-80-88-111 systemd: Started Session 186331 of user root.
Jul 15 06:35:01 10-80-88-111 systemd: Started Session 186332 of user root.
Jul 15 06:40:01 10-80-88-111 systemd: Started Session 186333 of user root.
Jul 15 06:45:02 10-80-88-111 systemd: Started Session 186334 of user root.
Jul 15 06:50:01 10-80-88-111 systemd: Started Session 186335 of user root.
Jul 15 06:55:01 10-80-88-111 systemd: Started Session 186336 of user root.
Jul 15 07:00:01 10-80-88-111 systemd: Started Session 186337 of user root.
Jul 15 07:01:01 10-80-88-111 systemd: Started Session 186338 of user root.
Jul 15 07:05:01 10-80-88-111 systemd: Started Session 186339 of user root.
Jul 15 07:10:01 10-80-88-111 systemd: Started Session 186340 of user root.
Jul 15 07:15:01 10-80-88-111 systemd: Started Session 186341 of user root.
Jul 15 07:20:01 10-80-88-111 systemd: Started Session 186342 of user root.
Jul 15 07:25:01 10-80-88-111 systemd: Started Session 186343 of user root.
Jul 15 07:30:01 10-80-88-111 systemd: Started Session 186344 of user root.
Jul 15 07:35:01 10-80-88-111 systemd: Started Session 186345 of user root.
Jul 15 07:40:01 10-80-88-111 systemd: Started Session 186346 of user root.
Jul 15 07:45:01 10-80-88-111 systemd: Started Session 186347 of user root.
Jul 15 07:50:01 10-80-88-111 systemd: Started Session 186348 of user root.
Jul 15 07:55:01 10-80-88-111 systemd: Started Session 186349 of user root.
Jul 15 08:00:01 10-80-88-111 systemd: Started Session 186350 of user root.
Jul 15 08:01:01 10-80-88-111 systemd: Started Session 186351 of user root.
Jul 15 08:05:01 10-80-88-111 systemd: Started Session 186352 of user root.
Jul 15 08:10:01 10-80-88-111 systemd: Started Session 186353 of user root.
Jul 15 08:15:01 10-80-88-111 systemd: Started Session 186354 of user root.
Jul 15 08:20:01 10-80-88-111 systemd: Started Session 186355 of user root.
Jul 15 08:25:01 10-80-88-111 systemd: Started Session 186356 of user root.
Jul 15 08:30:01 10-80-88-111 systemd: Started Session 186357 of user root.
Jul 15 08:35:01 10-80-88-111 systemd: Started Session 186358 of user root.
Jul 15 08:40:01 10-80-88-111 systemd: Started Session 186359 of user root.
Jul 15 08:45:01 10-80-88-111 systemd: Started Session 186360 of user root.
Jul 15 08:50:01 10-80-88-111 systemd: Started Session 186361 of user root.
Jul 15 08:55:01 10-80-88-111 systemd: Started Session 186362 of user root.
Jul 15 09:00:01 10-80-88-111 systemd: Started Session 186363 of user root.
Jul 15 09:01:01 10-80-88-111 systemd: Started Session 186364 of user root.
Jul 15 09:05:01 10-80-88-111 systemd: Started Session 186365 of user root.
Jul 15 09:10:01 10-80-88-111 systemd: Started Session 186366 of user root.
Jul 15 09:15:01 10-80-88-111 systemd: Started Session 186367 of user root.
Jul 15 09:20:01 10-80-88-111 systemd: Started Session 186368 of user root.
Jul 15 09:25:01 10-80-88-111 systemd: Started Session 186369 of user root.
Jul 15 09:30:01 10-80-88-111 systemd: Started Session 186370 of user root.
Jul 15 09:35:01 10-80-88-111 systemd: Started Session 186371 of user root.
Jul 15 09:40:01 10-80-88-111 systemd: Started Session 186372 of user root.
Jul 15 09:45:01 10-80-88-111 systemd: Started Session 186373 of user root.
Jul 15 09:50:01 10-80-88-111 systemd: Started Session 186374 of user root.
Jul 15 09:55:01 10-80-88-111 systemd: Started Session 186375 of user root.
Jul 15 10:00:01 10-80-88-111 systemd: Started Session 186376 of user root.
Jul 15 10:01:01 10-80-88-111 systemd: Started Session 186377 of user root.
Jul 15 10:05:01 10-80-88-111 systemd: Started Session 186378 of user root.
Jul 15 10:10:01 10-80-88-111 systemd: Started Session 186379 of user root.
Jul 15 10:15:01 10-80-88-111 systemd: Started Session 186380 of user root.
Jul 15 10:20:01 10-80-88-111 systemd: Started Session 186381 of user root.
Jul 15 10:25:01 10-80-88-111 systemd: Started Session 186382 of user root.
Jul 15 10:30:01 10-80-88-111 systemd: Started Session 186383 of user root.
Jul 15 10:35:01 10-80-88-111 systemd: Started Session 186384 of user root.
Jul 15 10:40:01 10-80-88-111 systemd: Started Session 186385 of user root.
Jul 15 10:45:01 10-80-88-111 systemd: Started Session 186386 of user root.
Jul 15 10:50:01 10-80-88-111 systemd: Started Session 186387 of user root.
Jul 15 10:55:01 10-80-88-111 systemd: Started Session 186388 of user root.
Jul 15 11:00:01 10-80-88-111 systemd: Started Session 186389 of user root.
Jul 15 11:01:01 10-80-88-111 systemd: Started Session 186390 of user root.
Jul 15 11:05:01 10-80-88-111 systemd: Started Session 186391 of user root.
Jul 15 11:10:01 10-80-88-111 systemd: Started Session 186392 of user root.
Jul 15 11:15:01 10-80-88-111 systemd: Started Session 186393 of user root.
Jul 15 11:20:01 10-80-88-111 systemd: Started Session 186394 of user root.
Jul 15 11:25:01 10-80-88-111 systemd: Started Session 186395 of user root.
Jul 15 11:30:01 10-80-88-111 systemd: Started Session 186396 of user root.
Jul 15 11:35:01 10-80-88-111 systemd: Started Session 186397 of user root.
Jul 15 11:40:01 10-80-88-111 systemd: Started Session 186398 of user root.
Jul 15 11:45:01 10-80-88-111 systemd: Started Session 186399 of user root.
Jul 15 11:50:01 10-80-88-111 systemd: Started Session 186400 of user root.
Jul 15 11:55:01 10-80-88-111 systemd: Started Session 186401 of user root.
Jul 15 12:00:01 10-80-88-111 systemd: Started Session 186402 of user root.
Jul 15 12:01:01 10-80-88-111 systemd: Started Session 186403 of user root.
Jul 15 12:05:01 10-80-88-111 systemd: Started Session 186404 of user root.
Jul 15 12:10:01 10-80-88-111 systemd: Started Session 186405 of user root.
Jul 15 12:15:01 10-80-88-111 systemd: Started Session 186406 of user root.
Jul 15 12:20:01 10-80-88-111 systemd: Started Session 186407 of user root.
Jul 15 12:25:01 10-80-88-111 systemd: Started Session 186408 of user root.
Jul 15 12:30:01 10-80-88-111 systemd: Started Session 186409 of user root.
Jul 15 12:35:01 10-80-88-111 systemd: Started Session 186410 of user root.
Jul 15 12:40:01 10-80-88-111 systemd: Started Session 186411 of user root.
Jul 15 12:45:01 10-80-88-111 systemd: Started Session 186412 of user root.
Jul 15 12:50:01 10-80-88-111 systemd: Started Session 186413 of user root.
Jul 15 12:55:01 10-80-88-111 systemd: Started Session 186414 of user root.
Jul 15 13:00:01 10-80-88-111 systemd: Started Session 186415 of user root.
Jul 15 13:01:01 10-80-88-111 systemd: Started Session 186416 of user root.
Jul 15 13:05:01 10-80-88-111 systemd: Started Session 186417 of user root.
Jul 15 13:10:01 10-80-88-111 systemd: Started Session 186418 of user root.
Jul 15 13:15:01 10-80-88-111 systemd: Started Session 186419 of user root.
Jul 15 13:20:02 10-80-88-111 systemd: Started Session 186420 of user root.
Jul 15 13:25:01 10-80-88-111 systemd: Started Session 186421 of user root.
Jul 15 13:30:01 10-80-88-111 systemd: Started Session 186422 of user root.
Jul 15 13:35:01 10-80-88-111 systemd: Started Session 186423 of user root.
Jul 15 13:40:01 10-80-88-111 systemd: Started Session 186424 of user root.
Jul 15 13:45:01 10-80-88-111 systemd: Started Session 186425 of user root.
Jul 15 13:50:01 10-80-88-111 systemd: Started Session 186426 of user root.
Jul 15 13:55:01 10-80-88-111 systemd: Started Session 186427 of user root.
Jul 15 14:00:01 10-80-88-111 systemd: Started Session 186428 of user root.
Jul 15 14:01:01 10-80-88-111 systemd: Started Session 186429 of user root.
Jul 15 14:05:01 10-80-88-111 systemd: Started Session 186430 of user root.
Jul 15 14:10:01 10-80-88-111 systemd: Started Session 186431 of user root.
Jul 15 14:15:01 10-80-88-111 systemd: Started Session 186432 of user root.
Jul 15 14:20:01 10-80-88-111 systemd: Started Session 186433 of user root.
Jul 15 14:25:01 10-80-88-111 systemd: Started Session 186434 of user root.
Jul 15 14:30:01 10-80-88-111 systemd: Started Session 186435 of user root.
Jul 15 14:35:01 10-80-88-111 systemd: Started Session 186436 of user root.
Jul 15 14:40:01 10-80-88-111 systemd: Started Session 186437 of user root.
Jul 15 14:45:01 10-80-88-111 systemd: Started Session 186438 of user root.
Jul 15 14:50:01 10-80-88-111 systemd: Started Session 186439 of user root.
Jul 15 14:55:01 10-80-88-111 systemd: Started Session 186440 of user root.
Jul 15 15:00:01 10-80-88-111 systemd: Started Session 186441 of user root.
Jul 15 15:01:01 10-80-88-111 systemd: Started Session 186442 of user root.
Jul 15 15:05:01 10-80-88-111 systemd: Started Session 186443 of user root.
Jul 15 15:10:01 10-80-88-111 systemd: Started Session 186444 of user root.
Jul 15 15:15:01 10-80-88-111 systemd: Started Session 186445 of user root.
Jul 15 15:20:01 10-80-88-111 systemd: Started Session 186446 of user root.
Jul 15 15:25:01 10-80-88-111 systemd: Started Session 186447 of user root.
Jul 15 15:30:01 10-80-88-111 systemd: Started Session 186448 of user root.
Jul 15 15:35:01 10-80-88-111 systemd: Started Session 186449 of user root.
Jul 15 15:40:01 10-80-88-111 systemd: Started Session 186450 of user root.
Jul 15 15:45:01 10-80-88-111 systemd: Started Session 186451 of user root.
Jul 15 15:50:01 10-80-88-111 systemd: Started Session 186452 of user root.
Jul 15 15:55:01 10-80-88-111 systemd: Started Session 186453 of user root.
Jul 15 16:00:01 10-80-88-111 systemd: Started Session 186454 of user root.
Jul 15 16:01:01 10-80-88-111 systemd: Started Session 186455 of user root.
Jul 15 16:05:01 10-80-88-111 systemd: Started Session 186456 of user root.
Jul 15 16:10:01 10-80-88-111 systemd: Started Session 186457 of user root.
Jul 15 16:15:01 10-80-88-111 systemd: Started Session 186458 of user root.
Jul 15 16:20:01 10-80-88-111 systemd: Started Session 186459 of user root.
Jul 15 16:25:01 10-80-88-111 systemd: Started Session 186460 of user root.
Jul 15 16:29:02 10-80-88-111 systemd: Started Session 186461 of user root.
Jul 15 16:29:02 10-80-88-111 systemd-logind: New session 186461 of user root.
Jul 15 16:29:15 10-80-88-111 sftp-server[121563]: error: Unknown extended request "fs-multiple-roots-supported@vandyke.com"
Jul 15 16:29:15 10-80-88-111 sftp-server[121563]: error: Unknown extended request "vendor-id"
Jul 15 16:29:31 10-80-88-111 yum[121553]: Installed: lm_sensors-libs-3.4.0-8.20160601gitf9185e5.el7.x86_64
Jul 15 16:29:32 10-80-88-111 systemd: Reloading.
Jul 15 16:29:33 10-80-88-111 yum[121553]: Installed: sysstat-10.1.5-19.el7.x86_64
Jul 15 16:29:33 10-80-88-111 yum[121553]: Installed: dstat-0.7.2-12.el7.noarch
Jul 15 16:30:01 10-80-88-111 systemd: Started Session 186462 of user root.
Jul 15 16:30:01 10-80-88-111 systemd: Started Session 186463 of user root.
Jul 15 16:30:01 10-80-88-111 systemd: Started Session 186464 of user root.
Jul 15 16:30:43 10-80-88-111 sftp-server[121732]: error: Unknown extended request "fs-multiple-roots-supported@vandyke.com"
Jul 15 16:30:43 10-80-88-111 sftp-server[121732]: error: Unknown extended request "vendor-id"
Jul 15 16:30:58 10-80-88-111 sftp-server[121753]: error: Unknown extended request "fs-multiple-roots-supported@vandyke.com"
Jul 15 16:30:58 10-80-88-111 sftp-server[121753]: error: Unknown extended request "vendor-id"
