******************** MySQL--localhost--3306 ***********************
--------------
mysql  Ver 14.14 Distrib 5.7.24, for linux-glibc2.12 (x86_64) using  EditLine wrapper

Connection id:		110565
Current database:	
Current user:		root@localhost
SSL:			Not in use
Current pager:		stdout
Using outfile:		''
Using delimiter:	;
Server version:		5.7.24-log MySQL Community Server (GPL)
Protocol version:	10
Connection:		Localhost via UNIX socket
Server characterset:	utf8mb4
Db     characterset:	utf8mb4
Client characterset:	utf8mb4
Conn.  characterset:	utf8mb4
UNIX socket:		/data/mysql/data/mysql.sock
Uptime:			316 days 23 hours 32 min 1 sec

Threads: 3  Questions: 107807743  Slow queries: 503  Opens: 5604  Flush tables: 1  Open tables: 1024  Queries per second avg: 3.936
--------------

                             basedir :	/usr/local/mysql/
                             datadir :	/data/mysql/data/
                                     :	          
               ####Business info#### :	          
                       Database size :	bjpt_basis 0.051 GB db_monitor 0.093 GB sys 0.000 GB
                       Tables counts :	bjpt_basis 30 db_monitor 1 sys 101
                      Engines counts :	NULL 102 InnoDB 30
                 Top 10 of big table :	accesslog 1230329 pub_user 93780 xxl_job_log 15696 pub_company 14995 sys_task_phase 4404 sys_code 1963 sys_task_progress 1660 xxl_job_log_report 326 sys_menu_roles 135 sys_user_role 123
        Top 10 of auto increment num :	accesslog 1236250 xxl_job_log 158490 sys_task_phase 4546 sys_code 2989 sys_task_progress 1739 xxl_job_log_report 327 xxl_job_registry 294 sys_menu_roles 136 sys_user_role 126 sys_menu 40
                                     :	          
              ####Runtime status#### :	          
                   Threads connected :	     1.00 
                                 QPS :	     0.03 
                                 TPS :	     1.95 
                               Reads :	366267.00 
                              Writes :	53565903.00 
                   Read/Writes Ratio :	    0.68% 
   MyISAM Key buffer read hits(>99%) :	   99.57% 
        MyISAM Key buffer write hits :	    0.00% 
                    Query cache hits :	    NULL% 
       InnoDB buffer read hits(>95%) :	  100.00% 
             Thread cache hits(>90%) :	   99.97% 
             Slow queries per second :	     0.00 
         Select full join per second :	     0.00 
      Select full join in all select :	    0.00% 
         MyiSAM lock contention(<1%) :	    0.00% 
           Temp tables to disk ratio :	    3.31% 
No innodb tables
No primary key tables
TABLE_SCHEMA	TABLE_NAME	TABLE_TYPE	TABLE_ROWS
bjpt_basis	sys_company	VIEW	NULL
bjpt_basis	sys_user	VIEW	NULL
password equals user
Global status:
Aborted_clients	835
Aborted_connects	23
Binlog_cache_disk_use	350
Binlog_cache_use	53319230
Binlog_stmt_cache_disk_use	0
Binlog_stmt_cache_use	9129
Bytes_received	36449081171
Bytes_sent	1959612197
Com_admin_commands	0
Com_assign_to_keycache	0
Com_alter_db	0
Com_alter_db_upgrade	0
Com_alter_event	0
Com_alter_function	0
Com_alter_instance	0
Com_alter_procedure	0
Com_alter_server	0
Com_alter_table	1
Com_alter_tablespace	0
Com_alter_user	2
Com_analyze	0
Com_begin	53319230
Com_binlog	0
Com_call_procedure	0
Com_change_db	65524
Com_change_master	0
Com_change_repl_filter	0
Com_check	0
Com_checksum	0
Com_commit	53319230
Com_create_db	2
Com_create_event	1
Com_create_function	0
Com_create_index	0
Com_create_procedure	0
Com_create_server	0
Com_create_table	4534
Com_create_trigger	0
Com_create_udf	0
Com_create_user	8
Com_create_view	0
Com_dealloc_sql	0
Com_delete	4928
Com_delete_multi	0
Com_do	0
Com_drop_db	0
Com_drop_event	0
Com_drop_function	0
Com_drop_index	0
Com_drop_procedure	0
Com_drop_server	0
Com_drop_table	4530
Com_drop_trigger	0
Com_drop_user	0
Com_drop_view	0
Com_empty_query	0
Com_execute_sql	0
Com_explain_other	0
Com_flush	0
Com_get_diagnostics	0
Com_grant	47
Com_ha_close	0
Com_ha_open	0
Com_ha_read	0
Com_help	0
Com_insert	1406929
Com_insert_select	0
Com_install_plugin	0
Com_kill	0
Com_load	0
Com_lock_tables	0
Com_optimize	0
Com_preload_keys	0
Com_prepare_sql	0
Com_purge	0
Com_purge_before_date	0
Com_release_savepoint	0
Com_rename_table	0
Com_rename_user	0
Com_repair	0
Com_replace	0
Com_replace_select	0
Com_reset	0
Com_resignal	0
Com_revoke	0
Com_revoke_all	0
Com_rollback	0
Com_rollback_to_savepoint	0
Com_savepoint	0
Com_select	366280
Com_set_option	128989
Com_signal	0
Com_show_binlog_events	0
Com_show_binlogs	0
Com_show_charsets	6
Com_show_collations	6
Com_show_create_db	0
Com_show_create_event	0
Com_show_create_func	0
Com_show_create_proc	0
Com_show_create_table	63871
Com_show_create_trigger	0
Com_show_databases	923
Com_show_engine_logs	0
Com_show_engine_mutex	0
Com_show_engine_status	0
Com_show_events	0
Com_show_errors	0
Com_show_fields	1042
Com_show_function_code	0
Com_show_function_status	173
Com_show_grants	0
Com_show_keys	5
Com_show_master_status	0
Com_show_open_tables	0
Com_show_plugins	0
Com_show_privileges	0
Com_show_procedure_code	0
Com_show_procedure_status	173
Com_show_processlist	4
Com_show_profile	0
Com_show_profiles	0
Com_show_relaylog_events	0
Com_show_slave_hosts	0
Com_show_slave_status	108965
Com_show_status	1848
Com_show_storage_engines	34
Com_show_table_status	489
Com_show_tables	673
Com_show_triggers	0
Com_show_variables	64767
Com_show_warnings	0
Com_show_create_user	0
Com_shutdown	0
Com_slave_start	0
Com_slave_stop	0
Com_group_replication_start	0
Com_group_replication_stop	0
Com_stmt_execute	0
Com_stmt_close	0
Com_stmt_fetch	0
Com_stmt_prepare	0
Com_stmt_reset	0
Com_stmt_send_long_data	0
Com_truncate	4
Com_uninstall_plugin	0
Com_unlock_tables	0
Com_update	52154046
Com_update_multi	0
Com_xa_commit	0
Com_xa_end	0
Com_xa_prepare	0
Com_xa_recover	0
Com_xa_rollback	0
Com_xa_start	0
Com_stmt_reprepare	0
Connection_errors_accept	0
Connection_errors_internal	0
Connection_errors_max_connections	0
Connection_errors_peer_address	0
Connection_errors_select	0
Connection_errors_tcpwrap	0
Connections	110570
Created_tmp_disk_tables	2547
Created_tmp_files	7
Created_tmp_tables	76932
Delayed_errors	0
Delayed_insert_threads	0
Delayed_writes	0
Flush_commands	1
Handler_commit	267314079
Handler_delete	228293
Handler_discover	0
Handler_external_lock	214354215
Handler_mrr_init	0
Handler_prepare	213770266
Handler_read_first	3494
Handler_read_key	106121718
Handler_read_last	4
Handler_read_next	272288
Handler_read_prev	47088
Handler_read_rnd	52436183
Handler_read_rnd_next	76058710
Handler_rollback	1
Handler_savepoint	0
Handler_savepoint_rollback	0
Handler_update	105648934
Handler_write	36285405
Innodb_buffer_pool_dump_status	Dumping of buffer pool not started
Innodb_buffer_pool_load_status	Buffer pool(s) load completed at 200901 17:36:08
Innodb_buffer_pool_resize_status	Completed resizing buffer pool at 200902 16:11:08.
Innodb_buffer_pool_pages_data	30156
Innodb_buffer_pool_bytes_data	494075904
Innodb_buffer_pool_pages_dirty	447
Innodb_buffer_pool_bytes_dirty	7323648
Innodb_buffer_pool_pages_flushed	28396697
Innodb_buffer_pool_pages_free	625042
Innodb_buffer_pool_pages_misc	82
Innodb_buffer_pool_pages_total	655280
Innodb_buffer_pool_read_ahead_rnd	0
Innodb_buffer_pool_read_ahead	0
Innodb_buffer_pool_read_ahead_evicted	0
Innodb_buffer_pool_read_requests	1053174261
Innodb_buffer_pool_reads	2644
Innodb_buffer_pool_wait_free	0
Innodb_buffer_pool_write_requests	617576137
Innodb_data_fsyncs	98989498
Innodb_data_pending_fsyncs	0
Innodb_data_pending_reads	0
Innodb_data_pending_writes	0
Innodb_data_read	43405824
Innodb_data_reads	2698
Innodb_data_writes	117352828
Innodb_data_written	1044648602112
Innodb_dblwr_pages_written	28394750
Innodb_dblwr_writes	7158011
Innodb_log_waits	0
Innodb_log_write_requests	75041481
Innodb_log_writes	79166952
Innodb_os_log_fsyncs	81780373
Innodb_os_log_pending_fsyncs	0
Innodb_os_log_pending_writes	0
Innodb_os_log_written	112841410560
Innodb_page_size	16384
Innodb_pages_created	27528
Innodb_pages_read	2644
Innodb_pages_written	28396698
Innodb_row_lock_current_waits	0
Innodb_row_lock_time	0
Innodb_row_lock_time_avg	0
Innodb_row_lock_time_max	0
Innodb_row_lock_waits	0
Innodb_rows_deleted	228419
Innodb_rows_inserted	1705588
Innodb_rows_read	113074623
Innodb_rows_updated	105505999
Innodb_num_open_files	49
Innodb_truncated_status_writes	0
Innodb_available_undo_logs	128
Key_blocks_not_flushed	0
Key_blocks_unused	6684
Key_blocks_used	14
Key_read_requests	2812
Key_reads	12
Key_write_requests	125
Key_writes	125
Locked_connects	0
Max_execution_time_exceeded	0
Max_execution_time_set	0
Max_execution_time_set_failed	0
Max_used_connections	36
Max_used_connections_time	2021-03-16 08:49:07
Not_flushed_delayed_rows	0
Ongoing_anonymous_transaction_count	0
Open_files	47
Open_streams	0
Open_table_definitions	251
Open_tables	1026
Opened_files	52277
Opened_table_definitions	9319
Opened_tables	5606
Performance_schema_accounts_lost	0
Performance_schema_cond_classes_lost	0
Performance_schema_cond_instances_lost	0
Performance_schema_digest_lost	0
Performance_schema_file_classes_lost	0
Performance_schema_file_handles_lost	0
Performance_schema_file_instances_lost	1
Performance_schema_hosts_lost	0
Performance_schema_index_stat_lost	0
Performance_schema_locker_lost	0
Performance_schema_memory_classes_lost	0
Performance_schema_metadata_lock_lost	0
Performance_schema_mutex_classes_lost	0
Performance_schema_mutex_instances_lost	0
Performance_schema_nested_statement_lost	0
Performance_schema_prepared_statements_lost	0
Performance_schema_program_lost	0
Performance_schema_rwlock_classes_lost	0
Performance_schema_rwlock_instances_lost	0
Performance_schema_session_connect_attrs_lost	0
Performance_schema_socket_classes_lost	0
Performance_schema_socket_instances_lost	0
Performance_schema_stage_classes_lost	0
Performance_schema_statement_classes_lost	0
Performance_schema_table_handles_lost	0
Performance_schema_table_instances_lost	0
Performance_schema_table_lock_stat_lost	0
Performance_schema_thread_classes_lost	0
Performance_schema_thread_instances_lost	0
Performance_schema_users_lost	0
Prepared_stmt_count	0
Qcache_free_blocks	0
Qcache_free_memory	0
Qcache_hits	0
Qcache_inserts	0
Qcache_lowmem_prunes	0
Qcache_not_cached	0
Qcache_queries_in_cache	0
Qcache_total_blocks	0
Queries	107807755
Questions	913488
Rpl_semi_sync_master_clients	0
Rpl_semi_sync_master_net_avg_wait_time	0
Rpl_semi_sync_master_net_wait_time	0
Rpl_semi_sync_master_net_waits	0
Rpl_semi_sync_master_no_times	1
Rpl_semi_sync_master_no_tx	53328359
Rpl_semi_sync_master_status	OFF
Rpl_semi_sync_master_timefunc_failures	0
Rpl_semi_sync_master_tx_avg_wait_time	0
Rpl_semi_sync_master_tx_wait_time	0
Rpl_semi_sync_master_tx_waits	0
Rpl_semi_sync_master_wait_pos_backtraverse	0
Rpl_semi_sync_master_wait_sessions	0
Rpl_semi_sync_master_yes_tx	0
Rpl_semi_sync_slave_status	ON
Select_full_join	3
Select_full_range_join	0
Select_range	44
Select_range_check	0
Select_scan	139352
Slave_open_temp_tables	0
Slow_launch_threads	0
Slow_queries	503
Sort_merge_passes	0
Sort_range	5
Sort_rows	54023
Sort_scan	1203
Ssl_accept_renegotiates	0
Ssl_accepts	0
Ssl_callback_cache_hits	0
Ssl_cipher	
Ssl_cipher_list	
Ssl_client_connects	0
Ssl_connect_renegotiates	0
Ssl_ctx_verify_depth	0
Ssl_ctx_verify_mode	0
Ssl_default_timeout	0
Ssl_finished_accepts	0
Ssl_finished_connects	0
Ssl_server_not_after	
Ssl_server_not_before	
Ssl_session_cache_hits	0
Ssl_session_cache_misses	0
Ssl_session_cache_mode	NONE
Ssl_session_cache_overflows	0
Ssl_session_cache_size	0
Ssl_session_cache_timeouts	0
Ssl_sessions_reused	0
Ssl_used_session_cache_entries	0
Ssl_verify_depth	0
Ssl_verify_mode	0
Ssl_version	
Table_locks_immediate	67509
Table_locks_waited	0
Table_open_cache_hits	107248594
Table_open_cache_misses	5606
Table_open_cache_overflows	27
Tc_log_max_pages_used	0
Tc_log_page_size	0
Tc_log_page_waits	0
Threads_cached	17
Threads_connected	1
Threads_created	36
Threads_running	1
Uptime	27387121
Uptime_since_flush_status	27387121
Replication status:
*************************** 1. row ***************************
               Slave_IO_State: Waiting for master to send event
                  Master_Host: 10.80.88.64
                  Master_User: repl
                  Master_Port: 3306
                Connect_Retry: 60
              Master_Log_File: mysql-bin.000165
          Read_Master_Log_Pos: 97629010
               Relay_Log_File: mysql-relay.000441
                Relay_Log_Pos: 97629223
        Relay_Master_Log_File: mysql-bin.000165
             Slave_IO_Running: Yes
            Slave_SQL_Running: Yes
              Replicate_Do_DB: 
          Replicate_Ignore_DB: 
           Replicate_Do_Table: 
       Replicate_Ignore_Table: 
      Replicate_Wild_Do_Table: 
  Replicate_Wild_Ignore_Table: 
                   Last_Errno: 0
                   Last_Error: 
                 Skip_Counter: 0
          Exec_Master_Log_Pos: 97629010
              Relay_Log_Space: 97629513
              Until_Condition: None
               Until_Log_File: 
                Until_Log_Pos: 0
           Master_SSL_Allowed: No
           Master_SSL_CA_File: 
           Master_SSL_CA_Path: 
              Master_SSL_Cert: 
            Master_SSL_Cipher: 
               Master_SSL_Key: 
        Seconds_Behind_Master: 0
Master_SSL_Verify_Server_Cert: No
                Last_IO_Errno: 0
                Last_IO_Error: 
               Last_SQL_Errno: 0
               Last_SQL_Error: 
  Replicate_Ignore_Server_Ids: 
             Master_Server_Id: 88643306
                  Master_UUID: 4a6f6379-e770-11ea-8c3b-005056aae9bb
             Master_Info_File: mysql.slave_master_info
                    SQL_Delay: 0
          SQL_Remaining_Delay: NULL
      Slave_SQL_Running_State: Slave has read all relay log; waiting for more updates
           Master_Retry_Count: 86400
                  Master_Bind: 
      Last_IO_Error_Timestamp: 
     Last_SQL_Error_Timestamp: 
               Master_SSL_Crl: 
           Master_SSL_Crlpath: 
           Retrieved_Gtid_Set: 4a6f6379-e770-11ea-8c3b-005056aae9bb:379927-53708283
            Executed_Gtid_Set: 4a6f6379-e770-11ea-8c3b-005056aae9bb:1-53708283,
ef964a0d-e841-11ea-9dfa-005056aa3f3f:1-2
                Auto_Position: 1
         Replicate_Rewrite_DB: 
                 Channel_Name: 
           Master_TLS_Version: 
Global variables:
auto_increment_increment	1
auto_increment_offset	1
autocommit	ON
automatic_sp_privileges	ON
avoid_temporal_upgrade	OFF
back_log	250
basedir	/usr/local/mysql/
big_tables	OFF
bind_address	*
binlog_cache_size	32768
binlog_checksum	CRC32
binlog_direct_non_transactional_updates	OFF
binlog_error_action	ABORT_SERVER
binlog_format	ROW
binlog_group_commit_sync_delay	0
binlog_group_commit_sync_no_delay_count	0
binlog_gtid_simple_recovery	ON
binlog_max_flush_queue_time	0
binlog_order_commits	ON
binlog_row_image	FULL
binlog_rows_query_log_events	ON
binlog_stmt_cache_size	32768
binlog_transaction_dependency_history_size	25000
binlog_transaction_dependency_tracking	COMMIT_ORDER
block_encryption_mode	aes-128-ecb
bulk_insert_buffer_size	8388608
character_set_client	utf8mb4
character_set_connection	utf8mb4
character_set_database	utf8mb4
character_set_filesystem	binary
character_set_results	utf8mb4
character_set_server	utf8mb4
character_set_system	utf8
character_sets_dir	/usr/local/mysql/share/charsets/
check_proxy_users	OFF
collation_connection	utf8mb4_general_ci
collation_database	utf8mb4_general_ci
collation_server	utf8mb4_general_ci
completion_type	NO_CHAIN
concurrent_insert	AUTO
connect_timeout	10
core_file	OFF
datadir	/data/mysql/data/
date_format	%Y-%m-%d
datetime_format	%Y-%m-%d %H:%i:%s
default_authentication_plugin	mysql_native_password
default_password_lifetime	0
default_storage_engine	InnoDB
default_tmp_storage_engine	InnoDB
default_week_format	0
delay_key_write	ON
delayed_insert_limit	100
delayed_insert_timeout	300
delayed_queue_size	1000
disabled_storage_engines	
disconnect_on_expired_password	ON
div_precision_increment	4
end_markers_in_json	OFF
enforce_gtid_consistency	ON
eq_range_index_dive_limit	200
event_scheduler	OFF
expire_logs_days	14
explicit_defaults_for_timestamp	ON
flush	OFF
flush_time	0
foreign_key_checks	ON
ft_boolean_syntax	+ -><()~*:""&|
ft_max_word_len	84
ft_min_word_len	4
ft_query_expansion_limit	20
ft_stopword_file	(built-in)
general_log	OFF
general_log_file	/data/mysql/data/10-80-88-65.log
group_concat_max_len	1024
gtid_executed	4a6f6379-e770-11ea-8c3b-005056aae9bb:1-53708283,\nef964a0d-e841-11ea-9dfa-005056aa3f3f:1-2
gtid_executed_compression_period	1000
gtid_mode	ON
gtid_owned	
gtid_purged	4a6f6379-e770-11ea-8c3b-005056aae9bb:1-50400115,\nef964a0d-e841-11ea-9dfa-005056aa3f3f:1-2
have_compress	YES
have_crypt	YES
have_dynamic_loading	YES
have_geometry	YES
have_openssl	DISABLED
have_profiling	YES
have_query_cache	YES
have_rtree_keys	YES
have_ssl	DISABLED
have_statement_timeout	YES
have_symlink	YES
host_cache_size	653
hostname	10-80-88-65
ignore_builtin_innodb	OFF
ignore_db_dirs	
init_connect	
init_file	
init_slave	
innodb_adaptive_flushing	ON
innodb_adaptive_flushing_lwm	10
innodb_adaptive_hash_index	ON
innodb_adaptive_hash_index_parts	8
innodb_adaptive_max_sleep_delay	150000
innodb_api_bk_commit_interval	5
innodb_api_disable_rowlock	OFF
innodb_api_enable_binlog	OFF
innodb_api_enable_mdl	OFF
innodb_api_trx_level	0
innodb_autoextend_increment	64
innodb_autoinc_lock_mode	1
innodb_buffer_pool_chunk_size	134217728
innodb_buffer_pool_dump_at_shutdown	ON
innodb_buffer_pool_dump_now	OFF
innodb_buffer_pool_dump_pct	25
innodb_buffer_pool_filename	ib_buffer_pool
innodb_buffer_pool_instances	8
innodb_buffer_pool_load_abort	OFF
innodb_buffer_pool_load_at_startup	ON
innodb_buffer_pool_load_now	OFF
innodb_buffer_pool_size	10737418240
innodb_change_buffer_max_size	25
innodb_change_buffering	all
innodb_checksum_algorithm	innodb
innodb_checksums	ON
innodb_cmp_per_index_enabled	OFF
innodb_commit_concurrency	0
innodb_compression_failure_threshold_pct	5
innodb_compression_level	6
innodb_compression_pad_pct_max	50
innodb_concurrency_tickets	5000
innodb_data_file_path	ibdata1:200M:autoextend
innodb_data_home_dir	
innodb_deadlock_detect	ON
innodb_default_row_format	dynamic
innodb_disable_sort_file_cache	OFF
innodb_doublewrite	ON
innodb_fast_shutdown	1
innodb_file_format	Barracuda
innodb_file_format_check	ON
innodb_file_format_max	Barracuda
innodb_file_per_table	ON
innodb_fill_factor	100
innodb_flush_log_at_timeout	1
innodb_flush_log_at_trx_commit	1
innodb_flush_method	O_DIRECT
innodb_flush_neighbors	1
innodb_flush_sync	ON
innodb_flushing_avg_loops	30
innodb_force_load_corrupted	OFF
innodb_force_recovery	0
innodb_ft_aux_table	
innodb_ft_cache_size	8000000
innodb_ft_enable_diag_print	OFF
innodb_ft_enable_stopword	ON
innodb_ft_max_token_size	84
innodb_ft_min_token_size	3
innodb_ft_num_word_optimize	2000
innodb_ft_result_cache_limit	2000000000
innodb_ft_server_stopword_table	
innodb_ft_sort_pll_degree	2
innodb_ft_total_cache_size	640000000
innodb_ft_user_stopword_table	
innodb_io_capacity	800
innodb_io_capacity_max	2000
innodb_large_prefix	ON
innodb_lock_wait_timeout	5
innodb_locks_unsafe_for_binlog	OFF
innodb_log_buffer_size	16777216
innodb_log_checksums	ON
innodb_log_compressed_pages	ON
innodb_log_file_size	1572864000
innodb_log_files_in_group	2
innodb_log_group_home_dir	./
innodb_log_write_ahead_size	8192
innodb_lru_scan_depth	1024
innodb_max_dirty_pages_pct	75.000000
innodb_max_dirty_pages_pct_lwm	0.000000
innodb_max_purge_lag	0
innodb_max_purge_lag_delay	0
innodb_max_undo_log_size	1073741824
innodb_monitor_disable	
innodb_monitor_enable	
innodb_monitor_reset	
innodb_monitor_reset_all	
innodb_numa_interleave	OFF
innodb_old_blocks_pct	37
innodb_old_blocks_time	1000
innodb_online_alter_log_max_size	134217728
innodb_open_files	2000
innodb_optimize_fulltext_only	OFF
innodb_page_cleaners	4
innodb_page_size	16384
innodb_print_all_deadlocks	ON
innodb_purge_batch_size	300
innodb_purge_rseg_truncate_frequency	128
innodb_purge_threads	4
innodb_random_read_ahead	OFF
innodb_read_ahead_threshold	56
innodb_read_io_threads	4
innodb_read_only	OFF
innodb_replication_delay	0
innodb_rollback_on_timeout	OFF
innodb_rollback_segments	128
innodb_sort_buffer_size	67108864
innodb_spin_wait_delay	6
innodb_stats_auto_recalc	ON
innodb_stats_include_delete_marked	OFF
innodb_stats_method	nulls_equal
innodb_stats_on_metadata	OFF
innodb_stats_persistent	ON
innodb_stats_persistent_sample_pages	20
innodb_stats_sample_pages	8
innodb_stats_transient_sample_pages	8
innodb_status_output	OFF
innodb_status_output_locks	OFF
innodb_strict_mode	ON
innodb_support_xa	ON
innodb_sync_array_size	1
innodb_sync_spin_loops	30
innodb_table_locks	ON
innodb_temp_data_file_path	ibtmp1:12M:autoextend
innodb_thread_concurrency	0
innodb_thread_sleep_delay	10000
innodb_tmpdir	
innodb_undo_directory	./
innodb_undo_log_truncate	OFF
innodb_undo_logs	128
innodb_undo_tablespaces	0
innodb_use_native_aio	ON
innodb_version	5.7.24
innodb_write_io_threads	4
interactive_timeout	28800
internal_tmp_disk_storage_engine	InnoDB
join_buffer_size	8388608
keep_files_on_create	OFF
key_buffer_size	8388608
key_cache_age_threshold	300
key_cache_block_size	1024
key_cache_division_limit	100
keyring_operations	ON
large_files_support	ON
large_page_size	0
large_pages	OFF
lc_messages	en_US
lc_messages_dir	/usr/local/mysql/share/
lc_time_names	en_US
license	GPL
local_infile	ON
lock_wait_timeout	31536000
locked_in_memory	OFF
log_bin	ON
log_bin_basename	/data/mysql/data/mysql-bin
log_bin_index	/data/mysql/data/mysql-bin.index
log_bin_trust_function_creators	ON
log_bin_use_v1_row_events	OFF
log_builtin_as_identified_by_password	OFF
log_error	./mysql-error.log
log_error_verbosity	3
log_output	FILE
log_queries_not_using_indexes	ON
log_slave_updates	ON
log_slow_admin_statements	ON
log_slow_slave_statements	ON
log_statements_unsafe_for_binlog	ON
log_syslog	OFF
log_syslog_facility	daemon
log_syslog_include_pid	ON
log_syslog_tag	
log_throttle_queries_not_using_indexes	10
log_timestamps	UTC
log_warnings	2
long_query_time	2.000000
low_priority_updates	OFF
lower_case_file_system	OFF
lower_case_table_names	1
master_info_repository	TABLE
master_verify_checksum	OFF
max_allowed_packet	33554432
max_binlog_cache_size	18446744073709547520
max_binlog_size	268435456
max_binlog_stmt_cache_size	18446744073709547520
max_connect_errors	100000
max_connections	1000
max_delayed_threads	20
max_digest_length	1024
max_error_count	64
max_execution_time	0
max_heap_table_size	16777216
max_insert_delayed_threads	20
max_join_size	18446744073709551615
max_length_for_sort_data	1024
max_points_in_geometry	65536
max_prepared_stmt_count	16382
max_relay_log_size	0
max_seeks_for_key	18446744073709551615
max_sort_length	1024
max_sp_recursion_depth	0
max_tmp_tables	32
max_user_connections	0
max_write_lock_count	18446744073709551615
metadata_locks_cache_size	1024
metadata_locks_hash_instances	8
min_examined_row_limit	1000
multi_range_count	256
myisam_data_pointer_size	6
myisam_max_sort_file_size	9223372036853727232
myisam_mmap_size	18446744073709551615
myisam_recover_options	OFF
myisam_repair_threads	1
myisam_sort_buffer_size	8388608
myisam_stats_method	nulls_unequal
myisam_use_mmap	OFF
mysql_native_password_proxy_users	OFF
net_buffer_length	16384
net_read_timeout	30
net_retry_count	10
net_write_timeout	60
new	OFF
ngram_token_size	2
offline_mode	OFF
old	OFF
old_alter_table	OFF
old_passwords	0
open_files_limit	65535
optimizer_prune_level	1
optimizer_search_depth	62
optimizer_switch	index_merge=on,index_merge_union=on,index_merge_sort_union=on,index_merge_intersection=on,engine_condition_pushdown=on,index_condition_pushdown=on,mrr=on,mrr_cost_based=on,block_nested_loop=on,batched_key_access=off,materialization=on,semijoin=on,loosescan=on,firstmatch=on,duplicateweedout=on,subquery_materialization_cost_based=on,use_index_extensions=on,condition_fanout_filter=on,derived_merge=on
optimizer_trace	enabled=off,one_line=off
optimizer_trace_features	greedy_search=on,range_optimizer=on,dynamic_range=on,repeated_subselect=on
optimizer_trace_limit	1
optimizer_trace_max_mem_size	16384
optimizer_trace_offset	-1
parser_max_mem_size	18446744073709551615
performance_schema	ON
performance_schema_accounts_size	-1
performance_schema_digests_size	10000
performance_schema_events_stages_history_long_size	10000
performance_schema_events_stages_history_size	10
performance_schema_events_statements_history_long_size	10000
performance_schema_events_statements_history_size	10
performance_schema_events_transactions_history_long_size	10000
performance_schema_events_transactions_history_size	10
performance_schema_events_waits_history_long_size	10000
performance_schema_events_waits_history_size	10
performance_schema_hosts_size	-1
performance_schema_max_cond_classes	80
performance_schema_max_cond_instances	-1
performance_schema_max_digest_length	1024
performance_schema_max_file_classes	80
performance_schema_max_file_handles	32768
performance_schema_max_file_instances	-1
performance_schema_max_index_stat	-1
performance_schema_max_memory_classes	320
performance_schema_max_metadata_locks	-1
performance_schema_max_mutex_classes	210
performance_schema_max_mutex_instances	-1
performance_schema_max_prepared_statements_instances	-1
performance_schema_max_program_instances	-1
performance_schema_max_rwlock_classes	40
performance_schema_max_rwlock_instances	-1
performance_schema_max_socket_classes	10
performance_schema_max_socket_instances	-1
performance_schema_max_sql_text_length	1024
performance_schema_max_stage_classes	150
performance_schema_max_statement_classes	193
performance_schema_max_statement_stack	10
performance_schema_max_table_handles	-1
performance_schema_max_table_instances	-1
performance_schema_max_table_lock_stat	-1
performance_schema_max_thread_classes	50
performance_schema_max_thread_instances	-1
performance_schema_session_connect_attrs_size	512
performance_schema_setup_actors_size	-1
performance_schema_setup_objects_size	-1
performance_schema_users_size	-1
pid_file	/data/mysql/data/mysql.pid
plugin_dir	/usr/local/mysql/lib/plugin/
port	3306
preload_buffer_size	32768
profiling	OFF
profiling_history_size	15
protocol_version	10
query_alloc_block_size	8192
query_cache_limit	1048576
query_cache_min_res_unit	4096
query_cache_size	0
query_cache_type	OFF
query_cache_wlock_invalidate	OFF
query_prealloc_size	8192
range_alloc_block_size	4096
range_optimizer_max_mem_size	8388608
rbr_exec_mode	STRICT
read_buffer_size	8388608
read_only	ON
read_rnd_buffer_size	8388608
relay_log	mysql-relay.log
relay_log_basename	/data/mysql/data/mysql-relay
relay_log_index	/data/mysql/data/mysql-relay.index
relay_log_info_file	relay-log.info
relay_log_info_repository	TABLE
relay_log_purge	ON
relay_log_recovery	ON
relay_log_space_limit	0
report_host	
report_password	
report_port	3306
report_user	
require_secure_transport	OFF
rpl_semi_sync_master_enabled	ON
rpl_semi_sync_master_timeout	5000
rpl_semi_sync_master_trace_level	32
rpl_semi_sync_master_wait_for_slave_count	1
rpl_semi_sync_master_wait_no_slave	ON
rpl_semi_sync_master_wait_point	AFTER_SYNC
rpl_semi_sync_slave_enabled	ON
rpl_semi_sync_slave_trace_level	32
rpl_stop_slave_timeout	31536000
secure_auth	ON
secure_file_priv	
server_id	88653306
server_id_bits	32
server_uuid	ef964a0d-e841-11ea-9dfa-005056aa3f3f
session_track_gtids	OFF
session_track_schema	ON
session_track_state_change	OFF
session_track_system_variables	time_zone,autocommit,character_set_client,character_set_results,character_set_connection
session_track_transaction_info	OFF
sha256_password_proxy_users	OFF
show_compatibility_56	OFF
show_create_table_verbosity	OFF
show_old_temporals	OFF
skip_external_locking	ON
skip_name_resolve	ON
skip_networking	OFF
skip_show_database	OFF
slave_allow_batching	OFF
slave_checkpoint_group	512
slave_checkpoint_period	300
slave_compressed_protocol	OFF
slave_exec_mode	STRICT
slave_load_tmpdir	/data/mysql/mysql_tmp
slave_max_allowed_packet	1073741824
slave_net_timeout	60
slave_parallel_type	DATABASE
slave_parallel_workers	0
slave_pending_jobs_size_max	16777216
slave_preserve_commit_order	OFF
slave_rows_search_algorithms	TABLE_SCAN,INDEX_SCAN
slave_skip_errors	OFF
slave_sql_verify_checksum	ON
slave_transaction_retries	10
slave_type_conversions	
slow_launch_time	2
slow_query_log	ON
slow_query_log_file	mysql-slow.log
socket	/data/mysql/data/mysql.sock
sort_buffer_size	2097152
sql_auto_is_null	OFF
sql_big_selects	ON
sql_buffer_result	OFF
sql_log_off	OFF
sql_mode	ONLY_FULL_GROUP_BY,STRICT_TRANS_TABLES,NO_ZERO_IN_DATE,NO_ZERO_DATE,ERROR_FOR_DIVISION_BY_ZERO,NO_AUTO_CREATE_USER,NO_ENGINE_SUBSTITUTION
sql_notes	ON
sql_quote_show_create	ON
sql_safe_updates	OFF
sql_select_limit	18446744073709551615
sql_slave_skip_counter	0
sql_warnings	OFF
ssl_ca	
ssl_capath	
ssl_cert	
ssl_cipher	
ssl_crl	
ssl_crlpath	
ssl_key	
stored_program_cache	256
super_read_only	OFF
sync_binlog	1
sync_frm	ON
sync_master_info	10000
sync_relay_log	10000
sync_relay_log_info	10000
system_time_zone	CST
table_definition_cache	1400
table_open_cache	2000
table_open_cache_instances	16
thread_cache_size	18
thread_handling	one-thread-per-connection
thread_stack	262144
time_format	%H:%i:%s
time_zone	SYSTEM
tls_version	TLSv1,TLSv1.1
tmp_table_size	67108864
tmpdir	/data/mysql/mysql_tmp
transaction_alloc_block_size	8192
transaction_isolation	REPEATABLE-READ
transaction_prealloc_size	4096
transaction_read_only	OFF
transaction_write_set_extraction	OFF
tx_isolation	REPEATABLE-READ
tx_read_only	OFF
unique_checks	ON
updatable_views_with_limit	YES
version	5.7.24-log
version_comment	MySQL Community Server (GPL)
version_compile_machine	x86_64
version_compile_os	linux-glibc2.12
wait_timeout	28800
ERROR LOG:
2021-03-24T03:34:21.690099Z 61347 [Note] Aborted connection 61347 to db: 'unconnected' user: 'sjinfang' host: '10.80.80.214' (Got timeout reading communication packets)
2021-03-24T09:07:34.345115Z 61367 [Note] Aborted connection 61367 to db: 'unconnected' user: 'sjinfang' host: '10.80.80.243' (Got an error reading communication packets)
2021-03-24T09:41:38.170203Z 61462 [Note] Aborted connection 61462 to db: 'unconnected' user: 'sjinfang' host: '10.80.80.213' (Got timeout reading communication packets)
2021-03-25T05:41:22.156821Z 61806 [Note] Aborted connection 61806 to db: 'unconnected' user: 'sjinfang' host: '10.80.80.243' (Got an error reading communication packets)
2021-03-25T12:39:16.986306Z 61947 [Note] Aborted connection 61947 to db: 'unconnected' user: 'sjinfang' host: '10.80.80.213' (Got timeout reading communication packets)
2021-03-25T14:04:45.178108Z 61974 [Note] Aborted connection 61974 to db: 'unconnected' user: 'sjinfang' host: '10.80.80.213' (Got timeout reading communication packets)
2021-03-25T14:28:36.197825Z 61944 [Note] Aborted connection 61944 to db: 'unconnected' user: 'sjinfang' host: '10.80.80.243' (Got an error reading communication packets)
2021-03-25T14:28:36.198299Z 61984 [Note] Aborted connection 61984 to db: 'bjpt_basis' user: 'sjinfang' host: '10.80.80.243' (Got an error reading communication packets)
2021-03-25T15:23:56.538193Z 62003 [Note] Aborted connection 62003 to db: 'unconnected' user: 'sjinfang' host: '10.80.80.214' (Got timeout reading communication packets)
2021-03-26T03:37:23.962231Z 62223 [Note] Aborted connection 62223 to db: 'unconnected' user: 'sjinfang' host: '10.80.80.214' (Got timeout reading communication packets)
2021-03-26T05:07:30.682201Z 62251 [Note] Aborted connection 62251 to db: 'unconnected' user: 'sjinfang' host: '10.80.80.213' (Got timeout reading communication packets)
2021-03-26T08:47:36.186234Z 62320 [Note] Aborted connection 62320 to db: 'unconnected' user: 'sjinfang' host: '10.80.80.213' (Got timeout reading communication packets)
2021-03-26T09:22:16.840808Z 62367 [Note] Aborted connection 62367 to db: 'unconnected' user: 'sjinfang' host: '10.80.80.243' (Got an error reading communication packets)
2021-03-26T09:22:16.841445Z 62368 [Note] Aborted connection 62368 to db: 'bjpt_basis' user: 'sjinfang' host: '10.80.80.243' (Got an error reading communication packets)
2021-03-26T10:42:59.120676Z 62380 [Note] Aborted connection 62380 to db: 'unconnected' user: 'sjinfang' host: '10.80.80.243' (Got an error reading communication packets)
2021-03-26T10:42:59.120676Z 62381 [Note] Aborted connection 62381 to db: 'bjpt_basis' user: 'sjinfang' host: '10.80.80.243' (Got an error reading communication packets)
2021-03-29T05:09:36.634192Z 63558 [Note] Aborted connection 63558 to db: 'unconnected' user: 'sjinfang' host: '10.80.80.213' (Got timeout reading communication packets)
2021-03-29T11:11:41.818153Z 63671 [Note] Aborted connection 63671 to db: 'bjpt_basis' user: 'sjinfang' host: '10.80.80.213' (Got timeout reading communication packets)
2021-03-29T11:11:47.962132Z 63670 [Note] Aborted connection 63670 to db: 'bjpt_basis' user: 'sjinfang' host: '10.80.80.213' (Got timeout reading communication packets)
2021-03-30T02:35:29.238922Z 63988 [Note] Aborted connection 63988 to db: 'unconnected' user: 'sjinfang' host: '10.80.80.213' (Got an error reading communication packets)
2021-03-31T03:29:58.522228Z 64397 [Note] Aborted connection 64397 to db: 'unconnected' user: 'sjinfang' host: '10.80.80.213' (Got timeout reading communication packets)
2021-03-31T04:50:48.186188Z 64423 [Note] Aborted connection 64423 to db: 'unconnected' user: 'sjinfang' host: '10.80.80.213' (Got timeout reading communication packets)
2021-03-31T11:16:56.068045Z 64435 [Note] Aborted connection 64435 to db: 'unconnected' user: 'sjinfang' host: '10.80.80.243' (Got timeout reading communication packets)
2021-04-01T09:12:07.650684Z 64966 [Note] Aborted connection 64966 to db: 'unconnected' user: 'sjinfang' host: '10.80.80.213' (Got an error reading communication packets)
2021-04-01T10:04:26.234147Z 64951 [Note] Aborted connection 64951 to db: 'unconnected' user: 'sjinfang' host: '10.80.80.213' (Got timeout reading communication packets)
2021-04-02T08:11:06.115530Z 65391 [Note] Aborted connection 65391 to db: 'unconnected' user: 'sjinfang' host: '10.80.80.213' (Got an error reading communication packets)
2021-04-02T10:41:10.906274Z 65398 [Note] Aborted connection 65398 to db: 'bjpt_basis' user: 'sjinfang' host: '10.80.80.213' (Got timeout reading communication packets)
2021-04-02T10:43:42.458104Z 65395 [Note] Aborted connection 65395 to db: 'bjpt_basis' user: 'sjinfang' host: '10.80.80.213' (Got timeout reading communication packets)
2021-04-02T10:43:42.458104Z 65393 [Note] Aborted connection 65393 to db: 'bjpt_basis' user: 'sjinfang' host: '10.80.80.213' (Got timeout reading communication packets)
2021-04-06T11:06:22.330169Z 67135 [Note] Aborted connection 67135 to db: 'unconnected' user: 'sjinfang' host: '10.80.80.214' (Got timeout reading communication packets)
2021-04-07T01:43:53.136862Z 67442 [Note] Access denied for user 'sjinfang'@'10.80.80.244' (using password: NO)
2021-04-07T01:43:56.119056Z 67443 [Note] Access denied for user 'sjinfang'@'10.80.80.244' (using password: NO)
2021-04-07T08:00:19.706126Z 67516 [Note] Aborted connection 67516 to db: 'bjpt_basis' user: 'sjinfang' host: '10.80.80.213' (Got timeout reading communication packets)
2021-04-08T03:53:43.930175Z 67875 [Note] Aborted connection 67875 to db: 'bjpt_basis' user: 'sjinfang' host: '10.80.80.213' (Got timeout reading communication packets)
2021-04-08T03:53:43.930199Z 67876 [Note] Aborted connection 67876 to db: 'bjpt_basis' user: 'sjinfang' host: '10.80.80.213' (Got timeout reading communication packets)
2021-04-08T09:32:02.741332Z 68022 [Note] Access denied for user 'root'@'localhost' (using password: NO)
2021-04-08T10:04:03.105875Z 68044 [Note] Aborted connection 68044 to db: 'unconnected' user: 'sjinfang' host: '10.80.80.213' (Got an error reading communication packets)
2021-04-08T10:33:04.157470Z 68054 [Note] Aborted connection 68054 to db: 'bjpt_basis' user: 'sjinfang' host: '10.80.80.214' (Got an error reading communication packets)
2021-04-08T10:33:04.158040Z 68055 [Note] Aborted connection 68055 to db: 'bjpt_basis' user: 'sjinfang' host: '10.80.80.214' (Got an error reading communication packets)
2021-04-12T10:15:50.677380Z 69778 [Note] Aborted connection 69778 to db: 'unconnected' user: 'sjinfang' host: '10.80.80.214' (Got an error reading communication packets)
2021-04-12T13:21:05.786188Z 69803 [Note] Aborted connection 69803 to db: 'bjpt_basis' user: 'sjinfang' host: '10.80.80.213' (Got timeout reading communication packets)
2021-04-12T13:22:26.170212Z 69802 [Note] Aborted connection 69802 to db: 'bjpt_basis' user: 'sjinfang' host: '10.80.80.213' (Got timeout reading communication packets)
2021-04-13T03:57:30.234155Z 70066 [Note] Aborted connection 70066 to db: 'bjpt_basis' user: 'sjinfang' host: '10.80.80.213' (Got timeout reading communication packets)
2021-04-13T03:57:30.234247Z 70067 [Note] Aborted connection 70067 to db: 'bjpt_basis' user: 'sjinfang' host: '10.80.80.213' (Got timeout reading communication packets)
2021-04-13T10:31:28.250504Z 70185 [Note] Aborted connection 70185 to db: 'bjpt_basis' user: 'sjinfang' host: '10.80.80.213' (Got timeout reading communication packets)
2021-04-13T10:33:35.226144Z 70189 [Note] Aborted connection 70189 to db: 'bjpt_basis' user: 'sjinfang' host: '10.80.80.213' (Got timeout reading communication packets)
2021-04-13T10:36:10.874181Z 70186 [Note] Aborted connection 70186 to db: 'bjpt_basis' user: 'sjinfang' host: '10.80.80.213' (Got timeout reading communication packets)
2021-04-14T08:24:34.810152Z 70577 [Note] Aborted connection 70577 to db: 'bjpt_basis' user: 'sjinfang' host: '10.80.80.213' (Got timeout reading communication packets)
2021-04-14T08:24:34.810151Z 70576 [Note] Aborted connection 70576 to db: 'bjpt_basis' user: 'sjinfang' host: '10.80.80.213' (Got timeout reading communication packets)
2021-04-15T04:14:53.690167Z 70947 [Note] Aborted connection 70947 to db: 'bjpt_basis' user: 'sjinfang' host: '10.80.80.213' (Got timeout reading communication packets)
2021-04-15T04:14:53.690171Z 70946 [Note] Aborted connection 70946 to db: 'bjpt_basis' user: 'sjinfang' host: '10.80.80.213' (Got timeout reading communication packets)
2021-04-15T05:33:31.258234Z 70944 [Note] Aborted connection 70944 to db: 'bjpt_basis' user: 'sjinfang' host: '10.80.80.213' (Got timeout reading communication packets)
2021-04-15T05:33:31.258241Z 70945 [Note] Aborted connection 70945 to db: 'bjpt_basis' user: 'sjinfang' host: '10.80.80.213' (Got timeout reading communication packets)
2021-04-15T10:56:49.914107Z 71068 [Note] Aborted connection 71068 to db: 'bjpt_basis' user: 'sjinfang' host: '10.80.80.213' (Got timeout reading communication packets)
2021-04-15T10:56:49.914117Z 71069 [Note] Aborted connection 71069 to db: 'bjpt_basis' user: 'sjinfang' host: '10.80.80.213' (Got timeout reading communication packets)
2021-04-15T13:50:07.963066Z 71153 [Note] Aborted connection 71153 to db: 'bjpt_basis' user: 'sjinfang' host: '10.80.80.213' (Got an error reading communication packets)
2021-04-15T13:50:08.123279Z 71154 [Note] Aborted connection 71154 to db: 'bjpt_basis' user: 'sjinfang' host: '10.80.80.213' (Got an error reading communication packets)
2021-04-16T07:56:00.122156Z 71450 [Note] Aborted connection 71450 to db: 'bjpt_basis' user: 'sjinfang' host: '10.80.80.213' (Got timeout reading communication packets)
2021-04-16T07:56:00.122220Z 71451 [Note] Aborted connection 71451 to db: 'bjpt_basis' user: 'sjinfang' host: '10.80.80.213' (Got timeout reading communication packets)
2021-04-19T11:03:36.954178Z 72804 [Note] Aborted connection 72804 to db: 'bjpt_basis' user: 'sjinfang' host: '10.80.80.213' (Got timeout reading communication packets)
2021-04-19T11:03:36.954183Z 72805 [Note] Aborted connection 72805 to db: 'bjpt_basis' user: 'sjinfang' host: '10.80.80.213' (Got timeout reading communication packets)
2021-04-20T09:36:13.562170Z 73213 [Note] Aborted connection 73213 to db: 'unconnected' user: 'sjinfang' host: '10.80.80.213' (Got timeout reading communication packets)
2021-04-21T10:01:09.242993Z 73703 [Note] Access denied for user 'sjinfang'@'10.80.80.243' (using password: YES)
2021-04-21T10:17:43.968191Z 73697 [Note] Aborted connection 73697 to db: 'bjpt_basis' user: 'sjinfang' host: '10.80.80.213' (Got an error reading communication packets)
2021-04-21T10:17:43.968195Z 73696 [Note] Aborted connection 73696 to db: 'bjpt_basis' user: 'sjinfang' host: '10.80.80.213' (Got an error reading communication packets)
2021-04-22T10:26:42.386752Z 74141 [Note] Access denied for user 'sjinfang'@'10.80.80.243' (using password: YES)
2021-04-25T02:13:35.109286Z 75291 [Note] Access denied for user 'sjinfang'@'10.80.80.243' (using password: YES)
2021-04-27T16:33:07.834189Z 76374 [Note] Aborted connection 76374 to db: 'bjpt_basis' user: 'sjinfang' host: '10.80.80.213' (Got timeout reading communication packets)
2021-04-27T16:33:07.834189Z 76373 [Note] Aborted connection 76373 to db: 'bjpt_basis' user: 'sjinfang' host: '10.80.80.213' (Got timeout reading communication packets)
2021-04-28T03:26:33.295987Z 76600 [Note] Aborted connection 76600 to db: 'bjpt_basis' user: 'sjinfang' host: '10.80.80.213' (Got an error reading communication packets)
2021-04-28T03:26:33.297515Z 76599 [Note] Aborted connection 76599 to db: 'bjpt_basis' user: 'sjinfang' host: '10.80.80.213' (Got an error reading communication packets)
2021-04-28T08:50:23.610161Z 76673 [Note] Aborted connection 76673 to db: 'bjpt_basis' user: 'sjinfang' host: '10.80.80.213' (Got timeout reading communication packets)
2021-04-28T09:03:07.002124Z 76672 [Note] Aborted connection 76672 to db: 'bjpt_basis' user: 'sjinfang' host: '10.80.80.213' (Got timeout reading communication packets)
2021-04-28T10:47:23.642305Z 76711 [Note] Aborted connection 76711 to db: 'bjpt_basis' user: 'sjinfang' host: '10.80.80.213' (Got timeout reading communication packets)
2021-04-28T10:47:55.386249Z 76710 [Note] Aborted connection 76710 to db: 'bjpt_basis' user: 'sjinfang' host: '10.80.80.213' (Got timeout reading communication packets)
2021-04-28T10:55:33.114152Z 76713 [Note] Aborted connection 76713 to db: 'bjpt_basis' user: 'sjinfang' host: '10.80.80.213' (Got timeout reading communication packets)
2021-04-28T10:55:33.114152Z 76714 [Note] Aborted connection 76714 to db: 'bjpt_basis' user: 'sjinfang' host: '10.80.80.213' (Got timeout reading communication packets)
2021-04-29T03:35:58.970262Z 77014 [Note] Aborted connection 77014 to db: 'bjpt_basis' user: 'sjinfang' host: '10.80.80.213' (Got timeout reading communication packets)
2021-04-29T03:36:04.090077Z 77015 [Note] Aborted connection 77015 to db: 'bjpt_basis' user: 'sjinfang' host: '10.80.80.213' (Got timeout reading communication packets)
2021-04-29T03:37:42.394193Z 77017 [Note] Aborted connection 77017 to db: 'unconnected' user: 'sjinfang' host: '10.80.80.214' (Got timeout reading communication packets)
2021-04-30T11:22:16.798240Z 77629 [Note] Access denied for user 'sjinfang'@'10.80.80.243' (using password: YES)
2021-05-03T09:12:26.977152Z 78744 [Note] Aborted connection 78744 to db: 'unconnected' user: 'sjinfang' host: '10.80.80.244' (Got timeout reading communication packets)
2021-05-06T01:50:06.664557Z 80053 [Note] Aborted connection 80053 to db: 'bjpt_basis' user: 'sjinfang' host: '10.80.80.213' (Got an error reading communication packets)
2021-05-06T01:50:06.665459Z 80054 [Note] Aborted connection 80054 to db: 'bjpt_basis' user: 'sjinfang' host: '10.80.80.213' (Got an error reading communication packets)
2021-05-06T03:36:33.786123Z 80043 [Note] Aborted connection 80043 to db: 'bjpt_basis' user: 'sjinfang' host: '10.80.80.213' (Got timeout reading communication packets)
2021-05-06T03:36:33.786175Z 80044 [Note] Aborted connection 80044 to db: 'bjpt_basis' user: 'sjinfang' host: '10.80.80.213' (Got timeout reading communication packets)
2021-05-06T04:02:22.586146Z 80055 [Note] Aborted connection 80055 to db: 'bjpt_basis' user: 'sjinfang' host: '10.80.80.213' (Got timeout reading communication packets)
2021-05-06T04:02:22.586151Z 80056 [Note] Aborted connection 80056 to db: 'bjpt_basis' user: 'sjinfang' host: '10.80.80.213' (Got timeout reading communication packets)
2021-05-06T10:13:07.159821Z 80208 [Note] Aborted connection 80208 to db: 'bjpt_basis' user: 'sjinfang' host: '10.80.80.213' (Got an error reading communication packets)
2021-05-06T10:13:07.160301Z 80209 [Note] Aborted connection 80209 to db: 'bjpt_basis' user: 'sjinfang' host: '10.80.80.213' (Got an error reading communication packets)
2021-05-07T01:23:15.432855Z 80480 [Note] Aborted connection 80480 to db: 'bjpt_basis' user: 'sjinfang' host: '10.80.80.213' (Got an error reading communication packets)
2021-05-07T01:23:15.432986Z 80481 [Note] Aborted connection 80481 to db: 'bjpt_basis' user: 'sjinfang' host: '10.80.80.213' (Got an error reading communication packets)
2021-05-07T08:10:05.434153Z 80567 [Note] Aborted connection 80567 to db: 'bjpt_basis' user: 'sjinfang' host: '10.80.80.213' (Got timeout reading communication packets)
2021-05-07T10:09:17.050120Z 80592 [Note] Aborted connection 80592 to db: 'bjpt_basis' user: 'sjinfang' host: '10.80.80.213' (Got timeout reading communication packets)
2021-05-07T10:09:17.050127Z 80593 [Note] Aborted connection 80593 to db: 'bjpt_basis' user: 'sjinfang' host: '10.80.80.213' (Got timeout reading communication packets)
2021-05-07T12:12:50.810277Z 80648 [Note] Aborted connection 80648 to db: 'bjpt_basis' user: 'sjinfang' host: '10.80.80.213' (Got timeout reading communication packets)
2021-05-07T12:16:15.610141Z 80631 [Note] Aborted connection 80631 to db: 'bjpt_basis' user: 'sjinfang' host: '10.80.80.213' (Got timeout reading communication packets)
2021-05-07T12:16:15.610221Z 80630 [Note] Aborted connection 80630 to db: 'bjpt_basis' user: 'sjinfang' host: '10.80.80.213' (Got timeout reading communication packets)
2021-05-08T07:11:55.885642Z 81030 [Note] Aborted connection 81030 to db: 'bjpt_basis' user: 'sjinfang' host: '10.80.80.214' (Got an error reading communication packets)
2021-05-08T07:11:55.885865Z 81029 [Note] Aborted connection 81029 to db: 'bjpt_basis' user: 'sjinfang' host: '10.80.80.214' (Got an error reading communication packets)
2021-05-08T10:11:45.530171Z 81048 [Note] Aborted connection 81048 to db: 'unconnected' user: 'sjinfang' host: '10.80.80.214' (Got timeout reading communication packets)
2021-05-08T15:58:58.715215Z 81043 [Note] Aborted connection 81043 to db: 'unconnected' user: 'sjinfang' host: '10.80.80.244' (Got timeout reading communication packets)
2021-05-10T10:01:57.954042Z 81936 [Note] Aborted connection 81936 to db: 'bjpt_basis' user: 'sjinfang' host: '10.80.80.213' (Got an error reading communication packets)
2021-05-10T10:01:57.954149Z 81937 [Note] Aborted connection 81937 to db: 'bjpt_basis' user: 'sjinfang' host: '10.80.80.213' (Got an error reading communication packets)
2021-05-11T12:16:11.514179Z 82383 [Note] Aborted connection 82383 to db: 'bjpt_basis' user: 'sjinfang' host: '10.80.80.214' (Got timeout reading communication packets)
2021-05-11T12:16:11.514179Z 82384 [Note] Aborted connection 82384 to db: 'bjpt_basis' user: 'sjinfang' host: '10.80.80.214' (Got timeout reading communication packets)
2021-05-12T02:59:08.912498Z 82677 [Note] Aborted connection 82677 to db: 'bjpt_basis' user: 'sjinfang' host: '10.80.80.213' (Got an error reading communication packets)
2021-05-12T02:59:08.912517Z 82676 [Note] Aborted connection 82676 to db: 'bjpt_basis' user: 'sjinfang' host: '10.80.80.213' (Got an error reading communication packets)
2021-05-12T05:25:39.194125Z 82696 [Note] Aborted connection 82696 to db: 'bjpt_basis' user: 'sjinfang' host: '10.80.80.213' (Got timeout reading communication packets)
2021-05-12T05:25:39.194222Z 82695 [Note] Aborted connection 82695 to db: 'bjpt_basis' user: 'sjinfang' host: '10.80.80.213' (Got timeout reading communication packets)
2021-05-13T09:19:10.567212Z 83237 [Note] Aborted connection 83237 to db: 'unconnected' user: 'sjinfang' host: '10.80.80.214' (Got an error reading communication packets)
2021-05-17T05:36:47.866257Z 84861 [Note] Aborted connection 84861 to db: 'bjpt_basis' user: 'sjinfang' host: '10.80.80.214' (Got timeout reading communication packets)
2021-05-17T05:36:47.866271Z 84862 [Note] Aborted connection 84862 to db: 'bjpt_basis' user: 'sjinfang' host: '10.80.80.214' (Got timeout reading communication packets)
2021-05-19T09:11:58.407052Z 85831 [Note] Aborted connection 85831 to db: 'bjpt_basis' user: 'sjinfang' host: '10.80.80.214' (Got an error reading communication packets)
2021-05-20T09:21:07.566001Z 86265 [Note] Aborted connection 86265 to db: 'bjpt_basis' user: 'sjinfang' host: '10.80.80.213' (Got an error reading communication packets)
2021-05-21T05:40:35.002416Z 86602 [Note] Aborted connection 86602 to db: 'bjpt_basis' user: 'sjinfang' host: '10.80.80.243' (Got an error reading communication packets)
2021-05-21T05:40:35.066436Z 86601 [Note] Aborted connection 86601 to db: 'bjpt_basis' user: 'sjinfang' host: '10.80.80.243' (Got an error reading communication packets)
2021-05-21T08:06:30.394151Z 86641 [Note] Aborted connection 86641 to db: 'bjpt_basis' user: 'sjinfang' host: '10.80.80.213' (Got timeout reading communication packets)
2021-05-21T08:06:30.394215Z 86642 [Note] Aborted connection 86642 to db: 'bjpt_basis' user: 'sjinfang' host: '10.80.80.213' (Got timeout reading communication packets)
2021-05-21T08:17:38.042069Z 86644 [Note] Aborted connection 86644 to db: 'bjpt_basis' user: 'sjinfang' host: '10.80.80.213' (Got timeout reading communication packets)
2021-05-21T08:17:38.042076Z 86645 [Note] Aborted connection 86645 to db: 'bjpt_basis' user: 'sjinfang' host: '10.80.80.213' (Got timeout reading communication packets)
2021-05-21T11:24:35.450195Z 86706 [Note] Aborted connection 86706 to db: 'bjpt_basis' user: 'sjinfang' host: '10.80.80.213' (Got timeout reading communication packets)
2021-05-21T11:24:35.450195Z 86707 [Note] Aborted connection 86707 to db: 'bjpt_basis' user: 'sjinfang' host: '10.80.80.213' (Got timeout reading communication packets)
2021-05-24T07:37:42.043314Z 87976 [Note] Aborted connection 87976 to db: 'bjpt_basis' user: 'sjinfang' host: '10.80.80.214' (Got an error reading communication packets)
2021-05-24T07:37:42.043639Z 87975 [Note] Aborted connection 87975 to db: 'bjpt_basis' user: 'sjinfang' host: '10.80.80.214' (Got an error reading communication packets)
2021-05-24T09:58:22.714221Z 87980 [Note] Aborted connection 87980 to db: 'unconnected' user: 'sjinfang' host: '10.80.80.214' (Got timeout reading communication packets)
2021-05-24T11:19:39.514508Z 88000 [Note] Aborted connection 88000 to db: 'bjpt_basis' user: 'sjinfang' host: '10.80.80.243' (Got an error reading communication packets)
2021-05-24T11:19:39.514528Z 88001 [Note] Aborted connection 88001 to db: 'bjpt_basis' user: 'sjinfang' host: '10.80.80.243' (Got an error reading communication packets)
2021-05-25T10:41:16.538140Z 88427 [Note] Aborted connection 88427 to db: 'bjpt_basis' user: 'sjinfang' host: '10.80.80.214' (Got timeout reading communication packets)
2021-05-25T10:41:16.538143Z 88426 [Note] Aborted connection 88426 to db: 'bjpt_basis' user: 'sjinfang' host: '10.80.80.214' (Got timeout reading communication packets)
2021-05-26T06:26:51.258265Z 88786 [Note] Aborted connection 88786 to db: 'bjpt_basis' user: 'sjinfang' host: '10.80.80.214' (Got timeout reading communication packets)
2021-05-26T06:26:51.258280Z 88785 [Note] Aborted connection 88785 to db: 'bjpt_basis' user: 'sjinfang' host: '10.80.80.214' (Got timeout reading communication packets)
2021-05-28T09:02:22.458349Z 89704 [Note] Aborted connection 89704 to db: 'bjpt_basis' user: 'sjinfang' host: '10.80.80.243' (Got an error reading communication packets)
2021-05-28T09:02:22.458375Z 89703 [Note] Aborted connection 89703 to db: 'bjpt_basis' user: 'sjinfang' host: '10.80.80.243' (Got an error reading communication packets)
2021-05-28T13:53:50.874024Z 89824 [Note] Aborted connection 89824 to db: 'unconnected' user: 'sjinfang' host: '10.80.80.213' (Got an error reading communication packets)
2021-05-28T15:19:12.378508Z 89784 [Note] Aborted connection 89784 to db: 'bjpt_basis' user: 'sjinfang' host: '10.80.80.243' (Got an error reading communication packets)
2021-05-28T15:19:12.378510Z 89785 [Note] Aborted connection 89785 to db: 'bjpt_basis' user: 'sjinfang' host: '10.80.80.243' (Got an error reading communication packets)
2021-05-28T15:27:55.286157Z 89853 [Note] Aborted connection 89853 to db: 'bjpt_basis' user: 'sjinfang' host: '10.80.80.214' (Got an error reading communication packets)
2021-05-28T15:27:55.286448Z 89852 [Note] Aborted connection 89852 to db: 'bjpt_basis' user: 'sjinfang' host: '10.80.80.214' (Got an error reading communication packets)
2021-05-28T16:07:19.034069Z 89835 [Note] Aborted connection 89835 to db: 'unconnected' user: 'sjinfang' host: '10.80.80.213' (Got timeout reading communication packets)
2021-05-28T16:07:19.546128Z 89834 [Note] Aborted connection 89834 to db: 'unconnected' user: 'sjinfang' host: '10.80.80.213' (Got timeout reading communication packets)
2021-06-01T09:07:46.042116Z 91414 [Note] Aborted connection 91414 to db: 'bjpt_basis' user: 'sjinfang' host: '10.80.80.213' (Got timeout reading communication packets)
2021-06-02T04:44:38.522106Z 91770 [Note] Aborted connection 91770 to db: 'unconnected' user: 'sjinfang' host: '10.80.80.214' (Got timeout reading communication packets)
2021-06-02T09:56:18.298209Z 91863 [Note] Aborted connection 91863 to db: 'bjpt_basis' user: 'sjinfang' host: '10.80.80.214' (Got timeout reading communication packets)
2021-06-02T09:56:18.298261Z 91864 [Note] Aborted connection 91864 to db: 'bjpt_basis' user: 'sjinfang' host: '10.80.80.214' (Got timeout reading communication packets)
2021-06-04T05:45:17.818144Z 92639 [Note] Aborted connection 92639 to db: 'bjpt_basis' user: 'sjinfang' host: '10.80.80.213' (Got timeout reading communication packets)
2021-06-04T05:45:17.818145Z 92640 [Note] Aborted connection 92640 to db: 'bjpt_basis' user: 'sjinfang' host: '10.80.80.213' (Got timeout reading communication packets)
2021-06-04T08:15:59.738256Z 92698 [Note] Aborted connection 92698 to db: 'bjpt_basis' user: 'sjinfang' host: '10.80.80.213' (Got timeout reading communication packets)
2021-06-04T08:16:01.786080Z 92697 [Note] Aborted connection 92697 to db: 'bjpt_basis' user: 'sjinfang' host: '10.80.80.213' (Got timeout reading communication packets)
2021-06-07T09:01:32.794113Z 94015 [Note] Aborted connection 94015 to db: 'bjpt_basis' user: 'sjinfang' host: '10.80.80.214' (Got timeout reading communication packets)
2021-06-07T09:01:32.794113Z 94016 [Note] Aborted connection 94016 to db: 'bjpt_basis' user: 'sjinfang' host: '10.80.80.214' (Got timeout reading communication packets)
2021-06-07T10:22:23.354108Z 93933 [Note] Aborted connection 93933 to db: 'bjpt_basis' user: 'sjinfang' host: '10.80.80.243' (Got timeout reading communication packets)
2021-06-07T10:22:23.426679Z 93932 [Note] Aborted connection 93932 to db: 'bjpt_basis' user: 'sjinfang' host: '10.80.80.243' (Got timeout reading communication packets)
2021-06-08T02:41:14.414758Z 94365 [Note] Aborted connection 94365 to db: 'bjpt_basis' user: 'sjinfang' host: '10.80.80.214' (Got an error reading communication packets)
2021-06-08T11:39:23.770221Z 94506 [Note] Aborted connection 94506 to db: 'bjpt_basis' user: 'sjinfang' host: '10.80.80.213' (Got timeout reading communication packets)
2021-06-08T11:39:23.770226Z 94505 [Note] Aborted connection 94505 to db: 'bjpt_basis' user: 'sjinfang' host: '10.80.80.213' (Got timeout reading communication packets)
2021-06-08T13:53:20.634220Z 94553 [Note] Aborted connection 94553 to db: 'bjpt_basis' user: 'sjinfang' host: '10.80.80.213' (Got timeout reading communication packets)
2021-06-08T13:53:55.962181Z 94552 [Note] Aborted connection 94552 to db: 'bjpt_basis' user: 'sjinfang' host: '10.80.80.213' (Got timeout reading communication packets)
2021-06-09T05:41:30.490266Z 94837 [Note] Aborted connection 94837 to db: 'bjpt_basis' user: 'sjinfang' host: '10.80.80.214' (Got timeout reading communication packets)
2021-06-09T05:41:31.002164Z 94836 [Note] Aborted connection 94836 to db: 'bjpt_basis' user: 'sjinfang' host: '10.80.80.214' (Got timeout reading communication packets)
2021-06-09T08:24:34.810148Z 94882 [Note] Aborted connection 94882 to db: 'bjpt_basis' user: 'sjinfang' host: '10.80.80.213' (Got timeout reading communication packets)
2021-06-09T08:24:34.810165Z 94883 [Note] Aborted connection 94883 to db: 'bjpt_basis' user: 'sjinfang' host: '10.80.80.213' (Got timeout reading communication packets)
2021-06-09T08:29:24.090533Z 94891 [Note] Aborted connection 94891 to db: 'bjpt_basis' user: 'sjinfang' host: '10.80.80.243' (Got an error reading communication packets)
2021-06-09T08:29:24.090541Z 94892 [Note] Aborted connection 94892 to db: 'bjpt_basis' user: 'sjinfang' host: '10.80.80.243' (Got an error reading communication packets)
2021-06-09T09:32:01.658204Z 94913 [Note] Aborted connection 94913 to db: 'bjpt_basis' user: 'sjinfang' host: '10.80.80.213' (Got timeout reading communication packets)
2021-06-09T09:32:26.234128Z 94914 [Note] Aborted connection 94914 to db: 'bjpt_basis' user: 'sjinfang' host: '10.80.80.213' (Got timeout reading communication packets)
2021-06-10T01:33:47.413481Z 95245 [Note] Aborted connection 95245 to db: 'bjpt_basis' user: 'sjinfang' host: '10.80.80.214' (Got an error reading communication packets)
2021-06-10T01:33:47.413568Z 95244 [Note] Aborted connection 95244 to db: 'bjpt_basis' user: 'sjinfang' host: '10.80.80.214' (Got an error reading communication packets)
2021-06-10T03:45:56.474208Z 95246 [Note] Aborted connection 95246 to db: 'bjpt_basis' user: 'sjinfang' host: '10.80.80.214' (Got timeout reading communication packets)
2021-06-10T03:45:56.474227Z 95247 [Note] Aborted connection 95247 to db: 'bjpt_basis' user: 'sjinfang' host: '10.80.80.214' (Got timeout reading communication packets)
2021-06-10T10:04:08.952451Z 95352 [Note] Aborted connection 95352 to db: 'bjpt_basis' user: 'sjinfang' host: '10.80.80.243' (Got an error reading communication packets)
2021-06-15T10:02:51.003132Z 97522 [Note] Aborted connection 97522 to db: 'unconnected' user: 'sjinfang' host: '10.80.80.214' (Got timeout reading communication packets)
2021-06-18T08:56:40.954114Z 98800 [Note] Aborted connection 98800 to db: 'bjpt_basis' user: 'sjinfang' host: '10.80.80.213' (Got timeout reading communication packets)
2021-06-18T08:56:40.954186Z 98801 [Note] Aborted connection 98801 to db: 'bjpt_basis' user: 'sjinfang' host: '10.80.80.213' (Got timeout reading communication packets)
2021-06-21T11:03:57.946139Z 100135 [Note] Aborted connection 100135 to db: 'bjpt_basis' user: 'sjinfang' host: '10.80.80.214' (Got timeout reading communication packets)
2021-06-21T11:03:57.946140Z 100136 [Note] Aborted connection 100136 to db: 'bjpt_basis' user: 'sjinfang' host: '10.80.80.214' (Got timeout reading communication packets)
2021-06-23T17:08:24.529644Z 101010 [Note] Aborted connection 101010 to db: 'unconnected' user: 'wb_wujunhua' host: '10.80.80.244' (Got timeout reading communication packets)
2021-06-23T17:08:39.814799Z 101011 [Note] Aborted connection 101011 to db: 'bjpt_basis' user: 'wb_wujunhua' host: '10.80.80.244' (Got timeout reading communication packets)
2021-06-23T17:59:00.892806Z 101033 [Note] Aborted connection 101033 to db: 'unconnected' user: 'wb_taoyunpeng' host: '10.80.80.244' (Got timeout reading communication packets)
2021-06-23T17:59:23.636231Z 101034 [Note] Aborted connection 101034 to db: 'bjpt_basis' user: 'wb_taoyunpeng' host: '10.80.80.244' (Got timeout reading communication packets)
2021-06-23T17:59:23.719883Z 101035 [Note] Aborted connection 101035 to db: 'bjpt_basis' user: 'wb_taoyunpeng' host: '10.80.80.244' (Got timeout reading communication packets)
2021-06-24T01:23:23.907918Z 101314 [Note] Access denied for user 'sjinfang'@'10.80.80.243' (using password: YES)
2021-06-24T02:10:51.592145Z 101336 [Note] Access denied for user 'wb_wangkai'@'10.80.80.244' (using password: YES)
2021-06-24T02:10:59.426518Z 101337 [Note] Access denied for user 'wb_wangkai'@'10.80.80.244' (using password: YES)
2021-06-24T02:11:05.264784Z 101338 [Note] Access denied for user 'wb_wangkai'@'10.80.80.244' (using password: YES)
2021-06-24T09:39:13.739831Z 101321 [Note] Aborted connection 101321 to db: 'unconnected' user: 'wb_wangkai' host: '10.80.80.244' (Got timeout reading communication packets)
2021-06-24T09:39:15.871041Z 101322 [Note] Aborted connection 101322 to db: 'bjpt_basis' user: 'wb_wangkai' host: '10.80.80.244' (Got timeout reading communication packets)
2021-06-24T15:50:32.548277Z 101437 [Note] Aborted connection 101437 to db: 'unconnected' user: 'wb_xuguizhou' host: '10.80.80.244' (Got timeout reading communication packets)
2021-06-24T15:50:33.044077Z 101438 [Note] Aborted connection 101438 to db: 'bjpt_basis' user: 'wb_xuguizhou' host: '10.80.80.244' (Got timeout reading communication packets)
2021-06-25T09:47:37.851764Z 101767 [Note] Aborted connection 101767 to db: 'unconnected' user: 'wb_wangkai' host: '10.80.80.244' (Got timeout reading communication packets)
2021-06-25T09:52:50.685379Z 101769 [Note] Aborted connection 101769 to db: 'bjpt_basis' user: 'wb_wangkai' host: '10.80.80.244' (Got timeout reading communication packets)
2021-06-25T09:54:53.050181Z 101768 [Note] Aborted connection 101768 to db: 'bjpt_basis' user: 'wb_wangkai' host: '10.80.80.244' (Got timeout reading communication packets)
2021-06-25T09:55:23.475715Z 101773 [Note] Aborted connection 101773 to db: 'bjpt_basis' user: 'wb_wangkai' host: '10.80.80.244' (Got timeout reading communication packets)
2021-07-06T17:18:23.809833Z 106660 [Note] Aborted connection 106660 to db: 'unconnected' user: 'wb_wujunhua' host: '10.80.80.244' (Got timeout reading communication packets)
2021-07-09T16:09:31.642140Z 108040 [Note] Aborted connection 108040 to db: 'bjpt_basis' user: 'sjinfang' host: '10.80.80.213' (Got timeout reading communication packets)
2021-07-09T16:09:31.642140Z 108041 [Note] Aborted connection 108041 to db: 'bjpt_basis' user: 'sjinfang' host: '10.80.80.213' (Got timeout reading communication packets)
2021-07-12T11:16:59.459142Z 109147 [Note] Aborted connection 109147 to db: 'unconnected' user: 'sjinfang' host: '10.80.80.244' (Got timeout reading communication packets)
2021-07-12T11:17:26.886320Z 109148 [Note] Aborted connection 109148 to db: 'bjpt_basis' user: 'sjinfang' host: '10.80.80.244' (Got timeout reading communication packets)
2021-07-12T11:20:00.067703Z 109149 [Note] Aborted connection 109149 to db: 'bjpt_basis' user: 'sjinfang' host: '10.80.80.244' (Got timeout reading communication packets)
2021-07-15T09:08:05.637329Z 110557 [Note] Access denied for user 'root'@'localhost' (using password: NO)
