======host meta information
=====uptime===============================
 16:11:32 up 504 days,  5:28,  1 user,  load average: 0.25, 0.18, 0.10
======ip=================================
======hostname============================
localhost.default
======os version============================
\S
Kernel \r on an \m

======kernel version=========================
Linux localhost.default 3.10.0-957.10.1.el7.x86_64 #1 SMP Thu Feb 7 07:12:53 UTC 2019 x86_64 x86_64 x86_64 GNU/Linux
======mysql version=========================
======mysql client==========================
mysql  Ver 14.14 Distrib 5.7.24, for linux-glibc2.12 (x86_64) using  EditLine wrapper
======mysql instance========================
tcp6       0      0 :::3306                 :::*                    LISTEN      12537/mysqld        
unix  2      [ ACC ]     STREAM     LISTENING     69888    12537/mysqld         /data/mysql/data/mysql.sock
======memory&swap========================
              total        used        free      shared  buff/cache   available
Mem:          16037        2671         520         821       12845       12214
Swap:          8063           0        8063
======physical cpu==========================
1
======cores per physical cpu====================
cpu cores	: 4
======processor============================
4
======cpu version===========================
 Intel(R) Xeon(R) CPU E5-2609 v3 @ 1.90GHz
======disk info=============================
Filesystem            Type      Size  Used Avail Use% Mounted on
/dev/mapper/rhel-root xfs        50G   14G   37G  27% /
devtmpfs              devtmpfs  7.9G     0  7.9G   0% /dev
tmpfs                 tmpfs     7.9G   84K  7.9G   1% /dev/shm
tmpfs                 tmpfs     7.9G  818M  7.1G  11% /run
tmpfs                 tmpfs     7.9G     0  7.9G   0% /sys/fs/cgroup
/dev/sdb              xfs       100G  6.6G   94G   7% /data
/dev/sda1             xfs      1014M  242M  773M  24% /boot
/dev/mapper/rhel-home xfs        21G   56M   21G   1% /home
/dev/mapper/rhel-tmp  xfs       3.0G   33M  3.0G   2% /tmp
tmpfs                 tmpfs     1.6G   12K  1.6G   1% /run/user/42
tmpfs                 tmpfs     1.6G     0  1.6G   0% /run/user/0
======numa mount========================
0
======io stat===============================
Linux 3.10.0-957.10.1.el7.x86_64 (localhost.default) 	07/15/2021 	_x86_64_	(4 CPU)

avg-cpu:  %user   %nice %system %iowait  %steal   %idle
           0.70    0.00    0.15    0.00    0.00   99.15

Device:         rrqm/s   wrqm/s     r/s     w/s    rMB/s    wMB/s avgrq-sz avgqu-sz   await r_await w_await  svctm  %util
sda               0.00     0.02    0.00    0.32     0.00     0.00    17.10     0.00    1.49    3.46    1.48   0.37   0.01
sdb               0.00     0.00    0.08    0.01     0.01     0.00   312.78     0.00    6.32    6.39    5.23   0.90   0.01
dm-0              0.00     0.00    0.00    0.34     0.00     0.00    15.83     0.00    1.53    3.94    1.53   0.34   0.01
dm-1              0.00     0.00    0.00    0.00     0.00     0.00    47.40     0.00    0.43    0.43    0.00   0.32   0.00
dm-2              0.00     0.00    0.00    0.00     0.00     0.00    17.35     0.00    2.17    0.75    2.23   1.22   0.00
dm-3              0.00     0.00    0.00    0.00     0.00     0.00    26.83     0.00    3.35    0.43    3.36   0.40   0.00

avg-cpu:  %user   %nice %system %iowait  %steal   %idle
           1.25    0.00    0.25    0.00    0.00   98.50

Device:         rrqm/s   wrqm/s     r/s     w/s    rMB/s    wMB/s avgrq-sz avgqu-sz   await r_await w_await  svctm  %util
sda               0.00     0.20    0.10    1.30     0.00     0.01    18.29     0.00    3.86   42.00    0.92   0.57   0.08
sdb               0.00     0.00    0.00    0.00     0.00     0.00     0.00     0.00    0.00    0.00    0.00   0.00   0.00
dm-0              0.00     0.00    0.00    1.30     0.00     0.01    18.23     0.00    4.31    0.00    1.08   0.54   0.07
dm-1              0.00     0.00    0.00    0.00     0.00     0.00     0.00     0.00    0.00    0.00    0.00   0.00   0.00
dm-2              0.00     0.00    0.00    0.00     0.00     0.00     0.00     0.00    0.00    0.00    0.00   0.00   0.00
dm-3              0.00     0.00    0.00    0.00     0.00     0.00     0.00     0.00    0.00    0.00    0.00   0.00   0.00

avg-cpu:  %user   %nice %system %iowait  %steal   %idle
           1.10    0.00    0.08    0.00    0.00   98.82

Device:         rrqm/s   wrqm/s     r/s     w/s    rMB/s    wMB/s avgrq-sz avgqu-sz   await r_await w_await  svctm  %util
sda               0.00     0.00    0.00    0.30     0.00     0.00     7.00     0.00    0.00    0.00    0.00   0.00   0.00
sdb               0.00     0.00    0.00    0.00     0.00     0.00     0.00     0.00    0.00    0.00    0.00   0.00   0.00
dm-0              0.00     0.00    0.00    0.20     0.00     0.00     8.00     0.00    0.00    0.00    0.00   0.00   0.00
dm-1              0.00     0.00    0.00    0.00     0.00     0.00     0.00     0.00    0.00    0.00    0.00   0.00   0.00
dm-2              0.00     0.00    0.00    0.00     0.00     0.00     0.00     0.00    0.00    0.00    0.00   0.00   0.00
dm-3              0.00     0.00    0.00    0.10     0.00     0.00     5.00     0.00    0.00    0.00    0.00   0.00   0.00

avg-cpu:  %user   %nice %system %iowait  %steal   %idle
           1.35    0.00    0.40    0.00    0.00   98.25

Device:         rrqm/s   wrqm/s     r/s     w/s    rMB/s    wMB/s avgrq-sz avgqu-sz   await r_await w_await  svctm  %util
sda               0.00     0.00    0.00    1.70     0.00     0.14   171.29     0.01    3.41    0.00    3.41   0.88   0.15
sdb               0.00     0.00    0.00    0.00     0.00     0.00     0.00     0.00    0.00    0.00    0.00   0.00   0.00
dm-0              0.00     0.00    0.00    1.60     0.00     0.14   181.00     0.01    3.62    0.00    3.62   0.94   0.15
dm-1              0.00     0.00    0.00    0.00     0.00     0.00     0.00     0.00    0.00    0.00    0.00   0.00   0.00
dm-2              0.00     0.00    0.00    0.00     0.00     0.00     0.00     0.00    0.00    0.00    0.00   0.00   0.00
dm-3              0.00     0.00    0.00    0.10     0.00     0.00    16.00     0.00    0.00    0.00    0.00   0.00   0.00

avg-cpu:  %user   %nice %system %iowait  %steal   %idle
           1.08    0.00    0.05    0.00    0.00   98.87

Device:         rrqm/s   wrqm/s     r/s     w/s    rMB/s    wMB/s avgrq-sz avgqu-sz   await r_await w_await  svctm  %util
sda               0.00     0.10    0.00    2.80     0.00     0.04    28.32     0.01    3.32    0.00    3.32   0.57   0.16
sdb               0.00     0.00    0.00    0.00     0.00     0.00     0.00     0.00    0.00    0.00    0.00   0.00   0.00
dm-0              0.00     0.00    0.00    2.70     0.00     0.04    29.26     0.01    3.78    0.00    3.78   0.56   0.15
dm-1              0.00     0.00    0.00    0.00     0.00     0.00     0.00     0.00    0.00    0.00    0.00   0.00   0.00
dm-2              0.00     0.00    0.00    0.00     0.00     0.00     0.00     0.00    0.00    0.00    0.00   0.00   0.00
dm-3              0.00     0.00    0.00    0.00     0.00     0.00     0.00     0.00    0.00    0.00    0.00   0.00   0.00

avg-cpu:  %user   %nice %system %iowait  %steal   %idle
           1.08    0.00    0.13    0.00    0.00   98.80

Device:         rrqm/s   wrqm/s     r/s     w/s    rMB/s    wMB/s avgrq-sz avgqu-sz   await r_await w_await  svctm  %util
sda               0.00     0.00    0.00    0.50     0.00     0.00    10.40     0.00    0.40    0.00    0.40   0.20   0.01
sdb               0.00     0.00    0.00    0.00     0.00     0.00     0.00     0.00    0.00    0.00    0.00   0.00   0.00
dm-0              0.00     0.00    0.00    0.00     0.00     0.00     0.00     0.00    0.00    0.00    0.00   0.00   0.00
dm-1              0.00     0.00    0.00    0.00     0.00     0.00     0.00     0.00    0.00    0.00    0.00   0.00   0.00
dm-2              0.00     0.00    0.00    0.00     0.00     0.00     0.00     0.00    0.00    0.00    0.00   0.00   0.00
dm-3              0.00     0.00    0.00    0.50     0.00     0.00    10.40     0.00    0.40    0.00    0.40   0.20   0.01

avg-cpu:  %user   %nice %system %iowait  %steal   %idle
           1.18    0.00    0.10    0.00    0.00   98.72

Device:         rrqm/s   wrqm/s     r/s     w/s    rMB/s    wMB/s avgrq-sz avgqu-sz   await r_await w_await  svctm  %util
sda               0.00     0.00    0.00    0.50     0.00     0.00    11.20     0.00    0.80    0.00    0.80   0.40   0.02
sdb               0.00     0.00    0.00    0.00     0.00     0.00     0.00     0.00    0.00    0.00    0.00   0.00   0.00
dm-0              0.00     0.00    0.00    0.50     0.00     0.00    11.20     0.00    0.80    0.00    0.80   0.40   0.02
dm-1              0.00     0.00    0.00    0.00     0.00     0.00     0.00     0.00    0.00    0.00    0.00   0.00   0.00
dm-2              0.00     0.00    0.00    0.00     0.00     0.00     0.00     0.00    0.00    0.00    0.00   0.00   0.00
dm-3              0.00     0.00    0.00    0.00     0.00     0.00     0.00     0.00    0.00    0.00    0.00   0.00   0.00

avg-cpu:  %user   %nice %system %iowait  %steal   %idle
           1.35    0.00    0.25    0.03    0.00   98.37

Device:         rrqm/s   wrqm/s     r/s     w/s    rMB/s    wMB/s avgrq-sz avgqu-sz   await r_await w_await  svctm  %util
sda               0.00     0.10    0.00    0.80     0.00     0.00    11.75     0.00    0.38    0.00    0.38   0.25   0.02
sdb               0.00     0.00    0.00    0.00     0.00     0.00     0.00     0.00    0.00    0.00    0.00   0.00   0.00
dm-0              0.00     0.00    0.00    0.70     0.00     0.00    11.14     0.00    0.57    0.00    0.57   0.29   0.02
dm-1              0.00     0.00    0.00    0.00     0.00     0.00     0.00     0.00    0.00    0.00    0.00   0.00   0.00
dm-2              0.00     0.00    0.00    0.00     0.00     0.00     0.00     0.00    0.00    0.00    0.00   0.00   0.00
dm-3              0.00     0.00    0.00    0.20     0.00     0.00     8.00     0.00    0.00    0.00    0.00   0.00   0.00

avg-cpu:  %user   %nice %system %iowait  %steal   %idle
           1.10    0.00    0.08    0.00    0.00   98.82

Device:         rrqm/s   wrqm/s     r/s     w/s    rMB/s    wMB/s avgrq-sz avgqu-sz   await r_await w_await  svctm  %util
sda               0.00     0.00    0.00    0.20     0.00     0.00     5.50     0.00    0.00    0.00    0.00   0.00   0.00
sdb               0.00     0.00    0.00    0.00     0.00     0.00     0.00     0.00    0.00    0.00    0.00   0.00   0.00
dm-0              0.00     0.00    0.00    0.10     0.00     0.00     8.00     0.00    0.00    0.00    0.00   0.00   0.00
dm-1              0.00     0.00    0.00    0.00     0.00     0.00     0.00     0.00    0.00    0.00    0.00   0.00   0.00
dm-2              0.00     0.00    0.00    0.00     0.00     0.00     0.00     0.00    0.00    0.00    0.00   0.00   0.00
dm-3              0.00     0.00    0.00    0.10     0.00     0.00     3.00     0.00    0.00    0.00    0.00   0.00   0.00

avg-cpu:  %user   %nice %system %iowait  %steal   %idle
           1.23    0.00    0.43    0.00    0.00   98.35

Device:         rrqm/s   wrqm/s     r/s     w/s    rMB/s    wMB/s avgrq-sz avgqu-sz   await r_await w_await  svctm  %util
sda               0.00     0.00    0.00    0.00     0.00     0.00     0.00     0.00    0.00    0.00    0.00   0.00   0.00
sdb               0.00     0.00    0.00    0.00     0.00     0.00     0.00     0.00    0.00    0.00    0.00   0.00   0.00
dm-0              0.00     0.00    0.00    0.00     0.00     0.00     0.00     0.00    0.00    0.00    0.00   0.00   0.00
dm-1              0.00     0.00    0.00    0.00     0.00     0.00     0.00     0.00    0.00    0.00    0.00   0.00   0.00
dm-2              0.00     0.00    0.00    0.00     0.00     0.00     0.00     0.00    0.00    0.00    0.00   0.00   0.00
dm-3              0.00     0.00    0.00    0.00     0.00     0.00     0.00     0.00    0.00    0.00    0.00   0.00   0.00

======vmstat======
procs -----------memory---------- ---swap-- -----io---- -system-- ------cpu-----
 r  b   swpd   free   buff  cache   si   so    bi    bo   in   cs us sy id wa st
 0  0      0 533852    184 13153436    0    0     3     1    0    0  1  0 99  0  0
 0  0      0 533888    184 13153440    0    0     0     0  264  307  1  0 99  0  0
 1  0      0 533872    184 13153440    0    0     0     0  213  272  1  0 99  0  0
 0  0      0 533904    184 13153440    0    0     0     0  258  314  1  0 99  0  0
 0  0      0 533872    184 13153440    0    0     0     0  268  332  1  0 99  0  0
 0  0      0 533824    184 13153440    0    0     0     0  216  278  1  0 99  0  0
 0  0      0 533872    184 13153440    0    0     0     0  243  308  1  0 99  0  0
 0  0      0 533872    184 13153440    0    0     0     0  205  279  1  0 99  0  0
 0  0      0 533872    184 13153440    0    0     0     0  244  296  1  0 99  0  0
 0  0      0 533904    184 13153440    0    0     0    20  223  296  1  0 99  0  0
====dstat===
You did not select any stats, using -cdngy by default.
[7l----total-cpu-usage---- -dsk/total- -net/total- ---paging-- ---system--
usr sys idl wai hiq siq| read  writ| recv  send|  in   out | int   csw 
  1   0  99   0   0   0|  14k 2965B|   0     0 |   0     0 | 214   278 
  1   0  99   0   0   0|   0  8192B| 622B  362B|   0     0 | 258   336 
  1   0  99   0   0   0|   0  1536B| 830B  363B|   0     0 | 251   314 
  1   0  99   0   0   0|   0  1024B|1059B 1106B|   0     0 | 261   310 
  1   0  99   0   0   0|   0     0 | 598B  407B|   0     0 | 205   265 
  1   0  99   0   0   0|   0     0 |1429B 1291B|   0     0 | 254   301 
  1   0  99   0   0   0|   0     0 | 162B    0 |   0     0 | 211   284 
  1   0  99   0   0   0|   0     0 |1313B 1109B|   0     0 | 274   327 
  1   0  99   0   0   0|   0     0 | 824B  749B|   0     0 | 274   337 
  1   0  99   0   0   0|   0     0 |2347B 1656B|   0     0 | 356   367 
  1   0  99   0   0   0|   0     0 |1023B  720B|   0     0 | 286   336 
======system log============================
Jul 15 05:49:01 localhost systemd: Started Session 773461 of user root.
Jul 15 05:50:01 localhost systemd: Started Session 773463 of user root.
Jul 15 05:50:01 localhost systemd: Started Session 773462 of user root.
Jul 15 05:50:01 localhost systemd: Started Session 773464 of user root.
Jul 15 05:50:01 localhost systemd: Started Session 773465 of user root.
Jul 15 05:51:01 localhost systemd: Started Session 773466 of user root.
Jul 15 05:52:01 localhost systemd: Started Session 773467 of user root.
Jul 15 05:53:01 localhost systemd: Started Session 773468 of user root.
Jul 15 05:54:01 localhost systemd: Started Session 773469 of user root.
Jul 15 05:55:01 localhost systemd: Started Session 773471 of user root.
Jul 15 05:55:01 localhost systemd: Started Session 773470 of user root.
Jul 15 05:55:01 localhost systemd: Started Session 773472 of user root.
Jul 15 05:56:01 localhost systemd: Started Session 773473 of user root.
Jul 15 05:57:01 localhost systemd: Started Session 773474 of user root.
Jul 15 05:58:01 localhost systemd: Started Session 773475 of user root.
Jul 15 05:59:01 localhost systemd: Started Session 773476 of user root.
Jul 15 06:00:01 localhost systemd: Started Session 773478 of user root.
Jul 15 06:00:01 localhost systemd: Started Session 773477 of user root.
Jul 15 06:00:01 localhost systemd: Started Session 773479 of user root.
Jul 15 06:00:01 localhost systemd: Started Session 773480 of user root.
Jul 15 06:00:01 localhost systemd: Created slice User Slice of mysql.
Jul 15 06:00:01 localhost systemd: Started Session 773481 of user mysql.
Jul 15 06:00:02 localhost systemd: Removed slice User Slice of mysql.
Jul 15 06:00:05 localhost systemd-logind: New session 773482 of user root.
Jul 15 06:00:05 localhost systemd: Started Session 773482 of user root.
Jul 15 06:00:05 localhost systemd-logind: Removed session 773482.
Jul 15 06:01:01 localhost systemd: Started Session 773484 of user root.
Jul 15 06:01:01 localhost systemd: Started Session 773483 of user root.
Jul 15 06:02:01 localhost systemd: Started Session 773485 of user root.
Jul 15 06:03:01 localhost systemd: Started Session 773486 of user root.
Jul 15 06:04:01 localhost systemd: Started Session 773487 of user root.
Jul 15 06:05:01 localhost systemd: Started Session 773489 of user root.
Jul 15 06:05:01 localhost systemd: Started Session 773490 of user root.
Jul 15 06:05:01 localhost systemd: Started Session 773488 of user root.
Jul 15 06:06:01 localhost systemd: Started Session 773491 of user root.
Jul 15 06:07:01 localhost systemd: Started Session 773492 of user root.
Jul 15 06:08:01 localhost systemd: Started Session 773493 of user root.
Jul 15 06:09:01 localhost systemd: Started Session 773494 of user root.
Jul 15 06:10:01 localhost systemd: Started Session 773496 of user root.
Jul 15 06:10:01 localhost systemd: Started Session 773497 of user root.
Jul 15 06:10:01 localhost systemd: Started Session 773495 of user root.
Jul 15 06:10:01 localhost systemd: Started Session 773498 of user root.
Jul 15 06:11:01 localhost systemd: Started Session 773499 of user root.
Jul 15 06:12:01 localhost systemd: Started Session 773500 of user root.
Jul 15 06:13:01 localhost systemd: Started Session 773501 of user root.
Jul 15 06:14:01 localhost systemd: Started Session 773502 of user root.
Jul 15 06:15:01 localhost systemd: Started Session 773505 of user root.
Jul 15 06:15:01 localhost systemd: Started Session 773504 of user root.
Jul 15 06:15:01 localhost systemd: Started Session 773503 of user root.
Jul 15 06:16:01 localhost systemd: Started Session 773506 of user root.
Jul 15 06:17:01 localhost systemd: Started Session 773507 of user root.
Jul 15 06:18:01 localhost systemd: Started Session 773508 of user root.
Jul 15 06:19:01 localhost systemd: Started Session 773509 of user root.
Jul 15 06:20:01 localhost systemd: Started Session 773512 of user root.
Jul 15 06:20:01 localhost systemd: Started Session 773510 of user root.
Jul 15 06:20:01 localhost systemd: Started Session 773511 of user root.
Jul 15 06:20:01 localhost systemd: Started Session 773513 of user root.
Jul 15 06:21:01 localhost systemd: Started Session 773514 of user root.
Jul 15 06:22:01 localhost systemd: Started Session 773515 of user root.
Jul 15 06:23:01 localhost systemd: Started Session 773516 of user root.
Jul 15 06:24:01 localhost systemd: Started Session 773517 of user root.
Jul 15 06:25:01 localhost systemd: Started Session 773518 of user root.
Jul 15 06:25:01 localhost systemd: Started Session 773520 of user root.
Jul 15 06:25:01 localhost systemd: Started Session 773519 of user root.
Jul 15 06:26:01 localhost systemd: Started Session 773521 of user root.
Jul 15 06:27:01 localhost systemd: Started Session 773522 of user root.
Jul 15 06:28:01 localhost systemd: Started Session 773523 of user root.
Jul 15 06:29:01 localhost systemd: Started Session 773524 of user root.
Jul 15 06:30:01 localhost systemd: Started Session 773525 of user root.
Jul 15 06:30:01 localhost systemd: Started Session 773527 of user root.
Jul 15 06:30:01 localhost systemd: Started Session 773526 of user root.
Jul 15 06:30:01 localhost systemd: Started Session 773528 of user root.
Jul 15 06:31:01 localhost systemd: Started Session 773529 of user root.
Jul 15 06:32:01 localhost systemd: Started Session 773530 of user root.
Jul 15 06:33:01 localhost systemd: Started Session 773531 of user root.
Jul 15 06:34:01 localhost systemd: Started Session 773532 of user root.
Jul 15 06:35:01 localhost systemd: Started Session 773535 of user root.
Jul 15 06:35:01 localhost systemd: Started Session 773534 of user root.
Jul 15 06:35:01 localhost systemd: Started Session 773533 of user root.
Jul 15 06:36:01 localhost systemd: Started Session 773536 of user root.
Jul 15 06:37:01 localhost systemd: Started Session 773537 of user root.
Jul 15 06:38:01 localhost systemd: Started Session 773538 of user root.
Jul 15 06:39:01 localhost systemd: Started Session 773539 of user root.
Jul 15 06:40:01 localhost systemd: Started Session 773542 of user root.
Jul 15 06:40:01 localhost systemd: Started Session 773540 of user root.
Jul 15 06:40:01 localhost systemd: Started Session 773541 of user root.
Jul 15 06:40:01 localhost systemd: Started Session 773543 of user root.
Jul 15 06:41:01 localhost systemd: Started Session 773544 of user root.
Jul 15 06:42:01 localhost systemd: Started Session 773545 of user root.
Jul 15 06:43:01 localhost systemd: Started Session 773546 of user root.
Jul 15 06:44:01 localhost systemd: Started Session 773547 of user root.
Jul 15 06:45:01 localhost systemd: Started Session 773548 of user root.
Jul 15 06:45:01 localhost systemd: Started Session 773549 of user root.
Jul 15 06:45:01 localhost systemd: Started Session 773550 of user root.
Jul 15 06:46:01 localhost systemd: Started Session 773551 of user root.
Jul 15 06:47:01 localhost systemd: Started Session 773552 of user root.
Jul 15 06:48:01 localhost systemd: Started Session 773553 of user root.
Jul 15 06:49:01 localhost systemd: Started Session 773554 of user root.
Jul 15 06:50:01 localhost systemd: Started Session 773555 of user root.
Jul 15 06:50:01 localhost systemd: Started Session 773556 of user root.
Jul 15 06:50:01 localhost systemd: Started Session 773557 of user root.
Jul 15 06:50:01 localhost systemd: Started Session 773558 of user root.
Jul 15 06:51:01 localhost systemd: Started Session 773559 of user root.
Jul 15 06:52:01 localhost systemd: Started Session 773560 of user root.
Jul 15 06:53:01 localhost systemd: Started Session 773561 of user root.
Jul 15 06:54:01 localhost systemd: Started Session 773562 of user root.
Jul 15 06:55:01 localhost systemd: Started Session 773564 of user root.
Jul 15 06:55:01 localhost systemd: Started Session 773563 of user root.
Jul 15 06:55:01 localhost systemd: Started Session 773565 of user root.
Jul 15 06:56:01 localhost systemd: Started Session 773566 of user root.
Jul 15 06:57:01 localhost systemd: Started Session 773567 of user root.
Jul 15 06:58:01 localhost systemd: Started Session 773568 of user root.
Jul 15 06:59:01 localhost systemd: Started Session 773569 of user root.
Jul 15 07:00:01 localhost systemd: Started Session 773571 of user root.
Jul 15 07:00:01 localhost systemd: Started Session 773572 of user root.
Jul 15 07:00:01 localhost systemd: Started Session 773570 of user root.
Jul 15 07:00:01 localhost systemd: Started Session 773573 of user root.
Jul 15 07:00:01 localhost systemd: Created slice User Slice of mysql.
Jul 15 07:00:01 localhost systemd: Started Session 773574 of user mysql.
Jul 15 07:00:02 localhost systemd: Removed slice User Slice of mysql.
Jul 15 07:01:01 localhost systemd: Started Session 773575 of user root.
Jul 15 07:01:01 localhost systemd: Started Session 773576 of user root.
Jul 15 07:02:01 localhost systemd: Started Session 773577 of user root.
Jul 15 07:03:01 localhost systemd: Started Session 773578 of user root.
Jul 15 07:04:01 localhost systemd: Started Session 773579 of user root.
Jul 15 07:05:01 localhost systemd: Started Session 773582 of user root.
Jul 15 07:05:01 localhost systemd: Started Session 773581 of user root.
Jul 15 07:05:01 localhost systemd: Started Session 773580 of user root.
Jul 15 07:06:01 localhost systemd: Started Session 773583 of user root.
Jul 15 07:07:01 localhost systemd: Started Session 773584 of user root.
Jul 15 07:08:01 localhost systemd: Started Session 773585 of user root.
Jul 15 07:09:01 localhost systemd: Started Session 773586 of user root.
Jul 15 07:10:01 localhost systemd: Started Session 773587 of user root.
Jul 15 07:10:01 localhost systemd: Started Session 773589 of user root.
Jul 15 07:10:01 localhost systemd: Started Session 773590 of user root.
Jul 15 07:10:01 localhost systemd: Started Session 773588 of user root.
Jul 15 07:11:01 localhost systemd: Started Session 773591 of user root.
Jul 15 07:12:01 localhost systemd: Started Session 773592 of user root.
Jul 15 07:13:01 localhost systemd: Started Session 773593 of user root.
Jul 15 07:14:01 localhost systemd: Started Session 773594 of user root.
Jul 15 07:15:01 localhost systemd: Started Session 773597 of user root.
Jul 15 07:15:01 localhost systemd: Started Session 773595 of user root.
Jul 15 07:15:01 localhost systemd: Started Session 773596 of user root.
Jul 15 07:16:01 localhost systemd: Started Session 773598 of user root.
Jul 15 07:17:01 localhost systemd: Started Session 773599 of user root.
Jul 15 07:18:01 localhost systemd: Started Session 773600 of user root.
Jul 15 07:19:01 localhost systemd: Started Session 773601 of user root.
Jul 15 07:20:01 localhost systemd: Started Session 773604 of user root.
Jul 15 07:20:01 localhost systemd: Started Session 773602 of user root.
Jul 15 07:20:01 localhost systemd: Started Session 773605 of user root.
Jul 15 07:20:01 localhost systemd: Started Session 773603 of user root.
Jul 15 07:21:01 localhost systemd: Started Session 773606 of user root.
Jul 15 07:22:01 localhost systemd: Started Session 773607 of user root.
Jul 15 07:23:01 localhost systemd: Started Session 773608 of user root.
Jul 15 07:24:01 localhost systemd: Started Session 773609 of user root.
Jul 15 07:25:01 localhost systemd: Started Session 773611 of user root.
Jul 15 07:25:01 localhost systemd: Started Session 773610 of user root.
Jul 15 07:25:01 localhost systemd: Started Session 773612 of user root.
Jul 15 07:26:01 localhost systemd: Started Session 773613 of user root.
Jul 15 07:27:01 localhost systemd: Started Session 773614 of user root.
Jul 15 07:28:01 localhost systemd: Started Session 773615 of user root.
Jul 15 07:29:01 localhost systemd: Started Session 773616 of user root.
Jul 15 07:30:01 localhost systemd: Started Session 773618 of user root.
Jul 15 07:30:01 localhost systemd: Started Session 773617 of user root.
Jul 15 07:30:01 localhost systemd: Started Session 773619 of user root.
Jul 15 07:30:01 localhost systemd: Started Session 773620 of user root.
Jul 15 07:31:01 localhost systemd: Started Session 773621 of user root.
Jul 15 07:32:01 localhost systemd: Started Session 773622 of user root.
Jul 15 07:33:01 localhost systemd: Started Session 773623 of user root.
Jul 15 07:34:01 localhost systemd: Started Session 773624 of user root.
Jul 15 07:35:01 localhost systemd: Started Session 773627 of user root.
Jul 15 07:35:01 localhost systemd: Started Session 773626 of user root.
Jul 15 07:35:01 localhost systemd: Started Session 773625 of user root.
Jul 15 07:36:01 localhost systemd: Started Session 773628 of user root.
Jul 15 07:37:01 localhost systemd: Started Session 773629 of user root.
Jul 15 07:38:01 localhost systemd: Started Session 773630 of user root.
Jul 15 07:39:01 localhost systemd: Started Session 773631 of user root.
Jul 15 07:40:02 localhost systemd: Started Session 773635 of user root.
Jul 15 07:40:02 localhost systemd: Started Session 773634 of user root.
Jul 15 07:40:02 localhost systemd: Started Session 773632 of user root.
Jul 15 07:40:02 localhost systemd: Started Session 773633 of user root.
Jul 15 07:41:01 localhost systemd: Started Session 773636 of user root.
Jul 15 07:42:01 localhost systemd: Started Session 773637 of user root.
Jul 15 07:43:01 localhost systemd: Started Session 773638 of user root.
Jul 15 07:44:01 localhost systemd: Started Session 773639 of user root.
Jul 15 07:45:01 localhost systemd: Started Session 773641 of user root.
Jul 15 07:45:01 localhost systemd: Started Session 773640 of user root.
Jul 15 07:45:01 localhost systemd: Started Session 773642 of user root.
Jul 15 07:46:01 localhost systemd: Started Session 773643 of user root.
Jul 15 07:47:01 localhost systemd: Started Session 773644 of user root.
Jul 15 07:48:01 localhost systemd: Started Session 773645 of user root.
Jul 15 07:49:01 localhost systemd: Started Session 773646 of user root.
Jul 15 07:50:01 localhost systemd: Started Session 773647 of user root.
Jul 15 07:50:01 localhost systemd: Started Session 773650 of user root.
Jul 15 07:50:01 localhost systemd: Started Session 773648 of user root.
Jul 15 07:50:01 localhost systemd: Started Session 773649 of user root.
Jul 15 07:51:01 localhost systemd: Started Session 773651 of user root.
Jul 15 07:52:01 localhost systemd: Started Session 773652 of user root.
Jul 15 07:53:01 localhost systemd: Started Session 773653 of user root.
Jul 15 07:54:01 localhost systemd: Started Session 773654 of user root.
Jul 15 07:55:01 localhost systemd: Started Session 773655 of user root.
Jul 15 07:55:01 localhost systemd: Started Session 773656 of user root.
Jul 15 07:55:01 localhost systemd: Started Session 773657 of user root.
Jul 15 07:56:01 localhost systemd: Started Session 773658 of user root.
Jul 15 07:57:01 localhost systemd: Started Session 773659 of user root.
Jul 15 07:58:01 localhost systemd: Started Session 773660 of user root.
Jul 15 07:59:01 localhost systemd: Started Session 773661 of user root.
Jul 15 08:00:01 localhost systemd: Started Session 773664 of user root.
Jul 15 08:00:01 localhost systemd: Started Session 773662 of user root.
Jul 15 08:00:01 localhost systemd: Started Session 773663 of user root.
Jul 15 08:00:01 localhost systemd: Started Session 773665 of user root.
Jul 15 08:00:01 localhost systemd: Created slice User Slice of mysql.
Jul 15 08:00:01 localhost systemd: Started Session 773666 of user mysql.
Jul 15 08:00:01 localhost systemd: Removed slice User Slice of mysql.
Jul 15 08:01:01 localhost systemd: Started Session 773667 of user root.
Jul 15 08:01:01 localhost systemd: Started Session 773668 of user root.
Jul 15 08:02:01 localhost systemd: Started Session 773669 of user root.
Jul 15 08:03:01 localhost systemd: Started Session 773670 of user root.
Jul 15 08:04:01 localhost systemd: Started Session 773671 of user root.
Jul 15 08:05:01 localhost systemd: Started Session 773672 of user root.
Jul 15 08:05:01 localhost systemd: Started Session 773673 of user root.
Jul 15 08:05:01 localhost systemd: Started Session 773674 of user root.
Jul 15 08:06:01 localhost systemd: Started Session 773675 of user root.
Jul 15 08:07:01 localhost systemd: Started Session 773676 of user root.
Jul 15 08:08:01 localhost systemd: Started Session 773677 of user root.
Jul 15 08:09:01 localhost systemd: Started Session 773678 of user root.
Jul 15 08:10:01 localhost systemd: Started Session 773679 of user root.
Jul 15 08:10:01 localhost systemd: Started Session 773681 of user root.
Jul 15 08:10:01 localhost systemd: Started Session 773680 of user root.
Jul 15 08:10:01 localhost systemd: Started Session 773682 of user root.
Jul 15 08:11:01 localhost systemd: Started Session 773683 of user root.
Jul 15 08:12:01 localhost systemd: Started Session 773684 of user root.
Jul 15 08:13:01 localhost systemd: Started Session 773685 of user root.
Jul 15 08:14:01 localhost systemd: Started Session 773686 of user root.
Jul 15 08:15:01 localhost systemd: Started Session 773688 of user root.
Jul 15 08:15:01 localhost systemd: Started Session 773689 of user root.
Jul 15 08:15:01 localhost systemd: Started Session 773687 of user root.
Jul 15 08:16:01 localhost systemd: Started Session 773690 of user root.
Jul 15 08:17:01 localhost systemd: Started Session 773691 of user root.
Jul 15 08:18:01 localhost systemd: Started Session 773692 of user root.
Jul 15 08:19:01 localhost systemd: Started Session 773693 of user root.
Jul 15 08:20:01 localhost systemd: Started Session 773694 of user root.
Jul 15 08:20:01 localhost systemd: Started Session 773696 of user root.
Jul 15 08:20:01 localhost systemd: Started Session 773695 of user root.
Jul 15 08:20:01 localhost systemd: Started Session 773697 of user root.
Jul 15 08:21:01 localhost systemd: Started Session 773698 of user root.
Jul 15 08:22:01 localhost systemd: Started Session 773699 of user root.
Jul 15 08:23:01 localhost systemd: Started Session 773700 of user root.
Jul 15 08:24:01 localhost systemd: Started Session 773701 of user root.
Jul 15 08:25:01 localhost systemd: Started Session 773702 of user root.
Jul 15 08:25:01 localhost systemd: Started Session 773704 of user root.
Jul 15 08:25:01 localhost systemd: Started Session 773703 of user root.
Jul 15 08:26:01 localhost systemd: Started Session 773705 of user root.
Jul 15 08:27:01 localhost systemd: Started Session 773706 of user root.
Jul 15 08:28:01 localhost systemd: Started Session 773707 of user root.
Jul 15 08:29:02 localhost systemd: Started Session 773708 of user root.
Jul 15 08:30:01 localhost systemd: Started Session 773709 of user root.
Jul 15 08:30:01 localhost systemd: Started Session 773711 of user root.
Jul 15 08:30:01 localhost systemd: Started Session 773712 of user root.
Jul 15 08:30:01 localhost systemd: Started Session 773710 of user root.
Jul 15 08:31:01 localhost systemd: Started Session 773713 of user root.
Jul 15 08:32:01 localhost systemd: Started Session 773714 of user root.
Jul 15 08:33:01 localhost systemd: Started Session 773715 of user root.
Jul 15 08:34:01 localhost systemd: Started Session 773716 of user root.
Jul 15 08:35:01 localhost systemd: Started Session 773717 of user root.
Jul 15 08:35:01 localhost systemd: Started Session 773718 of user root.
Jul 15 08:35:01 localhost systemd: Started Session 773719 of user root.
Jul 15 08:36:01 localhost systemd: Started Session 773720 of user root.
Jul 15 08:37:01 localhost systemd: Started Session 773721 of user root.
Jul 15 08:38:02 localhost systemd: Started Session 773722 of user root.
Jul 15 08:39:01 localhost systemd: Started Session 773723 of user root.
Jul 15 08:40:01 localhost systemd: Started Session 773724 of user root.
Jul 15 08:40:01 localhost systemd: Started Session 773725 of user root.
Jul 15 08:40:01 localhost systemd: Started Session 773727 of user root.
Jul 15 08:40:01 localhost systemd: Started Session 773726 of user root.
Jul 15 08:41:01 localhost systemd: Started Session 773728 of user root.
Jul 15 08:42:01 localhost systemd: Started Session 773729 of user root.
Jul 15 08:43:01 localhost systemd: Started Session 773730 of user root.
Jul 15 08:44:01 localhost systemd: Started Session 773731 of user root.
Jul 15 08:45:01 localhost systemd: Started Session 773732 of user root.
Jul 15 08:45:01 localhost systemd: Started Session 773733 of user root.
Jul 15 08:45:01 localhost systemd: Started Session 773734 of user root.
Jul 15 08:46:01 localhost systemd: Started Session 773735 of user root.
Jul 15 08:47:02 localhost systemd: Started Session 773736 of user root.
Jul 15 08:48:01 localhost systemd: Started Session 773737 of user root.
Jul 15 08:49:01 localhost systemd: Started Session 773738 of user root.
Jul 15 08:50:01 localhost systemd: Started Session 773741 of user root.
Jul 15 08:50:01 localhost systemd: Started Session 773740 of user root.
Jul 15 08:50:01 localhost systemd: Started Session 773739 of user root.
Jul 15 08:50:01 localhost systemd: Started Session 773742 of user root.
Jul 15 08:51:01 localhost systemd: Started Session 773743 of user root.
Jul 15 08:52:01 localhost systemd: Started Session 773744 of user root.
Jul 15 08:53:01 localhost systemd: Started Session 773745 of user root.
Jul 15 08:54:01 localhost systemd: Started Session 773746 of user root.
Jul 15 08:55:01 localhost systemd: Started Session 773747 of user root.
Jul 15 08:55:01 localhost systemd: Started Session 773748 of user root.
Jul 15 08:55:01 localhost systemd: Started Session 773749 of user root.
Jul 15 08:56:01 localhost systemd: Started Session 773750 of user root.
Jul 15 08:57:01 localhost systemd: Started Session 773751 of user root.
Jul 15 08:58:01 localhost systemd: Started Session 773752 of user root.
Jul 15 08:59:01 localhost systemd: Started Session 773753 of user root.
Jul 15 09:00:01 localhost systemd: Started Session 773756 of user root.
Jul 15 09:00:01 localhost systemd: Started Session 773757 of user root.
Jul 15 09:00:01 localhost systemd: Started Session 773755 of user root.
Jul 15 09:00:01 localhost systemd: Started Session 773754 of user root.
Jul 15 09:00:01 localhost systemd: Created slice User Slice of mysql.
Jul 15 09:00:01 localhost systemd: Started Session 773758 of user mysql.
Jul 15 09:00:02 localhost systemd: Removed slice User Slice of mysql.
Jul 15 09:01:01 localhost systemd: Started Session 773760 of user root.
Jul 15 09:01:01 localhost systemd: Started Session 773759 of user root.
Jul 15 09:02:01 localhost systemd: Started Session 773761 of user root.
Jul 15 09:03:01 localhost systemd: Started Session 773762 of user root.
Jul 15 09:04:01 localhost systemd: Started Session 773763 of user root.
Jul 15 09:05:01 localhost systemd: Started Session 773765 of user root.
Jul 15 09:05:01 localhost systemd: Started Session 773764 of user root.
Jul 15 09:05:01 localhost systemd: Started Session 773766 of user root.
Jul 15 09:06:01 localhost systemd: Started Session 773767 of user root.
Jul 15 09:07:01 localhost systemd: Started Session 773768 of user root.
Jul 15 09:08:01 localhost systemd: Started Session 773769 of user root.
Jul 15 09:09:01 localhost systemd: Started Session 773770 of user root.
Jul 15 09:10:01 localhost systemd: Started Session 773771 of user root.
Jul 15 09:10:01 localhost systemd: Started Session 773773 of user root.
Jul 15 09:10:01 localhost systemd: Started Session 773774 of user root.
Jul 15 09:10:01 localhost systemd: Started Session 773772 of user root.
Jul 15 09:11:01 localhost systemd: Started Session 773775 of user root.
Jul 15 09:12:01 localhost systemd: Started Session 773776 of user root.
Jul 15 09:13:01 localhost systemd: Started Session 773777 of user root.
Jul 15 09:14:01 localhost systemd: Started Session 773778 of user root.
Jul 15 09:15:01 localhost systemd: Started Session 773779 of user root.
Jul 15 09:15:01 localhost systemd: Started Session 773780 of user root.
Jul 15 09:15:01 localhost systemd: Started Session 773781 of user root.
Jul 15 09:16:01 localhost systemd: Started Session 773782 of user root.
Jul 15 09:17:01 localhost systemd: Started Session 773783 of user root.
Jul 15 09:18:01 localhost systemd: Started Session 773784 of user root.
Jul 15 09:19:01 localhost systemd: Started Session 773785 of user root.
Jul 15 09:20:01 localhost systemd: Started Session 773786 of user root.
Jul 15 09:20:01 localhost systemd: Started Session 773787 of user root.
Jul 15 09:20:01 localhost systemd: Started Session 773788 of user root.
Jul 15 09:20:01 localhost systemd: Started Session 773789 of user root.
Jul 15 09:21:01 localhost systemd: Started Session 773790 of user root.
Jul 15 09:22:01 localhost systemd: Started Session 773791 of user root.
Jul 15 09:23:01 localhost systemd: Started Session 773792 of user root.
Jul 15 09:24:01 localhost systemd: Started Session 773793 of user root.
Jul 15 09:25:01 localhost systemd: Started Session 773795 of user root.
Jul 15 09:25:01 localhost systemd: Started Session 773794 of user root.
Jul 15 09:25:01 localhost systemd: Started Session 773796 of user root.
Jul 15 09:26:01 localhost systemd: Started Session 773797 of user root.
Jul 15 09:27:01 localhost systemd: Started Session 773798 of user root.
Jul 15 09:28:01 localhost systemd: Started Session 773799 of user root.
Jul 15 09:29:01 localhost systemd: Started Session 773800 of user root.
Jul 15 09:30:01 localhost systemd: Started Session 773801 of user root.
Jul 15 09:30:01 localhost systemd: Started Session 773803 of user root.
Jul 15 09:30:01 localhost systemd: Started Session 773802 of user root.
Jul 15 09:30:01 localhost systemd: Started Session 773804 of user root.
Jul 15 09:31:01 localhost systemd: Started Session 773805 of user root.
Jul 15 09:32:01 localhost systemd: Started Session 773806 of user root.
Jul 15 09:33:01 localhost systemd: Started Session 773807 of user root.
Jul 15 09:34:01 localhost systemd: Started Session 773808 of user root.
Jul 15 09:35:01 localhost systemd: Started Session 773810 of user root.
Jul 15 09:35:01 localhost systemd: Started Session 773811 of user root.
Jul 15 09:35:01 localhost systemd: Started Session 773809 of user root.
Jul 15 09:36:01 localhost systemd: Started Session 773812 of user root.
Jul 15 09:37:01 localhost systemd: Started Session 773813 of user root.
Jul 15 09:38:01 localhost systemd: Started Session 773814 of user root.
Jul 15 09:39:01 localhost systemd: Started Session 773815 of user root.
Jul 15 09:40:01 localhost systemd: Started Session 773817 of user root.
Jul 15 09:40:01 localhost systemd: Started Session 773816 of user root.
Jul 15 09:40:01 localhost systemd: Started Session 773818 of user root.
Jul 15 09:40:01 localhost systemd: Started Session 773819 of user root.
Jul 15 09:41:01 localhost systemd: Started Session 773820 of user root.
Jul 15 09:42:01 localhost systemd: Started Session 773821 of user root.
Jul 15 09:43:01 localhost systemd: Started Session 773822 of user root.
Jul 15 09:44:01 localhost systemd: Started Session 773823 of user root.
Jul 15 09:45:01 localhost systemd: Started Session 773825 of user root.
Jul 15 09:45:01 localhost systemd: Started Session 773824 of user root.
Jul 15 09:45:01 localhost systemd: Started Session 773826 of user root.
Jul 15 09:46:01 localhost systemd: Started Session 773827 of user root.
Jul 15 09:47:01 localhost systemd: Started Session 773828 of user root.
Jul 15 09:48:01 localhost systemd: Started Session 773829 of user root.
Jul 15 09:49:01 localhost systemd: Started Session 773830 of user root.
Jul 15 09:50:01 localhost systemd: Started Session 773831 of user root.
Jul 15 09:50:01 localhost systemd: Started Session 773834 of user root.
Jul 15 09:50:01 localhost systemd: Started Session 773832 of user root.
Jul 15 09:50:01 localhost systemd: Started Session 773833 of user root.
Jul 15 09:51:01 localhost systemd: Started Session 773835 of user root.
Jul 15 09:52:01 localhost systemd: Started Session 773836 of user root.
Jul 15 09:53:01 localhost systemd: Started Session 773837 of user root.
Jul 15 09:54:01 localhost systemd: Started Session 773838 of user root.
Jul 15 09:55:01 localhost systemd: Started Session 773840 of user root.
Jul 15 09:55:01 localhost systemd: Started Session 773839 of user root.
Jul 15 09:55:01 localhost systemd: Started Session 773841 of user root.
Jul 15 09:56:01 localhost systemd: Started Session 773842 of user root.
Jul 15 09:57:01 localhost systemd: Started Session 773843 of user root.
Jul 15 09:58:01 localhost systemd: Started Session 773844 of user root.
Jul 15 09:59:01 localhost systemd: Started Session 773845 of user root.
Jul 15 10:00:01 localhost systemd: Started Session 773848 of user root.
Jul 15 10:00:01 localhost systemd: Started Session 773849 of user root.
Jul 15 10:00:01 localhost systemd: Started Session 773847 of user root.
Jul 15 10:00:01 localhost systemd: Started Session 773846 of user root.
Jul 15 10:00:01 localhost systemd: Created slice User Slice of mysql.
Jul 15 10:00:01 localhost systemd: Started Session 773850 of user mysql.
Jul 15 10:00:02 localhost systemd: Removed slice User Slice of mysql.
Jul 15 10:01:01 localhost systemd: Started Session 773852 of user root.
Jul 15 10:01:01 localhost systemd: Started Session 773851 of user root.
Jul 15 10:02:01 localhost systemd: Started Session 773853 of user root.
Jul 15 10:03:01 localhost systemd: Started Session 773854 of user root.
Jul 15 10:04:01 localhost systemd: Started Session 773855 of user root.
Jul 15 10:05:01 localhost systemd: Started Session 773857 of user root.
Jul 15 10:05:01 localhost systemd: Started Session 773858 of user root.
Jul 15 10:05:01 localhost systemd: Started Session 773856 of user root.
Jul 15 10:06:01 localhost systemd: Started Session 773859 of user root.
Jul 15 10:07:01 localhost systemd: Started Session 773860 of user root.
Jul 15 10:08:01 localhost systemd: Started Session 773861 of user root.
Jul 15 10:09:01 localhost systemd: Started Session 773862 of user root.
Jul 15 10:10:01 localhost systemd: Started Session 773864 of user root.
Jul 15 10:10:01 localhost systemd: Started Session 773866 of user root.
Jul 15 10:10:01 localhost systemd: Started Session 773863 of user root.
Jul 15 10:10:01 localhost systemd: Started Session 773865 of user root.
Jul 15 10:11:01 localhost systemd: Started Session 773867 of user root.
Jul 15 10:12:01 localhost systemd: Started Session 773868 of user root.
Jul 15 10:13:01 localhost systemd: Started Session 773869 of user root.
Jul 15 10:14:01 localhost systemd: Started Session 773870 of user root.
Jul 15 10:15:01 localhost systemd: Started Session 773873 of user root.
Jul 15 10:15:01 localhost systemd: Started Session 773871 of user root.
Jul 15 10:15:01 localhost systemd: Started Session 773872 of user root.
Jul 15 10:16:01 localhost systemd: Started Session 773874 of user root.
Jul 15 10:17:01 localhost systemd: Started Session 773875 of user root.
Jul 15 10:18:01 localhost systemd: Started Session 773876 of user root.
Jul 15 10:19:01 localhost systemd: Started Session 773877 of user root.
Jul 15 10:20:01 localhost systemd: Started Session 773880 of user root.
Jul 15 10:20:01 localhost systemd: Started Session 773879 of user root.
Jul 15 10:20:01 localhost systemd: Started Session 773881 of user root.
Jul 15 10:20:01 localhost systemd: Started Session 773878 of user root.
Jul 15 10:21:01 localhost systemd: Started Session 773882 of user root.
Jul 15 10:22:01 localhost systemd: Started Session 773883 of user root.
Jul 15 10:23:01 localhost systemd: Started Session 773884 of user root.
Jul 15 10:24:01 localhost systemd: Started Session 773885 of user root.
Jul 15 10:25:02 localhost systemd: Started Session 773887 of user root.
Jul 15 10:25:02 localhost systemd: Started Session 773886 of user root.
Jul 15 10:25:02 localhost systemd: Started Session 773888 of user root.
Jul 15 10:26:01 localhost systemd: Started Session 773889 of user root.
Jul 15 10:27:01 localhost systemd: Started Session 773890 of user root.
Jul 15 10:28:01 localhost systemd: Started Session 773891 of user root.
Jul 15 10:29:01 localhost systemd: Started Session 773892 of user root.
Jul 15 10:30:01 localhost systemd: Started Session 773894 of user root.
Jul 15 10:30:01 localhost systemd: Started Session 773895 of user root.
Jul 15 10:30:01 localhost systemd: Started Session 773893 of user root.
Jul 15 10:30:01 localhost systemd: Started Session 773896 of user root.
Jul 15 10:31:01 localhost systemd: Started Session 773897 of user root.
Jul 15 10:32:01 localhost systemd: Started Session 773898 of user root.
Jul 15 10:33:01 localhost systemd: Started Session 773899 of user root.
Jul 15 10:34:01 localhost systemd: Started Session 773900 of user root.
Jul 15 10:35:01 localhost systemd: Started Session 773902 of user root.
Jul 15 10:35:01 localhost systemd: Started Session 773903 of user root.
Jul 15 10:35:01 localhost systemd: Started Session 773901 of user root.
Jul 15 10:36:01 localhost systemd: Started Session 773904 of user root.
Jul 15 10:37:01 localhost systemd: Started Session 773905 of user root.
Jul 15 10:38:01 localhost systemd: Started Session 773906 of user root.
Jul 15 10:39:01 localhost systemd: Started Session 773907 of user root.
Jul 15 10:40:01 localhost systemd: Started Session 773909 of user root.
Jul 15 10:40:01 localhost systemd: Started Session 773910 of user root.
Jul 15 10:40:01 localhost systemd: Started Session 773911 of user root.
Jul 15 10:40:01 localhost systemd: Started Session 773908 of user root.
Jul 15 10:41:01 localhost systemd: Started Session 773912 of user root.
Jul 15 10:42:01 localhost systemd: Started Session 773913 of user root.
Jul 15 10:43:01 localhost systemd: Started Session 773914 of user root.
Jul 15 10:44:01 localhost systemd: Started Session 773915 of user root.
Jul 15 10:45:01 localhost systemd: Started Session 773917 of user root.
Jul 15 10:45:01 localhost systemd: Started Session 773916 of user root.
Jul 15 10:45:01 localhost systemd: Started Session 773918 of user root.
Jul 15 10:46:01 localhost systemd: Started Session 773919 of user root.
Jul 15 10:47:01 localhost systemd: Started Session 773920 of user root.
Jul 15 10:48:01 localhost systemd: Started Session 773921 of user root.
Jul 15 10:49:01 localhost systemd: Started Session 773922 of user root.
Jul 15 10:50:01 localhost systemd: Started Session 773926 of user root.
Jul 15 10:50:01 localhost systemd: Started Session 773924 of user root.
Jul 15 10:50:01 localhost systemd: Started Session 773923 of user root.
Jul 15 10:50:01 localhost systemd: Started Session 773925 of user root.
Jul 15 10:51:01 localhost systemd: Started Session 773927 of user root.
Jul 15 10:52:01 localhost systemd: Started Session 773928 of user root.
Jul 15 10:53:01 localhost systemd: Started Session 773929 of user root.
Jul 15 10:54:01 localhost systemd: Started Session 773930 of user root.
Jul 15 10:55:01 localhost systemd: Started Session 773933 of user root.
Jul 15 10:55:01 localhost systemd: Started Session 773932 of user root.
Jul 15 10:55:01 localhost systemd: Started Session 773931 of user root.
Jul 15 10:56:01 localhost systemd: Started Session 773934 of user root.
Jul 15 10:57:01 localhost systemd: Started Session 773935 of user root.
Jul 15 10:58:01 localhost systemd: Started Session 773936 of user root.
Jul 15 10:59:01 localhost systemd: Started Session 773937 of user root.
Jul 15 11:00:01 localhost systemd: Started Session 773939 of user root.
Jul 15 11:00:01 localhost systemd: Started Session 773938 of user root.
Jul 15 11:00:01 localhost systemd: Created slice User Slice of mysql.
Jul 15 11:00:01 localhost systemd: Started Session 773940 of user mysql.
Jul 15 11:00:01 localhost systemd: Started Session 773941 of user root.
Jul 15 11:00:01 localhost systemd: Started Session 773942 of user root.
Jul 15 11:00:02 localhost systemd: Removed slice User Slice of mysql.
Jul 15 11:01:01 localhost systemd: Started Session 773944 of user root.
Jul 15 11:01:01 localhost systemd: Started Session 773943 of user root.
Jul 15 11:02:01 localhost systemd: Started Session 773945 of user root.
Jul 15 11:03:01 localhost systemd: Started Session 773946 of user root.
Jul 15 11:04:01 localhost systemd: Started Session 773947 of user root.
Jul 15 11:05:01 localhost systemd: Started Session 773949 of user root.
Jul 15 11:05:01 localhost systemd: Started Session 773950 of user root.
Jul 15 11:05:01 localhost systemd: Started Session 773948 of user root.
Jul 15 11:06:01 localhost systemd: Started Session 773951 of user root.
Jul 15 11:07:01 localhost systemd: Started Session 773952 of user root.
Jul 15 11:08:01 localhost systemd: Started Session 773953 of user root.
Jul 15 11:09:01 localhost systemd: Started Session 773954 of user root.
Jul 15 11:10:01 localhost systemd: Started Session 773956 of user root.
Jul 15 11:10:01 localhost systemd: Started Session 773955 of user root.
Jul 15 11:10:01 localhost systemd: Started Session 773957 of user root.
Jul 15 11:10:01 localhost systemd: Started Session 773958 of user root.
Jul 15 11:11:01 localhost systemd: Started Session 773959 of user root.
Jul 15 11:12:01 localhost systemd: Started Session 773960 of user root.
Jul 15 11:13:01 localhost systemd: Started Session 773961 of user root.
Jul 15 11:14:01 localhost systemd: Started Session 773962 of user root.
Jul 15 11:15:01 localhost systemd: Started Session 773965 of user root.
Jul 15 11:15:01 localhost systemd: Started Session 773964 of user root.
Jul 15 11:15:01 localhost systemd: Started Session 773963 of user root.
Jul 15 11:16:01 localhost systemd: Started Session 773966 of user root.
Jul 15 11:17:01 localhost systemd: Started Session 773967 of user root.
Jul 15 11:18:01 localhost systemd: Started Session 773968 of user root.
Jul 15 11:19:01 localhost systemd: Started Session 773969 of user root.
Jul 15 11:20:01 localhost systemd: Started Session 773970 of user root.
Jul 15 11:20:01 localhost systemd: Started Session 773972 of user root.
Jul 15 11:20:01 localhost systemd: Started Session 773973 of user root.
Jul 15 11:20:01 localhost systemd: Started Session 773971 of user root.
Jul 15 11:21:01 localhost systemd: Started Session 773974 of user root.
Jul 15 11:22:01 localhost systemd: Started Session 773975 of user root.
Jul 15 11:23:01 localhost systemd: Started Session 773976 of user root.
Jul 15 11:24:01 localhost systemd: Started Session 773977 of user root.
Jul 15 11:25:01 localhost systemd: Started Session 773978 of user root.
Jul 15 11:25:01 localhost systemd: Started Session 773979 of user root.
Jul 15 11:25:01 localhost systemd: Started Session 773980 of user root.
Jul 15 11:26:01 localhost systemd: Started Session 773981 of user root.
Jul 15 11:27:01 localhost systemd: Started Session 773982 of user root.
Jul 15 11:28:01 localhost systemd: Started Session 773983 of user root.
Jul 15 11:29:01 localhost systemd: Started Session 773984 of user root.
Jul 15 11:30:01 localhost systemd: Started Session 773985 of user root.
Jul 15 11:30:01 localhost systemd: Started Session 773986 of user root.
Jul 15 11:30:01 localhost systemd: Started Session 773987 of user root.
Jul 15 11:30:01 localhost systemd: Started Session 773988 of user root.
Jul 15 11:31:01 localhost systemd: Started Session 773989 of user root.
Jul 15 11:32:01 localhost systemd: Started Session 773990 of user root.
Jul 15 11:33:01 localhost systemd: Started Session 773991 of user root.
Jul 15 11:34:01 localhost systemd: Started Session 773992 of user root.
Jul 15 11:35:01 localhost systemd: Started Session 773995 of user root.
Jul 15 11:35:01 localhost systemd: Started Session 773994 of user root.
Jul 15 11:35:01 localhost systemd: Started Session 773993 of user root.
Jul 15 11:36:01 localhost systemd: Started Session 773996 of user root.
Jul 15 11:37:01 localhost systemd: Started Session 773997 of user root.
Jul 15 11:38:01 localhost systemd: Started Session 773998 of user root.
Jul 15 11:39:01 localhost systemd: Started Session 773999 of user root.
Jul 15 11:40:01 localhost systemd: Started Session 774000 of user root.
Jul 15 11:40:01 localhost systemd: Started Session 774001 of user root.
Jul 15 11:40:01 localhost systemd: Started Session 774002 of user root.
Jul 15 11:40:01 localhost systemd: Started Session 774003 of user root.
Jul 15 11:41:01 localhost systemd: Started Session 774004 of user root.
Jul 15 11:42:01 localhost systemd: Started Session 774005 of user root.
Jul 15 11:43:01 localhost systemd: Started Session 774006 of user root.
Jul 15 11:44:01 localhost systemd: Started Session 774007 of user root.
Jul 15 11:45:01 localhost systemd: Started Session 774008 of user root.
Jul 15 11:45:01 localhost systemd: Started Session 774009 of user root.
Jul 15 11:45:01 localhost systemd: Started Session 774010 of user root.
Jul 15 11:46:01 localhost systemd: Started Session 774011 of user root.
Jul 15 11:47:01 localhost systemd: Started Session 774012 of user root.
Jul 15 11:48:01 localhost systemd: Started Session 774013 of user root.
Jul 15 11:49:01 localhost systemd: Started Session 774014 of user root.
Jul 15 11:50:01 localhost systemd: Started Session 774016 of user root.
Jul 15 11:50:01 localhost systemd: Started Session 774017 of user root.
Jul 15 11:50:01 localhost systemd: Started Session 774018 of user root.
Jul 15 11:50:01 localhost systemd: Started Session 774015 of user root.
Jul 15 11:51:01 localhost systemd: Started Session 774019 of user root.
Jul 15 11:52:01 localhost systemd: Started Session 774020 of user root.
Jul 15 11:53:01 localhost systemd: Started Session 774021 of user root.
Jul 15 11:54:01 localhost systemd: Started Session 774022 of user root.
Jul 15 11:55:01 localhost systemd: Started Session 774024 of user root.
Jul 15 11:55:01 localhost systemd: Started Session 774025 of user root.
Jul 15 11:55:01 localhost systemd: Started Session 774023 of user root.
Jul 15 11:56:01 localhost systemd: Started Session 774026 of user root.
Jul 15 11:57:01 localhost systemd: Started Session 774027 of user root.
Jul 15 11:58:01 localhost systemd: Started Session 774028 of user root.
Jul 15 11:59:01 localhost systemd: Started Session 774029 of user root.
Jul 15 12:00:01 localhost systemd: Started Session 774030 of user root.
Jul 15 12:00:01 localhost systemd: Started Session 774032 of user root.
Jul 15 12:00:01 localhost systemd: Started Session 774031 of user root.
Jul 15 12:00:01 localhost systemd: Created slice User Slice of mysql.
Jul 15 12:00:01 localhost systemd: Started Session 774033 of user mysql.
Jul 15 12:00:01 localhost systemd: Started Session 774034 of user root.
Jul 15 12:00:02 localhost systemd: Removed slice User Slice of mysql.
Jul 15 12:01:01 localhost systemd: Started Session 774036 of user root.
Jul 15 12:01:01 localhost systemd: Started Session 774035 of user root.
Jul 15 12:02:01 localhost systemd: Started Session 774037 of user root.
Jul 15 12:03:01 localhost systemd: Started Session 774038 of user root.
Jul 15 12:04:01 localhost systemd: Started Session 774039 of user root.
Jul 15 12:05:01 localhost systemd: Started Session 774041 of user root.
Jul 15 12:05:01 localhost systemd: Started Session 774040 of user root.
Jul 15 12:05:01 localhost systemd: Started Session 774042 of user root.
Jul 15 12:06:01 localhost systemd: Started Session 774043 of user root.
Jul 15 12:07:01 localhost systemd: Started Session 774044 of user root.
Jul 15 12:08:01 localhost systemd: Started Session 774045 of user root.
Jul 15 12:09:01 localhost systemd: Started Session 774046 of user root.
Jul 15 12:10:01 localhost systemd: Started Session 774047 of user root.
Jul 15 12:10:01 localhost systemd: Started Session 774050 of user root.
Jul 15 12:10:01 localhost systemd: Started Session 774049 of user root.
Jul 15 12:10:01 localhost systemd: Started Session 774048 of user root.
Jul 15 12:11:01 localhost systemd: Started Session 774051 of user root.
Jul 15 12:12:01 localhost systemd: Started Session 774052 of user root.
Jul 15 12:13:01 localhost systemd: Started Session 774053 of user root.
Jul 15 12:14:01 localhost systemd: Started Session 774054 of user root.
Jul 15 12:15:01 localhost systemd: Started Session 774057 of user root.
Jul 15 12:15:01 localhost systemd: Started Session 774056 of user root.
Jul 15 12:15:01 localhost systemd: Started Session 774055 of user root.
Jul 15 12:16:01 localhost systemd: Started Session 774058 of user root.
Jul 15 12:17:01 localhost systemd: Started Session 774059 of user root.
Jul 15 12:18:01 localhost systemd: Started Session 774060 of user root.
Jul 15 12:19:01 localhost systemd: Started Session 774061 of user root.
Jul 15 12:19:25 localhost systemd: Starting Cleanup of Temporary Directories...
Jul 15 12:19:25 localhost systemd: Started Cleanup of Temporary Directories.
Jul 15 12:20:01 localhost systemd: Started Session 774065 of user root.
Jul 15 12:20:01 localhost systemd: Started Session 774062 of user root.
Jul 15 12:20:01 localhost systemd: Started Session 774064 of user root.
Jul 15 12:20:01 localhost systemd: Started Session 774063 of user root.
Jul 15 12:21:01 localhost systemd: Started Session 774066 of user root.
Jul 15 12:22:01 localhost systemd: Started Session 774067 of user root.
Jul 15 12:23:01 localhost systemd: Started Session 774068 of user root.
Jul 15 12:24:01 localhost systemd: Started Session 774069 of user root.
Jul 15 12:25:01 localhost systemd: Started Session 774070 of user root.
Jul 15 12:25:01 localhost systemd: Started Session 774071 of user root.
Jul 15 12:25:01 localhost systemd: Started Session 774072 of user root.
Jul 15 12:26:01 localhost systemd: Started Session 774073 of user root.
Jul 15 12:27:01 localhost systemd: Started Session 774074 of user root.
Jul 15 12:28:01 localhost systemd: Started Session 774075 of user root.
Jul 15 12:29:01 localhost systemd: Started Session 774076 of user root.
Jul 15 12:30:01 localhost systemd: Started Session 774079 of user root.
Jul 15 12:30:01 localhost systemd: Started Session 774077 of user root.
Jul 15 12:30:01 localhost systemd: Started Session 774080 of user root.
Jul 15 12:30:01 localhost systemd: Started Session 774078 of user root.
Jul 15 12:31:01 localhost systemd: Started Session 774081 of user root.
Jul 15 12:32:01 localhost systemd: Started Session 774082 of user root.
Jul 15 12:33:01 localhost systemd: Started Session 774083 of user root.
Jul 15 12:34:01 localhost systemd: Started Session 774084 of user root.
Jul 15 12:35:01 localhost systemd: Started Session 774086 of user root.
Jul 15 12:35:01 localhost systemd: Started Session 774087 of user root.
Jul 15 12:35:01 localhost systemd: Started Session 774085 of user root.
Jul 15 12:36:01 localhost systemd: Started Session 774088 of user root.
Jul 15 12:37:01 localhost systemd: Started Session 774089 of user root.
Jul 15 12:38:01 localhost systemd: Started Session 774090 of user root.
Jul 15 12:39:01 localhost systemd: Started Session 774091 of user root.
Jul 15 12:40:01 localhost systemd: Started Session 774093 of user root.
Jul 15 12:40:01 localhost systemd: Started Session 774094 of user root.
Jul 15 12:40:01 localhost systemd: Started Session 774092 of user root.
Jul 15 12:40:01 localhost systemd: Started Session 774095 of user root.
Jul 15 12:41:01 localhost systemd: Started Session 774096 of user root.
Jul 15 12:42:01 localhost systemd: Started Session 774097 of user root.
Jul 15 12:43:01 localhost systemd: Started Session 774098 of user root.
Jul 15 12:44:01 localhost systemd: Started Session 774099 of user root.
Jul 15 12:45:01 localhost systemd: Started Session 774101 of user root.
Jul 15 12:45:01 localhost systemd: Started Session 774100 of user root.
Jul 15 12:45:01 localhost systemd: Started Session 774102 of user root.
Jul 15 12:46:01 localhost systemd: Started Session 774103 of user root.
Jul 15 12:47:01 localhost systemd: Started Session 774104 of user root.
Jul 15 12:48:01 localhost systemd: Started Session 774105 of user root.
Jul 15 12:49:01 localhost systemd: Started Session 774106 of user root.
Jul 15 12:50:02 localhost systemd: Started Session 774108 of user root.
Jul 15 12:50:02 localhost systemd: Started Session 774109 of user root.
Jul 15 12:50:02 localhost systemd: Started Session 774107 of user root.
Jul 15 12:50:02 localhost systemd: Started Session 774110 of user root.
Jul 15 12:51:01 localhost systemd: Started Session 774111 of user root.
Jul 15 12:52:01 localhost systemd: Started Session 774112 of user root.
Jul 15 12:53:01 localhost systemd: Started Session 774113 of user root.
Jul 15 12:54:01 localhost systemd: Started Session 774114 of user root.
Jul 15 12:55:01 localhost systemd: Started Session 774115 of user root.
Jul 15 12:55:01 localhost systemd: Started Session 774116 of user root.
Jul 15 12:55:01 localhost systemd: Started Session 774117 of user root.
Jul 15 12:56:01 localhost systemd: Started Session 774118 of user root.
Jul 15 12:57:01 localhost systemd: Started Session 774119 of user root.
Jul 15 12:58:01 localhost systemd: Started Session 774120 of user root.
Jul 15 12:59:02 localhost systemd: Started Session 774121 of user root.
Jul 15 13:00:01 localhost systemd: Started Session 774125 of user root.
Jul 15 13:00:01 localhost systemd: Started Session 774124 of user root.
Jul 15 13:00:01 localhost systemd: Started Session 774123 of user root.
Jul 15 13:00:01 localhost systemd: Started Session 774122 of user root.
Jul 15 13:00:01 localhost systemd: Created slice User Slice of mysql.
Jul 15 13:00:01 localhost systemd: Started Session 774126 of user mysql.
Jul 15 13:00:01 localhost systemd: Removed slice User Slice of mysql.
Jul 15 13:01:01 localhost systemd: Started Session 774127 of user root.
Jul 15 13:01:01 localhost systemd: Started Session 774128 of user root.
Jul 15 13:02:01 localhost systemd: Started Session 774129 of user root.
Jul 15 13:03:01 localhost systemd: Started Session 774130 of user root.
Jul 15 13:04:01 localhost systemd: Started Session 774131 of user root.
Jul 15 13:05:01 localhost systemd: Started Session 774134 of user root.
Jul 15 13:05:01 localhost systemd: Started Session 774132 of user root.
Jul 15 13:05:01 localhost systemd: Started Session 774133 of user root.
Jul 15 13:06:01 localhost systemd: Started Session 774135 of user root.
Jul 15 13:07:01 localhost systemd: Started Session 774136 of user root.
Jul 15 13:08:01 localhost systemd: Started Session 774137 of user root.
Jul 15 13:09:01 localhost systemd: Started Session 774138 of user root.
Jul 15 13:10:01 localhost systemd: Started Session 774139 of user root.
Jul 15 13:10:01 localhost systemd: Started Session 774142 of user root.
Jul 15 13:10:01 localhost systemd: Started Session 774141 of user root.
Jul 15 13:10:01 localhost systemd: Started Session 774140 of user root.
Jul 15 13:11:01 localhost systemd: Started Session 774143 of user root.
Jul 15 13:12:01 localhost systemd: Started Session 774144 of user root.
Jul 15 13:13:01 localhost systemd: Started Session 774145 of user root.
Jul 15 13:14:01 localhost systemd: Started Session 774146 of user root.
Jul 15 13:15:01 localhost systemd: Started Session 774148 of user root.
Jul 15 13:15:01 localhost systemd: Started Session 774147 of user root.
Jul 15 13:15:01 localhost systemd: Started Session 774149 of user root.
Jul 15 13:16:01 localhost systemd: Started Session 774150 of user root.
Jul 15 13:17:01 localhost systemd: Started Session 774151 of user root.
Jul 15 13:18:01 localhost systemd: Started Session 774152 of user root.
Jul 15 13:19:01 localhost systemd: Started Session 774153 of user root.
Jul 15 13:20:01 localhost systemd: Started Session 774154 of user root.
Jul 15 13:20:01 localhost systemd: Started Session 774156 of user root.
Jul 15 13:20:01 localhost systemd: Started Session 774155 of user root.
Jul 15 13:20:01 localhost systemd: Started Session 774157 of user root.
Jul 15 13:21:01 localhost systemd: Started Session 774158 of user root.
Jul 15 13:22:01 localhost systemd: Started Session 774159 of user root.
Jul 15 13:23:01 localhost systemd: Started Session 774160 of user root.
Jul 15 13:24:01 localhost systemd: Started Session 774161 of user root.
Jul 15 13:25:01 localhost systemd: Started Session 774162 of user root.
Jul 15 13:25:01 localhost systemd: Started Session 774163 of user root.
Jul 15 13:25:01 localhost systemd: Started Session 774164 of user root.
Jul 15 13:26:01 localhost systemd: Started Session 774165 of user root.
Jul 15 13:27:01 localhost systemd: Started Session 774166 of user root.
Jul 15 13:28:01 localhost systemd: Started Session 774167 of user root.
Jul 15 13:29:01 localhost systemd: Started Session 774168 of user root.
Jul 15 13:30:01 localhost systemd: Started Session 774171 of user root.
Jul 15 13:30:01 localhost systemd: Started Session 774170 of user root.
Jul 15 13:30:01 localhost systemd: Started Session 774169 of user root.
Jul 15 13:30:01 localhost systemd: Started Session 774172 of user root.
Jul 15 13:31:01 localhost systemd: Started Session 774173 of user root.
Jul 15 13:32:01 localhost systemd: Started Session 774174 of user root.
Jul 15 13:33:01 localhost systemd: Started Session 774175 of user root.
Jul 15 13:34:01 localhost systemd: Started Session 774176 of user root.
Jul 15 13:35:01 localhost systemd: Started Session 774178 of user root.
Jul 15 13:35:01 localhost systemd: Started Session 774177 of user root.
Jul 15 13:35:01 localhost systemd: Started Session 774179 of user root.
Jul 15 13:36:01 localhost systemd: Started Session 774180 of user root.
Jul 15 13:37:01 localhost systemd: Started Session 774181 of user root.
Jul 15 13:38:01 localhost systemd: Started Session 774182 of user root.
Jul 15 13:39:01 localhost systemd: Started Session 774183 of user root.
Jul 15 13:40:01 localhost systemd: Started Session 774184 of user root.
Jul 15 13:40:01 localhost systemd: Started Session 774185 of user root.
Jul 15 13:40:01 localhost systemd: Started Session 774187 of user root.
Jul 15 13:40:01 localhost systemd: Started Session 774186 of user root.
Jul 15 13:41:01 localhost systemd: Started Session 774188 of user root.
Jul 15 13:42:01 localhost systemd: Started Session 774189 of user root.
Jul 15 13:43:01 localhost systemd: Started Session 774190 of user root.
Jul 15 13:44:01 localhost systemd: Started Session 774191 of user root.
Jul 15 13:45:01 localhost systemd: Started Session 774193 of user root.
Jul 15 13:45:01 localhost systemd: Started Session 774192 of user root.
Jul 15 13:45:01 localhost systemd: Started Session 774194 of user root.
Jul 15 13:46:01 localhost systemd: Started Session 774195 of user root.
Jul 15 13:47:01 localhost systemd: Started Session 774196 of user root.
Jul 15 13:48:01 localhost systemd: Started Session 774197 of user root.
Jul 15 13:49:01 localhost systemd: Started Session 774198 of user root.
Jul 15 13:50:01 localhost systemd: Started Session 774199 of user root.
Jul 15 13:50:01 localhost systemd: Started Session 774201 of user root.
Jul 15 13:50:01 localhost systemd: Started Session 774200 of user root.
Jul 15 13:50:01 localhost systemd: Started Session 774202 of user root.
Jul 15 13:51:01 localhost systemd: Started Session 774203 of user root.
Jul 15 13:52:01 localhost systemd: Started Session 774204 of user root.
Jul 15 13:53:01 localhost systemd: Started Session 774205 of user root.
Jul 15 13:54:01 localhost systemd: Started Session 774206 of user root.
Jul 15 13:55:01 localhost systemd: Started Session 774207 of user root.
Jul 15 13:55:01 localhost systemd: Started Session 774209 of user root.
Jul 15 13:55:01 localhost systemd: Started Session 774208 of user root.
Jul 15 13:56:01 localhost systemd: Started Session 774210 of user root.
Jul 15 13:57:01 localhost systemd: Started Session 774211 of user root.
Jul 15 13:58:01 localhost systemd: Started Session 774212 of user root.
Jul 15 13:59:01 localhost systemd: Started Session 774213 of user root.
Jul 15 14:00:01 localhost systemd: Started Session 774214 of user root.
Jul 15 14:00:01 localhost systemd: Started Session 774216 of user root.
Jul 15 14:00:01 localhost systemd: Started Session 774215 of user root.
Jul 15 14:00:01 localhost systemd: Started Session 774217 of user root.
Jul 15 14:00:01 localhost systemd: Created slice User Slice of mysql.
Jul 15 14:00:01 localhost systemd: Started Session 774218 of user mysql.
Jul 15 14:00:02 localhost systemd: Removed slice User Slice of mysql.
Jul 15 14:01:01 localhost systemd: Started Session 774219 of user root.
Jul 15 14:01:01 localhost systemd: Started Session 774220 of user root.
Jul 15 14:02:01 localhost systemd: Started Session 774221 of user root.
Jul 15 14:03:01 localhost systemd: Started Session 774222 of user root.
Jul 15 14:04:01 localhost systemd: Started Session 774223 of user root.
Jul 15 14:05:01 localhost systemd: Started Session 774225 of user root.
Jul 15 14:05:01 localhost systemd: Started Session 774224 of user root.
Jul 15 14:05:01 localhost systemd: Started Session 774226 of user root.
Jul 15 14:06:01 localhost systemd: Started Session 774227 of user root.
Jul 15 14:07:01 localhost systemd: Started Session 774228 of user root.
Jul 15 14:08:01 localhost systemd: Started Session 774229 of user root.
Jul 15 14:09:01 localhost systemd: Started Session 774230 of user root.
Jul 15 14:10:01 localhost systemd: Started Session 774232 of user root.
Jul 15 14:10:01 localhost systemd: Started Session 774233 of user root.
Jul 15 14:10:01 localhost systemd: Started Session 774234 of user root.
Jul 15 14:10:01 localhost systemd: Started Session 774231 of user root.
Jul 15 14:11:01 localhost systemd: Started Session 774235 of user root.
Jul 15 14:12:01 localhost systemd: Started Session 774236 of user root.
Jul 15 14:13:01 localhost systemd: Started Session 774237 of user root.
Jul 15 14:14:01 localhost systemd: Started Session 774238 of user root.
Jul 15 14:15:01 localhost systemd: Started Session 774239 of user root.
Jul 15 14:15:01 localhost systemd: Started Session 774241 of user root.
Jul 15 14:15:01 localhost systemd: Started Session 774240 of user root.
Jul 15 14:16:01 localhost systemd: Started Session 774242 of user root.
Jul 15 14:17:01 localhost systemd: Started Session 774243 of user root.
Jul 15 14:18:01 localhost systemd: Started Session 774244 of user root.
Jul 15 14:19:01 localhost systemd: Started Session 774245 of user root.
Jul 15 14:20:01 localhost systemd: Started Session 774247 of user root.
Jul 15 14:20:01 localhost systemd: Started Session 774246 of user root.
Jul 15 14:20:01 localhost systemd: Started Session 774249 of user root.
Jul 15 14:20:01 localhost systemd: Started Session 774248 of user root.
Jul 15 14:21:01 localhost systemd: Started Session 774250 of user root.
Jul 15 14:22:01 localhost systemd: Started Session 774251 of user root.
Jul 15 14:23:01 localhost systemd: Started Session 774252 of user root.
Jul 15 14:24:01 localhost systemd: Started Session 774253 of user root.
Jul 15 14:25:01 localhost systemd: Started Session 774256 of user root.
Jul 15 14:25:01 localhost systemd: Started Session 774255 of user root.
Jul 15 14:25:01 localhost systemd: Started Session 774254 of user root.
Jul 15 14:26:01 localhost systemd: Started Session 774257 of user root.
Jul 15 14:27:01 localhost systemd: Started Session 774258 of user root.
Jul 15 14:28:01 localhost systemd: Started Session 774259 of user root.
Jul 15 14:29:01 localhost systemd: Started Session 774260 of user root.
Jul 15 14:30:01 localhost systemd: Started Session 774261 of user root.
Jul 15 14:30:01 localhost systemd: Started Session 774262 of user root.
Jul 15 14:30:01 localhost systemd: Started Session 774264 of user root.
Jul 15 14:30:01 localhost systemd: Started Session 774263 of user root.
Jul 15 14:31:01 localhost systemd: Started Session 774265 of user root.
Jul 15 14:32:01 localhost systemd: Started Session 774266 of user root.
Jul 15 14:33:01 localhost systemd: Started Session 774267 of user root.
Jul 15 14:34:01 localhost systemd: Started Session 774268 of user root.
Jul 15 14:35:01 localhost systemd: Started Session 774269 of user root.
Jul 15 14:35:01 localhost systemd: Started Session 774271 of user root.
Jul 15 14:35:01 localhost systemd: Started Session 774270 of user root.
Jul 15 14:36:01 localhost systemd: Started Session 774272 of user root.
Jul 15 14:37:01 localhost systemd: Started Session 774273 of user root.
Jul 15 14:38:01 localhost systemd: Started Session 774274 of user root.
Jul 15 14:39:01 localhost systemd: Started Session 774275 of user root.
Jul 15 14:40:01 localhost systemd: Started Session 774277 of user root.
Jul 15 14:40:01 localhost systemd: Started Session 774276 of user root.
Jul 15 14:40:01 localhost systemd: Started Session 774279 of user root.
Jul 15 14:40:01 localhost systemd: Started Session 774278 of user root.
Jul 15 14:41:01 localhost systemd: Started Session 774280 of user root.
Jul 15 14:42:01 localhost systemd: Started Session 774281 of user root.
Jul 15 14:43:01 localhost systemd: Started Session 774282 of user root.
Jul 15 14:44:01 localhost systemd: Started Session 774283 of user root.
Jul 15 14:45:01 localhost systemd: Started Session 774285 of user root.
Jul 15 14:45:01 localhost systemd: Started Session 774284 of user root.
Jul 15 14:45:01 localhost systemd: Started Session 774286 of user root.
Jul 15 14:46:01 localhost systemd: Started Session 774287 of user root.
Jul 15 14:47:01 localhost systemd: Started Session 774288 of user root.
Jul 15 14:48:01 localhost systemd: Started Session 774289 of user root.
Jul 15 14:49:01 localhost systemd: Started Session 774290 of user root.
Jul 15 14:50:01 localhost systemd: Started Session 774291 of user root.
Jul 15 14:50:01 localhost systemd: Started Session 774293 of user root.
Jul 15 14:50:01 localhost systemd: Started Session 774294 of user root.
Jul 15 14:50:01 localhost systemd: Started Session 774292 of user root.
Jul 15 14:51:01 localhost systemd: Started Session 774295 of user root.
Jul 15 14:52:01 localhost systemd: Started Session 774296 of user root.
Jul 15 14:53:01 localhost systemd: Started Session 774297 of user root.
Jul 15 14:54:01 localhost systemd: Started Session 774298 of user root.
Jul 15 14:55:01 localhost systemd: Started Session 774300 of user root.
Jul 15 14:55:01 localhost systemd: Started Session 774299 of user root.
Jul 15 14:55:01 localhost systemd: Started Session 774301 of user root.
Jul 15 14:56:01 localhost systemd: Started Session 774302 of user root.
Jul 15 14:57:01 localhost systemd: Started Session 774303 of user root.
Jul 15 14:58:01 localhost systemd: Started Session 774304 of user root.
Jul 15 14:59:01 localhost systemd: Started Session 774305 of user root.
Jul 15 15:00:01 localhost systemd: Started Session 774307 of user root.
Jul 15 15:00:01 localhost systemd: Started Session 774306 of user root.
Jul 15 15:00:01 localhost systemd: Started Session 774308 of user root.
Jul 15 15:00:01 localhost systemd: Started Session 774310 of user root.
Jul 15 15:00:01 localhost systemd: Created slice User Slice of mysql.
Jul 15 15:00:01 localhost systemd: Started Session 774309 of user mysql.
Jul 15 15:00:02 localhost systemd: Removed slice User Slice of mysql.
Jul 15 15:01:01 localhost systemd: Started Session 774311 of user root.
Jul 15 15:01:01 localhost systemd: Started Session 774312 of user root.
Jul 15 15:02:01 localhost systemd: Started Session 774313 of user root.
Jul 15 15:03:01 localhost systemd: Started Session 774314 of user root.
Jul 15 15:04:01 localhost systemd: Started Session 774315 of user root.
Jul 15 15:05:01 localhost systemd: Started Session 774316 of user root.
Jul 15 15:05:01 localhost systemd: Started Session 774317 of user root.
Jul 15 15:05:01 localhost systemd: Started Session 774318 of user root.
Jul 15 15:06:01 localhost systemd: Started Session 774319 of user root.
Jul 15 15:07:01 localhost systemd: Started Session 774320 of user root.
Jul 15 15:08:01 localhost systemd: Started Session 774321 of user root.
Jul 15 15:09:01 localhost systemd: Started Session 774322 of user root.
Jul 15 15:10:01 localhost systemd: Started Session 774325 of user root.
Jul 15 15:10:01 localhost systemd: Started Session 774324 of user root.
Jul 15 15:10:01 localhost systemd: Started Session 774326 of user root.
Jul 15 15:10:01 localhost systemd: Started Session 774323 of user root.
Jul 15 15:11:01 localhost systemd: Started Session 774327 of user root.
Jul 15 15:12:01 localhost systemd: Started Session 774328 of user root.
Jul 15 15:13:01 localhost systemd: Started Session 774329 of user root.
Jul 15 15:14:01 localhost systemd: Started Session 774330 of user root.
Jul 15 15:15:01 localhost systemd: Started Session 774333 of user root.
Jul 15 15:15:01 localhost systemd: Started Session 774331 of user root.
Jul 15 15:15:01 localhost systemd: Started Session 774332 of user root.
Jul 15 15:16:01 localhost systemd: Started Session 774334 of user root.
Jul 15 15:17:01 localhost systemd: Started Session 774335 of user root.
Jul 15 15:18:01 localhost systemd: Started Session 774336 of user root.
Jul 15 15:19:01 localhost systemd: Started Session 774337 of user root.
Jul 15 15:20:01 localhost systemd: Started Session 774340 of user root.
Jul 15 15:20:01 localhost systemd: Started Session 774338 of user root.
Jul 15 15:20:01 localhost systemd: Started Session 774341 of user root.
Jul 15 15:20:01 localhost systemd: Started Session 774339 of user root.
Jul 15 15:21:01 localhost systemd: Started Session 774342 of user root.
Jul 15 15:22:01 localhost systemd: Started Session 774343 of user root.
Jul 15 15:23:01 localhost systemd: Started Session 774344 of user root.
Jul 15 15:24:01 localhost systemd: Started Session 774345 of user root.
Jul 15 15:25:01 localhost systemd: Started Session 774348 of user root.
Jul 15 15:25:01 localhost systemd: Started Session 774346 of user root.
Jul 15 15:25:01 localhost systemd: Started Session 774347 of user root.
Jul 15 15:26:01 localhost systemd: Started Session 774349 of user root.
Jul 15 15:27:01 localhost systemd: Started Session 774350 of user root.
Jul 15 15:28:01 localhost systemd: Started Session 774351 of user root.
Jul 15 15:29:01 localhost systemd: Started Session 774352 of user root.
Jul 15 15:30:01 localhost systemd: Started Session 774353 of user root.
Jul 15 15:30:01 localhost systemd: Started Session 774355 of user root.
Jul 15 15:30:01 localhost systemd: Started Session 774354 of user root.
Jul 15 15:30:01 localhost systemd: Started Session 774356 of user root.
Jul 15 15:31:01 localhost systemd: Started Session 774357 of user root.
Jul 15 15:32:01 localhost systemd: Started Session 774358 of user root.
Jul 15 15:33:01 localhost systemd: Started Session 774359 of user root.
Jul 15 15:34:01 localhost systemd: Started Session 774360 of user root.
Jul 15 15:35:01 localhost systemd: Started Session 774363 of user root.
Jul 15 15:35:01 localhost systemd: Started Session 774361 of user root.
Jul 15 15:35:01 localhost systemd: Started Session 774362 of user root.
Jul 15 15:36:01 localhost systemd: Started Session 774364 of user root.
Jul 15 15:37:01 localhost systemd: Started Session 774365 of user root.
Jul 15 15:38:01 localhost systemd: Started Session 774366 of user root.
Jul 15 15:39:01 localhost systemd: Started Session 774367 of user root.
Jul 15 15:40:01 localhost systemd: Started Session 774368 of user root.
Jul 15 15:40:01 localhost systemd: Started Session 774369 of user root.
Jul 15 15:40:01 localhost systemd: Started Session 774370 of user root.
Jul 15 15:40:01 localhost systemd: Started Session 774371 of user root.
Jul 15 15:41:01 localhost systemd: Started Session 774372 of user root.
Jul 15 15:42:01 localhost systemd: Started Session 774373 of user root.
Jul 15 15:43:01 localhost systemd: Started Session 774374 of user root.
Jul 15 15:44:01 localhost systemd: Started Session 774375 of user root.
Jul 15 15:45:01 localhost systemd: Started Session 774378 of user root.
Jul 15 15:45:01 localhost systemd: Started Session 774377 of user root.
Jul 15 15:45:01 localhost systemd: Started Session 774376 of user root.
Jul 15 15:46:01 localhost systemd: Started Session 774379 of user root.
Jul 15 15:47:01 localhost systemd: Started Session 774380 of user root.
Jul 15 15:48:01 localhost systemd: Started Session 774381 of user root.
Jul 15 15:49:01 localhost systemd: Started Session 774382 of user root.
Jul 15 15:50:01 localhost systemd: Started Session 774383 of user root.
Jul 15 15:50:01 localhost systemd: Started Session 774385 of user root.
Jul 15 15:50:01 localhost systemd: Started Session 774384 of user root.
Jul 15 15:50:01 localhost systemd: Started Session 774386 of user root.
Jul 15 15:51:01 localhost systemd: Started Session 774387 of user root.
Jul 15 15:52:01 localhost systemd: Started Session 774388 of user root.
Jul 15 15:53:01 localhost systemd: Started Session 774389 of user root.
Jul 15 15:54:01 localhost systemd: Started Session 774390 of user root.
Jul 15 15:55:01 localhost systemd: Started Session 774393 of user root.
Jul 15 15:55:01 localhost systemd: Started Session 774391 of user root.
Jul 15 15:55:01 localhost systemd: Started Session 774392 of user root.
Jul 15 15:56:01 localhost systemd: Started Session 774394 of user root.
Jul 15 15:57:01 localhost systemd: Started Session 774395 of user root.
Jul 15 15:58:01 localhost systemd: Started Session 774396 of user root.
Jul 15 15:59:01 localhost systemd: Started Session 774397 of user root.
Jul 15 16:00:01 localhost systemd: Started Session 774398 of user root.
Jul 15 16:00:01 localhost systemd: Started Session 774400 of user root.
Jul 15 16:00:01 localhost systemd: Started Session 774399 of user root.
Jul 15 16:00:01 localhost systemd: Created slice User Slice of mysql.
Jul 15 16:00:01 localhost systemd: Started Session 774401 of user mysql.
Jul 15 16:00:01 localhost systemd: Started Session 774402 of user root.
Jul 15 16:00:01 localhost systemd: Removed slice User Slice of mysql.
Jul 15 16:01:01 localhost systemd: Started Session 774404 of user root.
Jul 15 16:01:01 localhost systemd: Started Session 774403 of user root.
Jul 15 16:02:01 localhost systemd: Started Session 774405 of user root.
Jul 15 16:03:01 localhost systemd: Started Session 774406 of user root.
Jul 15 16:04:01 localhost systemd: Started Session 774407 of user root.
Jul 15 16:05:01 localhost systemd: Started Session 774408 of user root.
Jul 15 16:05:01 localhost systemd: Started Session 774409 of user root.
Jul 15 16:05:01 localhost systemd: Started Session 774410 of user root.
Jul 15 16:06:01 localhost systemd: Started Session 774411 of user root.
Jul 15 16:07:01 localhost systemd: Started Session 774412 of user root.
Jul 15 16:08:01 localhost systemd: Started Session 774413 of user root.
Jul 15 16:08:21 localhost systemd: Created slice User Slice of mysql.
Jul 15 16:08:21 localhost systemd-logind: New session 774414 of user mysql.
Jul 15 16:08:21 localhost systemd: Started Session 774414 of user mysql.
Jul 15 16:08:21 localhost dbus[4742]: [system] Activating service name='org.freedesktop.problems' (using servicehelper)
Jul 15 16:08:21 localhost dbus[4742]: [system] Successfully activated service 'org.freedesktop.problems'
Jul 15 16:08:22 localhost systemd-logind: Removed session 774414.
Jul 15 16:08:22 localhost systemd: Removed slice User Slice of mysql.
Jul 15 16:09:01 localhost systemd: Started Session 774415 of user root.
Jul 15 16:09:15 localhost systemd-logind: New session 774416 of user root.
Jul 15 16:09:15 localhost systemd: Started Session 774416 of user root.
Jul 15 16:10:01 localhost systemd: Started Session 774417 of user root.
Jul 15 16:10:01 localhost systemd: Started Session 774418 of user root.
Jul 15 16:10:01 localhost systemd: Started Session 774419 of user root.
Jul 15 16:10:01 localhost systemd: Started Session 774420 of user root.
Jul 15 16:10:06 localhost systemd-logind: New session 774421 of user root.
Jul 15 16:10:06 localhost systemd: Started Session 774421 of user root.
Jul 15 16:10:16 localhost systemd-logind: Removed session 774421.
Jul 15 16:10:21 localhost yum[61358]: Installed: dstat-0.7.2-12.el7.noarch
Jul 15 16:11:01 localhost systemd: Started Session 774422 of user root.
Jul 15 16:12:01 localhost systemd: Started Session 774423 of user root.
Jul 15 16:13:01 localhost systemd: Started Session 774424 of user root.
