******************** MySQL--127.0.0.1--3306 ***********************
--------------
mysql  Ver 14.14 Distrib 5.6.16, for linux-glibc2.5 (x86_64) using  EditLine wrapper

Connection id:		1202277
Current database:	
Current user:		root@127.0.0.1
SSL:			Not in use
Current pager:		stdout
Using outfile:		''
Using delimiter:	;
Server version:		5.6.16-log MySQL Community Server (GPL)
Protocol version:	10
Connection:		127.0.0.1 via TCP/IP
Server characterset:	utf8mb4
Db     characterset:	utf8mb4
Client characterset:	utf8
Conn.  characterset:	utf8
TCP port:		3306
Uptime:			265 days 7 hours 36 min 20 sec

Threads: 18  Questions: 424845944  Slow queries: 6745  Opens: 84384473  Flush tables: 1  Open tables: 438  Queries per second avg: 18.533
--------------

                             basedir :	/usr/local/mysql
                             datadir :	/app/mysql/
                                     :	          
               ####Business info#### :	          
                       Database size :	db_monitor 0.000 GB langtai_dp_prod 253.718 GB vas_db_prod 0.000 GB
                       Tables counts :	db_monitor 1 langtai_dp_prod 142 vas_db_prod 11
                      Engines counts :	NULL 18 InnoDB 136
                 Top 10 of big table :	sd_survey_position_invalid 66566752 sd_app_track_history 24299374 sd_scheduling_table_invalid 21889914 sd_case_dispatch_history 17918033 sd_ggkinddto 14473183 sd_case_risk 14061231 sd_survey_position_backup 13501353 sd_app_track 12991888 sd_interface_log 11972666 sd_signin_collect 11448962
        Top 10 of auto increment num :	sd_app_track 38442298 sd_app_track_history 25468704 sd_interface_log 21154134 sd_case_risk 12974195 report_item_quantity 2200959 sd_service_log 2054071 sd_log 1180579 jy_task 716633 report_strong_change 459909 sd_item_processing_method 434809
                                     :	          
              ####Runtime status#### :	          
                   Threads connected :	    16.00 
                                 QPS :	     8.42 
                                 TPS :	     2.79 
                               Reads :	129020963.00 
                              Writes :	142858685.00 
                   Read/Writes Ratio :	   90.31% 
   MyISAM Key buffer read hits(>99%) :	   99.99% 
        MyISAM Key buffer write hits :	   98.37% 
                    Query cache hits :	    NULL% 
       InnoDB buffer read hits(>95%) :	   99.58% 
             Thread cache hits(>90%) :	  100.00% 
             Slow queries per second :	     0.00 
         Select full join per second :	     1.00 
      Select full join in all select :	    0.30% 
         MyiSAM lock contention(<1%) :	    0.00% 
           Temp tables to disk ratio :	    8.81% 
No innodb tables
No primary key tables
TABLE_SCHEMA	TABLE_NAME	TABLE_TYPE	TABLE_ROWS
langtai_dp_prod	有未处理完案件的修理厂	VIEW	NULL
langtai_dp_prod	相同名称的查勘员	VIEW	NULL
langtai_dp_prod	自动调度案件	VIEW	NULL
langtai_dp_prod	自动非自动调度案件	VIEW	NULL
langtai_dp_prod	重复修理厂	VIEW	NULL
langtai_dp_prod	重复修理厂1	VIEW	NULL
langtai_dp_prod	非自动调度案件	VIEW	NULL
langtai_dp_prod	预约案件	VIEW	NULL
langtai_dp_prod	首调自助的案件	VIEW	NULL
langtai_dp_prod	error_log	VIEW	NULL
langtai_dp_prod	lossid	BASE TABLE	174
langtai_dp_prod	new_lossid	BASE TABLE	217
langtai_dp_prod	sd_survey20160902	BASE TABLE	7140
langtai_dp_prod	sd_survey_temp_iden	BASE TABLE	6280
langtai_dp_prod	sheet0	BASE TABLE	24440
langtai_dp_prod	survey_qx	BASE TABLE	4765
langtai_dp_prod	v_get_point	VIEW	NULL
langtai_dp_prod	v_get_surveyor	VIEW	NULL
langtai_dp_prod	v_survey_today	VIEW	NULL
langtai_dp_prod	view_1121_sd_app_track	VIEW	NULL
langtai_dp_prod	view_1121_sd_case_dispatch	VIEW	NULL
langtai_dp_prod	view_1121_sd_dispatch_item	VIEW	NULL
langtai_dp_prod	view_1121_sd_task_item	VIEW	NULL
langtai_dp_prod	view_apply_reassign	VIEW	NULL
vas_db_prod	roles	BASE TABLE	0
password equals user
Global status:
Aborted_clients	527
Aborted_connects	39
Binlog_cache_disk_use	960203
Binlog_cache_use	61176923
Binlog_stmt_cache_disk_use	0
Binlog_stmt_cache_use	4360
Bytes_received	478014305074
Bytes_sent	701214769731
Com_admin_commands	27830665
Com_assign_to_keycache	0
Com_alter_db	0
Com_alter_db_upgrade	0
Com_alter_event	1
Com_alter_function	0
Com_alter_procedure	0
Com_alter_server	0
Com_alter_table	25
Com_alter_tablespace	0
Com_alter_user	1
Com_analyze	0
Com_begin	61176925
Com_binlog	0
Com_call_procedure	0
Com_change_db	64183
Com_change_master	0
Com_check	0
Com_checksum	0
Com_commit	63935243
Com_create_db	1
Com_create_event	4
Com_create_function	0
Com_create_index	0
Com_create_procedure	0
Com_create_server	0
Com_create_table	5
Com_create_trigger	0
Com_create_udf	0
Com_create_user	10
Com_create_view	0
Com_dealloc_sql	0
Com_delete	457500
Com_delete_multi	0
Com_do	0
Com_drop_db	0
Com_drop_event	1
Com_drop_function	0
Com_drop_index	0
Com_drop_procedure	0
Com_drop_server	0
Com_drop_table	2
Com_drop_trigger	0
Com_drop_user	6
Com_drop_view	0
Com_empty_query	1
Com_execute_sql	0
Com_flush	0
Com_get_diagnostics	0
Com_grant	46
Com_ha_close	0
Com_ha_open	0
Com_ha_read	0
Com_help	0
Com_insert	75364994
Com_insert_select	0
Com_install_plugin	0
Com_kill	22
Com_load	0
Com_lock_tables	1
Com_optimize	0
Com_preload_keys	0
Com_prepare_sql	0
Com_purge	0
Com_purge_before_date	0
Com_release_savepoint	2
Com_rename_table	0
Com_rename_user	0
Com_repair	0
Com_replace	0
Com_replace_select	0
Com_reset	0
Com_resignal	0
Com_revoke	0
Com_revoke_all	0
Com_rollback	139
Com_rollback_to_savepoint	10
Com_savepoint	2
Com_select	129020980
Com_set_option	7846933
Com_signal	0
Com_show_binlog_events	0
Com_show_binlogs	381269
Com_show_charsets	129
Com_show_collations	169
Com_show_create_db	0
Com_show_create_event	16
Com_show_create_func	4
Com_show_create_proc	13
Com_show_create_table	63944
Com_show_create_trigger	0
Com_show_databases	139
Com_show_engine_logs	0
Com_show_engine_mutex	0
Com_show_engine_status	0
Com_show_events	0
Com_show_errors	0
Com_show_fields	617
Com_show_function_code	0
Com_show_function_status	113
Com_show_grants	2
Com_show_keys	134
Com_show_master_status	0
Com_show_open_tables	0
Com_show_plugins	1
Com_show_privileges	0
Com_show_procedure_code	0
Com_show_procedure_status	113
Com_show_processlist	1388
Com_show_profile	0
Com_show_profiles	0
Com_show_relaylog_events	0
Com_show_slave_hosts	0
Com_show_slave_status	4675521
Com_show_status	22870234
Com_show_storage_engines	10
Com_show_table_status	135
Com_show_tables	372
Com_show_triggers	10
Com_show_variables	1207830
Com_show_warnings	384
Com_slave_start	0
Com_slave_stop	0
Com_stmt_close	0
Com_stmt_execute	0
Com_stmt_fetch	0
Com_stmt_prepare	0
Com_stmt_reprepare	0
Com_stmt_reset	0
Com_stmt_send_long_data	0
Com_truncate	4258
Com_uninstall_plugin	0
Com_unlock_tables	2
Com_update	67036191
Com_update_multi	0
Com_xa_commit	0
Com_xa_end	0
Com_xa_prepare	0
Com_xa_recover	0
Com_xa_rollback	0
Com_xa_start	0
Compression	OFF
Connection_errors_accept	0
Connection_errors_internal	0
Connection_errors_max_connections	0
Connection_errors_peer_address	0
Connection_errors_select	0
Connection_errors_tcpwrap	0
Connections	1202282
Created_tmp_disk_tables	12581967
Created_tmp_files	214
Created_tmp_tables	142733958
Delayed_errors	0
Delayed_insert_threads	0
Delayed_writes	0
Flush_commands	1
Handler_commit	481465440
Handler_delete	19688024
Handler_discover	0
Handler_external_lock	462277783
Handler_mrr_init	0
Handler_prepare	408071220
Handler_read_first	2882773
Handler_read_key	658582282
Handler_read_last	13
Handler_read_next	3129511213
Handler_read_prev	607745
Handler_read_rnd	146070318
Handler_read_rnd_next	19530175790
Handler_rollback	90
Handler_savepoint	2
Handler_savepoint_rollback	10
Handler_update	201422618
Handler_write	15389537902
Innodb_buffer_pool_dump_status	not started
Innodb_buffer_pool_load_status	Buffer pool(s) load completed at 201023  8:44:24
Innodb_buffer_pool_pages_data	1036103
Innodb_buffer_pool_bytes_data	16975511552
Innodb_buffer_pool_pages_dirty	169574
Innodb_buffer_pool_bytes_dirty	2778300416
Innodb_buffer_pool_pages_flushed	247118911
Innodb_buffer_pool_pages_free	8191
Innodb_buffer_pool_pages_misc	4278
Innodb_buffer_pool_pages_total	1048572
Innodb_buffer_pool_read_ahead_rnd	0
Innodb_buffer_pool_read_ahead	323557
Innodb_buffer_pool_read_ahead_evicted	0
Innodb_buffer_pool_read_requests	18371046622
Innodb_buffer_pool_reads	77246212
Innodb_buffer_pool_wait_free	0
Innodb_buffer_pool_write_requests	2463826047
Innodb_data_fsyncs	124829622
Innodb_data_pending_fsyncs	0
Innodb_data_pending_reads	0
Innodb_data_pending_writes	0
Innodb_data_read	1971901337600
Innodb_data_reads	120358023
Innodb_data_writes	339443352
Innodb_data_written	8510610514944
Innodb_dblwr_pages_written	247118911
Innodb_dblwr_writes	6007664
Innodb_have_atomic_builtins	ON
Innodb_log_waits	0
Innodb_log_write_requests	888278873
Innodb_log_writes	83355973
Innodb_os_log_fsyncs	83740443
Innodb_os_log_pending_fsyncs	0
Innodb_os_log_pending_writes	0
Innodb_os_log_written	412822428160
Innodb_page_size	16384
Innodb_pages_created	16942999
Innodb_pages_read	120355174
Innodb_pages_written	247118911
Innodb_row_lock_current_waits	0
Innodb_row_lock_time	0
Innodb_row_lock_time_avg	0
Innodb_row_lock_time_max	0
Innodb_row_lock_waits	0
Innodb_rows_deleted	19688011
Innodb_rows_inserted	99133304
Innodb_rows_read	4742109945
Innodb_rows_updated	133966012
Innodb_num_open_files	149
Innodb_truncated_status_writes	0
Innodb_available_undo_logs	128
Key_blocks_not_flushed	0
Key_blocks_unused	6686
Key_blocks_used	6698
Key_read_requests	5095030
Key_reads	487
Key_write_requests	1403297
Key_writes	22810
Last_query_cost	0.000000
Last_query_partial_plans	0
Max_used_connections	52
Not_flushed_delayed_rows	0
Open_files	55
Open_streams	0
Open_table_definitions	243
Open_tables	438
Opened_files	67706185
Opened_table_definitions	4552
Opened_tables	84384610
Performance_schema_accounts_lost	0
Performance_schema_cond_classes_lost	0
Performance_schema_cond_instances_lost	0
Performance_schema_digest_lost	0
Performance_schema_file_classes_lost	0
Performance_schema_file_handles_lost	0
Performance_schema_file_instances_lost	0
Performance_schema_hosts_lost	0
Performance_schema_locker_lost	0
Performance_schema_mutex_classes_lost	0
Performance_schema_mutex_instances_lost	0
Performance_schema_rwlock_classes_lost	0
Performance_schema_rwlock_instances_lost	0
Performance_schema_session_connect_attrs_lost	0
Performance_schema_socket_classes_lost	0
Performance_schema_socket_instances_lost	0
Performance_schema_stage_classes_lost	0
Performance_schema_statement_classes_lost	0
Performance_schema_table_handles_lost	0
Performance_schema_table_instances_lost	0
Performance_schema_thread_classes_lost	0
Performance_schema_thread_instances_lost	0
Performance_schema_users_lost	0
Prepared_stmt_count	0
Qcache_free_blocks	0
Qcache_free_memory	0
Qcache_hits	0
Qcache_inserts	0
Qcache_lowmem_prunes	0
Qcache_not_cached	0
Qcache_queries_in_cache	0
Qcache_total_blocks	0
Queries	424845958
Questions	192961849
Rpl_semi_sync_master_clients	0
Rpl_semi_sync_master_net_avg_wait_time	0
Rpl_semi_sync_master_net_wait_time	0
Rpl_semi_sync_master_net_waits	0
Rpl_semi_sync_master_no_times	1
Rpl_semi_sync_master_no_tx	61181283
Rpl_semi_sync_master_status	OFF
Rpl_semi_sync_master_timefunc_failures	0
Rpl_semi_sync_master_tx_avg_wait_time	0
Rpl_semi_sync_master_tx_wait_time	0
Rpl_semi_sync_master_tx_waits	0
Rpl_semi_sync_master_wait_pos_backtraverse	0
Rpl_semi_sync_master_wait_sessions	0
Rpl_semi_sync_master_yes_tx	0
Rpl_semi_sync_slave_status	ON
Select_full_join	381347
Select_full_range_join	0
Select_range	880435
Select_range_check	0
Select_scan	80146645
Slave_heartbeat_period	1800.000
Slave_last_heartbeat	2020-10-23 07:47:14
Slave_open_temp_tables	0
Slave_received_heartbeats	1
Slave_retried_transactions	0
Slave_running	ON
Slow_launch_threads	0
Slow_queries	6745
Sort_merge_passes	39
Sort_range	13239
Sort_rows	28196378
Sort_scan	5560
Ssl_accept_renegotiates	0
Ssl_accepts	0
Ssl_callback_cache_hits	0
Ssl_cipher	
Ssl_cipher_list	
Ssl_client_connects	0
Ssl_connect_renegotiates	0
Ssl_ctx_verify_depth	0
Ssl_ctx_verify_mode	0
Ssl_default_timeout	0
Ssl_finished_accepts	0
Ssl_finished_connects	0
Ssl_server_not_after	
Ssl_server_not_before	
Ssl_session_cache_hits	0
Ssl_session_cache_misses	0
Ssl_session_cache_mode	NONE
Ssl_session_cache_overflows	0
Ssl_session_cache_size	0
Ssl_session_cache_timeouts	0
Ssl_sessions_reused	0
Ssl_used_session_cache_entries	0
Ssl_verify_depth	0
Ssl_verify_mode	0
Ssl_version	
Table_locks_immediate	229403193
Table_locks_waited	1
Table_open_cache_hits	425299046
Table_open_cache_misses	4826
Table_open_cache_overflows	0
Tc_log_max_pages_used	0
Tc_log_page_size	0
Tc_log_page_waits	0
Threads_cached	35
Threads_connected	16
Threads_created	52
Threads_running	1
Uptime	22923380
Uptime_since_flush_status	22923380
Replication status:
*************************** 1. row ***************************
               Slave_IO_State: Waiting for master to send event
                  Master_Host: 10.80.88.62
                  Master_User: repl
                  Master_Port: 3306
                Connect_Retry: 60
              Master_Log_File: mysql-bin.002324
          Read_Master_Log_Pos: 235941349
               Relay_Log_File: mysql-relay.006555
                Relay_Log_Pos: 235941359
        Relay_Master_Log_File: mysql-bin.002324
             Slave_IO_Running: Yes
            Slave_SQL_Running: Yes
              Replicate_Do_DB: 
          Replicate_Ignore_DB: 
           Replicate_Do_Table: 
       Replicate_Ignore_Table: 
      Replicate_Wild_Do_Table: 
  Replicate_Wild_Ignore_Table: 
                   Last_Errno: 0
                   Last_Error: 
                 Skip_Counter: 0
          Exec_Master_Log_Pos: 235941349
              Relay_Log_Space: 235941646
              Until_Condition: None
               Until_Log_File: 
                Until_Log_Pos: 0
           Master_SSL_Allowed: No
           Master_SSL_CA_File: 
           Master_SSL_CA_Path: 
              Master_SSL_Cert: 
            Master_SSL_Cipher: 
               Master_SSL_Key: 
        Seconds_Behind_Master: 0
Master_SSL_Verify_Server_Cert: No
                Last_IO_Errno: 0
                Last_IO_Error: 
               Last_SQL_Errno: 0
               Last_SQL_Error: 
  Replicate_Ignore_Server_Ids: 
             Master_Server_Id: 808862
                  Master_UUID: e2502402-b9ca-11ea-af06-005056aa5cd4
             Master_Info_File: mysql.slave_master_info
                    SQL_Delay: 0
          SQL_Remaining_Delay: NULL
      Slave_SQL_Running_State: Slave has read all relay log; waiting for the slave I/O thread to update it
           Master_Retry_Count: 86400
                  Master_Bind: 
      Last_IO_Error_Timestamp: 
     Last_SQL_Error_Timestamp: 
               Master_SSL_Crl: 
           Master_SSL_Crlpath: 
           Retrieved_Gtid_Set: e2502402-b9ca-11ea-af06-005056aa5cd4:10383313-71564595
            Executed_Gtid_Set: 654313ef-4a51-11e8-8224-7cd30ae457e0:1-73381182,
b287998f-a9b7-11e7-aae3-5cb90189188c:1-22715344,
ca4e9263-a9b7-11e7-aae4-5cb90188f7ac:1-23334615,
dc961ed5-2d53-11e6-ba6e-5cb9018905fc:1-616812,
e2502402-b9ca-11ea-af06-005056aa5cd4:1-71564595,
ef7547e0-2d53-11e6-ba6e-5cb901891884:1-58908005
                Auto_Position: 1
Global variables:
auto_increment_increment	1
auto_increment_offset	1
autocommit	ON
automatic_sp_privileges	ON
back_log	850
basedir	/usr/local/mysql
big_tables	OFF
bind_address	*
binlog_cache_size	32768
binlog_checksum	CRC32
binlog_direct_non_transactional_updates	OFF
binlog_format	ROW
binlog_max_flush_queue_time	0
binlog_order_commits	ON
binlog_row_image	FULL
binlog_rows_query_log_events	ON
binlog_stmt_cache_size	32768
bulk_insert_buffer_size	8388608
character_set_client	utf8mb4
character_set_connection	utf8mb4
character_set_database	utf8mb4
character_set_filesystem	binary
character_set_results	utf8mb4
character_set_server	utf8mb4
character_set_system	utf8
character_sets_dir	/usr/local/mysql/share/charsets/
collation_connection	utf8mb4_general_ci
collation_database	utf8mb4_general_ci
collation_server	utf8mb4_general_ci
completion_type	NO_CHAIN
concurrent_insert	AUTO
connect_timeout	10
core_file	OFF
datadir	/app/mysql/
date_format	%Y-%m-%d
datetime_format	%Y-%m-%d %H:%i:%s
default_storage_engine	InnoDB
default_tmp_storage_engine	InnoDB
default_week_format	0
delay_key_write	ON
delayed_insert_limit	100
delayed_insert_timeout	300
delayed_queue_size	1000
disconnect_on_expired_password	ON
div_precision_increment	4
end_markers_in_json	OFF
enforce_gtid_consistency	ON
eq_range_index_dive_limit	10
event_scheduler	OFF
expire_logs_days	7
explicit_defaults_for_timestamp	ON
flush	OFF
flush_time	0
foreign_key_checks	ON
ft_boolean_syntax	+ -><()~*:""&|
ft_max_word_len	84
ft_min_word_len	4
ft_query_expansion_limit	20
ft_stopword_file	(built-in)
general_log	OFF
general_log_file	/app/mysql/10-80-88-63.log
group_concat_max_len	1024
gtid_executed	654313ef-4a51-11e8-8224-7cd30ae457e0:1-73381182,\nb287998f-a9b7-11e7-aae3-5cb90189188c:1-22715344,\nca4e9263-a9b7-11e7-aae4-5cb90188f7ac:1-23334615,\ndc961ed5-2d53-11e6-ba6e-5cb9018905fc:1-616812,\ne2502402-b9ca-11ea-af06-005056aa5cd4:1-71564595,\nef7547e0-2d53-11e6-ba6e-5cb901891884:1-58908005
gtid_mode	ON
gtid_owned	
gtid_purged	654313ef-4a51-11e8-8224-7cd30ae457e0:1-73381182,\nb287998f-a9b7-11e7-aae3-5cb90189188c:1-22715344,\nca4e9263-a9b7-11e7-aae4-5cb90188f7ac:1-23334615,\ndc961ed5-2d53-11e6-ba6e-5cb9018905fc:1-616812,\ne2502402-b9ca-11ea-af06-005056aa5cd4:1-69925502,\nef7547e0-2d53-11e6-ba6e-5cb901891884:1-58908005
have_compress	YES
have_crypt	YES
have_dynamic_loading	YES
have_geometry	YES
have_openssl	DISABLED
have_profiling	YES
have_query_cache	YES
have_rtree_keys	YES
have_ssl	DISABLED
have_symlink	YES
host_cache_size	803
hostname	10-80-88-63
ignore_builtin_innodb	OFF
ignore_db_dirs	
init_connect	
init_file	
init_slave	
innodb_adaptive_flushing	ON
innodb_adaptive_flushing_lwm	10
innodb_adaptive_hash_index	ON
innodb_adaptive_max_sleep_delay	150000
innodb_additional_mem_pool_size	8388608
innodb_api_bk_commit_interval	5
innodb_api_disable_rowlock	OFF
innodb_api_enable_binlog	OFF
innodb_api_enable_mdl	OFF
innodb_api_trx_level	0
innodb_autoextend_increment	64
innodb_autoinc_lock_mode	1
innodb_buffer_pool_dump_at_shutdown	ON
innodb_buffer_pool_dump_now	OFF
innodb_buffer_pool_filename	ib_buffer_pool
innodb_buffer_pool_instances	8
innodb_buffer_pool_load_abort	OFF
innodb_buffer_pool_load_at_startup	ON
innodb_buffer_pool_load_now	OFF
innodb_buffer_pool_size	17179869184
innodb_change_buffer_max_size	25
innodb_change_buffering	all
innodb_checksum_algorithm	innodb
innodb_checksums	ON
innodb_cmp_per_index_enabled	OFF
innodb_commit_concurrency	0
innodb_compression_failure_threshold_pct	5
innodb_compression_level	6
innodb_compression_pad_pct_max	50
innodb_concurrency_tickets	5000
innodb_data_file_path	ibdata1:200M:autoextend
innodb_data_home_dir	
innodb_disable_sort_file_cache	OFF
innodb_doublewrite	ON
innodb_fast_shutdown	1
innodb_file_format	Barracuda
innodb_file_format_check	ON
innodb_file_format_max	Barracuda
innodb_file_per_table	ON
innodb_flush_log_at_timeout	1
innodb_flush_log_at_trx_commit	1
innodb_flush_method	O_DIRECT
innodb_flush_neighbors	1
innodb_flushing_avg_loops	30
innodb_force_load_corrupted	OFF
innodb_force_recovery	0
innodb_ft_aux_table	
innodb_ft_cache_size	8000000
innodb_ft_enable_diag_print	OFF
innodb_ft_enable_stopword	ON
innodb_ft_max_token_size	84
innodb_ft_min_token_size	3
innodb_ft_num_word_optimize	2000
innodb_ft_result_cache_limit	2000000000
innodb_ft_server_stopword_table	
innodb_ft_sort_pll_degree	2
innodb_ft_total_cache_size	640000000
innodb_ft_user_stopword_table	
innodb_io_capacity	800
innodb_io_capacity_max	2000
innodb_large_prefix	OFF
innodb_lock_wait_timeout	5
innodb_locks_unsafe_for_binlog	OFF
innodb_log_buffer_size	16777216
innodb_log_compressed_pages	ON
innodb_log_file_size	1572864000
innodb_log_files_in_group	2
innodb_log_group_home_dir	./
innodb_lru_scan_depth	1024
innodb_max_dirty_pages_pct	75
innodb_max_dirty_pages_pct_lwm	0
innodb_max_purge_lag	0
innodb_max_purge_lag_delay	0
innodb_mirrored_log_groups	1
innodb_monitor_disable	
innodb_monitor_enable	
innodb_monitor_reset	
innodb_monitor_reset_all	
innodb_old_blocks_pct	37
innodb_old_blocks_time	1000
innodb_online_alter_log_max_size	134217728
innodb_open_files	2000
innodb_optimize_fulltext_only	OFF
innodb_page_size	16384
innodb_print_all_deadlocks	ON
innodb_purge_batch_size	300
innodb_purge_threads	1
innodb_random_read_ahead	OFF
innodb_read_ahead_threshold	56
innodb_read_io_threads	4
innodb_read_only	OFF
innodb_replication_delay	0
innodb_rollback_on_timeout	OFF
innodb_rollback_segments	128
innodb_sort_buffer_size	67108864
innodb_spin_wait_delay	6
innodb_stats_auto_recalc	ON
innodb_stats_method	nulls_equal
innodb_stats_on_metadata	OFF
innodb_stats_persistent	ON
innodb_stats_persistent_sample_pages	20
innodb_stats_sample_pages	8
innodb_stats_transient_sample_pages	8
innodb_status_output	OFF
innodb_status_output_locks	OFF
innodb_strict_mode	ON
innodb_support_xa	ON
innodb_sync_array_size	1
innodb_sync_spin_loops	30
innodb_table_locks	ON
innodb_thread_concurrency	0
innodb_thread_sleep_delay	10000
innodb_undo_directory	.
innodb_undo_logs	128
innodb_undo_tablespaces	0
innodb_use_native_aio	ON
innodb_use_sys_malloc	ON
innodb_version	5.6.16
innodb_write_io_threads	4
interactive_timeout	28800
join_buffer_size	67108864
keep_files_on_create	OFF
key_buffer_size	8388608
key_cache_age_threshold	300
key_cache_block_size	1024
key_cache_division_limit	100
large_files_support	ON
large_page_size	0
large_pages	OFF
lc_messages	en_US
lc_messages_dir	/usr/local/mysql/share/
lc_time_names	en_US
license	GPL
local_infile	ON
lock_wait_timeout	31536000
locked_in_memory	OFF
log_bin	ON
log_bin_basename	/app/mysql/mysql-bin
log_bin_index	/app/mysql/mysql-bin.index
log_bin_trust_function_creators	ON
log_bin_use_v1_row_events	OFF
log_error	/app/mysql/mysql-error.log
log_output	FILE
log_queries_not_using_indexes	ON
log_slave_updates	ON
log_slow_admin_statements	ON
log_slow_slave_statements	ON
log_throttle_queries_not_using_indexes	10
log_warnings	1
long_query_time	2.000000
low_priority_updates	OFF
lower_case_file_system	OFF
lower_case_table_names	1
master_info_repository	TABLE
master_verify_checksum	OFF
max_allowed_packet	33554432
max_binlog_cache_size	18446744073709547520
max_binlog_size	268435456
max_binlog_stmt_cache_size	18446744073709547520
max_connect_errors	100000
max_connections	4000
max_delayed_threads	20
max_error_count	64
max_heap_table_size	16777216
max_insert_delayed_threads	20
max_join_size	18446744073709551615
max_length_for_sort_data	1024
max_prepared_stmt_count	16382
max_relay_log_size	0
max_seeks_for_key	18446744073709551615
max_sort_length	1024
max_sp_recursion_depth	0
max_tmp_tables	32
max_user_connections	0
max_write_lock_count	18446744073709551615
metadata_locks_cache_size	1024
metadata_locks_hash_instances	8
min_examined_row_limit	1000
multi_range_count	256
myisam_data_pointer_size	6
myisam_max_sort_file_size	9223372036853727232
myisam_mmap_size	18446744073709551615
myisam_recover_options	OFF
myisam_repair_threads	1
myisam_sort_buffer_size	8388608
myisam_stats_method	nulls_unequal
myisam_use_mmap	OFF
net_buffer_length	16384
net_read_timeout	30
net_retry_count	10
net_write_timeout	60
new	OFF
old	OFF
old_alter_table	OFF
old_passwords	0
open_files_limit	65535
optimizer_prune_level	1
optimizer_search_depth	62
optimizer_switch	index_merge=on,index_merge_union=on,index_merge_sort_union=on,index_merge_intersection=on,engine_condition_pushdown=on,index_condition_pushdown=on,mrr=on,mrr_cost_based=on,block_nested_loop=on,batched_key_access=off,materialization=on,semijoin=on,loosescan=on,firstmatch=on,subquery_materialization_cost_based=on,use_index_extensions=on
optimizer_trace	enabled=off,one_line=off
optimizer_trace_features	greedy_search=on,range_optimizer=on,dynamic_range=on,repeated_subselect=on
optimizer_trace_limit	1
optimizer_trace_max_mem_size	16384
optimizer_trace_offset	-1
performance_schema	ON
performance_schema_accounts_size	100
performance_schema_digests_size	10000
performance_schema_events_stages_history_long_size	10000
performance_schema_events_stages_history_size	10
performance_schema_events_statements_history_long_size	10000
performance_schema_events_statements_history_size	10
performance_schema_events_waits_history_long_size	10000
performance_schema_events_waits_history_size	10
performance_schema_hosts_size	100
performance_schema_max_cond_classes	80
performance_schema_max_cond_instances	18900
performance_schema_max_file_classes	50
performance_schema_max_file_handles	32768
performance_schema_max_file_instances	100824
performance_schema_max_mutex_classes	200
performance_schema_max_mutex_instances	39000
performance_schema_max_rwlock_classes	40
performance_schema_max_rwlock_instances	16800
performance_schema_max_socket_classes	10
performance_schema_max_socket_instances	8020
performance_schema_max_stage_classes	150
performance_schema_max_statement_classes	168
performance_schema_max_table_handles	4000
performance_schema_max_table_instances	12500
performance_schema_max_thread_classes	50
performance_schema_max_thread_instances	8100
performance_schema_session_connect_attrs_size	512
performance_schema_setup_actors_size	100
performance_schema_setup_objects_size	100
performance_schema_users_size	100
pid_file	/app/mysql//mysql.pid
plugin_dir	/usr/local/mysql/lib/plugin/
port	3306
preload_buffer_size	32768
profiling	OFF
profiling_history_size	15
protocol_version	10
query_alloc_block_size	8192
query_cache_limit	1048576
query_cache_min_res_unit	4096
query_cache_size	0
query_cache_type	OFF
query_cache_wlock_invalidate	OFF
query_prealloc_size	8192
range_alloc_block_size	4096
read_buffer_size	16777216
read_only	ON
read_rnd_buffer_size	33554432
relay_log	mysql-relay.log
relay_log_basename	/app/mysql/mysql-relay
relay_log_index	/app/mysql/mysql-relay.index
relay_log_info_file	relay-log.info
relay_log_info_repository	TABLE
relay_log_purge	ON
relay_log_recovery	ON
relay_log_space_limit	0
report_host	
report_password	
report_port	3306
report_user	
rpl_semi_sync_master_enabled	ON
rpl_semi_sync_master_timeout	5000
rpl_semi_sync_master_trace_level	32
rpl_semi_sync_master_wait_no_slave	ON
rpl_semi_sync_slave_enabled	ON
rpl_semi_sync_slave_trace_level	32
rpl_stop_slave_timeout	31536000
secure_auth	ON
secure_file_priv	
server_id	808863
server_id_bits	32
server_uuid	12a4154d-e117-11ea-a3f6-005056aa0dbc
skip_external_locking	ON
skip_name_resolve	ON
skip_networking	OFF
skip_show_database	OFF
slave_allow_batching	OFF
slave_checkpoint_group	512
slave_checkpoint_period	300
slave_compressed_protocol	OFF
slave_exec_mode	STRICT
slave_load_tmpdir	/app/mysql_tmp
slave_max_allowed_packet	1073741824
slave_net_timeout	3600
slave_parallel_workers	0
slave_pending_jobs_size_max	16777216
slave_rows_search_algorithms	TABLE_SCAN,INDEX_SCAN
slave_skip_errors	OFF
slave_sql_verify_checksum	ON
slave_transaction_retries	10
slave_type_conversions	
slow_launch_time	2
slow_query_log	ON
slow_query_log_file	mysql-slow.log
socket	/app/mysql/mysql.sock
sort_buffer_size	33554432
sql_auto_is_null	OFF
sql_big_selects	ON
sql_buffer_result	OFF
sql_log_bin	ON
sql_log_off	OFF
sql_mode	STRICT_TRANS_TABLES,NO_ENGINE_SUBSTITUTION
sql_notes	ON
sql_quote_show_create	ON
sql_safe_updates	OFF
sql_select_limit	18446744073709551615
sql_slave_skip_counter	0
sql_warnings	OFF
ssl_ca	
ssl_capath	
ssl_cert	
ssl_cipher	
ssl_crl	
ssl_crlpath	
ssl_key	
storage_engine	InnoDB
stored_program_cache	256
sync_binlog	1
sync_frm	ON
sync_master_info	10000
sync_relay_log	10000
sync_relay_log_info	10000
system_time_zone	CST
table_definition_cache	1400
table_open_cache	2000
table_open_cache_instances	1
thread_cache_size	48
thread_concurrency	10
thread_handling	one-thread-per-connection
thread_stack	262144
time_format	%H:%i:%s
time_zone	SYSTEM
timed_mutexes	OFF
tmp_table_size	67108864
tmpdir	/app/mysql_tmp
transaction_alloc_block_size	8192
transaction_prealloc_size	4096
tx_isolation	READ-COMMITTED
tx_read_only	OFF
unique_checks	ON
updatable_views_with_limit	YES
version	5.6.16-log
version_comment	MySQL Community Server (GPL)
version_compile_machine	x86_64
version_compile_os	linux-glibc2.5
wait_timeout	28800
ERROR LOG:
200818 13:52:46 mysqld_safe Starting mysqld daemon with databases from /app/mysql/
2020-08-18 13:52:47 118786 [Note] Plugin 'FEDERATED' is disabled.
2020-08-18 13:52:47 118786 [Note] InnoDB: Using atomics to ref count buffer pool pages
2020-08-18 13:52:47 118786 [Note] InnoDB: The InnoDB memory heap is disabled
2020-08-18 13:52:47 118786 [Note] InnoDB: Mutexes and rw_locks use GCC atomic builtins
2020-08-18 13:52:47 118786 [Note] InnoDB: Compressed tables use zlib 1.2.3
2020-08-18 13:52:47 118786 [Note] InnoDB: Using Linux native AIO
2020-08-18 13:52:47 118786 [Note] InnoDB: Using CPU crc32 instructions
2020-08-18 13:52:47 118786 [Note] InnoDB: Initializing buffer pool, size = 16.0G
2020-08-18 13:52:48 118786 [Note] InnoDB: Completed initialization of buffer pool
2020-08-18 13:52:48 118786 [Note] InnoDB: Setting log file ./ib_logfile101 size to 1500 MB
InnoDB: Progress in MB: 100 200 300 400 500 600 700 800 900 1000 1100 1200 1300 1400 1500
2020-08-18 13:52:53 118786 [Note] InnoDB: Setting log file ./ib_logfile1 size to 1500 MB
InnoDB: Progress in MB: 100 200 300 400 500 600 700 800 900 1000 1100 1200 1300 1400 1500
2020-08-18 13:52:58 118786 [Note] InnoDB: Renaming log file ./ib_logfile101 to ./ib_logfile0
2020-08-18 13:52:58 118786 [Warning] InnoDB: New log files created, LSN=1305440051564
2020-08-18 13:52:58 118786 [Note] InnoDB: Highest supported file format is Barracuda.
2020-08-18 13:53:00 118786 [Note] InnoDB: 128 rollback segment(s) are active.
2020-08-18 13:53:00 118786 [Note] InnoDB: Waiting for purge to start
2020-08-18 13:53:00 118786 [Note] InnoDB: 5.6.16 started; log sequence number 1305440051724
2020-08-18 13:53:00 7f451f10e700 InnoDB: Loading buffer pool(s) from .//ib_buffer_pool
2020-08-18 13:53:00 118786 [Note] Semi-sync replication initialized for transactions.
2020-08-18 13:53:00 118786 [Note] Semi-sync replication enabled on the master.
2020-08-18 13:53:00 118786 [Warning] No existing UUID has been found, so we assume that this is the first time that this server has been started. Generating a new UUID: 12a4154d-e117-11ea-a3f6-005056aa0dbc.
2020-08-18 13:53:00 118786 [Note] Server hostname (bind-address): '*'; port: 3306
2020-08-18 13:53:00 118786 [Note] IPv6 is available.
2020-08-18 13:53:00 118786 [Note]   - '::' resolves to '::';
2020-08-18 13:53:00 118786 [Note] Server socket created on IP: '::'.
2020-08-18 13:53:00 118786 [Warning] 'proxies_priv' entry '@ root@rds151176220.cloud.st3' ignored in --skip-name-resolve mode.
2020-08-18 13:53:00 118786 [Warning] Recovery from master pos 257137461 and file mysql-bin.000045.
2020-08-18 13:53:00 118786 [Note] Slave I/O thread: Start semi-sync replication to master 'repl@10.80.88.62:3306' in log 'mysql-bin.000045' at position 257137461
2020-08-18 13:53:00 118786 [Warning] Storing MySQL user name or password information in the master info repository is not secure and is therefore not recommended. Please consider using the USER and PASSWORD connection options for START SLAVE; see the 'START SLAVE Syntax' in the MySQL Manual for more information.
2020-08-18 13:53:00 118786 [Note] Slave SQL thread initialized, starting replication in log 'mysql-bin.000045' at position 257137461, relay log './mysql-relay.000001' position: 4
2020-08-18 13:53:00 118786 [Note] Slave I/O thread: connected to master 'repl@10.80.88.62:3306',replication started in log 'mysql-bin.000045' at position 257137461
2020-08-18 13:53:00 118786 [ERROR] Error reading packet from server: The slave is connecting using CHANGE MASTER TO MASTER_AUTO_POSITION = 1, but the master has purged binary logs containing GTIDs that the slave requires. ( server_errno=1236)
2020-08-18 13:53:00 118786 [ERROR] Slave I/O: Got fatal error 1236 from master when reading data from binary log: 'The slave is connecting using CHANGE MASTER TO MASTER_AUTO_POSITION = 1, but the master has purged binary logs containing GTIDs that the slave requires.', Error_code: 1236
2020-08-18 13:53:00 118786 [Note] Slave I/O thread exiting, read up to log 'mysql-bin.000045', position 257137461
2020-08-18 13:53:00 118786 [Note] Event Scheduler: Loaded 3 events
2020-08-18 13:53:00 118786 [Note] /usr/local/mysql/bin/mysqld: ready for connections.
Version: '5.6.16-log'  socket: '/app/mysql/mysql.sock'  port: 3306  MySQL Community Server (GPL)
2020-08-18 13:54:17 118786 [Note] @@GLOBAL.GTID_PURGED was changed from '' to '654313ef-4a51-11e8-8224-7cd30ae457e0:1-73251474,
b287998f-a9b7-11e7-aae3-5cb90189188c:1-22715344,
ca4e9263-a9b7-11e7-aae4-5cb90188f7ac:1-23334615,
dc961ed5-2d53-11e6-ba6e-5cb9018905fc:1-616812,
e2502402-b9ca-11ea-af06-005056aa5cd4:1-10,
ef7547e0-2d53-11e6-ba6e-5cb901891884:1-58908005'.
2020-08-18 13:54:17 118786 [Note] @@GLOBAL.GTID_EXECUTED was changed from '' to '654313ef-4a51-11e8-8224-7cd30ae457e0:1-73251474,
b287998f-a9b7-11e7-aae3-5cb90189188c:1-22715344,
ca4e9263-a9b7-11e7-aae4-5cb90188f7ac:1-23334615,
dc961ed5-2d53-11e6-ba6e-5cb9018905fc:1-616812,
e2502402-b9ca-11ea-af06-005056aa5cd4:1-10,
ef7547e0-2d53-11e6-ba6e-5cb901891884:1-58908005'.
2020-08-18 13:54:24 118786 [Note] Error reading relay log event: slave SQL thread was killed
2020-08-18 13:54:28 118786 [Note] Slave I/O thread: Start semi-sync replication to master 'repl@10.80.88.62:3306' in log 'mysql-bin.000045' at position 257137461
2020-08-18 13:54:28 118786 [Warning] Storing MySQL user name or password information in the master info repository is not secure and is therefore not recommended. Please consider using the USER and PASSWORD connection options for START SLAVE; see the 'START SLAVE Syntax' in the MySQL Manual for more information.
2020-08-18 13:54:28 118786 [Note] Slave I/O thread: connected to master 'repl@10.80.88.62:3306',replication started in log 'mysql-bin.000045' at position 257137461
2020-08-18 13:54:28 118786 [Note] Slave SQL thread initialized, starting replication in log 'mysql-bin.000045' at position 257137461, relay log './mysql-relay.000001' position: 4
2020-08-18 13:54:34 118786 [Warning] Timeout waiting for reply of binlog (file: mysql-bin.000002, pos: 694), semi-sync up to file , position 0.
2020-08-18 13:54:34 118786 [Note] Semi-sync replication switched OFF.
2020-08-18 14:13:44 7f451f10e700 InnoDB: Buffer pool(s) load completed at 200818 14:13:44
2020-08-18 20:35:50 118786 [Warning] 'proxies_priv' entry '@ root@rds151176220.cloud.st3' ignored in --skip-name-resolve mode.
2020-08-18 20:39:10 118786 [Warning] 'proxies_priv' entry '@ root@rds151176220.cloud.st3' ignored in --skip-name-resolve mode.
2020-08-19 11:13:19 118786 [Warning] 'user' entry 'djian3@10.80.80.*' ignored in --skip-name-resolve mode.
2020-08-19 11:13:19 118786 [Warning] 'proxies_priv' entry '@ root@rds151176220.cloud.st3' ignored in --skip-name-resolve mode.
2020-08-19 12:07:02 118786 [Warning] 'user' entry 'djian3@10.*' ignored in --skip-name-resolve mode.
2020-08-19 12:07:02 118786 [Warning] 'proxies_priv' entry '@ root@rds151176220.cloud.st3' ignored in --skip-name-resolve mode.
2020-08-19 12:09:50 118786 [Warning] 'proxies_priv' entry '@ root@rds151176220.cloud.st3' ignored in --skip-name-resolve mode.
2020-08-26 00:27:48 118786 [ERROR] /usr/local/mysql/bin/mysqld: Sort aborted: Query execution was interrupted
2020-08-26 00:41:33 118786 [ERROR] /usr/local/mysql/bin/mysqld: Sort aborted: Query execution was interrupted
2020-08-26 10:14:13 118786 [Warning] 'proxies_priv' entry '@ root@rds151176220.cloud.st3' ignored in --skip-name-resolve mode.
2020-08-26 10:25:04 118786 [Warning] 'proxies_priv' entry '@ root@rds151176220.cloud.st3' ignored in --skip-name-resolve mode.
201023 07:47:04 mysqld_safe Starting mysqld daemon with databases from /app/mysql/
2020-10-23 07:47:05 11367 [Note] Plugin 'FEDERATED' is disabled.
2020-10-23 07:47:05 11367 [Note] InnoDB: Using atomics to ref count buffer pool pages
2020-10-23 07:47:05 11367 [Note] InnoDB: The InnoDB memory heap is disabled
2020-10-23 07:47:05 11367 [Note] InnoDB: Mutexes and rw_locks use GCC atomic builtins
2020-10-23 07:47:05 11367 [Note] InnoDB: Compressed tables use zlib 1.2.3
2020-10-23 07:47:05 11367 [Note] InnoDB: Using Linux native AIO
2020-10-23 07:47:05 11367 [Note] InnoDB: Using CPU crc32 instructions
2020-10-23 07:47:05 11367 [Note] InnoDB: Initializing buffer pool, size = 16.0G
2020-10-23 07:47:06 11367 [Note] InnoDB: Completed initialization of buffer pool
2020-10-23 07:47:06 11367 [Note] InnoDB: Highest supported file format is Barracuda.
2020-10-23 07:47:06 11367 [Note] InnoDB: The log sequence numbers 1305440051564 and 1305440051564 in ibdata files do not match the log sequence number 1387250048115 in the ib_logfiles!
2020-10-23 07:47:06 11367 [Note] InnoDB: Database was not shutdown normally!
2020-10-23 07:47:06 11367 [Note] InnoDB: Starting crash recovery.
2020-10-23 07:47:06 11367 [Note] InnoDB: Reading tablespace information from the .ibd files...
2020-10-23 07:47:09 11367 [Note] InnoDB: Restoring possible half-written data pages 
2020-10-23 07:47:09 11367 [Note] InnoDB: from the doublewrite buffer...
InnoDB: Last MySQL binlog file position 0 245770566, file name mysql-bin.000435
2020-10-23 07:47:11 11367 [Note] InnoDB: 128 rollback segment(s) are active.
2020-10-23 07:47:11 11367 [Note] InnoDB: Waiting for purge to start
2020-10-23 07:47:11 11367 [Note] InnoDB: 5.6.16 started; log sequence number 1387250048115
2020-10-23 07:47:11 7fddd4a62700 InnoDB: Loading buffer pool(s) from .//ib_buffer_pool
2020-10-23 07:47:11 11367 [Note] Semi-sync replication initialized for transactions.
2020-10-23 07:47:11 11367 [Note] Semi-sync replication enabled on the master.
2020-10-23 07:47:11 11367 [Note] Recovering after a crash using mysql-bin
2020-10-23 07:47:13 11367 [Note] Starting crash recovery...
2020-10-23 07:47:13 11367 [Note] Crash recovery finished.
2020-10-23 07:47:13 11367 [Note] Server hostname (bind-address): '*'; port: 3306
2020-10-23 07:47:13 11367 [Note] IPv6 is available.
2020-10-23 07:47:13 11367 [Note]   - '::' resolves to '::';
2020-10-23 07:47:13 11367 [Note] Server socket created on IP: '::'.
2020-10-23 07:47:13 11367 [Warning] 'proxies_priv' entry '@ root@rds151176220.cloud.st3' ignored in --skip-name-resolve mode.
2020-10-23 07:47:14 11367 [Warning] Recovery from master pos 73019227 and file mysql-bin.000510.
2020-10-23 07:47:14 11367 [Note] Slave I/O thread: Start semi-sync replication to master 'repl@10.80.88.62:3306' in log 'mysql-bin.000510' at position 73019227
2020-10-23 07:47:14 11367 [Warning] Storing MySQL user name or password information in the master info repository is not secure and is therefore not recommended. Please consider using the USER and PASSWORD connection options for START SLAVE; see the 'START SLAVE Syntax' in the MySQL Manual for more information.
2020-10-23 07:47:14 11367 [Note] Slave SQL thread initialized, starting replication in log 'mysql-bin.000510' at position 73019227, relay log './mysql-relay.001338' position: 4
2020-10-23 07:47:14 11367 [Note] Slave I/O thread: connected to master 'repl@10.80.88.62:3306',replication started in log 'mysql-bin.000510' at position 73019227
2020-10-23 07:47:14 11367 [Note] Event Scheduler: Loaded 3 events
2020-10-23 07:47:14 11367 [Note] /usr/local/mysql/bin/mysqld: ready for connections.
Version: '5.6.16-log'  socket: '/app/mysql/mysql.sock'  port: 3306  MySQL Community Server (GPL)
2020-10-23 07:47:19 11367 [Warning] Timeout waiting for reply of binlog (file: mysql-bin.000436, pos: 2883), semi-sync up to file , position 0.
2020-10-23 07:47:19 11367 [Note] Semi-sync replication switched OFF.
2020-10-23 08:44:24 7fddd4a62700 InnoDB: Buffer pool(s) load completed at 201023  8:44:24
2021-01-01 20:48:48 11367 [ERROR] /usr/local/mysql/bin/mysqld: Sort aborted: Query execution was interrupted
2021-01-01 21:08:52 11367 [ERROR] /usr/local/mysql/bin/mysqld: Sort aborted: Query execution was interrupted
