******************** MySQL--localhost--3306 ***********************
                             basedir :	          
                             datadir :	          
                                     :	          
               ####Business info#### :	          
                       Database size :	          
                       Tables counts :	          
                      Engines counts :	          
                 Top 10 of big table :	          
        Top 10 of auto increment num :	          
                                     :	          
              ####Runtime status#### :	          
                   Threads connected :	     NULL 
                                 QPS :	     NULL 
                                 TPS :	     NULL 
                               Reads :	     NULL 
                              Writes :	     NULL 
                   Read/Writes Ratio :	    NULL% 
   MyISAM Key buffer read hits(>99%) :	    NULL% 
        MyISAM Key buffer write hits :	    NULL% 
                    Query cache hits :	    NULL% 
       InnoDB buffer read hits(>95%) :	    NULL% 
             Thread cache hits(>90%) :	    NULL% 
             Slow queries per second :	     NULL 
         Select full join per second :	     NULL 
      Select full join in all select :	    NULL% 
         MyiSAM lock contention(<1%) :	    NULL% 
           Temp tables to disk ratio :	    NULL% 
No innodb tables
No primary key tables
password equals user
Global status:
Replication status:
Global variables:
ERROR LOG:
******************** MySQL--localhost--3306 ***********************
                             basedir :	          
                             datadir :	          
                                     :	          
               ####Business info#### :	          
                       Database size :	          
                       Tables counts :	          
                      Engines counts :	          
                 Top 10 of big table :	          
        Top 10 of auto increment num :	          
                                     :	          
              ####Runtime status#### :	          
                   Threads connected :	     NULL 
                                 QPS :	     NULL 
                                 TPS :	     NULL 
                               Reads :	     NULL 
                              Writes :	     NULL 
                   Read/Writes Ratio :	    NULL% 
   MyISAM Key buffer read hits(>99%) :	    NULL% 
        MyISAM Key buffer write hits :	    NULL% 
                    Query cache hits :	    NULL% 
       InnoDB buffer read hits(>95%) :	    NULL% 
             Thread cache hits(>90%) :	    NULL% 
             Slow queries per second :	     NULL 
         Select full join per second :	     NULL 
      Select full join in all select :	    NULL% 
         MyiSAM lock contention(<1%) :	    NULL% 
           Temp tables to disk ratio :	    NULL% 
No innodb tables
No primary key tables
password equals user
Global status:
Replication status:
Global variables:
ERROR LOG:
******************** MySQL--localhost--3306 ***********************
--------------
mysql  Ver 14.14 Distrib 5.7.24, for linux-glibc2.12 (x86_64) using  EditLine wrapper

Connection id:		1019497
Current database:	
Current user:		root@localhost
SSL:			Not in use
Current pager:		stdout
Using outfile:		''
Using delimiter:	;
Server version:		5.7.24-log MySQL Community Server (GPL)
Protocol version:	10
Connection:		Localhost via UNIX socket
Server characterset:	utf8mb4
Db     characterset:	utf8mb4
Client characterset:	utf8mb4
Conn.  characterset:	utf8mb4
UNIX socket:		/data/mysql/data/mysql.sock
Uptime:			316 days 8 hours 19 min 1 sec

Threads: 15  Questions: 293807837  Slow queries: 154397  Opens: 97159486  Flush tables: 68  Open tables: 2000  Queries per second avg: 10.749
--------------

                             basedir :	/usr/local/mysql/
                             datadir :	/data/mysql/data/
                                     :	          
               ####Business info#### :	          
                       Database size :	db_monitor 0.001 GB sys 0.000 GB tianan_insurance 3.766 GB
                       Tables counts :	db_monitor 1 sys 101 tianan_insurance 78
                      Engines counts :	NULL 100 InnoDB 80
                 Top 10 of big table :	sys_log 938249 ins_findings_audit_return 144088 ins_coins_data 142041 ins_policyholder 140297 policy_policyholder 115390 ins_invoice 72537 ins_insurance_kind_clause 71217 ins_salesperson 69679 ins_payment_plan 69489 ins_project_info 68820
        Top 10 of auto increment num :	sys_log 1192556 ins_coins_data 395615 ins_insurance_kind 249214 ins_insurance_risk_special 248557 ins_insurance_kind_clause 247003 ins_policyholder 245199 ins_findings_audit_return 232254 policy_policyholder 206023 ins_respondent 171984 ins_payment_plan 152855
                                     :	          
              ####Runtime status#### :	          
                   Threads connected :	    15.00 
                                 QPS :	     9.14 
                                 TPS :	     0.09 
                               Reads :	124885658.00 
                              Writes :	29890059.00 
                   Read/Writes Ratio :	  417.82% 
   MyISAM Key buffer read hits(>99%) :	   99.99% 
        MyISAM Key buffer write hits :	    NULL% 
                    Query cache hits :	    NULL% 
       InnoDB buffer read hits(>95%) :	  100.00% 
             Thread cache hits(>90%) :	   99.94% 
             Slow queries per second :	     0.01 
         Select full join per second :	    11.36 
      Select full join in all select :	    4.15% 
         MyiSAM lock contention(<1%) :	    0.00% 
           Temp tables to disk ratio :	    8.55% 
No innodb tables
No primary key tables
TABLE_SCHEMA	TABLE_NAME	TABLE_TYPE	TABLE_ROWS
tianan_insurance	sys_dept_code	BASE TABLE	2783
password equals user
Global status:
Aborted_clients	5460
Aborted_connects	22
Binlog_cache_disk_use	78857
Binlog_cache_use	22900784
Binlog_stmt_cache_disk_use	0
Binlog_stmt_cache_use	476
Bytes_received	41976100061
Bytes_sent	715458141487
Com_admin_commands	44076815
Com_assign_to_keycache	0
Com_alter_db	0
Com_alter_db_upgrade	0
Com_alter_event	0
Com_alter_function	0
Com_alter_instance	0
Com_alter_procedure	0
Com_alter_server	0
Com_alter_table	208
Com_alter_tablespace	0
Com_alter_user	0
Com_analyze	0
Com_begin	1
Com_binlog	0
Com_call_procedure	0
Com_change_db	1720
Com_change_master	0
Com_change_repl_filter	0
Com_check	0
Com_checksum	0
Com_commit	2337933
Com_create_db	3
Com_create_event	1
Com_create_function	0
Com_create_index	0
Com_create_procedure	0
Com_create_server	0
Com_create_table	296
Com_create_trigger	0
Com_create_udf	0
Com_create_user	11
Com_create_view	0
Com_dealloc_sql	0
Com_delete	2424304
Com_delete_multi	0
Com_do	0
Com_drop_db	0
Com_drop_event	0
Com_drop_function	0
Com_drop_index	0
Com_drop_procedure	0
Com_drop_server	0
Com_drop_table	89
Com_drop_trigger	0
Com_drop_user	0
Com_drop_view	0
Com_empty_query	2
Com_execute_sql	0
Com_explain_other	0
Com_flush	201
Com_get_diagnostics	0
Com_grant	36
Com_ha_close	0
Com_ha_open	0
Com_ha_read	0
Com_help	0
Com_insert	5719405
Com_insert_select	5
Com_install_plugin	0
Com_kill	0
Com_load	0
Com_lock_tables	72
Com_optimize	0
Com_preload_keys	0
Com_prepare_sql	0
Com_purge	0
Com_purge_before_date	0
Com_release_savepoint	0
Com_rename_table	0
Com_rename_user	0
Com_repair	0
Com_replace	0
Com_replace_select	0
Com_reset	0
Com_resignal	0
Com_revoke	0
Com_revoke_all	0
Com_rollback	40068
Com_rollback_to_savepoint	0
Com_savepoint	0
Com_select	124885671
Com_set_option	6805120
Com_signal	0
Com_show_binlog_events	0
Com_show_binlogs	326469
Com_show_charsets	28
Com_show_collations	28
Com_show_create_db	0
Com_show_create_event	0
Com_show_create_func	0
Com_show_create_proc	0
Com_show_create_table	762
Com_show_create_trigger	0
Com_show_databases	300
Com_show_engine_logs	0
Com_show_engine_mutex	0
Com_show_engine_status	67
Com_show_events	0
Com_show_errors	0
Com_show_fields	3751
Com_show_function_code	0
Com_show_function_status	237
Com_show_grants	2
Com_show_keys	53
Com_show_master_status	20143691
Com_show_open_tables	0
Com_show_plugins	67
Com_show_privileges	0
Com_show_procedure_code	0
Com_show_procedure_status	237
Com_show_processlist	6
Com_show_profile	0
Com_show_profiles	0
Com_show_relaylog_events	0
Com_show_slave_hosts	0
Com_show_slave_status	24059990
Com_show_status	19585157
Com_show_storage_engines	417
Com_show_table_status	533
Com_show_tables	817
Com_show_triggers	0
Com_show_variables	1043386
Com_show_warnings	7670
Com_show_create_user	0
Com_shutdown	0
Com_slave_start	0
Com_slave_stop	0
Com_group_replication_start	0
Com_group_replication_stop	0
Com_stmt_execute	469
Com_stmt_close	134
Com_stmt_fetch	0
Com_stmt_prepare	268
Com_stmt_reset	0
Com_stmt_send_long_data	0
Com_truncate	36
Com_uninstall_plugin	0
Com_unlock_tables	139
Com_update	21746351
Com_update_multi	15
Com_xa_commit	0
Com_xa_end	0
Com_xa_prepare	0
Com_xa_recover	0
Com_xa_rollback	0
Com_xa_start	0
Com_stmt_reprepare	67
Connection_errors_accept	0
Connection_errors_internal	0
Connection_errors_max_connections	0
Connection_errors_peer_address	0
Connection_errors_select	0
Connection_errors_tcpwrap	0
Connections	1019502
Created_tmp_disk_tables	17632757
Created_tmp_files	3738
Created_tmp_tables	206181724
Delayed_errors	0
Delayed_insert_threads	0
Delayed_writes	0
Flush_commands	68
Handler_commit	105635209
Handler_delete	1365280
Handler_discover	0
Handler_external_lock	288191543
Handler_mrr_init	0
Handler_prepare	60903760
Handler_read_first	38321751
Handler_read_key	3186458867
Handler_read_last	1436807
Handler_read_next	2710453070
Handler_read_prev	6277412871
Handler_read_rnd	616949481
Handler_read_rnd_next	261616875332
Handler_rollback	54236
Handler_savepoint	0
Handler_savepoint_rollback	0
Handler_update	44533642
Handler_write	12726153544
Innodb_buffer_pool_dump_status	Buffer pool(s) dump completed at 210715  0:01:18
Innodb_buffer_pool_load_status	Buffer pool(s) load completed at 200902  9:12:30
Innodb_buffer_pool_resize_status	
Innodb_buffer_pool_pages_data	330600
Innodb_buffer_pool_bytes_data	5416550400
Innodb_buffer_pool_pages_dirty	1837
Innodb_buffer_pool_bytes_dirty	30097408
Innodb_buffer_pool_pages_flushed	3438612
Innodb_buffer_pool_pages_free	322241
Innodb_buffer_pool_pages_misc	2439
Innodb_buffer_pool_pages_total	655280
Innodb_buffer_pool_read_ahead_rnd	0
Innodb_buffer_pool_read_ahead	0
Innodb_buffer_pool_read_ahead_evicted	0
Innodb_buffer_pool_read_requests	59915804486
Innodb_buffer_pool_reads	247
Innodb_buffer_pool_wait_free	0
Innodb_buffer_pool_write_requests	763464966
Innodb_data_fsyncs	44096646
Innodb_data_pending_fsyncs	0
Innodb_data_pending_reads	0
Innodb_data_pending_writes	0
Innodb_data_read	4116992
Innodb_data_reads	279
Innodb_data_writes	46756791
Innodb_data_written	158801196544
Innodb_dblwr_pages_written	2900490
Innodb_dblwr_writes	458625
Innodb_log_waits	0
Innodb_log_write_requests	39043671
Innodb_log_writes	42678162
Innodb_os_log_fsyncs	42828047
Innodb_os_log_pending_fsyncs	0
Innodb_os_log_pending_writes	0
Innodb_os_log_written	54719518720
Innodb_page_size	16384
Innodb_pages_created	334365
Innodb_pages_read	246
Innodb_pages_written	3447475
Innodb_row_lock_current_waits	1
Innodb_row_lock_time	116026549
Innodb_row_lock_time_avg	1996
Innodb_row_lock_time_max	6032
Innodb_row_lock_waits	58127
Innodb_rows_deleted	1365422
Innodb_rows_inserted	1292011275
Innodb_rows_read	249672105569
Innodb_rows_updated	21279037
Innodb_num_open_files	101
Innodb_truncated_status_writes	0
Innodb_available_undo_logs	128
Key_blocks_not_flushed	0
Key_blocks_unused	6696
Key_blocks_used	2
Key_read_requests	32864
Key_reads	2
Key_write_requests	0
Key_writes	0
Locked_connects	0
Max_execution_time_exceeded	0
Max_execution_time_set	0
Max_execution_time_set_failed	0
Max_used_connections	408
Max_used_connections_time	2020-09-10 14:46:44
Not_flushed_delayed_rows	0
Ongoing_anonymous_transaction_count	0
Open_files	25
Open_streams	0
Open_table_definitions	302
Open_tables	2000
Opened_files	11266548
Opened_table_definitions	20885
Opened_tables	97159569
Performance_schema_accounts_lost	0
Performance_schema_cond_classes_lost	0
Performance_schema_cond_instances_lost	0
Performance_schema_digest_lost	0
Performance_schema_file_classes_lost	0
Performance_schema_file_handles_lost	0
Performance_schema_file_instances_lost	48
Performance_schema_hosts_lost	0
Performance_schema_index_stat_lost	0
Performance_schema_locker_lost	0
Performance_schema_memory_classes_lost	0
Performance_schema_metadata_lock_lost	0
Performance_schema_mutex_classes_lost	0
Performance_schema_mutex_instances_lost	0
Performance_schema_nested_statement_lost	0
Performance_schema_prepared_statements_lost	0
Performance_schema_program_lost	0
Performance_schema_rwlock_classes_lost	0
Performance_schema_rwlock_instances_lost	0
Performance_schema_session_connect_attrs_lost	0
Performance_schema_socket_classes_lost	0
Performance_schema_socket_instances_lost	0
Performance_schema_stage_classes_lost	0
Performance_schema_statement_classes_lost	0
Performance_schema_table_handles_lost	0
Performance_schema_table_instances_lost	0
Performance_schema_table_lock_stat_lost	0
Performance_schema_thread_classes_lost	0
Performance_schema_thread_instances_lost	0
Performance_schema_users_lost	0
Prepared_stmt_count	0
Qcache_free_blocks	0
Qcache_free_memory	0
Qcache_hits	0
Qcache_inserts	0
Qcache_lowmem_prunes	0
Qcache_not_cached	0
Qcache_queries_in_cache	0
Qcache_total_blocks	0
Queries	293807849
Questions	249730695
Rpl_semi_sync_master_clients	2
Rpl_semi_sync_master_net_avg_wait_time	0
Rpl_semi_sync_master_net_wait_time	0
Rpl_semi_sync_master_net_waits	45771699
Rpl_semi_sync_master_no_times	0
Rpl_semi_sync_master_no_tx	0
Rpl_semi_sync_master_status	ON
Rpl_semi_sync_master_timefunc_failures	0
Rpl_semi_sync_master_tx_avg_wait_time	841
Rpl_semi_sync_master_tx_wait_time	19271106195
Rpl_semi_sync_master_tx_waits	22891831
Rpl_semi_sync_master_wait_pos_backtraverse	0
Rpl_semi_sync_master_wait_sessions	0
Rpl_semi_sync_master_yes_tx	22892884
Rpl_semi_sync_slave_status	OFF
Select_full_join	5176611
Select_full_range_join	3
Select_range	339879
Select_range_check	0
Select_scan	118358926
Slave_open_temp_tables	0
Slow_launch_threads	0
Slow_queries	154397
Sort_merge_passes	64
Sort_range	2257
Sort_rows	616949451
Sort_scan	1357375
Ssl_accept_renegotiates	0
Ssl_accepts	0
Ssl_callback_cache_hits	0
Ssl_cipher	
Ssl_cipher_list	
Ssl_client_connects	0
Ssl_connect_renegotiates	0
Ssl_ctx_verify_depth	0
Ssl_ctx_verify_mode	0
Ssl_default_timeout	0
Ssl_finished_accepts	0
Ssl_finished_connects	0
Ssl_server_not_after	
Ssl_server_not_before	
Ssl_session_cache_hits	0
Ssl_session_cache_misses	0
Ssl_session_cache_mode	NONE
Ssl_session_cache_overflows	0
Ssl_session_cache_size	0
Ssl_session_cache_timeouts	0
Ssl_sessions_reused	0
Ssl_used_session_cache_entries	0
Ssl_verify_depth	0
Ssl_verify_mode	0
Ssl_version	
Table_locks_immediate	38141646
Table_locks_waited	0
Table_open_cache_hits	323504566
Table_open_cache_misses	97159559
Table_open_cache_overflows	97021481
Tc_log_max_pages_used	0
Tc_log_page_size	0
Tc_log_page_waits	0
Threads_cached	6
Threads_connected	15
Threads_created	595
Threads_running	3
Uptime	27332341
Uptime_since_flush_status	27332341
Replication status:
Global variables:
auto_increment_increment	1
auto_increment_offset	1
autocommit	ON
automatic_sp_privileges	ON
avoid_temporal_upgrade	OFF
back_log	250
basedir	/usr/local/mysql/
big_tables	OFF
bind_address	*
binlog_cache_size	32768
binlog_checksum	CRC32
binlog_direct_non_transactional_updates	OFF
binlog_error_action	ABORT_SERVER
binlog_format	ROW
binlog_group_commit_sync_delay	0
binlog_group_commit_sync_no_delay_count	0
binlog_gtid_simple_recovery	ON
binlog_max_flush_queue_time	0
binlog_order_commits	ON
binlog_row_image	FULL
binlog_rows_query_log_events	ON
binlog_stmt_cache_size	32768
binlog_transaction_dependency_history_size	25000
binlog_transaction_dependency_tracking	COMMIT_ORDER
block_encryption_mode	aes-128-ecb
bulk_insert_buffer_size	8388608
character_set_client	utf8mb4
character_set_connection	utf8mb4
character_set_database	utf8mb4
character_set_filesystem	binary
character_set_results	utf8mb4
character_set_server	utf8mb4
character_set_system	utf8
character_sets_dir	/usr/local/mysql/share/charsets/
check_proxy_users	OFF
collation_connection	utf8mb4_general_ci
collation_database	utf8mb4_general_ci
collation_server	utf8mb4_general_ci
completion_type	NO_CHAIN
concurrent_insert	AUTO
connect_timeout	10
core_file	OFF
datadir	/data/mysql/data/
date_format	%Y-%m-%d
datetime_format	%Y-%m-%d %H:%i:%s
default_authentication_plugin	mysql_native_password
default_password_lifetime	0
default_storage_engine	InnoDB
default_tmp_storage_engine	InnoDB
default_week_format	0
delay_key_write	ON
delayed_insert_limit	100
delayed_insert_timeout	300
delayed_queue_size	1000
disabled_storage_engines	
disconnect_on_expired_password	ON
div_precision_increment	4
end_markers_in_json	OFF
enforce_gtid_consistency	ON
eq_range_index_dive_limit	200
event_scheduler	OFF
expire_logs_days	14
explicit_defaults_for_timestamp	ON
flush	OFF
flush_time	0
foreign_key_checks	ON
ft_boolean_syntax	+ -><()~*:""&|
ft_max_word_len	84
ft_min_word_len	4
ft_query_expansion_limit	20
ft_stopword_file	(built-in)
general_log	OFF
general_log_file	/data/mysql/data/10-80-88-70.log
group_concat_max_len	1024
gtid_executed	9200f922-ebf7-11ea-ab46-005056aae015:1-22893537
gtid_executed_compression_period	1000
gtid_mode	ON
gtid_owned	
gtid_purged	9200f922-ebf7-11ea-ab46-005056aae015:1-21344960
have_compress	YES
have_crypt	YES
have_dynamic_loading	YES
have_geometry	YES
have_openssl	DISABLED
have_profiling	YES
have_query_cache	YES
have_rtree_keys	YES
have_ssl	DISABLED
have_statement_timeout	YES
have_symlink	YES
host_cache_size	653
hostname	10-80-88-70
ignore_builtin_innodb	OFF
ignore_db_dirs	
init_connect	insert into db_monitor.accesslog(thread_id,log_time,localname,matchname) \nvalues(connection_id(),now(),user(),current_user());
init_file	
init_slave	
innodb_adaptive_flushing	ON
innodb_adaptive_flushing_lwm	10
innodb_adaptive_hash_index	ON
innodb_adaptive_hash_index_parts	8
innodb_adaptive_max_sleep_delay	150000
innodb_api_bk_commit_interval	5
innodb_api_disable_rowlock	OFF
innodb_api_enable_binlog	OFF
innodb_api_enable_mdl	OFF
innodb_api_trx_level	0
innodb_autoextend_increment	64
innodb_autoinc_lock_mode	1
innodb_buffer_pool_chunk_size	134217728
innodb_buffer_pool_dump_at_shutdown	ON
innodb_buffer_pool_dump_now	OFF
innodb_buffer_pool_dump_pct	25
innodb_buffer_pool_filename	ib_buffer_pool
innodb_buffer_pool_instances	8
innodb_buffer_pool_load_abort	OFF
innodb_buffer_pool_load_at_startup	ON
innodb_buffer_pool_load_now	OFF
innodb_buffer_pool_size	10737418240
innodb_change_buffer_max_size	25
innodb_change_buffering	all
innodb_checksum_algorithm	innodb
innodb_checksums	ON
innodb_cmp_per_index_enabled	OFF
innodb_commit_concurrency	0
innodb_compression_failure_threshold_pct	5
innodb_compression_level	6
innodb_compression_pad_pct_max	50
innodb_concurrency_tickets	5000
innodb_data_file_path	ibdata1:200M:autoextend
innodb_data_home_dir	
innodb_deadlock_detect	ON
innodb_default_row_format	dynamic
innodb_disable_sort_file_cache	OFF
innodb_doublewrite	ON
innodb_fast_shutdown	1
innodb_file_format	Barracuda
innodb_file_format_check	ON
innodb_file_format_max	Barracuda
innodb_file_per_table	ON
innodb_fill_factor	100
innodb_flush_log_at_timeout	1
innodb_flush_log_at_trx_commit	1
innodb_flush_method	O_DIRECT
innodb_flush_neighbors	1
innodb_flush_sync	ON
innodb_flushing_avg_loops	30
innodb_force_load_corrupted	OFF
innodb_force_recovery	0
innodb_ft_aux_table	
innodb_ft_cache_size	8000000
innodb_ft_enable_diag_print	OFF
innodb_ft_enable_stopword	ON
innodb_ft_max_token_size	84
innodb_ft_min_token_size	3
innodb_ft_num_word_optimize	2000
innodb_ft_result_cache_limit	2000000000
innodb_ft_server_stopword_table	
innodb_ft_sort_pll_degree	2
innodb_ft_total_cache_size	640000000
innodb_ft_user_stopword_table	
innodb_io_capacity	800
innodb_io_capacity_max	2000
innodb_large_prefix	ON
innodb_lock_wait_timeout	5
innodb_locks_unsafe_for_binlog	OFF
innodb_log_buffer_size	16777216
innodb_log_checksums	ON
innodb_log_compressed_pages	ON
innodb_log_file_size	1572864000
innodb_log_files_in_group	2
innodb_log_group_home_dir	./
innodb_log_write_ahead_size	8192
innodb_lru_scan_depth	1024
innodb_max_dirty_pages_pct	75.000000
innodb_max_dirty_pages_pct_lwm	0.000000
innodb_max_purge_lag	0
innodb_max_purge_lag_delay	0
innodb_max_undo_log_size	1073741824
innodb_monitor_disable	
innodb_monitor_enable	
innodb_monitor_reset	
innodb_monitor_reset_all	
innodb_numa_interleave	OFF
innodb_old_blocks_pct	37
innodb_old_blocks_time	1000
innodb_online_alter_log_max_size	134217728
innodb_open_files	2000
innodb_optimize_fulltext_only	OFF
innodb_page_cleaners	4
innodb_page_size	16384
innodb_print_all_deadlocks	ON
innodb_purge_batch_size	300
innodb_purge_rseg_truncate_frequency	128
innodb_purge_threads	4
innodb_random_read_ahead	OFF
innodb_read_ahead_threshold	56
innodb_read_io_threads	4
innodb_read_only	OFF
innodb_replication_delay	0
innodb_rollback_on_timeout	OFF
innodb_rollback_segments	128
innodb_sort_buffer_size	67108864
innodb_spin_wait_delay	6
innodb_stats_auto_recalc	ON
innodb_stats_include_delete_marked	OFF
innodb_stats_method	nulls_equal
innodb_stats_on_metadata	OFF
innodb_stats_persistent	ON
innodb_stats_persistent_sample_pages	20
innodb_stats_sample_pages	8
innodb_stats_transient_sample_pages	8
innodb_status_output	OFF
innodb_status_output_locks	OFF
innodb_strict_mode	ON
innodb_support_xa	ON
innodb_sync_array_size	1
innodb_sync_spin_loops	30
innodb_table_locks	ON
innodb_temp_data_file_path	ibtmp1:12M:autoextend
innodb_thread_concurrency	0
innodb_thread_sleep_delay	10000
innodb_tmpdir	
innodb_undo_directory	./
innodb_undo_log_truncate	OFF
innodb_undo_logs	128
innodb_undo_tablespaces	0
innodb_use_native_aio	ON
innodb_version	5.7.24
innodb_write_io_threads	4
interactive_timeout	28800
internal_tmp_disk_storage_engine	InnoDB
join_buffer_size	8388608
keep_files_on_create	OFF
key_buffer_size	8388608
key_cache_age_threshold	300
key_cache_block_size	1024
key_cache_division_limit	100
keyring_operations	ON
large_files_support	ON
large_page_size	0
large_pages	OFF
lc_messages	en_US
lc_messages_dir	/usr/local/mysql/share/
lc_time_names	en_US
license	GPL
local_infile	ON
lock_wait_timeout	31536000
locked_in_memory	OFF
log_bin	ON
log_bin_basename	/data/mysql/data/mysql-bin
log_bin_index	/data/mysql/data/mysql-bin.index
log_bin_trust_function_creators	ON
log_bin_use_v1_row_events	OFF
log_builtin_as_identified_by_password	OFF
log_error	./mysql-error.log
log_error_verbosity	3
log_output	FILE
log_queries_not_using_indexes	ON
log_slave_updates	ON
log_slow_admin_statements	ON
log_slow_slave_statements	ON
log_statements_unsafe_for_binlog	ON
log_syslog	OFF
log_syslog_facility	daemon
log_syslog_include_pid	ON
log_syslog_tag	
log_throttle_queries_not_using_indexes	10
log_timestamps	UTC
log_warnings	2
long_query_time	2.000000
low_priority_updates	OFF
lower_case_file_system	OFF
lower_case_table_names	1
master_info_repository	TABLE
master_verify_checksum	OFF
max_allowed_packet	33554432
max_binlog_cache_size	18446744073709547520
max_binlog_size	268435456
max_binlog_stmt_cache_size	18446744073709547520
max_connect_errors	100000
max_connections	1000
max_delayed_threads	20
max_digest_length	1024
max_error_count	64
max_execution_time	0
max_heap_table_size	16777216
max_insert_delayed_threads	20
max_join_size	18446744073709551615
max_length_for_sort_data	1024
max_points_in_geometry	65536
max_prepared_stmt_count	16382
max_relay_log_size	0
max_seeks_for_key	18446744073709551615
max_sort_length	1024
max_sp_recursion_depth	0
max_tmp_tables	32
max_user_connections	0
max_write_lock_count	18446744073709551615
metadata_locks_cache_size	1024
metadata_locks_hash_instances	8
min_examined_row_limit	1000
multi_range_count	256
myisam_data_pointer_size	6
myisam_max_sort_file_size	9223372036853727232
myisam_mmap_size	18446744073709551615
myisam_recover_options	OFF
myisam_repair_threads	1
myisam_sort_buffer_size	8388608
myisam_stats_method	nulls_unequal
myisam_use_mmap	OFF
mysql_native_password_proxy_users	OFF
net_buffer_length	16384
net_read_timeout	30
net_retry_count	10
net_write_timeout	60
new	OFF
ngram_token_size	2
offline_mode	OFF
old	OFF
old_alter_table	OFF
old_passwords	0
open_files_limit	65535
optimizer_prune_level	1
optimizer_search_depth	62
optimizer_switch	index_merge=on,index_merge_union=on,index_merge_sort_union=on,index_merge_intersection=on,engine_condition_pushdown=on,index_condition_pushdown=on,mrr=on,mrr_cost_based=on,block_nested_loop=on,batched_key_access=off,materialization=on,semijoin=on,loosescan=on,firstmatch=on,duplicateweedout=on,subquery_materialization_cost_based=on,use_index_extensions=on,condition_fanout_filter=on,derived_merge=on
optimizer_trace	enabled=off,one_line=off
optimizer_trace_features	greedy_search=on,range_optimizer=on,dynamic_range=on,repeated_subselect=on
optimizer_trace_limit	1
optimizer_trace_max_mem_size	16384
optimizer_trace_offset	-1
parser_max_mem_size	18446744073709551615
performance_schema	ON
performance_schema_accounts_size	-1
performance_schema_digests_size	10000
performance_schema_events_stages_history_long_size	10000
performance_schema_events_stages_history_size	10
performance_schema_events_statements_history_long_size	10000
performance_schema_events_statements_history_size	10
performance_schema_events_transactions_history_long_size	10000
performance_schema_events_transactions_history_size	10
performance_schema_events_waits_history_long_size	10000
performance_schema_events_waits_history_size	10
performance_schema_hosts_size	-1
performance_schema_max_cond_classes	80
performance_schema_max_cond_instances	-1
performance_schema_max_digest_length	1024
performance_schema_max_file_classes	80
performance_schema_max_file_handles	32768
performance_schema_max_file_instances	-1
performance_schema_max_index_stat	-1
performance_schema_max_memory_classes	320
performance_schema_max_metadata_locks	-1
performance_schema_max_mutex_classes	210
performance_schema_max_mutex_instances	-1
performance_schema_max_prepared_statements_instances	-1
performance_schema_max_program_instances	-1
performance_schema_max_rwlock_classes	40
performance_schema_max_rwlock_instances	-1
performance_schema_max_socket_classes	10
performance_schema_max_socket_instances	-1
performance_schema_max_sql_text_length	1024
performance_schema_max_stage_classes	150
performance_schema_max_statement_classes	193
performance_schema_max_statement_stack	10
performance_schema_max_table_handles	-1
performance_schema_max_table_instances	-1
performance_schema_max_table_lock_stat	-1
performance_schema_max_thread_classes	50
performance_schema_max_thread_instances	-1
performance_schema_session_connect_attrs_size	512
performance_schema_setup_actors_size	-1
performance_schema_setup_objects_size	-1
performance_schema_users_size	-1
pid_file	/data/mysql/data/mysql.pid
plugin_dir	/usr/local/mysql/lib/plugin/
port	3306
preload_buffer_size	32768
profiling	OFF
profiling_history_size	15
protocol_version	10
query_alloc_block_size	8192
query_cache_limit	1048576
query_cache_min_res_unit	4096
query_cache_size	0
query_cache_type	OFF
query_cache_wlock_invalidate	OFF
query_prealloc_size	8192
range_alloc_block_size	4096
range_optimizer_max_mem_size	8388608
rbr_exec_mode	STRICT
read_buffer_size	8388608
read_only	OFF
read_rnd_buffer_size	8388608
relay_log	mysql-relay.log
relay_log_basename	/data/mysql/data/mysql-relay
relay_log_index	/data/mysql/data/mysql-relay.index
relay_log_info_file	relay-log.info
relay_log_info_repository	TABLE
relay_log_purge	ON
relay_log_recovery	ON
relay_log_space_limit	0
report_host	
report_password	
report_port	3306
report_user	
require_secure_transport	OFF
rpl_semi_sync_master_enabled	ON
rpl_semi_sync_master_timeout	5000
rpl_semi_sync_master_trace_level	32
rpl_semi_sync_master_wait_for_slave_count	1
rpl_semi_sync_master_wait_no_slave	ON
rpl_semi_sync_master_wait_point	AFTER_SYNC
rpl_semi_sync_slave_enabled	ON
rpl_semi_sync_slave_trace_level	32
rpl_stop_slave_timeout	31536000
secure_auth	ON
secure_file_priv	
server_id	88703306
server_id_bits	32
server_uuid	9200f922-ebf7-11ea-ab46-005056aae015
session_track_gtids	OFF
session_track_schema	ON
session_track_state_change	OFF
session_track_system_variables	time_zone,autocommit,character_set_client,character_set_results,character_set_connection
session_track_transaction_info	OFF
sha256_password_proxy_users	OFF
show_compatibility_56	OFF
show_create_table_verbosity	OFF
show_old_temporals	OFF
skip_external_locking	ON
skip_name_resolve	ON
skip_networking	OFF
skip_show_database	OFF
slave_allow_batching	OFF
slave_checkpoint_group	512
slave_checkpoint_period	300
slave_compressed_protocol	OFF
slave_exec_mode	STRICT
slave_load_tmpdir	/data/mysql/mysql_tmp
slave_max_allowed_packet	1073741824
slave_net_timeout	60
slave_parallel_type	DATABASE
slave_parallel_workers	0
slave_pending_jobs_size_max	16777216
slave_preserve_commit_order	OFF
slave_rows_search_algorithms	TABLE_SCAN,INDEX_SCAN
slave_skip_errors	OFF
slave_sql_verify_checksum	ON
slave_transaction_retries	10
slave_type_conversions	
slow_launch_time	2
slow_query_log	ON
slow_query_log_file	mysql-slow.log
socket	/data/mysql/data/mysql.sock
sort_buffer_size	2097152
sql_auto_is_null	OFF
sql_big_selects	ON
sql_buffer_result	OFF
sql_log_off	OFF
sql_mode	ONLY_FULL_GROUP_BY,STRICT_TRANS_TABLES,NO_ZERO_IN_DATE,NO_ZERO_DATE,ERROR_FOR_DIVISION_BY_ZERO,NO_AUTO_CREATE_USER,NO_ENGINE_SUBSTITUTION
sql_notes	ON
sql_quote_show_create	ON
sql_safe_updates	OFF
sql_select_limit	18446744073709551615
sql_slave_skip_counter	0
sql_warnings	OFF
ssl_ca	
ssl_capath	
ssl_cert	
ssl_cipher	
ssl_crl	
ssl_crlpath	
ssl_key	
stored_program_cache	256
super_read_only	OFF
sync_binlog	1
sync_frm	ON
sync_master_info	10000
sync_relay_log	10000
sync_relay_log_info	10000
system_time_zone	CST
table_definition_cache	1400
table_open_cache	2000
table_open_cache_instances	16
thread_cache_size	18
thread_handling	one-thread-per-connection
thread_stack	262144
time_format	%H:%i:%s
time_zone	SYSTEM
tls_version	TLSv1,TLSv1.1
tmp_table_size	67108864
tmpdir	/data/mysql/mysql_tmp
transaction_alloc_block_size	8192
transaction_isolation	REPEATABLE-READ
transaction_prealloc_size	4096
transaction_read_only	OFF
transaction_write_set_extraction	OFF
tx_isolation	REPEATABLE-READ
tx_read_only	OFF
unique_checks	ON
updatable_views_with_limit	YES
version	5.7.24-log
version_comment	MySQL Community Server (GPL)
version_compile_machine	x86_64
version_compile_os	linux-glibc2.12
wait_timeout	28800
ERROR LOG:
2021-07-02T13:27:45.045197Z 961564 [Note] Aborted connection 961564 to db: 'tianan_insurance' user: 'piibs' host: '10.80.40.13' (Got timeout reading communication packets)
2021-07-02T13:27:45.045281Z 961191 [Note] Aborted connection 961191 to db: 'tianan_insurance' user: 'piibs' host: '10.80.40.14' (Got timeout reading communication packets)
2021-07-02T13:27:49.141183Z 961666 [Note] Aborted connection 961666 to db: 'tianan_insurance' user: 'piibs' host: '10.80.40.14' (Got timeout reading communication packets)
2021-07-02T13:27:49.141239Z 961059 [Note] Aborted connection 961059 to db: 'tianan_insurance' user: 'piibs' host: '10.80.40.13' (Got timeout reading communication packets)
2021-07-02T13:27:49.141200Z 960167 [Note] Aborted connection 960167 to db: 'tianan_insurance' user: 'piibs' host: '10.80.40.13' (Got timeout reading communication packets)
2021-07-02T13:30:57.557296Z 961048 [Note] Aborted connection 961048 to db: 'tianan_insurance' user: 'piibs' host: '10.80.40.14' (Got timeout reading communication packets)
2021-07-02T16:01:09.992457Z 0 [Note] InnoDB: Dumping buffer pool(s) to /data/mysql/data/ib_buffer_pool
2021-07-02T16:01:10.023091Z 0 [Note] InnoDB: Buffer pool(s) dump completed at 210703  0:01:10
2021-07-03T00:12:13.845291Z 963955 [Note] Aborted connection 963955 to db: 'tianan_insurance' user: 'piibs' host: '10.80.40.14' (Got timeout reading communication packets)
2021-07-03T00:14:58.197149Z 963956 [Note] Aborted connection 963956 to db: 'tianan_insurance' user: 'piibs' host: '10.80.40.13' (Got timeout reading communication packets)
2021-07-03T03:15:29.045230Z 964422 [Note] Aborted connection 964422 to db: 'tianan_insurance' user: 'piibs' host: '10.80.40.14' (Got timeout reading communication packets)
2021-07-03T05:42:07.253180Z 964404 [Note] Aborted connection 964404 to db: 'tianan_insurance' user: 'piibs' host: '10.80.40.13' (Got timeout reading communication packets)
2021-07-03T05:45:23.861180Z 964739 [Note] Aborted connection 964739 to db: 'tianan_insurance' user: 'piibs' host: '10.80.40.14' (Got timeout reading communication packets)
2021-07-03T08:05:45.237253Z 964444 [Note] Aborted connection 964444 to db: 'tianan_insurance' user: 'piibs' host: '10.80.40.13' (Got timeout reading communication packets)
2021-07-03T10:02:37.589394Z 964814 [Note] Aborted connection 964814 to db: 'tianan_insurance' user: 'piibs' host: '10.80.40.14' (Got timeout reading communication packets)
2021-07-03T10:13:00.181219Z 964421 [Note] Aborted connection 964421 to db: 'tianan_insurance' user: 'piibs' host: '10.80.40.13' (Got timeout reading communication packets)
2021-07-03T10:25:01.077146Z 965724 [Note] Aborted connection 965724 to db: 'tianan_insurance' user: 'piibs' host: '10.80.40.14' (Got timeout reading communication packets)
2021-07-03T11:23:43.637350Z 965657 [Note] Aborted connection 965657 to db: 'tianan_insurance' user: 'piibs' host: '10.80.40.13' (Got timeout reading communication packets)
2021-07-03T11:31:47.989491Z 966042 [Note] Aborted connection 966042 to db: 'tianan_insurance' user: 'piibs' host: '10.80.40.14' (Got timeout reading communication packets)
2021-07-03T13:05:51.253236Z 966349 [Note] Aborted connection 966349 to db: 'tianan_insurance' user: 'piibs' host: '10.80.40.13' (Got timeout reading communication packets)
2021-07-03T13:05:51.253237Z 966032 [Note] Aborted connection 966032 to db: 'tianan_insurance' user: 'piibs' host: '10.80.40.13' (Got timeout reading communication packets)
2021-07-03T13:06:07.637252Z 966040 [Note] Aborted connection 966040 to db: 'tianan_insurance' user: 'piibs' host: '10.80.40.14' (Got timeout reading communication packets)
2021-07-03T13:23:03.445386Z 964525 [Note] Aborted connection 964525 to db: 'tianan_insurance' user: 'piibs' host: '10.80.40.14' (Got timeout reading communication packets)
2021-07-03T13:27:58.357327Z 965420 [Note] Aborted connection 965420 to db: 'tianan_insurance' user: 'piibs' host: '10.80.40.13' (Got timeout reading communication packets)
2021-07-03T16:01:06.212718Z 0 [Note] InnoDB: Dumping buffer pool(s) to /data/mysql/data/ib_buffer_pool
2021-07-03T16:01:06.241265Z 0 [Note] InnoDB: Buffer pool(s) dump completed at 210704  0:01:06
2021-07-03T17:31:00.117200Z 967166 [Note] Aborted connection 967166 to db: 'tianan_insurance' user: 'piibs' host: '10.80.40.14' (Got timeout reading communication packets)
2021-07-03T17:31:20.597220Z 967159 [Note] Aborted connection 967159 to db: 'tianan_insurance' user: 'piibs' host: '10.80.40.13' (Got timeout reading communication packets)
2021-07-03T17:33:36.789259Z 967162 [Note] Aborted connection 967162 to db: 'tianan_insurance' user: 'piibs' host: '10.80.40.14' (Got timeout reading communication packets)
2021-07-03T17:33:36.789315Z 967168 [Note] Aborted connection 967168 to db: 'tianan_insurance' user: 'piibs' host: '10.80.40.13' (Got timeout reading communication packets)
2021-07-03T20:05:08.885177Z 967510 [Note] Aborted connection 967510 to db: 'tianan_insurance' user: 'piibs' host: '10.80.40.14' (Got timeout reading communication packets)
2021-07-03T20:14:42.325356Z 967509 [Note] Aborted connection 967509 to db: 'tianan_insurance' user: 'piibs' host: '10.80.40.13' (Got timeout reading communication packets)
2021-07-03T20:14:50.517256Z 967520 [Note] Aborted connection 967520 to db: 'tianan_insurance' user: 'piibs' host: '10.80.40.13' (Got timeout reading communication packets)
2021-07-03T20:14:50.517260Z 967519 [Note] Aborted connection 967519 to db: 'tianan_insurance' user: 'piibs' host: '10.80.40.14' (Got timeout reading communication packets)
2021-07-03T20:14:58.709179Z 967511 [Note] Aborted connection 967511 to db: 'tianan_insurance' user: 'piibs' host: '10.80.40.14' (Got timeout reading communication packets)
2021-07-03T20:15:39.669236Z 967508 [Note] Aborted connection 967508 to db: 'tianan_insurance' user: 'piibs' host: '10.80.40.13' (Got timeout reading communication packets)
2021-07-04T03:11:07.925252Z 968891 [Note] Aborted connection 968891 to db: 'tianan_insurance' user: 'piibs' host: '10.80.40.14' (Got timeout reading communication packets)
2021-07-04T03:40:45.589156Z 968906 [Note] Aborted connection 968906 to db: 'tianan_insurance' user: 'piibs' host: '10.80.40.13' (Got timeout reading communication packets)
2021-07-04T03:42:07.509237Z 968909 [Note] Aborted connection 968909 to db: 'tianan_insurance' user: 'piibs' host: '10.80.40.14' (Got timeout reading communication packets)
2021-07-04T03:42:07.509302Z 968910 [Note] Aborted connection 968910 to db: 'tianan_insurance' user: 'piibs' host: '10.80.40.13' (Got timeout reading communication packets)
2021-07-04T04:34:08.661207Z 969056 [Note] Aborted connection 969056 to db: 'tianan_insurance' user: 'piibs' host: '10.80.40.13' (Got timeout reading communication packets)
2021-07-04T04:52:18.197186Z 968964 [Note] Aborted connection 968964 to db: 'tianan_insurance' user: 'piibs' host: '10.80.40.14' (Got timeout reading communication packets)
2021-07-04T07:01:25.781295Z 969658 [Note] Aborted connection 969658 to db: 'tianan_insurance' user: 'piibs' host: '10.80.40.14' (Got timeout reading communication packets)
2021-07-04T07:01:27.829285Z 969679 [Note] Aborted connection 969679 to db: 'tianan_insurance' user: 'piibs' host: '10.80.40.13' (Got timeout reading communication packets)
2021-07-04T07:01:41.141150Z 969655 [Note] Aborted connection 969655 to db: 'tianan_insurance' user: 'piibs' host: '10.80.40.13' (Got timeout reading communication packets)
2021-07-04T07:01:41.141160Z 969656 [Note] Aborted connection 969656 to db: 'tianan_insurance' user: 'piibs' host: '10.80.40.14' (Got timeout reading communication packets)
2021-07-04T09:54:35.285177Z 970211 [Note] Aborted connection 970211 to db: 'tianan_insurance' user: 'piibs' host: '10.80.40.13' (Got timeout reading communication packets)
2021-07-04T10:02:42.709247Z 970213 [Note] Aborted connection 970213 to db: 'tianan_insurance' user: 'piibs' host: '10.80.40.13' (Got timeout reading communication packets)
2021-07-04T10:02:42.709294Z 970212 [Note] Aborted connection 970212 to db: 'tianan_insurance' user: 'piibs' host: '10.80.40.14' (Got timeout reading communication packets)
2021-07-04T11:50:36.949322Z 970567 [Note] Aborted connection 970567 to db: 'tianan_insurance' user: 'piibs' host: '10.80.40.14' (Got timeout reading communication packets)
2021-07-04T11:50:54.869336Z 970577 [Note] Aborted connection 970577 to db: 'tianan_insurance' user: 'piibs' host: '10.80.40.14' (Got timeout reading communication packets)
2021-07-04T13:35:34.037198Z 970440 [Note] Aborted connection 970440 to db: 'tianan_insurance' user: 'piibs' host: '10.80.40.13' (Got timeout reading communication packets)
2021-07-04T13:44:02.965412Z 970553 [Note] Aborted connection 970553 to db: 'tianan_insurance' user: 'piibs' host: '10.80.40.14' (Got timeout reading communication packets)
2021-07-04T13:44:03.989407Z 970900 [Note] Aborted connection 970900 to db: 'tianan_insurance' user: 'piibs' host: '10.80.40.13' (Got timeout reading communication packets)
2021-07-04T14:06:54.101292Z 970779 [Note] Aborted connection 970779 to db: 'tianan_insurance' user: 'piibs' host: '10.80.40.14' (Got timeout reading communication packets)
2021-07-04T14:07:02.293205Z 970441 [Note] Aborted connection 970441 to db: 'tianan_insurance' user: 'piibs' host: '10.80.40.13' (Got timeout reading communication packets)
2021-07-04T16:00:55.831614Z 0 [Note] InnoDB: Dumping buffer pool(s) to /data/mysql/data/ib_buffer_pool
2021-07-04T16:00:55.860821Z 0 [Note] InnoDB: Buffer pool(s) dump completed at 210705  0:00:55
2021-07-05T13:12:59.285305Z 973886 [Note] Aborted connection 973886 to db: 'tianan_insurance' user: 'piibs' host: '10.80.40.13' (Got timeout reading communication packets)
2021-07-05T13:44:07.061256Z 974644 [Note] Aborted connection 974644 to db: 'tianan_insurance' user: 'piibs' host: '10.80.40.14' (Got timeout reading communication packets)
2021-07-05T13:44:39.829182Z 975277 [Note] Aborted connection 975277 to db: 'tianan_insurance' user: 'piibs' host: '10.80.40.13' (Got timeout reading communication packets)
2021-07-05T15:19:20.981237Z 975577 [Note] Aborted connection 975577 to db: 'tianan_insurance' user: 'piibs' host: '10.80.40.13' (Got timeout reading communication packets)
2021-07-05T15:19:25.077242Z 973179 [Note] Aborted connection 973179 to db: 'tianan_insurance' user: 'piibs' host: '10.80.40.13' (Got timeout reading communication packets)
2021-07-05T15:20:51.093225Z 974529 [Note] Aborted connection 974529 to db: 'tianan_insurance' user: 'piibs' host: '10.80.40.14' (Got timeout reading communication packets)
2021-07-05T15:20:55.189260Z 975582 [Note] Aborted connection 975582 to db: 'tianan_insurance' user: 'piibs' host: '10.80.40.13' (Got timeout reading communication packets)
2021-07-05T15:21:03.381221Z 973230 [Note] Aborted connection 973230 to db: 'tianan_insurance' user: 'piibs' host: '10.80.40.14' (Got timeout reading communication packets)
2021-07-05T16:01:19.401806Z 0 [Note] InnoDB: Dumping buffer pool(s) to /data/mysql/data/ib_buffer_pool
2021-07-05T16:01:19.430080Z 0 [Note] InnoDB: Buffer pool(s) dump completed at 210706  0:01:19
2021-07-06T00:14:21.333237Z 977312 [Note] Aborted connection 977312 to db: 'tianan_insurance' user: 'piibs' host: '10.80.40.13' (Got timeout reading communication packets)
2021-07-06T00:15:26.869279Z 977316 [Note] Aborted connection 977316 to db: 'tianan_insurance' user: 'piibs' host: '10.80.40.14' (Got timeout reading communication packets)
2021-07-06T13:16:25.109163Z 979451 [Note] Aborted connection 979451 to db: 'tianan_insurance' user: 'piibs' host: '10.80.40.14' (Got timeout reading communication packets)
2021-07-06T13:32:31.765194Z 978033 [Note] Aborted connection 978033 to db: 'tianan_insurance' user: 'piibs' host: '10.80.40.13' (Got timeout reading communication packets)
2021-07-06T13:40:10.517239Z 978888 [Note] Aborted connection 978888 to db: 'tianan_insurance' user: 'piibs' host: '10.80.40.13' (Got timeout reading communication packets)
2021-07-06T13:49:43.957445Z 977712 [Note] Aborted connection 977712 to db: 'tianan_insurance' user: 'piibs' host: '10.80.40.14' (Got timeout reading communication packets)
2021-07-06T13:56:41.749351Z 979403 [Note] Aborted connection 979403 to db: 'tianan_insurance' user: 'piibs' host: '10.80.40.13' (Got timeout reading communication packets)
2021-07-06T14:02:34.005232Z 979384 [Note] Aborted connection 979384 to db: 'tianan_insurance' user: 'piibs' host: '10.80.40.14' (Got timeout reading communication packets)
2021-07-06T15:43:52.469189Z 980187 [Note] Aborted connection 980187 to db: 'tianan_insurance' user: 'piibs' host: '10.80.40.13' (Got timeout reading communication packets)
2021-07-06T15:43:52.469253Z 980189 [Note] Aborted connection 980189 to db: 'tianan_insurance' user: 'piibs' host: '10.80.40.14' (Got timeout reading communication packets)
2021-07-06T16:01:15.371007Z 0 [Note] InnoDB: Dumping buffer pool(s) to /data/mysql/data/ib_buffer_pool
2021-07-06T16:01:15.399134Z 0 [Note] InnoDB: Buffer pool(s) dump completed at 210707  0:01:15
2021-07-06T17:13:10.037243Z 980186 [Note] Aborted connection 980186 to db: 'tianan_insurance' user: 'piibs' host: '10.80.40.13' (Got timeout reading communication packets)
2021-07-06T17:24:13.589238Z 980432 [Note] Aborted connection 980432 to db: 'tianan_insurance' user: 'piibs' host: '10.80.40.14' (Got timeout reading communication packets)
2021-07-06T17:24:13.589329Z 980411 [Note] Aborted connection 980411 to db: 'tianan_insurance' user: 'piibs' host: '10.80.40.13' (Got timeout reading communication packets)
2021-07-06T17:24:21.781198Z 980188 [Note] Aborted connection 980188 to db: 'tianan_insurance' user: 'piibs' host: '10.80.40.14' (Got timeout reading communication packets)
2021-07-07T00:14:06.485178Z 981758 [Note] Aborted connection 981758 to db: 'tianan_insurance' user: 'piibs' host: '10.80.40.13' (Got timeout reading communication packets)
2021-07-07T00:15:04.341259Z 981759 [Note] Aborted connection 981759 to db: 'tianan_insurance' user: 'piibs' host: '10.80.40.14' (Got timeout reading communication packets)
2021-07-07T13:32:57.365176Z 982176 [Note] Aborted connection 982176 to db: 'tianan_insurance' user: 'piibs' host: '10.80.40.14' (Got timeout reading communication packets)
2021-07-07T14:06:32.597164Z 983530 [Note] Aborted connection 983530 to db: 'tianan_insurance' user: 'piibs' host: '10.80.40.13' (Got timeout reading communication packets)
2021-07-07T14:06:32.597176Z 983805 [Note] Aborted connection 983805 to db: 'tianan_insurance' user: 'piibs' host: '10.80.40.14' (Got timeout reading communication packets)
2021-07-07T14:06:32.597283Z 982363 [Note] Aborted connection 982363 to db: 'tianan_insurance' user: 'piibs' host: '10.80.40.13' (Got timeout reading communication packets)
2021-07-07T15:30:06.101188Z 982748 [Note] Aborted connection 982748 to db: 'tianan_insurance' user: 'piibs' host: '10.80.40.13' (Got timeout reading communication packets)
2021-07-07T15:30:22.485346Z 983220 [Note] Aborted connection 983220 to db: 'tianan_insurance' user: 'piibs' host: '10.80.40.14' (Got timeout reading communication packets)
2021-07-07T16:01:14.976940Z 0 [Note] InnoDB: Dumping buffer pool(s) to /data/mysql/data/ib_buffer_pool
2021-07-07T16:01:15.012591Z 0 [Note] InnoDB: Buffer pool(s) dump completed at 210708  0:01:15
2021-07-07T17:26:25.685258Z 984952 [Note] Aborted connection 984952 to db: 'tianan_insurance' user: 'piibs' host: '10.80.40.13' (Got timeout reading communication packets)
2021-07-08T00:13:01.461252Z 986205 [Note] Aborted connection 986205 to db: 'tianan_insurance' user: 'piibs' host: '10.80.40.13' (Got timeout reading communication packets)
2021-07-08T00:13:31.157275Z 986203 [Note] Aborted connection 986203 to db: 'tianan_insurance' user: 'piibs' host: '10.80.40.14' (Got timeout reading communication packets)
2021-07-08T12:42:51.925241Z 988531 [Note] Aborted connection 988531 to db: 'tianan_insurance' user: 'piibs' host: '10.80.40.14' (Got timeout reading communication packets)
2021-07-08T12:54:46.677295Z 988528 [Note] Aborted connection 988528 to db: 'tianan_insurance' user: 'piibs' host: '10.80.40.13' (Got timeout reading communication packets)
2021-07-08T12:56:55.701215Z 987728 [Note] Aborted connection 987728 to db: 'tianan_insurance' user: 'piibs' host: '10.80.40.13' (Got timeout reading communication packets)
2021-07-08T12:56:55.701245Z 987678 [Note] Aborted connection 987678 to db: 'tianan_insurance' user: 'piibs' host: '10.80.40.14' (Got timeout reading communication packets)
2021-07-08T13:56:51.989230Z 987929 [Note] Aborted connection 987929 to db: 'tianan_insurance' user: 'piibs' host: '10.80.40.13' (Got timeout reading communication packets)
2021-07-08T13:56:51.989243Z 986518 [Note] Aborted connection 986518 to db: 'tianan_insurance' user: 'piibs' host: '10.80.40.14' (Got timeout reading communication packets)
2021-07-08T16:01:37.674664Z 0 [Note] InnoDB: Dumping buffer pool(s) to /data/mysql/data/ib_buffer_pool
2021-07-08T16:01:37.703489Z 0 [Note] InnoDB: Buffer pool(s) dump completed at 210709  0:01:37
2021-07-08T16:14:45.909169Z 989185 [Note] Aborted connection 989185 to db: 'tianan_insurance' user: 'piibs' host: '10.80.40.14' (Got timeout reading communication packets)
2021-07-08T17:05:00.565217Z 988761 [Note] Aborted connection 988761 to db: 'tianan_insurance' user: 'piibs' host: '10.80.40.13' (Got timeout reading communication packets)
2021-07-08T17:08:33.557327Z 988760 [Note] Aborted connection 988760 to db: 'tianan_insurance' user: 'piibs' host: '10.80.40.14' (Got timeout reading communication packets)
2021-07-09T13:08:08.469282Z 992085 [Note] Aborted connection 992085 to db: 'tianan_insurance' user: 'piibs' host: '10.80.40.13' (Got timeout reading communication packets)
2021-07-09T13:40:29.973187Z 991570 [Note] Aborted connection 991570 to db: 'tianan_insurance' user: 'piibs' host: '10.80.40.14' (Got timeout reading communication packets)
2021-07-09T13:40:29.973280Z 992380 [Note] Aborted connection 992380 to db: 'tianan_insurance' user: 'piibs' host: '10.80.40.13' (Got timeout reading communication packets)
2021-07-09T13:40:38.165283Z 993023 [Note] Aborted connection 993023 to db: 'tianan_insurance' user: 'piibs' host: '10.80.40.14' (Got timeout reading communication packets)
2021-07-09T14:19:41.077139Z 993025 [Note] Aborted connection 993025 to db: 'tianan_insurance' user: 'piibs' host: '10.80.40.13' (Got timeout reading communication packets)
2021-07-09T14:27:36.213242Z 991370 [Note] Aborted connection 991370 to db: 'tianan_insurance' user: 'piibs' host: '10.80.40.14' (Got timeout reading communication packets)
2021-07-09T16:01:15.608834Z 0 [Note] InnoDB: Dumping buffer pool(s) to /data/mysql/data/ib_buffer_pool
2021-07-09T16:01:15.636760Z 0 [Note] InnoDB: Buffer pool(s) dump completed at 210710  0:01:15
2021-07-10T00:12:23.573372Z 995103 [Note] Aborted connection 995103 to db: 'tianan_insurance' user: 'piibs' host: '10.80.40.14' (Got timeout reading communication packets)
2021-07-10T00:13:52.149214Z 995101 [Note] Aborted connection 995101 to db: 'tianan_insurance' user: 'piibs' host: '10.80.40.13' (Got timeout reading communication packets)
2021-07-10T03:38:16.085135Z 995602 [Note] Aborted connection 995602 to db: 'tianan_insurance' user: 'piibs' host: '10.80.40.13' (Got timeout reading communication packets)
2021-07-10T05:39:55.157158Z 995600 [Note] Aborted connection 995600 to db: 'tianan_insurance' user: 'piibs' host: '10.80.40.14' (Got timeout reading communication packets)
2021-07-10T05:41:49.845286Z 995946 [Note] Aborted connection 995946 to db: 'tianan_insurance' user: 'piibs' host: '10.80.40.13' (Got timeout reading communication packets)
2021-07-10T06:01:13.109207Z 995595 [Note] Aborted connection 995595 to db: 'tianan_insurance' user: 'piibs' host: '10.80.40.14' (Got timeout reading communication packets)
2021-07-10T06:17:03.381198Z 995742 [Note] Aborted connection 995742 to db: 'tianan_insurance' user: 'piibs' host: '10.80.40.13' (Got timeout reading communication packets)
2021-07-10T10:06:42.325214Z 996399 [Note] Aborted connection 996399 to db: 'tianan_insurance' user: 'piibs' host: '10.80.40.14' (Got timeout reading communication packets)
2021-07-10T10:49:18.229190Z 995597 [Note] Aborted connection 995597 to db: 'tianan_insurance' user: 'piibs' host: '10.80.40.13' (Got timeout reading communication packets)
2021-07-10T10:49:34.613239Z 995732 [Note] Aborted connection 995732 to db: 'tianan_insurance' user: 'piibs' host: '10.80.40.14' (Got timeout reading communication packets)
2021-07-10T10:49:34.613278Z 996437 [Note] Aborted connection 996437 to db: 'tianan_insurance' user: 'piibs' host: '10.80.40.13' (Got timeout reading communication packets)
2021-07-10T12:21:36.021200Z 996756 [Note] Aborted connection 996756 to db: 'tianan_insurance' user: 'piibs' host: '10.80.40.14' (Got timeout reading communication packets)
2021-07-10T13:17:51.125366Z 997265 [Note] Aborted connection 997265 to db: 'tianan_insurance' user: 'piibs' host: '10.80.40.14' (Got timeout reading communication packets)
2021-07-10T13:17:51.125378Z 997305 [Note] Aborted connection 997305 to db: 'tianan_insurance' user: 'piibs' host: '10.80.40.13' (Got timeout reading communication packets)
2021-07-10T14:22:04.437211Z 997357 [Note] Aborted connection 997357 to db: 'tianan_insurance' user: 'piibs' host: '10.80.40.14' (Got timeout reading communication packets)
2021-07-10T14:35:52.853206Z 997730 [Note] Aborted connection 997730 to db: 'tianan_insurance' user: 'piibs' host: '10.80.40.14' (Got timeout reading communication packets)
2021-07-10T14:35:52.853232Z 996765 [Note] Aborted connection 996765 to db: 'tianan_insurance' user: 'piibs' host: '10.80.40.13' (Got timeout reading communication packets)
2021-07-10T15:52:08.085249Z 998009 [Note] Aborted connection 998009 to db: 'tianan_insurance' user: 'piibs' host: '10.80.40.14' (Got timeout reading communication packets)
2021-07-10T15:52:08.085267Z 998010 [Note] Aborted connection 998010 to db: 'tianan_insurance' user: 'piibs' host: '10.80.40.13' (Got timeout reading communication packets)
2021-07-10T16:01:08.690117Z 0 [Note] InnoDB: Dumping buffer pool(s) to /data/mysql/data/ib_buffer_pool
2021-07-10T16:01:08.717306Z 0 [Note] InnoDB: Buffer pool(s) dump completed at 210711  0:01:08
2021-07-10T16:04:45.845203Z 998008 [Note] Aborted connection 998008 to db: 'tianan_insurance' user: 'piibs' host: '10.80.40.14' (Got timeout reading communication packets)
2021-07-11T03:07:38.006199Z 1000048 [Note] Aborted connection 1000048 to db: 'tianan_insurance' user: 'piibs' host: '10.80.40.14' (Got timeout reading communication packets)
2021-07-11T04:09:24.885211Z 1000281 [Note] Aborted connection 1000281 to db: 'tianan_insurance' user: 'piibs' host: '10.80.40.14' (Got timeout reading communication packets)
2021-07-11T04:29:04.533225Z 1000080 [Note] Aborted connection 1000080 to db: 'tianan_insurance' user: 'piibs' host: '10.80.40.13' (Got timeout reading communication packets)
2021-07-11T04:58:34.005134Z 1000081 [Note] Aborted connection 1000081 to db: 'tianan_insurance' user: 'piibs' host: '10.80.40.14' (Got timeout reading communication packets)
2021-07-11T05:00:57.365237Z 1000049 [Note] Aborted connection 1000049 to db: 'tianan_insurance' user: 'piibs' host: '10.80.40.13' (Got timeout reading communication packets)
2021-07-11T06:03:33.397301Z 1000636 [Note] Aborted connection 1000636 to db: 'tianan_insurance' user: 'piibs' host: '10.80.40.14' (Got timeout reading communication packets)
2021-07-11T06:03:33.397339Z 1000637 [Note] Aborted connection 1000637 to db: 'tianan_insurance' user: 'piibs' host: '10.80.40.13' (Got timeout reading communication packets)
2021-07-11T06:03:47.221266Z 1000638 [Note] Aborted connection 1000638 to db: 'tianan_insurance' user: 'piibs' host: '10.80.40.13' (Got timeout reading communication packets)
2021-07-11T06:03:55.413336Z 1000635 [Note] Aborted connection 1000635 to db: 'tianan_insurance' user: 'piibs' host: '10.80.40.14' (Got timeout reading communication packets)
2021-07-11T08:34:22.485295Z 1001091 [Note] Aborted connection 1001091 to db: 'tianan_insurance' user: 'piibs' host: '10.80.40.14' (Got timeout reading communication packets)
2021-07-11T09:08:22.293225Z 1001187 [Note] Aborted connection 1001187 to db: 'tianan_insurance' user: 'piibs' host: '10.80.40.13' (Got timeout reading communication packets)
2021-07-11T10:53:37.301312Z 1001531 [Note] Aborted connection 1001531 to db: 'tianan_insurance' user: 'piibs' host: '10.80.40.14' (Got timeout reading communication packets)
2021-07-11T10:53:49.589216Z 1000909 [Note] Aborted connection 1000909 to db: 'tianan_insurance' user: 'piibs' host: '10.80.40.14' (Got timeout reading communication packets)
2021-07-11T10:53:49.589234Z 1000906 [Note] Aborted connection 1000906 to db: 'tianan_insurance' user: 'piibs' host: '10.80.40.13' (Got timeout reading communication packets)
2021-07-11T11:07:45.173303Z 1000907 [Note] Aborted connection 1000907 to db: 'tianan_insurance' user: 'piibs' host: '10.80.40.13' (Got timeout reading communication packets)
2021-07-11T11:18:07.765269Z 1000908 [Note] Aborted connection 1000908 to db: 'tianan_insurance' user: 'piibs' host: '10.80.40.14' (Got timeout reading communication packets)
2021-07-11T13:35:12.533206Z 1001969 [Note] Aborted connection 1001969 to db: 'tianan_insurance' user: 'piibs' host: '10.80.40.14' (Got timeout reading communication packets)
2021-07-11T13:39:34.677302Z 1001916 [Note] Aborted connection 1001916 to db: 'tianan_insurance' user: 'piibs' host: '10.80.40.13' (Got timeout reading communication packets)
2021-07-11T13:39:51.061123Z 1001917 [Note] Aborted connection 1001917 to db: 'tianan_insurance' user: 'piibs' host: '10.80.40.13' (Got timeout reading communication packets)
2021-07-11T13:43:30.197255Z 1002037 [Note] Aborted connection 1002037 to db: 'tianan_insurance' user: 'piibs' host: '10.80.40.14' (Got timeout reading communication packets)
2021-07-11T14:58:30.165189Z 1002295 [Note] Aborted connection 1002295 to db: 'tianan_insurance' user: 'piibs' host: '10.80.40.13' (Got timeout reading communication packets)
2021-07-11T14:59:46.453373Z 1002298 [Note] Aborted connection 1002298 to db: 'tianan_insurance' user: 'piibs' host: '10.80.40.14' (Got timeout reading communication packets)
2021-07-11T16:01:02.893145Z 0 [Note] InnoDB: Dumping buffer pool(s) to /data/mysql/data/ib_buffer_pool
2021-07-11T16:01:02.922752Z 0 [Note] InnoDB: Buffer pool(s) dump completed at 210712  0:01:02
2021-07-11T16:32:42.133213Z 1002297 [Note] Aborted connection 1002297 to db: 'tianan_insurance' user: 'piibs' host: '10.80.40.14' (Got timeout reading communication packets)
2021-07-11T16:32:42.133230Z 1002294 [Note] Aborted connection 1002294 to db: 'tianan_insurance' user: 'piibs' host: '10.80.40.13' (Got timeout reading communication packets)
2021-07-12T13:01:26.037176Z 1005938 [Note] Aborted connection 1005938 to db: 'tianan_insurance' user: 'piibs' host: '10.80.40.14' (Got timeout reading communication packets)
2021-07-12T13:39:11.125171Z 1004722 [Note] Aborted connection 1004722 to db: 'tianan_insurance' user: 'piibs' host: '10.80.40.13' (Got timeout reading communication packets)
2021-07-12T14:09:08.245260Z 1005840 [Note] Aborted connection 1005840 to db: 'tianan_insurance' user: 'piibs' host: '10.80.40.14' (Got timeout reading communication packets)
2021-07-12T14:09:13.365276Z 1005537 [Note] Aborted connection 1005537 to db: 'tianan_insurance' user: 'piibs' host: '10.80.40.13' (Got timeout reading communication packets)
2021-07-12T14:44:43.285173Z 1004617 [Note] Aborted connection 1004617 to db: 'tianan_insurance' user: 'piibs' host: '10.80.40.14' (Got timeout reading communication packets)
2021-07-12T15:17:04.789221Z 1004607 [Note] Aborted connection 1004607 to db: 'tianan_insurance' user: 'piibs' host: '10.80.40.13' (Got timeout reading communication packets)
2021-07-12T16:01:15.188960Z 0 [Note] InnoDB: Dumping buffer pool(s) to /data/mysql/data/ib_buffer_pool
2021-07-12T16:01:15.217195Z 0 [Note] InnoDB: Buffer pool(s) dump completed at 210713  0:01:15
2021-07-12T17:45:29.493318Z 1007255 [Note] Aborted connection 1007255 to db: 'tianan_insurance' user: 'piibs' host: '10.80.40.14' (Got timeout reading communication packets)
2021-07-13T00:15:17.653225Z 1008449 [Note] Aborted connection 1008449 to db: 'tianan_insurance' user: 'piibs' host: '10.80.40.14' (Got timeout reading communication packets)
2021-07-13T00:34:49.109186Z 1008448 [Note] Aborted connection 1008448 to db: 'tianan_insurance' user: 'piibs' host: '10.80.40.13' (Got timeout reading communication packets)
2021-07-13T13:01:43.445226Z 1010016 [Note] Aborted connection 1010016 to db: 'tianan_insurance' user: 'piibs' host: '10.80.40.14' (Got timeout reading communication packets)
2021-07-13T13:02:05.973266Z 1010457 [Note] Aborted connection 1010457 to db: 'tianan_insurance' user: 'piibs' host: '10.80.40.13' (Got timeout reading communication packets)
2021-07-13T14:29:02.229252Z 1010029 [Note] Aborted connection 1010029 to db: 'tianan_insurance' user: 'piibs' host: '10.80.40.14' (Got timeout reading communication packets)
2021-07-13T15:04:15.765212Z 1009372 [Note] Aborted connection 1009372 to db: 'tianan_insurance' user: 'piibs' host: '10.80.40.14' (Got timeout reading communication packets)
2021-07-13T16:01:14.431141Z 0 [Note] InnoDB: Dumping buffer pool(s) to /data/mysql/data/ib_buffer_pool
2021-07-13T16:01:14.459798Z 0 [Note] InnoDB: Buffer pool(s) dump completed at 210714  0:01:14
2021-07-13T16:12:48.149220Z 1010121 [Note] Aborted connection 1010121 to db: 'tianan_insurance' user: 'piibs' host: '10.80.40.13' (Got timeout reading communication packets)
2021-07-13T16:28:05.653240Z 1010980 [Note] Aborted connection 1010980 to db: 'tianan_insurance' user: 'piibs' host: '10.80.40.14' (Got timeout reading communication packets)
2021-07-13T17:21:04.149231Z 1008829 [Note] Aborted connection 1008829 to db: 'tianan_insurance' user: 'piibs' host: '10.80.40.13' (Got timeout reading communication packets)
2021-07-13T17:21:09.269321Z 1011621 [Note] Aborted connection 1011621 to db: 'tianan_insurance' user: 'piibs' host: '10.80.40.14' (Got timeout reading communication packets)
2021-07-13T17:21:20.533295Z 1011420 [Note] Aborted connection 1011420 to db: 'tianan_insurance' user: 'piibs' host: '10.80.40.13' (Got timeout reading communication packets)
2021-07-13T17:21:20.533303Z 1011390 [Note] Aborted connection 1011390 to db: 'tianan_insurance' user: 'piibs' host: '10.80.40.14' (Got timeout reading communication packets)
2021-07-14T12:38:42.070933Z 1014082 [Note] Aborted connection 1014082 to db: 'tianan_insurance' user: 'piibs' host: '10.80.40.14' (Got timeout reading communication packets)
2021-07-14T13:01:36.277221Z 1014844 [Note] Aborted connection 1014844 to db: 'tianan_insurance' user: 'piibs' host: '10.80.40.13' (Got timeout reading communication packets)
2021-07-14T13:01:48.565182Z 1015029 [Note] Aborted connection 1015029 to db: 'tianan_insurance' user: 'piibs' host: '10.80.40.14' (Got timeout reading communication packets)
2021-07-14T13:01:48.565356Z 1014671 [Note] Aborted connection 1014671 to db: 'tianan_insurance' user: 'piibs' host: '10.80.40.13' (Got timeout reading communication packets)
2021-07-14T13:02:37.717282Z 1014663 [Note] Aborted connection 1014663 to db: 'tianan_insurance' user: 'piibs' host: '10.80.40.14' (Got timeout reading communication packets)
2021-07-14T13:05:46.133438Z 1014455 [Note] Aborted connection 1014455 to db: 'tianan_insurance' user: 'piibs' host: '10.80.40.13' (Got timeout reading communication packets)
2021-07-14T14:11:10.101212Z 1015489 [Note] Aborted connection 1015489 to db: 'tianan_insurance' user: 'piibs' host: '10.80.40.14' (Got timeout reading communication packets)
2021-07-14T14:11:10.101270Z 1015490 [Note] Aborted connection 1015490 to db: 'tianan_insurance' user: 'piibs' host: '10.80.40.14' (Got timeout reading communication packets)
2021-07-14T16:01:18.415268Z 0 [Note] InnoDB: Dumping buffer pool(s) to /data/mysql/data/ib_buffer_pool
2021-07-14T16:01:18.443077Z 0 [Note] InnoDB: Buffer pool(s) dump completed at 210715  0:01:18
2021-07-15T00:13:25.525313Z 1017342 [Note] Aborted connection 1017342 to db: 'tianan_insurance' user: 'piibs' host: '10.80.40.13' (Got timeout reading communication packets)
2021-07-15T00:16:37.525268Z 1017341 [Note] Aborted connection 1017341 to db: 'tianan_insurance' user: 'piibs' host: '10.80.40.14' (Got timeout reading communication packets)
2021-07-15T09:31:29.773049Z 1019487 [Note] Access denied for user 'root'@'localhost' (using password: NO)
